CRITICAL - 2023-06-27 16:31:36 --> Undefined variable $submenu1
in APPPATH\Views\dashboard\index.php on line 258.
 1 APPPATH\Views\dashboard\index.php(258): CodeIgniter\Debug\Exceptions->errorHandler(2, 'Undefined variable $submenu1', 'APPPATH\\Views\\dashboard\\index.php', 258)
 2 SYSTEMPATH\View\View.php(213): include('APPPATH\\Views\\dashboard\\index.php')
 3 SYSTEMPATH\View\View.php(216): CodeIgniter\View\View->CodeIgniter\View\{closure}()
 4 SYSTEMPATH\View\View.php(229): CodeIgniter\View\View->render('dashboard/index', [], true)
 5 SYSTEMPATH\Common.php(1142): CodeIgniter\View\View->render('tbdisc/index', [], true)
 6 APPPATH\Controllers\Tbdisc.php(25): view('tbdisc/index', [...])
 7 SYSTEMPATH\CodeIgniter.php(904): App\Controllers\Tbdisc->index()
 8 SYSTEMPATH\CodeIgniter.php(457): CodeIgniter\CodeIgniter->runController(Object(App\Controllers\Tbdisc))
 9 SYSTEMPATH\CodeIgniter.php(340): CodeIgniter\CodeIgniter->handleRequest(null, Object(Config\Cache), false)
10 FCPATH\index.php(67): CodeIgniter\CodeIgniter->run()
11 SYSTEMPATH\Commands\Server\rewrite.php(43): require_once('FCPATH\\index.php')
CRITICAL - 2023-06-27 16:34:46 --> Undefined variable $submenu1
in APPPATH\Views\dashboard\index.php on line 258.
 1 APPPATH\Views\dashboard\index.php(258): CodeIgniter\Debug\Exceptions->errorHandler(2, 'Undefined variable $submenu1', 'APPPATH\\Views\\dashboard\\index.php', 258)
 2 SYSTEMPATH\View\View.php(213): include('APPPATH\\Views\\dashboard\\index.php')
 3 SYSTEMPATH\View\View.php(216): CodeIgniter\View\View->CodeIgniter\View\{closure}()
 4 SYSTEMPATH\View\View.php(229): CodeIgniter\View\View->render('dashboard/index', [], true)
 5 SYSTEMPATH\Common.php(1142): CodeIgniter\View\View->render('tbdisc/index', [], true)
 6 APPPATH\Controllers\Tbdisc.php(25): view('tbdisc/index', [...])
 7 SYSTEMPATH\CodeIgniter.php(904): App\Controllers\Tbdisc->index()
 8 SYSTEMPATH\CodeIgniter.php(457): CodeIgniter\CodeIgniter->runController(Object(App\Controllers\Tbdisc))
 9 SYSTEMPATH\CodeIgniter.php(340): CodeIgniter\CodeIgniter->handleRequest(null, Object(Config\Cache), false)
10 FCPATH\index.php(67): CodeIgniter\CodeIgniter->run()
11 SYSTEMPATH\Commands\Server\rewrite.php(43): require_once('FCPATH\\index.php')
CRITICAL - 2023-06-27 16:35:20 --> Undefined variable $submenu1
in APPPATH\Views\dashboard\index.php on line 258.
 1 APPPATH\Views\dashboard\index.php(258): CodeIgniter\Debug\Exceptions->errorHandler(2, 'Undefined variable $submenu1', 'APPPATH\\Views\\dashboard\\index.php', 258)
 2 SYSTEMPATH\View\View.php(213): include('APPPATH\\Views\\dashboard\\index.php')
 3 SYSTEMPATH\View\View.php(216): CodeIgniter\View\View->CodeIgniter\View\{closure}()
 4 SYSTEMPATH\View\View.php(229): CodeIgniter\View\View->render('dashboard/index', [], true)
 5 SYSTEMPATH\Common.php(1142): CodeIgniter\View\View->render('tbbarang/index', [], true)
 6 APPPATH\Controllers\Tbbarang.php(35): view('tbbarang/index', [...])
 7 SYSTEMPATH\CodeIgniter.php(904): App\Controllers\Tbbarang->index()
 8 SYSTEMPATH\CodeIgniter.php(457): CodeIgniter\CodeIgniter->runController(Object(App\Controllers\Tbbarang))
 9 SYSTEMPATH\CodeIgniter.php(340): CodeIgniter\CodeIgniter->handleRequest(null, Object(Config\Cache), false)
10 FCPATH\index.php(67): CodeIgniter\CodeIgniter->run()
11 SYSTEMPATH\Commands\Server\rewrite.php(43): require_once('FCPATH\\index.php')
CRITICAL - 2023-06-27 16:36:43 --> Undefined variable $submenu1
in APPPATH\Views\dashboard\index.php on line 254.
 1 APPPATH\Views\dashboard\index.php(254): CodeIgniter\Debug\Exceptions->errorHandler(2, 'Undefined variable $submenu1', 'APPPATH\\Views\\dashboard\\index.php', 254)
 2 SYSTEMPATH\View\View.php(213): include('APPPATH\\Views\\dashboard\\index.php')
 3 SYSTEMPATH\View\View.php(216): CodeIgniter\View\View->CodeIgniter\View\{closure}()
 4 SYSTEMPATH\View\View.php(229): CodeIgniter\View\View->render('dashboard/index', [], true)
 5 SYSTEMPATH\Common.php(1142): CodeIgniter\View\View->render('tbmodule/index', [], true)
 6 APPPATH\Controllers\Tbmodule.php(23): view('tbmodule/index', [...])
 7 SYSTEMPATH\CodeIgniter.php(904): App\Controllers\Tbmodule->index()
 8 SYSTEMPATH\CodeIgniter.php(457): CodeIgniter\CodeIgniter->runController(Object(App\Controllers\Tbmodule))
 9 SYSTEMPATH\CodeIgniter.php(340): CodeIgniter\CodeIgniter->handleRequest(null, Object(Config\Cache), false)
10 FCPATH\index.php(67): CodeIgniter\CodeIgniter->run()
11 SYSTEMPATH\Commands\Server\rewrite.php(43): require_once('FCPATH\\index.php')
CRITICAL - 2023-06-27 16:39:10 --> Undefined variable $submenu1
in APPPATH\Views\dashboard\index.php on line 257.
 1 APPPATH\Views\dashboard\index.php(257): CodeIgniter\Debug\Exceptions->errorHandler(2, 'Undefined variable $submenu1', 'APPPATH\\Views\\dashboard\\index.php', 257)
 2 SYSTEMPATH\View\View.php(213): include('APPPATH\\Views\\dashboard\\index.php')
 3 SYSTEMPATH\View\View.php(216): CodeIgniter\View\View->CodeIgniter\View\{closure}()
 4 SYSTEMPATH\View\View.php(229): CodeIgniter\View\View->render('dashboard/index', [], true)
 5 SYSTEMPATH\Common.php(1142): CodeIgniter\View\View->render('tbmodule/index', [], true)
 6 APPPATH\Controllers\Tbmodule.php(23): view('tbmodule/index', [...])
 7 SYSTEMPATH\CodeIgniter.php(904): App\Controllers\Tbmodule->index()
 8 SYSTEMPATH\CodeIgniter.php(457): CodeIgniter\CodeIgniter->runController(Object(App\Controllers\Tbmodule))
 9 SYSTEMPATH\CodeIgniter.php(340): CodeIgniter\CodeIgniter->handleRequest(null, Object(Config\Cache), false)
10 FCPATH\index.php(67): CodeIgniter\CodeIgniter->run()
11 SYSTEMPATH\Commands\Server\rewrite.php(43): require_once('FCPATH\\index.php')
