CRITICAL - 2022-11-12 10:02:28 --> Undefined property: App\Controllers\Wo::$tbagamaModel
in APPPATH\Controllers\Wo.php on line 80.
 1 APPPATH\Controllers\Wo.php(80): CodeIgniter\Debug\Exceptions->errorHandler(2, 'Undefined property: App\\Controllers\\Wo::$tbagamaModel', 'APPPATH\\Controllers\\Wo.php', 80)
 2 SYSTEMPATH\CodeIgniter.php(904): App\Controllers\Wo->formtambah()
 3 SYSTEMPATH\CodeIgniter.php(457): CodeIgniter\CodeIgniter->runController(Object(App\Controllers\Wo))
 4 SYSTEMPATH\CodeIgniter.php(340): CodeIgniter\CodeIgniter->handleRequest(null, Object(Config\Cache), false)
 5 FCPATH\index.php(67): CodeIgniter\CodeIgniter->run()
 6 SYSTEMPATH\Commands\Server\rewrite.php(43): require_once('FCPATH\\index.php')
CRITICAL - 2022-11-12 10:06:20 --> Undefined property: App\Controllers\Wo::$tbagamaModel
in APPPATH\Controllers\Wo.php on line 80.
 1 APPPATH\Controllers\Wo.php(80): CodeIgniter\Debug\Exceptions->errorHandler(2, 'Undefined property: App\\Controllers\\Wo::$tbagamaModel', 'APPPATH\\Controllers\\Wo.php', 80)
 2 SYSTEMPATH\CodeIgniter.php(904): App\Controllers\Wo->formtambah()
 3 SYSTEMPATH\CodeIgniter.php(457): CodeIgniter\CodeIgniter->runController(Object(App\Controllers\Wo))
 4 SYSTEMPATH\CodeIgniter.php(340): CodeIgniter\CodeIgniter->handleRequest(null, Object(Config\Cache), false)
 5 FCPATH\index.php(67): CodeIgniter\CodeIgniter->run()
 6 SYSTEMPATH\Commands\Server\rewrite.php(43): require_once('FCPATH\\index.php')
CRITICAL - 2022-11-12 10:10:20 --> Undefined property: App\Controllers\Wo::$tbagamaModel
in APPPATH\Controllers\Wo.php on line 80.
 1 APPPATH\Controllers\Wo.php(80): CodeIgniter\Debug\Exceptions->errorHandler(2, 'Undefined property: App\\Controllers\\Wo::$tbagamaModel', 'APPPATH\\Controllers\\Wo.php', 80)
 2 SYSTEMPATH\CodeIgniter.php(904): App\Controllers\Wo->formtambah()
 3 SYSTEMPATH\CodeIgniter.php(457): CodeIgniter\CodeIgniter->runController(Object(App\Controllers\Wo))
 4 SYSTEMPATH\CodeIgniter.php(340): CodeIgniter\CodeIgniter->handleRequest(null, Object(Config\Cache), false)
 5 FCPATH\index.php(67): CodeIgniter\CodeIgniter->run()
 6 SYSTEMPATH\Commands\Server\rewrite.php(43): require_once('FCPATH\\index.php')
CRITICAL - 2022-11-12 10:10:26 --> Undefined property: App\Controllers\Wo::$tbagamaModel
in APPPATH\Controllers\Wo.php on line 80.
 1 APPPATH\Controllers\Wo.php(80): CodeIgniter\Debug\Exceptions->errorHandler(2, 'Undefined property: App\\Controllers\\Wo::$tbagamaModel', 'APPPATH\\Controllers\\Wo.php', 80)
 2 SYSTEMPATH\CodeIgniter.php(904): App\Controllers\Wo->formtambah()
 3 SYSTEMPATH\CodeIgniter.php(457): CodeIgniter\CodeIgniter->runController(Object(App\Controllers\Wo))
 4 SYSTEMPATH\CodeIgniter.php(340): CodeIgniter\CodeIgniter->handleRequest(null, Object(Config\Cache), false)
 5 FCPATH\index.php(67): CodeIgniter\CodeIgniter->run()
 6 SYSTEMPATH\Commands\Server\rewrite.php(43): require_once('FCPATH\\index.php')
CRITICAL - 2022-11-12 10:15:26 --> Undefined variable $etimasi
in APPPATH\Views\wo\modaltambah.php on line 26.
 1 APPPATH\Views\wo\modaltambah.php(26): CodeIgniter\Debug\Exceptions->errorHandler(2, 'Undefined variable $etimasi', 'APPPATH\\Views\\wo\\modaltambah.php', 26)
 2 SYSTEMPATH\View\View.php(213): include('APPPATH\\Views\\wo\\modaltambah.php')
 3 SYSTEMPATH\View\View.php(216): CodeIgniter\View\View->CodeIgniter\View\{closure}()
 4 SYSTEMPATH\Common.php(1142): CodeIgniter\View\View->render('wo/modaltambah', [], true)
 5 APPPATH\Controllers\Wo.php(87): view('wo/modaltambah', [...])
 6 SYSTEMPATH\CodeIgniter.php(904): App\Controllers\Wo->formtambah()
 7 SYSTEMPATH\CodeIgniter.php(457): CodeIgniter\CodeIgniter->runController(Object(App\Controllers\Wo))
 8 SYSTEMPATH\CodeIgniter.php(340): CodeIgniter\CodeIgniter->handleRequest(null, Object(Config\Cache), false)
 9 FCPATH\index.php(67): CodeIgniter\CodeIgniter->run()
10 SYSTEMPATH\Commands\Server\rewrite.php(43): require_once('FCPATH\\index.php')
CRITICAL - 2022-11-12 10:15:44 --> Undefined variable $etimasi
in APPPATH\Views\wo\modaltambah.php on line 26.
 1 APPPATH\Views\wo\modaltambah.php(26): CodeIgniter\Debug\Exceptions->errorHandler(2, 'Undefined variable $etimasi', 'APPPATH\\Views\\wo\\modaltambah.php', 26)
 2 SYSTEMPATH\View\View.php(213): include('APPPATH\\Views\\wo\\modaltambah.php')
 3 SYSTEMPATH\View\View.php(216): CodeIgniter\View\View->CodeIgniter\View\{closure}()
 4 SYSTEMPATH\Common.php(1142): CodeIgniter\View\View->render('wo/modaltambah', [], true)
 5 APPPATH\Controllers\Wo.php(87): view('wo/modaltambah', [...])
 6 SYSTEMPATH\CodeIgniter.php(904): App\Controllers\Wo->formtambah()
 7 SYSTEMPATH\CodeIgniter.php(457): CodeIgniter\CodeIgniter->runController(Object(App\Controllers\Wo))
 8 SYSTEMPATH\CodeIgniter.php(340): CodeIgniter\CodeIgniter->handleRequest(null, Object(Config\Cache), false)
 9 FCPATH\index.php(67): CodeIgniter\CodeIgniter->run()
10 SYSTEMPATH\Commands\Server\rewrite.php(43): require_once('FCPATH\\index.php')
CRITICAL - 2022-11-12 10:15:50 --> Undefined variable $etimasi
in APPPATH\Views\wo\modaltambah.php on line 26.
 1 APPPATH\Views\wo\modaltambah.php(26): CodeIgniter\Debug\Exceptions->errorHandler(2, 'Undefined variable $etimasi', 'APPPATH\\Views\\wo\\modaltambah.php', 26)
 2 SYSTEMPATH\View\View.php(213): include('APPPATH\\Views\\wo\\modaltambah.php')
 3 SYSTEMPATH\View\View.php(216): CodeIgniter\View\View->CodeIgniter\View\{closure}()
 4 SYSTEMPATH\Common.php(1142): CodeIgniter\View\View->render('wo/modaltambah', [], true)
 5 APPPATH\Controllers\Wo.php(87): view('wo/modaltambah', [...])
 6 SYSTEMPATH\CodeIgniter.php(904): App\Controllers\Wo->formtambah()
 7 SYSTEMPATH\CodeIgniter.php(457): CodeIgniter\CodeIgniter->runController(Object(App\Controllers\Wo))
 8 SYSTEMPATH\CodeIgniter.php(340): CodeIgniter\CodeIgniter->handleRequest(null, Object(Config\Cache), false)
 9 FCPATH\index.php(67): CodeIgniter\CodeIgniter->run()
10 SYSTEMPATH\Commands\Server\rewrite.php(43): require_once('FCPATH\\index.php')
CRITICAL - 2022-11-12 10:17:26 --> Undefined variable $etimasi
in APPPATH\Views\wo\modaltambah.php on line 26.
 1 APPPATH\Views\wo\modaltambah.php(26): CodeIgniter\Debug\Exceptions->errorHandler(2, 'Undefined variable $etimasi', 'APPPATH\\Views\\wo\\modaltambah.php', 26)
 2 SYSTEMPATH\View\View.php(213): include('APPPATH\\Views\\wo\\modaltambah.php')
 3 SYSTEMPATH\View\View.php(216): CodeIgniter\View\View->CodeIgniter\View\{closure}()
 4 SYSTEMPATH\Common.php(1142): CodeIgniter\View\View->render('wo/modaltambah', [], true)
 5 APPPATH\Controllers\Wo.php(87): view('wo/modaltambah', [...])
 6 SYSTEMPATH\CodeIgniter.php(904): App\Controllers\Wo->formtambah()
 7 SYSTEMPATH\CodeIgniter.php(457): CodeIgniter\CodeIgniter->runController(Object(App\Controllers\Wo))
 8 SYSTEMPATH\CodeIgniter.php(340): CodeIgniter\CodeIgniter->handleRequest(null, Object(Config\Cache), false)
 9 FCPATH\index.php(67): CodeIgniter\CodeIgniter->run()
10 SYSTEMPATH\Commands\Server\rewrite.php(43): require_once('FCPATH\\index.php')
CRITICAL - 2022-11-12 10:17:53 --> Undefined property: stdClass::$noestimasi
in APPPATH\Views\wo\modaltambah.php on line 27.
 1 APPPATH\Views\wo\modaltambah.php(27): CodeIgniter\Debug\Exceptions->errorHandler(2, 'Undefined property: stdClass::$noestimasi', 'APPPATH\\Views\\wo\\modaltambah.php', 27)
 2 SYSTEMPATH\View\View.php(213): include('APPPATH\\Views\\wo\\modaltambah.php')
 3 SYSTEMPATH\View\View.php(216): CodeIgniter\View\View->CodeIgniter\View\{closure}()
 4 SYSTEMPATH\Common.php(1142): CodeIgniter\View\View->render('wo/modaltambah', [], true)
 5 APPPATH\Controllers\Wo.php(87): view('wo/modaltambah', [...])
 6 SYSTEMPATH\CodeIgniter.php(904): App\Controllers\Wo->formtambah()
 7 SYSTEMPATH\CodeIgniter.php(457): CodeIgniter\CodeIgniter->runController(Object(App\Controllers\Wo))
 8 SYSTEMPATH\CodeIgniter.php(340): CodeIgniter\CodeIgniter->handleRequest(null, Object(Config\Cache), false)
 9 FCPATH\index.php(67): CodeIgniter\CodeIgniter->run()
10 SYSTEMPATH\Commands\Server\rewrite.php(43): require_once('FCPATH\\index.php')
CRITICAL - 2022-11-12 10:19:13 --> Undefined property: stdClass::$noestimasi
in APPPATH\Views\wo\modaltambah.php on line 27.
 1 APPPATH\Views\wo\modaltambah.php(27): CodeIgniter\Debug\Exceptions->errorHandler(2, 'Undefined property: stdClass::$noestimasi', 'APPPATH\\Views\\wo\\modaltambah.php', 27)
 2 SYSTEMPATH\View\View.php(213): include('APPPATH\\Views\\wo\\modaltambah.php')
 3 SYSTEMPATH\View\View.php(216): CodeIgniter\View\View->CodeIgniter\View\{closure}()
 4 SYSTEMPATH\Common.php(1142): CodeIgniter\View\View->render('wo/modaltambah', [], true)
 5 APPPATH\Controllers\Wo.php(87): view('wo/modaltambah', [...])
 6 SYSTEMPATH\CodeIgniter.php(904): App\Controllers\Wo->formtambah()
 7 SYSTEMPATH\CodeIgniter.php(457): CodeIgniter\CodeIgniter->runController(Object(App\Controllers\Wo))
 8 SYSTEMPATH\CodeIgniter.php(340): CodeIgniter\CodeIgniter->handleRequest(null, Object(Config\Cache), false)
 9 FCPATH\index.php(67): CodeIgniter\CodeIgniter->run()
10 SYSTEMPATH\Commands\Server\rewrite.php(43): require_once('FCPATH\\index.php')
CRITICAL - 2022-11-12 13:39:39 --> Undefined property: App\Controllers\Wo::$tbagamaModel
in APPPATH\Controllers\Wo.php on line 191.
 1 APPPATH\Controllers\Wo.php(191): CodeIgniter\Debug\Exceptions->errorHandler(2, 'Undefined property: App\\Controllers\\Wo::$tbagamaModel', 'APPPATH\\Controllers\\Wo.php', 191)
 2 SYSTEMPATH\CodeIgniter.php(904): App\Controllers\Wo->formedit()
 3 SYSTEMPATH\CodeIgniter.php(457): CodeIgniter\CodeIgniter->runController(Object(App\Controllers\Wo))
 4 SYSTEMPATH\CodeIgniter.php(340): CodeIgniter\CodeIgniter->handleRequest(null, Object(Config\Cache), false)
 5 FCPATH\index.php(67): CodeIgniter\CodeIgniter->run()
 6 SYSTEMPATH\Commands\Server\rewrite.php(43): require_once('FCPATH\\index.php')
CRITICAL - 2022-11-12 13:41:10 --> Undefined variable $tbcustomer
in APPPATH\Views\wo\modaledit.php on line 11.
 1 APPPATH\Views\wo\modaledit.php(11): CodeIgniter\Debug\Exceptions->errorHandler(2, 'Undefined variable $tbcustomer', 'APPPATH\\Views\\wo\\modaledit.php', 11)
 2 SYSTEMPATH\View\View.php(213): include('APPPATH\\Views\\wo\\modaledit.php')
 3 SYSTEMPATH\View\View.php(216): CodeIgniter\View\View->CodeIgniter\View\{closure}()
 4 SYSTEMPATH\Common.php(1142): CodeIgniter\View\View->render('wo/modaledit', [], true)
 5 APPPATH\Controllers\Wo.php(199): view('wo/modaledit', [...])
 6 SYSTEMPATH\CodeIgniter.php(904): App\Controllers\Wo->formedit()
 7 SYSTEMPATH\CodeIgniter.php(457): CodeIgniter\CodeIgniter->runController(Object(App\Controllers\Wo))
 8 SYSTEMPATH\CodeIgniter.php(340): CodeIgniter\CodeIgniter->handleRequest(null, Object(Config\Cache), false)
 9 FCPATH\index.php(67): CodeIgniter\CodeIgniter->run()
10 SYSTEMPATH\Commands\Server\rewrite.php(43): require_once('FCPATH\\index.php')
CRITICAL - 2022-11-12 13:41:59 --> Undefined array key "kode"
in APPPATH\Views\wo\modaledit.php on line 12.
 1 APPPATH\Views\wo\modaledit.php(12): CodeIgniter\Debug\Exceptions->errorHandler(2, 'Undefined array key "kode"', 'APPPATH\\Views\\wo\\modaledit.php', 12)
 2 SYSTEMPATH\View\View.php(213): include('APPPATH\\Views\\wo\\modaledit.php')
 3 SYSTEMPATH\View\View.php(216): CodeIgniter\View\View->CodeIgniter\View\{closure}()
 4 SYSTEMPATH\Common.php(1142): CodeIgniter\View\View->render('wo/modaledit', [], true)
 5 APPPATH\Controllers\Wo.php(199): view('wo/modaledit', [...])
 6 SYSTEMPATH\CodeIgniter.php(904): App\Controllers\Wo->formedit()
 7 SYSTEMPATH\CodeIgniter.php(457): CodeIgniter\CodeIgniter->runController(Object(App\Controllers\Wo))
 8 SYSTEMPATH\CodeIgniter.php(340): CodeIgniter\CodeIgniter->handleRequest(null, Object(Config\Cache), false)
 9 FCPATH\index.php(67): CodeIgniter\CodeIgniter->run()
10 SYSTEMPATH\Commands\Server\rewrite.php(43): require_once('FCPATH\\index.php')
CRITICAL - 2022-11-12 13:44:26 --> Undefined variable $noestimasi
in APPPATH\Views\wo\modaledit.php on line 37.
 1 APPPATH\Views\wo\modaledit.php(37): CodeIgniter\Debug\Exceptions->errorHandler(2, 'Undefined variable $noestimasi', 'APPPATH\\Views\\wo\\modaledit.php', 37)
 2 SYSTEMPATH\View\View.php(213): include('APPPATH\\Views\\wo\\modaledit.php')
 3 SYSTEMPATH\View\View.php(216): CodeIgniter\View\View->CodeIgniter\View\{closure}()
 4 SYSTEMPATH\Common.php(1142): CodeIgniter\View\View->render('wo/modaledit', [], true)
 5 APPPATH\Controllers\Wo.php(199): view('wo/modaledit', [...])
 6 SYSTEMPATH\CodeIgniter.php(904): App\Controllers\Wo->formedit()
 7 SYSTEMPATH\CodeIgniter.php(457): CodeIgniter\CodeIgniter->runController(Object(App\Controllers\Wo))
 8 SYSTEMPATH\CodeIgniter.php(340): CodeIgniter\CodeIgniter->handleRequest(null, Object(Config\Cache), false)
 9 FCPATH\index.php(67): CodeIgniter\CodeIgniter->run()
10 SYSTEMPATH\Commands\Server\rewrite.php(43): require_once('FCPATH\\index.php')
CRITICAL - 2022-11-12 13:45:11 --> Undefined variable $noestimasi
in APPPATH\Views\wo\modaledit.php on line 37.
 1 APPPATH\Views\wo\modaledit.php(37): CodeIgniter\Debug\Exceptions->errorHandler(2, 'Undefined variable $noestimasi', 'APPPATH\\Views\\wo\\modaledit.php', 37)
 2 SYSTEMPATH\View\View.php(213): include('APPPATH\\Views\\wo\\modaledit.php')
 3 SYSTEMPATH\View\View.php(216): CodeIgniter\View\View->CodeIgniter\View\{closure}()
 4 SYSTEMPATH\Common.php(1142): CodeIgniter\View\View->render('wo/modaledit', [], true)
 5 APPPATH\Controllers\Wo.php(199): view('wo/modaledit', [...])
 6 SYSTEMPATH\CodeIgniter.php(904): App\Controllers\Wo->formedit()
 7 SYSTEMPATH\CodeIgniter.php(457): CodeIgniter\CodeIgniter->runController(Object(App\Controllers\Wo))
 8 SYSTEMPATH\CodeIgniter.php(340): CodeIgniter\CodeIgniter->handleRequest(null, Object(Config\Cache), false)
 9 FCPATH\index.php(67): CodeIgniter\CodeIgniter->run()
10 SYSTEMPATH\Commands\Server\rewrite.php(43): require_once('FCPATH\\index.php')
CRITICAL - 2022-11-12 13:45:20 --> Undefined variable $noestimasi
in APPPATH\Views\wo\modaledit.php on line 37.
 1 APPPATH\Views\wo\modaledit.php(37): CodeIgniter\Debug\Exceptions->errorHandler(2, 'Undefined variable $noestimasi', 'APPPATH\\Views\\wo\\modaledit.php', 37)
 2 SYSTEMPATH\View\View.php(213): include('APPPATH\\Views\\wo\\modaledit.php')
 3 SYSTEMPATH\View\View.php(216): CodeIgniter\View\View->CodeIgniter\View\{closure}()
 4 SYSTEMPATH\Common.php(1142): CodeIgniter\View\View->render('wo/modaledit', [], true)
 5 APPPATH\Controllers\Wo.php(199): view('wo/modaledit', [...])
 6 SYSTEMPATH\CodeIgniter.php(904): App\Controllers\Wo->formedit()
 7 SYSTEMPATH\CodeIgniter.php(457): CodeIgniter\CodeIgniter->runController(Object(App\Controllers\Wo))
 8 SYSTEMPATH\CodeIgniter.php(340): CodeIgniter\CodeIgniter->handleRequest(null, Object(Config\Cache), false)
 9 FCPATH\index.php(67): CodeIgniter\CodeIgniter->run()
10 SYSTEMPATH\Commands\Server\rewrite.php(43): require_once('FCPATH\\index.php')
CRITICAL - 2022-11-12 13:46:32 --> Undefined array key "tglestimasi"
in APPPATH\Views\wo\modaledit.php on line 40.
 1 APPPATH\Views\wo\modaledit.php(40): CodeIgniter\Debug\Exceptions->errorHandler(2, 'Undefined array key "tglestimasi"', 'APPPATH\\Views\\wo\\modaledit.php', 40)
 2 SYSTEMPATH\View\View.php(213): include('APPPATH\\Views\\wo\\modaledit.php')
 3 SYSTEMPATH\View\View.php(216): CodeIgniter\View\View->CodeIgniter\View\{closure}()
 4 SYSTEMPATH\Common.php(1142): CodeIgniter\View\View->render('wo/modaledit', [], true)
 5 APPPATH\Controllers\Wo.php(199): view('wo/modaledit', [...])
 6 SYSTEMPATH\CodeIgniter.php(904): App\Controllers\Wo->formedit()
 7 SYSTEMPATH\CodeIgniter.php(457): CodeIgniter\CodeIgniter->runController(Object(App\Controllers\Wo))
 8 SYSTEMPATH\CodeIgniter.php(340): CodeIgniter\CodeIgniter->handleRequest(null, Object(Config\Cache), false)
 9 FCPATH\index.php(67): CodeIgniter\CodeIgniter->run()
10 SYSTEMPATH\Commands\Server\rewrite.php(43): require_once('FCPATH\\index.php')
ERROR - 2022-11-12 14:06:39 --> mysqli_sql_exception: Unknown column 'created_at' in 'field list' in D:\xampp\htdocs\bp\system\Database\MySQLi\Connection.php:292
Stack trace:
#0 D:\xampp\htdocs\bp\system\Database\MySQLi\Connection.php(292): mysqli->query('INSERT INTO `wo...', 0)
#1 D:\xampp\htdocs\bp\system\Database\BaseConnection.php(693): CodeIgniter\Database\MySQLi\Connection->execute('INSERT INTO `wo...')
#2 D:\xampp\htdocs\bp\system\Database\BaseConnection.php(620): CodeIgniter\Database\BaseConnection->simpleQuery('INSERT INTO `wo...')
#3 D:\xampp\htdocs\bp\system\Database\BaseBuilder.php(1916): CodeIgniter\Database\BaseConnection->query('INSERT INTO `wo...', Array, false)
#4 D:\xampp\htdocs\bp\system\Model.php(279): CodeIgniter\Database\BaseBuilder->insert()
#5 D:\xampp\htdocs\bp\system\BaseModel.php(738): CodeIgniter\Model->doInsert(Array)
#6 D:\xampp\htdocs\bp\system\Model.php(667): CodeIgniter\BaseModel->insert(Array, true)
#7 D:\xampp\htdocs\bp\app\Controllers\Wo.php(151): CodeIgniter\Model->insert(Array)
#8 D:\xampp\htdocs\bp\system\CodeIgniter.php(904): App\Controllers\Wo->simpandata()
#9 D:\xampp\htdocs\bp\system\CodeIgniter.php(457): CodeIgniter\CodeIgniter->runController(Object(App\Controllers\Wo))
#10 D:\xampp\htdocs\bp\system\CodeIgniter.php(340): CodeIgniter\CodeIgniter->handleRequest(NULL, Object(Config\Cache), false)
#11 D:\xampp\htdocs\bp\public\index.php(67): CodeIgniter\CodeIgniter->run()
#12 D:\xampp\htdocs\bp\system\Commands\Server\rewrite.php(43): require_once('D:\\xampp\\htdocs...')
#13 {main}
CRITICAL - 2022-11-12 14:06:39 --> Unknown column 'created_at' in 'field list'
in SYSTEMPATH\Database\MySQLi\Connection.php on line 292.
 1 SYSTEMPATH\Database\MySQLi\Connection.php(292): mysqli->query('INSERT INTO `wo` (`noestimasi`, `tanggal`, `nopolisi`, `kdpemilik`, `nmpemilik`, `user`, `created_at`, `updated_at`) VALUES (\'ES20221100002\', \'2022-11-12\', \'BY11222\', \'\', \'\', \'Edit-Murod-12-11-2022 14:06:39\', \'2022-11-12 14:06:39\', \'2022-11-12 14:06:39\')', 0)
 2 SYSTEMPATH\Database\BaseConnection.php(693): CodeIgniter\Database\MySQLi\Connection->execute('INSERT INTO `wo` (`noestimasi`, `tanggal`, `nopolisi`, `kdpemilik`, `nmpemilik`, `user`, `created_at`, `updated_at`) VALUES (\'ES20221100002\', \'2022-11-12\', \'BY11222\', \'\', \'\', \'Edit-Murod-12-11-2022 14:06:39\', \'2022-11-12 14:06:39\', \'2022-11-12 14:06:39\')')
 3 SYSTEMPATH\Database\BaseConnection.php(620): CodeIgniter\Database\BaseConnection->simpleQuery('INSERT INTO `wo` (`noestimasi`, `tanggal`, `nopolisi`, `kdpemilik`, `nmpemilik`, `user`, `created_at`, `updated_at`) VALUES (\'ES20221100002\', \'2022-11-12\', \'BY11222\', \'\', \'\', \'Edit-Murod-12-11-2022 14:06:39\', \'2022-11-12 14:06:39\', \'2022-11-12 14:06:39\')')
 4 SYSTEMPATH\Database\BaseBuilder.php(1916): CodeIgniter\Database\BaseConnection->query('INSERT INTO `wo` (`noestimasi`, `tanggal`, `nopolisi`, `kdpemilik`, `nmpemilik`, `user`, `created_at`, `updated_at`) VALUES (:noestimasi:, :tanggal:, :nopolisi:, :kdpemilik:, :nmpemilik:, :user:, :created_at:, :updated_at:)', [...], false)
 5 SYSTEMPATH\Model.php(279): CodeIgniter\Database\BaseBuilder->insert()
 6 SYSTEMPATH\BaseModel.php(738): CodeIgniter\Model->doInsert([...])
 7 SYSTEMPATH\Model.php(667): CodeIgniter\BaseModel->insert([...], true)
 8 APPPATH\Controllers\Wo.php(151): CodeIgniter\Model->insert([...])
 9 SYSTEMPATH\CodeIgniter.php(904): App\Controllers\Wo->simpandata()
10 SYSTEMPATH\CodeIgniter.php(457): CodeIgniter\CodeIgniter->runController(Object(App\Controllers\Wo))
11 SYSTEMPATH\CodeIgniter.php(340): CodeIgniter\CodeIgniter->handleRequest(null, Object(Config\Cache), false)
12 FCPATH\index.php(67): CodeIgniter\CodeIgniter->run()
13 SYSTEMPATH\Commands\Server\rewrite.php(43): require_once('FCPATH\\index.php')
CRITICAL - 2022-11-12 14:17:33 --> Undefined variable $tglestimasi
in APPPATH\Views\wo\modaltambah.php on line 37.
 1 APPPATH\Views\wo\modaltambah.php(37): CodeIgniter\Debug\Exceptions->errorHandler(2, 'Undefined variable $tglestimasi', 'APPPATH\\Views\\wo\\modaltambah.php', 37)
 2 SYSTEMPATH\View\View.php(213): include('APPPATH\\Views\\wo\\modaltambah.php')
 3 SYSTEMPATH\View\View.php(216): CodeIgniter\View\View->CodeIgniter\View\{closure}()
 4 SYSTEMPATH\Common.php(1142): CodeIgniter\View\View->render('wo/modaltambah', [], true)
 5 APPPATH\Controllers\Wo.php(87): view('wo/modaltambah', [...])
 6 SYSTEMPATH\CodeIgniter.php(904): App\Controllers\Wo->formtambah()
 7 SYSTEMPATH\CodeIgniter.php(457): CodeIgniter\CodeIgniter->runController(Object(App\Controllers\Wo))
 8 SYSTEMPATH\CodeIgniter.php(340): CodeIgniter\CodeIgniter->handleRequest(null, Object(Config\Cache), false)
 9 FCPATH\index.php(67): CodeIgniter\CodeIgniter->run()
10 SYSTEMPATH\Commands\Server\rewrite.php(43): require_once('FCPATH\\index.php')
