CRITICAL - 2023-06-08 09:57:46 --> Undefined variable $estimasi
in APPPATH\Views\estimasi_bp\detailestimasi_bp.php on line 40.
 1 APPPATH\Views\estimasi_bp\detailestimasi_bp.php(40): CodeIgniter\Debug\Exceptions->errorHandler(2, 'Undefined variable $estimasi', 'APPPATH\\Views\\estimasi_bp\\detailestimasi_bp.php', 40)
 2 SYSTEMPATH\View\View.php(213): include('APPPATH\\Views\\estimasi_bp\\detailestimasi_bp.php')
 3 SYSTEMPATH\View\View.php(216): CodeIgniter\View\View->CodeIgniter\View\{closure}()
 4 SYSTEMPATH\Common.php(1142): CodeIgniter\View\View->render('estimasi_bp/detailestimasi_bp', [], true)
 5 APPPATH\Controllers\Estimasi_bp.php(281): view('estimasi_bp/detailestimasi_bp', [...])
 6 SYSTEMPATH\CodeIgniter.php(904): App\Controllers\Estimasi_bp->detailestimasi_bp()
 7 SYSTEMPATH\CodeIgniter.php(457): CodeIgniter\CodeIgniter->runController(Object(App\Controllers\Estimasi_bp))
 8 SYSTEMPATH\CodeIgniter.php(340): CodeIgniter\CodeIgniter->handleRequest(null, Object(Config\Cache), false)
 9 FCPATH\index.php(67): CodeIgniter\CodeIgniter->run()
10 SYSTEMPATH\Commands\Server\rewrite.php(43): require_once('FCPATH\\index.php')
CRITICAL - 2023-06-08 09:57:54 --> Undefined variable $estimasi
in APPPATH\Views\estimasi_bp\detailestimasi_bp.php on line 40.
 1 APPPATH\Views\estimasi_bp\detailestimasi_bp.php(40): CodeIgniter\Debug\Exceptions->errorHandler(2, 'Undefined variable $estimasi', 'APPPATH\\Views\\estimasi_bp\\detailestimasi_bp.php', 40)
 2 SYSTEMPATH\View\View.php(213): include('APPPATH\\Views\\estimasi_bp\\detailestimasi_bp.php')
 3 SYSTEMPATH\View\View.php(216): CodeIgniter\View\View->CodeIgniter\View\{closure}()
 4 SYSTEMPATH\Common.php(1142): CodeIgniter\View\View->render('estimasi_bp/detailestimasi_bp', [], true)
 5 APPPATH\Controllers\Estimasi_bp.php(281): view('estimasi_bp/detailestimasi_bp', [...])
 6 SYSTEMPATH\CodeIgniter.php(904): App\Controllers\Estimasi_bp->detailestimasi_bp()
 7 SYSTEMPATH\CodeIgniter.php(457): CodeIgniter\CodeIgniter->runController(Object(App\Controllers\Estimasi_bp))
 8 SYSTEMPATH\CodeIgniter.php(340): CodeIgniter\CodeIgniter->handleRequest(null, Object(Config\Cache), false)
 9 FCPATH\index.php(67): CodeIgniter\CodeIgniter->run()
10 SYSTEMPATH\Commands\Server\rewrite.php(43): require_once('FCPATH\\index.php')
CRITICAL - 2023-06-08 10:27:59 --> Undefined property: App\Controllers\Estimasi_bp::$estimasioplbp_Model
in APPPATH\Controllers\Estimasi_bp.php on line 1524.
 1 APPPATH\Controllers\Estimasi_bp.php(1524): CodeIgniter\Debug\Exceptions->errorHandler(2, 'Undefined property: App\\Controllers\\Estimasi_bp::$estimasioplbp_Model', 'APPPATH\\Controllers\\Estimasi_bp.php', 1524)
 2 SYSTEMPATH\CodeIgniter.php(904): App\Controllers\Estimasi_bp->summary()
 3 SYSTEMPATH\CodeIgniter.php(457): CodeIgniter\CodeIgniter->runController(Object(App\Controllers\Estimasi_bp))
 4 SYSTEMPATH\CodeIgniter.php(340): CodeIgniter\CodeIgniter->handleRequest(null, Object(Config\Cache), false)
 5 FCPATH\index.php(67): CodeIgniter\CodeIgniter->run()
 6 SYSTEMPATH\Commands\Server\rewrite.php(43): require_once('FCPATH\\index.php')
CRITICAL - 2023-06-08 10:28:21 --> Undefined property: App\Controllers\Estimasi_bp::$estimasioplbp_Model
in APPPATH\Controllers\Estimasi_bp.php on line 1524.
 1 APPPATH\Controllers\Estimasi_bp.php(1524): CodeIgniter\Debug\Exceptions->errorHandler(2, 'Undefined property: App\\Controllers\\Estimasi_bp::$estimasioplbp_Model', 'APPPATH\\Controllers\\Estimasi_bp.php', 1524)
 2 SYSTEMPATH\CodeIgniter.php(904): App\Controllers\Estimasi_bp->summary()
 3 SYSTEMPATH\CodeIgniter.php(457): CodeIgniter\CodeIgniter->runController(Object(App\Controllers\Estimasi_bp))
 4 SYSTEMPATH\CodeIgniter.php(340): CodeIgniter\CodeIgniter->handleRequest(null, Object(Config\Cache), false)
 5 FCPATH\index.php(67): CodeIgniter\CodeIgniter->run()
 6 SYSTEMPATH\Commands\Server\rewrite.php(43): require_once('FCPATH\\index.php')
CRITICAL - 2023-06-08 10:29:35 --> Undefined property: App\Controllers\Estimasi_bp::$estimasipartModel
in APPPATH\Controllers\Estimasi_bp.php on line 1557.
 1 APPPATH\Controllers\Estimasi_bp.php(1557): CodeIgniter\Debug\Exceptions->errorHandler(2, 'Undefined property: App\\Controllers\\Estimasi_bp::$estimasipartModel', 'APPPATH\\Controllers\\Estimasi_bp.php', 1557)
 2 SYSTEMPATH\CodeIgniter.php(904): App\Controllers\Estimasi_bp->summary()
 3 SYSTEMPATH\CodeIgniter.php(457): CodeIgniter\CodeIgniter->runController(Object(App\Controllers\Estimasi_bp))
 4 SYSTEMPATH\CodeIgniter.php(340): CodeIgniter\CodeIgniter->handleRequest(null, Object(Config\Cache), false)
 5 FCPATH\index.php(67): CodeIgniter\CodeIgniter->run()
 6 SYSTEMPATH\Commands\Server\rewrite.php(43): require_once('FCPATH\\index.php')
CRITICAL - 2023-06-08 10:29:59 --> Undefined variable $estimasi
in APPPATH\Views\estimasi_bp\summary.php on line 10.
 1 APPPATH\Views\estimasi_bp\summary.php(10): CodeIgniter\Debug\Exceptions->errorHandler(2, 'Undefined variable $estimasi', 'APPPATH\\Views\\estimasi_bp\\summary.php', 10)
 2 SYSTEMPATH\View\View.php(213): include('APPPATH\\Views\\estimasi_bp\\summary.php')
 3 SYSTEMPATH\View\View.php(216): CodeIgniter\View\View->CodeIgniter\View\{closure}()
 4 SYSTEMPATH\Common.php(1142): CodeIgniter\View\View->render('estimasi_bp/summary', [], true)
 5 APPPATH\Controllers\Estimasi_bp.php(1563): view('estimasi_bp/summary', [...])
 6 SYSTEMPATH\CodeIgniter.php(904): App\Controllers\Estimasi_bp->summary()
 7 SYSTEMPATH\CodeIgniter.php(457): CodeIgniter\CodeIgniter->runController(Object(App\Controllers\Estimasi_bp))
 8 SYSTEMPATH\CodeIgniter.php(340): CodeIgniter\CodeIgniter->handleRequest(null, Object(Config\Cache), false)
 9 FCPATH\index.php(67): CodeIgniter\CodeIgniter->run()
10 SYSTEMPATH\Commands\Server\rewrite.php(43): require_once('FCPATH\\index.php')
CRITICAL - 2023-06-08 14:29:24 --> Undefined variable $estimasi
in APPPATH\Views\estimasi_bp\cetakestimasi_bp.php on line 26.
 1 APPPATH\Views\estimasi_bp\cetakestimasi_bp.php(26): CodeIgniter\Debug\Exceptions->errorHandler(2, 'Undefined variable $estimasi', 'APPPATH\\Views\\estimasi_bp\\cetakestimasi_bp.php', 26)
 2 SYSTEMPATH\View\View.php(213): include('APPPATH\\Views\\estimasi_bp\\cetakestimasi_bp.php')
 3 SYSTEMPATH\View\View.php(216): CodeIgniter\View\View->CodeIgniter\View\{closure}()
 4 SYSTEMPATH\Common.php(1142): CodeIgniter\View\View->render('estimasi_bp/cetakestimasi_bp', [], true)
 5 APPPATH\Controllers\Estimasi_bp.php(638): view('estimasi_bp/cetakestimasi_bp', [...])
 6 SYSTEMPATH\CodeIgniter.php(904): App\Controllers\Estimasi_bp->cetakestimasi_bp('270')
 7 SYSTEMPATH\CodeIgniter.php(457): CodeIgniter\CodeIgniter->runController(Object(App\Controllers\Estimasi_bp))
 8 SYSTEMPATH\CodeIgniter.php(340): CodeIgniter\CodeIgniter->handleRequest(null, Object(Config\Cache), false)
 9 FCPATH\index.php(67): CodeIgniter\CodeIgniter->run()
10 SYSTEMPATH\Commands\Server\rewrite.php(43): require_once('FCPATH\\index.php')
CRITICAL - 2023-06-08 16:01:43 --> Undefined variable $pr_ppn
in APPPATH\Controllers\Estimasi.php on line 1538.
 1 APPPATH\Controllers\Estimasi.php(1538): CodeIgniter\Debug\Exceptions->errorHandler(2, 'Undefined variable $pr_ppn', 'APPPATH\\Controllers\\Estimasi.php', 1538)
 2 SYSTEMPATH\CodeIgniter.php(904): App\Controllers\Estimasi->summary()
 3 SYSTEMPATH\CodeIgniter.php(457): CodeIgniter\CodeIgniter->runController(Object(App\Controllers\Estimasi))
 4 SYSTEMPATH\CodeIgniter.php(340): CodeIgniter\CodeIgniter->handleRequest(null, Object(Config\Cache), false)
 5 FCPATH\index.php(67): CodeIgniter\CodeIgniter->run()
 6 SYSTEMPATH\Commands\Server\rewrite.php(43): require_once('FCPATH\\index.php')
CRITICAL - 2023-06-08 16:01:58 --> Undefined variable $pr_ppn
in APPPATH\Controllers\Estimasi.php on line 1538.
 1 APPPATH\Controllers\Estimasi.php(1538): CodeIgniter\Debug\Exceptions->errorHandler(2, 'Undefined variable $pr_ppn', 'APPPATH\\Controllers\\Estimasi.php', 1538)
 2 SYSTEMPATH\CodeIgniter.php(904): App\Controllers\Estimasi->summary()
 3 SYSTEMPATH\CodeIgniter.php(457): CodeIgniter\CodeIgniter->runController(Object(App\Controllers\Estimasi))
 4 SYSTEMPATH\CodeIgniter.php(340): CodeIgniter\CodeIgniter->handleRequest(null, Object(Config\Cache), false)
 5 FCPATH\index.php(67): CodeIgniter\CodeIgniter->run()
 6 SYSTEMPATH\Commands\Server\rewrite.php(43): require_once('FCPATH\\index.php')
CRITICAL - 2023-06-08 16:04:35 --> Undefined variable $pr_ppn
in APPPATH\Controllers\Estimasi.php on line 1538.
 1 APPPATH\Controllers\Estimasi.php(1538): CodeIgniter\Debug\Exceptions->errorHandler(2, 'Undefined variable $pr_ppn', 'APPPATH\\Controllers\\Estimasi.php', 1538)
 2 SYSTEMPATH\CodeIgniter.php(904): App\Controllers\Estimasi->summary()
 3 SYSTEMPATH\CodeIgniter.php(457): CodeIgniter\CodeIgniter->runController(Object(App\Controllers\Estimasi))
 4 SYSTEMPATH\CodeIgniter.php(340): CodeIgniter\CodeIgniter->handleRequest(null, Object(Config\Cache), false)
 5 FCPATH\index.php(67): CodeIgniter\CodeIgniter->run()
 6 SYSTEMPATH\Commands\Server\rewrite.php(43): require_once('FCPATH\\index.php')
CRITICAL - 2023-06-08 16:05:19 --> Undefined variable $pr_ppn
in APPPATH\Controllers\Estimasi.php on line 1538.
 1 APPPATH\Controllers\Estimasi.php(1538): CodeIgniter\Debug\Exceptions->errorHandler(2, 'Undefined variable $pr_ppn', 'APPPATH\\Controllers\\Estimasi.php', 1538)
 2 SYSTEMPATH\CodeIgniter.php(904): App\Controllers\Estimasi->summary()
 3 SYSTEMPATH\CodeIgniter.php(457): CodeIgniter\CodeIgniter->runController(Object(App\Controllers\Estimasi))
 4 SYSTEMPATH\CodeIgniter.php(340): CodeIgniter\CodeIgniter->handleRequest(null, Object(Config\Cache), false)
 5 FCPATH\index.php(67): CodeIgniter\CodeIgniter->run()
 6 SYSTEMPATH\Commands\Server\rewrite.php(43): require_once('FCPATH\\index.php')
CRITICAL - 2023-06-08 16:05:37 --> Undefined variable $pr_ppn
in APPPATH\Controllers\Estimasi.php on line 1538.
 1 APPPATH\Controllers\Estimasi.php(1538): CodeIgniter\Debug\Exceptions->errorHandler(2, 'Undefined variable $pr_ppn', 'APPPATH\\Controllers\\Estimasi.php', 1538)
 2 SYSTEMPATH\CodeIgniter.php(904): App\Controllers\Estimasi->summary()
 3 SYSTEMPATH\CodeIgniter.php(457): CodeIgniter\CodeIgniter->runController(Object(App\Controllers\Estimasi))
 4 SYSTEMPATH\CodeIgniter.php(340): CodeIgniter\CodeIgniter->handleRequest(null, Object(Config\Cache), false)
 5 FCPATH\index.php(67): CodeIgniter\CodeIgniter->run()
 6 SYSTEMPATH\Commands\Server\rewrite.php(43): require_once('FCPATH\\index.php')
CRITICAL - 2023-06-08 16:07:15 --> Undefined variable $pr_ppn
in APPPATH\Controllers\Estimasi.php on line 1538.
 1 APPPATH\Controllers\Estimasi.php(1538): CodeIgniter\Debug\Exceptions->errorHandler(2, 'Undefined variable $pr_ppn', 'APPPATH\\Controllers\\Estimasi.php', 1538)
 2 SYSTEMPATH\CodeIgniter.php(904): App\Controllers\Estimasi->summary()
 3 SYSTEMPATH\CodeIgniter.php(457): CodeIgniter\CodeIgniter->runController(Object(App\Controllers\Estimasi))
 4 SYSTEMPATH\CodeIgniter.php(340): CodeIgniter\CodeIgniter->handleRequest(null, Object(Config\Cache), false)
 5 FCPATH\index.php(67): CodeIgniter\CodeIgniter->run()
 6 SYSTEMPATH\Commands\Server\rewrite.php(43): require_once('FCPATH\\index.php')
CRITICAL - 2023-06-08 16:08:03 --> Invalid file: estimasi_bp/detailestimasi_bp1.php
in SYSTEMPATH\Exceptions\FrameworkException.php on line 33.
 1 SYSTEMPATH\View\View.php(201): CodeIgniter\Exceptions\FrameworkException::forInvalidFile('estimasi_bp/detailestimasi_bp1.php')
 2 SYSTEMPATH\Common.php(1142): CodeIgniter\View\View->render('estimasi_bp/detailestimasi_bp1', [], true)
 3 APPPATH\Controllers\Estimasi_bp.php(203): view('estimasi_bp/detailestimasi_bp1', [...])
 4 SYSTEMPATH\CodeIgniter.php(904): App\Controllers\Estimasi_bp->detailestimasi_bp()
 5 SYSTEMPATH\CodeIgniter.php(457): CodeIgniter\CodeIgniter->runController(Object(App\Controllers\Estimasi_bp))
 6 SYSTEMPATH\CodeIgniter.php(340): CodeIgniter\CodeIgniter->handleRequest(null, Object(Config\Cache), false)
 7 FCPATH\index.php(67): CodeIgniter\CodeIgniter->run()
 8 SYSTEMPATH\Commands\Server\rewrite.php(43): require_once('FCPATH\\index.php')
CRITICAL - 2023-06-08 16:08:56 --> Undefined variable $pr_ppn
in APPPATH\Controllers\Estimasi.php on line 1538.
 1 APPPATH\Controllers\Estimasi.php(1538): CodeIgniter\Debug\Exceptions->errorHandler(2, 'Undefined variable $pr_ppn', 'APPPATH\\Controllers\\Estimasi.php', 1538)
 2 SYSTEMPATH\CodeIgniter.php(904): App\Controllers\Estimasi->summary()
 3 SYSTEMPATH\CodeIgniter.php(457): CodeIgniter\CodeIgniter->runController(Object(App\Controllers\Estimasi))
 4 SYSTEMPATH\CodeIgniter.php(340): CodeIgniter\CodeIgniter->handleRequest(null, Object(Config\Cache), false)
 5 FCPATH\index.php(67): CodeIgniter\CodeIgniter->run()
 6 SYSTEMPATH\Commands\Server\rewrite.php(43): require_once('FCPATH\\index.php')
CRITICAL - 2023-06-08 16:09:35 --> Undefined variable $pr_ppn
in APPPATH\Controllers\Estimasi.php on line 1538.
 1 APPPATH\Controllers\Estimasi.php(1538): CodeIgniter\Debug\Exceptions->errorHandler(2, 'Undefined variable $pr_ppn', 'APPPATH\\Controllers\\Estimasi.php', 1538)
 2 SYSTEMPATH\CodeIgniter.php(904): App\Controllers\Estimasi->summary()
 3 SYSTEMPATH\CodeIgniter.php(457): CodeIgniter\CodeIgniter->runController(Object(App\Controllers\Estimasi))
 4 SYSTEMPATH\CodeIgniter.php(340): CodeIgniter\CodeIgniter->handleRequest(null, Object(Config\Cache), false)
 5 FCPATH\index.php(67): CodeIgniter\CodeIgniter->run()
 6 SYSTEMPATH\Commands\Server\rewrite.php(43): require_once('FCPATH\\index.php')
CRITICAL - 2023-06-08 16:22:33 --> Undefined variable $tbpaket
in APPPATH\Views\estimasi_bp\editestimasi_bp.php on line 79.
 1 APPPATH\Views\estimasi_bp\editestimasi_bp.php(79): CodeIgniter\Debug\Exceptions->errorHandler(2, 'Undefined variable $tbpaket', 'APPPATH\\Views\\estimasi_bp\\editestimasi_bp.php', 79)
 2 SYSTEMPATH\View\View.php(213): include('APPPATH\\Views\\estimasi_bp\\editestimasi_bp.php')
 3 SYSTEMPATH\View\View.php(216): CodeIgniter\View\View->CodeIgniter\View\{closure}()
 4 SYSTEMPATH\Common.php(1142): CodeIgniter\View\View->render('estimasi_bp/editestimasi_bp', [], true)
 5 APPPATH\Controllers\Estimasi_bp.php(261): view('estimasi_bp/editestimasi_bp', [...])
 6 SYSTEMPATH\CodeIgniter.php(904): App\Controllers\Estimasi_bp->editestimasi_bp()
 7 SYSTEMPATH\CodeIgniter.php(457): CodeIgniter\CodeIgniter->runController(Object(App\Controllers\Estimasi_bp))
 8 SYSTEMPATH\CodeIgniter.php(340): CodeIgniter\CodeIgniter->handleRequest(null, Object(Config\Cache), false)
 9 FCPATH\index.php(67): CodeIgniter\CodeIgniter->run()
10 SYSTEMPATH\Commands\Server\rewrite.php(43): require_once('FCPATH\\index.php')
CRITICAL - 2023-06-08 16:23:30 --> foreach() argument must be of type array|object, null given
in APPPATH\Views\estimasi_bp\editestimasi_bp.php on line 79.
 1 APPPATH\Views\estimasi_bp\editestimasi_bp.php(79): CodeIgniter\Debug\Exceptions->errorHandler(2, 'foreach() argument must be of type array|object, null given', 'APPPATH\\Views\\estimasi_bp\\editestimasi_bp.php', 79)
 2 SYSTEMPATH\View\View.php(213): include('APPPATH\\Views\\estimasi_bp\\editestimasi_bp.php')
 3 SYSTEMPATH\View\View.php(216): CodeIgniter\View\View->CodeIgniter\View\{closure}()
 4 SYSTEMPATH\Common.php(1142): CodeIgniter\View\View->render('estimasi_bp/editestimasi_bp', [], true)
 5 APPPATH\Controllers\Estimasi_bp.php(263): view('estimasi_bp/editestimasi_bp', [...])
 6 SYSTEMPATH\CodeIgniter.php(904): App\Controllers\Estimasi_bp->editestimasi_bp()
 7 SYSTEMPATH\CodeIgniter.php(457): CodeIgniter\CodeIgniter->runController(Object(App\Controllers\Estimasi_bp))
 8 SYSTEMPATH\CodeIgniter.php(340): CodeIgniter\CodeIgniter->handleRequest(null, Object(Config\Cache), false)
 9 FCPATH\index.php(67): CodeIgniter\CodeIgniter->run()
10 SYSTEMPATH\Commands\Server\rewrite.php(43): require_once('FCPATH\\index.php')
CRITICAL - 2023-06-08 16:23:38 --> foreach() argument must be of type array|object, null given
in APPPATH\Views\estimasi_bp\editestimasi_bp.php on line 79.
 1 APPPATH\Views\estimasi_bp\editestimasi_bp.php(79): CodeIgniter\Debug\Exceptions->errorHandler(2, 'foreach() argument must be of type array|object, null given', 'APPPATH\\Views\\estimasi_bp\\editestimasi_bp.php', 79)
 2 SYSTEMPATH\View\View.php(213): include('APPPATH\\Views\\estimasi_bp\\editestimasi_bp.php')
 3 SYSTEMPATH\View\View.php(216): CodeIgniter\View\View->CodeIgniter\View\{closure}()
 4 SYSTEMPATH\Common.php(1142): CodeIgniter\View\View->render('estimasi_bp/editestimasi_bp', [], true)
 5 APPPATH\Controllers\Estimasi_bp.php(263): view('estimasi_bp/editestimasi_bp', [...])
 6 SYSTEMPATH\CodeIgniter.php(904): App\Controllers\Estimasi_bp->editestimasi_bp()
 7 SYSTEMPATH\CodeIgniter.php(457): CodeIgniter\CodeIgniter->runController(Object(App\Controllers\Estimasi_bp))
 8 SYSTEMPATH\CodeIgniter.php(340): CodeIgniter\CodeIgniter->handleRequest(null, Object(Config\Cache), false)
 9 FCPATH\index.php(67): CodeIgniter\CodeIgniter->run()
10 SYSTEMPATH\Commands\Server\rewrite.php(43): require_once('FCPATH\\index.php')
CRITICAL - 2023-06-08 16:24:36 --> foreach() argument must be of type array|object, null given
in APPPATH\Views\estimasi_bp\editestimasi_bp.php on line 79.
 1 APPPATH\Views\estimasi_bp\editestimasi_bp.php(79): CodeIgniter\Debug\Exceptions->errorHandler(2, 'foreach() argument must be of type array|object, null given', 'APPPATH\\Views\\estimasi_bp\\editestimasi_bp.php', 79)
 2 SYSTEMPATH\View\View.php(213): include('APPPATH\\Views\\estimasi_bp\\editestimasi_bp.php')
 3 SYSTEMPATH\View\View.php(216): CodeIgniter\View\View->CodeIgniter\View\{closure}()
 4 SYSTEMPATH\Common.php(1142): CodeIgniter\View\View->render('estimasi_bp/editestimasi_bp', [], true)
 5 APPPATH\Controllers\Estimasi_bp.php(263): view('estimasi_bp/editestimasi_bp', [...])
 6 SYSTEMPATH\CodeIgniter.php(904): App\Controllers\Estimasi_bp->editestimasi_bp()
 7 SYSTEMPATH\CodeIgniter.php(457): CodeIgniter\CodeIgniter->runController(Object(App\Controllers\Estimasi_bp))
 8 SYSTEMPATH\CodeIgniter.php(340): CodeIgniter\CodeIgniter->handleRequest(null, Object(Config\Cache), false)
 9 FCPATH\index.php(67): CodeIgniter\CodeIgniter->run()
10 SYSTEMPATH\Commands\Server\rewrite.php(43): require_once('FCPATH\\index.php')
CRITICAL - 2023-06-08 16:25:57 --> Cannot access offset of type string on string
in APPPATH\Views\estimasi_bp\editestimasi_bp.php on line 80.
 1 SYSTEMPATH\View\View.php(213): include()
 2 SYSTEMPATH\View\View.php(216): CodeIgniter\View\View->CodeIgniter\View\{closure}()
 3 SYSTEMPATH\Common.php(1142): CodeIgniter\View\View->render('estimasi_bp/editestimasi_bp', [], true)
 4 APPPATH\Controllers\Estimasi_bp.php(263): view('estimasi_bp/editestimasi_bp', [...])
 5 SYSTEMPATH\CodeIgniter.php(904): App\Controllers\Estimasi_bp->editestimasi_bp()
 6 SYSTEMPATH\CodeIgniter.php(457): CodeIgniter\CodeIgniter->runController(Object(App\Controllers\Estimasi_bp))
 7 SYSTEMPATH\CodeIgniter.php(340): CodeIgniter\CodeIgniter->handleRequest(null, Object(Config\Cache), false)
 8 FCPATH\index.php(67): CodeIgniter\CodeIgniter->run()
 9 SYSTEMPATH\Commands\Server\rewrite.php(43): require_once('FCPATH\\index.php')
CRITICAL - 2023-06-08 16:26:05 --> Cannot access offset of type string on string
in APPPATH\Views\estimasi_bp\editestimasi_bp.php on line 80.
 1 SYSTEMPATH\View\View.php(213): include()
 2 SYSTEMPATH\View\View.php(216): CodeIgniter\View\View->CodeIgniter\View\{closure}()
 3 SYSTEMPATH\Common.php(1142): CodeIgniter\View\View->render('estimasi_bp/editestimasi_bp', [], true)
 4 APPPATH\Controllers\Estimasi_bp.php(263): view('estimasi_bp/editestimasi_bp', [...])
 5 SYSTEMPATH\CodeIgniter.php(904): App\Controllers\Estimasi_bp->editestimasi_bp()
 6 SYSTEMPATH\CodeIgniter.php(457): CodeIgniter\CodeIgniter->runController(Object(App\Controllers\Estimasi_bp))
 7 SYSTEMPATH\CodeIgniter.php(340): CodeIgniter\CodeIgniter->handleRequest(null, Object(Config\Cache), false)
 8 FCPATH\index.php(67): CodeIgniter\CodeIgniter->run()
 9 SYSTEMPATH\Commands\Server\rewrite.php(43): require_once('FCPATH\\index.php')
CRITICAL - 2023-06-08 16:49:15 --> Undefined variable $estimasi_bp
in APPPATH\Views\estimasi\editestimasi.php on line 80.
 1 APPPATH\Views\estimasi\editestimasi.php(80): CodeIgniter\Debug\Exceptions->errorHandler(2, 'Undefined variable $estimasi_bp', 'APPPATH\\Views\\estimasi\\editestimasi.php', 80)
 2 SYSTEMPATH\View\View.php(213): include('APPPATH\\Views\\estimasi\\editestimasi.php')
 3 SYSTEMPATH\View\View.php(216): CodeIgniter\View\View->CodeIgniter\View\{closure}()
 4 SYSTEMPATH\Common.php(1142): CodeIgniter\View\View->render('estimasi/editestimasi', [], true)
 5 APPPATH\Controllers\Estimasi.php(341): view('estimasi/editestimasi', [...])
 6 SYSTEMPATH\CodeIgniter.php(904): App\Controllers\Estimasi->editestimasi()
 7 SYSTEMPATH\CodeIgniter.php(457): CodeIgniter\CodeIgniter->runController(Object(App\Controllers\Estimasi))
 8 SYSTEMPATH\CodeIgniter.php(340): CodeIgniter\CodeIgniter->handleRequest(null, Object(Config\Cache), false)
 9 FCPATH\index.php(67): CodeIgniter\CodeIgniter->run()
10 SYSTEMPATH\Commands\Server\rewrite.php(43): require_once('FCPATH\\index.php')
CRITICAL - 2023-06-08 16:50:07 --> Undefined variable $estimasi_bp
in APPPATH\Views\estimasi\editestimasi.php on line 80.
 1 APPPATH\Views\estimasi\editestimasi.php(80): CodeIgniter\Debug\Exceptions->errorHandler(2, 'Undefined variable $estimasi_bp', 'APPPATH\\Views\\estimasi\\editestimasi.php', 80)
 2 SYSTEMPATH\View\View.php(213): include('APPPATH\\Views\\estimasi\\editestimasi.php')
 3 SYSTEMPATH\View\View.php(216): CodeIgniter\View\View->CodeIgniter\View\{closure}()
 4 SYSTEMPATH\Common.php(1142): CodeIgniter\View\View->render('estimasi/editestimasi', [], true)
 5 APPPATH\Controllers\Estimasi.php(341): view('estimasi/editestimasi', [...])
 6 SYSTEMPATH\CodeIgniter.php(904): App\Controllers\Estimasi->editestimasi()
 7 SYSTEMPATH\CodeIgniter.php(457): CodeIgniter\CodeIgniter->runController(Object(App\Controllers\Estimasi))
 8 SYSTEMPATH\CodeIgniter.php(340): CodeIgniter\CodeIgniter->handleRequest(null, Object(Config\Cache), false)
 9 FCPATH\index.php(67): CodeIgniter\CodeIgniter->run()
10 SYSTEMPATH\Commands\Server\rewrite.php(43): require_once('FCPATH\\index.php')
CRITICAL - 2023-06-08 16:51:00 --> Undefined variable $estimasi_bp
in APPPATH\Views\estimasi\editestimasi.php on line 80.
 1 APPPATH\Views\estimasi\editestimasi.php(80): CodeIgniter\Debug\Exceptions->errorHandler(2, 'Undefined variable $estimasi_bp', 'APPPATH\\Views\\estimasi\\editestimasi.php', 80)
 2 SYSTEMPATH\View\View.php(213): include('APPPATH\\Views\\estimasi\\editestimasi.php')
 3 SYSTEMPATH\View\View.php(216): CodeIgniter\View\View->CodeIgniter\View\{closure}()
 4 SYSTEMPATH\Common.php(1142): CodeIgniter\View\View->render('estimasi/editestimasi', [], true)
 5 APPPATH\Controllers\Estimasi.php(343): view('estimasi/editestimasi', [...])
 6 SYSTEMPATH\CodeIgniter.php(904): App\Controllers\Estimasi->editestimasi()
 7 SYSTEMPATH\CodeIgniter.php(457): CodeIgniter\CodeIgniter->runController(Object(App\Controllers\Estimasi))
 8 SYSTEMPATH\CodeIgniter.php(340): CodeIgniter\CodeIgniter->handleRequest(null, Object(Config\Cache), false)
 9 FCPATH\index.php(67): CodeIgniter\CodeIgniter->run()
10 SYSTEMPATH\Commands\Server\rewrite.php(43): require_once('FCPATH\\index.php')
CRITICAL - 2023-06-08 16:51:10 --> Undefined variable $estimasi_bp
in APPPATH\Views\estimasi\editestimasi.php on line 80.
 1 APPPATH\Views\estimasi\editestimasi.php(80): CodeIgniter\Debug\Exceptions->errorHandler(2, 'Undefined variable $estimasi_bp', 'APPPATH\\Views\\estimasi\\editestimasi.php', 80)
 2 SYSTEMPATH\View\View.php(213): include('APPPATH\\Views\\estimasi\\editestimasi.php')
 3 SYSTEMPATH\View\View.php(216): CodeIgniter\View\View->CodeIgniter\View\{closure}()
 4 SYSTEMPATH\Common.php(1142): CodeIgniter\View\View->render('estimasi/editestimasi', [], true)
 5 APPPATH\Controllers\Estimasi.php(343): view('estimasi/editestimasi', [...])
 6 SYSTEMPATH\CodeIgniter.php(904): App\Controllers\Estimasi->editestimasi()
 7 SYSTEMPATH\CodeIgniter.php(457): CodeIgniter\CodeIgniter->runController(Object(App\Controllers\Estimasi))
 8 SYSTEMPATH\CodeIgniter.php(340): CodeIgniter\CodeIgniter->handleRequest(null, Object(Config\Cache), false)
 9 FCPATH\index.php(67): CodeIgniter\CodeIgniter->run()
10 SYSTEMPATH\Commands\Server\rewrite.php(43): require_once('FCPATH\\index.php')
CRITICAL - 2023-06-08 16:52:00 --> Undefined variable $estimasi_bp
in APPPATH\Views\estimasi\editestimasi.php on line 80.
 1 APPPATH\Views\estimasi\editestimasi.php(80): CodeIgniter\Debug\Exceptions->errorHandler(2, 'Undefined variable $estimasi_bp', 'APPPATH\\Views\\estimasi\\editestimasi.php', 80)
 2 SYSTEMPATH\View\View.php(213): include('APPPATH\\Views\\estimasi\\editestimasi.php')
 3 SYSTEMPATH\View\View.php(216): CodeIgniter\View\View->CodeIgniter\View\{closure}()
 4 SYSTEMPATH\Common.php(1142): CodeIgniter\View\View->render('estimasi/editestimasi', [], true)
 5 APPPATH\Controllers\Estimasi.php(343): view('estimasi/editestimasi', [...])
 6 SYSTEMPATH\CodeIgniter.php(904): App\Controllers\Estimasi->editestimasi()
 7 SYSTEMPATH\CodeIgniter.php(457): CodeIgniter\CodeIgniter->runController(Object(App\Controllers\Estimasi))
 8 SYSTEMPATH\CodeIgniter.php(340): CodeIgniter\CodeIgniter->handleRequest(null, Object(Config\Cache), false)
 9 FCPATH\index.php(67): CodeIgniter\CodeIgniter->run()
10 SYSTEMPATH\Commands\Server\rewrite.php(43): require_once('FCPATH\\index.php')
CRITICAL - 2023-06-08 16:54:31 --> Undefined array key "paket"
in APPPATH\Views\estimasi\detailestimasi.php on line 75.
 1 APPPATH\Views\estimasi\detailestimasi.php(75): CodeIgniter\Debug\Exceptions->errorHandler(2, 'Undefined array key "paket"', 'APPPATH\\Views\\estimasi\\detailestimasi.php', 75)
 2 SYSTEMPATH\View\View.php(213): include('APPPATH\\Views\\estimasi\\detailestimasi.php')
 3 SYSTEMPATH\View\View.php(216): CodeIgniter\View\View->CodeIgniter\View\{closure}()
 4 SYSTEMPATH\Common.php(1142): CodeIgniter\View\View->render('estimasi/detailestimasi', [], true)
 5 APPPATH\Controllers\Estimasi.php(282): view('estimasi/detailestimasi', [...])
 6 SYSTEMPATH\CodeIgniter.php(904): App\Controllers\Estimasi->detailestimasi()
 7 SYSTEMPATH\CodeIgniter.php(457): CodeIgniter\CodeIgniter->runController(Object(App\Controllers\Estimasi))
 8 SYSTEMPATH\CodeIgniter.php(340): CodeIgniter\CodeIgniter->handleRequest(null, Object(Config\Cache), false)
 9 FCPATH\index.php(67): CodeIgniter\CodeIgniter->run()
10 SYSTEMPATH\Commands\Server\rewrite.php(43): require_once('FCPATH\\index.php')
CRITICAL - 2023-06-08 16:56:24 --> Undefined array key "paket"
in APPPATH\Views\estimasi\detailestimasi.php on line 75.
 1 APPPATH\Views\estimasi\detailestimasi.php(75): CodeIgniter\Debug\Exceptions->errorHandler(2, 'Undefined array key "paket"', 'APPPATH\\Views\\estimasi\\detailestimasi.php', 75)
 2 SYSTEMPATH\View\View.php(213): include('APPPATH\\Views\\estimasi\\detailestimasi.php')
 3 SYSTEMPATH\View\View.php(216): CodeIgniter\View\View->CodeIgniter\View\{closure}()
 4 SYSTEMPATH\Common.php(1142): CodeIgniter\View\View->render('estimasi/detailestimasi', [], true)
 5 APPPATH\Controllers\Estimasi.php(285): view('estimasi/detailestimasi', [...])
 6 SYSTEMPATH\CodeIgniter.php(904): App\Controllers\Estimasi->detailestimasi()
 7 SYSTEMPATH\CodeIgniter.php(457): CodeIgniter\CodeIgniter->runController(Object(App\Controllers\Estimasi))
 8 SYSTEMPATH\CodeIgniter.php(340): CodeIgniter\CodeIgniter->handleRequest(null, Object(Config\Cache), false)
 9 FCPATH\index.php(67): CodeIgniter\CodeIgniter->run()
10 SYSTEMPATH\Commands\Server\rewrite.php(43): require_once('FCPATH\\index.php')
CRITICAL - 2023-06-08 16:56:35 --> Undefined array key "paket"
in APPPATH\Views\estimasi\detailestimasi.php on line 75.
 1 APPPATH\Views\estimasi\detailestimasi.php(75): CodeIgniter\Debug\Exceptions->errorHandler(2, 'Undefined array key "paket"', 'APPPATH\\Views\\estimasi\\detailestimasi.php', 75)
 2 SYSTEMPATH\View\View.php(213): include('APPPATH\\Views\\estimasi\\detailestimasi.php')
 3 SYSTEMPATH\View\View.php(216): CodeIgniter\View\View->CodeIgniter\View\{closure}()
 4 SYSTEMPATH\Common.php(1142): CodeIgniter\View\View->render('estimasi/detailestimasi', [], true)
 5 APPPATH\Controllers\Estimasi.php(285): view('estimasi/detailestimasi', [...])
 6 SYSTEMPATH\CodeIgniter.php(904): App\Controllers\Estimasi->detailestimasi()
 7 SYSTEMPATH\CodeIgniter.php(457): CodeIgniter\CodeIgniter->runController(Object(App\Controllers\Estimasi))
 8 SYSTEMPATH\CodeIgniter.php(340): CodeIgniter\CodeIgniter->handleRequest(null, Object(Config\Cache), false)
 9 FCPATH\index.php(67): CodeIgniter\CodeIgniter->run()
10 SYSTEMPATH\Commands\Server\rewrite.php(43): require_once('FCPATH\\index.php')
