CRITICAL - 2023-02-10 09:48:44 --> Array to string conversion
in APPPATH\Controllers\Resetpassword.php on line 51.
 1 APPPATH\Controllers\Resetpassword.php(51): CodeIgniter\Debug\Exceptions->errorHandler(2, 'Array to string conversion', 'APPPATH\\Controllers\\Resetpassword.php', 51)
 2 SYSTEMPATH\CodeIgniter.php(904): App\Controllers\Resetpassword->resetpassword()
 3 SYSTEMPATH\CodeIgniter.php(457): CodeIgniter\CodeIgniter->runController(Object(App\Controllers\Resetpassword))
 4 SYSTEMPATH\CodeIgniter.php(340): CodeIgniter\CodeIgniter->handleRequest(null, Object(Config\Cache), false)
 5 FCPATH\index.php(67): CodeIgniter\CodeIgniter->run()
 6 SYSTEMPATH\Commands\Server\rewrite.php(43): require_once('FCPATH\\index.php')
CRITICAL - 2023-02-10 09:49:56 --> Cannot access offset of type string on string
in APPPATH\Controllers\Resetpassword.php on line 52.
 1 SYSTEMPATH\CodeIgniter.php(904): App\Controllers\Resetpassword->resetpassword()
 2 SYSTEMPATH\CodeIgniter.php(457): CodeIgniter\CodeIgniter->runController(Object(App\Controllers\Resetpassword))
 3 SYSTEMPATH\CodeIgniter.php(340): CodeIgniter\CodeIgniter->handleRequest(null, Object(Config\Cache), false)
 4 FCPATH\index.php(67): CodeIgniter\CodeIgniter->run()
 5 SYSTEMPATH\Commands\Server\rewrite.php(43): require_once('FCPATH\\index.php')
CRITICAL - 2023-02-10 09:50:11 --> Cannot access offset of type string on string
in APPPATH\Controllers\Resetpassword.php on line 53.
 1 SYSTEMPATH\CodeIgniter.php(904): App\Controllers\Resetpassword->resetpassword()
 2 SYSTEMPATH\CodeIgniter.php(457): CodeIgniter\CodeIgniter->runController(Object(App\Controllers\Resetpassword))
 3 SYSTEMPATH\CodeIgniter.php(340): CodeIgniter\CodeIgniter->handleRequest(null, Object(Config\Cache), false)
 4 FCPATH\index.php(67): CodeIgniter\CodeIgniter->run()
 5 SYSTEMPATH\Commands\Server\rewrite.php(43): require_once('FCPATH\\index.php')
CRITICAL - 2023-02-10 09:53:30 --> Attempt to read property "error" on string
in APPPATH\Controllers\Resetpassword.php on line 53.
 1 APPPATH\Controllers\Resetpassword.php(53): CodeIgniter\Debug\Exceptions->errorHandler(2, 'Attempt to read property "error" on string', 'APPPATH\\Controllers\\Resetpassword.php', 53)
 2 SYSTEMPATH\CodeIgniter.php(904): App\Controllers\Resetpassword->resetpassword()
 3 SYSTEMPATH\CodeIgniter.php(457): CodeIgniter\CodeIgniter->runController(Object(App\Controllers\Resetpassword))
 4 SYSTEMPATH\CodeIgniter.php(340): CodeIgniter\CodeIgniter->handleRequest(null, Object(Config\Cache), false)
 5 FCPATH\index.php(67): CodeIgniter\CodeIgniter->run()
 6 SYSTEMPATH\Commands\Server\rewrite.php(43): require_once('FCPATH\\index.php')
CRITICAL - 2023-02-10 10:02:52 --> Undefined variable $validation
in APPPATH\Views\resetpassword.php on line 39.
 1 APPPATH\Views\resetpassword.php(39): CodeIgniter\Debug\Exceptions->errorHandler(2, 'Undefined variable $validation', 'APPPATH\\Views\\resetpassword.php', 39)
 2 SYSTEMPATH\View\View.php(213): include('APPPATH\\Views\\resetpassword.php')
 3 SYSTEMPATH\View\View.php(216): CodeIgniter\View\View->CodeIgniter\View\{closure}()
 4 SYSTEMPATH\Common.php(1142): CodeIgniter\View\View->render('resetpassword', [], true)
 5 APPPATH\Controllers\Resetpassword.php(19): view('resetpassword')
 6 SYSTEMPATH\CodeIgniter.php(904): App\Controllers\Resetpassword->index()
 7 SYSTEMPATH\CodeIgniter.php(457): CodeIgniter\CodeIgniter->runController(Object(App\Controllers\Resetpassword))
 8 SYSTEMPATH\CodeIgniter.php(340): CodeIgniter\CodeIgniter->handleRequest(null, Object(Config\Cache), false)
 9 FCPATH\index.php(67): CodeIgniter\CodeIgniter->run()
10 SYSTEMPATH\Commands\Server\rewrite.php(43): require_once('FCPATH\\index.php')
CRITICAL - 2023-02-10 10:10:58 --> Undefined variable $validation
in APPPATH\Views\resetpassword.php on line 39.
 1 APPPATH\Views\resetpassword.php(39): CodeIgniter\Debug\Exceptions->errorHandler(2, 'Undefined variable $validation', 'APPPATH\\Views\\resetpassword.php', 39)
 2 SYSTEMPATH\View\View.php(213): include('APPPATH\\Views\\resetpassword.php')
 3 SYSTEMPATH\View\View.php(216): CodeIgniter\View\View->CodeIgniter\View\{closure}()
 4 SYSTEMPATH\Common.php(1142): CodeIgniter\View\View->render('resetpassword', [], true)
 5 APPPATH\Controllers\Resetpassword.php(19): view('resetpassword')
 6 SYSTEMPATH\CodeIgniter.php(904): App\Controllers\Resetpassword->index()
 7 SYSTEMPATH\CodeIgniter.php(457): CodeIgniter\CodeIgniter->runController(Object(App\Controllers\Resetpassword))
 8 SYSTEMPATH\CodeIgniter.php(340): CodeIgniter\CodeIgniter->handleRequest(null, Object(Config\Cache), false)
 9 FCPATH\index.php(67): CodeIgniter\CodeIgniter->run()
10 SYSTEMPATH\Commands\Server\rewrite.php(43): require_once('FCPATH\\index.php')
CRITICAL - 2023-02-10 10:10:59 --> Undefined variable $validation
in APPPATH\Views\resetpassword.php on line 39.
 1 APPPATH\Views\resetpassword.php(39): CodeIgniter\Debug\Exceptions->errorHandler(2, 'Undefined variable $validation', 'APPPATH\\Views\\resetpassword.php', 39)
 2 SYSTEMPATH\View\View.php(213): include('APPPATH\\Views\\resetpassword.php')
 3 SYSTEMPATH\View\View.php(216): CodeIgniter\View\View->CodeIgniter\View\{closure}()
 4 SYSTEMPATH\Common.php(1142): CodeIgniter\View\View->render('resetpassword', [], true)
 5 APPPATH\Controllers\Resetpassword.php(19): view('resetpassword')
 6 SYSTEMPATH\CodeIgniter.php(904): App\Controllers\Resetpassword->index()
 7 SYSTEMPATH\CodeIgniter.php(457): CodeIgniter\CodeIgniter->runController(Object(App\Controllers\Resetpassword))
 8 SYSTEMPATH\CodeIgniter.php(340): CodeIgniter\CodeIgniter->handleRequest(null, Object(Config\Cache), false)
 9 FCPATH\index.php(67): CodeIgniter\CodeIgniter->run()
10 SYSTEMPATH\Commands\Server\rewrite.php(43): require_once('FCPATH\\index.php')
CRITICAL - 2023-02-10 10:11:00 --> Undefined variable $validation
in APPPATH\Views\resetpassword.php on line 39.
 1 APPPATH\Views\resetpassword.php(39): CodeIgniter\Debug\Exceptions->errorHandler(2, 'Undefined variable $validation', 'APPPATH\\Views\\resetpassword.php', 39)
 2 SYSTEMPATH\View\View.php(213): include('APPPATH\\Views\\resetpassword.php')
 3 SYSTEMPATH\View\View.php(216): CodeIgniter\View\View->CodeIgniter\View\{closure}()
 4 SYSTEMPATH\Common.php(1142): CodeIgniter\View\View->render('resetpassword', [], true)
 5 APPPATH\Controllers\Resetpassword.php(19): view('resetpassword')
 6 SYSTEMPATH\CodeIgniter.php(904): App\Controllers\Resetpassword->index()
 7 SYSTEMPATH\CodeIgniter.php(457): CodeIgniter\CodeIgniter->runController(Object(App\Controllers\Resetpassword))
 8 SYSTEMPATH\CodeIgniter.php(340): CodeIgniter\CodeIgniter->handleRequest(null, Object(Config\Cache), false)
 9 FCPATH\index.php(67): CodeIgniter\CodeIgniter->run()
10 SYSTEMPATH\Commands\Server\rewrite.php(43): require_once('FCPATH\\index.php')
CRITICAL - 2023-02-10 10:11:00 --> Undefined variable $validation
in APPPATH\Views\resetpassword.php on line 39.
 1 APPPATH\Views\resetpassword.php(39): CodeIgniter\Debug\Exceptions->errorHandler(2, 'Undefined variable $validation', 'APPPATH\\Views\\resetpassword.php', 39)
 2 SYSTEMPATH\View\View.php(213): include('APPPATH\\Views\\resetpassword.php')
 3 SYSTEMPATH\View\View.php(216): CodeIgniter\View\View->CodeIgniter\View\{closure}()
 4 SYSTEMPATH\Common.php(1142): CodeIgniter\View\View->render('resetpassword', [], true)
 5 APPPATH\Controllers\Resetpassword.php(19): view('resetpassword')
 6 SYSTEMPATH\CodeIgniter.php(904): App\Controllers\Resetpassword->index()
 7 SYSTEMPATH\CodeIgniter.php(457): CodeIgniter\CodeIgniter->runController(Object(App\Controllers\Resetpassword))
 8 SYSTEMPATH\CodeIgniter.php(340): CodeIgniter\CodeIgniter->handleRequest(null, Object(Config\Cache), false)
 9 FCPATH\index.php(67): CodeIgniter\CodeIgniter->run()
10 SYSTEMPATH\Commands\Server\rewrite.php(43): require_once('FCPATH\\index.php')
CRITICAL - 2023-02-10 10:11:01 --> Undefined variable $validation
in APPPATH\Views\resetpassword.php on line 39.
 1 APPPATH\Views\resetpassword.php(39): CodeIgniter\Debug\Exceptions->errorHandler(2, 'Undefined variable $validation', 'APPPATH\\Views\\resetpassword.php', 39)
 2 SYSTEMPATH\View\View.php(213): include('APPPATH\\Views\\resetpassword.php')
 3 SYSTEMPATH\View\View.php(216): CodeIgniter\View\View->CodeIgniter\View\{closure}()
 4 SYSTEMPATH\Common.php(1142): CodeIgniter\View\View->render('resetpassword', [], true)
 5 APPPATH\Controllers\Resetpassword.php(19): view('resetpassword')
 6 SYSTEMPATH\CodeIgniter.php(904): App\Controllers\Resetpassword->index()
 7 SYSTEMPATH\CodeIgniter.php(457): CodeIgniter\CodeIgniter->runController(Object(App\Controllers\Resetpassword))
 8 SYSTEMPATH\CodeIgniter.php(340): CodeIgniter\CodeIgniter->handleRequest(null, Object(Config\Cache), false)
 9 FCPATH\index.php(67): CodeIgniter\CodeIgniter->run()
10 SYSTEMPATH\Commands\Server\rewrite.php(43): require_once('FCPATH\\index.php')
CRITICAL - 2023-02-10 10:11:01 --> Undefined variable $validation
in APPPATH\Views\resetpassword.php on line 39.
 1 APPPATH\Views\resetpassword.php(39): CodeIgniter\Debug\Exceptions->errorHandler(2, 'Undefined variable $validation', 'APPPATH\\Views\\resetpassword.php', 39)
 2 SYSTEMPATH\View\View.php(213): include('APPPATH\\Views\\resetpassword.php')
 3 SYSTEMPATH\View\View.php(216): CodeIgniter\View\View->CodeIgniter\View\{closure}()
 4 SYSTEMPATH\Common.php(1142): CodeIgniter\View\View->render('resetpassword', [], true)
 5 APPPATH\Controllers\Resetpassword.php(19): view('resetpassword')
 6 SYSTEMPATH\CodeIgniter.php(904): App\Controllers\Resetpassword->index()
 7 SYSTEMPATH\CodeIgniter.php(457): CodeIgniter\CodeIgniter->runController(Object(App\Controllers\Resetpassword))
 8 SYSTEMPATH\CodeIgniter.php(340): CodeIgniter\CodeIgniter->handleRequest(null, Object(Config\Cache), false)
 9 FCPATH\index.php(67): CodeIgniter\CodeIgniter->run()
10 SYSTEMPATH\Commands\Server\rewrite.php(43): require_once('FCPATH\\index.php')
CRITICAL - 2023-02-10 10:11:05 --> Undefined variable $validation
in APPPATH\Views\resetpassword.php on line 39.
 1 APPPATH\Views\resetpassword.php(39): CodeIgniter\Debug\Exceptions->errorHandler(2, 'Undefined variable $validation', 'APPPATH\\Views\\resetpassword.php', 39)
 2 SYSTEMPATH\View\View.php(213): include('APPPATH\\Views\\resetpassword.php')
 3 SYSTEMPATH\View\View.php(216): CodeIgniter\View\View->CodeIgniter\View\{closure}()
 4 SYSTEMPATH\Common.php(1142): CodeIgniter\View\View->render('resetpassword', [], true)
 5 APPPATH\Controllers\Resetpassword.php(19): view('resetpassword')
 6 SYSTEMPATH\CodeIgniter.php(904): App\Controllers\Resetpassword->index()
 7 SYSTEMPATH\CodeIgniter.php(457): CodeIgniter\CodeIgniter->runController(Object(App\Controllers\Resetpassword))
 8 SYSTEMPATH\CodeIgniter.php(340): CodeIgniter\CodeIgniter->handleRequest(null, Object(Config\Cache), false)
 9 FCPATH\index.php(67): CodeIgniter\CodeIgniter->run()
10 SYSTEMPATH\Commands\Server\rewrite.php(43): require_once('FCPATH\\index.php')
CRITICAL - 2023-02-10 11:13:37 --> Maximum execution time of 60 seconds exceeded
in SYSTEMPATH\Debug\Exceptions.php on line 154.
 1 [internal function]: CodeIgniter\Debug\Exceptions->shutdownHandler()
CRITICAL - 2023-02-10 11:15:17 --> Maximum execution time of 60 seconds exceeded
in SYSTEMPATH\Debug\Exceptions.php on line 154.
 1 [internal function]: CodeIgniter\Debug\Exceptions->shutdownHandler()
CRITICAL - 2023-02-10 11:20:20 --> Maximum execution time of 60 seconds exceeded
in SYSTEMPATH\Debug\Exceptions.php on line 154.
 1 [internal function]: CodeIgniter\Debug\Exceptions->shutdownHandler()
CRITICAL - 2023-02-10 11:25:52 --> Maximum execution time of 60 seconds exceeded
in SYSTEMPATH\Debug\Exceptions.php on line 154.
 1 [internal function]: CodeIgniter\Debug\Exceptions->shutdownHandler()
CRITICAL - 2023-02-10 11:32:00 --> Maximum execution time of 60 seconds exceeded
in SYSTEMPATH\Debug\Exceptions.php on line 154.
 1 [internal function]: CodeIgniter\Debug\Exceptions->shutdownHandler()
ERROR - 2023-02-10 11:36:24 --> Email: sendWithMail throwed ErrorException: mail(): Failed to connect to mailserver at &quot;localhost&quot; port 25, verify your &quot;SMTP&quot; and &quot;smtp_port&quot; setting in php.ini or use ini_set() in D:\xampp\htdocs\bp\system\Email\Email.php:1730
Stack trace:
#0 [internal function]: CodeIgniter\Debug\Exceptions->errorHandler(2, 'mail(): Failed ...', 'D:\\xampp\\htdocs...', 1730)
#1 D:\xampp\htdocs\bp\system\Email\Email.php(1730): mail('murodajah15@gma...', '=?UTF-8?Q?Reset...', 'This is a multi...', 'Date: Thu, 9 Fe...', '-f murodajah15@...')
#2 D:\xampp\htdocs\bp\system\Email\Email.php(1662): CodeIgniter\Email\Email->sendWithMail()
#3 D:\xampp\htdocs\bp\system\Email\Email.php(1560): CodeIgniter\Email\Email->spoolEmail()
#4 D:\xampp\htdocs\bp\app\Controllers\Resetpassword.php(93): CodeIgniter\Email\Email->send()
#5 D:\xampp\htdocs\bp\app\Controllers\Resetpassword.php(73): App\Controllers\Resetpassword->sendEmail('murodajah15@gma...', 'murodajah15@gma...', '', 'Reset Password', 'Reset Password ...')
#6 D:\xampp\htdocs\bp\system\CodeIgniter.php(904): App\Controllers\Resetpassword->resetpassword()
#7 D:\xampp\htdocs\bp\system\CodeIgniter.php(457): CodeIgniter\CodeIgniter->runController(Object(App\Controllers\Resetpassword))
#8 D:\xampp\htdocs\bp\system\CodeIgniter.php(340): CodeIgniter\CodeIgniter->handleRequest(NULL, Object(Config\Cache), false)
#9 D:\xampp\htdocs\bp\public\index.php(67): CodeIgniter\CodeIgniter->run()
#10 D:\xampp\htdocs\bp\system\Commands\Server\rewrite.php(43): require_once('D:\\xampp\\htdocs...')
#11 {main}
ERROR - 2023-02-10 11:36:24 --> Email: Unable to send email using PHP mail(). Your server might not be configured to send mail using this method.
ERROR - 2023-02-10 11:36:24 --> Unable to locate the following email attachment: 
ERROR - 2023-02-10 11:41:14 --> Email: sendWithMail throwed ErrorException: mail(): Failed to connect to mailserver at &quot;localhost&quot; port 25, verify your &quot;SMTP&quot; and &quot;smtp_port&quot; setting in php.ini or use ini_set() in D:\xampp\htdocs\bp\system\Email\Email.php:1730
Stack trace:
#0 [internal function]: CodeIgniter\Debug\Exceptions->errorHandler(2, 'mail(): Failed ...', 'D:\\xampp\\htdocs...', 1730)
#1 D:\xampp\htdocs\bp\system\Email\Email.php(1730): mail('murodajah15@gma...', '=?UTF-8?Q?Reset...', 'This is a multi...', 'Date: Thu, 9 Fe...', '-f murodajah15@...')
#2 D:\xampp\htdocs\bp\system\Email\Email.php(1662): CodeIgniter\Email\Email->sendWithMail()
#3 D:\xampp\htdocs\bp\system\Email\Email.php(1560): CodeIgniter\Email\Email->spoolEmail()
#4 D:\xampp\htdocs\bp\app\Controllers\Resetpassword.php(95): CodeIgniter\Email\Email->send()
#5 D:\xampp\htdocs\bp\app\Controllers\Resetpassword.php(73): App\Controllers\Resetpassword->sendEmail('murodajah15@gma...', 'murodajah15@gma...', '', 'Reset Password', 'Reset Password ...')
#6 D:\xampp\htdocs\bp\system\CodeIgniter.php(904): App\Controllers\Resetpassword->resetpassword()
#7 D:\xampp\htdocs\bp\system\CodeIgniter.php(457): CodeIgniter\CodeIgniter->runController(Object(App\Controllers\Resetpassword))
#8 D:\xampp\htdocs\bp\system\CodeIgniter.php(340): CodeIgniter\CodeIgniter->handleRequest(NULL, Object(Config\Cache), false)
#9 D:\xampp\htdocs\bp\public\index.php(67): CodeIgniter\CodeIgniter->run()
#10 D:\xampp\htdocs\bp\system\Commands\Server\rewrite.php(43): require_once('D:\\xampp\\htdocs...')
#11 {main}
ERROR - 2023-02-10 11:41:14 --> Email: Unable to send email using PHP mail(). Your server might not be configured to send mail using this method.
ERROR - 2023-02-10 11:41:14 --> Unable to locate the following email attachment: 
ERROR - 2023-02-10 11:42:03 --> Email: sendWithMail throwed ErrorException: mail(): Failed to connect to mailserver at &quot;localhost&quot; port 25, verify your &quot;SMTP&quot; and &quot;smtp_port&quot; setting in php.ini or use ini_set() in D:\xampp\htdocs\bp\system\Email\Email.php:1730
Stack trace:
#0 [internal function]: CodeIgniter\Debug\Exceptions->errorHandler(2, 'mail(): Failed ...', 'D:\\xampp\\htdocs...', 1730)
#1 D:\xampp\htdocs\bp\system\Email\Email.php(1730): mail('murodajah15@gma...', '=?UTF-8?Q?Reset...', 'This is a multi...', 'Date: Thu, 9 Fe...', '-f murodajah15@...')
#2 D:\xampp\htdocs\bp\system\Email\Email.php(1662): CodeIgniter\Email\Email->sendWithMail()
#3 D:\xampp\htdocs\bp\system\Email\Email.php(1560): CodeIgniter\Email\Email->spoolEmail()
#4 D:\xampp\htdocs\bp\app\Controllers\Resetpassword.php(96): CodeIgniter\Email\Email->send()
#5 D:\xampp\htdocs\bp\app\Controllers\Resetpassword.php(73): App\Controllers\Resetpassword->sendEmail('murodajah15@gma...', 'murodajah15@gma...', '', 'Reset Password', 'Reset Password ...')
#6 D:\xampp\htdocs\bp\system\CodeIgniter.php(904): App\Controllers\Resetpassword->resetpassword()
#7 D:\xampp\htdocs\bp\system\CodeIgniter.php(457): CodeIgniter\CodeIgniter->runController(Object(App\Controllers\Resetpassword))
#8 D:\xampp\htdocs\bp\system\CodeIgniter.php(340): CodeIgniter\CodeIgniter->handleRequest(NULL, Object(Config\Cache), false)
#9 D:\xampp\htdocs\bp\public\index.php(67): CodeIgniter\CodeIgniter->run()
#10 D:\xampp\htdocs\bp\system\Commands\Server\rewrite.php(43): require_once('D:\\xampp\\htdocs...')
#11 {main}
ERROR - 2023-02-10 11:42:03 --> Email: Unable to send email using PHP mail(). Your server might not be configured to send mail using this method.
ERROR - 2023-02-10 11:42:03 --> Unable to locate the following email attachment: 
ERROR - 2023-02-10 13:33:00 --> Email: sendWithMail throwed ErrorException: mail(): Failed to connect to mailserver at &quot;localhost&quot; port 25, verify your &quot;SMTP&quot; and &quot;smtp_port&quot; setting in php.ini or use ini_set() in D:\xampp\htdocs\bp\system\Email\Email.php:1730
Stack trace:
#0 [internal function]: CodeIgniter\Debug\Exceptions->errorHandler(2, 'mail(): Failed ...', 'D:\\xampp\\htdocs...', 1730)
#1 D:\xampp\htdocs\bp\system\Email\Email.php(1730): mail('murodajah15@gma...', '=?UTF-8?Q?Reset...', 'This is a multi...', 'Date: Fri, 10 F...', '-f murodajah15@...')
#2 D:\xampp\htdocs\bp\system\Email\Email.php(1662): CodeIgniter\Email\Email->sendWithMail()
#3 D:\xampp\htdocs\bp\system\Email\Email.php(1560): CodeIgniter\Email\Email->spoolEmail()
#4 D:\xampp\htdocs\bp\app\Controllers\Resetpassword.php(92): CodeIgniter\Email\Email->send()
#5 D:\xampp\htdocs\bp\app\Controllers\Resetpassword.php(72): App\Controllers\Resetpassword->sendEmail('murodajah15@gma...', 'murodajah15@gma...', '', 'Reset Password', 'Reset Password ...')
#6 D:\xampp\htdocs\bp\system\CodeIgniter.php(904): App\Controllers\Resetpassword->resetpassword()
#7 D:\xampp\htdocs\bp\system\CodeIgniter.php(457): CodeIgniter\CodeIgniter->runController(Object(App\Controllers\Resetpassword))
#8 D:\xampp\htdocs\bp\system\CodeIgniter.php(340): CodeIgniter\CodeIgniter->handleRequest(NULL, Object(Config\Cache), false)
#9 D:\xampp\htdocs\bp\public\index.php(67): CodeIgniter\CodeIgniter->run()
#10 D:\xampp\htdocs\bp\system\Commands\Server\rewrite.php(43): require_once('D:\\xampp\\htdocs...')
#11 {main}
ERROR - 2023-02-10 13:33:00 --> Email: Unable to send email using PHP mail(). Your server might not be configured to send mail using this method.
ERROR - 2023-02-10 13:33:00 --> Unable to locate the following email attachment: 
ERROR - 2023-02-10 13:34:09 --> Email: sendWithMail throwed ErrorException: mail(): Failed to connect to mailserver at &quot;localhost&quot; port 25, verify your &quot;SMTP&quot; and &quot;smtp_port&quot; setting in php.ini or use ini_set() in D:\xampp\htdocs\bp\system\Email\Email.php:1730
Stack trace:
#0 [internal function]: CodeIgniter\Debug\Exceptions->errorHandler(2, 'mail(): Failed ...', 'D:\\xampp\\htdocs...', 1730)
#1 D:\xampp\htdocs\bp\system\Email\Email.php(1730): mail('murodajah15@gma...', '=?UTF-8?Q?Reset...', 'This is a multi...', 'Date: Fri, 10 F...', '-f murodajah15@...')
#2 D:\xampp\htdocs\bp\system\Email\Email.php(1662): CodeIgniter\Email\Email->sendWithMail()
#3 D:\xampp\htdocs\bp\system\Email\Email.php(1560): CodeIgniter\Email\Email->spoolEmail()
#4 D:\xampp\htdocs\bp\app\Controllers\Resetpassword.php(92): CodeIgniter\Email\Email->send()
#5 D:\xampp\htdocs\bp\app\Controllers\Resetpassword.php(72): App\Controllers\Resetpassword->sendEmail('murodajah15@gma...', 'murodajah15@gma...', '', 'Reset Password', 'Reset Password ...')
#6 D:\xampp\htdocs\bp\system\CodeIgniter.php(904): App\Controllers\Resetpassword->resetpassword()
#7 D:\xampp\htdocs\bp\system\CodeIgniter.php(457): CodeIgniter\CodeIgniter->runController(Object(App\Controllers\Resetpassword))
#8 D:\xampp\htdocs\bp\system\CodeIgniter.php(340): CodeIgniter\CodeIgniter->handleRequest(NULL, Object(Config\Cache), false)
#9 D:\xampp\htdocs\bp\public\index.php(67): CodeIgniter\CodeIgniter->run()
#10 D:\xampp\htdocs\bp\system\Commands\Server\rewrite.php(43): require_once('D:\\xampp\\htdocs...')
#11 {main}
ERROR - 2023-02-10 13:34:09 --> Email: Unable to send email using PHP mail(). Your server might not be configured to send mail using this method.
ERROR - 2023-02-10 13:34:09 --> Unable to locate the following email attachment: 
ERROR - 2023-02-10 13:35:14 --> Email: sendWithMail throwed ErrorException: mail(): Failed to connect to mailserver at &quot;localhost&quot; port 25, verify your &quot;SMTP&quot; and &quot;smtp_port&quot; setting in php.ini or use ini_set() in D:\xampp\htdocs\bp\system\Email\Email.php:1730
Stack trace:
#0 [internal function]: CodeIgniter\Debug\Exceptions->errorHandler(2, 'mail(): Failed ...', 'D:\\xampp\\htdocs...', 1730)
#1 D:\xampp\htdocs\bp\system\Email\Email.php(1730): mail('murodajah15@gma...', '=?UTF-8?Q?Reset...', 'This is a multi...', 'Date: Fri, 10 F...', '-f murodajah15@...')
#2 D:\xampp\htdocs\bp\system\Email\Email.php(1662): CodeIgniter\Email\Email->sendWithMail()
#3 D:\xampp\htdocs\bp\system\Email\Email.php(1560): CodeIgniter\Email\Email->spoolEmail()
#4 D:\xampp\htdocs\bp\app\Controllers\Resetpassword.php(92): CodeIgniter\Email\Email->send()
#5 D:\xampp\htdocs\bp\app\Controllers\Resetpassword.php(72): App\Controllers\Resetpassword->sendEmail('murodajah15@gma...', 'murodajah15@gma...', '', 'Reset Password', 'Reset Password ...')
#6 D:\xampp\htdocs\bp\system\CodeIgniter.php(904): App\Controllers\Resetpassword->resetpassword()
#7 D:\xampp\htdocs\bp\system\CodeIgniter.php(457): CodeIgniter\CodeIgniter->runController(Object(App\Controllers\Resetpassword))
#8 D:\xampp\htdocs\bp\system\CodeIgniter.php(340): CodeIgniter\CodeIgniter->handleRequest(NULL, Object(Config\Cache), false)
#9 D:\xampp\htdocs\bp\public\index.php(67): CodeIgniter\CodeIgniter->run()
#10 D:\xampp\htdocs\bp\system\Commands\Server\rewrite.php(43): require_once('D:\\xampp\\htdocs...')
#11 {main}
ERROR - 2023-02-10 13:35:14 --> Email: Unable to send email using PHP mail(). Your server might not be configured to send mail using this method.
ERROR - 2023-02-10 13:35:14 --> 
ERROR - 2023-02-10 13:35:59 --> Email: sendWithMail throwed ErrorException: mail(): Failed to connect to mailserver at &quot;localhost&quot; port 25, verify your &quot;SMTP&quot; and &quot;smtp_port&quot; setting in php.ini or use ini_set() in D:\xampp\htdocs\bp\system\Email\Email.php:1730
Stack trace:
#0 [internal function]: CodeIgniter\Debug\Exceptions->errorHandler(2, 'mail(): Failed ...', 'D:\\xampp\\htdocs...', 1730)
#1 D:\xampp\htdocs\bp\system\Email\Email.php(1730): mail('murodajah15@gma...', '=?UTF-8?Q?Reset...', 'This is a multi...', 'Date: Fri, 10 F...', '-f murodajah15@...')
#2 D:\xampp\htdocs\bp\system\Email\Email.php(1662): CodeIgniter\Email\Email->sendWithMail()
#3 D:\xampp\htdocs\bp\system\Email\Email.php(1560): CodeIgniter\Email\Email->spoolEmail()
#4 D:\xampp\htdocs\bp\app\Controllers\Resetpassword.php(92): CodeIgniter\Email\Email->send()
#5 D:\xampp\htdocs\bp\app\Controllers\Resetpassword.php(72): App\Controllers\Resetpassword->sendEmail('murodajah15@gma...', 'murodajah15@gma...', '', 'Reset Password', 'Reset Password ...')
#6 D:\xampp\htdocs\bp\system\CodeIgniter.php(904): App\Controllers\Resetpassword->resetpassword()
#7 D:\xampp\htdocs\bp\system\CodeIgniter.php(457): CodeIgniter\CodeIgniter->runController(Object(App\Controllers\Resetpassword))
#8 D:\xampp\htdocs\bp\system\CodeIgniter.php(340): CodeIgniter\CodeIgniter->handleRequest(NULL, Object(Config\Cache), false)
#9 D:\xampp\htdocs\bp\public\index.php(67): CodeIgniter\CodeIgniter->run()
#10 D:\xampp\htdocs\bp\system\Commands\Server\rewrite.php(43): require_once('D:\\xampp\\htdocs...')
#11 {main}
ERROR - 2023-02-10 13:35:59 --> Email: Unable to send email using PHP mail(). Your server might not be configured to send mail using this method.
ERROR - 2023-02-10 13:35:59 --> Unable to locate the following email attachment: 
ERROR - 2023-02-10 13:36:58 --> Email: sendWithMail throwed ErrorException: mail(): Failed to connect to mailserver at &quot;localhost&quot; port 25, verify your &quot;SMTP&quot; and &quot;smtp_port&quot; setting in php.ini or use ini_set() in D:\xampp\htdocs\bp\system\Email\Email.php:1730
Stack trace:
#0 [internal function]: CodeIgniter\Debug\Exceptions->errorHandler(2, 'mail(): Failed ...', 'D:\\xampp\\htdocs...', 1730)
#1 D:\xampp\htdocs\bp\system\Email\Email.php(1730): mail('murodajah15@gma...', '=?UTF-8?Q?Reset...', 'This is a multi...', 'Date: Fri, 10 F...', '-f murodajah15@...')
#2 D:\xampp\htdocs\bp\system\Email\Email.php(1662): CodeIgniter\Email\Email->sendWithMail()
#3 D:\xampp\htdocs\bp\system\Email\Email.php(1560): CodeIgniter\Email\Email->spoolEmail()
#4 D:\xampp\htdocs\bp\app\Controllers\Resetpassword.php(93): CodeIgniter\Email\Email->send()
#5 D:\xampp\htdocs\bp\app\Controllers\Resetpassword.php(72): App\Controllers\Resetpassword->sendEmail('murodajah15@gma...', 'murodajah15@gma...', '', 'Reset Password', 'Reset Password ...')
#6 D:\xampp\htdocs\bp\system\CodeIgniter.php(904): App\Controllers\Resetpassword->resetpassword()
#7 D:\xampp\htdocs\bp\system\CodeIgniter.php(457): CodeIgniter\CodeIgniter->runController(Object(App\Controllers\Resetpassword))
#8 D:\xampp\htdocs\bp\system\CodeIgniter.php(340): CodeIgniter\CodeIgniter->handleRequest(NULL, Object(Config\Cache), false)
#9 D:\xampp\htdocs\bp\public\index.php(67): CodeIgniter\CodeIgniter->run()
#10 D:\xampp\htdocs\bp\system\Commands\Server\rewrite.php(43): require_once('D:\\xampp\\htdocs...')
#11 {main}
ERROR - 2023-02-10 13:36:58 --> Email: Unable to send email using PHP mail(). Your server might not be configured to send mail using this method.
ERROR - 2023-02-10 13:36:58 --> Unable to locate the following email attachment: 
ERROR - 2023-02-10 13:37:33 --> Email: sendWithMail throwed ErrorException: mail(): Failed to connect to mailserver at &quot;localhost&quot; port 25, verify your &quot;SMTP&quot; and &quot;smtp_port&quot; setting in php.ini or use ini_set() in D:\xampp\htdocs\bp\system\Email\Email.php:1730
Stack trace:
#0 [internal function]: CodeIgniter\Debug\Exceptions->errorHandler(2, 'mail(): Failed ...', 'D:\\xampp\\htdocs...', 1730)
#1 D:\xampp\htdocs\bp\system\Email\Email.php(1730): mail('murodajah15@gma...', '=?UTF-8?Q?Reset...', 'This is a multi...', 'Date: Fri, 10 F...', '-f murodajah15@...')
#2 D:\xampp\htdocs\bp\system\Email\Email.php(1662): CodeIgniter\Email\Email->sendWithMail()
#3 D:\xampp\htdocs\bp\system\Email\Email.php(1560): CodeIgniter\Email\Email->spoolEmail()
#4 D:\xampp\htdocs\bp\app\Controllers\Resetpassword.php(96): CodeIgniter\Email\Email->send()
#5 D:\xampp\htdocs\bp\app\Controllers\Resetpassword.php(72): App\Controllers\Resetpassword->sendEmail('murodajah15@gma...', 'murodajah15@gma...', '', 'Reset Password', 'Reset Password ...')
#6 D:\xampp\htdocs\bp\system\CodeIgniter.php(904): App\Controllers\Resetpassword->resetpassword()
#7 D:\xampp\htdocs\bp\system\CodeIgniter.php(457): CodeIgniter\CodeIgniter->runController(Object(App\Controllers\Resetpassword))
#8 D:\xampp\htdocs\bp\system\CodeIgniter.php(340): CodeIgniter\CodeIgniter->handleRequest(NULL, Object(Config\Cache), false)
#9 D:\xampp\htdocs\bp\public\index.php(67): CodeIgniter\CodeIgniter->run()
#10 D:\xampp\htdocs\bp\system\Commands\Server\rewrite.php(43): require_once('D:\\xampp\\htdocs...')
#11 {main}
ERROR - 2023-02-10 13:37:33 --> Email: Unable to send email using PHP mail(). Your server might not be configured to send mail using this method.
ERROR - 2023-02-10 13:37:33 --> Unable to locate the following email attachment: 
ERROR - 2023-02-10 13:39:48 --> Email: Unable to send email using PHP SMTP. Your server might not be configured to send mail using this method.
ERROR - 2023-02-10 13:39:48 --> Unable to locate the following email attachment: 
220 smtp.gmail.com ESMTP b1-20020a17090a6ac100b00232cc61e16bsm2485480pjm.35 - gsmtp

hello: 250-smtp.gmail.com at your service, [36.78.1.201]
250-SIZE 35882577
250-8BITMIME
250-AUTH LOGIN PLAIN XOAUTH2 PLAIN-CLIENTTOKEN OAUTHBEARER XOAUTH
250-ENHANCEDSTATUSCODES
250-PIPELINING
250-CHUNKING
250 SMTPUTF8

Failed to authenticate password. Error: 534-5.7.9 Application-specific password required. Learn more at
534 5.7.9  https://support.google.com/mail/?p=InvalidSecondFactor b1-20020a17090a6ac100b00232cc61e16bsm2485480pjm.35 - gsmtp

ERROR - 2023-02-10 13:40:08 --> Email: Unable to send email using PHP SMTP. Your server might not be configured to send mail using this method.
ERROR - 2023-02-10 13:40:08 --> Unable to locate the following email attachment: 
220 smtp.gmail.com ESMTP ji3-20020a170903324300b00189ac5a2340sm2596080plb.124 - gsmtp

hello: 250-smtp.gmail.com at your service, [36.78.1.201]
250-SIZE 35882577
250-8BITMIME
250-AUTH LOGIN PLAIN XOAUTH2 PLAIN-CLIENTTOKEN OAUTHBEARER XOAUTH
250-ENHANCEDSTATUSCODES
250-PIPELINING
250-CHUNKING
250 SMTPUTF8

Failed to authenticate password. Error: 534-5.7.9 Application-specific password required. Learn more at
534 5.7.9  https://support.google.com/mail/?p=InvalidSecondFactor ji3-20020a170903324300b00189ac5a2340sm2596080plb.124 - gsmtp

ERROR - 2023-02-10 13:42:03 --> Email: Unable to send email using PHP SMTP. Your server might not be configured to send mail using this method.
ERROR - 2023-02-10 13:42:03 --> Unable to locate the following email attachment: 
220 smtp.gmail.com ESMTP j22-20020aa79296000000b005a79f5d9f53sm2475196pfa.165 - gsmtp

hello: 250-smtp.gmail.com at your service, [36.78.1.201]
250-SIZE 35882577
250-8BITMIME
250-AUTH LOGIN PLAIN XOAUTH2 PLAIN-CLIENTTOKEN OAUTHBEARER XOAUTH
250-ENHANCEDSTATUSCODES
250-PIPELINING
250-CHUNKING
250 SMTPUTF8

Failed to authenticate password. Error: 534-5.7.9 Application-specific password required. Learn more at
534 5.7.9  https://support.google.com/mail/?p=InvalidSecondFactor j22-20020aa79296000000b005a79f5d9f53sm2475196pfa.165 - gsmtp

CRITICAL - 2023-02-10 14:12:59 --> Undefined array key "password"
in APPPATH\Controllers\Resetpassword.php on line 109.
 1 APPPATH\Controllers\Resetpassword.php(109): CodeIgniter\Debug\Exceptions->errorHandler(2, 'Undefined array key "password"', 'APPPATH\\Controllers\\Resetpassword.php', 109)
 2 SYSTEMPATH\CodeIgniter.php(904): App\Controllers\Resetpassword->click_reset_password()
 3 SYSTEMPATH\CodeIgniter.php(457): CodeIgniter\CodeIgniter->runController(Object(App\Controllers\Resetpassword))
 4 SYSTEMPATH\CodeIgniter.php(340): CodeIgniter\CodeIgniter->handleRequest(null, Object(Config\Cache), false)
 5 FCPATH\index.php(67): CodeIgniter\CodeIgniter->run()
 6 SYSTEMPATH\Commands\Server\rewrite.php(43): require_once('FCPATH\\index.php')
