CRITICAL - 2023-06-28 11:41:37 --> syntax error, unexpected token "<"
in APPPATH\Views\tbmodule\tabel_module.php on line 40.
 1 SYSTEMPATH\View\View.php(216): CodeIgniter\View\View->CodeIgniter\View\{closure}()
 2 SYSTEMPATH\Common.php(1142): CodeIgniter\View\View->render('tbmodule/tabel_module', [], true)
 3 APPPATH\Controllers\Tbmodule.php(266): view('tbmodule/tabel_module', [...])
 4 SYSTEMPATH\CodeIgniter.php(904): App\Controllers\Tbmodule->table_module()
 5 SYSTEMPATH\CodeIgniter.php(457): CodeIgniter\CodeIgniter->runController(Object(App\Controllers\Tbmodule))
 6 SYSTEMPATH\CodeIgniter.php(340): CodeIgniter\CodeIgniter->handleRequest(null, Object(Config\Cache), false)
 7 FCPATH\index.php(67): CodeIgniter\CodeIgniter->run()
 8 SYSTEMPATH\Commands\Server\rewrite.php(43): require_once('FCPATH\\index.php')
CRITICAL - 2023-06-28 14:31:16 --> Undefined array key "close_wo"
in APPPATH\Controllers\Opl_bp.php on line 166.
 1 APPPATH\Controllers\Opl_bp.php(166): CodeIgniter\Debug\Exceptions->errorHandler(2, 'Undefined array key "close_wo"', 'APPPATH\\Controllers\\Opl_bp.php', 166)
 2 SYSTEMPATH\CodeIgniter.php(904): App\Controllers\opl_bp->unclose_opl_bp()
 3 SYSTEMPATH\CodeIgniter.php(457): CodeIgniter\CodeIgniter->runController(Object(App\Controllers\opl_bp))
 4 SYSTEMPATH\CodeIgniter.php(340): CodeIgniter\CodeIgniter->handleRequest(null, Object(Config\Cache), false)
 5 FCPATH\index.php(67): CodeIgniter\CodeIgniter->run()
 6 SYSTEMPATH\Commands\Server\rewrite.php(43): require_once('FCPATH\\index.php')
ERROR - 2023-06-28 15:04:43 --> mysqli_sql_exception: Unknown column 'close_part' in 'where clause' in D:\xampp\htdocs\hati\system\Database\MySQLi\Connection.php:292
Stack trace:
#0 D:\xampp\htdocs\hati\system\Database\MySQLi\Connection.php(292): mysqli->query('SELECT sum(subt...', 0)
#1 D:\xampp\htdocs\hati\system\Database\BaseConnection.php(693): CodeIgniter\Database\MySQLi\Connection->execute('SELECT sum(subt...')
#2 D:\xampp\htdocs\hati\system\Database\BaseConnection.php(620): CodeIgniter\Database\BaseConnection->simpleQuery('SELECT sum(subt...')
#3 D:\xampp\htdocs\hati\system\Database\BaseBuilder.php(1585): CodeIgniter\Database\BaseConnection->query('SELECT sum(subt...', Array, false)
#4 D:\xampp\htdocs\hati\system\Model.php(223): CodeIgniter\Database\BaseBuilder->get()
#5 D:\xampp\htdocs\hati\system\BaseModel.php(584): CodeIgniter\Model->doFindAll(0, 0)
#6 D:\xampp\htdocs\hati\app\Models\Wopart_bpModel.php(75): CodeIgniter\BaseModel->findAll()
#7 D:\xampp\htdocs\hati\app\Controllers\Close_wo_bp.php(683): App\Models\Wopart_bpModel->jumpart_close('BW20230600003')
#8 D:\xampp\htdocs\hati\system\CodeIgniter.php(904): App\Controllers\Close_wo_bp->summary_wo_bp()
#9 D:\xampp\htdocs\hati\system\CodeIgniter.php(457): CodeIgniter\CodeIgniter->runController(Object(App\Controllers\Close_wo_bp))
#10 D:\xampp\htdocs\hati\system\CodeIgniter.php(340): CodeIgniter\CodeIgniter->handleRequest(NULL, Object(Config\Cache), false)
#11 D:\xampp\htdocs\hati\public\index.php(67): CodeIgniter\CodeIgniter->run()
#12 D:\xampp\htdocs\hati\system\Commands\Server\rewrite.php(43): require_once('D:\\xampp\\htdocs...')
#13 {main}
CRITICAL - 2023-06-28 15:04:43 --> Unknown column 'close_part' in 'where clause'
in SYSTEMPATH\Database\MySQLi\Connection.php on line 292.
 1 SYSTEMPATH\Database\MySQLi\Connection.php(292): mysqli->query('SELECT sum(subtotal) as jumpart
FROM `wo_bp_detail`
WHERE `nowo` = \'BW20230600003\'
AND `jenis` = \'PART\'
AND `close_part` = 1', 0)
 2 SYSTEMPATH\Database\BaseConnection.php(693): CodeIgniter\Database\MySQLi\Connection->execute('SELECT sum(subtotal) as jumpart
FROM `wo_bp_detail`
WHERE `nowo` = \'BW20230600003\'
AND `jenis` = \'PART\'
AND `close_part` = 1')
 3 SYSTEMPATH\Database\BaseConnection.php(620): CodeIgniter\Database\BaseConnection->simpleQuery('SELECT sum(subtotal) as jumpart
FROM `wo_bp_detail`
WHERE `nowo` = \'BW20230600003\'
AND `jenis` = \'PART\'
AND `close_part` = 1')
 4 SYSTEMPATH\Database\BaseBuilder.php(1585): CodeIgniter\Database\BaseConnection->query('SELECT sum(subtotal) as jumpart
FROM `wo_bp_detail`
WHERE `nowo` = :nowo:
AND `jenis` = :jenis:
AND `close_part` = :close_part:', [...], false)
 5 SYSTEMPATH\Model.php(223): CodeIgniter\Database\BaseBuilder->get()
 6 SYSTEMPATH\BaseModel.php(584): CodeIgniter\Model->doFindAll(0, 0)
 7 APPPATH\Models\Wopart_bpModel.php(75): CodeIgniter\BaseModel->findAll()
 8 APPPATH\Controllers\Close_wo_bp.php(683): App\Models\Wopart_bpModel->jumpart_close('BW20230600003')
 9 SYSTEMPATH\CodeIgniter.php(904): App\Controllers\Close_wo_bp->summary_wo_bp()
10 SYSTEMPATH\CodeIgniter.php(457): CodeIgniter\CodeIgniter->runController(Object(App\Controllers\Close_wo_bp))
11 SYSTEMPATH\CodeIgniter.php(340): CodeIgniter\CodeIgniter->handleRequest(null, Object(Config\Cache), false)
12 FCPATH\index.php(67): CodeIgniter\CodeIgniter->run()
13 SYSTEMPATH\Commands\Server\rewrite.php(43): require_once('FCPATH\\index.php')
ERROR - 2023-06-28 15:05:01 --> mysqli_sql_exception: Unknown column 'close_part' in 'where clause' in D:\xampp\htdocs\hati\system\Database\MySQLi\Connection.php:292
Stack trace:
#0 D:\xampp\htdocs\hati\system\Database\MySQLi\Connection.php(292): mysqli->query('SELECT sum(subt...', 0)
#1 D:\xampp\htdocs\hati\system\Database\BaseConnection.php(693): CodeIgniter\Database\MySQLi\Connection->execute('SELECT sum(subt...')
#2 D:\xampp\htdocs\hati\system\Database\BaseConnection.php(620): CodeIgniter\Database\BaseConnection->simpleQuery('SELECT sum(subt...')
#3 D:\xampp\htdocs\hati\system\Database\BaseBuilder.php(1585): CodeIgniter\Database\BaseConnection->query('SELECT sum(subt...', Array, false)
#4 D:\xampp\htdocs\hati\system\Model.php(223): CodeIgniter\Database\BaseBuilder->get()
#5 D:\xampp\htdocs\hati\system\BaseModel.php(584): CodeIgniter\Model->doFindAll(0, 0)
#6 D:\xampp\htdocs\hati\app\Models\Wopart_bpModel.php(75): CodeIgniter\BaseModel->findAll()
#7 D:\xampp\htdocs\hati\app\Controllers\Close_wo_bp.php(683): App\Models\Wopart_bpModel->jumpart_close('BW20230600003')
#8 D:\xampp\htdocs\hati\system\CodeIgniter.php(904): App\Controllers\Close_wo_bp->summary_wo_bp()
#9 D:\xampp\htdocs\hati\system\CodeIgniter.php(457): CodeIgniter\CodeIgniter->runController(Object(App\Controllers\Close_wo_bp))
#10 D:\xampp\htdocs\hati\system\CodeIgniter.php(340): CodeIgniter\CodeIgniter->handleRequest(NULL, Object(Config\Cache), false)
#11 D:\xampp\htdocs\hati\public\index.php(67): CodeIgniter\CodeIgniter->run()
#12 D:\xampp\htdocs\hati\system\Commands\Server\rewrite.php(43): require_once('D:\\xampp\\htdocs...')
#13 {main}
CRITICAL - 2023-06-28 15:05:01 --> Unknown column 'close_part' in 'where clause'
in SYSTEMPATH\Database\MySQLi\Connection.php on line 292.
 1 SYSTEMPATH\Database\MySQLi\Connection.php(292): mysqli->query('SELECT sum(subtotal) as jumpart
FROM `wo_bp_detail`
WHERE `nowo` = \'BW20230600003\'
AND `jenis` = \'PART\'
AND `close_part` = 1', 0)
 2 SYSTEMPATH\Database\BaseConnection.php(693): CodeIgniter\Database\MySQLi\Connection->execute('SELECT sum(subtotal) as jumpart
FROM `wo_bp_detail`
WHERE `nowo` = \'BW20230600003\'
AND `jenis` = \'PART\'
AND `close_part` = 1')
 3 SYSTEMPATH\Database\BaseConnection.php(620): CodeIgniter\Database\BaseConnection->simpleQuery('SELECT sum(subtotal) as jumpart
FROM `wo_bp_detail`
WHERE `nowo` = \'BW20230600003\'
AND `jenis` = \'PART\'
AND `close_part` = 1')
 4 SYSTEMPATH\Database\BaseBuilder.php(1585): CodeIgniter\Database\BaseConnection->query('SELECT sum(subtotal) as jumpart
FROM `wo_bp_detail`
WHERE `nowo` = :nowo:
AND `jenis` = :jenis:
AND `close_part` = :close_part:', [...], false)
 5 SYSTEMPATH\Model.php(223): CodeIgniter\Database\BaseBuilder->get()
 6 SYSTEMPATH\BaseModel.php(584): CodeIgniter\Model->doFindAll(0, 0)
 7 APPPATH\Models\Wopart_bpModel.php(75): CodeIgniter\BaseModel->findAll()
 8 APPPATH\Controllers\Close_wo_bp.php(683): App\Models\Wopart_bpModel->jumpart_close('BW20230600003')
 9 SYSTEMPATH\CodeIgniter.php(904): App\Controllers\Close_wo_bp->summary_wo_bp()
10 SYSTEMPATH\CodeIgniter.php(457): CodeIgniter\CodeIgniter->runController(Object(App\Controllers\Close_wo_bp))
11 SYSTEMPATH\CodeIgniter.php(340): CodeIgniter\CodeIgniter->handleRequest(null, Object(Config\Cache), false)
12 FCPATH\index.php(67): CodeIgniter\CodeIgniter->run()
13 SYSTEMPATH\Commands\Server\rewrite.php(43): require_once('FCPATH\\index.php')
