CRITICAL - 2022-11-14 09:45:15 --> Undefined array key "contact_peson"
in APPPATH\Views\tbcustomer\modaledit.php on line 141.
 1 APPPATH\Views\tbcustomer\modaledit.php(141): CodeIgniter\Debug\Exceptions->errorHandler(2, 'Undefined array key "contact_peson"', 'APPPATH\\Views\\tbcustomer\\modaledit.php', 141)
 2 SYSTEMPATH\View\View.php(213): include('APPPATH\\Views\\tbcustomer\\modaledit.php')
 3 SYSTEMPATH\View\View.php(216): CodeIgniter\View\View->CodeIgniter\View\{closure}()
 4 SYSTEMPATH\Common.php(1142): CodeIgniter\View\View->render('tbcustomer/modaledit', [], true)
 5 APPPATH\Controllers\Tbcustomer.php(206): view('tbcustomer/modaledit', [...])
 6 SYSTEMPATH\CodeIgniter.php(904): App\Controllers\Tbcustomer->formedit()
 7 SYSTEMPATH\CodeIgniter.php(457): CodeIgniter\CodeIgniter->runController(Object(App\Controllers\Tbcustomer))
 8 SYSTEMPATH\CodeIgniter.php(340): CodeIgniter\CodeIgniter->handleRequest(null, Object(Config\Cache), false)
 9 FCPATH\index.php(67): CodeIgniter\CodeIgniter->run()
10 SYSTEMPATH\Commands\Server\rewrite.php(43): require_once('FCPATH\\index.php')
CRITICAL - 2022-11-14 09:45:19 --> Undefined array key "contact_peson"
in APPPATH\Views\tbcustomer\modaledit.php on line 141.
 1 APPPATH\Views\tbcustomer\modaledit.php(141): CodeIgniter\Debug\Exceptions->errorHandler(2, 'Undefined array key "contact_peson"', 'APPPATH\\Views\\tbcustomer\\modaledit.php', 141)
 2 SYSTEMPATH\View\View.php(213): include('APPPATH\\Views\\tbcustomer\\modaledit.php')
 3 SYSTEMPATH\View\View.php(216): CodeIgniter\View\View->CodeIgniter\View\{closure}()
 4 SYSTEMPATH\Common.php(1142): CodeIgniter\View\View->render('tbcustomer/modaledit', [], true)
 5 APPPATH\Controllers\Tbcustomer.php(206): view('tbcustomer/modaledit', [...])
 6 SYSTEMPATH\CodeIgniter.php(904): App\Controllers\Tbcustomer->formedit()
 7 SYSTEMPATH\CodeIgniter.php(457): CodeIgniter\CodeIgniter->runController(Object(App\Controllers\Tbcustomer))
 8 SYSTEMPATH\CodeIgniter.php(340): CodeIgniter\CodeIgniter->handleRequest(null, Object(Config\Cache), false)
 9 FCPATH\index.php(67): CodeIgniter\CodeIgniter->run()
10 SYSTEMPATH\Commands\Server\rewrite.php(43): require_once('FCPATH\\index.php')
CRITICAL - 2022-11-14 09:59:28 --> Undefined array key "npwp"
in APPPATH\Views\wo\modalcari_nopolisi.php on line 32.
 1 APPPATH\Views\wo\modalcari_nopolisi.php(32): CodeIgniter\Debug\Exceptions->errorHandler(2, 'Undefined array key "npwp"', 'APPPATH\\Views\\wo\\modalcari_nopolisi.php', 32)
 2 SYSTEMPATH\View\View.php(213): include('APPPATH\\Views\\wo\\modalcari_nopolisi.php')
 3 SYSTEMPATH\View\View.php(216): CodeIgniter\View\View->CodeIgniter\View\{closure}()
 4 SYSTEMPATH\Common.php(1142): CodeIgniter\View\View->render('wo/modalcari_nopolisi', [], true)
 5 APPPATH\Controllers\Wo.php(315): view('wo/modalcari_nopolisi', [...])
 6 SYSTEMPATH\CodeIgniter.php(904): App\Controllers\Wo->cari_nopolisi()
 7 SYSTEMPATH\CodeIgniter.php(457): CodeIgniter\CodeIgniter->runController(Object(App\Controllers\Wo))
 8 SYSTEMPATH\CodeIgniter.php(340): CodeIgniter\CodeIgniter->handleRequest(null, Object(Config\Cache), false)
 9 FCPATH\index.php(67): CodeIgniter\CodeIgniter->run()
10 SYSTEMPATH\Commands\Server\rewrite.php(43): require_once('FCPATH\\index.php')
CRITICAL - 2022-11-14 09:59:34 --> Undefined array key "npwp"
in APPPATH\Views\wo\modalcari_nopolisi.php on line 32.
 1 APPPATH\Views\wo\modalcari_nopolisi.php(32): CodeIgniter\Debug\Exceptions->errorHandler(2, 'Undefined array key "npwp"', 'APPPATH\\Views\\wo\\modalcari_nopolisi.php', 32)
 2 SYSTEMPATH\View\View.php(213): include('APPPATH\\Views\\wo\\modalcari_nopolisi.php')
 3 SYSTEMPATH\View\View.php(216): CodeIgniter\View\View->CodeIgniter\View\{closure}()
 4 SYSTEMPATH\Common.php(1142): CodeIgniter\View\View->render('wo/modalcari_nopolisi', [], true)
 5 APPPATH\Controllers\Wo.php(315): view('wo/modalcari_nopolisi', [...])
 6 SYSTEMPATH\CodeIgniter.php(904): App\Controllers\Wo->cari_nopolisi()
 7 SYSTEMPATH\CodeIgniter.php(457): CodeIgniter\CodeIgniter->runController(Object(App\Controllers\Wo))
 8 SYSTEMPATH\CodeIgniter.php(340): CodeIgniter\CodeIgniter->handleRequest(null, Object(Config\Cache), false)
 9 FCPATH\index.php(67): CodeIgniter\CodeIgniter->run()
10 SYSTEMPATH\Commands\Server\rewrite.php(43): require_once('FCPATH\\index.php')
CRITICAL - 2022-11-14 09:59:48 --> Undefined array key "npwp"
in APPPATH\Views\wo\modalcari_nopolisi.php on line 32.
 1 APPPATH\Views\wo\modalcari_nopolisi.php(32): CodeIgniter\Debug\Exceptions->errorHandler(2, 'Undefined array key "npwp"', 'APPPATH\\Views\\wo\\modalcari_nopolisi.php', 32)
 2 SYSTEMPATH\View\View.php(213): include('APPPATH\\Views\\wo\\modalcari_nopolisi.php')
 3 SYSTEMPATH\View\View.php(216): CodeIgniter\View\View->CodeIgniter\View\{closure}()
 4 SYSTEMPATH\Common.php(1142): CodeIgniter\View\View->render('wo/modalcari_nopolisi', [], true)
 5 APPPATH\Controllers\Wo.php(315): view('wo/modalcari_nopolisi', [...])
 6 SYSTEMPATH\CodeIgniter.php(904): App\Controllers\Wo->cari_nopolisi()
 7 SYSTEMPATH\CodeIgniter.php(457): CodeIgniter\CodeIgniter->runController(Object(App\Controllers\Wo))
 8 SYSTEMPATH\CodeIgniter.php(340): CodeIgniter\CodeIgniter->handleRequest(null, Object(Config\Cache), false)
 9 FCPATH\index.php(67): CodeIgniter\CodeIgniter->run()
10 SYSTEMPATH\Commands\Server\rewrite.php(43): require_once('FCPATH\\index.php')
CRITICAL - 2022-11-14 10:24:12 --> Undefined array key "contct_person"
in APPPATH\Views\tbmobil\modalcari_pemilik.php on line 31.
 1 APPPATH\Views\tbmobil\modalcari_pemilik.php(31): CodeIgniter\Debug\Exceptions->errorHandler(2, 'Undefined array key "contct_person"', 'APPPATH\\Views\\tbmobil\\modalcari_pemilik.php', 31)
 2 SYSTEMPATH\View\View.php(213): include('APPPATH\\Views\\tbmobil\\modalcari_pemilik.php')
 3 SYSTEMPATH\View\View.php(216): CodeIgniter\View\View->CodeIgniter\View\{closure}()
 4 SYSTEMPATH\Common.php(1142): CodeIgniter\View\View->render('tbmobil/modalcari_pemilik', [], true)
 5 APPPATH\Controllers\Tbmobil.php(386): view('tbmobil/modalcari_pemilik', [...])
 6 SYSTEMPATH\CodeIgniter.php(904): App\Controllers\tbmobil->cari_data_pemilik()
 7 SYSTEMPATH\CodeIgniter.php(457): CodeIgniter\CodeIgniter->runController(Object(App\Controllers\tbmobil))
 8 SYSTEMPATH\CodeIgniter.php(340): CodeIgniter\CodeIgniter->handleRequest(null, Object(Config\Cache), false)
 9 FCPATH\index.php(67): CodeIgniter\CodeIgniter->run()
10 SYSTEMPATH\Commands\Server\rewrite.php(43): require_once('FCPATH\\index.php')
CRITICAL - 2022-11-14 10:24:19 --> Undefined array key "contct_person"
in APPPATH\Views\tbmobil\modalcari_pemilik.php on line 31.
 1 APPPATH\Views\tbmobil\modalcari_pemilik.php(31): CodeIgniter\Debug\Exceptions->errorHandler(2, 'Undefined array key "contct_person"', 'APPPATH\\Views\\tbmobil\\modalcari_pemilik.php', 31)
 2 SYSTEMPATH\View\View.php(213): include('APPPATH\\Views\\tbmobil\\modalcari_pemilik.php')
 3 SYSTEMPATH\View\View.php(216): CodeIgniter\View\View->CodeIgniter\View\{closure}()
 4 SYSTEMPATH\Common.php(1142): CodeIgniter\View\View->render('tbmobil/modalcari_pemilik', [], true)
 5 APPPATH\Controllers\Tbmobil.php(386): view('tbmobil/modalcari_pemilik', [...])
 6 SYSTEMPATH\CodeIgniter.php(904): App\Controllers\tbmobil->cari_data_pemilik()
 7 SYSTEMPATH\CodeIgniter.php(457): CodeIgniter\CodeIgniter->runController(Object(App\Controllers\tbmobil))
 8 SYSTEMPATH\CodeIgniter.php(340): CodeIgniter\CodeIgniter->handleRequest(null, Object(Config\Cache), false)
 9 FCPATH\index.php(67): CodeIgniter\CodeIgniter->run()
10 SYSTEMPATH\Commands\Server\rewrite.php(43): require_once('FCPATH\\index.php')
CRITICAL - 2022-11-14 11:05:20 --> Undefined variable $tbcustomer
in APPPATH\Views\wo\modaldetail.php on line 10.
 1 APPPATH\Views\wo\modaldetail.php(10): CodeIgniter\Debug\Exceptions->errorHandler(2, 'Undefined variable $tbcustomer', 'APPPATH\\Views\\wo\\modaldetail.php', 10)
 2 SYSTEMPATH\View\View.php(213): include('APPPATH\\Views\\wo\\modaldetail.php')
 3 SYSTEMPATH\View\View.php(216): CodeIgniter\View\View->CodeIgniter\View\{closure}()
 4 SYSTEMPATH\Common.php(1142): CodeIgniter\View\View->render('wo/modaldetail', [], true)
 5 APPPATH\Controllers\Wo.php(69): view('wo/modaldetail', [...])
 6 SYSTEMPATH\CodeIgniter.php(904): App\Controllers\Wo->formdetail()
 7 SYSTEMPATH\CodeIgniter.php(457): CodeIgniter\CodeIgniter->runController(Object(App\Controllers\Wo))
 8 SYSTEMPATH\CodeIgniter.php(340): CodeIgniter\CodeIgniter->handleRequest(null, Object(Config\Cache), false)
 9 FCPATH\index.php(67): CodeIgniter\CodeIgniter->run()
10 SYSTEMPATH\Commands\Server\rewrite.php(43): require_once('FCPATH\\index.php')
CRITICAL - 2022-11-14 11:05:22 --> Undefined variable $tbcustomer
in APPPATH\Views\wo\modaldetail.php on line 10.
 1 APPPATH\Views\wo\modaldetail.php(10): CodeIgniter\Debug\Exceptions->errorHandler(2, 'Undefined variable $tbcustomer', 'APPPATH\\Views\\wo\\modaldetail.php', 10)
 2 SYSTEMPATH\View\View.php(213): include('APPPATH\\Views\\wo\\modaldetail.php')
 3 SYSTEMPATH\View\View.php(216): CodeIgniter\View\View->CodeIgniter\View\{closure}()
 4 SYSTEMPATH\Common.php(1142): CodeIgniter\View\View->render('wo/modaldetail', [], true)
 5 APPPATH\Controllers\Wo.php(69): view('wo/modaldetail', [...])
 6 SYSTEMPATH\CodeIgniter.php(904): App\Controllers\Wo->formdetail()
 7 SYSTEMPATH\CodeIgniter.php(457): CodeIgniter\CodeIgniter->runController(Object(App\Controllers\Wo))
 8 SYSTEMPATH\CodeIgniter.php(340): CodeIgniter\CodeIgniter->handleRequest(null, Object(Config\Cache), false)
 9 FCPATH\index.php(67): CodeIgniter\CodeIgniter->run()
10 SYSTEMPATH\Commands\Server\rewrite.php(43): require_once('FCPATH\\index.php')
CRITICAL - 2022-11-14 13:57:40 --> Undefined array key "tipe"
in APPPATH\Views\wo\modalcari_nopolisi.php on line 31.
 1 APPPATH\Views\wo\modalcari_nopolisi.php(31): CodeIgniter\Debug\Exceptions->errorHandler(2, 'Undefined array key "tipe"', 'APPPATH\\Views\\wo\\modalcari_nopolisi.php', 31)
 2 SYSTEMPATH\View\View.php(213): include('APPPATH\\Views\\wo\\modalcari_nopolisi.php')
 3 SYSTEMPATH\View\View.php(216): CodeIgniter\View\View->CodeIgniter\View\{closure}()
 4 SYSTEMPATH\Common.php(1142): CodeIgniter\View\View->render('wo/modalcari_nopolisi', [], true)
 5 APPPATH\Controllers\Wo.php(315): view('wo/modalcari_nopolisi', [...])
 6 SYSTEMPATH\CodeIgniter.php(904): App\Controllers\Wo->cari_nopolisi()
 7 SYSTEMPATH\CodeIgniter.php(457): CodeIgniter\CodeIgniter->runController(Object(App\Controllers\Wo))
 8 SYSTEMPATH\CodeIgniter.php(340): CodeIgniter\CodeIgniter->handleRequest(null, Object(Config\Cache), false)
 9 FCPATH\index.php(67): CodeIgniter\CodeIgniter->run()
10 SYSTEMPATH\Commands\Server\rewrite.php(43): require_once('FCPATH\\index.php')
CRITICAL - 2022-11-14 13:57:48 --> Undefined array key "tipe"
in APPPATH\Views\wo\modalcari_nopolisi.php on line 31.
 1 APPPATH\Views\wo\modalcari_nopolisi.php(31): CodeIgniter\Debug\Exceptions->errorHandler(2, 'Undefined array key "tipe"', 'APPPATH\\Views\\wo\\modalcari_nopolisi.php', 31)
 2 SYSTEMPATH\View\View.php(213): include('APPPATH\\Views\\wo\\modalcari_nopolisi.php')
 3 SYSTEMPATH\View\View.php(216): CodeIgniter\View\View->CodeIgniter\View\{closure}()
 4 SYSTEMPATH\Common.php(1142): CodeIgniter\View\View->render('wo/modalcari_nopolisi', [], true)
 5 APPPATH\Controllers\Wo.php(315): view('wo/modalcari_nopolisi', [...])
 6 SYSTEMPATH\CodeIgniter.php(904): App\Controllers\Wo->cari_nopolisi()
 7 SYSTEMPATH\CodeIgniter.php(457): CodeIgniter\CodeIgniter->runController(Object(App\Controllers\Wo))
 8 SYSTEMPATH\CodeIgniter.php(340): CodeIgniter\CodeIgniter->handleRequest(null, Object(Config\Cache), false)
 9 FCPATH\index.php(67): CodeIgniter\CodeIgniter->run()
10 SYSTEMPATH\Commands\Server\rewrite.php(43): require_once('FCPATH\\index.php')
CRITICAL - 2022-11-14 14:45:22 --> Call to undefined method App\Models\WoModel::tampilData
in SYSTEMPATH\Model.php on line 774.
 1 APPPATH\Controllers\Wo.php(49): CodeIgniter\Model->__call('tampilData', [...])
 2 SYSTEMPATH\CodeIgniter.php(904): App\Controllers\Wo->ajaxLoadData()
 3 SYSTEMPATH\CodeIgniter.php(457): CodeIgniter\CodeIgniter->runController(Object(App\Controllers\Wo))
 4 SYSTEMPATH\CodeIgniter.php(340): CodeIgniter\CodeIgniter->handleRequest(null, Object(Config\Cache), false)
 5 FCPATH\index.php(67): CodeIgniter\CodeIgniter->run()
 6 SYSTEMPATH\Commands\Server\rewrite.php(43): require_once('FCPATH\\index.php')
CRITICAL - 2022-11-14 14:53:17 --> CodeIgniter\Database\BaseBuilder::like(): Argument #2 ($match) must be of type string, null given, called in D:\xampp\htdocs\bp\system\Model.php on line 772
in SYSTEMPATH\Database\BaseBuilder.php on line 954.
 1 SYSTEMPATH\Model.php(772): CodeIgniter\Database\BaseBuilder->like('nopolisi', null)
 2 APPPATH\Models\WoModel.php(22): CodeIgniter\Model->__call('like', [...])
 3 APPPATH\Controllers\Wo.php(50): App\Models\WoModel->tampilData('ROOTPATH\\public', '0', '10', null)
 4 SYSTEMPATH\CodeIgniter.php(904): App\Controllers\Wo->ajaxLoadData()
 5 SYSTEMPATH\CodeIgniter.php(457): CodeIgniter\CodeIgniter->runController(Object(App\Controllers\Wo))
 6 SYSTEMPATH\CodeIgniter.php(340): CodeIgniter\CodeIgniter->handleRequest(null, Object(Config\Cache), false)
 7 FCPATH\index.php(67): CodeIgniter\CodeIgniter->run()
 8 SYSTEMPATH\Commands\Server\rewrite.php(43): require_once('FCPATH\\index.php')
CRITICAL - 2022-11-14 14:53:27 --> CodeIgniter\Database\BaseBuilder::like(): Argument #2 ($match) must be of type string, null given, called in D:\xampp\htdocs\bp\system\Model.php on line 772
in SYSTEMPATH\Database\BaseBuilder.php on line 954.
 1 SYSTEMPATH\Model.php(772): CodeIgniter\Database\BaseBuilder->like('nopolisi', null)
 2 APPPATH\Models\WoModel.php(22): CodeIgniter\Model->__call('like', [...])
 3 APPPATH\Controllers\Wo.php(50): App\Models\WoModel->tampilData('ROOTPATH\\public', '0', '10', null)
 4 SYSTEMPATH\CodeIgniter.php(904): App\Controllers\Wo->ajaxLoadData()
 5 SYSTEMPATH\CodeIgniter.php(457): CodeIgniter\CodeIgniter->runController(Object(App\Controllers\Wo))
 6 SYSTEMPATH\CodeIgniter.php(340): CodeIgniter\CodeIgniter->handleRequest(null, Object(Config\Cache), false)
 7 FCPATH\index.php(67): CodeIgniter\CodeIgniter->run()
 8 SYSTEMPATH\Commands\Server\rewrite.php(43): require_once('FCPATH\\index.php')
CRITICAL - 2022-11-14 14:53:52 --> CodeIgniter\Database\BaseBuilder::like(): Argument #2 ($match) must be of type string, null given, called in D:\xampp\htdocs\bp\system\Model.php on line 772
in SYSTEMPATH\Database\BaseBuilder.php on line 954.
 1 SYSTEMPATH\Model.php(772): CodeIgniter\Database\BaseBuilder->like('nopolisi', null)
 2 APPPATH\Models\WoModel.php(22): CodeIgniter\Model->__call('like', [...])
 3 APPPATH\Controllers\Wo.php(50): App\Models\WoModel->tampilData('ROOTPATH\\public', '0', '10', null)
 4 SYSTEMPATH\CodeIgniter.php(904): App\Controllers\Wo->ajaxLoadData()
 5 SYSTEMPATH\CodeIgniter.php(457): CodeIgniter\CodeIgniter->runController(Object(App\Controllers\Wo))
 6 SYSTEMPATH\CodeIgniter.php(340): CodeIgniter\CodeIgniter->handleRequest(null, Object(Config\Cache), false)
 7 FCPATH\index.php(67): CodeIgniter\CodeIgniter->run()
 8 SYSTEMPATH\Commands\Server\rewrite.php(43): require_once('FCPATH\\index.php')
CRITICAL - 2022-11-14 14:55:14 --> CodeIgniter\Database\BaseBuilder::like(): Argument #2 ($match) must be of type string, null given, called in D:\xampp\htdocs\bp\system\Model.php on line 772
in SYSTEMPATH\Database\BaseBuilder.php on line 954.
 1 SYSTEMPATH\Model.php(772): CodeIgniter\Database\BaseBuilder->like('nopolisi', null)
 2 APPPATH\Models\WoModel.php(34): CodeIgniter\Model->__call('like', [...])
 3 APPPATH\Controllers\Wo.php(50): App\Models\WoModel->tampilData('ROOTPATH\\public', '0', '10', null)
 4 SYSTEMPATH\CodeIgniter.php(904): App\Controllers\Wo->ajaxLoadData()
 5 SYSTEMPATH\CodeIgniter.php(457): CodeIgniter\CodeIgniter->runController(Object(App\Controllers\Wo))
 6 SYSTEMPATH\CodeIgniter.php(340): CodeIgniter\CodeIgniter->handleRequest(null, Object(Config\Cache), false)
 7 FCPATH\index.php(67): CodeIgniter\CodeIgniter->run()
 8 SYSTEMPATH\Commands\Server\rewrite.php(43): require_once('FCPATH\\index.php')
ERROR - 2022-11-14 15:47:25 --> mysqli_sql_exception: Unknown column 'nama' in 'where clause' in D:\xampp\htdocs\bp\system\Database\MySQLi\Connection.php:292
Stack trace:
#0 D:\xampp\htdocs\bp\system\Database\MySQLi\Connection.php(292): mysqli->query('SELECT *\nFROM `...', 0)
#1 D:\xampp\htdocs\bp\system\Database\BaseConnection.php(693): CodeIgniter\Database\MySQLi\Connection->execute('SELECT *\nFROM `...')
#2 D:\xampp\htdocs\bp\system\Database\BaseConnection.php(620): CodeIgniter\Database\BaseConnection->simpleQuery('SELECT *\nFROM `...')
#3 D:\xampp\htdocs\bp\system\Database\BaseBuilder.php(1585): CodeIgniter\Database\BaseConnection->query('SELECT *\nFROM `...', Array, false)
#4 D:\xampp\htdocs\bp\system\Model.php(772): CodeIgniter\Database\BaseBuilder->get()
#5 D:\xampp\htdocs\bp\app\Models\WoModel.php(40): CodeIgniter\Model->__call('get', Array)
#6 D:\xampp\htdocs\bp\app\Controllers\Wo.php(51): App\Models\WoModel->tampilData('b', '0', '10', NULL)
#7 D:\xampp\htdocs\bp\system\CodeIgniter.php(904): App\Controllers\Wo->ajaxLoadData()
#8 D:\xampp\htdocs\bp\system\CodeIgniter.php(457): CodeIgniter\CodeIgniter->runController(Object(App\Controllers\Wo))
#9 D:\xampp\htdocs\bp\system\CodeIgniter.php(340): CodeIgniter\CodeIgniter->handleRequest(NULL, Object(Config\Cache), false)
#10 D:\xampp\htdocs\bp\public\index.php(67): CodeIgniter\CodeIgniter->run()
#11 D:\xampp\htdocs\bp\system\Commands\Server\rewrite.php(43): require_once('D:\\xampp\\htdocs...')
#12 {main}
CRITICAL - 2022-11-14 15:47:25 --> Unknown column 'nama' in 'where clause'
in SYSTEMPATH\Database\MySQLi\Connection.php on line 292.
 1 SYSTEMPATH\Database\MySQLi\Connection.php(292): mysqli->query('SELECT *
FROM `wo`
WHERE `nowo` LIKE \'%b%\' ESCAPE \'!\'
OR  `nama` LIKE \'%b%\' ESCAPE \'!\'
OR  `alamat` LIKE \'%b%\' ESCAPE \'!\'
OR  `user` LIKE \'%b%\' ESCAPE \'!\'
ORDER BY `noestimasi` DESC
 LIMIT 10', 0)
 2 SYSTEMPATH\Database\BaseConnection.php(693): CodeIgniter\Database\MySQLi\Connection->execute('SELECT *
FROM `wo`
WHERE `nowo` LIKE \'%b%\' ESCAPE \'!\'
OR  `nama` LIKE \'%b%\' ESCAPE \'!\'
OR  `alamat` LIKE \'%b%\' ESCAPE \'!\'
OR  `user` LIKE \'%b%\' ESCAPE \'!\'
ORDER BY `noestimasi` DESC
 LIMIT 10')
 3 SYSTEMPATH\Database\BaseConnection.php(620): CodeIgniter\Database\BaseConnection->simpleQuery('SELECT *
FROM `wo`
WHERE `nowo` LIKE \'%b%\' ESCAPE \'!\'
OR  `nama` LIKE \'%b%\' ESCAPE \'!\'
OR  `alamat` LIKE \'%b%\' ESCAPE \'!\'
OR  `user` LIKE \'%b%\' ESCAPE \'!\'
ORDER BY `noestimasi` DESC
 LIMIT 10')
 4 SYSTEMPATH\Database\BaseBuilder.php(1585): CodeIgniter\Database\BaseConnection->query('SELECT *
FROM `wo`
WHERE `nowo` LIKE :nowo: ESCAPE \'!\'
OR  `nama` LIKE :nama: ESCAPE \'!\'
OR  `alamat` LIKE :alamat: ESCAPE \'!\'
OR  `user` LIKE :user: ESCAPE \'!\'
ORDER BY `noestimasi` DESC
 LIMIT 10', [...], false)
 5 SYSTEMPATH\Model.php(772): CodeIgniter\Database\BaseBuilder->get()
 6 APPPATH\Models\WoModel.php(40): CodeIgniter\Model->__call('get', [])
 7 APPPATH\Controllers\Wo.php(51): App\Models\WoModel->tampilData('b', '0', '10', null)
 8 SYSTEMPATH\CodeIgniter.php(904): App\Controllers\Wo->ajaxLoadData()
 9 SYSTEMPATH\CodeIgniter.php(457): CodeIgniter\CodeIgniter->runController(Object(App\Controllers\Wo))
10 SYSTEMPATH\CodeIgniter.php(340): CodeIgniter\CodeIgniter->handleRequest(null, Object(Config\Cache), false)
11 FCPATH\index.php(67): CodeIgniter\CodeIgniter->run()
12 SYSTEMPATH\Commands\Server\rewrite.php(43): require_once('FCPATH\\index.php')
ERROR - 2022-11-14 15:48:04 --> mysqli_sql_exception: Unknown column 'nama' in 'where clause' in D:\xampp\htdocs\bp\system\Database\MySQLi\Connection.php:292
Stack trace:
#0 D:\xampp\htdocs\bp\system\Database\MySQLi\Connection.php(292): mysqli->query('SELECT *\nFROM `...', 0)
#1 D:\xampp\htdocs\bp\system\Database\BaseConnection.php(693): CodeIgniter\Database\MySQLi\Connection->execute('SELECT *\nFROM `...')
#2 D:\xampp\htdocs\bp\system\Database\BaseConnection.php(620): CodeIgniter\Database\BaseConnection->simpleQuery('SELECT *\nFROM `...')
#3 D:\xampp\htdocs\bp\system\Database\BaseBuilder.php(1585): CodeIgniter\Database\BaseConnection->query('SELECT *\nFROM `...', Array, false)
#4 D:\xampp\htdocs\bp\system\Model.php(772): CodeIgniter\Database\BaseBuilder->get()
#5 D:\xampp\htdocs\bp\app\Models\WoModel.php(34): CodeIgniter\Model->__call('get', Array)
#6 D:\xampp\htdocs\bp\app\Controllers\Wo.php(51): App\Models\WoModel->tampilData('b', '0', '10', NULL)
#7 D:\xampp\htdocs\bp\system\CodeIgniter.php(904): App\Controllers\Wo->ajaxLoadData()
#8 D:\xampp\htdocs\bp\system\CodeIgniter.php(457): CodeIgniter\CodeIgniter->runController(Object(App\Controllers\Wo))
#9 D:\xampp\htdocs\bp\system\CodeIgniter.php(340): CodeIgniter\CodeIgniter->handleRequest(NULL, Object(Config\Cache), false)
#10 D:\xampp\htdocs\bp\public\index.php(67): CodeIgniter\CodeIgniter->run()
#11 D:\xampp\htdocs\bp\system\Commands\Server\rewrite.php(43): require_once('D:\\xampp\\htdocs...')
#12 {main}
CRITICAL - 2022-11-14 15:48:04 --> Unknown column 'nama' in 'where clause'
in SYSTEMPATH\Database\MySQLi\Connection.php on line 292.
 1 SYSTEMPATH\Database\MySQLi\Connection.php(292): mysqli->query('SELECT *
FROM `wo`
WHERE `nowo` LIKE \'%b%\' ESCAPE \'!\'
OR  `nama` LIKE \'%b%\' ESCAPE \'!\'
OR  `alamat` LIKE \'%b%\' ESCAPE \'!\'
OR  `user` LIKE \'%b%\' ESCAPE \'!\'
ORDER BY `noestimasi` DESC
 LIMIT 10', 0)
 2 SYSTEMPATH\Database\BaseConnection.php(693): CodeIgniter\Database\MySQLi\Connection->execute('SELECT *
FROM `wo`
WHERE `nowo` LIKE \'%b%\' ESCAPE \'!\'
OR  `nama` LIKE \'%b%\' ESCAPE \'!\'
OR  `alamat` LIKE \'%b%\' ESCAPE \'!\'
OR  `user` LIKE \'%b%\' ESCAPE \'!\'
ORDER BY `noestimasi` DESC
 LIMIT 10')
 3 SYSTEMPATH\Database\BaseConnection.php(620): CodeIgniter\Database\BaseConnection->simpleQuery('SELECT *
FROM `wo`
WHERE `nowo` LIKE \'%b%\' ESCAPE \'!\'
OR  `nama` LIKE \'%b%\' ESCAPE \'!\'
OR  `alamat` LIKE \'%b%\' ESCAPE \'!\'
OR  `user` LIKE \'%b%\' ESCAPE \'!\'
ORDER BY `noestimasi` DESC
 LIMIT 10')
 4 SYSTEMPATH\Database\BaseBuilder.php(1585): CodeIgniter\Database\BaseConnection->query('SELECT *
FROM `wo`
WHERE `nowo` LIKE :nowo: ESCAPE \'!\'
OR  `nama` LIKE :nama: ESCAPE \'!\'
OR  `alamat` LIKE :alamat: ESCAPE \'!\'
OR  `user` LIKE :user: ESCAPE \'!\'
ORDER BY `noestimasi` DESC
 LIMIT 10', [...], false)
 5 SYSTEMPATH\Model.php(772): CodeIgniter\Database\BaseBuilder->get()
 6 APPPATH\Models\WoModel.php(34): CodeIgniter\Model->__call('get', [])
 7 APPPATH\Controllers\Wo.php(51): App\Models\WoModel->tampilData('b', '0', '10', null)
 8 SYSTEMPATH\CodeIgniter.php(904): App\Controllers\Wo->ajaxLoadData()
 9 SYSTEMPATH\CodeIgniter.php(457): CodeIgniter\CodeIgniter->runController(Object(App\Controllers\Wo))
10 SYSTEMPATH\CodeIgniter.php(340): CodeIgniter\CodeIgniter->handleRequest(null, Object(Config\Cache), false)
11 FCPATH\index.php(67): CodeIgniter\CodeIgniter->run()
12 SYSTEMPATH\Commands\Server\rewrite.php(43): require_once('FCPATH\\index.php')
ERROR - 2022-11-14 15:48:26 --> mysqli_sql_exception: Unknown column 'nama' in 'where clause' in D:\xampp\htdocs\bp\system\Database\MySQLi\Connection.php:292
Stack trace:
#0 D:\xampp\htdocs\bp\system\Database\MySQLi\Connection.php(292): mysqli->query('SELECT *\nFROM `...', 0)
#1 D:\xampp\htdocs\bp\system\Database\BaseConnection.php(693): CodeIgniter\Database\MySQLi\Connection->execute('SELECT *\nFROM `...')
#2 D:\xampp\htdocs\bp\system\Database\BaseConnection.php(620): CodeIgniter\Database\BaseConnection->simpleQuery('SELECT *\nFROM `...')
#3 D:\xampp\htdocs\bp\system\Database\BaseBuilder.php(1585): CodeIgniter\Database\BaseConnection->query('SELECT *\nFROM `...', Array, false)
#4 D:\xampp\htdocs\bp\system\Model.php(772): CodeIgniter\Database\BaseBuilder->get()
#5 D:\xampp\htdocs\bp\app\Models\WoModel.php(34): CodeIgniter\Model->__call('get', Array)
#6 D:\xampp\htdocs\bp\app\Controllers\Wo.php(51): App\Models\WoModel->tampilData('b', '0', '10')
#7 D:\xampp\htdocs\bp\system\CodeIgniter.php(904): App\Controllers\Wo->ajaxLoadData()
#8 D:\xampp\htdocs\bp\system\CodeIgniter.php(457): CodeIgniter\CodeIgniter->runController(Object(App\Controllers\Wo))
#9 D:\xampp\htdocs\bp\system\CodeIgniter.php(340): CodeIgniter\CodeIgniter->handleRequest(NULL, Object(Config\Cache), false)
#10 D:\xampp\htdocs\bp\public\index.php(67): CodeIgniter\CodeIgniter->run()
#11 D:\xampp\htdocs\bp\system\Commands\Server\rewrite.php(43): require_once('D:\\xampp\\htdocs...')
#12 {main}
CRITICAL - 2022-11-14 15:48:26 --> Unknown column 'nama' in 'where clause'
in SYSTEMPATH\Database\MySQLi\Connection.php on line 292.
 1 SYSTEMPATH\Database\MySQLi\Connection.php(292): mysqli->query('SELECT *
FROM `wo`
WHERE `nowo` LIKE \'%b%\' ESCAPE \'!\'
OR  `nama` LIKE \'%b%\' ESCAPE \'!\'
OR  `alamat` LIKE \'%b%\' ESCAPE \'!\'
OR  `user` LIKE \'%b%\' ESCAPE \'!\'
ORDER BY `noestimasi` DESC
 LIMIT 10', 0)
 2 SYSTEMPATH\Database\BaseConnection.php(693): CodeIgniter\Database\MySQLi\Connection->execute('SELECT *
FROM `wo`
WHERE `nowo` LIKE \'%b%\' ESCAPE \'!\'
OR  `nama` LIKE \'%b%\' ESCAPE \'!\'
OR  `alamat` LIKE \'%b%\' ESCAPE \'!\'
OR  `user` LIKE \'%b%\' ESCAPE \'!\'
ORDER BY `noestimasi` DESC
 LIMIT 10')
 3 SYSTEMPATH\Database\BaseConnection.php(620): CodeIgniter\Database\BaseConnection->simpleQuery('SELECT *
FROM `wo`
WHERE `nowo` LIKE \'%b%\' ESCAPE \'!\'
OR  `nama` LIKE \'%b%\' ESCAPE \'!\'
OR  `alamat` LIKE \'%b%\' ESCAPE \'!\'
OR  `user` LIKE \'%b%\' ESCAPE \'!\'
ORDER BY `noestimasi` DESC
 LIMIT 10')
 4 SYSTEMPATH\Database\BaseBuilder.php(1585): CodeIgniter\Database\BaseConnection->query('SELECT *
FROM `wo`
WHERE `nowo` LIKE :nowo: ESCAPE \'!\'
OR  `nama` LIKE :nama: ESCAPE \'!\'
OR  `alamat` LIKE :alamat: ESCAPE \'!\'
OR  `user` LIKE :user: ESCAPE \'!\'
ORDER BY `noestimasi` DESC
 LIMIT 10', [...], false)
 5 SYSTEMPATH\Model.php(772): CodeIgniter\Database\BaseBuilder->get()
 6 APPPATH\Models\WoModel.php(34): CodeIgniter\Model->__call('get', [])
 7 APPPATH\Controllers\Wo.php(51): App\Models\WoModel->tampilData('b', '0', '10')
 8 SYSTEMPATH\CodeIgniter.php(904): App\Controllers\Wo->ajaxLoadData()
 9 SYSTEMPATH\CodeIgniter.php(457): CodeIgniter\CodeIgniter->runController(Object(App\Controllers\Wo))
10 SYSTEMPATH\CodeIgniter.php(340): CodeIgniter\CodeIgniter->handleRequest(null, Object(Config\Cache), false)
11 FCPATH\index.php(67): CodeIgniter\CodeIgniter->run()
12 SYSTEMPATH\Commands\Server\rewrite.php(43): require_once('FCPATH\\index.php')
ERROR - 2022-11-14 15:49:38 --> mysqli_sql_exception: Unknown column 'nama' in 'where clause' in D:\xampp\htdocs\bp\system\Database\MySQLi\Connection.php:292
Stack trace:
#0 D:\xampp\htdocs\bp\system\Database\MySQLi\Connection.php(292): mysqli->query('SELECT *\nFROM `...', 0)
#1 D:\xampp\htdocs\bp\system\Database\BaseConnection.php(693): CodeIgniter\Database\MySQLi\Connection->execute('SELECT *\nFROM `...')
#2 D:\xampp\htdocs\bp\system\Database\BaseConnection.php(620): CodeIgniter\Database\BaseConnection->simpleQuery('SELECT *\nFROM `...')
#3 D:\xampp\htdocs\bp\system\Database\BaseBuilder.php(1585): CodeIgniter\Database\BaseConnection->query('SELECT *\nFROM `...', Array, false)
#4 D:\xampp\htdocs\bp\system\Model.php(772): CodeIgniter\Database\BaseBuilder->get()
#5 D:\xampp\htdocs\bp\app\Models\WoModel.php(34): CodeIgniter\Model->__call('get', Array)
#6 D:\xampp\htdocs\bp\app\Controllers\Wo.php(50): App\Models\WoModel->tampilData('b', '0', '10')
#7 D:\xampp\htdocs\bp\system\CodeIgniter.php(904): App\Controllers\Wo->ajaxLoadData()
#8 D:\xampp\htdocs\bp\system\CodeIgniter.php(457): CodeIgniter\CodeIgniter->runController(Object(App\Controllers\Wo))
#9 D:\xampp\htdocs\bp\system\CodeIgniter.php(340): CodeIgniter\CodeIgniter->handleRequest(NULL, Object(Config\Cache), false)
#10 D:\xampp\htdocs\bp\public\index.php(67): CodeIgniter\CodeIgniter->run()
#11 D:\xampp\htdocs\bp\system\Commands\Server\rewrite.php(43): require_once('D:\\xampp\\htdocs...')
#12 {main}
CRITICAL - 2022-11-14 15:49:38 --> Unknown column 'nama' in 'where clause'
in SYSTEMPATH\Database\MySQLi\Connection.php on line 292.
 1 SYSTEMPATH\Database\MySQLi\Connection.php(292): mysqli->query('SELECT *
FROM `wo`
WHERE `nowo` LIKE \'%b%\' ESCAPE \'!\'
OR  `nama` LIKE \'%b%\' ESCAPE \'!\'
OR  `alamat` LIKE \'%b%\' ESCAPE \'!\'
OR  `user` LIKE \'%b%\' ESCAPE \'!\'
ORDER BY `noestimasi` DESC
 LIMIT 10', 0)
 2 SYSTEMPATH\Database\BaseConnection.php(693): CodeIgniter\Database\MySQLi\Connection->execute('SELECT *
FROM `wo`
WHERE `nowo` LIKE \'%b%\' ESCAPE \'!\'
OR  `nama` LIKE \'%b%\' ESCAPE \'!\'
OR  `alamat` LIKE \'%b%\' ESCAPE \'!\'
OR  `user` LIKE \'%b%\' ESCAPE \'!\'
ORDER BY `noestimasi` DESC
 LIMIT 10')
 3 SYSTEMPATH\Database\BaseConnection.php(620): CodeIgniter\Database\BaseConnection->simpleQuery('SELECT *
FROM `wo`
WHERE `nowo` LIKE \'%b%\' ESCAPE \'!\'
OR  `nama` LIKE \'%b%\' ESCAPE \'!\'
OR  `alamat` LIKE \'%b%\' ESCAPE \'!\'
OR  `user` LIKE \'%b%\' ESCAPE \'!\'
ORDER BY `noestimasi` DESC
 LIMIT 10')
 4 SYSTEMPATH\Database\BaseBuilder.php(1585): CodeIgniter\Database\BaseConnection->query('SELECT *
FROM `wo`
WHERE `nowo` LIKE :nowo: ESCAPE \'!\'
OR  `nama` LIKE :nama: ESCAPE \'!\'
OR  `alamat` LIKE :alamat: ESCAPE \'!\'
OR  `user` LIKE :user: ESCAPE \'!\'
ORDER BY `noestimasi` DESC
 LIMIT 10', [...], false)
 5 SYSTEMPATH\Model.php(772): CodeIgniter\Database\BaseBuilder->get()
 6 APPPATH\Models\WoModel.php(34): CodeIgniter\Model->__call('get', [])
 7 APPPATH\Controllers\Wo.php(50): App\Models\WoModel->tampilData('b', '0', '10')
 8 SYSTEMPATH\CodeIgniter.php(904): App\Controllers\Wo->ajaxLoadData()
 9 SYSTEMPATH\CodeIgniter.php(457): CodeIgniter\CodeIgniter->runController(Object(App\Controllers\Wo))
10 SYSTEMPATH\CodeIgniter.php(340): CodeIgniter\CodeIgniter->handleRequest(null, Object(Config\Cache), false)
11 FCPATH\index.php(67): CodeIgniter\CodeIgniter->run()
12 SYSTEMPATH\Commands\Server\rewrite.php(43): require_once('FCPATH\\index.php')
ERROR - 2022-11-14 15:50:12 --> mysqli_sql_exception: Unknown column 'nama' in 'where clause' in D:\xampp\htdocs\bp\system\Database\MySQLi\Connection.php:292
Stack trace:
#0 D:\xampp\htdocs\bp\system\Database\MySQLi\Connection.php(292): mysqli->query('SELECT *\nFROM `...', 0)
#1 D:\xampp\htdocs\bp\system\Database\BaseConnection.php(693): CodeIgniter\Database\MySQLi\Connection->execute('SELECT *\nFROM `...')
#2 D:\xampp\htdocs\bp\system\Database\BaseConnection.php(620): CodeIgniter\Database\BaseConnection->simpleQuery('SELECT *\nFROM `...')
#3 D:\xampp\htdocs\bp\system\Database\BaseBuilder.php(1585): CodeIgniter\Database\BaseConnection->query('SELECT *\nFROM `...', Array, false)
#4 D:\xampp\htdocs\bp\system\Model.php(772): CodeIgniter\Database\BaseBuilder->get()
#5 D:\xampp\htdocs\bp\app\Models\WoModel.php(34): CodeIgniter\Model->__call('get', Array)
#6 D:\xampp\htdocs\bp\app\Controllers\Wo.php(50): App\Models\WoModel->tampilData('b', '0', '10')
#7 D:\xampp\htdocs\bp\system\CodeIgniter.php(904): App\Controllers\Wo->ajaxLoadData()
#8 D:\xampp\htdocs\bp\system\CodeIgniter.php(457): CodeIgniter\CodeIgniter->runController(Object(App\Controllers\Wo))
#9 D:\xampp\htdocs\bp\system\CodeIgniter.php(340): CodeIgniter\CodeIgniter->handleRequest(NULL, Object(Config\Cache), false)
#10 D:\xampp\htdocs\bp\public\index.php(67): CodeIgniter\CodeIgniter->run()
#11 D:\xampp\htdocs\bp\system\Commands\Server\rewrite.php(43): require_once('D:\\xampp\\htdocs...')
#12 {main}
CRITICAL - 2022-11-14 15:50:12 --> Unknown column 'nama' in 'where clause'
in SYSTEMPATH\Database\MySQLi\Connection.php on line 292.
 1 SYSTEMPATH\Database\MySQLi\Connection.php(292): mysqli->query('SELECT *
FROM `wo`
WHERE `nowo` LIKE \'%b%\' ESCAPE \'!\'
OR  `nama` LIKE \'%b%\' ESCAPE \'!\'
OR  `alamat` LIKE \'%b%\' ESCAPE \'!\'
OR  `user` LIKE \'%b%\' ESCAPE \'!\'
ORDER BY `noestimasi` DESC
 LIMIT 10', 0)
 2 SYSTEMPATH\Database\BaseConnection.php(693): CodeIgniter\Database\MySQLi\Connection->execute('SELECT *
FROM `wo`
WHERE `nowo` LIKE \'%b%\' ESCAPE \'!\'
OR  `nama` LIKE \'%b%\' ESCAPE \'!\'
OR  `alamat` LIKE \'%b%\' ESCAPE \'!\'
OR  `user` LIKE \'%b%\' ESCAPE \'!\'
ORDER BY `noestimasi` DESC
 LIMIT 10')
 3 SYSTEMPATH\Database\BaseConnection.php(620): CodeIgniter\Database\BaseConnection->simpleQuery('SELECT *
FROM `wo`
WHERE `nowo` LIKE \'%b%\' ESCAPE \'!\'
OR  `nama` LIKE \'%b%\' ESCAPE \'!\'
OR  `alamat` LIKE \'%b%\' ESCAPE \'!\'
OR  `user` LIKE \'%b%\' ESCAPE \'!\'
ORDER BY `noestimasi` DESC
 LIMIT 10')
 4 SYSTEMPATH\Database\BaseBuilder.php(1585): CodeIgniter\Database\BaseConnection->query('SELECT *
FROM `wo`
WHERE `nowo` LIKE :nowo: ESCAPE \'!\'
OR  `nama` LIKE :nama: ESCAPE \'!\'
OR  `alamat` LIKE :alamat: ESCAPE \'!\'
OR  `user` LIKE :user: ESCAPE \'!\'
ORDER BY `noestimasi` DESC
 LIMIT 10', [...], false)
 5 SYSTEMPATH\Model.php(772): CodeIgniter\Database\BaseBuilder->get()
 6 APPPATH\Models\WoModel.php(34): CodeIgniter\Model->__call('get', [])
 7 APPPATH\Controllers\Wo.php(50): App\Models\WoModel->tampilData('b', '0', '10')
 8 SYSTEMPATH\CodeIgniter.php(904): App\Controllers\Wo->ajaxLoadData()
 9 SYSTEMPATH\CodeIgniter.php(457): CodeIgniter\CodeIgniter->runController(Object(App\Controllers\Wo))
10 SYSTEMPATH\CodeIgniter.php(340): CodeIgniter\CodeIgniter->handleRequest(null, Object(Config\Cache), false)
11 FCPATH\index.php(67): CodeIgniter\CodeIgniter->run()
12 SYSTEMPATH\Commands\Server\rewrite.php(43): require_once('FCPATH\\index.php')
ERROR - 2022-11-14 15:51:03 --> mysqli_sql_exception: Unknown column 'nama' in 'where clause' in D:\xampp\htdocs\bp\system\Database\MySQLi\Connection.php:292
Stack trace:
#0 D:\xampp\htdocs\bp\system\Database\MySQLi\Connection.php(292): mysqli->query('SELECT *\nFROM `...', 0)
#1 D:\xampp\htdocs\bp\system\Database\BaseConnection.php(693): CodeIgniter\Database\MySQLi\Connection->execute('SELECT *\nFROM `...')
#2 D:\xampp\htdocs\bp\system\Database\BaseConnection.php(620): CodeIgniter\Database\BaseConnection->simpleQuery('SELECT *\nFROM `...')
#3 D:\xampp\htdocs\bp\system\Database\BaseBuilder.php(1585): CodeIgniter\Database\BaseConnection->query('SELECT *\nFROM `...', Array, false)
#4 D:\xampp\htdocs\bp\system\Model.php(772): CodeIgniter\Database\BaseBuilder->get()
#5 D:\xampp\htdocs\bp\app\Models\WoModel.php(34): CodeIgniter\Model->__call('get', Array)
#6 D:\xampp\htdocs\bp\app\Controllers\Wo.php(50): App\Models\WoModel->tampilData('a', '0', '10')
#7 D:\xampp\htdocs\bp\system\CodeIgniter.php(904): App\Controllers\Wo->ajaxLoadData()
#8 D:\xampp\htdocs\bp\system\CodeIgniter.php(457): CodeIgniter\CodeIgniter->runController(Object(App\Controllers\Wo))
#9 D:\xampp\htdocs\bp\system\CodeIgniter.php(340): CodeIgniter\CodeIgniter->handleRequest(NULL, Object(Config\Cache), false)
#10 D:\xampp\htdocs\bp\public\index.php(67): CodeIgniter\CodeIgniter->run()
#11 D:\xampp\htdocs\bp\system\Commands\Server\rewrite.php(43): require_once('D:\\xampp\\htdocs...')
#12 {main}
CRITICAL - 2022-11-14 15:51:03 --> Unknown column 'nama' in 'where clause'
in SYSTEMPATH\Database\MySQLi\Connection.php on line 292.
 1 SYSTEMPATH\Database\MySQLi\Connection.php(292): mysqli->query('SELECT *
FROM `wo`
WHERE `nowo` LIKE \'%a%\' ESCAPE \'!\'
OR  `nama` LIKE \'%a%\' ESCAPE \'!\'
OR  `alamat` LIKE \'%a%\' ESCAPE \'!\'
OR  `user` LIKE \'%a%\' ESCAPE \'!\'
ORDER BY `noestimasi` DESC
 LIMIT 10', 0)
 2 SYSTEMPATH\Database\BaseConnection.php(693): CodeIgniter\Database\MySQLi\Connection->execute('SELECT *
FROM `wo`
WHERE `nowo` LIKE \'%a%\' ESCAPE \'!\'
OR  `nama` LIKE \'%a%\' ESCAPE \'!\'
OR  `alamat` LIKE \'%a%\' ESCAPE \'!\'
OR  `user` LIKE \'%a%\' ESCAPE \'!\'
ORDER BY `noestimasi` DESC
 LIMIT 10')
 3 SYSTEMPATH\Database\BaseConnection.php(620): CodeIgniter\Database\BaseConnection->simpleQuery('SELECT *
FROM `wo`
WHERE `nowo` LIKE \'%a%\' ESCAPE \'!\'
OR  `nama` LIKE \'%a%\' ESCAPE \'!\'
OR  `alamat` LIKE \'%a%\' ESCAPE \'!\'
OR  `user` LIKE \'%a%\' ESCAPE \'!\'
ORDER BY `noestimasi` DESC
 LIMIT 10')
 4 SYSTEMPATH\Database\BaseBuilder.php(1585): CodeIgniter\Database\BaseConnection->query('SELECT *
FROM `wo`
WHERE `nowo` LIKE :nowo: ESCAPE \'!\'
OR  `nama` LIKE :nama: ESCAPE \'!\'
OR  `alamat` LIKE :alamat: ESCAPE \'!\'
OR  `user` LIKE :user: ESCAPE \'!\'
ORDER BY `noestimasi` DESC
 LIMIT 10', [...], false)
 5 SYSTEMPATH\Model.php(772): CodeIgniter\Database\BaseBuilder->get()
 6 APPPATH\Models\WoModel.php(34): CodeIgniter\Model->__call('get', [])
 7 APPPATH\Controllers\Wo.php(50): App\Models\WoModel->tampilData('a', '0', '10')
 8 SYSTEMPATH\CodeIgniter.php(904): App\Controllers\Wo->ajaxLoadData()
 9 SYSTEMPATH\CodeIgniter.php(457): CodeIgniter\CodeIgniter->runController(Object(App\Controllers\Wo))
10 SYSTEMPATH\CodeIgniter.php(340): CodeIgniter\CodeIgniter->handleRequest(null, Object(Config\Cache), false)
11 FCPATH\index.php(67): CodeIgniter\CodeIgniter->run()
12 SYSTEMPATH\Commands\Server\rewrite.php(43): require_once('FCPATH\\index.php')
CRITICAL - 2022-11-14 15:52:07 --> Undefined variable $output
in APPPATH\Controllers\Wo.php on line 59.
 1 APPPATH\Controllers\Wo.php(59): CodeIgniter\Debug\Exceptions->errorHandler(2, 'Undefined variable $output', 'APPPATH\\Controllers\\Wo.php', 59)
 2 SYSTEMPATH\CodeIgniter.php(904): App\Controllers\Wo->ajaxLoadData()
 3 SYSTEMPATH\CodeIgniter.php(457): CodeIgniter\CodeIgniter->runController(Object(App\Controllers\Wo))
 4 SYSTEMPATH\CodeIgniter.php(340): CodeIgniter\CodeIgniter->handleRequest(null, Object(Config\Cache), false)
 5 FCPATH\index.php(67): CodeIgniter\CodeIgniter->run()
 6 SYSTEMPATH\Commands\Server\rewrite.php(43): require_once('FCPATH\\index.php')
ERROR - 2022-11-14 15:53:09 --> mysqli_sql_exception: Unknown column 'nama' in 'where clause' in D:\xampp\htdocs\bp\system\Database\MySQLi\Connection.php:292
Stack trace:
#0 D:\xampp\htdocs\bp\system\Database\MySQLi\Connection.php(292): mysqli->query('SELECT *\nFROM `...', 0)
#1 D:\xampp\htdocs\bp\system\Database\BaseConnection.php(693): CodeIgniter\Database\MySQLi\Connection->execute('SELECT *\nFROM `...')
#2 D:\xampp\htdocs\bp\system\Database\BaseConnection.php(620): CodeIgniter\Database\BaseConnection->simpleQuery('SELECT *\nFROM `...')
#3 D:\xampp\htdocs\bp\system\Database\BaseBuilder.php(1585): CodeIgniter\Database\BaseConnection->query('SELECT *\nFROM `...', Array, false)
#4 D:\xampp\htdocs\bp\system\Model.php(772): CodeIgniter\Database\BaseBuilder->get()
#5 D:\xampp\htdocs\bp\app\Models\WoModel.php(34): CodeIgniter\Model->__call('get', Array)
#6 D:\xampp\htdocs\bp\app\Controllers\Wo.php(50): App\Models\WoModel->tampilData('1', '0', '10')
#7 D:\xampp\htdocs\bp\system\CodeIgniter.php(904): App\Controllers\Wo->ajaxLoadData()
#8 D:\xampp\htdocs\bp\system\CodeIgniter.php(457): CodeIgniter\CodeIgniter->runController(Object(App\Controllers\Wo))
#9 D:\xampp\htdocs\bp\system\CodeIgniter.php(340): CodeIgniter\CodeIgniter->handleRequest(NULL, Object(Config\Cache), false)
#10 D:\xampp\htdocs\bp\public\index.php(67): CodeIgniter\CodeIgniter->run()
#11 D:\xampp\htdocs\bp\system\Commands\Server\rewrite.php(43): require_once('D:\\xampp\\htdocs...')
#12 {main}
CRITICAL - 2022-11-14 15:53:09 --> Unknown column 'nama' in 'where clause'
in SYSTEMPATH\Database\MySQLi\Connection.php on line 292.
 1 SYSTEMPATH\Database\MySQLi\Connection.php(292): mysqli->query('SELECT *
FROM `wo`
WHERE `nowo` LIKE \'%1%\' ESCAPE \'!\'
OR  `nama` LIKE \'%1%\' ESCAPE \'!\'
OR  `alamat` LIKE \'%1%\' ESCAPE \'!\'
OR  `user` LIKE \'%1%\' ESCAPE \'!\'
ORDER BY `noestimasi` DESC
 LIMIT 10', 0)
 2 SYSTEMPATH\Database\BaseConnection.php(693): CodeIgniter\Database\MySQLi\Connection->execute('SELECT *
FROM `wo`
WHERE `nowo` LIKE \'%1%\' ESCAPE \'!\'
OR  `nama` LIKE \'%1%\' ESCAPE \'!\'
OR  `alamat` LIKE \'%1%\' ESCAPE \'!\'
OR  `user` LIKE \'%1%\' ESCAPE \'!\'
ORDER BY `noestimasi` DESC
 LIMIT 10')
 3 SYSTEMPATH\Database\BaseConnection.php(620): CodeIgniter\Database\BaseConnection->simpleQuery('SELECT *
FROM `wo`
WHERE `nowo` LIKE \'%1%\' ESCAPE \'!\'
OR  `nama` LIKE \'%1%\' ESCAPE \'!\'
OR  `alamat` LIKE \'%1%\' ESCAPE \'!\'
OR  `user` LIKE \'%1%\' ESCAPE \'!\'
ORDER BY `noestimasi` DESC
 LIMIT 10')
 4 SYSTEMPATH\Database\BaseBuilder.php(1585): CodeIgniter\Database\BaseConnection->query('SELECT *
FROM `wo`
WHERE `nowo` LIKE :nowo: ESCAPE \'!\'
OR  `nama` LIKE :nama: ESCAPE \'!\'
OR  `alamat` LIKE :alamat: ESCAPE \'!\'
OR  `user` LIKE :user: ESCAPE \'!\'
ORDER BY `noestimasi` DESC
 LIMIT 10', [...], false)
 5 SYSTEMPATH\Model.php(772): CodeIgniter\Database\BaseBuilder->get()
 6 APPPATH\Models\WoModel.php(34): CodeIgniter\Model->__call('get', [])
 7 APPPATH\Controllers\Wo.php(50): App\Models\WoModel->tampilData('1', '0', '10')
 8 SYSTEMPATH\CodeIgniter.php(904): App\Controllers\Wo->ajaxLoadData()
 9 SYSTEMPATH\CodeIgniter.php(457): CodeIgniter\CodeIgniter->runController(Object(App\Controllers\Wo))
10 SYSTEMPATH\CodeIgniter.php(340): CodeIgniter\CodeIgniter->handleRequest(null, Object(Config\Cache), false)
11 FCPATH\index.php(67): CodeIgniter\CodeIgniter->run()
12 SYSTEMPATH\Commands\Server\rewrite.php(43): require_once('FCPATH\\index.php')
CRITICAL - 2022-11-14 15:55:57 --> Undefined variable $tbcustomer
in APPPATH\Views\wo\modaldetail.php on line 10.
 1 APPPATH\Views\wo\modaldetail.php(10): CodeIgniter\Debug\Exceptions->errorHandler(2, 'Undefined variable $tbcustomer', 'APPPATH\\Views\\wo\\modaldetail.php', 10)
 2 SYSTEMPATH\View\View.php(213): include('APPPATH\\Views\\wo\\modaldetail.php')
 3 SYSTEMPATH\View\View.php(216): CodeIgniter\View\View->CodeIgniter\View\{closure}()
 4 SYSTEMPATH\Common.php(1142): CodeIgniter\View\View->render('wo/modaldetail', [], true)
 5 APPPATH\Controllers\Wo.php(71): view('wo/modaldetail', [...])
 6 SYSTEMPATH\CodeIgniter.php(904): App\Controllers\Wo->formdetail()
 7 SYSTEMPATH\CodeIgniter.php(457): CodeIgniter\CodeIgniter->runController(Object(App\Controllers\Wo))
 8 SYSTEMPATH\CodeIgniter.php(340): CodeIgniter\CodeIgniter->handleRequest(null, Object(Config\Cache), false)
 9 FCPATH\index.php(67): CodeIgniter\CodeIgniter->run()
10 SYSTEMPATH\Commands\Server\rewrite.php(43): require_once('FCPATH\\index.php')
CRITICAL - 2022-11-14 15:56:02 --> Undefined variable $tbcustomer
in APPPATH\Views\wo\modaldetail.php on line 10.
 1 APPPATH\Views\wo\modaldetail.php(10): CodeIgniter\Debug\Exceptions->errorHandler(2, 'Undefined variable $tbcustomer', 'APPPATH\\Views\\wo\\modaldetail.php', 10)
 2 SYSTEMPATH\View\View.php(213): include('APPPATH\\Views\\wo\\modaldetail.php')
 3 SYSTEMPATH\View\View.php(216): CodeIgniter\View\View->CodeIgniter\View\{closure}()
 4 SYSTEMPATH\Common.php(1142): CodeIgniter\View\View->render('wo/modaldetail', [], true)
 5 APPPATH\Controllers\Wo.php(71): view('wo/modaldetail', [...])
 6 SYSTEMPATH\CodeIgniter.php(904): App\Controllers\Wo->formdetail()
 7 SYSTEMPATH\CodeIgniter.php(457): CodeIgniter\CodeIgniter->runController(Object(App\Controllers\Wo))
 8 SYSTEMPATH\CodeIgniter.php(340): CodeIgniter\CodeIgniter->handleRequest(null, Object(Config\Cache), false)
 9 FCPATH\index.php(67): CodeIgniter\CodeIgniter->run()
10 SYSTEMPATH\Commands\Server\rewrite.php(43): require_once('FCPATH\\index.php')
CRITICAL - 2022-11-14 16:55:39 --> Undefined variable $tbcustomer
in APPPATH\Views\wo\modaldetail.php on line 10.
 1 APPPATH\Views\wo\modaldetail.php(10): CodeIgniter\Debug\Exceptions->errorHandler(2, 'Undefined variable $tbcustomer', 'APPPATH\\Views\\wo\\modaldetail.php', 10)
 2 SYSTEMPATH\View\View.php(213): include('APPPATH\\Views\\wo\\modaldetail.php')
 3 SYSTEMPATH\View\View.php(216): CodeIgniter\View\View->CodeIgniter\View\{closure}()
 4 SYSTEMPATH\Common.php(1142): CodeIgniter\View\View->render('wo/modaldetail', [], true)
 5 APPPATH\Controllers\Wo.php(71): view('wo/modaldetail', [...])
 6 SYSTEMPATH\CodeIgniter.php(904): App\Controllers\Wo->formdetail()
 7 SYSTEMPATH\CodeIgniter.php(457): CodeIgniter\CodeIgniter->runController(Object(App\Controllers\Wo))
 8 SYSTEMPATH\CodeIgniter.php(340): CodeIgniter\CodeIgniter->handleRequest(null, Object(Config\Cache), false)
 9 FCPATH\index.php(67): CodeIgniter\CodeIgniter->run()
10 SYSTEMPATH\Commands\Server\rewrite.php(43): require_once('FCPATH\\index.php')
CRITICAL - 2022-11-14 17:18:31 --> substr(): Passing null to parameter #1 ($string) of type string is deprecated
in APPPATH\Controllers\Wo.php on line 146.
 1 [internal function]: CodeIgniter\Debug\Exceptions->errorHandler(8192, 'substr(): Passing null to parameter #1 ($string) of type string is deprecated', 'APPPATH\\Controllers\\Wo.php', 146)
 2 APPPATH\Controllers\Wo.php(146): substr(null, -5)
 3 SYSTEMPATH\CodeIgniter.php(904): App\Controllers\Wo->simpandata()
 4 SYSTEMPATH\CodeIgniter.php(457): CodeIgniter\CodeIgniter->runController(Object(App\Controllers\Wo))
 5 SYSTEMPATH\CodeIgniter.php(340): CodeIgniter\CodeIgniter->handleRequest(null, Object(Config\Cache), false)
 6 FCPATH\index.php(67): CodeIgniter\CodeIgniter->run()
 7 SYSTEMPATH\Commands\Server\rewrite.php(43): require_once('FCPATH\\index.php')
CRITICAL - 2022-11-14 17:18:47 --> substr(): Passing null to parameter #1 ($string) of type string is deprecated
in APPPATH\Controllers\Wo.php on line 146.
 1 [internal function]: CodeIgniter\Debug\Exceptions->errorHandler(8192, 'substr(): Passing null to parameter #1 ($string) of type string is deprecated', 'APPPATH\\Controllers\\Wo.php', 146)
 2 APPPATH\Controllers\Wo.php(146): substr(null, -5)
 3 SYSTEMPATH\CodeIgniter.php(904): App\Controllers\Wo->simpandata()
 4 SYSTEMPATH\CodeIgniter.php(457): CodeIgniter\CodeIgniter->runController(Object(App\Controllers\Wo))
 5 SYSTEMPATH\CodeIgniter.php(340): CodeIgniter\CodeIgniter->handleRequest(null, Object(Config\Cache), false)
 6 FCPATH\index.php(67): CodeIgniter\CodeIgniter->run()
 7 SYSTEMPATH\Commands\Server\rewrite.php(43): require_once('FCPATH\\index.php')
CRITICAL - 2022-11-14 17:18:53 --> substr(): Passing null to parameter #1 ($string) of type string is deprecated
in APPPATH\Controllers\Wo.php on line 146.
 1 [internal function]: CodeIgniter\Debug\Exceptions->errorHandler(8192, 'substr(): Passing null to parameter #1 ($string) of type string is deprecated', 'APPPATH\\Controllers\\Wo.php', 146)
 2 APPPATH\Controllers\Wo.php(146): substr(null, -5)
 3 SYSTEMPATH\CodeIgniter.php(904): App\Controllers\Wo->simpandata()
 4 SYSTEMPATH\CodeIgniter.php(457): CodeIgniter\CodeIgniter->runController(Object(App\Controllers\Wo))
 5 SYSTEMPATH\CodeIgniter.php(340): CodeIgniter\CodeIgniter->handleRequest(null, Object(Config\Cache), false)
 6 FCPATH\index.php(67): CodeIgniter\CodeIgniter->run()
 7 SYSTEMPATH\Commands\Server\rewrite.php(43): require_once('FCPATH\\index.php')
CRITICAL - 2022-11-14 17:22:00 --> substr(): Passing null to parameter #1 ($string) of type string is deprecated
in APPPATH\Controllers\Wo.php on line 147.
 1 [internal function]: CodeIgniter\Debug\Exceptions->errorHandler(8192, 'substr(): Passing null to parameter #1 ($string) of type string is deprecated', 'APPPATH\\Controllers\\Wo.php', 147)
 2 APPPATH\Controllers\Wo.php(147): substr(null, -5)
 3 SYSTEMPATH\CodeIgniter.php(904): App\Controllers\Wo->simpandata()
 4 SYSTEMPATH\CodeIgniter.php(457): CodeIgniter\CodeIgniter->runController(Object(App\Controllers\Wo))
 5 SYSTEMPATH\CodeIgniter.php(340): CodeIgniter\CodeIgniter->handleRequest(null, Object(Config\Cache), false)
 6 FCPATH\index.php(67): CodeIgniter\CodeIgniter->run()
 7 SYSTEMPATH\Commands\Server\rewrite.php(43): require_once('FCPATH\\index.php')
CRITICAL - 2022-11-14 17:25:45 --> Attempt to read property "noestimasi" on array
in APPPATH\Controllers\Wo.php on line 145.
 1 APPPATH\Controllers\Wo.php(145): CodeIgniter\Debug\Exceptions->errorHandler(2, 'Attempt to read property "noestimasi" on array', 'APPPATH\\Controllers\\Wo.php', 145)
 2 SYSTEMPATH\CodeIgniter.php(904): App\Controllers\Wo->simpandata()
 3 SYSTEMPATH\CodeIgniter.php(457): CodeIgniter\CodeIgniter->runController(Object(App\Controllers\Wo))
 4 SYSTEMPATH\CodeIgniter.php(340): CodeIgniter\CodeIgniter->handleRequest(null, Object(Config\Cache), false)
 5 FCPATH\index.php(67): CodeIgniter\CodeIgniter->run()
 6 SYSTEMPATH\Commands\Server\rewrite.php(43): require_once('FCPATH\\index.php')
CRITICAL - 2022-11-14 17:26:21 --> Undefined array key "noestimasi"
in APPPATH\Controllers\Wo.php on line 145.
 1 APPPATH\Controllers\Wo.php(145): CodeIgniter\Debug\Exceptions->errorHandler(2, 'Undefined array key "noestimasi"', 'APPPATH\\Controllers\\Wo.php', 145)
 2 SYSTEMPATH\CodeIgniter.php(904): App\Controllers\Wo->simpandata()
 3 SYSTEMPATH\CodeIgniter.php(457): CodeIgniter\CodeIgniter->runController(Object(App\Controllers\Wo))
 4 SYSTEMPATH\CodeIgniter.php(340): CodeIgniter\CodeIgniter->handleRequest(null, Object(Config\Cache), false)
 5 FCPATH\index.php(67): CodeIgniter\CodeIgniter->run()
 6 SYSTEMPATH\Commands\Server\rewrite.php(43): require_once('FCPATH\\index.php')
CRITICAL - 2022-11-14 17:28:27 --> substr(): Passing null to parameter #1 ($string) of type string is deprecated
in APPPATH\Controllers\Wo.php on line 147.
 1 [internal function]: CodeIgniter\Debug\Exceptions->errorHandler(8192, 'substr(): Passing null to parameter #1 ($string) of type string is deprecated', 'APPPATH\\Controllers\\Wo.php', 147)
 2 APPPATH\Controllers\Wo.php(147): substr(null, -5)
 3 SYSTEMPATH\CodeIgniter.php(904): App\Controllers\Wo->simpandata()
 4 SYSTEMPATH\CodeIgniter.php(457): CodeIgniter\CodeIgniter->runController(Object(App\Controllers\Wo))
 5 SYSTEMPATH\CodeIgniter.php(340): CodeIgniter\CodeIgniter->handleRequest(null, Object(Config\Cache), false)
 6 FCPATH\index.php(67): CodeIgniter\CodeIgniter->run()
 7 SYSTEMPATH\Commands\Server\rewrite.php(43): require_once('FCPATH\\index.php')
CRITICAL - 2022-11-14 17:30:47 --> substr(): Passing null to parameter #1 ($string) of type string is deprecated
in APPPATH\Controllers\Wo.php on line 146.
 1 [internal function]: CodeIgniter\Debug\Exceptions->errorHandler(8192, 'substr(): Passing null to parameter #1 ($string) of type string is deprecated', 'APPPATH\\Controllers\\Wo.php', 146)
 2 APPPATH\Controllers\Wo.php(146): substr(null, -5)
 3 SYSTEMPATH\CodeIgniter.php(904): App\Controllers\Wo->simpandata()
 4 SYSTEMPATH\CodeIgniter.php(457): CodeIgniter\CodeIgniter->runController(Object(App\Controllers\Wo))
 5 SYSTEMPATH\CodeIgniter.php(340): CodeIgniter\CodeIgniter->handleRequest(null, Object(Config\Cache), false)
 6 FCPATH\index.php(67): CodeIgniter\CodeIgniter->run()
 7 SYSTEMPATH\Commands\Server\rewrite.php(43): require_once('FCPATH\\index.php')
CRITICAL - 2022-11-14 17:31:04 --> substr(): Passing null to parameter #1 ($string) of type string is deprecated
in APPPATH\Controllers\Wo.php on line 146.
 1 [internal function]: CodeIgniter\Debug\Exceptions->errorHandler(8192, 'substr(): Passing null to parameter #1 ($string) of type string is deprecated', 'APPPATH\\Controllers\\Wo.php', 146)
 2 APPPATH\Controllers\Wo.php(146): substr(null, -5)
 3 SYSTEMPATH\CodeIgniter.php(904): App\Controllers\Wo->simpandata()
 4 SYSTEMPATH\CodeIgniter.php(457): CodeIgniter\CodeIgniter->runController(Object(App\Controllers\Wo))
 5 SYSTEMPATH\CodeIgniter.php(340): CodeIgniter\CodeIgniter->handleRequest(null, Object(Config\Cache), false)
 6 FCPATH\index.php(67): CodeIgniter\CodeIgniter->run()
 7 SYSTEMPATH\Commands\Server\rewrite.php(43): require_once('FCPATH\\index.php')
CRITICAL - 2022-11-14 17:31:09 --> substr(): Passing null to parameter #1 ($string) of type string is deprecated
in APPPATH\Controllers\Wo.php on line 146.
 1 [internal function]: CodeIgniter\Debug\Exceptions->errorHandler(8192, 'substr(): Passing null to parameter #1 ($string) of type string is deprecated', 'APPPATH\\Controllers\\Wo.php', 146)
 2 APPPATH\Controllers\Wo.php(146): substr(null, -5)
 3 SYSTEMPATH\CodeIgniter.php(904): App\Controllers\Wo->simpandata()
 4 SYSTEMPATH\CodeIgniter.php(457): CodeIgniter\CodeIgniter->runController(Object(App\Controllers\Wo))
 5 SYSTEMPATH\CodeIgniter.php(340): CodeIgniter\CodeIgniter->handleRequest(null, Object(Config\Cache), false)
 6 FCPATH\index.php(67): CodeIgniter\CodeIgniter->run()
 7 SYSTEMPATH\Commands\Server\rewrite.php(43): require_once('FCPATH\\index.php')
CRITICAL - 2022-11-14 22:52:18 --> syntax error, unexpected token "else", expecting "function" or "const"
in APPPATH\Controllers\Wo.php on line 217.
 1 SYSTEMPATH\Autoloader\Autoloader.php(259): CodeIgniter\Autoloader\Autoloader->includeFile('APPPATH\\Controllers\\Wo.php')
 2 SYSTEMPATH\Autoloader\Autoloader.php(237): CodeIgniter\Autoloader\Autoloader->loadInNamespace('App\\Controllers\\wo')
 3 [internal function]: CodeIgniter\Autoloader\Autoloader->loadClass('App\\Controllers\\wo')
 4 SYSTEMPATH\CodeIgniter.php(854): class_exists('\\App\\Controllers\\wo', true)
 5 SYSTEMPATH\CodeIgniter.php(444): CodeIgniter\CodeIgniter->startController()
 6 SYSTEMPATH\CodeIgniter.php(340): CodeIgniter\CodeIgniter->handleRequest(null, Object(Config\Cache), false)
 7 FCPATH\index.php(67): CodeIgniter\CodeIgniter->run()
 8 SYSTEMPATH\Commands\Server\rewrite.php(43): require_once('FCPATH\\index.php')
