ERROR - 2022-11-05 09:40:30 --> mysqli_sql_exception: Unknown column 'tbmobil.aktif' in 'field list' in D:\xampp\htdocs\bp\system\Database\MySQLi\Connection.php:292
Stack trace:
#0 D:\xampp\htdocs\bp\system\Database\MySQLi\Connection.php(292): mysqli->query('SELECT `tbmobil...', 0)
#1 D:\xampp\htdocs\bp\system\Database\BaseConnection.php(693): CodeIgniter\Database\MySQLi\Connection->execute('SELECT `tbmobil...')
#2 D:\xampp\htdocs\bp\system\Database\BaseConnection.php(620): CodeIgniter\Database\BaseConnection->simpleQuery('SELECT `tbmobil...')
#3 D:\xampp\htdocs\bp\system\Database\BaseBuilder.php(1585): CodeIgniter\Database\BaseConnection->query('SELECT `tbmobil...', Array, false)
#4 D:\xampp\htdocs\bp\app\Models\TbmobilModel.php(34): CodeIgniter\Database\BaseBuilder->get()
#5 D:\xampp\htdocs\bp\app\Controllers\Tbmobil.php(297): App\Models\TbmobilModel->getnopolisi()
#6 D:\xampp\htdocs\bp\system\CodeIgniter.php(904): App\Controllers\tbmobil->table_mobil()
#7 D:\xampp\htdocs\bp\system\CodeIgniter.php(457): CodeIgniter\CodeIgniter->runController(Object(App\Controllers\tbmobil))
#8 D:\xampp\htdocs\bp\system\CodeIgniter.php(340): CodeIgniter\CodeIgniter->handleRequest(NULL, Object(Config\Cache), false)
#9 D:\xampp\htdocs\bp\public\index.php(67): CodeIgniter\CodeIgniter->run()
#10 D:\xampp\htdocs\bp\system\Commands\Server\rewrite.php(43): require_once('D:\\xampp\\htdocs...')
#11 {main}
CRITICAL - 2022-11-05 09:40:30 --> Unknown column 'tbmobil.aktif' in 'field list'
in SYSTEMPATH\Database\MySQLi\Connection.php on line 292.
 1 SYSTEMPATH\Database\MySQLi\Connection.php(292): mysqli->query('SELECT `tbmobil`.*, `tbmerek`.`nama` as `nmmerek`, `tbmobil`.`aktif` as `aktif`
FROM `tbmobil` as `tbmobil`
LEFT JOIN `tbmerek` as `tbmerek` ON `tbmobil`.`kdmerek` = `tbmerek`.`kode`', 0)
 2 SYSTEMPATH\Database\BaseConnection.php(693): CodeIgniter\Database\MySQLi\Connection->execute('SELECT `tbmobil`.*, `tbmerek`.`nama` as `nmmerek`, `tbmobil`.`aktif` as `aktif`
FROM `tbmobil` as `tbmobil`
LEFT JOIN `tbmerek` as `tbmerek` ON `tbmobil`.`kdmerek` = `tbmerek`.`kode`')
 3 SYSTEMPATH\Database\BaseConnection.php(620): CodeIgniter\Database\BaseConnection->simpleQuery('SELECT `tbmobil`.*, `tbmerek`.`nama` as `nmmerek`, `tbmobil`.`aktif` as `aktif`
FROM `tbmobil` as `tbmobil`
LEFT JOIN `tbmerek` as `tbmerek` ON `tbmobil`.`kdmerek` = `tbmerek`.`kode`')
 4 SYSTEMPATH\Database\BaseBuilder.php(1585): CodeIgniter\Database\BaseConnection->query('SELECT `tbmobil`.*, `tbmerek`.`nama` as `nmmerek`, `tbmobil`.`aktif` as `aktif`
FROM `tbmobil` as `tbmobil`
LEFT JOIN `tbmerek` as `tbmerek` ON `tbmobil`.`kdmerek` = `tbmerek`.`kode`', [], false)
 5 APPPATH\Models\TbmobilModel.php(34): CodeIgniter\Database\BaseBuilder->get()
 6 APPPATH\Controllers\Tbmobil.php(297): App\Models\TbmobilModel->getnopolisi()
 7 SYSTEMPATH\CodeIgniter.php(904): App\Controllers\tbmobil->table_mobil()
 8 SYSTEMPATH\CodeIgniter.php(457): CodeIgniter\CodeIgniter->runController(Object(App\Controllers\tbmobil))
 9 SYSTEMPATH\CodeIgniter.php(340): CodeIgniter\CodeIgniter->handleRequest(null, Object(Config\Cache), false)
10 FCPATH\index.php(67): CodeIgniter\CodeIgniter->run()
11 SYSTEMPATH\Commands\Server\rewrite.php(43): require_once('FCPATH\\index.php')
CRITICAL - 2022-11-05 09:41:27 --> Undefined property: stdClass::$nmmerek
in APPPATH\Views\tbmobil\tabel_mobil.php on line 42.
 1 APPPATH\Views\tbmobil\tabel_mobil.php(42): CodeIgniter\Debug\Exceptions->errorHandler(2, 'Undefined property: stdClass::$nmmerek', 'APPPATH\\Views\\tbmobil\\tabel_mobil.php', 42)
 2 SYSTEMPATH\View\View.php(213): include('APPPATH\\Views\\tbmobil\\tabel_mobil.php')
 3 SYSTEMPATH\View\View.php(216): CodeIgniter\View\View->CodeIgniter\View\{closure}()
 4 SYSTEMPATH\Common.php(1142): CodeIgniter\View\View->render('tbmobil/tabel_mobil', [], true)
 5 APPPATH\Controllers\Tbmobil.php(299): view('tbmobil/tabel_mobil', [...])
 6 SYSTEMPATH\CodeIgniter.php(904): App\Controllers\tbmobil->table_mobil()
 7 SYSTEMPATH\CodeIgniter.php(457): CodeIgniter\CodeIgniter->runController(Object(App\Controllers\tbmobil))
 8 SYSTEMPATH\CodeIgniter.php(340): CodeIgniter\CodeIgniter->handleRequest(null, Object(Config\Cache), false)
 9 FCPATH\index.php(67): CodeIgniter\CodeIgniter->run()
10 SYSTEMPATH\Commands\Server\rewrite.php(43): require_once('FCPATH\\index.php')
CRITICAL - 2022-11-05 09:41:58 --> Undefined property: stdClass::$nmmerek
in APPPATH\Views\tbmobil\tabel_mobil.php on line 42.
 1 APPPATH\Views\tbmobil\tabel_mobil.php(42): CodeIgniter\Debug\Exceptions->errorHandler(2, 'Undefined property: stdClass::$nmmerek', 'APPPATH\\Views\\tbmobil\\tabel_mobil.php', 42)
 2 SYSTEMPATH\View\View.php(213): include('APPPATH\\Views\\tbmobil\\tabel_mobil.php')
 3 SYSTEMPATH\View\View.php(216): CodeIgniter\View\View->CodeIgniter\View\{closure}()
 4 SYSTEMPATH\Common.php(1142): CodeIgniter\View\View->render('tbmobil/tabel_mobil', [], true)
 5 APPPATH\Controllers\Tbmobil.php(299): view('tbmobil/tabel_mobil', [...])
 6 SYSTEMPATH\CodeIgniter.php(904): App\Controllers\tbmobil->table_mobil()
 7 SYSTEMPATH\CodeIgniter.php(457): CodeIgniter\CodeIgniter->runController(Object(App\Controllers\tbmobil))
 8 SYSTEMPATH\CodeIgniter.php(340): CodeIgniter\CodeIgniter->handleRequest(null, Object(Config\Cache), false)
 9 FCPATH\index.php(67): CodeIgniter\CodeIgniter->run()
10 SYSTEMPATH\Commands\Server\rewrite.php(43): require_once('FCPATH\\index.php')
CRITICAL - 2022-11-05 09:42:27 --> Undefined property: stdClass::$nmmerek
in APPPATH\Views\tbmobil\tabel_mobil.php on line 42.
 1 APPPATH\Views\tbmobil\tabel_mobil.php(42): CodeIgniter\Debug\Exceptions->errorHandler(2, 'Undefined property: stdClass::$nmmerek', 'APPPATH\\Views\\tbmobil\\tabel_mobil.php', 42)
 2 SYSTEMPATH\View\View.php(213): include('APPPATH\\Views\\tbmobil\\tabel_mobil.php')
 3 SYSTEMPATH\View\View.php(216): CodeIgniter\View\View->CodeIgniter\View\{closure}()
 4 SYSTEMPATH\Common.php(1142): CodeIgniter\View\View->render('tbmobil/tabel_mobil', [], true)
 5 APPPATH\Controllers\Tbmobil.php(299): view('tbmobil/tabel_mobil', [...])
 6 SYSTEMPATH\CodeIgniter.php(904): App\Controllers\tbmobil->table_mobil()
 7 SYSTEMPATH\CodeIgniter.php(457): CodeIgniter\CodeIgniter->runController(Object(App\Controllers\tbmobil))
 8 SYSTEMPATH\CodeIgniter.php(340): CodeIgniter\CodeIgniter->handleRequest(null, Object(Config\Cache), false)
 9 FCPATH\index.php(67): CodeIgniter\CodeIgniter->run()
10 SYSTEMPATH\Commands\Server\rewrite.php(43): require_once('FCPATH\\index.php')
CRITICAL - 2022-11-05 09:42:51 --> Undefined property: stdClass::$nmmerek
in APPPATH\Views\tbmobil\tabel_mobil.php on line 42.
 1 APPPATH\Views\tbmobil\tabel_mobil.php(42): CodeIgniter\Debug\Exceptions->errorHandler(2, 'Undefined property: stdClass::$nmmerek', 'APPPATH\\Views\\tbmobil\\tabel_mobil.php', 42)
 2 SYSTEMPATH\View\View.php(213): include('APPPATH\\Views\\tbmobil\\tabel_mobil.php')
 3 SYSTEMPATH\View\View.php(216): CodeIgniter\View\View->CodeIgniter\View\{closure}()
 4 SYSTEMPATH\Common.php(1142): CodeIgniter\View\View->render('tbmobil/tabel_mobil', [], true)
 5 APPPATH\Controllers\Tbmobil.php(299): view('tbmobil/tabel_mobil', [...])
 6 SYSTEMPATH\CodeIgniter.php(904): App\Controllers\tbmobil->table_mobil()
 7 SYSTEMPATH\CodeIgniter.php(457): CodeIgniter\CodeIgniter->runController(Object(App\Controllers\tbmobil))
 8 SYSTEMPATH\CodeIgniter.php(340): CodeIgniter\CodeIgniter->handleRequest(null, Object(Config\Cache), false)
 9 FCPATH\index.php(67): CodeIgniter\CodeIgniter->run()
10 SYSTEMPATH\Commands\Server\rewrite.php(43): require_once('FCPATH\\index.php')
CRITICAL - 2022-11-05 09:42:58 --> Undefined property: stdClass::$nmmerek
in APPPATH\Views\tbmobil\tabel_mobil.php on line 42.
 1 APPPATH\Views\tbmobil\tabel_mobil.php(42): CodeIgniter\Debug\Exceptions->errorHandler(2, 'Undefined property: stdClass::$nmmerek', 'APPPATH\\Views\\tbmobil\\tabel_mobil.php', 42)
 2 SYSTEMPATH\View\View.php(213): include('APPPATH\\Views\\tbmobil\\tabel_mobil.php')
 3 SYSTEMPATH\View\View.php(216): CodeIgniter\View\View->CodeIgniter\View\{closure}()
 4 SYSTEMPATH\Common.php(1142): CodeIgniter\View\View->render('tbmobil/tabel_mobil', [], true)
 5 APPPATH\Controllers\Tbmobil.php(299): view('tbmobil/tabel_mobil', [...])
 6 SYSTEMPATH\CodeIgniter.php(904): App\Controllers\tbmobil->table_mobil()
 7 SYSTEMPATH\CodeIgniter.php(457): CodeIgniter\CodeIgniter->runController(Object(App\Controllers\tbmobil))
 8 SYSTEMPATH\CodeIgniter.php(340): CodeIgniter\CodeIgniter->handleRequest(null, Object(Config\Cache), false)
 9 FCPATH\index.php(67): CodeIgniter\CodeIgniter->run()
10 SYSTEMPATH\Commands\Server\rewrite.php(43): require_once('FCPATH\\index.php')
ERROR - 2022-11-05 09:43:48 --> mysqli_sql_exception: Unknown column 'tbmobil.aktif' in 'field list' in D:\xampp\htdocs\bp\system\Database\MySQLi\Connection.php:292
Stack trace:
#0 D:\xampp\htdocs\bp\system\Database\MySQLi\Connection.php(292): mysqli->query('SELECT `tbmobil...', 0)
#1 D:\xampp\htdocs\bp\system\Database\BaseConnection.php(693): CodeIgniter\Database\MySQLi\Connection->execute('SELECT `tbmobil...')
#2 D:\xampp\htdocs\bp\system\Database\BaseConnection.php(620): CodeIgniter\Database\BaseConnection->simpleQuery('SELECT `tbmobil...')
#3 D:\xampp\htdocs\bp\system\Database\BaseBuilder.php(1585): CodeIgniter\Database\BaseConnection->query('SELECT `tbmobil...', Array, false)
#4 D:\xampp\htdocs\bp\app\Models\TbmobilModel.php(34): CodeIgniter\Database\BaseBuilder->get()
#5 D:\xampp\htdocs\bp\app\Controllers\Tbmobil.php(297): App\Models\TbmobilModel->getnopolisi()
#6 D:\xampp\htdocs\bp\system\CodeIgniter.php(904): App\Controllers\tbmobil->table_mobil()
#7 D:\xampp\htdocs\bp\system\CodeIgniter.php(457): CodeIgniter\CodeIgniter->runController(Object(App\Controllers\tbmobil))
#8 D:\xampp\htdocs\bp\system\CodeIgniter.php(340): CodeIgniter\CodeIgniter->handleRequest(NULL, Object(Config\Cache), false)
#9 D:\xampp\htdocs\bp\public\index.php(67): CodeIgniter\CodeIgniter->run()
#10 D:\xampp\htdocs\bp\system\Commands\Server\rewrite.php(43): require_once('D:\\xampp\\htdocs...')
#11 {main}
CRITICAL - 2022-11-05 09:43:48 --> Unknown column 'tbmobil.aktif' in 'field list'
in SYSTEMPATH\Database\MySQLi\Connection.php on line 292.
 1 SYSTEMPATH\Database\MySQLi\Connection.php(292): mysqli->query('SELECT `tbmobil`.*, `tbmerek`.`nama` as `nmmerek`, `tbmobil`.`aktif` as `aktif`
FROM `tbmobil` as `tbmobil`
LEFT JOIN `tbmerek` as `tbmerek` ON `tbmobil`.`kdmerek` = `tbmerek`.`kode`', 0)
 2 SYSTEMPATH\Database\BaseConnection.php(693): CodeIgniter\Database\MySQLi\Connection->execute('SELECT `tbmobil`.*, `tbmerek`.`nama` as `nmmerek`, `tbmobil`.`aktif` as `aktif`
FROM `tbmobil` as `tbmobil`
LEFT JOIN `tbmerek` as `tbmerek` ON `tbmobil`.`kdmerek` = `tbmerek`.`kode`')
 3 SYSTEMPATH\Database\BaseConnection.php(620): CodeIgniter\Database\BaseConnection->simpleQuery('SELECT `tbmobil`.*, `tbmerek`.`nama` as `nmmerek`, `tbmobil`.`aktif` as `aktif`
FROM `tbmobil` as `tbmobil`
LEFT JOIN `tbmerek` as `tbmerek` ON `tbmobil`.`kdmerek` = `tbmerek`.`kode`')
 4 SYSTEMPATH\Database\BaseBuilder.php(1585): CodeIgniter\Database\BaseConnection->query('SELECT `tbmobil`.*, `tbmerek`.`nama` as `nmmerek`, `tbmobil`.`aktif` as `aktif`
FROM `tbmobil` as `tbmobil`
LEFT JOIN `tbmerek` as `tbmerek` ON `tbmobil`.`kdmerek` = `tbmerek`.`kode`', [], false)
 5 APPPATH\Models\TbmobilModel.php(34): CodeIgniter\Database\BaseBuilder->get()
 6 APPPATH\Controllers\Tbmobil.php(297): App\Models\TbmobilModel->getnopolisi()
 7 SYSTEMPATH\CodeIgniter.php(904): App\Controllers\tbmobil->table_mobil()
 8 SYSTEMPATH\CodeIgniter.php(457): CodeIgniter\CodeIgniter->runController(Object(App\Controllers\tbmobil))
 9 SYSTEMPATH\CodeIgniter.php(340): CodeIgniter\CodeIgniter->handleRequest(null, Object(Config\Cache), false)
10 FCPATH\index.php(67): CodeIgniter\CodeIgniter->run()
11 SYSTEMPATH\Commands\Server\rewrite.php(43): require_once('FCPATH\\index.php')
ERROR - 2022-11-05 09:45:47 --> mysqli_sql_exception: Unknown column 'tbmobil.aktif' in 'field list' in D:\xampp\htdocs\bp\system\Database\MySQLi\Connection.php:292
Stack trace:
#0 D:\xampp\htdocs\bp\system\Database\MySQLi\Connection.php(292): mysqli->query('SELECT `tbmobil...', 0)
#1 D:\xampp\htdocs\bp\system\Database\BaseConnection.php(693): CodeIgniter\Database\MySQLi\Connection->execute('SELECT `tbmobil...')
#2 D:\xampp\htdocs\bp\system\Database\BaseConnection.php(620): CodeIgniter\Database\BaseConnection->simpleQuery('SELECT `tbmobil...')
#3 D:\xampp\htdocs\bp\system\Database\BaseBuilder.php(1585): CodeIgniter\Database\BaseConnection->query('SELECT `tbmobil...', Array, false)
#4 D:\xampp\htdocs\bp\app\Models\TbmobilModel.php(34): CodeIgniter\Database\BaseBuilder->get()
#5 D:\xampp\htdocs\bp\app\Controllers\Tbmobil.php(297): App\Models\TbmobilModel->getnopolisi()
#6 D:\xampp\htdocs\bp\system\CodeIgniter.php(904): App\Controllers\tbmobil->table_mobil()
#7 D:\xampp\htdocs\bp\system\CodeIgniter.php(457): CodeIgniter\CodeIgniter->runController(Object(App\Controllers\tbmobil))
#8 D:\xampp\htdocs\bp\system\CodeIgniter.php(340): CodeIgniter\CodeIgniter->handleRequest(NULL, Object(Config\Cache), false)
#9 D:\xampp\htdocs\bp\public\index.php(67): CodeIgniter\CodeIgniter->run()
#10 D:\xampp\htdocs\bp\system\Commands\Server\rewrite.php(43): require_once('D:\\xampp\\htdocs...')
#11 {main}
CRITICAL - 2022-11-05 09:45:47 --> Unknown column 'tbmobil.aktif' in 'field list'
in SYSTEMPATH\Database\MySQLi\Connection.php on line 292.
 1 SYSTEMPATH\Database\MySQLi\Connection.php(292): mysqli->query('SELECT `tbmobil`.*, `tbmerek`.`nama` as `nmmerek`, `tbmobil`.`aktif` as `aktif`
FROM `tbmobil` as `tbmobil`
LEFT JOIN `tbmerek` as `tbmerek` ON `tbmobil`.`kdmerek` = `tbmerek`.`kode`', 0)
 2 SYSTEMPATH\Database\BaseConnection.php(693): CodeIgniter\Database\MySQLi\Connection->execute('SELECT `tbmobil`.*, `tbmerek`.`nama` as `nmmerek`, `tbmobil`.`aktif` as `aktif`
FROM `tbmobil` as `tbmobil`
LEFT JOIN `tbmerek` as `tbmerek` ON `tbmobil`.`kdmerek` = `tbmerek`.`kode`')
 3 SYSTEMPATH\Database\BaseConnection.php(620): CodeIgniter\Database\BaseConnection->simpleQuery('SELECT `tbmobil`.*, `tbmerek`.`nama` as `nmmerek`, `tbmobil`.`aktif` as `aktif`
FROM `tbmobil` as `tbmobil`
LEFT JOIN `tbmerek` as `tbmerek` ON `tbmobil`.`kdmerek` = `tbmerek`.`kode`')
 4 SYSTEMPATH\Database\BaseBuilder.php(1585): CodeIgniter\Database\BaseConnection->query('SELECT `tbmobil`.*, `tbmerek`.`nama` as `nmmerek`, `tbmobil`.`aktif` as `aktif`
FROM `tbmobil` as `tbmobil`
LEFT JOIN `tbmerek` as `tbmerek` ON `tbmobil`.`kdmerek` = `tbmerek`.`kode`', [], false)
 5 APPPATH\Models\TbmobilModel.php(34): CodeIgniter\Database\BaseBuilder->get()
 6 APPPATH\Controllers\Tbmobil.php(297): App\Models\TbmobilModel->getnopolisi()
 7 SYSTEMPATH\CodeIgniter.php(904): App\Controllers\tbmobil->table_mobil()
 8 SYSTEMPATH\CodeIgniter.php(457): CodeIgniter\CodeIgniter->runController(Object(App\Controllers\tbmobil))
 9 SYSTEMPATH\CodeIgniter.php(340): CodeIgniter\CodeIgniter->handleRequest(null, Object(Config\Cache), false)
10 FCPATH\index.php(67): CodeIgniter\CodeIgniter->run()
11 SYSTEMPATH\Commands\Server\rewrite.php(43): require_once('FCPATH\\index.php')
ERROR - 2022-11-05 09:45:55 --> mysqli_sql_exception: Unknown column 'tbmobil.aktif' in 'field list' in D:\xampp\htdocs\bp\system\Database\MySQLi\Connection.php:292
Stack trace:
#0 D:\xampp\htdocs\bp\system\Database\MySQLi\Connection.php(292): mysqli->query('SELECT `tbmobil...', 0)
#1 D:\xampp\htdocs\bp\system\Database\BaseConnection.php(693): CodeIgniter\Database\MySQLi\Connection->execute('SELECT `tbmobil...')
#2 D:\xampp\htdocs\bp\system\Database\BaseConnection.php(620): CodeIgniter\Database\BaseConnection->simpleQuery('SELECT `tbmobil...')
#3 D:\xampp\htdocs\bp\system\Database\BaseBuilder.php(1585): CodeIgniter\Database\BaseConnection->query('SELECT `tbmobil...', Array, false)
#4 D:\xampp\htdocs\bp\app\Models\TbmobilModel.php(34): CodeIgniter\Database\BaseBuilder->get()
#5 D:\xampp\htdocs\bp\app\Controllers\Tbmobil.php(297): App\Models\TbmobilModel->getnopolisi()
#6 D:\xampp\htdocs\bp\system\CodeIgniter.php(904): App\Controllers\tbmobil->table_mobil()
#7 D:\xampp\htdocs\bp\system\CodeIgniter.php(457): CodeIgniter\CodeIgniter->runController(Object(App\Controllers\tbmobil))
#8 D:\xampp\htdocs\bp\system\CodeIgniter.php(340): CodeIgniter\CodeIgniter->handleRequest(NULL, Object(Config\Cache), false)
#9 D:\xampp\htdocs\bp\public\index.php(67): CodeIgniter\CodeIgniter->run()
#10 D:\xampp\htdocs\bp\system\Commands\Server\rewrite.php(43): require_once('D:\\xampp\\htdocs...')
#11 {main}
CRITICAL - 2022-11-05 09:45:55 --> Unknown column 'tbmobil.aktif' in 'field list'
in SYSTEMPATH\Database\MySQLi\Connection.php on line 292.
 1 SYSTEMPATH\Database\MySQLi\Connection.php(292): mysqli->query('SELECT `tbmobil`.*, `tbmerek`.`nama` as `nmmerek`, `tbmobil`.`aktif` as `aktif`
FROM `tbmobil` as `tbmobil`
LEFT JOIN `tbmerek` as `tbmerek` ON `tbmobil`.`kdmerek` = `tbmerek`.`kode`', 0)
 2 SYSTEMPATH\Database\BaseConnection.php(693): CodeIgniter\Database\MySQLi\Connection->execute('SELECT `tbmobil`.*, `tbmerek`.`nama` as `nmmerek`, `tbmobil`.`aktif` as `aktif`
FROM `tbmobil` as `tbmobil`
LEFT JOIN `tbmerek` as `tbmerek` ON `tbmobil`.`kdmerek` = `tbmerek`.`kode`')
 3 SYSTEMPATH\Database\BaseConnection.php(620): CodeIgniter\Database\BaseConnection->simpleQuery('SELECT `tbmobil`.*, `tbmerek`.`nama` as `nmmerek`, `tbmobil`.`aktif` as `aktif`
FROM `tbmobil` as `tbmobil`
LEFT JOIN `tbmerek` as `tbmerek` ON `tbmobil`.`kdmerek` = `tbmerek`.`kode`')
 4 SYSTEMPATH\Database\BaseBuilder.php(1585): CodeIgniter\Database\BaseConnection->query('SELECT `tbmobil`.*, `tbmerek`.`nama` as `nmmerek`, `tbmobil`.`aktif` as `aktif`
FROM `tbmobil` as `tbmobil`
LEFT JOIN `tbmerek` as `tbmerek` ON `tbmobil`.`kdmerek` = `tbmerek`.`kode`', [], false)
 5 APPPATH\Models\TbmobilModel.php(34): CodeIgniter\Database\BaseBuilder->get()
 6 APPPATH\Controllers\Tbmobil.php(297): App\Models\TbmobilModel->getnopolisi()
 7 SYSTEMPATH\CodeIgniter.php(904): App\Controllers\tbmobil->table_mobil()
 8 SYSTEMPATH\CodeIgniter.php(457): CodeIgniter\CodeIgniter->runController(Object(App\Controllers\tbmobil))
 9 SYSTEMPATH\CodeIgniter.php(340): CodeIgniter\CodeIgniter->handleRequest(null, Object(Config\Cache), false)
10 FCPATH\index.php(67): CodeIgniter\CodeIgniter->run()
11 SYSTEMPATH\Commands\Server\rewrite.php(43): require_once('FCPATH\\index.php')
