CRITICAL - 2023-04-04 11:31:26 --> Invalid file: memombr/modaltambahjual.php
in SYSTEMPATH\Exceptions\FrameworkException.php on line 33.
 1 SYSTEMPATH\View\View.php(201): CodeIgniter\Exceptions\FrameworkException::forInvalidFile('memombr/modaltambahjual.php')
 2 SYSTEMPATH\Common.php(1142): CodeIgniter\View\View->render('memombr/modaltambahjual', [], true)
 3 APPPATH\Controllers\Memombr.php(131): view('memombr/modaltambahjual', [...])
 4 SYSTEMPATH\CodeIgniter.php(904): App\Controllers\Memombr->tambahjual()
 5 SYSTEMPATH\CodeIgniter.php(457): CodeIgniter\CodeIgniter->runController(Object(App\Controllers\Memombr))
 6 SYSTEMPATH\CodeIgniter.php(340): CodeIgniter\CodeIgniter->handleRequest(null, Object(Config\Cache), false)
 7 FCPATH\index.php(67): CodeIgniter\CodeIgniter->run()
 8 SYSTEMPATH\Commands\Server\rewrite.php(43): require_once('FCPATH\\index.php')
CRITICAL - 2023-04-04 11:48:57 --> Undefined variable $estimasi
in APPPATH\Views\memombr\modaltambahjual.php on line 10.
 1 APPPATH\Views\memombr\modaltambahjual.php(10): CodeIgniter\Debug\Exceptions->errorHandler(2, 'Undefined variable $estimasi', 'APPPATH\\Views\\memombr\\modaltambahjual.php', 10)
 2 SYSTEMPATH\View\View.php(213): include('APPPATH\\Views\\memombr\\modaltambahjual.php')
 3 SYSTEMPATH\View\View.php(216): CodeIgniter\View\View->CodeIgniter\View\{closure}()
 4 SYSTEMPATH\Common.php(1142): CodeIgniter\View\View->render('memombr/modaltambahjual', [], true)
 5 APPPATH\Controllers\Memombr.php(135): view('memombr/modaltambahjual', [...])
 6 SYSTEMPATH\CodeIgniter.php(904): App\Controllers\Memombr->tambahjual()
 7 SYSTEMPATH\CodeIgniter.php(457): CodeIgniter\CodeIgniter->runController(Object(App\Controllers\Memombr))
 8 SYSTEMPATH\CodeIgniter.php(340): CodeIgniter\CodeIgniter->handleRequest(null, Object(Config\Cache), false)
 9 FCPATH\index.php(67): CodeIgniter\CodeIgniter->run()
10 SYSTEMPATH\Commands\Server\rewrite.php(43): require_once('FCPATH\\index.php')
CRITICAL - 2023-04-04 11:54:37 --> Undefined variable $memombr
in APPPATH\Views\memombr\modaltambahjual.php on line 27.
 1 APPPATH\Views\memombr\modaltambahjual.php(27): CodeIgniter\Debug\Exceptions->errorHandler(2, 'Undefined variable $memombr', 'APPPATH\\Views\\memombr\\modaltambahjual.php', 27)
 2 SYSTEMPATH\View\View.php(213): include('APPPATH\\Views\\memombr\\modaltambahjual.php')
 3 SYSTEMPATH\View\View.php(216): CodeIgniter\View\View->CodeIgniter\View\{closure}()
 4 SYSTEMPATH\Common.php(1142): CodeIgniter\View\View->render('memombr/modaltambahjual', [], true)
 5 APPPATH\Controllers\Memombr.php(135): view('memombr/modaltambahjual', [...])
 6 SYSTEMPATH\CodeIgniter.php(904): App\Controllers\Memombr->tambahjual()
 7 SYSTEMPATH\CodeIgniter.php(457): CodeIgniter\CodeIgniter->runController(Object(App\Controllers\Memombr))
 8 SYSTEMPATH\CodeIgniter.php(340): CodeIgniter\CodeIgniter->handleRequest(null, Object(Config\Cache), false)
 9 FCPATH\index.php(67): CodeIgniter\CodeIgniter->run()
10 SYSTEMPATH\Commands\Server\rewrite.php(43): require_once('FCPATH\\index.php')
CRITICAL - 2023-04-04 11:54:57 --> Undefined variable $memombr
in APPPATH\Views\memombr\modaltambahjual.php on line 27.
 1 APPPATH\Views\memombr\modaltambahjual.php(27): CodeIgniter\Debug\Exceptions->errorHandler(2, 'Undefined variable $memombr', 'APPPATH\\Views\\memombr\\modaltambahjual.php', 27)
 2 SYSTEMPATH\View\View.php(213): include('APPPATH\\Views\\memombr\\modaltambahjual.php')
 3 SYSTEMPATH\View\View.php(216): CodeIgniter\View\View->CodeIgniter\View\{closure}()
 4 SYSTEMPATH\Common.php(1142): CodeIgniter\View\View->render('memombr/modaltambahjual', [], true)
 5 APPPATH\Controllers\Memombr.php(135): view('memombr/modaltambahjual', [...])
 6 SYSTEMPATH\CodeIgniter.php(904): App\Controllers\Memombr->tambahjual()
 7 SYSTEMPATH\CodeIgniter.php(457): CodeIgniter\CodeIgniter->runController(Object(App\Controllers\Memombr))
 8 SYSTEMPATH\CodeIgniter.php(340): CodeIgniter\CodeIgniter->handleRequest(null, Object(Config\Cache), false)
 9 FCPATH\index.php(67): CodeIgniter\CodeIgniter->run()
10 SYSTEMPATH\Commands\Server\rewrite.php(43): require_once('FCPATH\\index.php')
CRITICAL - 2023-04-04 11:55:58 --> Undefined array key "nomemo"
in APPPATH\Views\memombr\modaltambahjual.php on line 27.
 1 APPPATH\Views\memombr\modaltambahjual.php(27): CodeIgniter\Debug\Exceptions->errorHandler(2, 'Undefined array key "nomemo"', 'APPPATH\\Views\\memombr\\modaltambahjual.php', 27)
 2 SYSTEMPATH\View\View.php(213): include('APPPATH\\Views\\memombr\\modaltambahjual.php')
 3 SYSTEMPATH\View\View.php(216): CodeIgniter\View\View->CodeIgniter\View\{closure}()
 4 SYSTEMPATH\Common.php(1142): CodeIgniter\View\View->render('memombr/modaltambahjual', [], true)
 5 APPPATH\Controllers\Memombr.php(136): view('memombr/modaltambahjual', [...])
 6 SYSTEMPATH\CodeIgniter.php(904): App\Controllers\Memombr->tambahjual()
 7 SYSTEMPATH\CodeIgniter.php(457): CodeIgniter\CodeIgniter->runController(Object(App\Controllers\Memombr))
 8 SYSTEMPATH\CodeIgniter.php(340): CodeIgniter\CodeIgniter->handleRequest(null, Object(Config\Cache), false)
 9 FCPATH\index.php(67): CodeIgniter\CodeIgniter->run()
10 SYSTEMPATH\Commands\Server\rewrite.php(43): require_once('FCPATH\\index.php')
CRITICAL - 2023-04-04 11:56:18 --> Undefined array key "nomemo"
in APPPATH\Views\memombr\modaltambahjual.php on line 27.
 1 APPPATH\Views\memombr\modaltambahjual.php(27): CodeIgniter\Debug\Exceptions->errorHandler(2, 'Undefined array key "nomemo"', 'APPPATH\\Views\\memombr\\modaltambahjual.php', 27)
 2 SYSTEMPATH\View\View.php(213): include('APPPATH\\Views\\memombr\\modaltambahjual.php')
 3 SYSTEMPATH\View\View.php(216): CodeIgniter\View\View->CodeIgniter\View\{closure}()
 4 SYSTEMPATH\Common.php(1142): CodeIgniter\View\View->render('memombr/modaltambahjual', [], true)
 5 APPPATH\Controllers\Memombr.php(137): view('memombr/modaltambahjual', [...])
 6 SYSTEMPATH\CodeIgniter.php(904): App\Controllers\Memombr->tambahjual()
 7 SYSTEMPATH\CodeIgniter.php(457): CodeIgniter\CodeIgniter->runController(Object(App\Controllers\Memombr))
 8 SYSTEMPATH\CodeIgniter.php(340): CodeIgniter\CodeIgniter->handleRequest(null, Object(Config\Cache), false)
 9 FCPATH\index.php(67): CodeIgniter\CodeIgniter->run()
10 SYSTEMPATH\Commands\Server\rewrite.php(43): require_once('FCPATH\\index.php')
CRITICAL - 2023-04-04 11:57:17 --> Undefined array key "nomemo"
in APPPATH\Views\memombr\modaltambahjual.php on line 27.
 1 APPPATH\Views\memombr\modaltambahjual.php(27): CodeIgniter\Debug\Exceptions->errorHandler(2, 'Undefined array key "nomemo"', 'APPPATH\\Views\\memombr\\modaltambahjual.php', 27)
 2 SYSTEMPATH\View\View.php(213): include('APPPATH\\Views\\memombr\\modaltambahjual.php')
 3 SYSTEMPATH\View\View.php(216): CodeIgniter\View\View->CodeIgniter\View\{closure}()
 4 SYSTEMPATH\Common.php(1142): CodeIgniter\View\View->render('memombr/modaltambahjual', [], true)
 5 APPPATH\Controllers\Memombr.php(138): view('memombr/modaltambahjual', [...])
 6 SYSTEMPATH\CodeIgniter.php(904): App\Controllers\Memombr->tambahjual()
 7 SYSTEMPATH\CodeIgniter.php(457): CodeIgniter\CodeIgniter->runController(Object(App\Controllers\Memombr))
 8 SYSTEMPATH\CodeIgniter.php(340): CodeIgniter\CodeIgniter->handleRequest(null, Object(Config\Cache), false)
 9 FCPATH\index.php(67): CodeIgniter\CodeIgniter->run()
10 SYSTEMPATH\Commands\Server\rewrite.php(43): require_once('FCPATH\\index.php')
CRITICAL - 2023-04-04 12:03:19 --> Undefined array key "nomemo"
in APPPATH\Controllers\Memombr.php on line 131.
 1 APPPATH\Controllers\Memombr.php(131): CodeIgniter\Debug\Exceptions->errorHandler(2, 'Undefined array key "nomemo"', 'APPPATH\\Controllers\\Memombr.php', 131)
 2 SYSTEMPATH\CodeIgniter.php(904): App\Controllers\Memombr->tambahjual()
 3 SYSTEMPATH\CodeIgniter.php(457): CodeIgniter\CodeIgniter->runController(Object(App\Controllers\Memombr))
 4 SYSTEMPATH\CodeIgniter.php(340): CodeIgniter\CodeIgniter->handleRequest(null, Object(Config\Cache), false)
 5 FCPATH\index.php(67): CodeIgniter\CodeIgniter->run()
 6 SYSTEMPATH\Commands\Server\rewrite.php(43): require_once('FCPATH\\index.php')
CRITICAL - 2023-04-04 12:03:34 --> Undefined array key "nomemo"
in APPPATH\Controllers\Memombr.php on line 131.
 1 APPPATH\Controllers\Memombr.php(131): CodeIgniter\Debug\Exceptions->errorHandler(2, 'Undefined array key "nomemo"', 'APPPATH\\Controllers\\Memombr.php', 131)
 2 SYSTEMPATH\CodeIgniter.php(904): App\Controllers\Memombr->tambahjual()
 3 SYSTEMPATH\CodeIgniter.php(457): CodeIgniter\CodeIgniter->runController(Object(App\Controllers\Memombr))
 4 SYSTEMPATH\CodeIgniter.php(340): CodeIgniter\CodeIgniter->handleRequest(null, Object(Config\Cache), false)
 5 FCPATH\index.php(67): CodeIgniter\CodeIgniter->run()
 6 SYSTEMPATH\Commands\Server\rewrite.php(43): require_once('FCPATH\\index.php')
CRITICAL - 2023-04-04 14:34:40 --> Call to undefined method App\Models\MemombrdModel::getnomemo
in SYSTEMPATH\Model.php on line 774.
 1 APPPATH\Controllers\Memombr.php(1160): CodeIgniter\Model->__call('getnomemo', [...])
 2 SYSTEMPATH\CodeIgniter.php(904): App\Controllers\Memombr->table_memombrd()
 3 SYSTEMPATH\CodeIgniter.php(457): CodeIgniter\CodeIgniter->runController(Object(App\Controllers\Memombr))
 4 SYSTEMPATH\CodeIgniter.php(340): CodeIgniter\CodeIgniter->handleRequest(null, Object(Config\Cache), false)
 5 FCPATH\index.php(67): CodeIgniter\CodeIgniter->run()
 6 SYSTEMPATH\Commands\Server\rewrite.php(43): require_once('FCPATH\\index.php')
CRITICAL - 2023-04-04 14:35:12 --> Call to undefined method App\Models\MemombrdModel::getdata
in SYSTEMPATH\Model.php on line 774.
 1 APPPATH\Controllers\Memombr.php(135): CodeIgniter\Model->__call('getdata', [...])
 2 SYSTEMPATH\CodeIgniter.php(904): App\Controllers\Memombr->tambahjual()
 3 SYSTEMPATH\CodeIgniter.php(457): CodeIgniter\CodeIgniter->runController(Object(App\Controllers\Memombr))
 4 SYSTEMPATH\CodeIgniter.php(340): CodeIgniter\CodeIgniter->handleRequest(null, Object(Config\Cache), false)
 5 FCPATH\index.php(67): CodeIgniter\CodeIgniter->run()
 6 SYSTEMPATH\Commands\Server\rewrite.php(43): require_once('FCPATH\\index.php')
CRITICAL - 2023-04-04 14:35:58 --> Call to undefined method App\Models\MemombrdModel::getnomemo
in SYSTEMPATH\Model.php on line 774.
 1 APPPATH\Controllers\Memombr.php(1160): CodeIgniter\Model->__call('getnomemo', [...])
 2 SYSTEMPATH\CodeIgniter.php(904): App\Controllers\Memombr->table_memombrd()
 3 SYSTEMPATH\CodeIgniter.php(457): CodeIgniter\CodeIgniter->runController(Object(App\Controllers\Memombr))
 4 SYSTEMPATH\CodeIgniter.php(340): CodeIgniter\CodeIgniter->handleRequest(null, Object(Config\Cache), false)
 5 FCPATH\index.php(67): CodeIgniter\CodeIgniter->run()
 6 SYSTEMPATH\Commands\Server\rewrite.php(43): require_once('FCPATH\\index.php')
CRITICAL - 2023-04-04 14:36:32 --> Invalid file: memombr/table_memombrd.php
in SYSTEMPATH\Exceptions\FrameworkException.php on line 33.
 1 SYSTEMPATH\View\View.php(201): CodeIgniter\Exceptions\FrameworkException::forInvalidFile('memombr/table_memombrd.php')
 2 SYSTEMPATH\Common.php(1142): CodeIgniter\View\View->render('memombr/table_memombrd', [], true)
 3 APPPATH\Controllers\Memombr.php(1163): view('memombr/table_memombrd', [...])
 4 SYSTEMPATH\CodeIgniter.php(904): App\Controllers\Memombr->table_memombrd()
 5 SYSTEMPATH\CodeIgniter.php(457): CodeIgniter\CodeIgniter->runController(Object(App\Controllers\Memombr))
 6 SYSTEMPATH\CodeIgniter.php(340): CodeIgniter\CodeIgniter->handleRequest(null, Object(Config\Cache), false)
 7 FCPATH\index.php(67): CodeIgniter\CodeIgniter->run()
 8 SYSTEMPATH\Commands\Server\rewrite.php(43): require_once('FCPATH\\index.php')
CRITICAL - 2023-04-04 14:37:05 --> Invalid file: memombr/table_memombrd.php
in SYSTEMPATH\Exceptions\FrameworkException.php on line 33.
 1 SYSTEMPATH\View\View.php(201): CodeIgniter\Exceptions\FrameworkException::forInvalidFile('memombr/table_memombrd.php')
 2 SYSTEMPATH\Common.php(1142): CodeIgniter\View\View->render('memombr/table_memombrd', [], true)
 3 APPPATH\Controllers\Memombr.php(1163): view('memombr/table_memombrd', [...])
 4 SYSTEMPATH\CodeIgniter.php(904): App\Controllers\Memombr->table_memombrd()
 5 SYSTEMPATH\CodeIgniter.php(457): CodeIgniter\CodeIgniter->runController(Object(App\Controllers\Memombr))
 6 SYSTEMPATH\CodeIgniter.php(340): CodeIgniter\CodeIgniter->handleRequest(null, Object(Config\Cache), false)
 7 FCPATH\index.php(67): CodeIgniter\CodeIgniter->run()
 8 SYSTEMPATH\Commands\Server\rewrite.php(43): require_once('FCPATH\\index.php')
CRITICAL - 2023-04-04 14:37:34 --> Cannot access offset of type string on string
in APPPATH\Views\memombr\tabel_memombrd.php on line 24.
 1 SYSTEMPATH\View\View.php(213): include()
 2 SYSTEMPATH\View\View.php(216): CodeIgniter\View\View->CodeIgniter\View\{closure}()
 3 SYSTEMPATH\Common.php(1142): CodeIgniter\View\View->render('memombr/tabel_memombrd', [], true)
 4 APPPATH\Controllers\Memombr.php(1163): view('memombr/tabel_memombrd', [...])
 5 SYSTEMPATH\CodeIgniter.php(904): App\Controllers\Memombr->table_memombrd()
 6 SYSTEMPATH\CodeIgniter.php(457): CodeIgniter\CodeIgniter->runController(Object(App\Controllers\Memombr))
 7 SYSTEMPATH\CodeIgniter.php(340): CodeIgniter\CodeIgniter->handleRequest(null, Object(Config\Cache), false)
 8 FCPATH\index.php(67): CodeIgniter\CodeIgniter->run()
 9 SYSTEMPATH\Commands\Server\rewrite.php(43): require_once('FCPATH\\index.php')
CRITICAL - 2023-04-04 14:37:57 --> Cannot access offset of type string on string
in APPPATH\Views\memombr\tabel_memombrd.php on line 24.
 1 SYSTEMPATH\View\View.php(213): include()
 2 SYSTEMPATH\View\View.php(216): CodeIgniter\View\View->CodeIgniter\View\{closure}()
 3 SYSTEMPATH\Common.php(1142): CodeIgniter\View\View->render('memombr/tabel_memombrd', [], true)
 4 APPPATH\Controllers\Memombr.php(1163): view('memombr/tabel_memombrd', [...])
 5 SYSTEMPATH\CodeIgniter.php(904): App\Controllers\Memombr->table_memombrd()
 6 SYSTEMPATH\CodeIgniter.php(457): CodeIgniter\CodeIgniter->runController(Object(App\Controllers\Memombr))
 7 SYSTEMPATH\CodeIgniter.php(340): CodeIgniter\CodeIgniter->handleRequest(null, Object(Config\Cache), false)
 8 FCPATH\index.php(67): CodeIgniter\CodeIgniter->run()
 9 SYSTEMPATH\Commands\Server\rewrite.php(43): require_once('FCPATH\\index.php')
CRITICAL - 2023-04-04 14:38:18 --> Cannot access offset of type string on string
in APPPATH\Views\memombr\tabel_memombrd.php on line 24.
 1 SYSTEMPATH\View\View.php(213): include()
 2 SYSTEMPATH\View\View.php(216): CodeIgniter\View\View->CodeIgniter\View\{closure}()
 3 SYSTEMPATH\Common.php(1142): CodeIgniter\View\View->render('memombr/tabel_memombrd', [], true)
 4 APPPATH\Controllers\Memombr.php(1163): view('memombr/tabel_memombrd', [...])
 5 SYSTEMPATH\CodeIgniter.php(904): App\Controllers\Memombr->table_memombrd()
 6 SYSTEMPATH\CodeIgniter.php(457): CodeIgniter\CodeIgniter->runController(Object(App\Controllers\Memombr))
 7 SYSTEMPATH\CodeIgniter.php(340): CodeIgniter\CodeIgniter->handleRequest(null, Object(Config\Cache), false)
 8 FCPATH\index.php(67): CodeIgniter\CodeIgniter->run()
 9 SYSTEMPATH\Commands\Server\rewrite.php(43): require_once('FCPATH\\index.php')
CRITICAL - 2023-04-04 14:39:16 --> Cannot access offset of type string on string
in APPPATH\Views\memombr\tabel_memombrd.php on line 27.
 1 SYSTEMPATH\View\View.php(213): include()
 2 SYSTEMPATH\View\View.php(216): CodeIgniter\View\View->CodeIgniter\View\{closure}()
 3 SYSTEMPATH\Common.php(1142): CodeIgniter\View\View->render('memombr/tabel_memombrd', [], true)
 4 APPPATH\Controllers\Memombr.php(1163): view('memombr/tabel_memombrd', [...])
 5 SYSTEMPATH\CodeIgniter.php(904): App\Controllers\Memombr->table_memombrd()
 6 SYSTEMPATH\CodeIgniter.php(457): CodeIgniter\CodeIgniter->runController(Object(App\Controllers\Memombr))
 7 SYSTEMPATH\CodeIgniter.php(340): CodeIgniter\CodeIgniter->handleRequest(null, Object(Config\Cache), false)
 8 FCPATH\index.php(67): CodeIgniter\CodeIgniter->run()
 9 SYSTEMPATH\Commands\Server\rewrite.php(43): require_once('FCPATH\\index.php')
CRITICAL - 2023-04-04 14:39:24 --> Cannot access offset of type string on string
in APPPATH\Views\memombr\tabel_memombrd.php on line 27.
 1 SYSTEMPATH\View\View.php(213): include()
 2 SYSTEMPATH\View\View.php(216): CodeIgniter\View\View->CodeIgniter\View\{closure}()
 3 SYSTEMPATH\Common.php(1142): CodeIgniter\View\View->render('memombr/tabel_memombrd', [], true)
 4 APPPATH\Controllers\Memombr.php(1163): view('memombr/tabel_memombrd', [...])
 5 SYSTEMPATH\CodeIgniter.php(904): App\Controllers\Memombr->table_memombrd()
 6 SYSTEMPATH\CodeIgniter.php(457): CodeIgniter\CodeIgniter->runController(Object(App\Controllers\Memombr))
 7 SYSTEMPATH\CodeIgniter.php(340): CodeIgniter\CodeIgniter->handleRequest(null, Object(Config\Cache), false)
 8 FCPATH\index.php(67): CodeIgniter\CodeIgniter->run()
 9 SYSTEMPATH\Commands\Server\rewrite.php(43): require_once('FCPATH\\index.php')
CRITICAL - 2023-04-04 16:46:09 --> Undefined variable $session
in APPPATH\Views\memombr\modaldetail.php on line 5.
 1 APPPATH\Views\memombr\modaldetail.php(5): CodeIgniter\Debug\Exceptions->errorHandler(2, 'Undefined variable $session', 'APPPATH\\Views\\memombr\\modaldetail.php', 5)
 2 SYSTEMPATH\View\View.php(213): include('APPPATH\\Views\\memombr\\modaldetail.php')
 3 SYSTEMPATH\View\View.php(216): CodeIgniter\View\View->CodeIgniter\View\{closure}()
 4 SYSTEMPATH\Common.php(1142): CodeIgniter\View\View->render('memombr/modaldetail', [], true)
 5 APPPATH\Controllers\Memombr.php(100): view('memombr/modaldetail', [...])
 6 SYSTEMPATH\CodeIgniter.php(904): App\Controllers\Memombr->formdetail()
 7 SYSTEMPATH\CodeIgniter.php(457): CodeIgniter\CodeIgniter->runController(Object(App\Controllers\Memombr))
 8 SYSTEMPATH\CodeIgniter.php(340): CodeIgniter\CodeIgniter->handleRequest(null, Object(Config\Cache), false)
 9 FCPATH\index.php(67): CodeIgniter\CodeIgniter->run()
10 SYSTEMPATH\Commands\Server\rewrite.php(43): require_once('FCPATH\\index.php')
CRITICAL - 2023-04-04 16:46:40 --> Undefined variable $session
in APPPATH\Views\memombr\modaldetail.php on line 5.
 1 APPPATH\Views\memombr\modaldetail.php(5): CodeIgniter\Debug\Exceptions->errorHandler(2, 'Undefined variable $session', 'APPPATH\\Views\\memombr\\modaldetail.php', 5)
 2 SYSTEMPATH\View\View.php(213): include('APPPATH\\Views\\memombr\\modaldetail.php')
 3 SYSTEMPATH\View\View.php(216): CodeIgniter\View\View->CodeIgniter\View\{closure}()
 4 SYSTEMPATH\Common.php(1142): CodeIgniter\View\View->render('memombr/modaldetail', [], true)
 5 APPPATH\Controllers\Memombr.php(100): view('memombr/modaldetail', [...])
 6 SYSTEMPATH\CodeIgniter.php(904): App\Controllers\Memombr->formdetail()
 7 SYSTEMPATH\CodeIgniter.php(457): CodeIgniter\CodeIgniter->runController(Object(App\Controllers\Memombr))
 8 SYSTEMPATH\CodeIgniter.php(340): CodeIgniter\CodeIgniter->handleRequest(null, Object(Config\Cache), false)
 9 FCPATH\index.php(67): CodeIgniter\CodeIgniter->run()
10 SYSTEMPATH\Commands\Server\rewrite.php(43): require_once('FCPATH\\index.php')
CRITICAL - 2023-04-04 16:46:59 --> Undefined variable $session
in APPPATH\Views\memombr\modaldetail.php on line 5.
 1 APPPATH\Views\memombr\modaldetail.php(5): CodeIgniter\Debug\Exceptions->errorHandler(2, 'Undefined variable $session', 'APPPATH\\Views\\memombr\\modaldetail.php', 5)
 2 SYSTEMPATH\View\View.php(213): include('APPPATH\\Views\\memombr\\modaldetail.php')
 3 SYSTEMPATH\View\View.php(216): CodeIgniter\View\View->CodeIgniter\View\{closure}()
 4 SYSTEMPATH\Common.php(1142): CodeIgniter\View\View->render('memombr/modaldetail', [], true)
 5 APPPATH\Controllers\Memombr.php(100): view('memombr/modaldetail', [...])
 6 SYSTEMPATH\CodeIgniter.php(904): App\Controllers\Memombr->formdetail()
 7 SYSTEMPATH\CodeIgniter.php(457): CodeIgniter\CodeIgniter->runController(Object(App\Controllers\Memombr))
 8 SYSTEMPATH\CodeIgniter.php(340): CodeIgniter\CodeIgniter->handleRequest(null, Object(Config\Cache), false)
 9 FCPATH\index.php(67): CodeIgniter\CodeIgniter->run()
10 SYSTEMPATH\Commands\Server\rewrite.php(43): require_once('FCPATH\\index.php')
