CRITICAL - 2023-02-25 07:07:53 --> Undefined array key "kd_supplier"
in APPPATH\Views\estimasi\modalcaribahan.php on line 32.
 1 APPPATH\Views\estimasi\modalcaribahan.php(32): CodeIgniter\Debug\Exceptions->errorHandler(2, 'Undefined array key "kd_supplier"', 'APPPATH\\Views\\estimasi\\modalcaribahan.php', 32)
 2 SYSTEMPATH\View\View.php(213): include('APPPATH\\Views\\estimasi\\modalcaribahan.php')
 3 SYSTEMPATH\View\View.php(216): CodeIgniter\View\View->CodeIgniter\View\{closure}()
 4 SYSTEMPATH\Common.php(1142): CodeIgniter\View\View->render('estimasi/modalcaribahan', [], true)
 5 APPPATH\Controllers\Estimasi.php(776): view('estimasi/modalcaribahan', [...])
 6 SYSTEMPATH\CodeIgniter.php(904): App\Controllers\Estimasi->caridatabahan()
 7 SYSTEMPATH\CodeIgniter.php(457): CodeIgniter\CodeIgniter->runController(Object(App\Controllers\Estimasi))
 8 SYSTEMPATH\CodeIgniter.php(340): CodeIgniter\CodeIgniter->handleRequest(null, Object(Config\Cache), false)
 9 FCPATH\index.php(67): CodeIgniter\CodeIgniter->run()
10 SYSTEMPATH\Commands\Server\rewrite.php(43): require_once('FCPATH\\index.php')
CRITICAL - 2023-02-25 07:09:37 --> Undefined array key "kd_supplier"
in APPPATH\Views\estimasi\modalcaribahan.php on line 32.
 1 APPPATH\Views\estimasi\modalcaribahan.php(32): CodeIgniter\Debug\Exceptions->errorHandler(2, 'Undefined array key "kd_supplier"', 'APPPATH\\Views\\estimasi\\modalcaribahan.php', 32)
 2 SYSTEMPATH\View\View.php(213): include('APPPATH\\Views\\estimasi\\modalcaribahan.php')
 3 SYSTEMPATH\View\View.php(216): CodeIgniter\View\View->CodeIgniter\View\{closure}()
 4 SYSTEMPATH\Common.php(1142): CodeIgniter\View\View->render('estimasi/modalcaribahan', [], true)
 5 APPPATH\Controllers\Estimasi.php(776): view('estimasi/modalcaribahan', [...])
 6 SYSTEMPATH\CodeIgniter.php(904): App\Controllers\Estimasi->caridatabahan()
 7 SYSTEMPATH\CodeIgniter.php(457): CodeIgniter\CodeIgniter->runController(Object(App\Controllers\Estimasi))
 8 SYSTEMPATH\CodeIgniter.php(340): CodeIgniter\CodeIgniter->handleRequest(null, Object(Config\Cache), false)
 9 FCPATH\index.php(67): CodeIgniter\CodeIgniter->run()
10 SYSTEMPATH\Commands\Server\rewrite.php(43): require_once('FCPATH\\index.php')
CRITICAL - 2023-02-25 12:46:42 --> Undefined array key "kd_supplier"
in APPPATH\Views\estimasi\modalcaribahan.php on line 32.
 1 APPPATH\Views\estimasi\modalcaribahan.php(32): CodeIgniter\Debug\Exceptions->errorHandler(2, 'Undefined array key "kd_supplier"', 'APPPATH\\Views\\estimasi\\modalcaribahan.php', 32)
 2 SYSTEMPATH\View\View.php(213): include('APPPATH\\Views\\estimasi\\modalcaribahan.php')
 3 SYSTEMPATH\View\View.php(216): CodeIgniter\View\View->CodeIgniter\View\{closure}()
 4 SYSTEMPATH\Common.php(1142): CodeIgniter\View\View->render('estimasi/modalcaribahan', [], true)
 5 APPPATH\Controllers\Estimasi.php(785): view('estimasi/modalcaribahan', [...])
 6 SYSTEMPATH\CodeIgniter.php(904): App\Controllers\Estimasi->caridatabahan()
 7 SYSTEMPATH\CodeIgniter.php(457): CodeIgniter\CodeIgniter->runController(Object(App\Controllers\Estimasi))
 8 SYSTEMPATH\CodeIgniter.php(340): CodeIgniter\CodeIgniter->handleRequest(null, Object(Config\Cache), false)
 9 FCPATH\index.php(67): CodeIgniter\CodeIgniter->run()
10 SYSTEMPATH\Commands\Server\rewrite.php(43): require_once('FCPATH\\index.php')
CRITICAL - 2023-02-25 12:47:01 --> Undefined array key "kd_supplier"
in APPPATH\Views\estimasi\modalcaribahan.php on line 32.
 1 APPPATH\Views\estimasi\modalcaribahan.php(32): CodeIgniter\Debug\Exceptions->errorHandler(2, 'Undefined array key "kd_supplier"', 'APPPATH\\Views\\estimasi\\modalcaribahan.php', 32)
 2 SYSTEMPATH\View\View.php(213): include('APPPATH\\Views\\estimasi\\modalcaribahan.php')
 3 SYSTEMPATH\View\View.php(216): CodeIgniter\View\View->CodeIgniter\View\{closure}()
 4 SYSTEMPATH\Common.php(1142): CodeIgniter\View\View->render('estimasi/modalcaribahan', [], true)
 5 APPPATH\Controllers\Estimasi.php(785): view('estimasi/modalcaribahan', [...])
 6 SYSTEMPATH\CodeIgniter.php(904): App\Controllers\Estimasi->caridatabahan()
 7 SYSTEMPATH\CodeIgniter.php(457): CodeIgniter\CodeIgniter->runController(Object(App\Controllers\Estimasi))
 8 SYSTEMPATH\CodeIgniter.php(340): CodeIgniter\CodeIgniter->handleRequest(null, Object(Config\Cache), false)
 9 FCPATH\index.php(67): CodeIgniter\CodeIgniter->run()
10 SYSTEMPATH\Commands\Server\rewrite.php(43): require_once('FCPATH\\index.php')
CRITICAL - 2023-02-25 12:50:47 --> Call to undefined method App\Models\TbbahanModel::getkdbarang
in SYSTEMPATH\Model.php on line 774.
 1 APPPATH\Controllers\Estimasi.php(921): CodeIgniter\Model->__call('getkdbarang', [...])
 2 SYSTEMPATH\CodeIgniter.php(904): App\Controllers\Estimasi->replbahan()
 3 SYSTEMPATH\CodeIgniter.php(457): CodeIgniter\CodeIgniter->runController(Object(App\Controllers\Estimasi))
 4 SYSTEMPATH\CodeIgniter.php(340): CodeIgniter\CodeIgniter->handleRequest(null, Object(Config\Cache), false)
 5 FCPATH\index.php(67): CodeIgniter\CodeIgniter->run()
 6 SYSTEMPATH\Commands\Server\rewrite.php(43): require_once('FCPATH\\index.php')
CRITICAL - 2023-02-25 13:45:24 --> Undefined variable $data
in APPPATH\Controllers\Estimasi.php on line 974.
 1 APPPATH\Controllers\Estimasi.php(974): CodeIgniter\Debug\Exceptions->errorHandler(2, 'Undefined variable $data', 'APPPATH\\Controllers\\Estimasi.php', 974)
 2 SYSTEMPATH\CodeIgniter.php(904): App\Controllers\Estimasi->simpanbahan()
 3 SYSTEMPATH\CodeIgniter.php(457): CodeIgniter\CodeIgniter->runController(Object(App\Controllers\Estimasi))
 4 SYSTEMPATH\CodeIgniter.php(340): CodeIgniter\CodeIgniter->handleRequest(null, Object(Config\Cache), false)
 5 FCPATH\index.php(67): CodeIgniter\CodeIgniter->run()
 6 SYSTEMPATH\Commands\Server\rewrite.php(43): require_once('FCPATH\\index.php')
CRITICAL - 2023-02-25 13:47:12 --> str_replace(): Passing null to parameter #3 ($subject) of type array|string is deprecated
in APPPATH\Controllers\Estimasi.php on line 990.
 1 [internal function]: CodeIgniter\Debug\Exceptions->errorHandler(8192, 'str_replace(): Passing null to parameter #3 ($subject) of type array|string is deprecated', 'APPPATH\\Controllers\\Estimasi.php', 990)
 2 APPPATH\Controllers\Estimasi.php(990): str_replace(',', 'ROOTPATH\\public', null)
 3 SYSTEMPATH\CodeIgniter.php(904): App\Controllers\Estimasi->simpanbahan()
 4 SYSTEMPATH\CodeIgniter.php(457): CodeIgniter\CodeIgniter->runController(Object(App\Controllers\Estimasi))
 5 SYSTEMPATH\CodeIgniter.php(340): CodeIgniter\CodeIgniter->handleRequest(null, Object(Config\Cache), false)
 6 FCPATH\index.php(67): CodeIgniter\CodeIgniter->run()
 7 SYSTEMPATH\Commands\Server\rewrite.php(43): require_once('FCPATH\\index.php')
ERROR - 2023-02-25 13:49:36 --> mysqli_sql_exception: Column 'qty' cannot be null in D:\xampp\htdocs\bp\system\Database\MySQLi\Connection.php:292
Stack trace:
#0 D:\xampp\htdocs\bp\system\Database\MySQLi\Connection.php(292): mysqli->query('INSERT INTO `es...', 0)
#1 D:\xampp\htdocs\bp\system\Database\BaseConnection.php(693): CodeIgniter\Database\MySQLi\Connection->execute('INSERT INTO `es...')
#2 D:\xampp\htdocs\bp\system\Database\BaseConnection.php(620): CodeIgniter\Database\BaseConnection->simpleQuery('INSERT INTO `es...')
#3 D:\xampp\htdocs\bp\system\Database\BaseBuilder.php(1916): CodeIgniter\Database\BaseConnection->query('INSERT INTO `es...', Array, false)
#4 D:\xampp\htdocs\bp\system\Model.php(279): CodeIgniter\Database\BaseBuilder->insert()
#5 D:\xampp\htdocs\bp\system\BaseModel.php(738): CodeIgniter\Model->doInsert(Array)
#6 D:\xampp\htdocs\bp\system\Model.php(667): CodeIgniter\BaseModel->insert(Array, true)
#7 D:\xampp\htdocs\bp\app\Controllers\Estimasi.php(996): CodeIgniter\Model->insert(Array)
#8 D:\xampp\htdocs\bp\system\CodeIgniter.php(904): App\Controllers\Estimasi->simpanbahan()
#9 D:\xampp\htdocs\bp\system\CodeIgniter.php(457): CodeIgniter\CodeIgniter->runController(Object(App\Controllers\Estimasi))
#10 D:\xampp\htdocs\bp\system\CodeIgniter.php(340): CodeIgniter\CodeIgniter->handleRequest(NULL, Object(Config\Cache), false)
#11 D:\xampp\htdocs\bp\public\index.php(67): CodeIgniter\CodeIgniter->run()
#12 D:\xampp\htdocs\bp\system\Commands\Server\rewrite.php(43): require_once('D:\\xampp\\htdocs...')
#13 {main}
CRITICAL - 2023-02-25 13:49:36 --> Column 'qty' cannot be null
in SYSTEMPATH\Database\MySQLi\Connection.php on line 292.
 1 SYSTEMPATH\Database\MySQLi\Connection.php(292): mysqli->query('INSERT INTO `estimasi_detail` (`noestimasi`, `kode`, `nama`, `jenis`, `qty`, `harga`, `pr_discount`, `subtotal`, `user`, `created_at`, `updated_at`) VALUES (\'ES20230200002\', \'B01\', \'BAHAN 01\', \'BAHAN\', NULL, \'0.00\', \'0\', \'0\', \'Edit-Murod-25-02-2023 13:49:36\', \'2023-02-25 13:49:36\', \'2023-02-25 13:49:36\')', 0)
 2 SYSTEMPATH\Database\BaseConnection.php(693): CodeIgniter\Database\MySQLi\Connection->execute('INSERT INTO `estimasi_detail` (`noestimasi`, `kode`, `nama`, `jenis`, `qty`, `harga`, `pr_discount`, `subtotal`, `user`, `created_at`, `updated_at`) VALUES (\'ES20230200002\', \'B01\', \'BAHAN 01\', \'BAHAN\', NULL, \'0.00\', \'0\', \'0\', \'Edit-Murod-25-02-2023 13:49:36\', \'2023-02-25 13:49:36\', \'2023-02-25 13:49:36\')')
 3 SYSTEMPATH\Database\BaseConnection.php(620): CodeIgniter\Database\BaseConnection->simpleQuery('INSERT INTO `estimasi_detail` (`noestimasi`, `kode`, `nama`, `jenis`, `qty`, `harga`, `pr_discount`, `subtotal`, `user`, `created_at`, `updated_at`) VALUES (\'ES20230200002\', \'B01\', \'BAHAN 01\', \'BAHAN\', NULL, \'0.00\', \'0\', \'0\', \'Edit-Murod-25-02-2023 13:49:36\', \'2023-02-25 13:49:36\', \'2023-02-25 13:49:36\')')
 4 SYSTEMPATH\Database\BaseBuilder.php(1916): CodeIgniter\Database\BaseConnection->query('INSERT INTO `estimasi_detail` (`noestimasi`, `kode`, `nama`, `jenis`, `qty`, `harga`, `pr_discount`, `subtotal`, `user`, `created_at`, `updated_at`) VALUES (:noestimasi:, :kode:, :nama:, :jenis:, :qty:, :harga:, :pr_discount:, :subtotal:, :user:, :created_at:, :updated_at:)', [...], false)
 5 SYSTEMPATH\Model.php(279): CodeIgniter\Database\BaseBuilder->insert()
 6 SYSTEMPATH\BaseModel.php(738): CodeIgniter\Model->doInsert([...])
 7 SYSTEMPATH\Model.php(667): CodeIgniter\BaseModel->insert([...], true)
 8 APPPATH\Controllers\Estimasi.php(996): CodeIgniter\Model->insert([...])
 9 SYSTEMPATH\CodeIgniter.php(904): App\Controllers\Estimasi->simpanbahan()
10 SYSTEMPATH\CodeIgniter.php(457): CodeIgniter\CodeIgniter->runController(Object(App\Controllers\Estimasi))
11 SYSTEMPATH\CodeIgniter.php(340): CodeIgniter\CodeIgniter->handleRequest(null, Object(Config\Cache), false)
12 FCPATH\index.php(67): CodeIgniter\CodeIgniter->run()
13 SYSTEMPATH\Commands\Server\rewrite.php(43): require_once('FCPATH\\index.php')
ERROR - 2023-02-25 13:50:12 --> mysqli_sql_exception: Column 'qty' cannot be null in D:\xampp\htdocs\bp\system\Database\MySQLi\Connection.php:292
Stack trace:
#0 D:\xampp\htdocs\bp\system\Database\MySQLi\Connection.php(292): mysqli->query('INSERT INTO `es...', 0)
#1 D:\xampp\htdocs\bp\system\Database\BaseConnection.php(693): CodeIgniter\Database\MySQLi\Connection->execute('INSERT INTO `es...')
#2 D:\xampp\htdocs\bp\system\Database\BaseConnection.php(620): CodeIgniter\Database\BaseConnection->simpleQuery('INSERT INTO `es...')
#3 D:\xampp\htdocs\bp\system\Database\BaseBuilder.php(1916): CodeIgniter\Database\BaseConnection->query('INSERT INTO `es...', Array, false)
#4 D:\xampp\htdocs\bp\system\Model.php(279): CodeIgniter\Database\BaseBuilder->insert()
#5 D:\xampp\htdocs\bp\system\BaseModel.php(738): CodeIgniter\Model->doInsert(Array)
#6 D:\xampp\htdocs\bp\system\Model.php(667): CodeIgniter\BaseModel->insert(Array, true)
#7 D:\xampp\htdocs\bp\app\Controllers\Estimasi.php(996): CodeIgniter\Model->insert(Array)
#8 D:\xampp\htdocs\bp\system\CodeIgniter.php(904): App\Controllers\Estimasi->simpanbahan()
#9 D:\xampp\htdocs\bp\system\CodeIgniter.php(457): CodeIgniter\CodeIgniter->runController(Object(App\Controllers\Estimasi))
#10 D:\xampp\htdocs\bp\system\CodeIgniter.php(340): CodeIgniter\CodeIgniter->handleRequest(NULL, Object(Config\Cache), false)
#11 D:\xampp\htdocs\bp\public\index.php(67): CodeIgniter\CodeIgniter->run()
#12 D:\xampp\htdocs\bp\system\Commands\Server\rewrite.php(43): require_once('D:\\xampp\\htdocs...')
#13 {main}
CRITICAL - 2023-02-25 13:50:12 --> Column 'qty' cannot be null
in SYSTEMPATH\Database\MySQLi\Connection.php on line 292.
 1 SYSTEMPATH\Database\MySQLi\Connection.php(292): mysqli->query('INSERT INTO `estimasi_detail` (`noestimasi`, `kode`, `nama`, `jenis`, `qty`, `harga`, `pr_discount`, `subtotal`, `user`, `created_at`, `updated_at`) VALUES (\'ES20230200002\', \'B01\', \'BAHAN 01\', \'BAHAN\', NULL, \'1000.00\', \'0\', \'1000\', \'Edit-Murod-25-02-2023 13:50:12\', \'2023-02-25 13:50:12\', \'2023-02-25 13:50:12\')', 0)
 2 SYSTEMPATH\Database\BaseConnection.php(693): CodeIgniter\Database\MySQLi\Connection->execute('INSERT INTO `estimasi_detail` (`noestimasi`, `kode`, `nama`, `jenis`, `qty`, `harga`, `pr_discount`, `subtotal`, `user`, `created_at`, `updated_at`) VALUES (\'ES20230200002\', \'B01\', \'BAHAN 01\', \'BAHAN\', NULL, \'1000.00\', \'0\', \'1000\', \'Edit-Murod-25-02-2023 13:50:12\', \'2023-02-25 13:50:12\', \'2023-02-25 13:50:12\')')
 3 SYSTEMPATH\Database\BaseConnection.php(620): CodeIgniter\Database\BaseConnection->simpleQuery('INSERT INTO `estimasi_detail` (`noestimasi`, `kode`, `nama`, `jenis`, `qty`, `harga`, `pr_discount`, `subtotal`, `user`, `created_at`, `updated_at`) VALUES (\'ES20230200002\', \'B01\', \'BAHAN 01\', \'BAHAN\', NULL, \'1000.00\', \'0\', \'1000\', \'Edit-Murod-25-02-2023 13:50:12\', \'2023-02-25 13:50:12\', \'2023-02-25 13:50:12\')')
 4 SYSTEMPATH\Database\BaseBuilder.php(1916): CodeIgniter\Database\BaseConnection->query('INSERT INTO `estimasi_detail` (`noestimasi`, `kode`, `nama`, `jenis`, `qty`, `harga`, `pr_discount`, `subtotal`, `user`, `created_at`, `updated_at`) VALUES (:noestimasi:, :kode:, :nama:, :jenis:, :qty:, :harga:, :pr_discount:, :subtotal:, :user:, :created_at:, :updated_at:)', [...], false)
 5 SYSTEMPATH\Model.php(279): CodeIgniter\Database\BaseBuilder->insert()
 6 SYSTEMPATH\BaseModel.php(738): CodeIgniter\Model->doInsert([...])
 7 SYSTEMPATH\Model.php(667): CodeIgniter\BaseModel->insert([...], true)
 8 APPPATH\Controllers\Estimasi.php(996): CodeIgniter\Model->insert([...])
 9 SYSTEMPATH\CodeIgniter.php(904): App\Controllers\Estimasi->simpanbahan()
10 SYSTEMPATH\CodeIgniter.php(457): CodeIgniter\CodeIgniter->runController(Object(App\Controllers\Estimasi))
11 SYSTEMPATH\CodeIgniter.php(340): CodeIgniter\CodeIgniter->handleRequest(null, Object(Config\Cache), false)
12 FCPATH\index.php(67): CodeIgniter\CodeIgniter->run()
13 SYSTEMPATH\Commands\Server\rewrite.php(43): require_once('FCPATH\\index.php')
CRITICAL - 2023-02-25 14:03:36 --> Undefined variable $total_bahan
in APPPATH\Views\estimasi\summary.php on line 9.
 1 APPPATH\Views\estimasi\summary.php(9): CodeIgniter\Debug\Exceptions->errorHandler(2, 'Undefined variable $total_bahan', 'APPPATH\\Views\\estimasi\\summary.php', 9)
 2 SYSTEMPATH\View\View.php(213): include('APPPATH\\Views\\estimasi\\summary.php')
 3 SYSTEMPATH\View\View.php(216): CodeIgniter\View\View->CodeIgniter\View\{closure}()
 4 SYSTEMPATH\Common.php(1142): CodeIgniter\View\View->render('estimasi/summary', [], true)
 5 APPPATH\Controllers\Estimasi.php(1027): view('estimasi/summary', [...])
 6 SYSTEMPATH\CodeIgniter.php(904): App\Controllers\Estimasi->summary()
 7 SYSTEMPATH\CodeIgniter.php(457): CodeIgniter\CodeIgniter->runController(Object(App\Controllers\Estimasi))
 8 SYSTEMPATH\CodeIgniter.php(340): CodeIgniter\CodeIgniter->handleRequest(null, Object(Config\Cache), false)
 9 FCPATH\index.php(67): CodeIgniter\CodeIgniter->run()
10 SYSTEMPATH\Commands\Server\rewrite.php(43): require_once('FCPATH\\index.php')
CRITICAL - 2023-02-25 14:09:55 --> Undefined variable $grandtotal_ppn
in APPPATH\Views\estimasi\summary.php on line 23.
 1 APPPATH\Views\estimasi\summary.php(23): CodeIgniter\Debug\Exceptions->errorHandler(2, 'Undefined variable $grandtotal_ppn', 'APPPATH\\Views\\estimasi\\summary.php', 23)
 2 SYSTEMPATH\View\View.php(213): include('APPPATH\\Views\\estimasi\\summary.php')
 3 SYSTEMPATH\View\View.php(216): CodeIgniter\View\View->CodeIgniter\View\{closure}()
 4 SYSTEMPATH\Common.php(1142): CodeIgniter\View\View->render('estimasi/summary', [], true)
 5 APPPATH\Controllers\Estimasi.php(1027): view('estimasi/summary', [...])
 6 SYSTEMPATH\CodeIgniter.php(904): App\Controllers\Estimasi->summary()
 7 SYSTEMPATH\CodeIgniter.php(457): CodeIgniter\CodeIgniter->runController(Object(App\Controllers\Estimasi))
 8 SYSTEMPATH\CodeIgniter.php(340): CodeIgniter\CodeIgniter->handleRequest(null, Object(Config\Cache), false)
 9 FCPATH\index.php(67): CodeIgniter\CodeIgniter->run()
10 SYSTEMPATH\Commands\Server\rewrite.php(43): require_once('FCPATH\\index.php')
CRITICAL - 2023-02-25 14:51:03 --> Call to a member function getnoestimasi() on null
in APPPATH\Controllers\Estimasi.php on line 1025.
 1 SYSTEMPATH\CodeIgniter.php(904): App\Controllers\Estimasi->table_estimasi_opl()
 2 SYSTEMPATH\CodeIgniter.php(457): CodeIgniter\CodeIgniter->runController(Object(App\Controllers\Estimasi))
 3 SYSTEMPATH\CodeIgniter.php(340): CodeIgniter\CodeIgniter->handleRequest(null, Object(Config\Cache), false)
 4 FCPATH\index.php(67): CodeIgniter\CodeIgniter->run()
 5 SYSTEMPATH\Commands\Server\rewrite.php(43): require_once('FCPATH\\index.php')
CRITICAL - 2023-02-25 14:53:12 --> Call to a member function getnoestimasi() on null
in APPPATH\Controllers\Estimasi.php on line 1025.
 1 SYSTEMPATH\CodeIgniter.php(904): App\Controllers\Estimasi->table_estimasi_opl()
 2 SYSTEMPATH\CodeIgniter.php(457): CodeIgniter\CodeIgniter->runController(Object(App\Controllers\Estimasi))
 3 SYSTEMPATH\CodeIgniter.php(340): CodeIgniter\CodeIgniter->handleRequest(null, Object(Config\Cache), false)
 4 FCPATH\index.php(67): CodeIgniter\CodeIgniter->run()
 5 SYSTEMPATH\Commands\Server\rewrite.php(43): require_once('FCPATH\\index.php')
CRITICAL - 2023-02-25 14:57:35 --> Call to a member function getnoestimasi() on null
in APPPATH\Controllers\Estimasi.php on line 1025.
 1 SYSTEMPATH\CodeIgniter.php(904): App\Controllers\Estimasi->table_estimasi_opl()
 2 SYSTEMPATH\CodeIgniter.php(457): CodeIgniter\CodeIgniter->runController(Object(App\Controllers\Estimasi))
 3 SYSTEMPATH\CodeIgniter.php(340): CodeIgniter\CodeIgniter->handleRequest(null, Object(Config\Cache), false)
 4 FCPATH\index.php(67): CodeIgniter\CodeIgniter->run()
 5 SYSTEMPATH\Commands\Server\rewrite.php(43): require_once('FCPATH\\index.php')
CRITICAL - 2023-02-25 14:58:21 --> Undefined variable $estimasi_opl
in APPPATH\Views\estimasi\tbl_estimasi_opl.php on line 21.
 1 APPPATH\Views\estimasi\tbl_estimasi_opl.php(21): CodeIgniter\Debug\Exceptions->errorHandler(2, 'Undefined variable $estimasi_opl', 'APPPATH\\Views\\estimasi\\tbl_estimasi_opl.php', 21)
 2 SYSTEMPATH\View\View.php(213): include('APPPATH\\Views\\estimasi\\tbl_estimasi_opl.php')
 3 SYSTEMPATH\View\View.php(216): CodeIgniter\View\View->CodeIgniter\View\{closure}()
 4 SYSTEMPATH\Common.php(1142): CodeIgniter\View\View->render('estimasi/tbl_estimasi_opl', [], true)
 5 APPPATH\Controllers\Estimasi.php(1028): view('estimasi/tbl_estimasi_opl', [...])
 6 SYSTEMPATH\CodeIgniter.php(904): App\Controllers\Estimasi->table_estimasi_opl()
 7 SYSTEMPATH\CodeIgniter.php(457): CodeIgniter\CodeIgniter->runController(Object(App\Controllers\Estimasi))
 8 SYSTEMPATH\CodeIgniter.php(340): CodeIgniter\CodeIgniter->handleRequest(null, Object(Config\Cache), false)
 9 FCPATH\index.php(67): CodeIgniter\CodeIgniter->run()
10 SYSTEMPATH\Commands\Server\rewrite.php(43): require_once('FCPATH\\index.php')
CRITICAL - 2023-02-25 14:58:49 --> Call to a member function getnoestimasi() on null
in APPPATH\Controllers\Estimasi.php on line 1026.
 1 SYSTEMPATH\CodeIgniter.php(904): App\Controllers\Estimasi->table_estimasi_opl()
 2 SYSTEMPATH\CodeIgniter.php(457): CodeIgniter\CodeIgniter->runController(Object(App\Controllers\Estimasi))
 3 SYSTEMPATH\CodeIgniter.php(340): CodeIgniter\CodeIgniter->handleRequest(null, Object(Config\Cache), false)
 4 FCPATH\index.php(67): CodeIgniter\CodeIgniter->run()
 5 SYSTEMPATH\Commands\Server\rewrite.php(43): require_once('FCPATH\\index.php')
CRITICAL - 2023-02-25 14:59:06 --> Call to a member function getnoestimasi() on null
in APPPATH\Controllers\Estimasi.php on line 1026.
 1 SYSTEMPATH\CodeIgniter.php(904): App\Controllers\Estimasi->table_estimasi_opl()
 2 SYSTEMPATH\CodeIgniter.php(457): CodeIgniter\CodeIgniter->runController(Object(App\Controllers\Estimasi))
 3 SYSTEMPATH\CodeIgniter.php(340): CodeIgniter\CodeIgniter->handleRequest(null, Object(Config\Cache), false)
 4 FCPATH\index.php(67): CodeIgniter\CodeIgniter->run()
 5 SYSTEMPATH\Commands\Server\rewrite.php(43): require_once('FCPATH\\index.php')
CRITICAL - 2023-02-25 15:00:43 --> Call to undefined method App\Models\EstimasioplModel::getnoestimasi
in SYSTEMPATH\Model.php on line 774.
 1 APPPATH\Controllers\Estimasi.php(915): CodeIgniter\Model->__call('getnoestimasi', [...])
 2 SYSTEMPATH\CodeIgniter.php(904): App\Controllers\Estimasi->table_estimasi_bahan()
 3 SYSTEMPATH\CodeIgniter.php(457): CodeIgniter\CodeIgniter->runController(Object(App\Controllers\Estimasi))
 4 SYSTEMPATH\CodeIgniter.php(340): CodeIgniter\CodeIgniter->handleRequest(null, Object(Config\Cache), false)
 5 FCPATH\index.php(67): CodeIgniter\CodeIgniter->run()
 6 SYSTEMPATH\Commands\Server\rewrite.php(43): require_once('FCPATH\\index.php')
CRITICAL - 2023-02-25 15:00:43 --> Call to a member function getnoestimasi() on null
in APPPATH\Controllers\Estimasi.php on line 1026.
 1 SYSTEMPATH\CodeIgniter.php(904): App\Controllers\Estimasi->table_estimasi_opl()
 2 SYSTEMPATH\CodeIgniter.php(457): CodeIgniter\CodeIgniter->runController(Object(App\Controllers\Estimasi))
 3 SYSTEMPATH\CodeIgniter.php(340): CodeIgniter\CodeIgniter->handleRequest(null, Object(Config\Cache), false)
 4 FCPATH\index.php(67): CodeIgniter\CodeIgniter->run()
 5 SYSTEMPATH\Commands\Server\rewrite.php(43): require_once('FCPATH\\index.php')
CRITICAL - 2023-02-25 15:00:43 --> Call to undefined method App\Models\EstimasioplModel::getnoestimasi
in SYSTEMPATH\Model.php on line 774.
 1 APPPATH\Controllers\Estimasi.php(1138): CodeIgniter\Model->__call('getnoestimasi', [...])
 2 SYSTEMPATH\CodeIgniter.php(904): App\Controllers\Estimasi->summary()
 3 SYSTEMPATH\CodeIgniter.php(457): CodeIgniter\CodeIgniter->runController(Object(App\Controllers\Estimasi))
 4 SYSTEMPATH\CodeIgniter.php(340): CodeIgniter\CodeIgniter->handleRequest(null, Object(Config\Cache), false)
 5 FCPATH\index.php(67): CodeIgniter\CodeIgniter->run()
 6 SYSTEMPATH\Commands\Server\rewrite.php(43): require_once('FCPATH\\index.php')
CRITICAL - 2023-02-25 15:01:35 --> Call to a member function getnoestimasi() on null
in APPPATH\Controllers\Estimasi.php on line 1026.
 1 SYSTEMPATH\CodeIgniter.php(904): App\Controllers\Estimasi->table_estimasi_opl()
 2 SYSTEMPATH\CodeIgniter.php(457): CodeIgniter\CodeIgniter->runController(Object(App\Controllers\Estimasi))
 3 SYSTEMPATH\CodeIgniter.php(340): CodeIgniter\CodeIgniter->handleRequest(null, Object(Config\Cache), false)
 4 FCPATH\index.php(67): CodeIgniter\CodeIgniter->run()
 5 SYSTEMPATH\Commands\Server\rewrite.php(43): require_once('FCPATH\\index.php')
CRITICAL - 2023-02-25 15:02:02 --> Call to a member function getnoestimasi() on null
in APPPATH\Controllers\Estimasi.php on line 1026.
 1 SYSTEMPATH\CodeIgniter.php(904): App\Controllers\Estimasi->table_estimasi_opl()
 2 SYSTEMPATH\CodeIgniter.php(457): CodeIgniter\CodeIgniter->runController(Object(App\Controllers\Estimasi))
 3 SYSTEMPATH\CodeIgniter.php(340): CodeIgniter\CodeIgniter->handleRequest(null, Object(Config\Cache), false)
 4 FCPATH\index.php(67): CodeIgniter\CodeIgniter->run()
 5 SYSTEMPATH\Commands\Server\rewrite.php(43): require_once('FCPATH\\index.php')
CRITICAL - 2023-02-25 15:02:22 --> Call to a member function getnoestimasi() on null
in APPPATH\Controllers\Estimasi.php on line 1026.
 1 SYSTEMPATH\CodeIgniter.php(904): App\Controllers\Estimasi->table_estimasi_opl()
 2 SYSTEMPATH\CodeIgniter.php(457): CodeIgniter\CodeIgniter->runController(Object(App\Controllers\Estimasi))
 3 SYSTEMPATH\CodeIgniter.php(340): CodeIgniter\CodeIgniter->handleRequest(null, Object(Config\Cache), false)
 4 FCPATH\index.php(67): CodeIgniter\CodeIgniter->run()
 5 SYSTEMPATH\Commands\Server\rewrite.php(43): require_once('FCPATH\\index.php')
CRITICAL - 2023-02-25 15:02:59 --> Call to a member function getnoestimasi() on null
in APPPATH\Controllers\Estimasi.php on line 1025.
 1 SYSTEMPATH\CodeIgniter.php(904): App\Controllers\Estimasi->table_estimasi_opl()
 2 SYSTEMPATH\CodeIgniter.php(457): CodeIgniter\CodeIgniter->runController(Object(App\Controllers\Estimasi))
 3 SYSTEMPATH\CodeIgniter.php(340): CodeIgniter\CodeIgniter->handleRequest(null, Object(Config\Cache), false)
 4 FCPATH\index.php(67): CodeIgniter\CodeIgniter->run()
 5 SYSTEMPATH\Commands\Server\rewrite.php(43): require_once('FCPATH\\index.php')
CRITICAL - 2023-02-25 15:03:09 --> Call to a member function getnoestimasi() on null
in APPPATH\Controllers\Estimasi.php on line 1025.
 1 SYSTEMPATH\CodeIgniter.php(904): App\Controllers\Estimasi->table_estimasi_opl()
 2 SYSTEMPATH\CodeIgniter.php(457): CodeIgniter\CodeIgniter->runController(Object(App\Controllers\Estimasi))
 3 SYSTEMPATH\CodeIgniter.php(340): CodeIgniter\CodeIgniter->handleRequest(null, Object(Config\Cache), false)
 4 FCPATH\index.php(67): CodeIgniter\CodeIgniter->run()
 5 SYSTEMPATH\Commands\Server\rewrite.php(43): require_once('FCPATH\\index.php')
CRITICAL - 2023-02-25 15:03:28 --> Call to a member function getnoestimasi() on null
in APPPATH\Controllers\Estimasi.php on line 1025.
 1 SYSTEMPATH\CodeIgniter.php(904): App\Controllers\Estimasi->table_estimasi_opl()
 2 SYSTEMPATH\CodeIgniter.php(457): CodeIgniter\CodeIgniter->runController(Object(App\Controllers\Estimasi))
 3 SYSTEMPATH\CodeIgniter.php(340): CodeIgniter\CodeIgniter->handleRequest(null, Object(Config\Cache), false)
 4 FCPATH\index.php(67): CodeIgniter\CodeIgniter->run()
 5 SYSTEMPATH\Commands\Server\rewrite.php(43): require_once('FCPATH\\index.php')
CRITICAL - 2023-02-25 15:05:59 --> Call to a member function getnoestimasi() on null
in APPPATH\Controllers\Estimasi.php on line 1025.
 1 SYSTEMPATH\CodeIgniter.php(904): App\Controllers\Estimasi->table_estimasi_opl()
 2 SYSTEMPATH\CodeIgniter.php(457): CodeIgniter\CodeIgniter->runController(Object(App\Controllers\Estimasi))
 3 SYSTEMPATH\CodeIgniter.php(340): CodeIgniter\CodeIgniter->handleRequest(null, Object(Config\Cache), false)
 4 FCPATH\index.php(67): CodeIgniter\CodeIgniter->run()
 5 SYSTEMPATH\Commands\Server\rewrite.php(43): require_once('FCPATH\\index.php')
CRITICAL - 2023-02-25 15:06:21 --> Call to a member function getnoestimasi() on null
in APPPATH\Controllers\Estimasi.php on line 1025.
 1 SYSTEMPATH\CodeIgniter.php(904): App\Controllers\Estimasi->table_estimasi_opl()
 2 SYSTEMPATH\CodeIgniter.php(457): CodeIgniter\CodeIgniter->runController(Object(App\Controllers\Estimasi))
 3 SYSTEMPATH\CodeIgniter.php(340): CodeIgniter\CodeIgniter->handleRequest(null, Object(Config\Cache), false)
 4 FCPATH\index.php(67): CodeIgniter\CodeIgniter->run()
 5 SYSTEMPATH\Commands\Server\rewrite.php(43): require_once('FCPATH\\index.php')
CRITICAL - 2023-02-25 15:08:34 --> Call to a member function getnoestimasi() on null
in APPPATH\Controllers\Estimasi.php on line 1025.
 1 SYSTEMPATH\CodeIgniter.php(904): App\Controllers\Estimasi->table_estimasi_opl()
 2 SYSTEMPATH\CodeIgniter.php(457): CodeIgniter\CodeIgniter->runController(Object(App\Controllers\Estimasi))
 3 SYSTEMPATH\CodeIgniter.php(340): CodeIgniter\CodeIgniter->handleRequest(null, Object(Config\Cache), false)
 4 FCPATH\index.php(67): CodeIgniter\CodeIgniter->run()
 5 SYSTEMPATH\Commands\Server\rewrite.php(43): require_once('FCPATH\\index.php')
CRITICAL - 2023-02-25 15:08:43 --> Call to a member function getnoestimasi() on null
in APPPATH\Controllers\Estimasi.php on line 1025.
 1 SYSTEMPATH\CodeIgniter.php(904): App\Controllers\Estimasi->table_estimasi_opl()
 2 SYSTEMPATH\CodeIgniter.php(457): CodeIgniter\CodeIgniter->runController(Object(App\Controllers\Estimasi))
 3 SYSTEMPATH\CodeIgniter.php(340): CodeIgniter\CodeIgniter->handleRequest(null, Object(Config\Cache), false)
 4 FCPATH\index.php(67): CodeIgniter\CodeIgniter->run()
 5 SYSTEMPATH\Commands\Server\rewrite.php(43): require_once('FCPATH\\index.php')
CRITICAL - 2023-02-25 15:08:53 --> foreach() argument must be of type array|object, null given
in APPPATH\Views\estimasi\tbl_estimasi_bahan.php on line 21.
 1 APPPATH\Views\estimasi\tbl_estimasi_bahan.php(21): CodeIgniter\Debug\Exceptions->errorHandler(2, 'foreach() argument must be of type array|object, null given', 'APPPATH\\Views\\estimasi\\tbl_estimasi_bahan.php', 21)
 2 SYSTEMPATH\View\View.php(213): include('APPPATH\\Views\\estimasi\\tbl_estimasi_bahan.php')
 3 SYSTEMPATH\View\View.php(216): CodeIgniter\View\View->CodeIgniter\View\{closure}()
 4 SYSTEMPATH\Common.php(1142): CodeIgniter\View\View->render('estimasi/tbl_estimasi_bahan', [], true)
 5 APPPATH\Controllers\Estimasi.php(918): view('estimasi/tbl_estimasi_bahan', [...])
 6 SYSTEMPATH\CodeIgniter.php(904): App\Controllers\Estimasi->table_estimasi_bahan()
 7 SYSTEMPATH\CodeIgniter.php(457): CodeIgniter\CodeIgniter->runController(Object(App\Controllers\Estimasi))
 8 SYSTEMPATH\CodeIgniter.php(340): CodeIgniter\CodeIgniter->handleRequest(null, Object(Config\Cache), false)
 9 FCPATH\index.php(67): CodeIgniter\CodeIgniter->run()
10 SYSTEMPATH\Commands\Server\rewrite.php(43): require_once('FCPATH\\index.php')
CRITICAL - 2023-02-25 15:08:53 --> Call to a member function getnoestimasi() on null
in APPPATH\Controllers\Estimasi.php on line 1025.
 1 SYSTEMPATH\CodeIgniter.php(904): App\Controllers\Estimasi->table_estimasi_opl()
 2 SYSTEMPATH\CodeIgniter.php(457): CodeIgniter\CodeIgniter->runController(Object(App\Controllers\Estimasi))
 3 SYSTEMPATH\CodeIgniter.php(340): CodeIgniter\CodeIgniter->handleRequest(null, Object(Config\Cache), false)
 4 FCPATH\index.php(67): CodeIgniter\CodeIgniter->run()
 5 SYSTEMPATH\Commands\Server\rewrite.php(43): require_once('FCPATH\\index.php')
CRITICAL - 2023-02-25 15:08:54 --> foreach() argument must be of type array|object, null given
in APPPATH\Views\estimasi\summary.php on line 12.
 1 APPPATH\Views\estimasi\summary.php(12): CodeIgniter\Debug\Exceptions->errorHandler(2, 'foreach() argument must be of type array|object, null given', 'APPPATH\\Views\\estimasi\\summary.php', 12)
 2 SYSTEMPATH\View\View.php(213): include('APPPATH\\Views\\estimasi\\summary.php')
 3 SYSTEMPATH\View\View.php(216): CodeIgniter\View\View->CodeIgniter\View\{closure}()
 4 SYSTEMPATH\Common.php(1142): CodeIgniter\View\View->render('estimasi/summary', [], true)
 5 APPPATH\Controllers\Estimasi.php(1141): view('estimasi/summary', [...])
 6 SYSTEMPATH\CodeIgniter.php(904): App\Controllers\Estimasi->summary()
 7 SYSTEMPATH\CodeIgniter.php(457): CodeIgniter\CodeIgniter->runController(Object(App\Controllers\Estimasi))
 8 SYSTEMPATH\CodeIgniter.php(340): CodeIgniter\CodeIgniter->handleRequest(null, Object(Config\Cache), false)
 9 FCPATH\index.php(67): CodeIgniter\CodeIgniter->run()
10 SYSTEMPATH\Commands\Server\rewrite.php(43): require_once('FCPATH\\index.php')
CRITICAL - 2023-02-25 15:09:11 --> Call to a member function getnoestimasi() on null
in APPPATH\Controllers\Estimasi.php on line 1025.
 1 SYSTEMPATH\CodeIgniter.php(904): App\Controllers\Estimasi->table_estimasi_opl()
 2 SYSTEMPATH\CodeIgniter.php(457): CodeIgniter\CodeIgniter->runController(Object(App\Controllers\Estimasi))
 3 SYSTEMPATH\CodeIgniter.php(340): CodeIgniter\CodeIgniter->handleRequest(null, Object(Config\Cache), false)
 4 FCPATH\index.php(67): CodeIgniter\CodeIgniter->run()
 5 SYSTEMPATH\Commands\Server\rewrite.php(43): require_once('FCPATH\\index.php')
CRITICAL - 2023-02-25 15:10:02 --> Call to a member function getnoestimasi() on null
in APPPATH\Controllers\Estimasi.php on line 1025.
 1 SYSTEMPATH\CodeIgniter.php(904): App\Controllers\Estimasi->table_estimasi_opl()
 2 SYSTEMPATH\CodeIgniter.php(457): CodeIgniter\CodeIgniter->runController(Object(App\Controllers\Estimasi))
 3 SYSTEMPATH\CodeIgniter.php(340): CodeIgniter\CodeIgniter->handleRequest(null, Object(Config\Cache), false)
 4 FCPATH\index.php(67): CodeIgniter\CodeIgniter->run()
 5 SYSTEMPATH\Commands\Server\rewrite.php(43): require_once('FCPATH\\index.php')
CRITICAL - 2023-02-25 15:12:45 --> Call to a member function getnoestimasi() on null
in APPPATH\Controllers\Estimasi.php on line 1025.
 1 SYSTEMPATH\CodeIgniter.php(904): App\Controllers\Estimasi->table_estimasi_opl()
 2 SYSTEMPATH\CodeIgniter.php(457): CodeIgniter\CodeIgniter->runController(Object(App\Controllers\Estimasi))
 3 SYSTEMPATH\CodeIgniter.php(340): CodeIgniter\CodeIgniter->handleRequest(null, Object(Config\Cache), false)
 4 FCPATH\index.php(67): CodeIgniter\CodeIgniter->run()
 5 SYSTEMPATH\Commands\Server\rewrite.php(43): require_once('FCPATH\\index.php')
CRITICAL - 2023-02-25 02:13:25 --> Class "App\Models\EstimasioplModel" not found
in APPPATH\Controllers\Estimasi.php on line 33.
 1 SYSTEMPATH\CodeIgniter.php(866): App\Controllers\Estimasi->__construct()
 2 SYSTEMPATH\CodeIgniter.php(448): CodeIgniter\CodeIgniter->createController()
 3 SYSTEMPATH\CodeIgniter.php(340): CodeIgniter\CodeIgniter->handleRequest(null, Object(Config\Cache), false)
 4 FCPATH\index.php(67): CodeIgniter\CodeIgniter->run()
 5 SYSTEMPATH\Commands\Server\rewrite.php(43): require_once('FCPATH\\index.php')
CRITICAL - 2023-02-25 15:20:57 --> Undefined array key "noestimasi"
in APPPATH\Controllers\Estimasi.php on line 1021.
 1 APPPATH\Controllers\Estimasi.php(1021): CodeIgniter\Debug\Exceptions->errorHandler(2, 'Undefined array key "noestimasi"', 'APPPATH\\Controllers\\Estimasi.php', 1021)
 2 SYSTEMPATH\CodeIgniter.php(904): App\Controllers\Estimasi->table_estimasi_opl()
 3 SYSTEMPATH\CodeIgniter.php(457): CodeIgniter\CodeIgniter->runController(Object(App\Controllers\Estimasi))
 4 SYSTEMPATH\CodeIgniter.php(340): CodeIgniter\CodeIgniter->handleRequest(null, Object(Config\Cache), false)
 5 FCPATH\index.php(67): CodeIgniter\CodeIgniter->run()
 6 SYSTEMPATH\Commands\Server\rewrite.php(43): require_once('FCPATH\\index.php')
