ERROR - 2023-03-29 15:19:18 --> mysqli_sql_exception: Unknown column 'kode' in 'order clause' in D:\xampp\htdocs\bp\system\Database\MySQLi\Connection.php:292
Stack trace:
#0 D:\xampp\htdocs\bp\system\Database\MySQLi\Connection.php(292): mysqli->query('SELECT *\nFROM `...', 0)
#1 D:\xampp\htdocs\bp\system\Database\BaseConnection.php(693): CodeIgniter\Database\MySQLi\Connection->execute('SELECT *\nFROM `...')
#2 D:\xampp\htdocs\bp\system\Database\BaseConnection.php(620): CodeIgniter\Database\BaseConnection->simpleQuery('SELECT *\nFROM `...')
#3 D:\xampp\htdocs\bp\system\Database\BaseBuilder.php(1585): CodeIgniter\Database\BaseConnection->query('SELECT *\nFROM `...', Array, false)
#4 D:\xampp\htdocs\bp\system\Model.php(223): CodeIgniter\Database\BaseBuilder->get()
#5 D:\xampp\htdocs\bp\system\BaseModel.php(584): CodeIgniter\Model->doFindAll(0, 0)
#6 D:\xampp\htdocs\bp\app\Controllers\Pengajuandiscount.php(565): CodeIgniter\BaseModel->findAll()
#7 D:\xampp\htdocs\bp\system\CodeIgniter.php(904): App\Controllers\Pengajuandiscount->cari_data_memo()
#8 D:\xampp\htdocs\bp\system\CodeIgniter.php(457): CodeIgniter\CodeIgniter->runController(Object(App\Controllers\Pengajuandiscount))
#9 D:\xampp\htdocs\bp\system\CodeIgniter.php(340): CodeIgniter\CodeIgniter->handleRequest(NULL, Object(Config\Cache), false)
#10 D:\xampp\htdocs\bp\public\index.php(67): CodeIgniter\CodeIgniter->run()
#11 D:\xampp\htdocs\bp\system\Commands\Server\rewrite.php(43): require_once('D:\\xampp\\htdocs...')
#12 {main}
CRITICAL - 2023-03-29 15:19:18 --> Unknown column 'kode' in 'order clause'
in SYSTEMPATH\Database\MySQLi\Connection.php on line 292.
 1 SYSTEMPATH\Database\MySQLi\Connection.php(292): mysqli->query('SELECT *
FROM `memombr`
ORDER BY `kode`', 0)
 2 SYSTEMPATH\Database\BaseConnection.php(693): CodeIgniter\Database\MySQLi\Connection->execute('SELECT *
FROM `memombr`
ORDER BY `kode`')
 3 SYSTEMPATH\Database\BaseConnection.php(620): CodeIgniter\Database\BaseConnection->simpleQuery('SELECT *
FROM `memombr`
ORDER BY `kode`')
 4 SYSTEMPATH\Database\BaseBuilder.php(1585): CodeIgniter\Database\BaseConnection->query('SELECT *
FROM `memombr`
ORDER BY `kode`', [], false)
 5 SYSTEMPATH\Model.php(223): CodeIgniter\Database\BaseBuilder->get()
 6 SYSTEMPATH\BaseModel.php(584): CodeIgniter\Model->doFindAll(0, 0)
 7 APPPATH\Controllers\Pengajuandiscount.php(565): CodeIgniter\BaseModel->findAll()
 8 SYSTEMPATH\CodeIgniter.php(904): App\Controllers\Pengajuandiscount->cari_data_memo()
 9 SYSTEMPATH\CodeIgniter.php(457): CodeIgniter\CodeIgniter->runController(Object(App\Controllers\Pengajuandiscount))
10 SYSTEMPATH\CodeIgniter.php(340): CodeIgniter\CodeIgniter->handleRequest(null, Object(Config\Cache), false)
11 FCPATH\index.php(67): CodeIgniter\CodeIgniter->run()
12 SYSTEMPATH\Commands\Server\rewrite.php(43): require_once('FCPATH\\index.php')
CRITICAL - 2023-03-29 15:19:57 --> Invalid file: memombr/modalcarimemo.php
in SYSTEMPATH\Exceptions\FrameworkException.php on line 33.
 1 SYSTEMPATH\View\View.php(201): CodeIgniter\Exceptions\FrameworkException::forInvalidFile('memombr/modalcarimemo.php')
 2 SYSTEMPATH\Common.php(1142): CodeIgniter\View\View->render('memombr/modalcarimemo', [], true)
 3 APPPATH\Controllers\Pengajuandiscount.php(568): view('memombr/modalcarimemo', [...])
 4 SYSTEMPATH\CodeIgniter.php(904): App\Controllers\Pengajuandiscount->cari_data_memo()
 5 SYSTEMPATH\CodeIgniter.php(457): CodeIgniter\CodeIgniter->runController(Object(App\Controllers\Pengajuandiscount))
 6 SYSTEMPATH\CodeIgniter.php(340): CodeIgniter\CodeIgniter->handleRequest(null, Object(Config\Cache), false)
 7 FCPATH\index.php(67): CodeIgniter\CodeIgniter->run()
 8 SYSTEMPATH\Commands\Server\rewrite.php(43): require_once('FCPATH\\index.php')
CRITICAL - 2023-03-29 15:21:35 --> Invalid file: memombr/modalcarimemo.php
in SYSTEMPATH\Exceptions\FrameworkException.php on line 33.
 1 SYSTEMPATH\View\View.php(201): CodeIgniter\Exceptions\FrameworkException::forInvalidFile('memombr/modalcarimemo.php')
 2 SYSTEMPATH\Common.php(1142): CodeIgniter\View\View->render('memombr/modalcarimemo', [], true)
 3 APPPATH\Controllers\Pengajuandiscount.php(568): view('memombr/modalcarimemo', [...])
 4 SYSTEMPATH\CodeIgniter.php(904): App\Controllers\Pengajuandiscount->cari_data_memo()
 5 SYSTEMPATH\CodeIgniter.php(457): CodeIgniter\CodeIgniter->runController(Object(App\Controllers\Pengajuandiscount))
 6 SYSTEMPATH\CodeIgniter.php(340): CodeIgniter\CodeIgniter->handleRequest(null, Object(Config\Cache), false)
 7 FCPATH\index.php(67): CodeIgniter\CodeIgniter->run()
 8 SYSTEMPATH\Commands\Server\rewrite.php(43): require_once('FCPATH\\index.php')
CRITICAL - 2023-03-29 15:22:43 --> Undefined array key "kode"
in APPPATH\Views\pengajuandiscount\modalcarimemo.php on line 26.
 1 APPPATH\Views\pengajuandiscount\modalcarimemo.php(26): CodeIgniter\Debug\Exceptions->errorHandler(2, 'Undefined array key "kode"', 'APPPATH\\Views\\pengajuandiscount\\modalcarimemo.php', 26)
 2 SYSTEMPATH\View\View.php(213): include('APPPATH\\Views\\pengajuandiscount\\modalcarimemo.php')
 3 SYSTEMPATH\View\View.php(216): CodeIgniter\View\View->CodeIgniter\View\{closure}()
 4 SYSTEMPATH\Common.php(1142): CodeIgniter\View\View->render('pengajuandiscount/modalcarimemo', [], true)
 5 APPPATH\Controllers\Pengajuandiscount.php(568): view('pengajuandiscount/modalcarimemo', [...])
 6 SYSTEMPATH\CodeIgniter.php(904): App\Controllers\Pengajuandiscount->cari_data_memo()
 7 SYSTEMPATH\CodeIgniter.php(457): CodeIgniter\CodeIgniter->runController(Object(App\Controllers\Pengajuandiscount))
 8 SYSTEMPATH\CodeIgniter.php(340): CodeIgniter\CodeIgniter->handleRequest(null, Object(Config\Cache), false)
 9 FCPATH\index.php(67): CodeIgniter\CodeIgniter->run()
10 SYSTEMPATH\Commands\Server\rewrite.php(43): require_once('FCPATH\\index.php')
CRITICAL - 2023-03-29 15:23:11 --> Undefined array key "kode"
in APPPATH\Views\pengajuandiscount\modalcarimemo.php on line 26.
 1 APPPATH\Views\pengajuandiscount\modalcarimemo.php(26): CodeIgniter\Debug\Exceptions->errorHandler(2, 'Undefined array key "kode"', 'APPPATH\\Views\\pengajuandiscount\\modalcarimemo.php', 26)
 2 SYSTEMPATH\View\View.php(213): include('APPPATH\\Views\\pengajuandiscount\\modalcarimemo.php')
 3 SYSTEMPATH\View\View.php(216): CodeIgniter\View\View->CodeIgniter\View\{closure}()
 4 SYSTEMPATH\Common.php(1142): CodeIgniter\View\View->render('pengajuandiscount/modalcarimemo', [], true)
 5 APPPATH\Controllers\Pengajuandiscount.php(568): view('pengajuandiscount/modalcarimemo', [...])
 6 SYSTEMPATH\CodeIgniter.php(904): App\Controllers\Pengajuandiscount->cari_data_memo()
 7 SYSTEMPATH\CodeIgniter.php(457): CodeIgniter\CodeIgniter->runController(Object(App\Controllers\Pengajuandiscount))
 8 SYSTEMPATH\CodeIgniter.php(340): CodeIgniter\CodeIgniter->handleRequest(null, Object(Config\Cache), false)
 9 FCPATH\index.php(67): CodeIgniter\CodeIgniter->run()
10 SYSTEMPATH\Commands\Server\rewrite.php(43): require_once('FCPATH\\index.php')
CRITICAL - 2023-03-29 15:23:18 --> Undefined array key "kode"
in APPPATH\Views\pengajuandiscount\modalcarimemo.php on line 26.
 1 APPPATH\Views\pengajuandiscount\modalcarimemo.php(26): CodeIgniter\Debug\Exceptions->errorHandler(2, 'Undefined array key "kode"', 'APPPATH\\Views\\pengajuandiscount\\modalcarimemo.php', 26)
 2 SYSTEMPATH\View\View.php(213): include('APPPATH\\Views\\pengajuandiscount\\modalcarimemo.php')
 3 SYSTEMPATH\View\View.php(216): CodeIgniter\View\View->CodeIgniter\View\{closure}()
 4 SYSTEMPATH\Common.php(1142): CodeIgniter\View\View->render('pengajuandiscount/modalcarimemo', [], true)
 5 APPPATH\Controllers\Pengajuandiscount.php(568): view('pengajuandiscount/modalcarimemo', [...])
 6 SYSTEMPATH\CodeIgniter.php(904): App\Controllers\Pengajuandiscount->cari_data_memo()
 7 SYSTEMPATH\CodeIgniter.php(457): CodeIgniter\CodeIgniter->runController(Object(App\Controllers\Pengajuandiscount))
 8 SYSTEMPATH\CodeIgniter.php(340): CodeIgniter\CodeIgniter->handleRequest(null, Object(Config\Cache), false)
 9 FCPATH\index.php(67): CodeIgniter\CodeIgniter->run()
10 SYSTEMPATH\Commands\Server\rewrite.php(43): require_once('FCPATH\\index.php')
CRITICAL - 2023-03-29 15:30:40 --> Call to undefined method App\Models\MemombrModel::getkode
in SYSTEMPATH\Model.php on line 774.
 1 APPPATH\Controllers\Pengajuandiscount.php(580): CodeIgniter\Model->__call('getkode', [...])
 2 SYSTEMPATH\CodeIgniter.php(904): App\Controllers\Pengajuandiscount->repl_memo()
 3 SYSTEMPATH\CodeIgniter.php(457): CodeIgniter\CodeIgniter->runController(Object(App\Controllers\Pengajuandiscount))
 4 SYSTEMPATH\CodeIgniter.php(340): CodeIgniter\CodeIgniter->handleRequest(null, Object(Config\Cache), false)
 5 FCPATH\index.php(67): CodeIgniter\CodeIgniter->run()
 6 SYSTEMPATH\Commands\Server\rewrite.php(43): require_once('FCPATH\\index.php')
CRITICAL - 2023-03-29 15:30:46 --> Call to undefined method App\Models\MemombrModel::getkode
in SYSTEMPATH\Model.php on line 774.
 1 APPPATH\Controllers\Pengajuandiscount.php(580): CodeIgniter\Model->__call('getkode', [...])
 2 SYSTEMPATH\CodeIgniter.php(904): App\Controllers\Pengajuandiscount->repl_memo()
 3 SYSTEMPATH\CodeIgniter.php(457): CodeIgniter\CodeIgniter->runController(Object(App\Controllers\Pengajuandiscount))
 4 SYSTEMPATH\CodeIgniter.php(340): CodeIgniter\CodeIgniter->handleRequest(null, Object(Config\Cache), false)
 5 FCPATH\index.php(67): CodeIgniter\CodeIgniter->run()
 6 SYSTEMPATH\Commands\Server\rewrite.php(43): require_once('FCPATH\\index.php')
CRITICAL - 2023-03-29 15:30:56 --> Call to undefined method App\Models\MemombrModel::getkode
in SYSTEMPATH\Model.php on line 774.
 1 APPPATH\Controllers\Pengajuandiscount.php(580): CodeIgniter\Model->__call('getkode', [...])
 2 SYSTEMPATH\CodeIgniter.php(904): App\Controllers\Pengajuandiscount->repl_memo()
 3 SYSTEMPATH\CodeIgniter.php(457): CodeIgniter\CodeIgniter->runController(Object(App\Controllers\Pengajuandiscount))
 4 SYSTEMPATH\CodeIgniter.php(340): CodeIgniter\CodeIgniter->handleRequest(null, Object(Config\Cache), false)
 5 FCPATH\index.php(67): CodeIgniter\CodeIgniter->run()
 6 SYSTEMPATH\Commands\Server\rewrite.php(43): require_once('FCPATH\\index.php')
CRITICAL - 2023-03-29 15:31:34 --> Call to undefined method App\Models\MemombrModel::getkode
in SYSTEMPATH\Model.php on line 774.
 1 APPPATH\Controllers\Pengajuandiscount.php(580): CodeIgniter\Model->__call('getkode', [...])
 2 SYSTEMPATH\CodeIgniter.php(904): App\Controllers\Pengajuandiscount->repl_memo()
 3 SYSTEMPATH\CodeIgniter.php(457): CodeIgniter\CodeIgniter->runController(Object(App\Controllers\Pengajuandiscount))
 4 SYSTEMPATH\CodeIgniter.php(340): CodeIgniter\CodeIgniter->handleRequest(null, Object(Config\Cache), false)
 5 FCPATH\index.php(67): CodeIgniter\CodeIgniter->run()
 6 SYSTEMPATH\Commands\Server\rewrite.php(43): require_once('FCPATH\\index.php')
CRITICAL - 2023-03-29 15:32:41 --> Call to undefined method App\Models\MemombrModel::getkode
in SYSTEMPATH\Model.php on line 774.
 1 APPPATH\Controllers\Pengajuandiscount.php(580): CodeIgniter\Model->__call('getkode', [...])
 2 SYSTEMPATH\CodeIgniter.php(904): App\Controllers\Pengajuandiscount->repl_memo()
 3 SYSTEMPATH\CodeIgniter.php(457): CodeIgniter\CodeIgniter->runController(Object(App\Controllers\Pengajuandiscount))
 4 SYSTEMPATH\CodeIgniter.php(340): CodeIgniter\CodeIgniter->handleRequest(null, Object(Config\Cache), false)
 5 FCPATH\index.php(67): CodeIgniter\CodeIgniter->run()
 6 SYSTEMPATH\Commands\Server\rewrite.php(43): require_once('FCPATH\\index.php')
CRITICAL - 2023-03-29 15:32:51 --> Call to undefined method App\Models\MemombrModel::getkode
in SYSTEMPATH\Model.php on line 774.
 1 APPPATH\Controllers\Pengajuandiscount.php(580): CodeIgniter\Model->__call('getkode', [...])
 2 SYSTEMPATH\CodeIgniter.php(904): App\Controllers\Pengajuandiscount->repl_memo()
 3 SYSTEMPATH\CodeIgniter.php(457): CodeIgniter\CodeIgniter->runController(Object(App\Controllers\Pengajuandiscount))
 4 SYSTEMPATH\CodeIgniter.php(340): CodeIgniter\CodeIgniter->handleRequest(null, Object(Config\Cache), false)
 5 FCPATH\index.php(67): CodeIgniter\CodeIgniter->run()
 6 SYSTEMPATH\Commands\Server\rewrite.php(43): require_once('FCPATH\\index.php')
CRITICAL - 2023-03-29 15:33:02 --> Call to undefined method App\Models\MemombrModel::getkode
in SYSTEMPATH\Model.php on line 774.
 1 APPPATH\Controllers\Pengajuandiscount.php(580): CodeIgniter\Model->__call('getkode', [...])
 2 SYSTEMPATH\CodeIgniter.php(904): App\Controllers\Pengajuandiscount->repl_memo()
 3 SYSTEMPATH\CodeIgniter.php(457): CodeIgniter\CodeIgniter->runController(Object(App\Controllers\Pengajuandiscount))
 4 SYSTEMPATH\CodeIgniter.php(340): CodeIgniter\CodeIgniter->handleRequest(null, Object(Config\Cache), false)
 5 FCPATH\index.php(67): CodeIgniter\CodeIgniter->run()
 6 SYSTEMPATH\Commands\Server\rewrite.php(43): require_once('FCPATH\\index.php')
CRITICAL - 2023-03-29 15:33:09 --> Call to undefined method App\Models\MemombrModel::getkode
in SYSTEMPATH\Model.php on line 774.
 1 APPPATH\Controllers\Pengajuandiscount.php(580): CodeIgniter\Model->__call('getkode', [...])
 2 SYSTEMPATH\CodeIgniter.php(904): App\Controllers\Pengajuandiscount->repl_memo()
 3 SYSTEMPATH\CodeIgniter.php(457): CodeIgniter\CodeIgniter->runController(Object(App\Controllers\Pengajuandiscount))
 4 SYSTEMPATH\CodeIgniter.php(340): CodeIgniter\CodeIgniter->handleRequest(null, Object(Config\Cache), false)
 5 FCPATH\index.php(67): CodeIgniter\CodeIgniter->run()
 6 SYSTEMPATH\Commands\Server\rewrite.php(43): require_once('FCPATH\\index.php')
CRITICAL - 2023-03-29 15:34:15 --> Call to undefined method App\Models\MemombrModel::getkode
in SYSTEMPATH\Model.php on line 774.
 1 APPPATH\Controllers\Pengajuandiscount.php(581): CodeIgniter\Model->__call('getkode', [...])
 2 SYSTEMPATH\CodeIgniter.php(904): App\Controllers\Pengajuandiscount->repl_memo()
 3 SYSTEMPATH\CodeIgniter.php(457): CodeIgniter\CodeIgniter->runController(Object(App\Controllers\Pengajuandiscount))
 4 SYSTEMPATH\CodeIgniter.php(340): CodeIgniter\CodeIgniter->handleRequest(null, Object(Config\Cache), false)
 5 FCPATH\index.php(67): CodeIgniter\CodeIgniter->run()
 6 SYSTEMPATH\Commands\Server\rewrite.php(43): require_once('FCPATH\\index.php')
CRITICAL - 2023-03-29 15:35:07 --> Undefined array key "nomemo"
in APPPATH\Controllers\Pengajuandiscount.php on line 584.
 1 APPPATH\Controllers\Pengajuandiscount.php(584): CodeIgniter\Debug\Exceptions->errorHandler(2, 'Undefined array key "nomemo"', 'APPPATH\\Controllers\\Pengajuandiscount.php', 584)
 2 SYSTEMPATH\CodeIgniter.php(904): App\Controllers\Pengajuandiscount->repl_memo()
 3 SYSTEMPATH\CodeIgniter.php(457): CodeIgniter\CodeIgniter->runController(Object(App\Controllers\Pengajuandiscount))
 4 SYSTEMPATH\CodeIgniter.php(340): CodeIgniter\CodeIgniter->handleRequest(null, Object(Config\Cache), false)
 5 FCPATH\index.php(67): CodeIgniter\CodeIgniter->run()
 6 SYSTEMPATH\Commands\Server\rewrite.php(43): require_once('FCPATH\\index.php')
CRITICAL - 2023-03-29 15:35:16 --> Undefined array key "nomemo"
in APPPATH\Controllers\Pengajuandiscount.php on line 584.
 1 APPPATH\Controllers\Pengajuandiscount.php(584): CodeIgniter\Debug\Exceptions->errorHandler(2, 'Undefined array key "nomemo"', 'APPPATH\\Controllers\\Pengajuandiscount.php', 584)
 2 SYSTEMPATH\CodeIgniter.php(904): App\Controllers\Pengajuandiscount->repl_memo()
 3 SYSTEMPATH\CodeIgniter.php(457): CodeIgniter\CodeIgniter->runController(Object(App\Controllers\Pengajuandiscount))
 4 SYSTEMPATH\CodeIgniter.php(340): CodeIgniter\CodeIgniter->handleRequest(null, Object(Config\Cache), false)
 5 FCPATH\index.php(67): CodeIgniter\CodeIgniter->run()
 6 SYSTEMPATH\Commands\Server\rewrite.php(43): require_once('FCPATH\\index.php')
CRITICAL - 2023-03-29 15:35:29 --> Undefined array key "nomemo"
in APPPATH\Controllers\Pengajuandiscount.php on line 584.
 1 APPPATH\Controllers\Pengajuandiscount.php(584): CodeIgniter\Debug\Exceptions->errorHandler(2, 'Undefined array key "nomemo"', 'APPPATH\\Controllers\\Pengajuandiscount.php', 584)
 2 SYSTEMPATH\CodeIgniter.php(904): App\Controllers\Pengajuandiscount->repl_memo()
 3 SYSTEMPATH\CodeIgniter.php(457): CodeIgniter\CodeIgniter->runController(Object(App\Controllers\Pengajuandiscount))
 4 SYSTEMPATH\CodeIgniter.php(340): CodeIgniter\CodeIgniter->handleRequest(null, Object(Config\Cache), false)
 5 FCPATH\index.php(67): CodeIgniter\CodeIgniter->run()
 6 SYSTEMPATH\Commands\Server\rewrite.php(43): require_once('FCPATH\\index.php')
CRITICAL - 2023-03-29 15:37:31 --> Undefined array key "nomemo"
in APPPATH\Controllers\Pengajuandiscount.php on line 584.
 1 APPPATH\Controllers\Pengajuandiscount.php(584): CodeIgniter\Debug\Exceptions->errorHandler(2, 'Undefined array key "nomemo"', 'APPPATH\\Controllers\\Pengajuandiscount.php', 584)
 2 SYSTEMPATH\CodeIgniter.php(904): App\Controllers\Pengajuandiscount->repl_memo()
 3 SYSTEMPATH\CodeIgniter.php(457): CodeIgniter\CodeIgniter->runController(Object(App\Controllers\Pengajuandiscount))
 4 SYSTEMPATH\CodeIgniter.php(340): CodeIgniter\CodeIgniter->handleRequest(null, Object(Config\Cache), false)
 5 FCPATH\index.php(67): CodeIgniter\CodeIgniter->run()
 6 SYSTEMPATH\Commands\Server\rewrite.php(43): require_once('FCPATH\\index.php')
CRITICAL - 2023-03-29 15:38:14 --> Undefined array key "nomemo"
in APPPATH\Controllers\Pengajuandiscount.php on line 584.
 1 APPPATH\Controllers\Pengajuandiscount.php(584): CodeIgniter\Debug\Exceptions->errorHandler(2, 'Undefined array key "nomemo"', 'APPPATH\\Controllers\\Pengajuandiscount.php', 584)
 2 SYSTEMPATH\CodeIgniter.php(904): App\Controllers\Pengajuandiscount->repl_memo()
 3 SYSTEMPATH\CodeIgniter.php(457): CodeIgniter\CodeIgniter->runController(Object(App\Controllers\Pengajuandiscount))
 4 SYSTEMPATH\CodeIgniter.php(340): CodeIgniter\CodeIgniter->handleRequest(null, Object(Config\Cache), false)
 5 FCPATH\index.php(67): CodeIgniter\CodeIgniter->run()
 6 SYSTEMPATH\Commands\Server\rewrite.php(43): require_once('FCPATH\\index.php')
CRITICAL - 2023-03-29 15:40:13 --> Undefined array key "tanggal"
in APPPATH\Controllers\Pengajuandiscount.php on line 585.
 1 APPPATH\Controllers\Pengajuandiscount.php(585): CodeIgniter\Debug\Exceptions->errorHandler(2, 'Undefined array key "tanggal"', 'APPPATH\\Controllers\\Pengajuandiscount.php', 585)
 2 SYSTEMPATH\CodeIgniter.php(904): App\Controllers\Pengajuandiscount->repl_memo()
 3 SYSTEMPATH\CodeIgniter.php(457): CodeIgniter\CodeIgniter->runController(Object(App\Controllers\Pengajuandiscount))
 4 SYSTEMPATH\CodeIgniter.php(340): CodeIgniter\CodeIgniter->handleRequest(null, Object(Config\Cache), false)
 5 FCPATH\index.php(67): CodeIgniter\CodeIgniter->run()
 6 SYSTEMPATH\Commands\Server\rewrite.php(43): require_once('FCPATH\\index.php')
CRITICAL - 2023-03-29 16:15:04 --> Call to undefined method App\Models\PengajuandiscountModel::buatnomemo
in SYSTEMPATH\Model.php on line 774.
 1 APPPATH\Controllers\Pengajuandiscount.php(126): CodeIgniter\Model->__call('buatnomemo', [])
 2 SYSTEMPATH\CodeIgniter.php(904): App\Controllers\Pengajuandiscount->simpandata()
 3 SYSTEMPATH\CodeIgniter.php(457): CodeIgniter\CodeIgniter->runController(Object(App\Controllers\Pengajuandiscount))
 4 SYSTEMPATH\CodeIgniter.php(340): CodeIgniter\CodeIgniter->handleRequest(null, Object(Config\Cache), false)
 5 FCPATH\index.php(67): CodeIgniter\CodeIgniter->run()
 6 SYSTEMPATH\Commands\Server\rewrite.php(43): require_once('FCPATH\\index.php')
ERROR - 2023-03-29 16:15:38 --> mysqli_sql_exception: Column 'nama_pemesan' cannot be null in D:\xampp\htdocs\bp\system\Database\MySQLi\Connection.php:292
Stack trace:
#0 D:\xampp\htdocs\bp\system\Database\MySQLi\Connection.php(292): mysqli->query('INSERT INTO `pe...', 0)
#1 D:\xampp\htdocs\bp\system\Database\BaseConnection.php(693): CodeIgniter\Database\MySQLi\Connection->execute('INSERT INTO `pe...')
#2 D:\xampp\htdocs\bp\system\Database\BaseConnection.php(620): CodeIgniter\Database\BaseConnection->simpleQuery('INSERT INTO `pe...')
#3 D:\xampp\htdocs\bp\system\Database\BaseBuilder.php(1916): CodeIgniter\Database\BaseConnection->query('INSERT INTO `pe...', Array, false)
#4 D:\xampp\htdocs\bp\system\Model.php(279): CodeIgniter\Database\BaseBuilder->insert()
#5 D:\xampp\htdocs\bp\system\BaseModel.php(738): CodeIgniter\Model->doInsert(Array)
#6 D:\xampp\htdocs\bp\system\Model.php(667): CodeIgniter\BaseModel->insert(Array, true)
#7 D:\xampp\htdocs\bp\app\Controllers\Pengajuandiscount.php(153): CodeIgniter\Model->insert(Array)
#8 D:\xampp\htdocs\bp\system\CodeIgniter.php(904): App\Controllers\Pengajuandiscount->simpandata()
#9 D:\xampp\htdocs\bp\system\CodeIgniter.php(457): CodeIgniter\CodeIgniter->runController(Object(App\Controllers\Pengajuandiscount))
#10 D:\xampp\htdocs\bp\system\CodeIgniter.php(340): CodeIgniter\CodeIgniter->handleRequest(NULL, Object(Config\Cache), false)
#11 D:\xampp\htdocs\bp\public\index.php(67): CodeIgniter\CodeIgniter->run()
#12 D:\xampp\htdocs\bp\system\Commands\Server\rewrite.php(43): require_once('D:\\xampp\\htdocs...')
#13 {main}
CRITICAL - 2023-03-29 16:15:38 --> Column 'nama_pemesan' cannot be null
in SYSTEMPATH\Database\MySQLi\Connection.php on line 292.
 1 SYSTEMPATH\Database\MySQLi\Connection.php(292): mysqli->query('INSERT INTO `pengajuandiscount` (`nomor`, `tanggal`, `nomemo`, `nama_pemesan`, `nama_stnk`, `pembayaran`, `tipe`, `warna`, `pembelian_accessories`, `booking_fee`, `discount`, `paket`, `mediator`, `bonus_accessories`, `user`, `created_at`, `updated_at`) VALUES (\'D20230300001\', NULL, \'M20230300001\', NULL, NULL, \'\', \'\', \'\', \'\', \'0\', \'0\', \'0\', \'0\', \'\', \'Edit-Murod-29-03-2023 16:15:38\', \'2023-03-29 16:15:38\', \'2023-03-29 16:15:38\')', 0)
 2 SYSTEMPATH\Database\BaseConnection.php(693): CodeIgniter\Database\MySQLi\Connection->execute('INSERT INTO `pengajuandiscount` (`nomor`, `tanggal`, `nomemo`, `nama_pemesan`, `nama_stnk`, `pembayaran`, `tipe`, `warna`, `pembelian_accessories`, `booking_fee`, `discount`, `paket`, `mediator`, `bonus_accessories`, `user`, `created_at`, `updated_at`) VALUES (\'D20230300001\', NULL, \'M20230300001\', NULL, NULL, \'\', \'\', \'\', \'\', \'0\', \'0\', \'0\', \'0\', \'\', \'Edit-Murod-29-03-2023 16:15:38\', \'2023-03-29 16:15:38\', \'2023-03-29 16:15:38\')')
 3 SYSTEMPATH\Database\BaseConnection.php(620): CodeIgniter\Database\BaseConnection->simpleQuery('INSERT INTO `pengajuandiscount` (`nomor`, `tanggal`, `nomemo`, `nama_pemesan`, `nama_stnk`, `pembayaran`, `tipe`, `warna`, `pembelian_accessories`, `booking_fee`, `discount`, `paket`, `mediator`, `bonus_accessories`, `user`, `created_at`, `updated_at`) VALUES (\'D20230300001\', NULL, \'M20230300001\', NULL, NULL, \'\', \'\', \'\', \'\', \'0\', \'0\', \'0\', \'0\', \'\', \'Edit-Murod-29-03-2023 16:15:38\', \'2023-03-29 16:15:38\', \'2023-03-29 16:15:38\')')
 4 SYSTEMPATH\Database\BaseBuilder.php(1916): CodeIgniter\Database\BaseConnection->query('INSERT INTO `pengajuandiscount` (`nomor`, `tanggal`, `nomemo`, `nama_pemesan`, `nama_stnk`, `pembayaran`, `tipe`, `warna`, `pembelian_accessories`, `booking_fee`, `discount`, `paket`, `mediator`, `bonus_accessories`, `user`, `created_at`, `updated_at`) VALUES (:nomor:, :tanggal:, :nomemo:, :nama_pemesan:, :nama_stnk:, :pembayaran:, :tipe:, :warna:, :pembelian_accessories:, :booking_fee:, :discount:, :paket:, :mediator:, :bonus_accessories:, :user:, :created_at:, :updated_at:)', [...], false)
 5 SYSTEMPATH\Model.php(279): CodeIgniter\Database\BaseBuilder->insert()
 6 SYSTEMPATH\BaseModel.php(738): CodeIgniter\Model->doInsert([...])
 7 SYSTEMPATH\Model.php(667): CodeIgniter\BaseModel->insert([...], true)
 8 APPPATH\Controllers\Pengajuandiscount.php(153): CodeIgniter\Model->insert([...])
 9 SYSTEMPATH\CodeIgniter.php(904): App\Controllers\Pengajuandiscount->simpandata()
10 SYSTEMPATH\CodeIgniter.php(457): CodeIgniter\CodeIgniter->runController(Object(App\Controllers\Pengajuandiscount))
11 SYSTEMPATH\CodeIgniter.php(340): CodeIgniter\CodeIgniter->handleRequest(null, Object(Config\Cache), false)
12 FCPATH\index.php(67): CodeIgniter\CodeIgniter->run()
13 SYSTEMPATH\Commands\Server\rewrite.php(43): require_once('FCPATH\\index.php')
CRITICAL - 2023-03-29 16:18:08 --> Trying to access array offset on value of type null
in APPPATH\Controllers\Pengajuandiscount.php on line 192.
 1 APPPATH\Controllers\Pengajuandiscount.php(192): CodeIgniter\Debug\Exceptions->errorHandler(2, 'Trying to access array offset on value of type null', 'APPPATH\\Controllers\\Pengajuandiscount.php', 192)
 2 SYSTEMPATH\CodeIgniter.php(904): App\Controllers\Pengajuandiscount->hapus('1')
 3 SYSTEMPATH\CodeIgniter.php(457): CodeIgniter\CodeIgniter->runController(Object(App\Controllers\Pengajuandiscount))
 4 SYSTEMPATH\CodeIgniter.php(340): CodeIgniter\CodeIgniter->handleRequest(null, Object(Config\Cache), false)
 5 FCPATH\index.php(67): CodeIgniter\CodeIgniter->run()
 6 SYSTEMPATH\Commands\Server\rewrite.php(43): require_once('FCPATH\\index.php')
CRITICAL - 2023-03-29 16:19:03 --> Trying to access array offset on value of type null
in APPPATH\Controllers\Pengajuandiscount.php on line 192.
 1 APPPATH\Controllers\Pengajuandiscount.php(192): CodeIgniter\Debug\Exceptions->errorHandler(2, 'Trying to access array offset on value of type null', 'APPPATH\\Controllers\\Pengajuandiscount.php', 192)
 2 SYSTEMPATH\CodeIgniter.php(904): App\Controllers\Pengajuandiscount->hapus('2')
 3 SYSTEMPATH\CodeIgniter.php(457): CodeIgniter\CodeIgniter->runController(Object(App\Controllers\Pengajuandiscount))
 4 SYSTEMPATH\CodeIgniter.php(340): CodeIgniter\CodeIgniter->handleRequest(null, Object(Config\Cache), false)
 5 FCPATH\index.php(67): CodeIgniter\CodeIgniter->run()
 6 SYSTEMPATH\Commands\Server\rewrite.php(43): require_once('FCPATH\\index.php')
CRITICAL - 2023-03-29 16:27:15 --> Undefined array key "nmwarna"
in APPPATH\Views\pengajuandiscount\modalcarimemo.php on line 47.
 1 APPPATH\Views\pengajuandiscount\modalcarimemo.php(47): CodeIgniter\Debug\Exceptions->errorHandler(2, 'Undefined array key "nmwarna"', 'APPPATH\\Views\\pengajuandiscount\\modalcarimemo.php', 47)
 2 SYSTEMPATH\View\View.php(213): include('APPPATH\\Views\\pengajuandiscount\\modalcarimemo.php')
 3 SYSTEMPATH\View\View.php(216): CodeIgniter\View\View->CodeIgniter\View\{closure}()
 4 SYSTEMPATH\Common.php(1142): CodeIgniter\View\View->render('pengajuandiscount/modalcarimemo', [], true)
 5 APPPATH\Controllers\Pengajuandiscount.php(495): view('pengajuandiscount/modalcarimemo', [...])
 6 SYSTEMPATH\CodeIgniter.php(904): App\Controllers\Pengajuandiscount->cari_data_memo()
 7 SYSTEMPATH\CodeIgniter.php(457): CodeIgniter\CodeIgniter->runController(Object(App\Controllers\Pengajuandiscount))
 8 SYSTEMPATH\CodeIgniter.php(340): CodeIgniter\CodeIgniter->handleRequest(null, Object(Config\Cache), false)
 9 FCPATH\index.php(67): CodeIgniter\CodeIgniter->run()
10 SYSTEMPATH\Commands\Server\rewrite.php(43): require_once('FCPATH\\index.php')
CRITICAL - 2023-03-29 16:41:11 --> Undefined array key "nmtipe"
in APPPATH\Controllers\Memombr.php on line 486.
 1 APPPATH\Controllers\Memombr.php(486): CodeIgniter\Debug\Exceptions->errorHandler(2, 'Undefined array key "nmtipe"', 'APPPATH\\Controllers\\Memombr.php', 486)
 2 SYSTEMPATH\CodeIgniter.php(904): App\Controllers\Memombr->updatedata()
 3 SYSTEMPATH\CodeIgniter.php(457): CodeIgniter\CodeIgniter->runController(Object(App\Controllers\Memombr))
 4 SYSTEMPATH\CodeIgniter.php(340): CodeIgniter\CodeIgniter->handleRequest(null, Object(Config\Cache), false)
 5 FCPATH\index.php(67): CodeIgniter\CodeIgniter->run()
 6 SYSTEMPATH\Commands\Server\rewrite.php(43): require_once('FCPATH\\index.php')
CRITICAL - 2023-03-29 16:42:40 --> Undefined array key "nama"
in APPPATH\Controllers\Memombr.php on line 486.
 1 APPPATH\Controllers\Memombr.php(486): CodeIgniter\Debug\Exceptions->errorHandler(2, 'Undefined array key "nama"', 'APPPATH\\Controllers\\Memombr.php', 486)
 2 SYSTEMPATH\CodeIgniter.php(904): App\Controllers\Memombr->updatedata()
 3 SYSTEMPATH\CodeIgniter.php(457): CodeIgniter\CodeIgniter->runController(Object(App\Controllers\Memombr))
 4 SYSTEMPATH\CodeIgniter.php(340): CodeIgniter\CodeIgniter->handleRequest(null, Object(Config\Cache), false)
 5 FCPATH\index.php(67): CodeIgniter\CodeIgniter->run()
 6 SYSTEMPATH\Commands\Server\rewrite.php(43): require_once('FCPATH\\index.php')
CRITICAL - 2023-03-29 16:42:43 --> Undefined array key "nama"
in APPPATH\Controllers\Memombr.php on line 486.
 1 APPPATH\Controllers\Memombr.php(486): CodeIgniter\Debug\Exceptions->errorHandler(2, 'Undefined array key "nama"', 'APPPATH\\Controllers\\Memombr.php', 486)
 2 SYSTEMPATH\CodeIgniter.php(904): App\Controllers\Memombr->updatedata()
 3 SYSTEMPATH\CodeIgniter.php(457): CodeIgniter\CodeIgniter->runController(Object(App\Controllers\Memombr))
 4 SYSTEMPATH\CodeIgniter.php(340): CodeIgniter\CodeIgniter->handleRequest(null, Object(Config\Cache), false)
 5 FCPATH\index.php(67): CodeIgniter\CodeIgniter->run()
 6 SYSTEMPATH\Commands\Server\rewrite.php(43): require_once('FCPATH\\index.php')
CRITICAL - 2023-03-29 16:43:41 --> Undefined array key "nama"
in APPPATH\Controllers\Memombr.php on line 487.
 1 APPPATH\Controllers\Memombr.php(487): CodeIgniter\Debug\Exceptions->errorHandler(2, 'Undefined array key "nama"', 'APPPATH\\Controllers\\Memombr.php', 487)
 2 SYSTEMPATH\CodeIgniter.php(904): App\Controllers\Memombr->updatedata()
 3 SYSTEMPATH\CodeIgniter.php(457): CodeIgniter\CodeIgniter->runController(Object(App\Controllers\Memombr))
 4 SYSTEMPATH\CodeIgniter.php(340): CodeIgniter\CodeIgniter->handleRequest(null, Object(Config\Cache), false)
 5 FCPATH\index.php(67): CodeIgniter\CodeIgniter->run()
 6 SYSTEMPATH\Commands\Server\rewrite.php(43): require_once('FCPATH\\index.php')
CRITICAL - 2023-03-29 16:44:34 --> Undefined array key "nama"
in APPPATH\Controllers\Memombr.php on line 487.
 1 APPPATH\Controllers\Memombr.php(487): CodeIgniter\Debug\Exceptions->errorHandler(2, 'Undefined array key "nama"', 'APPPATH\\Controllers\\Memombr.php', 487)
 2 SYSTEMPATH\CodeIgniter.php(904): App\Controllers\Memombr->updatedata()
 3 SYSTEMPATH\CodeIgniter.php(457): CodeIgniter\CodeIgniter->runController(Object(App\Controllers\Memombr))
 4 SYSTEMPATH\CodeIgniter.php(340): CodeIgniter\CodeIgniter->handleRequest(null, Object(Config\Cache), false)
 5 FCPATH\index.php(67): CodeIgniter\CodeIgniter->run()
 6 SYSTEMPATH\Commands\Server\rewrite.php(43): require_once('FCPATH\\index.php')
CRITICAL - 2023-03-29 16:48:16 --> Trying to access array offset on value of type null
in APPPATH\Controllers\Pengajuandiscount.php on line 170.
 1 APPPATH\Controllers\Pengajuandiscount.php(170): CodeIgniter\Debug\Exceptions->errorHandler(2, 'Trying to access array offset on value of type null', 'APPPATH\\Controllers\\Pengajuandiscount.php', 170)
 2 SYSTEMPATH\CodeIgniter.php(904): App\Controllers\Pengajuandiscount->formedit()
 3 SYSTEMPATH\CodeIgniter.php(457): CodeIgniter\CodeIgniter->runController(Object(App\Controllers\Pengajuandiscount))
 4 SYSTEMPATH\CodeIgniter.php(340): CodeIgniter\CodeIgniter->handleRequest(null, Object(Config\Cache), false)
 5 FCPATH\index.php(67): CodeIgniter\CodeIgniter->run()
 6 SYSTEMPATH\Commands\Server\rewrite.php(43): require_once('FCPATH\\index.php')
CRITICAL - 2023-03-29 16:48:55 --> Trying to access array offset on value of type null
in APPPATH\Controllers\Pengajuandiscount.php on line 170.
 1 APPPATH\Controllers\Pengajuandiscount.php(170): CodeIgniter\Debug\Exceptions->errorHandler(2, 'Trying to access array offset on value of type null', 'APPPATH\\Controllers\\Pengajuandiscount.php', 170)
 2 SYSTEMPATH\CodeIgniter.php(904): App\Controllers\Pengajuandiscount->formedit()
 3 SYSTEMPATH\CodeIgniter.php(457): CodeIgniter\CodeIgniter->runController(Object(App\Controllers\Pengajuandiscount))
 4 SYSTEMPATH\CodeIgniter.php(340): CodeIgniter\CodeIgniter->handleRequest(null, Object(Config\Cache), false)
 5 FCPATH\index.php(67): CodeIgniter\CodeIgniter->run()
 6 SYSTEMPATH\Commands\Server\rewrite.php(43): require_once('FCPATH\\index.php')
