CRITICAL - 2023-03-16 15:18:54 --> Undefined variable $tambah
in APPPATH\Views\tbcustomer\modaltambah.php on line 154.
 1 APPPATH\Views\tbcustomer\modaltambah.php(154): CodeIgniter\Debug\Exceptions->errorHandler(2, 'Undefined variable $tambah', 'APPPATH\\Views\\tbcustomer\\modaltambah.php', 154)
 2 SYSTEMPATH\View\View.php(213): include('APPPATH\\Views\\tbcustomer\\modaltambah.php')
 3 SYSTEMPATH\View\View.php(216): CodeIgniter\View\View->CodeIgniter\View\{closure}()
 4 SYSTEMPATH\Common.php(1142): CodeIgniter\View\View->render('tbcustomer/modaltambah', [], true)
 5 APPPATH\Controllers\Tbcustomer.php(89): view('tbcustomer/modaltambah', [...])
 6 SYSTEMPATH\CodeIgniter.php(904): App\Controllers\Tbcustomer->formtambah()
 7 SYSTEMPATH\CodeIgniter.php(457): CodeIgniter\CodeIgniter->runController(Object(App\Controllers\Tbcustomer))
 8 SYSTEMPATH\CodeIgniter.php(340): CodeIgniter\CodeIgniter->handleRequest(null, Object(Config\Cache), false)
 9 FCPATH\index.php(67): CodeIgniter\CodeIgniter->run()
10 SYSTEMPATH\Commands\Server\rewrite.php(43): require_once('FCPATH\\index.php')
CRITICAL - 2023-03-16 15:25:41 --> Undefined variable $submenu
in APPPATH\Views\estimasi\modalestimasi.php on line 9.
 1 APPPATH\Views\estimasi\modalestimasi.php(9): CodeIgniter\Debug\Exceptions->errorHandler(2, 'Undefined variable $submenu', 'APPPATH\\Views\\estimasi\\modalestimasi.php', 9)
 2 SYSTEMPATH\View\View.php(213): include('APPPATH\\Views\\estimasi\\modalestimasi.php')
 3 SYSTEMPATH\View\View.php(216): CodeIgniter\View\View->CodeIgniter\View\{closure}()
 4 SYSTEMPATH\Common.php(1142): CodeIgniter\View\View->render('estimasi/modalestimasi', [], true)
 5 APPPATH\Controllers\Estimasi.php(158): view('estimasi/modalestimasi', [...])
 6 SYSTEMPATH\CodeIgniter.php(904): App\Controllers\Estimasi->modalestimasi()
 7 SYSTEMPATH\CodeIgniter.php(457): CodeIgniter\CodeIgniter->runController(Object(App\Controllers\Estimasi))
 8 SYSTEMPATH\CodeIgniter.php(340): CodeIgniter\CodeIgniter->handleRequest(null, Object(Config\Cache), false)
 9 FCPATH\index.php(67): CodeIgniter\CodeIgniter->run()
10 SYSTEMPATH\Commands\Server\rewrite.php(43): require_once('FCPATH\\index.php')
CRITICAL - 2023-03-16 15:26:08 --> Undefined variable $submenu
in APPPATH\Views\estimasi\modalestimasi.php on line 9.
 1 APPPATH\Views\estimasi\modalestimasi.php(9): CodeIgniter\Debug\Exceptions->errorHandler(2, 'Undefined variable $submenu', 'APPPATH\\Views\\estimasi\\modalestimasi.php', 9)
 2 SYSTEMPATH\View\View.php(213): include('APPPATH\\Views\\estimasi\\modalestimasi.php')
 3 SYSTEMPATH\View\View.php(216): CodeIgniter\View\View->CodeIgniter\View\{closure}()
 4 SYSTEMPATH\Common.php(1142): CodeIgniter\View\View->render('estimasi/modalestimasi', [], true)
 5 APPPATH\Controllers\Estimasi.php(158): view('estimasi/modalestimasi', [...])
 6 SYSTEMPATH\CodeIgniter.php(904): App\Controllers\Estimasi->modalestimasi()
 7 SYSTEMPATH\CodeIgniter.php(457): CodeIgniter\CodeIgniter->runController(Object(App\Controllers\Estimasi))
 8 SYSTEMPATH\CodeIgniter.php(340): CodeIgniter\CodeIgniter->handleRequest(null, Object(Config\Cache), false)
 9 FCPATH\index.php(67): CodeIgniter\CodeIgniter->run()
10 SYSTEMPATH\Commands\Server\rewrite.php(43): require_once('FCPATH\\index.php')
CRITICAL - 2023-03-16 15:26:14 --> Undefined variable $submenu
in APPPATH\Views\estimasi\modalestimasi.php on line 9.
 1 APPPATH\Views\estimasi\modalestimasi.php(9): CodeIgniter\Debug\Exceptions->errorHandler(2, 'Undefined variable $submenu', 'APPPATH\\Views\\estimasi\\modalestimasi.php', 9)
 2 SYSTEMPATH\View\View.php(213): include('APPPATH\\Views\\estimasi\\modalestimasi.php')
 3 SYSTEMPATH\View\View.php(216): CodeIgniter\View\View->CodeIgniter\View\{closure}()
 4 SYSTEMPATH\Common.php(1142): CodeIgniter\View\View->render('estimasi/modalestimasi', [], true)
 5 APPPATH\Controllers\Estimasi.php(158): view('estimasi/modalestimasi', [...])
 6 SYSTEMPATH\CodeIgniter.php(904): App\Controllers\Estimasi->modalestimasi()
 7 SYSTEMPATH\CodeIgniter.php(457): CodeIgniter\CodeIgniter->runController(Object(App\Controllers\Estimasi))
 8 SYSTEMPATH\CodeIgniter.php(340): CodeIgniter\CodeIgniter->handleRequest(null, Object(Config\Cache), false)
 9 FCPATH\index.php(67): CodeIgniter\CodeIgniter->run()
10 SYSTEMPATH\Commands\Server\rewrite.php(43): require_once('FCPATH\\index.php')
CRITICAL - 2023-03-16 15:26:25 --> Undefined variable $cmenu
in APPPATH\Views\estimasi\modalestimasi.php on line 14.
 1 APPPATH\Views\estimasi\modalestimasi.php(14): CodeIgniter\Debug\Exceptions->errorHandler(2, 'Undefined variable $cmenu', 'APPPATH\\Views\\estimasi\\modalestimasi.php', 14)
 2 SYSTEMPATH\View\View.php(213): include('APPPATH\\Views\\estimasi\\modalestimasi.php')
 3 SYSTEMPATH\View\View.php(216): CodeIgniter\View\View->CodeIgniter\View\{closure}()
 4 SYSTEMPATH\Common.php(1142): CodeIgniter\View\View->render('estimasi/modalestimasi', [], true)
 5 APPPATH\Controllers\Estimasi.php(158): view('estimasi/modalestimasi', [...])
 6 SYSTEMPATH\CodeIgniter.php(904): App\Controllers\Estimasi->modalestimasi()
 7 SYSTEMPATH\CodeIgniter.php(457): CodeIgniter\CodeIgniter->runController(Object(App\Controllers\Estimasi))
 8 SYSTEMPATH\CodeIgniter.php(340): CodeIgniter\CodeIgniter->handleRequest(null, Object(Config\Cache), false)
 9 FCPATH\index.php(67): CodeIgniter\CodeIgniter->run()
10 SYSTEMPATH\Commands\Server\rewrite.php(43): require_once('FCPATH\\index.php')
