CRITICAL - 2022-10-03 11:12:30 --> Undefined variable $title
in APPPATH\Views\teman\index.php on line 6.
 1 APPPATH\Views\teman\index.php(6): CodeIgniter\Debug\Exceptions->errorHandler(2, 'Undefined variable $title', 'APPPATH\\Views\\teman\\index.php', 6)
 2 SYSTEMPATH\View\View.php(213): include('APPPATH\\Views\\teman\\index.php')
 3 SYSTEMPATH\View\View.php(216): CodeIgniter\View\View->CodeIgniter\View\{closure}()
 4 SYSTEMPATH\Common.php(1142): CodeIgniter\View\View->render('teman/index', [], true)
 5 APPPATH\Controllers\Crudajax.php(20): view('teman/index')
 6 SYSTEMPATH\CodeIgniter.php(904): App\Controllers\Crudajax->index()
 7 SYSTEMPATH\CodeIgniter.php(457): CodeIgniter\CodeIgniter->runController(Object(App\Controllers\Crudajax))
 8 SYSTEMPATH\CodeIgniter.php(340): CodeIgniter\CodeIgniter->handleRequest(null, Object(Config\Cache), false)
 9 FCPATH\index.php(67): CodeIgniter\CodeIgniter->run()
10 SYSTEMPATH\Commands\Server\rewrite.php(43): require_once('FCPATH\\index.php')
CRITICAL - 2022-10-03 11:46:14 --> Undefined variable $title
in APPPATH\Views\teman\table_teman.php on line 7.
 1 APPPATH\Views\teman\table_teman.php(7): CodeIgniter\Debug\Exceptions->errorHandler(2, 'Undefined variable $title', 'APPPATH\\Views\\teman\\table_teman.php', 7)
 2 SYSTEMPATH\View\View.php(213): include('APPPATH\\Views\\teman\\table_teman.php')
 3 SYSTEMPATH\View\View.php(216): CodeIgniter\View\View->CodeIgniter\View\{closure}()
 4 SYSTEMPATH\Common.php(1142): CodeIgniter\View\View->render('teman/table_teman', [], true)
 5 APPPATH\Controllers\Crudajax.php(32): view('teman/table_teman', [...])
 6 SYSTEMPATH\CodeIgniter.php(904): App\Controllers\Crudajax->table_teman()
 7 SYSTEMPATH\CodeIgniter.php(457): CodeIgniter\CodeIgniter->runController(Object(App\Controllers\Crudajax))
 8 SYSTEMPATH\CodeIgniter.php(340): CodeIgniter\CodeIgniter->handleRequest(null, Object(Config\Cache), false)
 9 FCPATH\index.php(67): CodeIgniter\CodeIgniter->run()
10 SYSTEMPATH\Commands\Server\rewrite.php(43): require_once('FCPATH\\index.php')
CRITICAL - 2022-10-03 11:46:16 --> Undefined variable $title
in APPPATH\Views\teman\table_teman.php on line 7.
 1 APPPATH\Views\teman\table_teman.php(7): CodeIgniter\Debug\Exceptions->errorHandler(2, 'Undefined variable $title', 'APPPATH\\Views\\teman\\table_teman.php', 7)
 2 SYSTEMPATH\View\View.php(213): include('APPPATH\\Views\\teman\\table_teman.php')
 3 SYSTEMPATH\View\View.php(216): CodeIgniter\View\View->CodeIgniter\View\{closure}()
 4 SYSTEMPATH\Common.php(1142): CodeIgniter\View\View->render('teman/table_teman', [], true)
 5 APPPATH\Controllers\Crudajax.php(32): view('teman/table_teman', [...])
 6 SYSTEMPATH\CodeIgniter.php(904): App\Controllers\Crudajax->table_teman()
 7 SYSTEMPATH\CodeIgniter.php(457): CodeIgniter\CodeIgniter->runController(Object(App\Controllers\Crudajax))
 8 SYSTEMPATH\CodeIgniter.php(340): CodeIgniter\CodeIgniter->handleRequest(null, Object(Config\Cache), false)
 9 FCPATH\index.php(67): CodeIgniter\CodeIgniter->run()
10 SYSTEMPATH\Commands\Server\rewrite.php(43): require_once('FCPATH\\index.php')
CRITICAL - 2022-10-03 11:46:19 --> Undefined variable $title
in APPPATH\Views\teman\table_teman.php on line 7.
 1 APPPATH\Views\teman\table_teman.php(7): CodeIgniter\Debug\Exceptions->errorHandler(2, 'Undefined variable $title', 'APPPATH\\Views\\teman\\table_teman.php', 7)
 2 SYSTEMPATH\View\View.php(213): include('APPPATH\\Views\\teman\\table_teman.php')
 3 SYSTEMPATH\View\View.php(216): CodeIgniter\View\View->CodeIgniter\View\{closure}()
 4 SYSTEMPATH\Common.php(1142): CodeIgniter\View\View->render('teman/table_teman', [], true)
 5 APPPATH\Controllers\Crudajax.php(32): view('teman/table_teman', [...])
 6 SYSTEMPATH\CodeIgniter.php(904): App\Controllers\Crudajax->table_teman()
 7 SYSTEMPATH\CodeIgniter.php(457): CodeIgniter\CodeIgniter->runController(Object(App\Controllers\Crudajax))
 8 SYSTEMPATH\CodeIgniter.php(340): CodeIgniter\CodeIgniter->handleRequest(null, Object(Config\Cache), false)
 9 FCPATH\index.php(67): CodeIgniter\CodeIgniter->run()
10 SYSTEMPATH\Commands\Server\rewrite.php(43): require_once('FCPATH\\index.php')
CRITICAL - 2022-10-03 11:46:26 --> Undefined variable $title
in APPPATH\Views\teman\table_teman.php on line 7.
 1 APPPATH\Views\teman\table_teman.php(7): CodeIgniter\Debug\Exceptions->errorHandler(2, 'Undefined variable $title', 'APPPATH\\Views\\teman\\table_teman.php', 7)
 2 SYSTEMPATH\View\View.php(213): include('APPPATH\\Views\\teman\\table_teman.php')
 3 SYSTEMPATH\View\View.php(216): CodeIgniter\View\View->CodeIgniter\View\{closure}()
 4 SYSTEMPATH\Common.php(1142): CodeIgniter\View\View->render('teman/table_teman', [], true)
 5 APPPATH\Controllers\Crudajax.php(32): view('teman/table_teman', [...])
 6 SYSTEMPATH\CodeIgniter.php(904): App\Controllers\Crudajax->table_teman()
 7 SYSTEMPATH\CodeIgniter.php(457): CodeIgniter\CodeIgniter->runController(Object(App\Controllers\Crudajax))
 8 SYSTEMPATH\CodeIgniter.php(340): CodeIgniter\CodeIgniter->handleRequest(null, Object(Config\Cache), false)
 9 FCPATH\index.php(67): CodeIgniter\CodeIgniter->run()
10 SYSTEMPATH\Commands\Server\rewrite.php(43): require_once('FCPATH\\index.php')
CRITICAL - 2022-10-03 12:20:38 --> Undefined variable $content
in APPPATH\Views\teman\table_teman.php on line 36.
 1 APPPATH\Views\teman\table_teman.php(36): CodeIgniter\Debug\Exceptions->errorHandler(2, 'Undefined variable $content', 'APPPATH\\Views\\teman\\table_teman.php', 36)
 2 SYSTEMPATH\View\View.php(213): include('APPPATH\\Views\\teman\\table_teman.php')
 3 SYSTEMPATH\View\View.php(216): CodeIgniter\View\View->CodeIgniter\View\{closure}()
 4 SYSTEMPATH\Common.php(1142): CodeIgniter\View\View->render('teman/table_teman', [], true)
 5 APPPATH\Controllers\Crudajax.php(33): view('teman/table_teman', [...])
 6 SYSTEMPATH\CodeIgniter.php(904): App\Controllers\Crudajax->table_teman()
 7 SYSTEMPATH\CodeIgniter.php(457): CodeIgniter\CodeIgniter->runController(Object(App\Controllers\Crudajax))
 8 SYSTEMPATH\CodeIgniter.php(340): CodeIgniter\CodeIgniter->handleRequest(null, Object(Config\Cache), false)
 9 FCPATH\index.php(67): CodeIgniter\CodeIgniter->run()
10 SYSTEMPATH\Commands\Server\rewrite.php(43): require_once('FCPATH\\index.php')
CRITICAL - 2022-10-03 12:20:40 --> Undefined variable $content
in APPPATH\Views\teman\table_teman.php on line 36.
 1 APPPATH\Views\teman\table_teman.php(36): CodeIgniter\Debug\Exceptions->errorHandler(2, 'Undefined variable $content', 'APPPATH\\Views\\teman\\table_teman.php', 36)
 2 SYSTEMPATH\View\View.php(213): include('APPPATH\\Views\\teman\\table_teman.php')
 3 SYSTEMPATH\View\View.php(216): CodeIgniter\View\View->CodeIgniter\View\{closure}()
 4 SYSTEMPATH\Common.php(1142): CodeIgniter\View\View->render('teman/table_teman', [], true)
 5 APPPATH\Controllers\Crudajax.php(33): view('teman/table_teman', [...])
 6 SYSTEMPATH\CodeIgniter.php(904): App\Controllers\Crudajax->table_teman()
 7 SYSTEMPATH\CodeIgniter.php(457): CodeIgniter\CodeIgniter->runController(Object(App\Controllers\Crudajax))
 8 SYSTEMPATH\CodeIgniter.php(340): CodeIgniter\CodeIgniter->handleRequest(null, Object(Config\Cache), false)
 9 FCPATH\index.php(67): CodeIgniter\CodeIgniter->run()
10 SYSTEMPATH\Commands\Server\rewrite.php(43): require_once('FCPATH\\index.php')
CRITICAL - 2022-10-03 12:20:42 --> Undefined variable $content
in APPPATH\Views\teman\table_teman.php on line 36.
 1 APPPATH\Views\teman\table_teman.php(36): CodeIgniter\Debug\Exceptions->errorHandler(2, 'Undefined variable $content', 'APPPATH\\Views\\teman\\table_teman.php', 36)
 2 SYSTEMPATH\View\View.php(213): include('APPPATH\\Views\\teman\\table_teman.php')
 3 SYSTEMPATH\View\View.php(216): CodeIgniter\View\View->CodeIgniter\View\{closure}()
 4 SYSTEMPATH\Common.php(1142): CodeIgniter\View\View->render('teman/table_teman', [], true)
 5 APPPATH\Controllers\Crudajax.php(33): view('teman/table_teman', [...])
 6 SYSTEMPATH\CodeIgniter.php(904): App\Controllers\Crudajax->table_teman()
 7 SYSTEMPATH\CodeIgniter.php(457): CodeIgniter\CodeIgniter->runController(Object(App\Controllers\Crudajax))
 8 SYSTEMPATH\CodeIgniter.php(340): CodeIgniter\CodeIgniter->handleRequest(null, Object(Config\Cache), false)
 9 FCPATH\index.php(67): CodeIgniter\CodeIgniter->run()
10 SYSTEMPATH\Commands\Server\rewrite.php(43): require_once('FCPATH\\index.php')
CRITICAL - 2022-10-03 12:20:44 --> Undefined variable $content
in APPPATH\Views\teman\table_teman.php on line 36.
 1 APPPATH\Views\teman\table_teman.php(36): CodeIgniter\Debug\Exceptions->errorHandler(2, 'Undefined variable $content', 'APPPATH\\Views\\teman\\table_teman.php', 36)
 2 SYSTEMPATH\View\View.php(213): include('APPPATH\\Views\\teman\\table_teman.php')
 3 SYSTEMPATH\View\View.php(216): CodeIgniter\View\View->CodeIgniter\View\{closure}()
 4 SYSTEMPATH\Common.php(1142): CodeIgniter\View\View->render('teman/table_teman', [], true)
 5 APPPATH\Controllers\Crudajax.php(33): view('teman/table_teman', [...])
 6 SYSTEMPATH\CodeIgniter.php(904): App\Controllers\Crudajax->table_teman()
 7 SYSTEMPATH\CodeIgniter.php(457): CodeIgniter\CodeIgniter->runController(Object(App\Controllers\Crudajax))
 8 SYSTEMPATH\CodeIgniter.php(340): CodeIgniter\CodeIgniter->handleRequest(null, Object(Config\Cache), false)
 9 FCPATH\index.php(67): CodeIgniter\CodeIgniter->run()
10 SYSTEMPATH\Commands\Server\rewrite.php(43): require_once('FCPATH\\index.php')
CRITICAL - 2022-10-03 12:20:45 --> Undefined variable $content
in APPPATH\Views\teman\table_teman.php on line 36.
 1 APPPATH\Views\teman\table_teman.php(36): CodeIgniter\Debug\Exceptions->errorHandler(2, 'Undefined variable $content', 'APPPATH\\Views\\teman\\table_teman.php', 36)
 2 SYSTEMPATH\View\View.php(213): include('APPPATH\\Views\\teman\\table_teman.php')
 3 SYSTEMPATH\View\View.php(216): CodeIgniter\View\View->CodeIgniter\View\{closure}()
 4 SYSTEMPATH\Common.php(1142): CodeIgniter\View\View->render('teman/table_teman', [], true)
 5 APPPATH\Controllers\Crudajax.php(33): view('teman/table_teman', [...])
 6 SYSTEMPATH\CodeIgniter.php(904): App\Controllers\Crudajax->table_teman()
 7 SYSTEMPATH\CodeIgniter.php(457): CodeIgniter\CodeIgniter->runController(Object(App\Controllers\Crudajax))
 8 SYSTEMPATH\CodeIgniter.php(340): CodeIgniter\CodeIgniter->handleRequest(null, Object(Config\Cache), false)
 9 FCPATH\index.php(67): CodeIgniter\CodeIgniter->run()
10 SYSTEMPATH\Commands\Server\rewrite.php(43): require_once('FCPATH\\index.php')
CRITICAL - 2022-10-03 12:20:45 --> Undefined variable $content
in APPPATH\Views\teman\table_teman.php on line 36.
 1 APPPATH\Views\teman\table_teman.php(36): CodeIgniter\Debug\Exceptions->errorHandler(2, 'Undefined variable $content', 'APPPATH\\Views\\teman\\table_teman.php', 36)
 2 SYSTEMPATH\View\View.php(213): include('APPPATH\\Views\\teman\\table_teman.php')
 3 SYSTEMPATH\View\View.php(216): CodeIgniter\View\View->CodeIgniter\View\{closure}()
 4 SYSTEMPATH\Common.php(1142): CodeIgniter\View\View->render('teman/table_teman', [], true)
 5 APPPATH\Controllers\Crudajax.php(33): view('teman/table_teman', [...])
 6 SYSTEMPATH\CodeIgniter.php(904): App\Controllers\Crudajax->table_teman()
 7 SYSTEMPATH\CodeIgniter.php(457): CodeIgniter\CodeIgniter->runController(Object(App\Controllers\Crudajax))
 8 SYSTEMPATH\CodeIgniter.php(340): CodeIgniter\CodeIgniter->handleRequest(null, Object(Config\Cache), false)
 9 FCPATH\index.php(67): CodeIgniter\CodeIgniter->run()
10 SYSTEMPATH\Commands\Server\rewrite.php(43): require_once('FCPATH\\index.php')
CRITICAL - 2022-10-03 12:20:46 --> Undefined variable $content
in APPPATH\Views\teman\table_teman.php on line 36.
 1 APPPATH\Views\teman\table_teman.php(36): CodeIgniter\Debug\Exceptions->errorHandler(2, 'Undefined variable $content', 'APPPATH\\Views\\teman\\table_teman.php', 36)
 2 SYSTEMPATH\View\View.php(213): include('APPPATH\\Views\\teman\\table_teman.php')
 3 SYSTEMPATH\View\View.php(216): CodeIgniter\View\View->CodeIgniter\View\{closure}()
 4 SYSTEMPATH\Common.php(1142): CodeIgniter\View\View->render('teman/table_teman', [], true)
 5 APPPATH\Controllers\Crudajax.php(33): view('teman/table_teman', [...])
 6 SYSTEMPATH\CodeIgniter.php(904): App\Controllers\Crudajax->table_teman()
 7 SYSTEMPATH\CodeIgniter.php(457): CodeIgniter\CodeIgniter->runController(Object(App\Controllers\Crudajax))
 8 SYSTEMPATH\CodeIgniter.php(340): CodeIgniter\CodeIgniter->handleRequest(null, Object(Config\Cache), false)
 9 FCPATH\index.php(67): CodeIgniter\CodeIgniter->run()
10 SYSTEMPATH\Commands\Server\rewrite.php(43): require_once('FCPATH\\index.php')
CRITICAL - 2022-10-03 12:20:47 --> Undefined variable $content
in APPPATH\Views\teman\table_teman.php on line 36.
 1 APPPATH\Views\teman\table_teman.php(36): CodeIgniter\Debug\Exceptions->errorHandler(2, 'Undefined variable $content', 'APPPATH\\Views\\teman\\table_teman.php', 36)
 2 SYSTEMPATH\View\View.php(213): include('APPPATH\\Views\\teman\\table_teman.php')
 3 SYSTEMPATH\View\View.php(216): CodeIgniter\View\View->CodeIgniter\View\{closure}()
 4 SYSTEMPATH\Common.php(1142): CodeIgniter\View\View->render('teman/table_teman', [], true)
 5 APPPATH\Controllers\Crudajax.php(33): view('teman/table_teman', [...])
 6 SYSTEMPATH\CodeIgniter.php(904): App\Controllers\Crudajax->table_teman()
 7 SYSTEMPATH\CodeIgniter.php(457): CodeIgniter\CodeIgniter->runController(Object(App\Controllers\Crudajax))
 8 SYSTEMPATH\CodeIgniter.php(340): CodeIgniter\CodeIgniter->handleRequest(null, Object(Config\Cache), false)
 9 FCPATH\index.php(67): CodeIgniter\CodeIgniter->run()
10 SYSTEMPATH\Commands\Server\rewrite.php(43): require_once('FCPATH\\index.php')
CRITICAL - 2022-10-03 12:22:15 --> Undefined variable $content
in APPPATH\Views\teman\table_teman.php on line 36.
 1 APPPATH\Views\teman\table_teman.php(36): CodeIgniter\Debug\Exceptions->errorHandler(2, 'Undefined variable $content', 'APPPATH\\Views\\teman\\table_teman.php', 36)
 2 SYSTEMPATH\View\View.php(213): include('APPPATH\\Views\\teman\\table_teman.php')
 3 SYSTEMPATH\View\View.php(216): CodeIgniter\View\View->CodeIgniter\View\{closure}()
 4 SYSTEMPATH\Common.php(1142): CodeIgniter\View\View->render('teman/table_teman', [], true)
 5 APPPATH\Controllers\Crudajax.php(33): view('teman/table_teman', [...])
 6 SYSTEMPATH\CodeIgniter.php(904): App\Controllers\Crudajax->table_teman()
 7 SYSTEMPATH\CodeIgniter.php(457): CodeIgniter\CodeIgniter->runController(Object(App\Controllers\Crudajax))
 8 SYSTEMPATH\CodeIgniter.php(340): CodeIgniter\CodeIgniter->handleRequest(null, Object(Config\Cache), false)
 9 FCPATH\index.php(67): CodeIgniter\CodeIgniter->run()
10 SYSTEMPATH\Commands\Server\rewrite.php(43): require_once('FCPATH\\index.php')
CRITICAL - 2022-10-03 12:22:18 --> Undefined variable $content
in APPPATH\Views\teman\table_teman.php on line 36.
 1 APPPATH\Views\teman\table_teman.php(36): CodeIgniter\Debug\Exceptions->errorHandler(2, 'Undefined variable $content', 'APPPATH\\Views\\teman\\table_teman.php', 36)
 2 SYSTEMPATH\View\View.php(213): include('APPPATH\\Views\\teman\\table_teman.php')
 3 SYSTEMPATH\View\View.php(216): CodeIgniter\View\View->CodeIgniter\View\{closure}()
 4 SYSTEMPATH\Common.php(1142): CodeIgniter\View\View->render('teman/table_teman', [], true)
 5 APPPATH\Controllers\Crudajax.php(33): view('teman/table_teman', [...])
 6 SYSTEMPATH\CodeIgniter.php(904): App\Controllers\Crudajax->table_teman()
 7 SYSTEMPATH\CodeIgniter.php(457): CodeIgniter\CodeIgniter->runController(Object(App\Controllers\Crudajax))
 8 SYSTEMPATH\CodeIgniter.php(340): CodeIgniter\CodeIgniter->handleRequest(null, Object(Config\Cache), false)
 9 FCPATH\index.php(67): CodeIgniter\CodeIgniter->run()
10 SYSTEMPATH\Commands\Server\rewrite.php(43): require_once('FCPATH\\index.php')
CRITICAL - 2022-10-03 12:22:20 --> Undefined variable $content
in APPPATH\Views\teman\table_teman.php on line 36.
 1 APPPATH\Views\teman\table_teman.php(36): CodeIgniter\Debug\Exceptions->errorHandler(2, 'Undefined variable $content', 'APPPATH\\Views\\teman\\table_teman.php', 36)
 2 SYSTEMPATH\View\View.php(213): include('APPPATH\\Views\\teman\\table_teman.php')
 3 SYSTEMPATH\View\View.php(216): CodeIgniter\View\View->CodeIgniter\View\{closure}()
 4 SYSTEMPATH\Common.php(1142): CodeIgniter\View\View->render('teman/table_teman', [], true)
 5 APPPATH\Controllers\Crudajax.php(33): view('teman/table_teman', [...])
 6 SYSTEMPATH\CodeIgniter.php(904): App\Controllers\Crudajax->table_teman()
 7 SYSTEMPATH\CodeIgniter.php(457): CodeIgniter\CodeIgniter->runController(Object(App\Controllers\Crudajax))
 8 SYSTEMPATH\CodeIgniter.php(340): CodeIgniter\CodeIgniter->handleRequest(null, Object(Config\Cache), false)
 9 FCPATH\index.php(67): CodeIgniter\CodeIgniter->run()
10 SYSTEMPATH\Commands\Server\rewrite.php(43): require_once('FCPATH\\index.php')
CRITICAL - 2022-10-03 12:22:23 --> Undefined variable $content
in APPPATH\Views\teman\table_teman.php on line 36.
 1 APPPATH\Views\teman\table_teman.php(36): CodeIgniter\Debug\Exceptions->errorHandler(2, 'Undefined variable $content', 'APPPATH\\Views\\teman\\table_teman.php', 36)
 2 SYSTEMPATH\View\View.php(213): include('APPPATH\\Views\\teman\\table_teman.php')
 3 SYSTEMPATH\View\View.php(216): CodeIgniter\View\View->CodeIgniter\View\{closure}()
 4 SYSTEMPATH\Common.php(1142): CodeIgniter\View\View->render('teman/table_teman', [], true)
 5 APPPATH\Controllers\Crudajax.php(33): view('teman/table_teman', [...])
 6 SYSTEMPATH\CodeIgniter.php(904): App\Controllers\Crudajax->table_teman()
 7 SYSTEMPATH\CodeIgniter.php(457): CodeIgniter\CodeIgniter->runController(Object(App\Controllers\Crudajax))
 8 SYSTEMPATH\CodeIgniter.php(340): CodeIgniter\CodeIgniter->handleRequest(null, Object(Config\Cache), false)
 9 FCPATH\index.php(67): CodeIgniter\CodeIgniter->run()
10 SYSTEMPATH\Commands\Server\rewrite.php(43): require_once('FCPATH\\index.php')
CRITICAL - 2022-10-03 12:22:25 --> Undefined variable $content
in APPPATH\Views\teman\table_teman.php on line 36.
 1 APPPATH\Views\teman\table_teman.php(36): CodeIgniter\Debug\Exceptions->errorHandler(2, 'Undefined variable $content', 'APPPATH\\Views\\teman\\table_teman.php', 36)
 2 SYSTEMPATH\View\View.php(213): include('APPPATH\\Views\\teman\\table_teman.php')
 3 SYSTEMPATH\View\View.php(216): CodeIgniter\View\View->CodeIgniter\View\{closure}()
 4 SYSTEMPATH\Common.php(1142): CodeIgniter\View\View->render('teman/table_teman', [], true)
 5 APPPATH\Controllers\Crudajax.php(33): view('teman/table_teman', [...])
 6 SYSTEMPATH\CodeIgniter.php(904): App\Controllers\Crudajax->table_teman()
 7 SYSTEMPATH\CodeIgniter.php(457): CodeIgniter\CodeIgniter->runController(Object(App\Controllers\Crudajax))
 8 SYSTEMPATH\CodeIgniter.php(340): CodeIgniter\CodeIgniter->handleRequest(null, Object(Config\Cache), false)
 9 FCPATH\index.php(67): CodeIgniter\CodeIgniter->run()
10 SYSTEMPATH\Commands\Server\rewrite.php(43): require_once('FCPATH\\index.php')
CRITICAL - 2022-10-03 12:22:27 --> Undefined variable $content
in APPPATH\Views\teman\table_teman.php on line 36.
 1 APPPATH\Views\teman\table_teman.php(36): CodeIgniter\Debug\Exceptions->errorHandler(2, 'Undefined variable $content', 'APPPATH\\Views\\teman\\table_teman.php', 36)
 2 SYSTEMPATH\View\View.php(213): include('APPPATH\\Views\\teman\\table_teman.php')
 3 SYSTEMPATH\View\View.php(216): CodeIgniter\View\View->CodeIgniter\View\{closure}()
 4 SYSTEMPATH\Common.php(1142): CodeIgniter\View\View->render('teman/table_teman', [], true)
 5 APPPATH\Controllers\Crudajax.php(33): view('teman/table_teman', [...])
 6 SYSTEMPATH\CodeIgniter.php(904): App\Controllers\Crudajax->table_teman()
 7 SYSTEMPATH\CodeIgniter.php(457): CodeIgniter\CodeIgniter->runController(Object(App\Controllers\Crudajax))
 8 SYSTEMPATH\CodeIgniter.php(340): CodeIgniter\CodeIgniter->handleRequest(null, Object(Config\Cache), false)
 9 FCPATH\index.php(67): CodeIgniter\CodeIgniter->run()
10 SYSTEMPATH\Commands\Server\rewrite.php(43): require_once('FCPATH\\index.php')
CRITICAL - 2022-10-03 12:22:28 --> Undefined variable $content
in APPPATH\Views\teman\table_teman.php on line 36.
 1 APPPATH\Views\teman\table_teman.php(36): CodeIgniter\Debug\Exceptions->errorHandler(2, 'Undefined variable $content', 'APPPATH\\Views\\teman\\table_teman.php', 36)
 2 SYSTEMPATH\View\View.php(213): include('APPPATH\\Views\\teman\\table_teman.php')
 3 SYSTEMPATH\View\View.php(216): CodeIgniter\View\View->CodeIgniter\View\{closure}()
 4 SYSTEMPATH\Common.php(1142): CodeIgniter\View\View->render('teman/table_teman', [], true)
 5 APPPATH\Controllers\Crudajax.php(33): view('teman/table_teman', [...])
 6 SYSTEMPATH\CodeIgniter.php(904): App\Controllers\Crudajax->table_teman()
 7 SYSTEMPATH\CodeIgniter.php(457): CodeIgniter\CodeIgniter->runController(Object(App\Controllers\Crudajax))
 8 SYSTEMPATH\CodeIgniter.php(340): CodeIgniter\CodeIgniter->handleRequest(null, Object(Config\Cache), false)
 9 FCPATH\index.php(67): CodeIgniter\CodeIgniter->run()
10 SYSTEMPATH\Commands\Server\rewrite.php(43): require_once('FCPATH\\index.php')
CRITICAL - 2022-10-03 12:22:28 --> Undefined variable $content
in APPPATH\Views\teman\table_teman.php on line 36.
 1 APPPATH\Views\teman\table_teman.php(36): CodeIgniter\Debug\Exceptions->errorHandler(2, 'Undefined variable $content', 'APPPATH\\Views\\teman\\table_teman.php', 36)
 2 SYSTEMPATH\View\View.php(213): include('APPPATH\\Views\\teman\\table_teman.php')
 3 SYSTEMPATH\View\View.php(216): CodeIgniter\View\View->CodeIgniter\View\{closure}()
 4 SYSTEMPATH\Common.php(1142): CodeIgniter\View\View->render('teman/table_teman', [], true)
 5 APPPATH\Controllers\Crudajax.php(33): view('teman/table_teman', [...])
 6 SYSTEMPATH\CodeIgniter.php(904): App\Controllers\Crudajax->table_teman()
 7 SYSTEMPATH\CodeIgniter.php(457): CodeIgniter\CodeIgniter->runController(Object(App\Controllers\Crudajax))
 8 SYSTEMPATH\CodeIgniter.php(340): CodeIgniter\CodeIgniter->handleRequest(null, Object(Config\Cache), false)
 9 FCPATH\index.php(67): CodeIgniter\CodeIgniter->run()
10 SYSTEMPATH\Commands\Server\rewrite.php(43): require_once('FCPATH\\index.php')
CRITICAL - 2022-10-03 12:25:01 --> Undefined variable $content
in APPPATH\Views\teman\table_teman.php on line 36.
 1 APPPATH\Views\teman\table_teman.php(36): CodeIgniter\Debug\Exceptions->errorHandler(2, 'Undefined variable $content', 'APPPATH\\Views\\teman\\table_teman.php', 36)
 2 SYSTEMPATH\View\View.php(213): include('APPPATH\\Views\\teman\\table_teman.php')
 3 SYSTEMPATH\View\View.php(216): CodeIgniter\View\View->CodeIgniter\View\{closure}()
 4 SYSTEMPATH\Common.php(1142): CodeIgniter\View\View->render('teman/table_teman', [], true)
 5 APPPATH\Controllers\Crudajax.php(33): view('teman/table_teman', [...])
 6 SYSTEMPATH\CodeIgniter.php(904): App\Controllers\Crudajax->table_teman()
 7 SYSTEMPATH\CodeIgniter.php(457): CodeIgniter\CodeIgniter->runController(Object(App\Controllers\Crudajax))
 8 SYSTEMPATH\CodeIgniter.php(340): CodeIgniter\CodeIgniter->handleRequest(null, Object(Config\Cache), false)
 9 FCPATH\index.php(67): CodeIgniter\CodeIgniter->run()
10 SYSTEMPATH\Commands\Server\rewrite.php(43): require_once('FCPATH\\index.php')
CRITICAL - 2022-10-03 12:25:12 --> Undefined variable $content
in APPPATH\Views\teman\table_teman.php on line 36.
 1 APPPATH\Views\teman\table_teman.php(36): CodeIgniter\Debug\Exceptions->errorHandler(2, 'Undefined variable $content', 'APPPATH\\Views\\teman\\table_teman.php', 36)
 2 SYSTEMPATH\View\View.php(213): include('APPPATH\\Views\\teman\\table_teman.php')
 3 SYSTEMPATH\View\View.php(216): CodeIgniter\View\View->CodeIgniter\View\{closure}()
 4 SYSTEMPATH\Common.php(1142): CodeIgniter\View\View->render('teman/table_teman', [], true)
 5 APPPATH\Controllers\Crudajax.php(33): view('teman/table_teman', [...])
 6 SYSTEMPATH\CodeIgniter.php(904): App\Controllers\Crudajax->table_teman()
 7 SYSTEMPATH\CodeIgniter.php(457): CodeIgniter\CodeIgniter->runController(Object(App\Controllers\Crudajax))
 8 SYSTEMPATH\CodeIgniter.php(340): CodeIgniter\CodeIgniter->handleRequest(null, Object(Config\Cache), false)
 9 FCPATH\index.php(67): CodeIgniter\CodeIgniter->run()
10 SYSTEMPATH\Commands\Server\rewrite.php(43): require_once('FCPATH\\index.php')
CRITICAL - 2022-10-03 12:25:42 --> Undefined variable $content
in APPPATH\Views\teman\table_teman.php on line 36.
 1 APPPATH\Views\teman\table_teman.php(36): CodeIgniter\Debug\Exceptions->errorHandler(2, 'Undefined variable $content', 'APPPATH\\Views\\teman\\table_teman.php', 36)
 2 SYSTEMPATH\View\View.php(213): include('APPPATH\\Views\\teman\\table_teman.php')
 3 SYSTEMPATH\View\View.php(216): CodeIgniter\View\View->CodeIgniter\View\{closure}()
 4 SYSTEMPATH\Common.php(1142): CodeIgniter\View\View->render('teman/table_teman', [], true)
 5 APPPATH\Controllers\Crudajax.php(33): view('teman/table_teman', [...])
 6 SYSTEMPATH\CodeIgniter.php(904): App\Controllers\Crudajax->table_teman()
 7 SYSTEMPATH\CodeIgniter.php(457): CodeIgniter\CodeIgniter->runController(Object(App\Controllers\Crudajax))
 8 SYSTEMPATH\CodeIgniter.php(340): CodeIgniter\CodeIgniter->handleRequest(null, Object(Config\Cache), false)
 9 FCPATH\index.php(67): CodeIgniter\CodeIgniter->run()
10 SYSTEMPATH\Commands\Server\rewrite.php(43): require_once('FCPATH\\index.php')
CRITICAL - 2022-10-03 13:09:21 --> Undefined array key "edit"
in APPPATH\Views\teman\table_teman.php on line 23.
 1 APPPATH\Views\teman\table_teman.php(23): CodeIgniter\Debug\Exceptions->errorHandler(2, 'Undefined array key "edit"', 'APPPATH\\Views\\teman\\table_teman.php', 23)
 2 SYSTEMPATH\View\View.php(213): include('APPPATH\\Views\\teman\\table_teman.php')
 3 SYSTEMPATH\View\View.php(216): CodeIgniter\View\View->CodeIgniter\View\{closure}()
 4 SYSTEMPATH\Common.php(1142): CodeIgniter\View\View->render('teman/table_teman', [], true)
 5 APPPATH\Controllers\Crudajax.php(33): view('teman/table_teman', [...])
 6 SYSTEMPATH\CodeIgniter.php(904): App\Controllers\Crudajax->table_teman()
 7 SYSTEMPATH\CodeIgniter.php(457): CodeIgniter\CodeIgniter->runController(Object(App\Controllers\Crudajax))
 8 SYSTEMPATH\CodeIgniter.php(340): CodeIgniter\CodeIgniter->handleRequest(null, Object(Config\Cache), false)
 9 FCPATH\index.php(67): CodeIgniter\CodeIgniter->run()
10 SYSTEMPATH\Commands\Server\rewrite.php(43): require_once('FCPATH\\index.php')
CRITICAL - 2022-10-03 13:09:38 --> Undefined array key "edit"
in APPPATH\Views\teman\table_teman.php on line 23.
 1 APPPATH\Views\teman\table_teman.php(23): CodeIgniter\Debug\Exceptions->errorHandler(2, 'Undefined array key "edit"', 'APPPATH\\Views\\teman\\table_teman.php', 23)
 2 SYSTEMPATH\View\View.php(213): include('APPPATH\\Views\\teman\\table_teman.php')
 3 SYSTEMPATH\View\View.php(216): CodeIgniter\View\View->CodeIgniter\View\{closure}()
 4 SYSTEMPATH\Common.php(1142): CodeIgniter\View\View->render('teman/table_teman', [], true)
 5 APPPATH\Controllers\Crudajax.php(33): view('teman/table_teman', [...])
 6 SYSTEMPATH\CodeIgniter.php(904): App\Controllers\Crudajax->table_teman()
 7 SYSTEMPATH\CodeIgniter.php(457): CodeIgniter\CodeIgniter->runController(Object(App\Controllers\Crudajax))
 8 SYSTEMPATH\CodeIgniter.php(340): CodeIgniter\CodeIgniter->handleRequest(null, Object(Config\Cache), false)
 9 FCPATH\index.php(67): CodeIgniter\CodeIgniter->run()
10 SYSTEMPATH\Commands\Server\rewrite.php(43): require_once('FCPATH\\index.php')
CRITICAL - 2022-10-03 13:10:47 --> Undefined array key "edit"
in APPPATH\Views\teman\table_teman.php on line 23.
 1 APPPATH\Views\teman\table_teman.php(23): CodeIgniter\Debug\Exceptions->errorHandler(2, 'Undefined array key "edit"', 'APPPATH\\Views\\teman\\table_teman.php', 23)
 2 SYSTEMPATH\View\View.php(213): include('APPPATH\\Views\\teman\\table_teman.php')
 3 SYSTEMPATH\View\View.php(216): CodeIgniter\View\View->CodeIgniter\View\{closure}()
 4 SYSTEMPATH\Common.php(1142): CodeIgniter\View\View->render('teman/table_teman', [], true)
 5 APPPATH\Controllers\Crudajax.php(33): view('teman/table_teman', [...])
 6 SYSTEMPATH\CodeIgniter.php(904): App\Controllers\Crudajax->table_teman()
 7 SYSTEMPATH\CodeIgniter.php(457): CodeIgniter\CodeIgniter->runController(Object(App\Controllers\Crudajax))
 8 SYSTEMPATH\CodeIgniter.php(340): CodeIgniter\CodeIgniter->handleRequest(null, Object(Config\Cache), false)
 9 FCPATH\index.php(67): CodeIgniter\CodeIgniter->run()
10 SYSTEMPATH\Commands\Server\rewrite.php(43): require_once('FCPATH\\index.php')
CRITICAL - 2022-10-03 14:10:46 --> Undefined property: stdClass::$Uraian
in APPPATH\Views\teman\form_teman.php on line 17.
 1 APPPATH\Views\teman\form_teman.php(17): CodeIgniter\Debug\Exceptions->errorHandler(2, 'Undefined property: stdClass::$Uraian', 'APPPATH\\Views\\teman\\form_teman.php', 17)
 2 SYSTEMPATH\View\View.php(213): include('APPPATH\\Views\\teman\\form_teman.php')
 3 SYSTEMPATH\View\View.php(216): CodeIgniter\View\View->CodeIgniter\View\{closure}()
 4 SYSTEMPATH\Common.php(1142): CodeIgniter\View\View->render('teman/form_teman', [], true)
 5 APPPATH\Controllers\Crudajax.php(40): view('teman/form_teman', [...])
 6 SYSTEMPATH\CodeIgniter.php(904): App\Controllers\Crudajax->form_teman()
 7 SYSTEMPATH\CodeIgniter.php(457): CodeIgniter\CodeIgniter->runController(Object(App\Controllers\Crudajax))
 8 SYSTEMPATH\CodeIgniter.php(340): CodeIgniter\CodeIgniter->handleRequest(null, Object(Config\Cache), false)
 9 FCPATH\index.php(67): CodeIgniter\CodeIgniter->run()
10 SYSTEMPATH\Commands\Server\rewrite.php(43): require_once('FCPATH\\index.php')
CRITICAL - 2022-10-03 14:10:47 --> Undefined property: stdClass::$Uraian
in APPPATH\Views\teman\form_teman.php on line 17.
 1 APPPATH\Views\teman\form_teman.php(17): CodeIgniter\Debug\Exceptions->errorHandler(2, 'Undefined property: stdClass::$Uraian', 'APPPATH\\Views\\teman\\form_teman.php', 17)
 2 SYSTEMPATH\View\View.php(213): include('APPPATH\\Views\\teman\\form_teman.php')
 3 SYSTEMPATH\View\View.php(216): CodeIgniter\View\View->CodeIgniter\View\{closure}()
 4 SYSTEMPATH\Common.php(1142): CodeIgniter\View\View->render('teman/form_teman', [], true)
 5 APPPATH\Controllers\Crudajax.php(40): view('teman/form_teman', [...])
 6 SYSTEMPATH\CodeIgniter.php(904): App\Controllers\Crudajax->form_teman()
 7 SYSTEMPATH\CodeIgniter.php(457): CodeIgniter\CodeIgniter->runController(Object(App\Controllers\Crudajax))
 8 SYSTEMPATH\CodeIgniter.php(340): CodeIgniter\CodeIgniter->handleRequest(null, Object(Config\Cache), false)
 9 FCPATH\index.php(67): CodeIgniter\CodeIgniter->run()
10 SYSTEMPATH\Commands\Server\rewrite.php(43): require_once('FCPATH\\index.php')
CRITICAL - 2022-10-03 14:11:12 --> Undefined property: stdClass::$Uraian
in APPPATH\Views\teman\form_teman.php on line 17.
 1 APPPATH\Views\teman\form_teman.php(17): CodeIgniter\Debug\Exceptions->errorHandler(2, 'Undefined property: stdClass::$Uraian', 'APPPATH\\Views\\teman\\form_teman.php', 17)
 2 SYSTEMPATH\View\View.php(213): include('APPPATH\\Views\\teman\\form_teman.php')
 3 SYSTEMPATH\View\View.php(216): CodeIgniter\View\View->CodeIgniter\View\{closure}()
 4 SYSTEMPATH\Common.php(1142): CodeIgniter\View\View->render('teman/form_teman', [], true)
 5 APPPATH\Controllers\Crudajax.php(40): view('teman/form_teman', [...])
 6 SYSTEMPATH\CodeIgniter.php(904): App\Controllers\Crudajax->form_teman()
 7 SYSTEMPATH\CodeIgniter.php(457): CodeIgniter\CodeIgniter->runController(Object(App\Controllers\Crudajax))
 8 SYSTEMPATH\CodeIgniter.php(340): CodeIgniter\CodeIgniter->handleRequest(null, Object(Config\Cache), false)
 9 FCPATH\index.php(67): CodeIgniter\CodeIgniter->run()
10 SYSTEMPATH\Commands\Server\rewrite.php(43): require_once('FCPATH\\index.php')
CRITICAL - 2022-10-03 14:12:08 --> Undefined property: stdClass::$Uraian
in APPPATH\Views\teman\form_teman.php on line 17.
 1 APPPATH\Views\teman\form_teman.php(17): CodeIgniter\Debug\Exceptions->errorHandler(2, 'Undefined property: stdClass::$Uraian', 'APPPATH\\Views\\teman\\form_teman.php', 17)
 2 SYSTEMPATH\View\View.php(213): include('APPPATH\\Views\\teman\\form_teman.php')
 3 SYSTEMPATH\View\View.php(216): CodeIgniter\View\View->CodeIgniter\View\{closure}()
 4 SYSTEMPATH\Common.php(1142): CodeIgniter\View\View->render('teman/form_teman', [], true)
 5 APPPATH\Controllers\Crudajax.php(40): view('teman/form_teman', [...])
 6 SYSTEMPATH\CodeIgniter.php(904): App\Controllers\Crudajax->form_teman()
 7 SYSTEMPATH\CodeIgniter.php(457): CodeIgniter\CodeIgniter->runController(Object(App\Controllers\Crudajax))
 8 SYSTEMPATH\CodeIgniter.php(340): CodeIgniter\CodeIgniter->handleRequest(null, Object(Config\Cache), false)
 9 FCPATH\index.php(67): CodeIgniter\CodeIgniter->run()
10 SYSTEMPATH\Commands\Server\rewrite.php(43): require_once('FCPATH\\index.php')
CRITICAL - 2022-10-03 14:14:39 --> Undefined property: stdClass::$Uraian
in APPPATH\Views\teman\form_teman.php on line 17.
 1 APPPATH\Views\teman\form_teman.php(17): CodeIgniter\Debug\Exceptions->errorHandler(2, 'Undefined property: stdClass::$Uraian', 'APPPATH\\Views\\teman\\form_teman.php', 17)
 2 SYSTEMPATH\View\View.php(213): include('APPPATH\\Views\\teman\\form_teman.php')
 3 SYSTEMPATH\View\View.php(216): CodeIgniter\View\View->CodeIgniter\View\{closure}()
 4 SYSTEMPATH\Common.php(1142): CodeIgniter\View\View->render('teman/form_teman', [], true)
 5 APPPATH\Controllers\Crudajax.php(40): view('teman/form_teman', [...])
 6 SYSTEMPATH\CodeIgniter.php(904): App\Controllers\Crudajax->form_teman()
 7 SYSTEMPATH\CodeIgniter.php(457): CodeIgniter\CodeIgniter->runController(Object(App\Controllers\Crudajax))
 8 SYSTEMPATH\CodeIgniter.php(340): CodeIgniter\CodeIgniter->handleRequest(null, Object(Config\Cache), false)
 9 FCPATH\index.php(67): CodeIgniter\CodeIgniter->run()
10 SYSTEMPATH\Commands\Server\rewrite.php(43): require_once('FCPATH\\index.php')
CRITICAL - 2022-10-03 14:15:15 --> Undefined property: stdClass::$Uraian
in APPPATH\Views\teman\form_teman.php on line 17.
 1 APPPATH\Views\teman\form_teman.php(17): CodeIgniter\Debug\Exceptions->errorHandler(2, 'Undefined property: stdClass::$Uraian', 'APPPATH\\Views\\teman\\form_teman.php', 17)
 2 SYSTEMPATH\View\View.php(213): include('APPPATH\\Views\\teman\\form_teman.php')
 3 SYSTEMPATH\View\View.php(216): CodeIgniter\View\View->CodeIgniter\View\{closure}()
 4 SYSTEMPATH\Common.php(1142): CodeIgniter\View\View->render('teman/form_teman', [], true)
 5 APPPATH\Controllers\Crudajax.php(40): view('teman/form_teman', [...])
 6 SYSTEMPATH\CodeIgniter.php(904): App\Controllers\Crudajax->form_teman()
 7 SYSTEMPATH\CodeIgniter.php(457): CodeIgniter\CodeIgniter->runController(Object(App\Controllers\Crudajax))
 8 SYSTEMPATH\CodeIgniter.php(340): CodeIgniter\CodeIgniter->handleRequest(null, Object(Config\Cache), false)
 9 FCPATH\index.php(67): CodeIgniter\CodeIgniter->run()
10 SYSTEMPATH\Commands\Server\rewrite.php(43): require_once('FCPATH\\index.php')
CRITICAL - 2022-10-03 14:15:17 --> Undefined property: stdClass::$Uraian
in APPPATH\Views\teman\form_teman.php on line 17.
 1 APPPATH\Views\teman\form_teman.php(17): CodeIgniter\Debug\Exceptions->errorHandler(2, 'Undefined property: stdClass::$Uraian', 'APPPATH\\Views\\teman\\form_teman.php', 17)
 2 SYSTEMPATH\View\View.php(213): include('APPPATH\\Views\\teman\\form_teman.php')
 3 SYSTEMPATH\View\View.php(216): CodeIgniter\View\View->CodeIgniter\View\{closure}()
 4 SYSTEMPATH\Common.php(1142): CodeIgniter\View\View->render('teman/form_teman', [], true)
 5 APPPATH\Controllers\Crudajax.php(40): view('teman/form_teman', [...])
 6 SYSTEMPATH\CodeIgniter.php(904): App\Controllers\Crudajax->form_teman()
 7 SYSTEMPATH\CodeIgniter.php(457): CodeIgniter\CodeIgniter->runController(Object(App\Controllers\Crudajax))
 8 SYSTEMPATH\CodeIgniter.php(340): CodeIgniter\CodeIgniter->handleRequest(null, Object(Config\Cache), false)
 9 FCPATH\index.php(67): CodeIgniter\CodeIgniter->run()
10 SYSTEMPATH\Commands\Server\rewrite.php(43): require_once('FCPATH\\index.php')
CRITICAL - 2022-10-03 14:15:42 --> Undefined property: stdClass::$Uraian
in APPPATH\Views\teman\form_teman.php on line 17.
 1 APPPATH\Views\teman\form_teman.php(17): CodeIgniter\Debug\Exceptions->errorHandler(2, 'Undefined property: stdClass::$Uraian', 'APPPATH\\Views\\teman\\form_teman.php', 17)
 2 SYSTEMPATH\View\View.php(213): include('APPPATH\\Views\\teman\\form_teman.php')
 3 SYSTEMPATH\View\View.php(216): CodeIgniter\View\View->CodeIgniter\View\{closure}()
 4 SYSTEMPATH\Common.php(1142): CodeIgniter\View\View->render('teman/form_teman', [], true)
 5 APPPATH\Controllers\Crudajax.php(40): view('teman/form_teman', [...])
 6 SYSTEMPATH\CodeIgniter.php(904): App\Controllers\Crudajax->form_teman()
 7 SYSTEMPATH\CodeIgniter.php(457): CodeIgniter\CodeIgniter->runController(Object(App\Controllers\Crudajax))
 8 SYSTEMPATH\CodeIgniter.php(340): CodeIgniter\CodeIgniter->handleRequest(null, Object(Config\Cache), false)
 9 FCPATH\index.php(67): CodeIgniter\CodeIgniter->run()
10 SYSTEMPATH\Commands\Server\rewrite.php(43): require_once('FCPATH\\index.php')
CRITICAL - 2022-10-03 14:17:21 --> Undefined property: stdClass::$Uraian
in APPPATH\Views\teman\form_teman.php on line 17.
 1 APPPATH\Views\teman\form_teman.php(17): CodeIgniter\Debug\Exceptions->errorHandler(2, 'Undefined property: stdClass::$Uraian', 'APPPATH\\Views\\teman\\form_teman.php', 17)
 2 SYSTEMPATH\View\View.php(213): include('APPPATH\\Views\\teman\\form_teman.php')
 3 SYSTEMPATH\View\View.php(216): CodeIgniter\View\View->CodeIgniter\View\{closure}()
 4 SYSTEMPATH\Common.php(1142): CodeIgniter\View\View->render('teman/form_teman', [], true)
 5 APPPATH\Controllers\Crudajax.php(40): view('teman/form_teman', [...])
 6 SYSTEMPATH\CodeIgniter.php(904): App\Controllers\Crudajax->form_teman()
 7 SYSTEMPATH\CodeIgniter.php(457): CodeIgniter\CodeIgniter->runController(Object(App\Controllers\Crudajax))
 8 SYSTEMPATH\CodeIgniter.php(340): CodeIgniter\CodeIgniter->handleRequest(null, Object(Config\Cache), false)
 9 FCPATH\index.php(67): CodeIgniter\CodeIgniter->run()
10 SYSTEMPATH\Commands\Server\rewrite.php(43): require_once('FCPATH\\index.php')
CRITICAL - 2022-10-03 14:20:09 --> Undefined property: stdClass::$Uraian
in APPPATH\Views\teman\form_teman.php on line 17.
 1 APPPATH\Views\teman\form_teman.php(17): CodeIgniter\Debug\Exceptions->errorHandler(2, 'Undefined property: stdClass::$Uraian', 'APPPATH\\Views\\teman\\form_teman.php', 17)
 2 SYSTEMPATH\View\View.php(213): include('APPPATH\\Views\\teman\\form_teman.php')
 3 SYSTEMPATH\View\View.php(216): CodeIgniter\View\View->CodeIgniter\View\{closure}()
 4 SYSTEMPATH\Common.php(1142): CodeIgniter\View\View->render('teman/form_teman', [], true)
 5 APPPATH\Controllers\Crudajax.php(40): view('teman/form_teman', [...])
 6 SYSTEMPATH\CodeIgniter.php(904): App\Controllers\Crudajax->form_teman()
 7 SYSTEMPATH\CodeIgniter.php(457): CodeIgniter\CodeIgniter->runController(Object(App\Controllers\Crudajax))
 8 SYSTEMPATH\CodeIgniter.php(340): CodeIgniter\CodeIgniter->handleRequest(null, Object(Config\Cache), false)
 9 FCPATH\index.php(67): CodeIgniter\CodeIgniter->run()
10 SYSTEMPATH\Commands\Server\rewrite.php(43): require_once('FCPATH\\index.php')
CRITICAL - 2022-10-03 14:24:00 --> Undefined property: stdClass::$Uraian
in APPPATH\Views\teman\form_teman.php on line 17.
 1 APPPATH\Views\teman\form_teman.php(17): CodeIgniter\Debug\Exceptions->errorHandler(2, 'Undefined property: stdClass::$Uraian', 'APPPATH\\Views\\teman\\form_teman.php', 17)
 2 SYSTEMPATH\View\View.php(213): include('APPPATH\\Views\\teman\\form_teman.php')
 3 SYSTEMPATH\View\View.php(216): CodeIgniter\View\View->CodeIgniter\View\{closure}()
 4 SYSTEMPATH\Common.php(1142): CodeIgniter\View\View->render('teman/form_teman', [], true)
 5 APPPATH\Controllers\Crudajax.php(40): view('teman/form_teman', [...])
 6 SYSTEMPATH\CodeIgniter.php(904): App\Controllers\Crudajax->form_teman()
 7 SYSTEMPATH\CodeIgniter.php(457): CodeIgniter\CodeIgniter->runController(Object(App\Controllers\Crudajax))
 8 SYSTEMPATH\CodeIgniter.php(340): CodeIgniter\CodeIgniter->handleRequest(null, Object(Config\Cache), false)
 9 FCPATH\index.php(67): CodeIgniter\CodeIgniter->run()
10 SYSTEMPATH\Commands\Server\rewrite.php(43): require_once('FCPATH\\index.php')
CRITICAL - 2022-10-03 16:34:48 --> Undefined property: stdClass::$Uraian
in APPPATH\Views\teman\form_teman.php on line 17.
 1 APPPATH\Views\teman\form_teman.php(17): CodeIgniter\Debug\Exceptions->errorHandler(2, 'Undefined property: stdClass::$Uraian', 'APPPATH\\Views\\teman\\form_teman.php', 17)
 2 SYSTEMPATH\View\View.php(213): include('APPPATH\\Views\\teman\\form_teman.php')
 3 SYSTEMPATH\View\View.php(216): CodeIgniter\View\View->CodeIgniter\View\{closure}()
 4 SYSTEMPATH\Common.php(1142): CodeIgniter\View\View->render('teman/form_teman', [], true)
 5 APPPATH\Controllers\Crudajax.php(40): view('teman/form_teman', [...])
 6 SYSTEMPATH\CodeIgniter.php(904): App\Controllers\Crudajax->form_teman()
 7 SYSTEMPATH\CodeIgniter.php(457): CodeIgniter\CodeIgniter->runController(Object(App\Controllers\Crudajax))
 8 SYSTEMPATH\CodeIgniter.php(340): CodeIgniter\CodeIgniter->handleRequest(null, Object(Config\Cache), false)
 9 FCPATH\index.php(67): CodeIgniter\CodeIgniter->run()
10 SYSTEMPATH\Commands\Server\rewrite.php(43): require_once('FCPATH\\index.php')
CRITICAL - 2022-10-03 16:35:24 --> Undefined property: stdClass::$Uraian
in APPPATH\Views\teman\form_teman.php on line 17.
 1 APPPATH\Views\teman\form_teman.php(17): CodeIgniter\Debug\Exceptions->errorHandler(2, 'Undefined property: stdClass::$Uraian', 'APPPATH\\Views\\teman\\form_teman.php', 17)
 2 SYSTEMPATH\View\View.php(213): include('APPPATH\\Views\\teman\\form_teman.php')
 3 SYSTEMPATH\View\View.php(216): CodeIgniter\View\View->CodeIgniter\View\{closure}()
 4 SYSTEMPATH\Common.php(1142): CodeIgniter\View\View->render('teman/form_teman', [], true)
 5 APPPATH\Controllers\Crudajax.php(40): view('teman/form_teman', [...])
 6 SYSTEMPATH\CodeIgniter.php(904): App\Controllers\Crudajax->form_teman()
 7 SYSTEMPATH\CodeIgniter.php(457): CodeIgniter\CodeIgniter->runController(Object(App\Controllers\Crudajax))
 8 SYSTEMPATH\CodeIgniter.php(340): CodeIgniter\CodeIgniter->handleRequest(null, Object(Config\Cache), false)
 9 FCPATH\index.php(67): CodeIgniter\CodeIgniter->run()
10 SYSTEMPATH\Commands\Server\rewrite.php(43): require_once('FCPATH\\index.php')
ERROR - 2022-10-03 16:44:44 --> mysqli_sql_exception: Column 'namateman' cannot be null in D:\xampp\htdocs\ci4sbadmin704\system\Database\MySQLi\Connection.php:292
Stack trace:
#0 D:\xampp\htdocs\ci4sbadmin704\system\Database\MySQLi\Connection.php(292): mysqli->query('INSERT INTO `tb...', 0)
#1 D:\xampp\htdocs\ci4sbadmin704\system\Database\BaseConnection.php(693): CodeIgniter\Database\MySQLi\Connection->execute('INSERT INTO `tb...')
#2 D:\xampp\htdocs\ci4sbadmin704\system\Database\BaseConnection.php(620): CodeIgniter\Database\BaseConnection->simpleQuery('INSERT INTO `tb...')
#3 D:\xampp\htdocs\ci4sbadmin704\system\Database\BaseBuilder.php(1916): CodeIgniter\Database\BaseConnection->query('INSERT INTO `tb...', Array, false)
#4 D:\xampp\htdocs\ci4sbadmin704\app\Models\MCrudajax.php(27): CodeIgniter\Database\BaseBuilder->insert(Array)
#5 D:\xampp\htdocs\ci4sbadmin704\app\Controllers\Crudajax.php(51): App\Models\MCrudajax->simpanTeman(Array)
#6 D:\xampp\htdocs\ci4sbadmin704\system\CodeIgniter.php(904): App\Controllers\Crudajax->tambah_teman()
#7 D:\xampp\htdocs\ci4sbadmin704\system\CodeIgniter.php(457): CodeIgniter\CodeIgniter->runController(Object(App\Controllers\Crudajax))
#8 D:\xampp\htdocs\ci4sbadmin704\system\CodeIgniter.php(340): CodeIgniter\CodeIgniter->handleRequest(NULL, Object(Config\Cache), false)
#9 D:\xampp\htdocs\ci4sbadmin704\public\index.php(67): CodeIgniter\CodeIgniter->run()
#10 D:\xampp\htdocs\ci4sbadmin704\system\Commands\Server\rewrite.php(43): require_once('D:\\xampp\\htdocs...')
#11 {main}
CRITICAL - 2022-10-03 16:44:44 --> Column 'namateman' cannot be null
in SYSTEMPATH\Database\MySQLi\Connection.php on line 292.
 1 SYSTEMPATH\Database\MySQLi\Connection.php(292): mysqli->query('INSERT INTO `tb_teman` (`NamaTeman`, `Alamat`, `JenisKelamin`) VALUES (NULL, NULL, NULL)', 0)
 2 SYSTEMPATH\Database\BaseConnection.php(693): CodeIgniter\Database\MySQLi\Connection->execute('INSERT INTO `tb_teman` (`NamaTeman`, `Alamat`, `JenisKelamin`) VALUES (NULL, NULL, NULL)')
 3 SYSTEMPATH\Database\BaseConnection.php(620): CodeIgniter\Database\BaseConnection->simpleQuery('INSERT INTO `tb_teman` (`NamaTeman`, `Alamat`, `JenisKelamin`) VALUES (NULL, NULL, NULL)')
 4 SYSTEMPATH\Database\BaseBuilder.php(1916): CodeIgniter\Database\BaseConnection->query('INSERT INTO `tb_teman` (`NamaTeman`, `Alamat`, `JenisKelamin`) VALUES (:NamaTeman:, :Alamat:, :JenisKelamin:)', [...], false)
 5 APPPATH\Models\MCrudajax.php(27): CodeIgniter\Database\BaseBuilder->insert([...])
 6 APPPATH\Controllers\Crudajax.php(51): App\Models\MCrudajax->simpanTeman([...])
 7 SYSTEMPATH\CodeIgniter.php(904): App\Controllers\Crudajax->tambah_teman()
 8 SYSTEMPATH\CodeIgniter.php(457): CodeIgniter\CodeIgniter->runController(Object(App\Controllers\Crudajax))
 9 SYSTEMPATH\CodeIgniter.php(340): CodeIgniter\CodeIgniter->handleRequest(null, Object(Config\Cache), false)
10 FCPATH\index.php(67): CodeIgniter\CodeIgniter->run()
11 SYSTEMPATH\Commands\Server\rewrite.php(43): require_once('FCPATH\\index.php')
ERROR - 2022-10-03 16:45:23 --> mysqli_sql_exception: Column 'namateman' cannot be null in D:\xampp\htdocs\ci4sbadmin704\system\Database\MySQLi\Connection.php:292
Stack trace:
#0 D:\xampp\htdocs\ci4sbadmin704\system\Database\MySQLi\Connection.php(292): mysqli->query('INSERT INTO `tb...', 0)
#1 D:\xampp\htdocs\ci4sbadmin704\system\Database\BaseConnection.php(693): CodeIgniter\Database\MySQLi\Connection->execute('INSERT INTO `tb...')
#2 D:\xampp\htdocs\ci4sbadmin704\system\Database\BaseConnection.php(620): CodeIgniter\Database\BaseConnection->simpleQuery('INSERT INTO `tb...')
#3 D:\xampp\htdocs\ci4sbadmin704\system\Database\BaseBuilder.php(1916): CodeIgniter\Database\BaseConnection->query('INSERT INTO `tb...', Array, false)
#4 D:\xampp\htdocs\ci4sbadmin704\app\Models\MCrudajax.php(27): CodeIgniter\Database\BaseBuilder->insert(Array)
#5 D:\xampp\htdocs\ci4sbadmin704\app\Controllers\Crudajax.php(51): App\Models\MCrudajax->simpanTeman(Array)
#6 D:\xampp\htdocs\ci4sbadmin704\system\CodeIgniter.php(904): App\Controllers\Crudajax->tambah_teman()
#7 D:\xampp\htdocs\ci4sbadmin704\system\CodeIgniter.php(457): CodeIgniter\CodeIgniter->runController(Object(App\Controllers\Crudajax))
#8 D:\xampp\htdocs\ci4sbadmin704\system\CodeIgniter.php(340): CodeIgniter\CodeIgniter->handleRequest(NULL, Object(Config\Cache), false)
#9 D:\xampp\htdocs\ci4sbadmin704\public\index.php(67): CodeIgniter\CodeIgniter->run()
#10 D:\xampp\htdocs\ci4sbadmin704\system\Commands\Server\rewrite.php(43): require_once('D:\\xampp\\htdocs...')
#11 {main}
CRITICAL - 2022-10-03 16:45:23 --> Column 'namateman' cannot be null
in SYSTEMPATH\Database\MySQLi\Connection.php on line 292.
 1 SYSTEMPATH\Database\MySQLi\Connection.php(292): mysqli->query('INSERT INTO `tb_teman` (`NamaTeman`, `Alamat`, `JenisKelamin`) VALUES (NULL, NULL, NULL)', 0)
 2 SYSTEMPATH\Database\BaseConnection.php(693): CodeIgniter\Database\MySQLi\Connection->execute('INSERT INTO `tb_teman` (`NamaTeman`, `Alamat`, `JenisKelamin`) VALUES (NULL, NULL, NULL)')
 3 SYSTEMPATH\Database\BaseConnection.php(620): CodeIgniter\Database\BaseConnection->simpleQuery('INSERT INTO `tb_teman` (`NamaTeman`, `Alamat`, `JenisKelamin`) VALUES (NULL, NULL, NULL)')
 4 SYSTEMPATH\Database\BaseBuilder.php(1916): CodeIgniter\Database\BaseConnection->query('INSERT INTO `tb_teman` (`NamaTeman`, `Alamat`, `JenisKelamin`) VALUES (:NamaTeman:, :Alamat:, :JenisKelamin:)', [...], false)
 5 APPPATH\Models\MCrudajax.php(27): CodeIgniter\Database\BaseBuilder->insert([...])
 6 APPPATH\Controllers\Crudajax.php(51): App\Models\MCrudajax->simpanTeman([...])
 7 SYSTEMPATH\CodeIgniter.php(904): App\Controllers\Crudajax->tambah_teman()
 8 SYSTEMPATH\CodeIgniter.php(457): CodeIgniter\CodeIgniter->runController(Object(App\Controllers\Crudajax))
 9 SYSTEMPATH\CodeIgniter.php(340): CodeIgniter\CodeIgniter->handleRequest(null, Object(Config\Cache), false)
10 FCPATH\index.php(67): CodeIgniter\CodeIgniter->run()
11 SYSTEMPATH\Commands\Server\rewrite.php(43): require_once('FCPATH\\index.php')
ERROR - 2022-10-03 16:45:54 --> mysqli_sql_exception: Column 'namateman' cannot be null in D:\xampp\htdocs\ci4sbadmin704\system\Database\MySQLi\Connection.php:292
Stack trace:
#0 D:\xampp\htdocs\ci4sbadmin704\system\Database\MySQLi\Connection.php(292): mysqli->query('INSERT INTO `tb...', 0)
#1 D:\xampp\htdocs\ci4sbadmin704\system\Database\BaseConnection.php(693): CodeIgniter\Database\MySQLi\Connection->execute('INSERT INTO `tb...')
#2 D:\xampp\htdocs\ci4sbadmin704\system\Database\BaseConnection.php(620): CodeIgniter\Database\BaseConnection->simpleQuery('INSERT INTO `tb...')
#3 D:\xampp\htdocs\ci4sbadmin704\system\Database\BaseBuilder.php(1916): CodeIgniter\Database\BaseConnection->query('INSERT INTO `tb...', Array, false)
#4 D:\xampp\htdocs\ci4sbadmin704\app\Models\MCrudajax.php(27): CodeIgniter\Database\BaseBuilder->insert(Array)
#5 D:\xampp\htdocs\ci4sbadmin704\app\Controllers\Crudajax.php(51): App\Models\MCrudajax->simpanTeman(Array)
#6 D:\xampp\htdocs\ci4sbadmin704\system\CodeIgniter.php(904): App\Controllers\Crudajax->tambah_teman()
#7 D:\xampp\htdocs\ci4sbadmin704\system\CodeIgniter.php(457): CodeIgniter\CodeIgniter->runController(Object(App\Controllers\Crudajax))
#8 D:\xampp\htdocs\ci4sbadmin704\system\CodeIgniter.php(340): CodeIgniter\CodeIgniter->handleRequest(NULL, Object(Config\Cache), false)
#9 D:\xampp\htdocs\ci4sbadmin704\public\index.php(67): CodeIgniter\CodeIgniter->run()
#10 D:\xampp\htdocs\ci4sbadmin704\system\Commands\Server\rewrite.php(43): require_once('D:\\xampp\\htdocs...')
#11 {main}
CRITICAL - 2022-10-03 16:45:54 --> Column 'namateman' cannot be null
in SYSTEMPATH\Database\MySQLi\Connection.php on line 292.
 1 SYSTEMPATH\Database\MySQLi\Connection.php(292): mysqli->query('INSERT INTO `tb_teman` (`NamaTeman`, `Alamat`, `JenisKelamin`) VALUES (NULL, NULL, NULL)', 0)
 2 SYSTEMPATH\Database\BaseConnection.php(693): CodeIgniter\Database\MySQLi\Connection->execute('INSERT INTO `tb_teman` (`NamaTeman`, `Alamat`, `JenisKelamin`) VALUES (NULL, NULL, NULL)')
 3 SYSTEMPATH\Database\BaseConnection.php(620): CodeIgniter\Database\BaseConnection->simpleQuery('INSERT INTO `tb_teman` (`NamaTeman`, `Alamat`, `JenisKelamin`) VALUES (NULL, NULL, NULL)')
 4 SYSTEMPATH\Database\BaseBuilder.php(1916): CodeIgniter\Database\BaseConnection->query('INSERT INTO `tb_teman` (`NamaTeman`, `Alamat`, `JenisKelamin`) VALUES (:NamaTeman:, :Alamat:, :JenisKelamin:)', [...], false)
 5 APPPATH\Models\MCrudajax.php(27): CodeIgniter\Database\BaseBuilder->insert([...])
 6 APPPATH\Controllers\Crudajax.php(51): App\Models\MCrudajax->simpanTeman([...])
 7 SYSTEMPATH\CodeIgniter.php(904): App\Controllers\Crudajax->tambah_teman()
 8 SYSTEMPATH\CodeIgniter.php(457): CodeIgniter\CodeIgniter->runController(Object(App\Controllers\Crudajax))
 9 SYSTEMPATH\CodeIgniter.php(340): CodeIgniter\CodeIgniter->handleRequest(null, Object(Config\Cache), false)
10 FCPATH\index.php(67): CodeIgniter\CodeIgniter->run()
11 SYSTEMPATH\Commands\Server\rewrite.php(43): require_once('FCPATH\\index.php')
CRITICAL - 2022-10-03 16:47:22 --> Undefined property: stdClass::$Uraian
in APPPATH\Views\teman\form_teman.php on line 17.
 1 APPPATH\Views\teman\form_teman.php(17): CodeIgniter\Debug\Exceptions->errorHandler(2, 'Undefined property: stdClass::$Uraian', 'APPPATH\\Views\\teman\\form_teman.php', 17)
 2 SYSTEMPATH\View\View.php(213): include('APPPATH\\Views\\teman\\form_teman.php')
 3 SYSTEMPATH\View\View.php(216): CodeIgniter\View\View->CodeIgniter\View\{closure}()
 4 SYSTEMPATH\Common.php(1142): CodeIgniter\View\View->render('teman/form_teman', [], true)
 5 APPPATH\Controllers\Crudajax.php(40): view('teman/form_teman', [...])
 6 SYSTEMPATH\CodeIgniter.php(904): App\Controllers\Crudajax->form_teman()
 7 SYSTEMPATH\CodeIgniter.php(457): CodeIgniter\CodeIgniter->runController(Object(App\Controllers\Crudajax))
 8 SYSTEMPATH\CodeIgniter.php(340): CodeIgniter\CodeIgniter->handleRequest(null, Object(Config\Cache), false)
 9 FCPATH\index.php(67): CodeIgniter\CodeIgniter->run()
10 SYSTEMPATH\Commands\Server\rewrite.php(43): require_once('FCPATH\\index.php')
CRITICAL - 2022-10-03 16:48:28 --> syntax error, unexpected string content "", expecting "-" or identifier or variable or number
in APPPATH\Views\teman\form_teman.php on line 17.
 1 SYSTEMPATH\View\View.php(216): CodeIgniter\View\View->CodeIgniter\View\{closure}()
 2 SYSTEMPATH\Common.php(1142): CodeIgniter\View\View->render('teman/form_teman', [], true)
 3 APPPATH\Controllers\Crudajax.php(40): view('teman/form_teman', [...])
 4 SYSTEMPATH\CodeIgniter.php(904): App\Controllers\Crudajax->form_teman()
 5 SYSTEMPATH\CodeIgniter.php(457): CodeIgniter\CodeIgniter->runController(Object(App\Controllers\Crudajax))
 6 SYSTEMPATH\CodeIgniter.php(340): CodeIgniter\CodeIgniter->handleRequest(null, Object(Config\Cache), false)
 7 FCPATH\index.php(67): CodeIgniter\CodeIgniter->run()
 8 SYSTEMPATH\Commands\Server\rewrite.php(43): require_once('FCPATH\\index.php')
CRITICAL - 2022-10-03 16:48:52 --> Undefined property: stdClass::$Uraian
in APPPATH\Views\teman\form_teman.php on line 17.
 1 APPPATH\Views\teman\form_teman.php(17): CodeIgniter\Debug\Exceptions->errorHandler(2, 'Undefined property: stdClass::$Uraian', 'APPPATH\\Views\\teman\\form_teman.php', 17)
 2 SYSTEMPATH\View\View.php(213): include('APPPATH\\Views\\teman\\form_teman.php')
 3 SYSTEMPATH\View\View.php(216): CodeIgniter\View\View->CodeIgniter\View\{closure}()
 4 SYSTEMPATH\Common.php(1142): CodeIgniter\View\View->render('teman/form_teman', [], true)
 5 APPPATH\Controllers\Crudajax.php(40): view('teman/form_teman', [...])
 6 SYSTEMPATH\CodeIgniter.php(904): App\Controllers\Crudajax->form_teman()
 7 SYSTEMPATH\CodeIgniter.php(457): CodeIgniter\CodeIgniter->runController(Object(App\Controllers\Crudajax))
 8 SYSTEMPATH\CodeIgniter.php(340): CodeIgniter\CodeIgniter->handleRequest(null, Object(Config\Cache), false)
 9 FCPATH\index.php(67): CodeIgniter\CodeIgniter->run()
10 SYSTEMPATH\Commands\Server\rewrite.php(43): require_once('FCPATH\\index.php')
CRITICAL - 2022-10-03 16:53:39 --> Undefined property: stdClass::$Uraian
in APPPATH\Views\teman\form_teman.php on line 17.
 1 APPPATH\Views\teman\form_teman.php(17): CodeIgniter\Debug\Exceptions->errorHandler(2, 'Undefined property: stdClass::$Uraian', 'APPPATH\\Views\\teman\\form_teman.php', 17)
 2 SYSTEMPATH\View\View.php(213): include('APPPATH\\Views\\teman\\form_teman.php')
 3 SYSTEMPATH\View\View.php(216): CodeIgniter\View\View->CodeIgniter\View\{closure}()
 4 SYSTEMPATH\Common.php(1142): CodeIgniter\View\View->render('teman/form_teman', [], true)
 5 APPPATH\Controllers\Crudajax.php(40): view('teman/form_teman', [...])
 6 SYSTEMPATH\CodeIgniter.php(904): App\Controllers\Crudajax->form_teman()
 7 SYSTEMPATH\CodeIgniter.php(457): CodeIgniter\CodeIgniter->runController(Object(App\Controllers\Crudajax))
 8 SYSTEMPATH\CodeIgniter.php(340): CodeIgniter\CodeIgniter->handleRequest(null, Object(Config\Cache), false)
 9 FCPATH\index.php(67): CodeIgniter\CodeIgniter->run()
10 SYSTEMPATH\Commands\Server\rewrite.php(43): require_once('FCPATH\\index.php')
ERROR - 2022-10-03 16:54:46 --> mysqli_sql_exception: Column 'namateman' cannot be null in D:\xampp\htdocs\ci4sbadmin704\system\Database\MySQLi\Connection.php:292
Stack trace:
#0 D:\xampp\htdocs\ci4sbadmin704\system\Database\MySQLi\Connection.php(292): mysqli->query('INSERT INTO `tb...', 0)
#1 D:\xampp\htdocs\ci4sbadmin704\system\Database\BaseConnection.php(693): CodeIgniter\Database\MySQLi\Connection->execute('INSERT INTO `tb...')
#2 D:\xampp\htdocs\ci4sbadmin704\system\Database\BaseConnection.php(620): CodeIgniter\Database\BaseConnection->simpleQuery('INSERT INTO `tb...')
#3 D:\xampp\htdocs\ci4sbadmin704\system\Database\BaseBuilder.php(1916): CodeIgniter\Database\BaseConnection->query('INSERT INTO `tb...', Array, false)
#4 D:\xampp\htdocs\ci4sbadmin704\app\Models\MCrudajax.php(27): CodeIgniter\Database\BaseBuilder->insert(Array)
#5 D:\xampp\htdocs\ci4sbadmin704\app\Controllers\Crudajax.php(51): App\Models\MCrudajax->simpanTeman(Array)
#6 D:\xampp\htdocs\ci4sbadmin704\system\CodeIgniter.php(904): App\Controllers\Crudajax->tambah_teman()
#7 D:\xampp\htdocs\ci4sbadmin704\system\CodeIgniter.php(457): CodeIgniter\CodeIgniter->runController(Object(App\Controllers\Crudajax))
#8 D:\xampp\htdocs\ci4sbadmin704\system\CodeIgniter.php(340): CodeIgniter\CodeIgniter->handleRequest(NULL, Object(Config\Cache), false)
#9 D:\xampp\htdocs\ci4sbadmin704\public\index.php(67): CodeIgniter\CodeIgniter->run()
#10 D:\xampp\htdocs\ci4sbadmin704\system\Commands\Server\rewrite.php(43): require_once('D:\\xampp\\htdocs...')
#11 {main}
CRITICAL - 2022-10-03 16:54:46 --> Column 'namateman' cannot be null
in SYSTEMPATH\Database\MySQLi\Connection.php on line 292.
 1 SYSTEMPATH\Database\MySQLi\Connection.php(292): mysqli->query('INSERT INTO `tb_teman` (`NamaTeman`, `Alamat`, `JenisKelamin`) VALUES (NULL, NULL, NULL)', 0)
 2 SYSTEMPATH\Database\BaseConnection.php(693): CodeIgniter\Database\MySQLi\Connection->execute('INSERT INTO `tb_teman` (`NamaTeman`, `Alamat`, `JenisKelamin`) VALUES (NULL, NULL, NULL)')
 3 SYSTEMPATH\Database\BaseConnection.php(620): CodeIgniter\Database\BaseConnection->simpleQuery('INSERT INTO `tb_teman` (`NamaTeman`, `Alamat`, `JenisKelamin`) VALUES (NULL, NULL, NULL)')
 4 SYSTEMPATH\Database\BaseBuilder.php(1916): CodeIgniter\Database\BaseConnection->query('INSERT INTO `tb_teman` (`NamaTeman`, `Alamat`, `JenisKelamin`) VALUES (:NamaTeman:, :Alamat:, :JenisKelamin:)', [...], false)
 5 APPPATH\Models\MCrudajax.php(27): CodeIgniter\Database\BaseBuilder->insert([...])
 6 APPPATH\Controllers\Crudajax.php(51): App\Models\MCrudajax->simpanTeman([...])
 7 SYSTEMPATH\CodeIgniter.php(904): App\Controllers\Crudajax->tambah_teman()
 8 SYSTEMPATH\CodeIgniter.php(457): CodeIgniter\CodeIgniter->runController(Object(App\Controllers\Crudajax))
 9 SYSTEMPATH\CodeIgniter.php(340): CodeIgniter\CodeIgniter->handleRequest(null, Object(Config\Cache), false)
10 FCPATH\index.php(67): CodeIgniter\CodeIgniter->run()
11 SYSTEMPATH\Commands\Server\rewrite.php(43): require_once('FCPATH\\index.php')
ERROR - 2022-10-03 16:58:03 --> mysqli_sql_exception: Column 'namateman' cannot be null in D:\xampp\htdocs\ci4sbadmin704\system\Database\MySQLi\Connection.php:292
Stack trace:
#0 D:\xampp\htdocs\ci4sbadmin704\system\Database\MySQLi\Connection.php(292): mysqli->query('INSERT INTO `tb...', 0)
#1 D:\xampp\htdocs\ci4sbadmin704\system\Database\BaseConnection.php(693): CodeIgniter\Database\MySQLi\Connection->execute('INSERT INTO `tb...')
#2 D:\xampp\htdocs\ci4sbadmin704\system\Database\BaseConnection.php(620): CodeIgniter\Database\BaseConnection->simpleQuery('INSERT INTO `tb...')
#3 D:\xampp\htdocs\ci4sbadmin704\system\Database\BaseBuilder.php(1916): CodeIgniter\Database\BaseConnection->query('INSERT INTO `tb...', Array, false)
#4 D:\xampp\htdocs\ci4sbadmin704\app\Models\MCrudajax.php(27): CodeIgniter\Database\BaseBuilder->insert(Array)
#5 D:\xampp\htdocs\ci4sbadmin704\app\Controllers\Crudajax.php(51): App\Models\MCrudajax->simpanTeman(Array)
#6 D:\xampp\htdocs\ci4sbadmin704\system\CodeIgniter.php(904): App\Controllers\Crudajax->tambah_teman()
#7 D:\xampp\htdocs\ci4sbadmin704\system\CodeIgniter.php(457): CodeIgniter\CodeIgniter->runController(Object(App\Controllers\Crudajax))
#8 D:\xampp\htdocs\ci4sbadmin704\system\CodeIgniter.php(340): CodeIgniter\CodeIgniter->handleRequest(NULL, Object(Config\Cache), false)
#9 D:\xampp\htdocs\ci4sbadmin704\public\index.php(67): CodeIgniter\CodeIgniter->run()
#10 D:\xampp\htdocs\ci4sbadmin704\system\Commands\Server\rewrite.php(43): require_once('D:\\xampp\\htdocs...')
#11 {main}
CRITICAL - 2022-10-03 16:58:03 --> Column 'namateman' cannot be null
in SYSTEMPATH\Database\MySQLi\Connection.php on line 292.
 1 SYSTEMPATH\Database\MySQLi\Connection.php(292): mysqli->query('INSERT INTO `tb_teman` (`NamaTeman`, `Alamat`, `JenisKelamin`) VALUES (NULL, NULL, NULL)', 0)
 2 SYSTEMPATH\Database\BaseConnection.php(693): CodeIgniter\Database\MySQLi\Connection->execute('INSERT INTO `tb_teman` (`NamaTeman`, `Alamat`, `JenisKelamin`) VALUES (NULL, NULL, NULL)')
 3 SYSTEMPATH\Database\BaseConnection.php(620): CodeIgniter\Database\BaseConnection->simpleQuery('INSERT INTO `tb_teman` (`NamaTeman`, `Alamat`, `JenisKelamin`) VALUES (NULL, NULL, NULL)')
 4 SYSTEMPATH\Database\BaseBuilder.php(1916): CodeIgniter\Database\BaseConnection->query('INSERT INTO `tb_teman` (`NamaTeman`, `Alamat`, `JenisKelamin`) VALUES (:NamaTeman:, :Alamat:, :JenisKelamin:)', [...], false)
 5 APPPATH\Models\MCrudajax.php(27): CodeIgniter\Database\BaseBuilder->insert([...])
 6 APPPATH\Controllers\Crudajax.php(51): App\Models\MCrudajax->simpanTeman([...])
 7 SYSTEMPATH\CodeIgniter.php(904): App\Controllers\Crudajax->tambah_teman()
 8 SYSTEMPATH\CodeIgniter.php(457): CodeIgniter\CodeIgniter->runController(Object(App\Controllers\Crudajax))
 9 SYSTEMPATH\CodeIgniter.php(340): CodeIgniter\CodeIgniter->handleRequest(null, Object(Config\Cache), false)
10 FCPATH\index.php(67): CodeIgniter\CodeIgniter->run()
11 SYSTEMPATH\Commands\Server\rewrite.php(43): require_once('FCPATH\\index.php')
ERROR - 2022-10-03 17:01:18 --> mysqli_sql_exception: Column 'namateman' cannot be null in D:\xampp\htdocs\ci4sbadmin704\system\Database\MySQLi\Connection.php:292
Stack trace:
#0 D:\xampp\htdocs\ci4sbadmin704\system\Database\MySQLi\Connection.php(292): mysqli->query('INSERT INTO `tb...', 0)
#1 D:\xampp\htdocs\ci4sbadmin704\system\Database\BaseConnection.php(693): CodeIgniter\Database\MySQLi\Connection->execute('INSERT INTO `tb...')
#2 D:\xampp\htdocs\ci4sbadmin704\system\Database\BaseConnection.php(620): CodeIgniter\Database\BaseConnection->simpleQuery('INSERT INTO `tb...')
#3 D:\xampp\htdocs\ci4sbadmin704\system\Database\BaseBuilder.php(1916): CodeIgniter\Database\BaseConnection->query('INSERT INTO `tb...', Array, false)
#4 D:\xampp\htdocs\ci4sbadmin704\app\Models\MCrudajax.php(27): CodeIgniter\Database\BaseBuilder->insert(Array)
#5 D:\xampp\htdocs\ci4sbadmin704\app\Controllers\Crudajax.php(51): App\Models\MCrudajax->simpanTeman(Array)
#6 D:\xampp\htdocs\ci4sbadmin704\system\CodeIgniter.php(904): App\Controllers\Crudajax->tambah_teman()
#7 D:\xampp\htdocs\ci4sbadmin704\system\CodeIgniter.php(457): CodeIgniter\CodeIgniter->runController(Object(App\Controllers\Crudajax))
#8 D:\xampp\htdocs\ci4sbadmin704\system\CodeIgniter.php(340): CodeIgniter\CodeIgniter->handleRequest(NULL, Object(Config\Cache), false)
#9 D:\xampp\htdocs\ci4sbadmin704\public\index.php(67): CodeIgniter\CodeIgniter->run()
#10 D:\xampp\htdocs\ci4sbadmin704\system\Commands\Server\rewrite.php(43): require_once('D:\\xampp\\htdocs...')
#11 {main}
CRITICAL - 2022-10-03 17:01:18 --> Column 'namateman' cannot be null
in SYSTEMPATH\Database\MySQLi\Connection.php on line 292.
 1 SYSTEMPATH\Database\MySQLi\Connection.php(292): mysqli->query('INSERT INTO `tb_teman` (`NamaTeman`, `Alamat`, `JenisKelamin`) VALUES (NULL, NULL, NULL)', 0)
 2 SYSTEMPATH\Database\BaseConnection.php(693): CodeIgniter\Database\MySQLi\Connection->execute('INSERT INTO `tb_teman` (`NamaTeman`, `Alamat`, `JenisKelamin`) VALUES (NULL, NULL, NULL)')
 3 SYSTEMPATH\Database\BaseConnection.php(620): CodeIgniter\Database\BaseConnection->simpleQuery('INSERT INTO `tb_teman` (`NamaTeman`, `Alamat`, `JenisKelamin`) VALUES (NULL, NULL, NULL)')
 4 SYSTEMPATH\Database\BaseBuilder.php(1916): CodeIgniter\Database\BaseConnection->query('INSERT INTO `tb_teman` (`NamaTeman`, `Alamat`, `JenisKelamin`) VALUES (:NamaTeman:, :Alamat:, :JenisKelamin:)', [...], false)
 5 APPPATH\Models\MCrudajax.php(27): CodeIgniter\Database\BaseBuilder->insert([...])
 6 APPPATH\Controllers\Crudajax.php(51): App\Models\MCrudajax->simpanTeman([...])
 7 SYSTEMPATH\CodeIgniter.php(904): App\Controllers\Crudajax->tambah_teman()
 8 SYSTEMPATH\CodeIgniter.php(457): CodeIgniter\CodeIgniter->runController(Object(App\Controllers\Crudajax))
 9 SYSTEMPATH\CodeIgniter.php(340): CodeIgniter\CodeIgniter->handleRequest(null, Object(Config\Cache), false)
10 FCPATH\index.php(67): CodeIgniter\CodeIgniter->run()
11 SYSTEMPATH\Commands\Server\rewrite.php(43): require_once('FCPATH\\index.php')
ERROR - 2022-10-03 17:03:12 --> mysqli_sql_exception: Column 'alamat' cannot be null in D:\xampp\htdocs\ci4sbadmin704\system\Database\MySQLi\Connection.php:292
Stack trace:
#0 D:\xampp\htdocs\ci4sbadmin704\system\Database\MySQLi\Connection.php(292): mysqli->query('INSERT INTO `tb...', 0)
#1 D:\xampp\htdocs\ci4sbadmin704\system\Database\BaseConnection.php(693): CodeIgniter\Database\MySQLi\Connection->execute('INSERT INTO `tb...')
#2 D:\xampp\htdocs\ci4sbadmin704\system\Database\BaseConnection.php(620): CodeIgniter\Database\BaseConnection->simpleQuery('INSERT INTO `tb...')
#3 D:\xampp\htdocs\ci4sbadmin704\system\Database\BaseBuilder.php(1916): CodeIgniter\Database\BaseConnection->query('INSERT INTO `tb...', Array, false)
#4 D:\xampp\htdocs\ci4sbadmin704\app\Models\MCrudajax.php(27): CodeIgniter\Database\BaseBuilder->insert(Array)
#5 D:\xampp\htdocs\ci4sbadmin704\app\Controllers\Crudajax.php(51): App\Models\MCrudajax->simpanTeman(Array)
#6 D:\xampp\htdocs\ci4sbadmin704\system\CodeIgniter.php(904): App\Controllers\Crudajax->tambah_teman()
#7 D:\xampp\htdocs\ci4sbadmin704\system\CodeIgniter.php(457): CodeIgniter\CodeIgniter->runController(Object(App\Controllers\Crudajax))
#8 D:\xampp\htdocs\ci4sbadmin704\system\CodeIgniter.php(340): CodeIgniter\CodeIgniter->handleRequest(NULL, Object(Config\Cache), false)
#9 D:\xampp\htdocs\ci4sbadmin704\public\index.php(67): CodeIgniter\CodeIgniter->run()
#10 D:\xampp\htdocs\ci4sbadmin704\system\Commands\Server\rewrite.php(43): require_once('D:\\xampp\\htdocs...')
#11 {main}
CRITICAL - 2022-10-03 17:03:12 --> Column 'alamat' cannot be null
in SYSTEMPATH\Database\MySQLi\Connection.php on line 292.
 1 SYSTEMPATH\Database\MySQLi\Connection.php(292): mysqli->query('INSERT INTO `tb_teman` (`NamaTeman`, `Alamat`, `JenisKelamin`) VALUES (\'\', NULL, NULL)', 0)
 2 SYSTEMPATH\Database\BaseConnection.php(693): CodeIgniter\Database\MySQLi\Connection->execute('INSERT INTO `tb_teman` (`NamaTeman`, `Alamat`, `JenisKelamin`) VALUES (\'\', NULL, NULL)')
 3 SYSTEMPATH\Database\BaseConnection.php(620): CodeIgniter\Database\BaseConnection->simpleQuery('INSERT INTO `tb_teman` (`NamaTeman`, `Alamat`, `JenisKelamin`) VALUES (\'\', NULL, NULL)')
 4 SYSTEMPATH\Database\BaseBuilder.php(1916): CodeIgniter\Database\BaseConnection->query('INSERT INTO `tb_teman` (`NamaTeman`, `Alamat`, `JenisKelamin`) VALUES (:NamaTeman:, :Alamat:, :JenisKelamin:)', [...], false)
 5 APPPATH\Models\MCrudajax.php(27): CodeIgniter\Database\BaseBuilder->insert([...])
 6 APPPATH\Controllers\Crudajax.php(51): App\Models\MCrudajax->simpanTeman([...])
 7 SYSTEMPATH\CodeIgniter.php(904): App\Controllers\Crudajax->tambah_teman()
 8 SYSTEMPATH\CodeIgniter.php(457): CodeIgniter\CodeIgniter->runController(Object(App\Controllers\Crudajax))
 9 SYSTEMPATH\CodeIgniter.php(340): CodeIgniter\CodeIgniter->handleRequest(null, Object(Config\Cache), false)
10 FCPATH\index.php(67): CodeIgniter\CodeIgniter->run()
11 SYSTEMPATH\Commands\Server\rewrite.php(43): require_once('FCPATH\\index.php')
ERROR - 2022-10-03 17:03:33 --> mysqli_sql_exception: Column 'alamat' cannot be null in D:\xampp\htdocs\ci4sbadmin704\system\Database\MySQLi\Connection.php:292
Stack trace:
#0 D:\xampp\htdocs\ci4sbadmin704\system\Database\MySQLi\Connection.php(292): mysqli->query('INSERT INTO `tb...', 0)
#1 D:\xampp\htdocs\ci4sbadmin704\system\Database\BaseConnection.php(693): CodeIgniter\Database\MySQLi\Connection->execute('INSERT INTO `tb...')
#2 D:\xampp\htdocs\ci4sbadmin704\system\Database\BaseConnection.php(620): CodeIgniter\Database\BaseConnection->simpleQuery('INSERT INTO `tb...')
#3 D:\xampp\htdocs\ci4sbadmin704\system\Database\BaseBuilder.php(1916): CodeIgniter\Database\BaseConnection->query('INSERT INTO `tb...', Array, false)
#4 D:\xampp\htdocs\ci4sbadmin704\app\Models\MCrudajax.php(27): CodeIgniter\Database\BaseBuilder->insert(Array)
#5 D:\xampp\htdocs\ci4sbadmin704\app\Controllers\Crudajax.php(51): App\Models\MCrudajax->simpanTeman(Array)
#6 D:\xampp\htdocs\ci4sbadmin704\system\CodeIgniter.php(904): App\Controllers\Crudajax->tambah_teman()
#7 D:\xampp\htdocs\ci4sbadmin704\system\CodeIgniter.php(457): CodeIgniter\CodeIgniter->runController(Object(App\Controllers\Crudajax))
#8 D:\xampp\htdocs\ci4sbadmin704\system\CodeIgniter.php(340): CodeIgniter\CodeIgniter->handleRequest(NULL, Object(Config\Cache), false)
#9 D:\xampp\htdocs\ci4sbadmin704\public\index.php(67): CodeIgniter\CodeIgniter->run()
#10 D:\xampp\htdocs\ci4sbadmin704\system\Commands\Server\rewrite.php(43): require_once('D:\\xampp\\htdocs...')
#11 {main}
CRITICAL - 2022-10-03 17:03:33 --> Column 'alamat' cannot be null
in SYSTEMPATH\Database\MySQLi\Connection.php on line 292.
 1 SYSTEMPATH\Database\MySQLi\Connection.php(292): mysqli->query('INSERT INTO `tb_teman` (`NamaTeman`, `Alamat`, `JenisKelamin`) VALUES (\'\', NULL, NULL)', 0)
 2 SYSTEMPATH\Database\BaseConnection.php(693): CodeIgniter\Database\MySQLi\Connection->execute('INSERT INTO `tb_teman` (`NamaTeman`, `Alamat`, `JenisKelamin`) VALUES (\'\', NULL, NULL)')
 3 SYSTEMPATH\Database\BaseConnection.php(620): CodeIgniter\Database\BaseConnection->simpleQuery('INSERT INTO `tb_teman` (`NamaTeman`, `Alamat`, `JenisKelamin`) VALUES (\'\', NULL, NULL)')
 4 SYSTEMPATH\Database\BaseBuilder.php(1916): CodeIgniter\Database\BaseConnection->query('INSERT INTO `tb_teman` (`NamaTeman`, `Alamat`, `JenisKelamin`) VALUES (:NamaTeman:, :Alamat:, :JenisKelamin:)', [...], false)
 5 APPPATH\Models\MCrudajax.php(27): CodeIgniter\Database\BaseBuilder->insert([...])
 6 APPPATH\Controllers\Crudajax.php(51): App\Models\MCrudajax->simpanTeman([...])
 7 SYSTEMPATH\CodeIgniter.php(904): App\Controllers\Crudajax->tambah_teman()
 8 SYSTEMPATH\CodeIgniter.php(457): CodeIgniter\CodeIgniter->runController(Object(App\Controllers\Crudajax))
 9 SYSTEMPATH\CodeIgniter.php(340): CodeIgniter\CodeIgniter->handleRequest(null, Object(Config\Cache), false)
10 FCPATH\index.php(67): CodeIgniter\CodeIgniter->run()
11 SYSTEMPATH\Commands\Server\rewrite.php(43): require_once('FCPATH\\index.php')
ERROR - 2022-10-03 17:03:53 --> mysqli_sql_exception: Column 'jeniskelamin' cannot be null in D:\xampp\htdocs\ci4sbadmin704\system\Database\MySQLi\Connection.php:292
Stack trace:
#0 D:\xampp\htdocs\ci4sbadmin704\system\Database\MySQLi\Connection.php(292): mysqli->query('INSERT INTO `tb...', 0)
#1 D:\xampp\htdocs\ci4sbadmin704\system\Database\BaseConnection.php(693): CodeIgniter\Database\MySQLi\Connection->execute('INSERT INTO `tb...')
#2 D:\xampp\htdocs\ci4sbadmin704\system\Database\BaseConnection.php(620): CodeIgniter\Database\BaseConnection->simpleQuery('INSERT INTO `tb...')
#3 D:\xampp\htdocs\ci4sbadmin704\system\Database\BaseBuilder.php(1916): CodeIgniter\Database\BaseConnection->query('INSERT INTO `tb...', Array, false)
#4 D:\xampp\htdocs\ci4sbadmin704\app\Models\MCrudajax.php(27): CodeIgniter\Database\BaseBuilder->insert(Array)
#5 D:\xampp\htdocs\ci4sbadmin704\app\Controllers\Crudajax.php(51): App\Models\MCrudajax->simpanTeman(Array)
#6 D:\xampp\htdocs\ci4sbadmin704\system\CodeIgniter.php(904): App\Controllers\Crudajax->tambah_teman()
#7 D:\xampp\htdocs\ci4sbadmin704\system\CodeIgniter.php(457): CodeIgniter\CodeIgniter->runController(Object(App\Controllers\Crudajax))
#8 D:\xampp\htdocs\ci4sbadmin704\system\CodeIgniter.php(340): CodeIgniter\CodeIgniter->handleRequest(NULL, Object(Config\Cache), false)
#9 D:\xampp\htdocs\ci4sbadmin704\public\index.php(67): CodeIgniter\CodeIgniter->run()
#10 D:\xampp\htdocs\ci4sbadmin704\system\Commands\Server\rewrite.php(43): require_once('D:\\xampp\\htdocs...')
#11 {main}
CRITICAL - 2022-10-03 17:03:53 --> Column 'jeniskelamin' cannot be null
in SYSTEMPATH\Database\MySQLi\Connection.php on line 292.
 1 SYSTEMPATH\Database\MySQLi\Connection.php(292): mysqli->query('INSERT INTO `tb_teman` (`NamaTeman`, `Alamat`, `JenisKelamin`) VALUES (\'\', \'\', NULL)', 0)
 2 SYSTEMPATH\Database\BaseConnection.php(693): CodeIgniter\Database\MySQLi\Connection->execute('INSERT INTO `tb_teman` (`NamaTeman`, `Alamat`, `JenisKelamin`) VALUES (\'\', \'\', NULL)')
 3 SYSTEMPATH\Database\BaseConnection.php(620): CodeIgniter\Database\BaseConnection->simpleQuery('INSERT INTO `tb_teman` (`NamaTeman`, `Alamat`, `JenisKelamin`) VALUES (\'\', \'\', NULL)')
 4 SYSTEMPATH\Database\BaseBuilder.php(1916): CodeIgniter\Database\BaseConnection->query('INSERT INTO `tb_teman` (`NamaTeman`, `Alamat`, `JenisKelamin`) VALUES (:NamaTeman:, :Alamat:, :JenisKelamin:)', [...], false)
 5 APPPATH\Models\MCrudajax.php(27): CodeIgniter\Database\BaseBuilder->insert([...])
 6 APPPATH\Controllers\Crudajax.php(51): App\Models\MCrudajax->simpanTeman([...])
 7 SYSTEMPATH\CodeIgniter.php(904): App\Controllers\Crudajax->tambah_teman()
 8 SYSTEMPATH\CodeIgniter.php(457): CodeIgniter\CodeIgniter->runController(Object(App\Controllers\Crudajax))
 9 SYSTEMPATH\CodeIgniter.php(340): CodeIgniter\CodeIgniter->handleRequest(null, Object(Config\Cache), false)
10 FCPATH\index.php(67): CodeIgniter\CodeIgniter->run()
11 SYSTEMPATH\Commands\Server\rewrite.php(43): require_once('FCPATH\\index.php')
CRITICAL - 2022-10-03 23:53:23 --> Declaration of App\Models\Person_model::update() must be compatible with CodeIgniter\Model::update($id = null, $data = null): bool
in APPPATH\Models\Person_model.php on line 102.
 1 [internal function]: CodeIgniter\Debug\Exceptions->shutdownHandler()
