CRITICAL - 2023-01-21 13:51:59 --> Call to a member function orderBy() on null
in APPPATH\Controllers\Tbuser.php on line 28.
 1 SYSTEMPATH\CodeIgniter.php(904): App\Controllers\Tbuser->index()
 2 SYSTEMPATH\CodeIgniter.php(457): CodeIgniter\CodeIgniter->runController(Object(App\Controllers\Tbuser))
 3 SYSTEMPATH\CodeIgniter.php(340): CodeIgniter\CodeIgniter->handleRequest(null, Object(Config\Cache), false)
 4 FCPATH\index.php(67): CodeIgniter\CodeIgniter->run()
 5 SYSTEMPATH\Commands\Server\rewrite.php(43): require_once('FCPATH\\index.php')
CRITICAL - 2023-01-21 13:53:33 --> Undefined variable $tbuserModel
in APPPATH\Controllers\Tbuser.php on line 29.
 1 APPPATH\Controllers\Tbuser.php(29): CodeIgniter\Debug\Exceptions->errorHandler(2, 'Undefined variable $tbuserModel', 'APPPATH\\Controllers\\Tbuser.php', 29)
 2 SYSTEMPATH\CodeIgniter.php(904): App\Controllers\Tbuser->index()
 3 SYSTEMPATH\CodeIgniter.php(457): CodeIgniter\CodeIgniter->runController(Object(App\Controllers\Tbuser))
 4 SYSTEMPATH\CodeIgniter.php(340): CodeIgniter\CodeIgniter->handleRequest(null, Object(Config\Cache), false)
 5 FCPATH\index.php(67): CodeIgniter\CodeIgniter->run()
 6 SYSTEMPATH\Commands\Server\rewrite.php(43): require_once('FCPATH\\index.php')
CRITICAL - 2023-01-21 13:55:14 --> Call to a member function find() on null
in APPPATH\Controllers\Tbuser.php on line 448.
 1 SYSTEMPATH\CodeIgniter.php(904): App\Controllers\Tbuser->formakses()
 2 SYSTEMPATH\CodeIgniter.php(457): CodeIgniter\CodeIgniter->runController(Object(App\Controllers\Tbuser))
 3 SYSTEMPATH\CodeIgniter.php(340): CodeIgniter\CodeIgniter->handleRequest(null, Object(Config\Cache), false)
 4 FCPATH\index.php(67): CodeIgniter\CodeIgniter->run()
 5 SYSTEMPATH\Commands\Server\rewrite.php(43): require_once('FCPATH\\index.php')
CRITICAL - 2023-01-21 13:55:19 --> Call to a member function find() on null
in APPPATH\Controllers\Tbuser.php on line 448.
 1 SYSTEMPATH\CodeIgniter.php(904): App\Controllers\Tbuser->formakses()
 2 SYSTEMPATH\CodeIgniter.php(457): CodeIgniter\CodeIgniter->runController(Object(App\Controllers\Tbuser))
 3 SYSTEMPATH\CodeIgniter.php(340): CodeIgniter\CodeIgniter->handleRequest(null, Object(Config\Cache), false)
 4 FCPATH\index.php(67): CodeIgniter\CodeIgniter->run()
 5 SYSTEMPATH\Commands\Server\rewrite.php(43): require_once('FCPATH\\index.php')
CRITICAL - 2023-01-21 13:55:20 --> Call to a member function find() on null
in APPPATH\Controllers\Tbuser.php on line 448.
 1 SYSTEMPATH\CodeIgniter.php(904): App\Controllers\Tbuser->formakses()
 2 SYSTEMPATH\CodeIgniter.php(457): CodeIgniter\CodeIgniter->runController(Object(App\Controllers\Tbuser))
 3 SYSTEMPATH\CodeIgniter.php(340): CodeIgniter\CodeIgniter->handleRequest(null, Object(Config\Cache), false)
 4 FCPATH\index.php(67): CodeIgniter\CodeIgniter->run()
 5 SYSTEMPATH\Commands\Server\rewrite.php(43): require_once('FCPATH\\index.php')
CRITICAL - 2023-01-21 13:55:20 --> Call to a member function find() on null
in APPPATH\Controllers\Tbuser.php on line 448.
 1 SYSTEMPATH\CodeIgniter.php(904): App\Controllers\Tbuser->formakses()
 2 SYSTEMPATH\CodeIgniter.php(457): CodeIgniter\CodeIgniter->runController(Object(App\Controllers\Tbuser))
 3 SYSTEMPATH\CodeIgniter.php(340): CodeIgniter\CodeIgniter->handleRequest(null, Object(Config\Cache), false)
 4 FCPATH\index.php(67): CodeIgniter\CodeIgniter->run()
 5 SYSTEMPATH\Commands\Server\rewrite.php(43): require_once('FCPATH\\index.php')
CRITICAL - 2023-01-21 13:55:21 --> Call to a member function find() on null
in APPPATH\Controllers\Tbuser.php on line 448.
 1 SYSTEMPATH\CodeIgniter.php(904): App\Controllers\Tbuser->formakses()
 2 SYSTEMPATH\CodeIgniter.php(457): CodeIgniter\CodeIgniter->runController(Object(App\Controllers\Tbuser))
 3 SYSTEMPATH\CodeIgniter.php(340): CodeIgniter\CodeIgniter->handleRequest(null, Object(Config\Cache), false)
 4 FCPATH\index.php(67): CodeIgniter\CodeIgniter->run()
 5 SYSTEMPATH\Commands\Server\rewrite.php(43): require_once('FCPATH\\index.php')
CRITICAL - 2023-01-21 13:55:22 --> Call to a member function find() on null
in APPPATH\Controllers\Tbuser.php on line 82.
 1 SYSTEMPATH\CodeIgniter.php(904): App\Controllers\Tbuser->formdetail()
 2 SYSTEMPATH\CodeIgniter.php(457): CodeIgniter\CodeIgniter->runController(Object(App\Controllers\Tbuser))
 3 SYSTEMPATH\CodeIgniter.php(340): CodeIgniter\CodeIgniter->handleRequest(null, Object(Config\Cache), false)
 4 FCPATH\index.php(67): CodeIgniter\CodeIgniter->run()
 5 SYSTEMPATH\Commands\Server\rewrite.php(43): require_once('FCPATH\\index.php')
CRITICAL - 2023-01-21 13:55:26 --> Call to a member function find() on null
in APPPATH\Controllers\Tbuser.php on line 82.
 1 SYSTEMPATH\CodeIgniter.php(904): App\Controllers\Tbuser->formdetail()
 2 SYSTEMPATH\CodeIgniter.php(457): CodeIgniter\CodeIgniter->runController(Object(App\Controllers\Tbuser))
 3 SYSTEMPATH\CodeIgniter.php(340): CodeIgniter\CodeIgniter->handleRequest(null, Object(Config\Cache), false)
 4 FCPATH\index.php(67): CodeIgniter\CodeIgniter->run()
 5 SYSTEMPATH\Commands\Server\rewrite.php(43): require_once('FCPATH\\index.php')
CRITICAL - 2023-01-21 13:55:28 --> Call to a member function find() on null
in APPPATH\Controllers\Tbuser.php on line 256.
 1 SYSTEMPATH\CodeIgniter.php(904): App\Controllers\Tbuser->formedit()
 2 SYSTEMPATH\CodeIgniter.php(457): CodeIgniter\CodeIgniter->runController(Object(App\Controllers\Tbuser))
 3 SYSTEMPATH\CodeIgniter.php(340): CodeIgniter\CodeIgniter->handleRequest(null, Object(Config\Cache), false)
 4 FCPATH\index.php(67): CodeIgniter\CodeIgniter->run()
 5 SYSTEMPATH\Commands\Server\rewrite.php(43): require_once('FCPATH\\index.php')
CRITICAL - 2023-01-21 13:55:31 --> Call to a member function find() on null
in APPPATH\Controllers\Tbuser.php on line 256.
 1 SYSTEMPATH\CodeIgniter.php(904): App\Controllers\Tbuser->formedit()
 2 SYSTEMPATH\CodeIgniter.php(457): CodeIgniter\CodeIgniter->runController(Object(App\Controllers\Tbuser))
 3 SYSTEMPATH\CodeIgniter.php(340): CodeIgniter\CodeIgniter->handleRequest(null, Object(Config\Cache), false)
 4 FCPATH\index.php(67): CodeIgniter\CodeIgniter->run()
 5 SYSTEMPATH\Commands\Server\rewrite.php(43): require_once('FCPATH\\index.php')
CRITICAL - 2023-01-21 14:04:50 --> Invalid file: backup.php
in SYSTEMPATH\Exceptions\FrameworkException.php on line 33.
 1 SYSTEMPATH\View\View.php(201): CodeIgniter\Exceptions\FrameworkException::forInvalidFile('backup.php')
 2 SYSTEMPATH\Common.php(1142): CodeIgniter\View\View->render('backup', [], true)
 3 APPPATH\Controllers\Tbuser.php(584): view('backup')
 4 SYSTEMPATH\CodeIgniter.php(904): App\Controllers\Tbuser->backup()
 5 SYSTEMPATH\CodeIgniter.php(457): CodeIgniter\CodeIgniter->runController(Object(App\Controllers\Tbuser))
 6 SYSTEMPATH\CodeIgniter.php(340): CodeIgniter\CodeIgniter->handleRequest(null, Object(Config\Cache), false)
 7 FCPATH\index.php(67): CodeIgniter\CodeIgniter->run()
 8 SYSTEMPATH\Commands\Server\rewrite.php(43): require_once('FCPATH\\index.php')
CRITICAL - 2023-01-21 14:05:10 --> Undefined variable $title
in APPPATH\Views\tbuser\backup.php on line 6.
 1 APPPATH\Views\tbuser\backup.php(6): CodeIgniter\Debug\Exceptions->errorHandler(2, 'Undefined variable $title', 'APPPATH\\Views\\tbuser\\backup.php', 6)
 2 SYSTEMPATH\View\View.php(213): include('APPPATH\\Views\\tbuser\\backup.php')
 3 SYSTEMPATH\View\View.php(216): CodeIgniter\View\View->CodeIgniter\View\{closure}()
 4 SYSTEMPATH\Common.php(1142): CodeIgniter\View\View->render('/tbuser/backup', [], true)
 5 APPPATH\Controllers\Tbuser.php(584): view('/tbuser/backup')
 6 SYSTEMPATH\CodeIgniter.php(904): App\Controllers\Tbuser->backup()
 7 SYSTEMPATH\CodeIgniter.php(457): CodeIgniter\CodeIgniter->runController(Object(App\Controllers\Tbuser))
 8 SYSTEMPATH\CodeIgniter.php(340): CodeIgniter\CodeIgniter->handleRequest(null, Object(Config\Cache), false)
 9 FCPATH\index.php(67): CodeIgniter\CodeIgniter->run()
10 SYSTEMPATH\Commands\Server\rewrite.php(43): require_once('FCPATH\\index.php')
CRITICAL - 2023-01-21 14:09:19 --> Undefined variable $tambah
in APPPATH\Views\tbuser\backup.php on line 20.
 1 APPPATH\Views\tbuser\backup.php(20): CodeIgniter\Debug\Exceptions->errorHandler(2, 'Undefined variable $tambah', 'APPPATH\\Views\\tbuser\\backup.php', 20)
 2 SYSTEMPATH\View\View.php(213): include('APPPATH\\Views\\tbuser\\backup.php')
 3 SYSTEMPATH\View\View.php(216): CodeIgniter\View\View->CodeIgniter\View\{closure}()
 4 SYSTEMPATH\Common.php(1142): CodeIgniter\View\View->render('tbuser/backup', [], true)
 5 APPPATH\Controllers\Tbuser.php(590): view('tbuser/backup', [...])
 6 SYSTEMPATH\CodeIgniter.php(904): App\Controllers\Tbuser->backup()
 7 SYSTEMPATH\CodeIgniter.php(457): CodeIgniter\CodeIgniter->runController(Object(App\Controllers\Tbuser))
 8 SYSTEMPATH\CodeIgniter.php(340): CodeIgniter\CodeIgniter->handleRequest(null, Object(Config\Cache), false)
 9 FCPATH\index.php(67): CodeIgniter\CodeIgniter->run()
10 SYSTEMPATH\Commands\Server\rewrite.php(43): require_once('FCPATH\\index.php')
CRITICAL - 2023-01-21 14:36:19 --> Call to undefined function App\Controllers\write_file()
in APPPATH\Controllers\Backup.php on line 17.
 1 SYSTEMPATH\CodeIgniter.php(904): App\Controllers\Backup->index()
 2 SYSTEMPATH\CodeIgniter.php(457): CodeIgniter\CodeIgniter->runController(Object(App\Controllers\Backup))
 3 SYSTEMPATH\CodeIgniter.php(340): CodeIgniter\CodeIgniter->handleRequest(null, Object(Config\Cache), false)
 4 FCPATH\index.php(67): CodeIgniter\CodeIgniter->run()
 5 SYSTEMPATH\Commands\Server\rewrite.php(43): require_once('FCPATH\\index.php')
CRITICAL - 2023-01-21 14:37:37 --> Call to undefined function App\Controllers\write_file()
in APPPATH\Controllers\Backup.php on line 17.
 1 SYSTEMPATH\CodeIgniter.php(904): App\Controllers\Backup->index()
 2 SYSTEMPATH\CodeIgniter.php(457): CodeIgniter\CodeIgniter->runController(Object(App\Controllers\Backup))
 3 SYSTEMPATH\CodeIgniter.php(340): CodeIgniter\CodeIgniter->handleRequest(null, Object(Config\Cache), false)
 4 FCPATH\index.php(67): CodeIgniter\CodeIgniter->run()
 5 SYSTEMPATH\Commands\Server\rewrite.php(43): require_once('FCPATH\\index.php')
CRITICAL - 2023-01-21 14:45:17 --> Call to undefined function App\Controllers\write_file()
in APPPATH\Controllers\Tbuser.php on line 602.
 1 SYSTEMPATH\CodeIgniter.php(904): App\Controllers\Tbuser->proses_backup()
 2 SYSTEMPATH\CodeIgniter.php(457): CodeIgniter\CodeIgniter->runController(Object(App\Controllers\Tbuser))
 3 SYSTEMPATH\CodeIgniter.php(340): CodeIgniter\CodeIgniter->handleRequest(null, Object(Config\Cache), false)
 4 FCPATH\index.php(67): CodeIgniter\CodeIgniter->run()
 5 SYSTEMPATH\Commands\Server\rewrite.php(43): require_once('FCPATH\\index.php')
CRITICAL - 2023-01-21 14:49:03 --> Call to undefined function App\Controllers\write_file()
in APPPATH\Controllers\Tbuser.php on line 604.
 1 SYSTEMPATH\CodeIgniter.php(904): App\Controllers\Tbuser->proses_backup()
 2 SYSTEMPATH\CodeIgniter.php(457): CodeIgniter\CodeIgniter->runController(Object(App\Controllers\Tbuser))
 3 SYSTEMPATH\CodeIgniter.php(340): CodeIgniter\CodeIgniter->handleRequest(null, Object(Config\Cache), false)
 4 FCPATH\index.php(67): CodeIgniter\CodeIgniter->run()
 5 SYSTEMPATH\Commands\Server\rewrite.php(43): require_once('FCPATH\\index.php')
CRITICAL - 2023-01-21 14:49:46 --> Call to undefined function App\Controllers\write_file()
in APPPATH\Controllers\Tbuser.php on line 604.
 1 SYSTEMPATH\CodeIgniter.php(904): App\Controllers\Tbuser->proses_backup()
 2 SYSTEMPATH\CodeIgniter.php(457): CodeIgniter\CodeIgniter->runController(Object(App\Controllers\Tbuser))
 3 SYSTEMPATH\CodeIgniter.php(340): CodeIgniter\CodeIgniter->handleRequest(null, Object(Config\Cache), false)
 4 FCPATH\index.php(67): CodeIgniter\CodeIgniter->run()
 5 SYSTEMPATH\Commands\Server\rewrite.php(43): require_once('FCPATH\\index.php')
CRITICAL - 2023-01-21 14:50:28 --> Call to undefined function App\Controllers\write_file()
in APPPATH\Controllers\Tbuser.php on line 604.
 1 SYSTEMPATH\CodeIgniter.php(904): App\Controllers\Tbuser->proses_backup()
 2 SYSTEMPATH\CodeIgniter.php(457): CodeIgniter\CodeIgniter->runController(Object(App\Controllers\Tbuser))
 3 SYSTEMPATH\CodeIgniter.php(340): CodeIgniter\CodeIgniter->handleRequest(null, Object(Config\Cache), false)
 4 FCPATH\index.php(67): CodeIgniter\CodeIgniter->run()
 5 SYSTEMPATH\Commands\Server\rewrite.php(43): require_once('FCPATH\\index.php')
CRITICAL - 2023-01-21 14:53:49 --> Call to undefined function App\Controllers\write_file()
in APPPATH\Controllers\Tbuser.php on line 604.
 1 SYSTEMPATH\CodeIgniter.php(904): App\Controllers\Tbuser->proses_backup()
 2 SYSTEMPATH\CodeIgniter.php(457): CodeIgniter\CodeIgniter->runController(Object(App\Controllers\Tbuser))
 3 SYSTEMPATH\CodeIgniter.php(340): CodeIgniter\CodeIgniter->handleRequest(null, Object(Config\Cache), false)
 4 FCPATH\index.php(67): CodeIgniter\CodeIgniter->run()
 5 SYSTEMPATH\Commands\Server\rewrite.php(43): require_once('FCPATH\\index.php')
CRITICAL - 2023-01-21 14:54:59 --> filesize(): stat failed for ci4_21Jan2023_1454.sql
in APPPATH\Controllers\Tbuser.php on line 613.
 1 [internal function]: CodeIgniter\Debug\Exceptions->errorHandler(2, 'filesize(): stat failed for ci4_21Jan2023_1454.sql', 'APPPATH\\Controllers\\Tbuser.php', 613)
 2 APPPATH\Controllers\Tbuser.php(613): filesize('ci4_21Jan2023_1454.sql')
 3 SYSTEMPATH\CodeIgniter.php(904): App\Controllers\Tbuser->proses_backup()
 4 SYSTEMPATH\CodeIgniter.php(457): CodeIgniter\CodeIgniter->runController(Object(App\Controllers\Tbuser))
 5 SYSTEMPATH\CodeIgniter.php(340): CodeIgniter\CodeIgniter->handleRequest(null, Object(Config\Cache), false)
 6 FCPATH\index.php(67): CodeIgniter\CodeIgniter->run()
 7 SYSTEMPATH\Commands\Server\rewrite.php(43): require_once('FCPATH\\index.php')
CRITICAL - 2023-01-21 14:55:03 --> filesize(): stat failed for ci4_21Jan2023_1455.sql
in APPPATH\Controllers\Tbuser.php on line 613.
 1 [internal function]: CodeIgniter\Debug\Exceptions->errorHandler(2, 'filesize(): stat failed for ci4_21Jan2023_1455.sql', 'APPPATH\\Controllers\\Tbuser.php', 613)
 2 APPPATH\Controllers\Tbuser.php(613): filesize('ci4_21Jan2023_1455.sql')
 3 SYSTEMPATH\CodeIgniter.php(904): App\Controllers\Tbuser->proses_backup()
 4 SYSTEMPATH\CodeIgniter.php(457): CodeIgniter\CodeIgniter->runController(Object(App\Controllers\Tbuser))
 5 SYSTEMPATH\CodeIgniter.php(340): CodeIgniter\CodeIgniter->handleRequest(null, Object(Config\Cache), false)
 6 FCPATH\index.php(67): CodeIgniter\CodeIgniter->run()
 7 SYSTEMPATH\Commands\Server\rewrite.php(43): require_once('FCPATH\\index.php')
CRITICAL - 2023-01-21 14:55:11 --> filesize(): stat failed for ci4_21Jan2023_1455.sql
in APPPATH\Controllers\Tbuser.php on line 613.
 1 [internal function]: CodeIgniter\Debug\Exceptions->errorHandler(2, 'filesize(): stat failed for ci4_21Jan2023_1455.sql', 'APPPATH\\Controllers\\Tbuser.php', 613)
 2 APPPATH\Controllers\Tbuser.php(613): filesize('ci4_21Jan2023_1455.sql')
 3 SYSTEMPATH\CodeIgniter.php(904): App\Controllers\Tbuser->proses_backup()
 4 SYSTEMPATH\CodeIgniter.php(457): CodeIgniter\CodeIgniter->runController(Object(App\Controllers\Tbuser))
 5 SYSTEMPATH\CodeIgniter.php(340): CodeIgniter\CodeIgniter->handleRequest(null, Object(Config\Cache), false)
 6 FCPATH\index.php(67): CodeIgniter\CodeIgniter->run()
 7 SYSTEMPATH\Commands\Server\rewrite.php(43): require_once('FCPATH\\index.php')
CRITICAL - 2023-01-21 14:55:14 --> filesize(): stat failed for ci4_21Jan2023_1455.sql
in APPPATH\Controllers\Tbuser.php on line 613.
 1 [internal function]: CodeIgniter\Debug\Exceptions->errorHandler(2, 'filesize(): stat failed for ci4_21Jan2023_1455.sql', 'APPPATH\\Controllers\\Tbuser.php', 613)
 2 APPPATH\Controllers\Tbuser.php(613): filesize('ci4_21Jan2023_1455.sql')
 3 SYSTEMPATH\CodeIgniter.php(904): App\Controllers\Tbuser->proses_backup()
 4 SYSTEMPATH\CodeIgniter.php(457): CodeIgniter\CodeIgniter->runController(Object(App\Controllers\Tbuser))
 5 SYSTEMPATH\CodeIgniter.php(340): CodeIgniter\CodeIgniter->handleRequest(null, Object(Config\Cache), false)
 6 FCPATH\index.php(67): CodeIgniter\CodeIgniter->run()
 7 SYSTEMPATH\Commands\Server\rewrite.php(43): require_once('FCPATH\\index.php')
CRITICAL - 2023-01-21 14:59:47 --> filesize(): stat failed for ci4_21Jan2023_1459.sql
in APPPATH\Controllers\Tbuser.php on line 613.
 1 [internal function]: CodeIgniter\Debug\Exceptions->errorHandler(2, 'filesize(): stat failed for ci4_21Jan2023_1459.sql', 'APPPATH\\Controllers\\Tbuser.php', 613)
 2 APPPATH\Controllers\Tbuser.php(613): filesize('ci4_21Jan2023_1459.sql')
 3 SYSTEMPATH\CodeIgniter.php(904): App\Controllers\Tbuser->proses_backup()
 4 SYSTEMPATH\CodeIgniter.php(457): CodeIgniter\CodeIgniter->runController(Object(App\Controllers\Tbuser))
 5 SYSTEMPATH\CodeIgniter.php(340): CodeIgniter\CodeIgniter->handleRequest(null, Object(Config\Cache), false)
 6 FCPATH\index.php(67): CodeIgniter\CodeIgniter->run()
 7 SYSTEMPATH\Commands\Server\rewrite.php(43): require_once('FCPATH\\index.php')
CRITICAL - 2023-01-21 14:59:51 --> filesize(): stat failed for ci4_21Jan2023_1459.sql
in APPPATH\Controllers\Tbuser.php on line 613.
 1 [internal function]: CodeIgniter\Debug\Exceptions->errorHandler(2, 'filesize(): stat failed for ci4_21Jan2023_1459.sql', 'APPPATH\\Controllers\\Tbuser.php', 613)
 2 APPPATH\Controllers\Tbuser.php(613): filesize('ci4_21Jan2023_1459.sql')
 3 SYSTEMPATH\CodeIgniter.php(904): App\Controllers\Tbuser->proses_backup()
 4 SYSTEMPATH\CodeIgniter.php(457): CodeIgniter\CodeIgniter->runController(Object(App\Controllers\Tbuser))
 5 SYSTEMPATH\CodeIgniter.php(340): CodeIgniter\CodeIgniter->handleRequest(null, Object(Config\Cache), false)
 6 FCPATH\index.php(67): CodeIgniter\CodeIgniter->run()
 7 SYSTEMPATH\Commands\Server\rewrite.php(43): require_once('FCPATH\\index.php')
CRITICAL - 2023-01-21 14:59:59 --> filesize(): stat failed for ci4_21Jan2023_1459.sql
in APPPATH\Controllers\Tbuser.php on line 613.
 1 [internal function]: CodeIgniter\Debug\Exceptions->errorHandler(2, 'filesize(): stat failed for ci4_21Jan2023_1459.sql', 'APPPATH\\Controllers\\Tbuser.php', 613)
 2 APPPATH\Controllers\Tbuser.php(613): filesize('ci4_21Jan2023_1459.sql')
 3 SYSTEMPATH\CodeIgniter.php(904): App\Controllers\Tbuser->proses_backup()
 4 SYSTEMPATH\CodeIgniter.php(457): CodeIgniter\CodeIgniter->runController(Object(App\Controllers\Tbuser))
 5 SYSTEMPATH\CodeIgniter.php(340): CodeIgniter\CodeIgniter->handleRequest(null, Object(Config\Cache), false)
 6 FCPATH\index.php(67): CodeIgniter\CodeIgniter->run()
 7 SYSTEMPATH\Commands\Server\rewrite.php(43): require_once('FCPATH\\index.php')
CRITICAL - 2023-01-21 15:00:49 --> File not found: D:/TEMP/ci4_21Jan2023_1500.sql.gz
in SYSTEMPATH\Files\File.php on line 46.
 1 SYSTEMPATH\Files\File.php(46): CodeIgniter\Files\Exceptions\FileNotFoundException::forFileNotFound('D:/TEMP/ci4_21Jan2023_1500.sql.gz')
 2 SYSTEMPATH\HTTP\DownloadResponse.php(97): CodeIgniter\Files\File->__construct('D:/TEMP/ci4_21Jan2023_1500.sql.gz', true)
 3 SYSTEMPATH\HTTP\ResponseTrait.php(781): CodeIgniter\HTTP\DownloadResponse->setFilePath('D:/TEMP/ci4_21Jan2023_1500.sql.gz')
 4 APPPATH\Controllers\Tbuser.php(605): CodeIgniter\HTTP\Response->download('ci4_21Jan2023_1500.sql.gz', null)
 5 SYSTEMPATH\CodeIgniter.php(904): App\Controllers\Tbuser->proses_backup()
 6 SYSTEMPATH\CodeIgniter.php(457): CodeIgniter\CodeIgniter->runController(Object(App\Controllers\Tbuser))
 7 SYSTEMPATH\CodeIgniter.php(340): CodeIgniter\CodeIgniter->handleRequest(null, Object(Config\Cache), false)
 8 FCPATH\index.php(67): CodeIgniter\CodeIgniter->run()
 9 SYSTEMPATH\Commands\Server\rewrite.php(43): require_once('FCPATH\\index.php')
CRITICAL - 2023-01-21 15:05:06 --> Call to undefined function App\Controllers\write_file()
in APPPATH\Controllers\Tbuser.php on line 604.
 1 SYSTEMPATH\CodeIgniter.php(904): App\Controllers\Tbuser->proses_backup()
 2 SYSTEMPATH\CodeIgniter.php(457): CodeIgniter\CodeIgniter->runController(Object(App\Controllers\Tbuser))
 3 SYSTEMPATH\CodeIgniter.php(340): CodeIgniter\CodeIgniter->handleRequest(null, Object(Config\Cache), false)
 4 FCPATH\index.php(67): CodeIgniter\CodeIgniter->run()
 5 SYSTEMPATH\Commands\Server\rewrite.php(43): require_once('FCPATH\\index.php')
CRITICAL - 2023-01-21 15:07:29 --> Call to undefined function App\Controllers\write_file()
in APPPATH\Controllers\Tbuser.php on line 604.
 1 SYSTEMPATH\CodeIgniter.php(904): App\Controllers\Tbuser->proses_backup()
 2 SYSTEMPATH\CodeIgniter.php(457): CodeIgniter\CodeIgniter->runController(Object(App\Controllers\Tbuser))
 3 SYSTEMPATH\CodeIgniter.php(340): CodeIgniter\CodeIgniter->handleRequest(null, Object(Config\Cache), false)
 4 FCPATH\index.php(67): CodeIgniter\CodeIgniter->run()
 5 SYSTEMPATH\Commands\Server\rewrite.php(43): require_once('FCPATH\\index.php')
