ERROR - 2023-03-25 13:08:59 --> mysqli_sql_exception: Column 'valid' cannot be null in D:\xampp\htdocs\bp\system\Database\MySQLi\Connection.php:292
Stack trace:
#0 D:\xampp\htdocs\bp\system\Database\MySQLi\Connection.php(292): mysqli->query('INSERT INTO `me...', 0)
#1 D:\xampp\htdocs\bp\system\Database\BaseConnection.php(693): CodeIgniter\Database\MySQLi\Connection->execute('INSERT INTO `me...')
#2 D:\xampp\htdocs\bp\system\Database\BaseConnection.php(620): CodeIgniter\Database\BaseConnection->simpleQuery('INSERT INTO `me...')
#3 D:\xampp\htdocs\bp\system\Database\BaseBuilder.php(1916): CodeIgniter\Database\BaseConnection->query('INSERT INTO `me...', Array, false)
#4 D:\xampp\htdocs\bp\system\Model.php(279): CodeIgniter\Database\BaseBuilder->insert()
#5 D:\xampp\htdocs\bp\system\BaseModel.php(738): CodeIgniter\Model->doInsert(Array)
#6 D:\xampp\htdocs\bp\system\Model.php(667): CodeIgniter\BaseModel->insert(Array, true)
#7 D:\xampp\htdocs\bp\app\Controllers\Memombr.php(206): CodeIgniter\Model->insert(Array)
#8 D:\xampp\htdocs\bp\system\CodeIgniter.php(904): App\Controllers\Memombr->simpandata()
#9 D:\xampp\htdocs\bp\system\CodeIgniter.php(457): CodeIgniter\CodeIgniter->runController(Object(App\Controllers\Memombr))
#10 D:\xampp\htdocs\bp\system\CodeIgniter.php(340): CodeIgniter\CodeIgniter->handleRequest(NULL, Object(Config\Cache), false)
#11 D:\xampp\htdocs\bp\public\index.php(67): CodeIgniter\CodeIgniter->run()
#12 D:\xampp\htdocs\bp\system\Commands\Server\rewrite.php(43): require_once('D:\\xampp\\htdocs...')
#13 {main}
CRITICAL - 2023-03-25 13:08:59 --> Column 'valid' cannot be null
in SYSTEMPATH\Database\MySQLi\Connection.php on line 292.
 1 SYSTEMPATH\Database\MySQLi\Connection.php(292): mysqli->query('INSERT INTO `memombr` (`nomemo`, `tanggal`, `nospk`, `norangka`, `nomesin`, `kdmerek`, `kdmodel`, `kdtipe`, `kdwarna`, `tahun`, `pembayaran`, `kdleasing`, `lama_kredit`, `asuransi`, `kdasuransi`, `pembeli`, `penjualan`, `disc_team_harga`, `booking_fee`, `kaca_film`, `kdsales`, `status_sales`, `kdspv`, `kdcust`, `alamat`, `kelurahan`, `kecamatan`, `kota`, `provinsi`, `kodepos`, `kdcust_stnk`, `nmcust_stnk`, `alm_stnk`, `kel_stnk`, `kec_stnk`, `kota_stnk`, `provinsi_stnk`, `kodepos_stnk`, `valid`, `batal`, `user`, `created_at`, `updated_at`) VALUES (\'MM20230300001\', \'2023-03-25T13:08:46\', \'\', \'\', \'\', \'\', \'\', \'\', \'\', \'\', \'\', \'L20230300001\', \'\', \'COVER\', \'\', \'Non GSO\', \'On The Road\', \'\', \'\', \'\', \'\', \'\', \'\', \'\', \'\', \'\', \'\', \'\', \'\', \'\', \'\', \'\', \'\', \'\', \'\', \'\', \'\', \'\', NULL, NULL, \'Edit-Murod-25-03-2023 13:08:59\', \'2023-03-25 13:08:59\', \'2023-03-25 13:08:59\')', 0)
 2 SYSTEMPATH\Database\BaseConnection.php(693): CodeIgniter\Database\MySQLi\Connection->execute('INSERT INTO `memombr` (`nomemo`, `tanggal`, `nospk`, `norangka`, `nomesin`, `kdmerek`, `kdmodel`, `kdtipe`, `kdwarna`, `tahun`, `pembayaran`, `kdleasing`, `lama_kredit`, `asuransi`, `kdasuransi`, `pembeli`, `penjualan`, `disc_team_harga`, `booking_fee`, `kaca_film`, `kdsales`, `status_sales`, `kdspv`, `kdcust`, `alamat`, `kelurahan`, `kecamatan`, `kota`, `provinsi`, `kodepos`, `kdcust_stnk`, `nmcust_stnk`, `alm_stnk`, `kel_stnk`, `kec_stnk`, `kota_stnk`, `provinsi_stnk`, `kodepos_stnk`, `valid`, `batal`, `user`, `created_at`, `updated_at`) VALUES (\'MM20230300001\', \'2023-03-25T13:08:46\', \'\', \'\', \'\', \'\', \'\', \'\', \'\', \'\', \'\', \'L20230300001\', \'\', \'COVER\', \'\', \'Non GSO\', \'On The Road\', \'\', \'\', \'\', \'\', \'\', \'\', \'\', \'\', \'\', \'\', \'\', \'\', \'\', \'\', \'\', \'\', \'\', \'\', \'\', \'\', \'\', NULL, NULL, \'Edit-Murod-25-03-2023 13:08:59\', \'2023-03-25 13:08:59\', \'2023-03-25 13:08:59\')')
 3 SYSTEMPATH\Database\BaseConnection.php(620): CodeIgniter\Database\BaseConnection->simpleQuery('INSERT INTO `memombr` (`nomemo`, `tanggal`, `nospk`, `norangka`, `nomesin`, `kdmerek`, `kdmodel`, `kdtipe`, `kdwarna`, `tahun`, `pembayaran`, `kdleasing`, `lama_kredit`, `asuransi`, `kdasuransi`, `pembeli`, `penjualan`, `disc_team_harga`, `booking_fee`, `kaca_film`, `kdsales`, `status_sales`, `kdspv`, `kdcust`, `alamat`, `kelurahan`, `kecamatan`, `kota`, `provinsi`, `kodepos`, `kdcust_stnk`, `nmcust_stnk`, `alm_stnk`, `kel_stnk`, `kec_stnk`, `kota_stnk`, `provinsi_stnk`, `kodepos_stnk`, `valid`, `batal`, `user`, `created_at`, `updated_at`) VALUES (\'MM20230300001\', \'2023-03-25T13:08:46\', \'\', \'\', \'\', \'\', \'\', \'\', \'\', \'\', \'\', \'L20230300001\', \'\', \'COVER\', \'\', \'Non GSO\', \'On The Road\', \'\', \'\', \'\', \'\', \'\', \'\', \'\', \'\', \'\', \'\', \'\', \'\', \'\', \'\', \'\', \'\', \'\', \'\', \'\', \'\', \'\', NULL, NULL, \'Edit-Murod-25-03-2023 13:08:59\', \'2023-03-25 13:08:59\', \'2023-03-25 13:08:59\')')
 4 SYSTEMPATH\Database\BaseBuilder.php(1916): CodeIgniter\Database\BaseConnection->query('INSERT INTO `memombr` (`nomemo`, `tanggal`, `nospk`, `norangka`, `nomesin`, `kdmerek`, `kdmodel`, `kdtipe`, `kdwarna`, `tahun`, `pembayaran`, `kdleasing`, `lama_kredit`, `asuransi`, `kdasuransi`, `pembeli`, `penjualan`, `disc_team_harga`, `booking_fee`, `kaca_film`, `kdsales`, `status_sales`, `kdspv`, `kdcust`, `alamat`, `kelurahan`, `kecamatan`, `kota`, `provinsi`, `kodepos`, `kdcust_stnk`, `nmcust_stnk`, `alm_stnk`, `kel_stnk`, `kec_stnk`, `kota_stnk`, `provinsi_stnk`, `kodepos_stnk`, `valid`, `batal`, `user`, `created_at`, `updated_at`) VALUES (:nomemo:, :tanggal:, :nospk:, :norangka:, :nomesin:, :kdmerek:, :kdmodel:, :kdtipe:, :kdwarna:, :tahun:, :pembayaran:, :kdleasing:, :lama_kredit:, :asuransi:, :kdasuransi:, :pembeli:, :penjualan:, :disc_team_harga:, :booking_fee:, :kaca_film:, :kdsales:, :status_sales:, :kdspv:, :kdcust:, :alamat:, :kelurahan:, :kecamatan:, :kota:, :provinsi:, :kodepos:, :kdcust_stnk:, :nmcust_stnk:, :alm_stnk:, :kel_stnk:, :kec_stnk:, :kota_stnk:, :provinsi_stnk:, :kodepos_stnk:, :valid:, :batal:, :user:, :created_at:, :updated_at:)', [...], false)
 5 SYSTEMPATH\Model.php(279): CodeIgniter\Database\BaseBuilder->insert()
 6 SYSTEMPATH\BaseModel.php(738): CodeIgniter\Model->doInsert([...])
 7 SYSTEMPATH\Model.php(667): CodeIgniter\BaseModel->insert([...], true)
 8 APPPATH\Controllers\Memombr.php(206): CodeIgniter\Model->insert([...])
 9 SYSTEMPATH\CodeIgniter.php(904): App\Controllers\Memombr->simpandata()
10 SYSTEMPATH\CodeIgniter.php(457): CodeIgniter\CodeIgniter->runController(Object(App\Controllers\Memombr))
11 SYSTEMPATH\CodeIgniter.php(340): CodeIgniter\CodeIgniter->handleRequest(null, Object(Config\Cache), false)
12 FCPATH\index.php(67): CodeIgniter\CodeIgniter->run()
13 SYSTEMPATH\Commands\Server\rewrite.php(43): require_once('FCPATH\\index.php')
CRITICAL - 2023-03-25 13:19:36 --> Undefined array key "kdasuransi"
in APPPATH\Controllers\Memombr.php on line 823.
 1 APPPATH\Controllers\Memombr.php(823): CodeIgniter\Debug\Exceptions->errorHandler(2, 'Undefined array key "kdasuransi"', 'APPPATH\\Controllers\\Memombr.php', 823)
 2 SYSTEMPATH\CodeIgniter.php(904): App\Controllers\Memombr->repl_asuransi()
 3 SYSTEMPATH\CodeIgniter.php(457): CodeIgniter\CodeIgniter->runController(Object(App\Controllers\Memombr))
 4 SYSTEMPATH\CodeIgniter.php(340): CodeIgniter\CodeIgniter->handleRequest(null, Object(Config\Cache), false)
 5 FCPATH\index.php(67): CodeIgniter\CodeIgniter->run()
 6 SYSTEMPATH\Commands\Server\rewrite.php(43): require_once('FCPATH\\index.php')
CRITICAL - 2023-03-25 13:19:43 --> Undefined array key "kdasuransi"
in APPPATH\Controllers\Memombr.php on line 823.
 1 APPPATH\Controllers\Memombr.php(823): CodeIgniter\Debug\Exceptions->errorHandler(2, 'Undefined array key "kdasuransi"', 'APPPATH\\Controllers\\Memombr.php', 823)
 2 SYSTEMPATH\CodeIgniter.php(904): App\Controllers\Memombr->repl_asuransi()
 3 SYSTEMPATH\CodeIgniter.php(457): CodeIgniter\CodeIgniter->runController(Object(App\Controllers\Memombr))
 4 SYSTEMPATH\CodeIgniter.php(340): CodeIgniter\CodeIgniter->handleRequest(null, Object(Config\Cache), false)
 5 FCPATH\index.php(67): CodeIgniter\CodeIgniter->run()
 6 SYSTEMPATH\Commands\Server\rewrite.php(43): require_once('FCPATH\\index.php')
ERROR - 2023-03-25 13:24:12 --> mysqli_sql_exception: Column 'batal' cannot be null in D:\xampp\htdocs\bp\system\Database\MySQLi\Connection.php:292
Stack trace:
#0 D:\xampp\htdocs\bp\system\Database\MySQLi\Connection.php(292): mysqli->query('INSERT INTO `me...', 0)
#1 D:\xampp\htdocs\bp\system\Database\BaseConnection.php(693): CodeIgniter\Database\MySQLi\Connection->execute('INSERT INTO `me...')
#2 D:\xampp\htdocs\bp\system\Database\BaseConnection.php(620): CodeIgniter\Database\BaseConnection->simpleQuery('INSERT INTO `me...')
#3 D:\xampp\htdocs\bp\system\Database\BaseBuilder.php(1916): CodeIgniter\Database\BaseConnection->query('INSERT INTO `me...', Array, false)
#4 D:\xampp\htdocs\bp\system\Model.php(279): CodeIgniter\Database\BaseBuilder->insert()
#5 D:\xampp\htdocs\bp\system\BaseModel.php(738): CodeIgniter\Model->doInsert(Array)
#6 D:\xampp\htdocs\bp\system\Model.php(667): CodeIgniter\BaseModel->insert(Array, true)
#7 D:\xampp\htdocs\bp\app\Controllers\Memombr.php(205): CodeIgniter\Model->insert(Array)
#8 D:\xampp\htdocs\bp\system\CodeIgniter.php(904): App\Controllers\Memombr->simpandata()
#9 D:\xampp\htdocs\bp\system\CodeIgniter.php(457): CodeIgniter\CodeIgniter->runController(Object(App\Controllers\Memombr))
#10 D:\xampp\htdocs\bp\system\CodeIgniter.php(340): CodeIgniter\CodeIgniter->handleRequest(NULL, Object(Config\Cache), false)
#11 D:\xampp\htdocs\bp\public\index.php(67): CodeIgniter\CodeIgniter->run()
#12 D:\xampp\htdocs\bp\system\Commands\Server\rewrite.php(43): require_once('D:\\xampp\\htdocs...')
#13 {main}
CRITICAL - 2023-03-25 13:24:12 --> Column 'batal' cannot be null
in SYSTEMPATH\Database\MySQLi\Connection.php on line 292.
 1 SYSTEMPATH\Database\MySQLi\Connection.php(292): mysqli->query('INSERT INTO `memombr` (`nomemo`, `tanggal`, `nospk`, `norangka`, `nomesin`, `kdmerek`, `kdmodel`, `kdtipe`, `kdwarna`, `tahun`, `pembayaran`, `kdleasing`, `lama_kredit`, `asuransi`, `kdasuransi`, `pembeli`, `penjualan`, `disc_team_harga`, `booking_fee`, `kaca_film`, `kdsales`, `status_sales`, `kdspv`, `kdcust`, `alamat`, `kelurahan`, `kecamatan`, `kota`, `provinsi`, `kodepos`, `kdcust_stnk`, `nmcust_stnk`, `alm_stnk`, `kel_stnk`, `kec_stnk`, `kota_stnk`, `provinsi_stnk`, `kodepos_stnk`, `batal`, `user`, `created_at`, `updated_at`) VALUES (\'MM20230300001\', \'2023-03-25T13:21:15\', \'\', \'\', \'\', \'\', \'\', \'\', \'\', \'\', \'\', \'L20230300001\', \'\', \'COVER\', \'S20230300001\', \'Non GSO\', \'On The Road\', \'\', \'\', \'\', \'\', \'\', \'\', \'\', \'\', \'\', \'\', \'\', \'\', \'\', \'\', \'\', \'\', \'\', \'\', \'\', \'\', \'\', NULL, \'Edit-Murod-25-03-2023 13:24:12\', \'2023-03-25 13:24:12\', \'2023-03-25 13:24:12\')', 0)
 2 SYSTEMPATH\Database\BaseConnection.php(693): CodeIgniter\Database\MySQLi\Connection->execute('INSERT INTO `memombr` (`nomemo`, `tanggal`, `nospk`, `norangka`, `nomesin`, `kdmerek`, `kdmodel`, `kdtipe`, `kdwarna`, `tahun`, `pembayaran`, `kdleasing`, `lama_kredit`, `asuransi`, `kdasuransi`, `pembeli`, `penjualan`, `disc_team_harga`, `booking_fee`, `kaca_film`, `kdsales`, `status_sales`, `kdspv`, `kdcust`, `alamat`, `kelurahan`, `kecamatan`, `kota`, `provinsi`, `kodepos`, `kdcust_stnk`, `nmcust_stnk`, `alm_stnk`, `kel_stnk`, `kec_stnk`, `kota_stnk`, `provinsi_stnk`, `kodepos_stnk`, `batal`, `user`, `created_at`, `updated_at`) VALUES (\'MM20230300001\', \'2023-03-25T13:21:15\', \'\', \'\', \'\', \'\', \'\', \'\', \'\', \'\', \'\', \'L20230300001\', \'\', \'COVER\', \'S20230300001\', \'Non GSO\', \'On The Road\', \'\', \'\', \'\', \'\', \'\', \'\', \'\', \'\', \'\', \'\', \'\', \'\', \'\', \'\', \'\', \'\', \'\', \'\', \'\', \'\', \'\', NULL, \'Edit-Murod-25-03-2023 13:24:12\', \'2023-03-25 13:24:12\', \'2023-03-25 13:24:12\')')
 3 SYSTEMPATH\Database\BaseConnection.php(620): CodeIgniter\Database\BaseConnection->simpleQuery('INSERT INTO `memombr` (`nomemo`, `tanggal`, `nospk`, `norangka`, `nomesin`, `kdmerek`, `kdmodel`, `kdtipe`, `kdwarna`, `tahun`, `pembayaran`, `kdleasing`, `lama_kredit`, `asuransi`, `kdasuransi`, `pembeli`, `penjualan`, `disc_team_harga`, `booking_fee`, `kaca_film`, `kdsales`, `status_sales`, `kdspv`, `kdcust`, `alamat`, `kelurahan`, `kecamatan`, `kota`, `provinsi`, `kodepos`, `kdcust_stnk`, `nmcust_stnk`, `alm_stnk`, `kel_stnk`, `kec_stnk`, `kota_stnk`, `provinsi_stnk`, `kodepos_stnk`, `batal`, `user`, `created_at`, `updated_at`) VALUES (\'MM20230300001\', \'2023-03-25T13:21:15\', \'\', \'\', \'\', \'\', \'\', \'\', \'\', \'\', \'\', \'L20230300001\', \'\', \'COVER\', \'S20230300001\', \'Non GSO\', \'On The Road\', \'\', \'\', \'\', \'\', \'\', \'\', \'\', \'\', \'\', \'\', \'\', \'\', \'\', \'\', \'\', \'\', \'\', \'\', \'\', \'\', \'\', NULL, \'Edit-Murod-25-03-2023 13:24:12\', \'2023-03-25 13:24:12\', \'2023-03-25 13:24:12\')')
 4 SYSTEMPATH\Database\BaseBuilder.php(1916): CodeIgniter\Database\BaseConnection->query('INSERT INTO `memombr` (`nomemo`, `tanggal`, `nospk`, `norangka`, `nomesin`, `kdmerek`, `kdmodel`, `kdtipe`, `kdwarna`, `tahun`, `pembayaran`, `kdleasing`, `lama_kredit`, `asuransi`, `kdasuransi`, `pembeli`, `penjualan`, `disc_team_harga`, `booking_fee`, `kaca_film`, `kdsales`, `status_sales`, `kdspv`, `kdcust`, `alamat`, `kelurahan`, `kecamatan`, `kota`, `provinsi`, `kodepos`, `kdcust_stnk`, `nmcust_stnk`, `alm_stnk`, `kel_stnk`, `kec_stnk`, `kota_stnk`, `provinsi_stnk`, `kodepos_stnk`, `batal`, `user`, `created_at`, `updated_at`) VALUES (:nomemo:, :tanggal:, :nospk:, :norangka:, :nomesin:, :kdmerek:, :kdmodel:, :kdtipe:, :kdwarna:, :tahun:, :pembayaran:, :kdleasing:, :lama_kredit:, :asuransi:, :kdasuransi:, :pembeli:, :penjualan:, :disc_team_harga:, :booking_fee:, :kaca_film:, :kdsales:, :status_sales:, :kdspv:, :kdcust:, :alamat:, :kelurahan:, :kecamatan:, :kota:, :provinsi:, :kodepos:, :kdcust_stnk:, :nmcust_stnk:, :alm_stnk:, :kel_stnk:, :kec_stnk:, :kota_stnk:, :provinsi_stnk:, :kodepos_stnk:, :batal:, :user:, :created_at:, :updated_at:)', [...], false)
 5 SYSTEMPATH\Model.php(279): CodeIgniter\Database\BaseBuilder->insert()
 6 SYSTEMPATH\BaseModel.php(738): CodeIgniter\Model->doInsert([...])
 7 SYSTEMPATH\Model.php(667): CodeIgniter\BaseModel->insert([...], true)
 8 APPPATH\Controllers\Memombr.php(205): CodeIgniter\Model->insert([...])
 9 SYSTEMPATH\CodeIgniter.php(904): App\Controllers\Memombr->simpandata()
10 SYSTEMPATH\CodeIgniter.php(457): CodeIgniter\CodeIgniter->runController(Object(App\Controllers\Memombr))
11 SYSTEMPATH\CodeIgniter.php(340): CodeIgniter\CodeIgniter->handleRequest(null, Object(Config\Cache), false)
12 FCPATH\index.php(67): CodeIgniter\CodeIgniter->run()
13 SYSTEMPATH\Commands\Server\rewrite.php(43): require_once('FCPATH\\index.php')
