CRITICAL - 2023-03-31 10:51:11 --> Undefined array key "lain_lain"
in APPPATH\Views\pengajuandiscount\modaledit.php on line 112.
 1 APPPATH\Views\pengajuandiscount\modaledit.php(112): CodeIgniter\Debug\Exceptions->errorHandler(2, 'Undefined array key "lain_lain"', 'APPPATH\\Views\\pengajuandiscount\\modaledit.php', 112)
 2 SYSTEMPATH\View\View.php(213): include('APPPATH\\Views\\pengajuandiscount\\modaledit.php')
 3 SYSTEMPATH\View\View.php(216): CodeIgniter\View\View->CodeIgniter\View\{closure}()
 4 SYSTEMPATH\Common.php(1142): CodeIgniter\View\View->render('pengajuandiscount/modaledit', [], true)
 5 APPPATH\Controllers\Pengajuandiscount.php(178): view('pengajuandiscount/modaledit', [...])
 6 SYSTEMPATH\CodeIgniter.php(904): App\Controllers\Pengajuandiscount->formedit()
 7 SYSTEMPATH\CodeIgniter.php(457): CodeIgniter\CodeIgniter->runController(Object(App\Controllers\Pengajuandiscount))
 8 SYSTEMPATH\CodeIgniter.php(340): CodeIgniter\CodeIgniter->handleRequest(null, Object(Config\Cache), false)
 9 FCPATH\index.php(67): CodeIgniter\CodeIgniter->run()
10 SYSTEMPATH\Commands\Server\rewrite.php(43): require_once('FCPATH\\index.php')
CRITICAL - 2023-03-31 10:51:20 --> Undefined array key "lain_lain"
in APPPATH\Views\pengajuandiscount\modaledit.php on line 112.
 1 APPPATH\Views\pengajuandiscount\modaledit.php(112): CodeIgniter\Debug\Exceptions->errorHandler(2, 'Undefined array key "lain_lain"', 'APPPATH\\Views\\pengajuandiscount\\modaledit.php', 112)
 2 SYSTEMPATH\View\View.php(213): include('APPPATH\\Views\\pengajuandiscount\\modaledit.php')
 3 SYSTEMPATH\View\View.php(216): CodeIgniter\View\View->CodeIgniter\View\{closure}()
 4 SYSTEMPATH\Common.php(1142): CodeIgniter\View\View->render('pengajuandiscount/modaledit', [], true)
 5 APPPATH\Controllers\Pengajuandiscount.php(178): view('pengajuandiscount/modaledit', [...])
 6 SYSTEMPATH\CodeIgniter.php(904): App\Controllers\Pengajuandiscount->formedit()
 7 SYSTEMPATH\CodeIgniter.php(457): CodeIgniter\CodeIgniter->runController(Object(App\Controllers\Pengajuandiscount))
 8 SYSTEMPATH\CodeIgniter.php(340): CodeIgniter\CodeIgniter->handleRequest(null, Object(Config\Cache), false)
 9 FCPATH\index.php(67): CodeIgniter\CodeIgniter->run()
10 SYSTEMPATH\Commands\Server\rewrite.php(43): require_once('FCPATH\\index.php')
CRITICAL - 2023-03-31 10:52:05 --> Undefined array key "lain_lain"
in APPPATH\Views\pengajuandiscount\modaledit.php on line 112.
 1 APPPATH\Views\pengajuandiscount\modaledit.php(112): CodeIgniter\Debug\Exceptions->errorHandler(2, 'Undefined array key "lain_lain"', 'APPPATH\\Views\\pengajuandiscount\\modaledit.php', 112)
 2 SYSTEMPATH\View\View.php(213): include('APPPATH\\Views\\pengajuandiscount\\modaledit.php')
 3 SYSTEMPATH\View\View.php(216): CodeIgniter\View\View->CodeIgniter\View\{closure}()
 4 SYSTEMPATH\Common.php(1142): CodeIgniter\View\View->render('pengajuandiscount/modaledit', [], true)
 5 APPPATH\Controllers\Pengajuandiscount.php(178): view('pengajuandiscount/modaledit', [...])
 6 SYSTEMPATH\CodeIgniter.php(904): App\Controllers\Pengajuandiscount->formedit()
 7 SYSTEMPATH\CodeIgniter.php(457): CodeIgniter\CodeIgniter->runController(Object(App\Controllers\Pengajuandiscount))
 8 SYSTEMPATH\CodeIgniter.php(340): CodeIgniter\CodeIgniter->handleRequest(null, Object(Config\Cache), false)
 9 FCPATH\index.php(67): CodeIgniter\CodeIgniter->run()
10 SYSTEMPATH\Commands\Server\rewrite.php(43): require_once('FCPATH\\index.php')
CRITICAL - 2023-03-31 10:52:12 --> Undefined array key "lain_lain"
in APPPATH\Views\pengajuandiscount\modaledit.php on line 112.
 1 APPPATH\Views\pengajuandiscount\modaledit.php(112): CodeIgniter\Debug\Exceptions->errorHandler(2, 'Undefined array key "lain_lain"', 'APPPATH\\Views\\pengajuandiscount\\modaledit.php', 112)
 2 SYSTEMPATH\View\View.php(213): include('APPPATH\\Views\\pengajuandiscount\\modaledit.php')
 3 SYSTEMPATH\View\View.php(216): CodeIgniter\View\View->CodeIgniter\View\{closure}()
 4 SYSTEMPATH\Common.php(1142): CodeIgniter\View\View->render('pengajuandiscount/modaledit', [], true)
 5 APPPATH\Controllers\Pengajuandiscount.php(178): view('pengajuandiscount/modaledit', [...])
 6 SYSTEMPATH\CodeIgniter.php(904): App\Controllers\Pengajuandiscount->formedit()
 7 SYSTEMPATH\CodeIgniter.php(457): CodeIgniter\CodeIgniter->runController(Object(App\Controllers\Pengajuandiscount))
 8 SYSTEMPATH\CodeIgniter.php(340): CodeIgniter\CodeIgniter->handleRequest(null, Object(Config\Cache), false)
 9 FCPATH\index.php(67): CodeIgniter\CodeIgniter->run()
10 SYSTEMPATH\Commands\Server\rewrite.php(43): require_once('FCPATH\\index.php')
CRITICAL - 2023-03-31 10:52:58 --> Undefined array key "lain_lain"
in APPPATH\Views\pengajuandiscount\modaledit.php on line 112.
 1 APPPATH\Views\pengajuandiscount\modaledit.php(112): CodeIgniter\Debug\Exceptions->errorHandler(2, 'Undefined array key "lain_lain"', 'APPPATH\\Views\\pengajuandiscount\\modaledit.php', 112)
 2 SYSTEMPATH\View\View.php(213): include('APPPATH\\Views\\pengajuandiscount\\modaledit.php')
 3 SYSTEMPATH\View\View.php(216): CodeIgniter\View\View->CodeIgniter\View\{closure}()
 4 SYSTEMPATH\Common.php(1142): CodeIgniter\View\View->render('pengajuandiscount/modaledit', [], true)
 5 APPPATH\Controllers\Pengajuandiscount.php(178): view('pengajuandiscount/modaledit', [...])
 6 SYSTEMPATH\CodeIgniter.php(904): App\Controllers\Pengajuandiscount->formedit()
 7 SYSTEMPATH\CodeIgniter.php(457): CodeIgniter\CodeIgniter->runController(Object(App\Controllers\Pengajuandiscount))
 8 SYSTEMPATH\CodeIgniter.php(340): CodeIgniter\CodeIgniter->handleRequest(null, Object(Config\Cache), false)
 9 FCPATH\index.php(67): CodeIgniter\CodeIgniter->run()
10 SYSTEMPATH\Commands\Server\rewrite.php(43): require_once('FCPATH\\index.php')
CRITICAL - 2023-03-31 11:22:39 --> Undefined array key "kdmerek"
in APPPATH\Controllers\Pengajuandiscount.php on line 254.
 1 APPPATH\Controllers\Pengajuandiscount.php(254): CodeIgniter\Debug\Exceptions->errorHandler(2, 'Undefined array key "kdmerek"', 'APPPATH\\Controllers\\Pengajuandiscount.php', 254)
 2 SYSTEMPATH\CodeIgniter.php(904): App\Controllers\Pengajuandiscount->cetakpengajuandiscount('8')
 3 SYSTEMPATH\CodeIgniter.php(457): CodeIgniter\CodeIgniter->runController(Object(App\Controllers\Pengajuandiscount))
 4 SYSTEMPATH\CodeIgniter.php(340): CodeIgniter\CodeIgniter->handleRequest(null, Object(Config\Cache), false)
 5 FCPATH\index.php(67): CodeIgniter\CodeIgniter->run()
 6 SYSTEMPATH\Commands\Server\rewrite.php(43): require_once('FCPATH\\index.php')
CRITICAL - 2023-03-31 11:44:55 --> Undefined variable $nomor
in APPPATH\Controllers\Pengajuandiscount.php on line 265.
 1 APPPATH\Controllers\Pengajuandiscount.php(265): CodeIgniter\Debug\Exceptions->errorHandler(2, 'Undefined variable $nomor', 'APPPATH\\Controllers\\Pengajuandiscount.php', 265)
 2 SYSTEMPATH\CodeIgniter.php(904): App\Controllers\Pengajuandiscount->cetakpengajuandiscount('8')
 3 SYSTEMPATH\CodeIgniter.php(457): CodeIgniter\CodeIgniter->runController(Object(App\Controllers\Pengajuandiscount))
 4 SYSTEMPATH\CodeIgniter.php(340): CodeIgniter\CodeIgniter->handleRequest(null, Object(Config\Cache), false)
 5 FCPATH\index.php(67): CodeIgniter\CodeIgniter->run()
 6 SYSTEMPATH\Commands\Server\rewrite.php(43): require_once('FCPATH\\index.php')
CRITICAL - 2023-03-31 13:28:35 --> number_format(): Argument #2 ($decimals) must be of type int, string given
in APPPATH\Views\pengajuandiscount\cetakpengajuandiscount.php on line 58.
 1 APPPATH\Views\pengajuandiscount\cetakpengajuandiscount.php(58): number_format('5000000', 'ROOTPATH\\public', ',')
 2 SYSTEMPATH\View\View.php(213): include('APPPATH\\Views\\pengajuandiscount\\cetakpengajuandiscount.php')
 3 SYSTEMPATH\View\View.php(216): CodeIgniter\View\View->CodeIgniter\View\{closure}()
 4 SYSTEMPATH\Common.php(1142): CodeIgniter\View\View->render('pengajuandiscount/cetakpengajuandiscount', [], true)
 5 APPPATH\Controllers\Pengajuandiscount.php(262): view('pengajuandiscount/cetakpengajuandiscount', [...])
 6 SYSTEMPATH\CodeIgniter.php(904): App\Controllers\Pengajuandiscount->cetakpengajuandiscount('8')
 7 SYSTEMPATH\CodeIgniter.php(457): CodeIgniter\CodeIgniter->runController(Object(App\Controllers\Pengajuandiscount))
 8 SYSTEMPATH\CodeIgniter.php(340): CodeIgniter\CodeIgniter->handleRequest(null, Object(Config\Cache), false)
 9 FCPATH\index.php(67): CodeIgniter\CodeIgniter->run()
10 SYSTEMPATH\Commands\Server\rewrite.php(43): require_once('FCPATH\\index.php')
CRITICAL - 2023-03-31 13:28:54 --> number_format(): Argument #2 ($decimals) must be of type int, string given
in APPPATH\Views\pengajuandiscount\cetakpengajuandiscount.php on line 58.
 1 APPPATH\Views\pengajuandiscount\cetakpengajuandiscount.php(58): number_format('5000000', 'ROOTPATH\\public', ',', 2)
 2 SYSTEMPATH\View\View.php(213): include('APPPATH\\Views\\pengajuandiscount\\cetakpengajuandiscount.php')
 3 SYSTEMPATH\View\View.php(216): CodeIgniter\View\View->CodeIgniter\View\{closure}()
 4 SYSTEMPATH\Common.php(1142): CodeIgniter\View\View->render('pengajuandiscount/cetakpengajuandiscount', [], true)
 5 APPPATH\Controllers\Pengajuandiscount.php(262): view('pengajuandiscount/cetakpengajuandiscount', [...])
 6 SYSTEMPATH\CodeIgniter.php(904): App\Controllers\Pengajuandiscount->cetakpengajuandiscount('8')
 7 SYSTEMPATH\CodeIgniter.php(457): CodeIgniter\CodeIgniter->runController(Object(App\Controllers\Pengajuandiscount))
 8 SYSTEMPATH\CodeIgniter.php(340): CodeIgniter\CodeIgniter->handleRequest(null, Object(Config\Cache), false)
 9 FCPATH\index.php(67): CodeIgniter\CodeIgniter->run()
10 SYSTEMPATH\Commands\Server\rewrite.php(43): require_once('FCPATH\\index.php')
CRITICAL - 2023-03-31 13:29:32 --> number_format(): Argument #2 ($decimals) must be of type int, string given
in APPPATH\Views\pengajuandiscount\cetakpengajuandiscount.php on line 58.
 1 APPPATH\Views\pengajuandiscount\cetakpengajuandiscount.php(58): number_format('5000000', 'ROOTPATH\\public', ',', '2')
 2 SYSTEMPATH\View\View.php(213): include('APPPATH\\Views\\pengajuandiscount\\cetakpengajuandiscount.php')
 3 SYSTEMPATH\View\View.php(216): CodeIgniter\View\View->CodeIgniter\View\{closure}()
 4 SYSTEMPATH\Common.php(1142): CodeIgniter\View\View->render('pengajuandiscount/cetakpengajuandiscount', [], true)
 5 APPPATH\Controllers\Pengajuandiscount.php(262): view('pengajuandiscount/cetakpengajuandiscount', [...])
 6 SYSTEMPATH\CodeIgniter.php(904): App\Controllers\Pengajuandiscount->cetakpengajuandiscount('8')
 7 SYSTEMPATH\CodeIgniter.php(457): CodeIgniter\CodeIgniter->runController(Object(App\Controllers\Pengajuandiscount))
 8 SYSTEMPATH\CodeIgniter.php(340): CodeIgniter\CodeIgniter->handleRequest(null, Object(Config\Cache), false)
 9 FCPATH\index.php(67): CodeIgniter\CodeIgniter->run()
10 SYSTEMPATH\Commands\Server\rewrite.php(43): require_once('FCPATH\\index.php')
CRITICAL - 2023-03-31 16:15:42 --> Undefined array key "approv_direktur"
in APPPATH\Views\pengajuandiscount\cetakpengajuandiscount.php on line 113.
 1 APPPATH\Views\pengajuandiscount\cetakpengajuandiscount.php(113): CodeIgniter\Debug\Exceptions->errorHandler(2, 'Undefined array key "approv_direktur"', 'APPPATH\\Views\\pengajuandiscount\\cetakpengajuandiscount.php', 113)
 2 SYSTEMPATH\View\View.php(213): include('APPPATH\\Views\\pengajuandiscount\\cetakpengajuandiscount.php')
 3 SYSTEMPATH\View\View.php(216): CodeIgniter\View\View->CodeIgniter\View\{closure}()
 4 SYSTEMPATH\Common.php(1142): CodeIgniter\View\View->render('pengajuandiscount/cetakpengajuandiscount', [], true)
 5 APPPATH\Controllers\Pengajuandiscount.php(264): view('pengajuandiscount/cetakpengajuandiscount', [...])
 6 SYSTEMPATH\CodeIgniter.php(904): App\Controllers\Pengajuandiscount->cetakpengajuandiscount('8')
 7 SYSTEMPATH\CodeIgniter.php(457): CodeIgniter\CodeIgniter->runController(Object(App\Controllers\Pengajuandiscount))
 8 SYSTEMPATH\CodeIgniter.php(340): CodeIgniter\CodeIgniter->handleRequest(null, Object(Config\Cache), false)
 9 FCPATH\index.php(67): CodeIgniter\CodeIgniter->run()
10 SYSTEMPATH\Commands\Server\rewrite.php(43): require_once('FCPATH\\index.php')
CRITICAL - 2023-03-31 16:26:50 --> Undefined variable $memombr
in APPPATH\Views\pengajuandiscount\modaldetail.php on line 12.
 1 APPPATH\Views\pengajuandiscount\modaldetail.php(12): CodeIgniter\Debug\Exceptions->errorHandler(2, 'Undefined variable $memombr', 'APPPATH\\Views\\pengajuandiscount\\modaldetail.php', 12)
 2 SYSTEMPATH\View\View.php(213): include('APPPATH\\Views\\pengajuandiscount\\modaldetail.php')
 3 SYSTEMPATH\View\View.php(216): CodeIgniter\View\View->CodeIgniter\View\{closure}()
 4 SYSTEMPATH\Common.php(1142): CodeIgniter\View\View->render('pengajuandiscount/modaldetail', [], true)
 5 APPPATH\Controllers\Pengajuandiscount.php(69): view('pengajuandiscount/modaldetail', [...])
 6 SYSTEMPATH\CodeIgniter.php(904): App\Controllers\Pengajuandiscount->formdetail()
 7 SYSTEMPATH\CodeIgniter.php(457): CodeIgniter\CodeIgniter->runController(Object(App\Controllers\Pengajuandiscount))
 8 SYSTEMPATH\CodeIgniter.php(340): CodeIgniter\CodeIgniter->handleRequest(null, Object(Config\Cache), false)
 9 FCPATH\index.php(67): CodeIgniter\CodeIgniter->run()
10 SYSTEMPATH\Commands\Server\rewrite.php(43): require_once('FCPATH\\index.php')
CRITICAL - 2023-03-31 16:26:53 --> Undefined variable $memombr
in APPPATH\Views\pengajuandiscount\modaldetail.php on line 12.
 1 APPPATH\Views\pengajuandiscount\modaldetail.php(12): CodeIgniter\Debug\Exceptions->errorHandler(2, 'Undefined variable $memombr', 'APPPATH\\Views\\pengajuandiscount\\modaldetail.php', 12)
 2 SYSTEMPATH\View\View.php(213): include('APPPATH\\Views\\pengajuandiscount\\modaldetail.php')
 3 SYSTEMPATH\View\View.php(216): CodeIgniter\View\View->CodeIgniter\View\{closure}()
 4 SYSTEMPATH\Common.php(1142): CodeIgniter\View\View->render('pengajuandiscount/modaldetail', [], true)
 5 APPPATH\Controllers\Pengajuandiscount.php(69): view('pengajuandiscount/modaldetail', [...])
 6 SYSTEMPATH\CodeIgniter.php(904): App\Controllers\Pengajuandiscount->formdetail()
 7 SYSTEMPATH\CodeIgniter.php(457): CodeIgniter\CodeIgniter->runController(Object(App\Controllers\Pengajuandiscount))
 8 SYSTEMPATH\CodeIgniter.php(340): CodeIgniter\CodeIgniter->handleRequest(null, Object(Config\Cache), false)
 9 FCPATH\index.php(67): CodeIgniter\CodeIgniter->run()
10 SYSTEMPATH\Commands\Server\rewrite.php(43): require_once('FCPATH\\index.php')
CRITICAL - 2023-03-31 16:26:56 --> Undefined variable $memombr
in APPPATH\Views\pengajuandiscount\modaldetail.php on line 12.
 1 APPPATH\Views\pengajuandiscount\modaldetail.php(12): CodeIgniter\Debug\Exceptions->errorHandler(2, 'Undefined variable $memombr', 'APPPATH\\Views\\pengajuandiscount\\modaldetail.php', 12)
 2 SYSTEMPATH\View\View.php(213): include('APPPATH\\Views\\pengajuandiscount\\modaldetail.php')
 3 SYSTEMPATH\View\View.php(216): CodeIgniter\View\View->CodeIgniter\View\{closure}()
 4 SYSTEMPATH\Common.php(1142): CodeIgniter\View\View->render('pengajuandiscount/modaldetail', [], true)
 5 APPPATH\Controllers\Pengajuandiscount.php(69): view('pengajuandiscount/modaldetail', [...])
 6 SYSTEMPATH\CodeIgniter.php(904): App\Controllers\Pengajuandiscount->formdetail()
 7 SYSTEMPATH\CodeIgniter.php(457): CodeIgniter\CodeIgniter->runController(Object(App\Controllers\Pengajuandiscount))
 8 SYSTEMPATH\CodeIgniter.php(340): CodeIgniter\CodeIgniter->handleRequest(null, Object(Config\Cache), false)
 9 FCPATH\index.php(67): CodeIgniter\CodeIgniter->run()
10 SYSTEMPATH\Commands\Server\rewrite.php(43): require_once('FCPATH\\index.php')
CRITICAL - 2023-03-31 16:28:34 --> Undefined variable $memombr
in APPPATH\Views\pengajuandiscount\modaldetail.php on line 12.
 1 APPPATH\Views\pengajuandiscount\modaldetail.php(12): CodeIgniter\Debug\Exceptions->errorHandler(2, 'Undefined variable $memombr', 'APPPATH\\Views\\pengajuandiscount\\modaldetail.php', 12)
 2 SYSTEMPATH\View\View.php(213): include('APPPATH\\Views\\pengajuandiscount\\modaldetail.php')
 3 SYSTEMPATH\View\View.php(216): CodeIgniter\View\View->CodeIgniter\View\{closure}()
 4 SYSTEMPATH\Common.php(1142): CodeIgniter\View\View->render('pengajuandiscount/modaldetail', [], true)
 5 APPPATH\Controllers\Pengajuandiscount.php(69): view('pengajuandiscount/modaldetail', [...])
 6 SYSTEMPATH\CodeIgniter.php(904): App\Controllers\Pengajuandiscount->formdetail()
 7 SYSTEMPATH\CodeIgniter.php(457): CodeIgniter\CodeIgniter->runController(Object(App\Controllers\Pengajuandiscount))
 8 SYSTEMPATH\CodeIgniter.php(340): CodeIgniter\CodeIgniter->handleRequest(null, Object(Config\Cache), false)
 9 FCPATH\index.php(67): CodeIgniter\CodeIgniter->run()
10 SYSTEMPATH\Commands\Server\rewrite.php(43): require_once('FCPATH\\index.php')
