ERROR - 2023-03-27 10:01:37 --> mysqli_sql_exception: Unknown column 'kdcustomer_stnk' in 'field list' in D:\xampp\htdocs\bp\system\Database\MySQLi\Connection.php:292
Stack trace:
#0 D:\xampp\htdocs\bp\system\Database\MySQLi\Connection.php(292): mysqli->query('INSERT INTO `me...', 0)
#1 D:\xampp\htdocs\bp\system\Database\BaseConnection.php(693): CodeIgniter\Database\MySQLi\Connection->execute('INSERT INTO `me...')
#2 D:\xampp\htdocs\bp\system\Database\BaseConnection.php(620): CodeIgniter\Database\BaseConnection->simpleQuery('INSERT INTO `me...')
#3 D:\xampp\htdocs\bp\system\Database\BaseBuilder.php(1916): CodeIgniter\Database\BaseConnection->query('INSERT INTO `me...', Array, false)
#4 D:\xampp\htdocs\bp\system\Model.php(279): CodeIgniter\Database\BaseBuilder->insert()
#5 D:\xampp\htdocs\bp\system\BaseModel.php(738): CodeIgniter\Model->doInsert(Array)
#6 D:\xampp\htdocs\bp\system\Model.php(667): CodeIgniter\BaseModel->insert(Array, true)
#7 D:\xampp\htdocs\bp\app\Controllers\Memombr.php(223): CodeIgniter\Model->insert(Array)
#8 D:\xampp\htdocs\bp\system\CodeIgniter.php(904): App\Controllers\Memombr->simpandata()
#9 D:\xampp\htdocs\bp\system\CodeIgniter.php(457): CodeIgniter\CodeIgniter->runController(Object(App\Controllers\Memombr))
#10 D:\xampp\htdocs\bp\system\CodeIgniter.php(340): CodeIgniter\CodeIgniter->handleRequest(NULL, Object(Config\Cache), false)
#11 D:\xampp\htdocs\bp\public\index.php(67): CodeIgniter\CodeIgniter->run()
#12 D:\xampp\htdocs\bp\system\Commands\Server\rewrite.php(43): require_once('D:\\xampp\\htdocs...')
#13 {main}
CRITICAL - 2023-03-27 10:01:37 --> Unknown column 'kdcustomer_stnk' in 'field list'
in SYSTEMPATH\Database\MySQLi\Connection.php on line 292.
 1 SYSTEMPATH\Database\MySQLi\Connection.php(292): mysqli->query('INSERT INTO `memombr` (`nomemo`, `tanggal`, `nospk`, `norangka`, `nomesin`, `kdmerek`, `kdmodel`, `kdtipe`, `kdwarna`, `tahun`, `pembayaran`, `kdleasing`, `lama_kredit`, `asuransi`, `kdasuransi`, `pembeli`, `penjualan`, `disc_team_harga`, `booking_fee`, `kaca_film`, `kdsales`, `status_sales`, `kdspv`, `kdcustomer`, `nmcustomer`, `alamat`, `kelurahan`, `kecamatan`, `kota`, `provinsi`, `kodepos`, `kdcustomer_stnk`, `nmcustomer_stnk`, `alamat_stnk`, `kelurahan_stnk`, `kecamatan_stnk`, `kota_stnk`, `provinsi_stnk`, `kodepos_stnk`, `user`, `created_at`, `updated_at`) VALUES (\'M20230300002\', \'2023-03-27T10:00:05\', \'1\', \'rangka\', \'mesin\', \'01\', \'CT\', \'CTH\', \'01\', \'2023\', \'KREDIT\', \'L20230300001\', \'5\', \'COVER\', \'A20230300001\', \'Non GSO\', \'On The Road\', \'500000\', \'\', \'kaca film\', \'RTA\', \'Sales Counter\', \'AMS\', \'C20221100002\', \'PT. GADING PRIMA AUTOLAND\', \'JL. RE. MARTADINATA NO.52\', \'CIPAYUANG\', \'CIPUTAT\', \'TANGERANG SELATAN\', \'BANTEN\', \'15411\', \'C20221100002\', \'PT. GADING PRIMA AUTOLAND\', NULL, NULL, NULL, \'TANGERANG SELATAN\', \'BANTEN\', \'15411\', \'Edit-Murod-27-03-2023 10:01:37\', \'2023-03-27 10:01:37\', \'2023-03-27 10:01:37\')', 0)
 2 SYSTEMPATH\Database\BaseConnection.php(693): CodeIgniter\Database\MySQLi\Connection->execute('INSERT INTO `memombr` (`nomemo`, `tanggal`, `nospk`, `norangka`, `nomesin`, `kdmerek`, `kdmodel`, `kdtipe`, `kdwarna`, `tahun`, `pembayaran`, `kdleasing`, `lama_kredit`, `asuransi`, `kdasuransi`, `pembeli`, `penjualan`, `disc_team_harga`, `booking_fee`, `kaca_film`, `kdsales`, `status_sales`, `kdspv`, `kdcustomer`, `nmcustomer`, `alamat`, `kelurahan`, `kecamatan`, `kota`, `provinsi`, `kodepos`, `kdcustomer_stnk`, `nmcustomer_stnk`, `alamat_stnk`, `kelurahan_stnk`, `kecamatan_stnk`, `kota_stnk`, `provinsi_stnk`, `kodepos_stnk`, `user`, `created_at`, `updated_at`) VALUES (\'M20230300002\', \'2023-03-27T10:00:05\', \'1\', \'rangka\', \'mesin\', \'01\', \'CT\', \'CTH\', \'01\', \'2023\', \'KREDIT\', \'L20230300001\', \'5\', \'COVER\', \'A20230300001\', \'Non GSO\', \'On The Road\', \'500000\', \'\', \'kaca film\', \'RTA\', \'Sales Counter\', \'AMS\', \'C20221100002\', \'PT. GADING PRIMA AUTOLAND\', \'JL. RE. MARTADINATA NO.52\', \'CIPAYUANG\', \'CIPUTAT\', \'TANGERANG SELATAN\', \'BANTEN\', \'15411\', \'C20221100002\', \'PT. GADING PRIMA AUTOLAND\', NULL, NULL, NULL, \'TANGERANG SELATAN\', \'BANTEN\', \'15411\', \'Edit-Murod-27-03-2023 10:01:37\', \'2023-03-27 10:01:37\', \'2023-03-27 10:01:37\')')
 3 SYSTEMPATH\Database\BaseConnection.php(620): CodeIgniter\Database\BaseConnection->simpleQuery('INSERT INTO `memombr` (`nomemo`, `tanggal`, `nospk`, `norangka`, `nomesin`, `kdmerek`, `kdmodel`, `kdtipe`, `kdwarna`, `tahun`, `pembayaran`, `kdleasing`, `lama_kredit`, `asuransi`, `kdasuransi`, `pembeli`, `penjualan`, `disc_team_harga`, `booking_fee`, `kaca_film`, `kdsales`, `status_sales`, `kdspv`, `kdcustomer`, `nmcustomer`, `alamat`, `kelurahan`, `kecamatan`, `kota`, `provinsi`, `kodepos`, `kdcustomer_stnk`, `nmcustomer_stnk`, `alamat_stnk`, `kelurahan_stnk`, `kecamatan_stnk`, `kota_stnk`, `provinsi_stnk`, `kodepos_stnk`, `user`, `created_at`, `updated_at`) VALUES (\'M20230300002\', \'2023-03-27T10:00:05\', \'1\', \'rangka\', \'mesin\', \'01\', \'CT\', \'CTH\', \'01\', \'2023\', \'KREDIT\', \'L20230300001\', \'5\', \'COVER\', \'A20230300001\', \'Non GSO\', \'On The Road\', \'500000\', \'\', \'kaca film\', \'RTA\', \'Sales Counter\', \'AMS\', \'C20221100002\', \'PT. GADING PRIMA AUTOLAND\', \'JL. RE. MARTADINATA NO.52\', \'CIPAYUANG\', \'CIPUTAT\', \'TANGERANG SELATAN\', \'BANTEN\', \'15411\', \'C20221100002\', \'PT. GADING PRIMA AUTOLAND\', NULL, NULL, NULL, \'TANGERANG SELATAN\', \'BANTEN\', \'15411\', \'Edit-Murod-27-03-2023 10:01:37\', \'2023-03-27 10:01:37\', \'2023-03-27 10:01:37\')')
 4 SYSTEMPATH\Database\BaseBuilder.php(1916): CodeIgniter\Database\BaseConnection->query('INSERT INTO `memombr` (`nomemo`, `tanggal`, `nospk`, `norangka`, `nomesin`, `kdmerek`, `kdmodel`, `kdtipe`, `kdwarna`, `tahun`, `pembayaran`, `kdleasing`, `lama_kredit`, `asuransi`, `kdasuransi`, `pembeli`, `penjualan`, `disc_team_harga`, `booking_fee`, `kaca_film`, `kdsales`, `status_sales`, `kdspv`, `kdcustomer`, `nmcustomer`, `alamat`, `kelurahan`, `kecamatan`, `kota`, `provinsi`, `kodepos`, `kdcustomer_stnk`, `nmcustomer_stnk`, `alamat_stnk`, `kelurahan_stnk`, `kecamatan_stnk`, `kota_stnk`, `provinsi_stnk`, `kodepos_stnk`, `user`, `created_at`, `updated_at`) VALUES (:nomemo:, :tanggal:, :nospk:, :norangka:, :nomesin:, :kdmerek:, :kdmodel:, :kdtipe:, :kdwarna:, :tahun:, :pembayaran:, :kdleasing:, :lama_kredit:, :asuransi:, :kdasuransi:, :pembeli:, :penjualan:, :disc_team_harga:, :booking_fee:, :kaca_film:, :kdsales:, :status_sales:, :kdspv:, :kdcustomer:, :nmcustomer:, :alamat:, :kelurahan:, :kecamatan:, :kota:, :provinsi:, :kodepos:, :kdcustomer_stnk:, :nmcustomer_stnk:, :alamat_stnk:, :kelurahan_stnk:, :kecamatan_stnk:, :kota_stnk:, :provinsi_stnk:, :kodepos_stnk:, :user:, :created_at:, :updated_at:)', [...], false)
 5 SYSTEMPATH\Model.php(279): CodeIgniter\Database\BaseBuilder->insert()
 6 SYSTEMPATH\BaseModel.php(738): CodeIgniter\Model->doInsert([...])
 7 SYSTEMPATH\Model.php(667): CodeIgniter\BaseModel->insert([...], true)
 8 APPPATH\Controllers\Memombr.php(223): CodeIgniter\Model->insert([...])
 9 SYSTEMPATH\CodeIgniter.php(904): App\Controllers\Memombr->simpandata()
10 SYSTEMPATH\CodeIgniter.php(457): CodeIgniter\CodeIgniter->runController(Object(App\Controllers\Memombr))
11 SYSTEMPATH\CodeIgniter.php(340): CodeIgniter\CodeIgniter->handleRequest(null, Object(Config\Cache), false)
12 FCPATH\index.php(67): CodeIgniter\CodeIgniter->run()
13 SYSTEMPATH\Commands\Server\rewrite.php(43): require_once('FCPATH\\index.php')
ERROR - 2023-03-27 10:01:43 --> mysqli_sql_exception: Unknown column 'kdcustomer_stnk' in 'field list' in D:\xampp\htdocs\bp\system\Database\MySQLi\Connection.php:292
Stack trace:
#0 D:\xampp\htdocs\bp\system\Database\MySQLi\Connection.php(292): mysqli->query('INSERT INTO `me...', 0)
#1 D:\xampp\htdocs\bp\system\Database\BaseConnection.php(693): CodeIgniter\Database\MySQLi\Connection->execute('INSERT INTO `me...')
#2 D:\xampp\htdocs\bp\system\Database\BaseConnection.php(620): CodeIgniter\Database\BaseConnection->simpleQuery('INSERT INTO `me...')
#3 D:\xampp\htdocs\bp\system\Database\BaseBuilder.php(1916): CodeIgniter\Database\BaseConnection->query('INSERT INTO `me...', Array, false)
#4 D:\xampp\htdocs\bp\system\Model.php(279): CodeIgniter\Database\BaseBuilder->insert()
#5 D:\xampp\htdocs\bp\system\BaseModel.php(738): CodeIgniter\Model->doInsert(Array)
#6 D:\xampp\htdocs\bp\system\Model.php(667): CodeIgniter\BaseModel->insert(Array, true)
#7 D:\xampp\htdocs\bp\app\Controllers\Memombr.php(223): CodeIgniter\Model->insert(Array)
#8 D:\xampp\htdocs\bp\system\CodeIgniter.php(904): App\Controllers\Memombr->simpandata()
#9 D:\xampp\htdocs\bp\system\CodeIgniter.php(457): CodeIgniter\CodeIgniter->runController(Object(App\Controllers\Memombr))
#10 D:\xampp\htdocs\bp\system\CodeIgniter.php(340): CodeIgniter\CodeIgniter->handleRequest(NULL, Object(Config\Cache), false)
#11 D:\xampp\htdocs\bp\public\index.php(67): CodeIgniter\CodeIgniter->run()
#12 D:\xampp\htdocs\bp\system\Commands\Server\rewrite.php(43): require_once('D:\\xampp\\htdocs...')
#13 {main}
CRITICAL - 2023-03-27 10:01:43 --> Unknown column 'kdcustomer_stnk' in 'field list'
in SYSTEMPATH\Database\MySQLi\Connection.php on line 292.
 1 SYSTEMPATH\Database\MySQLi\Connection.php(292): mysqli->query('INSERT INTO `memombr` (`nomemo`, `tanggal`, `nospk`, `norangka`, `nomesin`, `kdmerek`, `kdmodel`, `kdtipe`, `kdwarna`, `tahun`, `pembayaran`, `kdleasing`, `lama_kredit`, `asuransi`, `kdasuransi`, `pembeli`, `penjualan`, `disc_team_harga`, `booking_fee`, `kaca_film`, `kdsales`, `status_sales`, `kdspv`, `kdcustomer`, `nmcustomer`, `alamat`, `kelurahan`, `kecamatan`, `kota`, `provinsi`, `kodepos`, `kdcustomer_stnk`, `nmcustomer_stnk`, `alamat_stnk`, `kelurahan_stnk`, `kecamatan_stnk`, `kota_stnk`, `provinsi_stnk`, `kodepos_stnk`, `user`, `created_at`, `updated_at`) VALUES (\'M20230300002\', \'2023-03-27T10:00:05\', \'1\', \'rangka\', \'mesin\', \'01\', \'CT\', \'CTH\', \'01\', \'2023\', \'KREDIT\', \'L20230300001\', \'5\', \'COVER\', \'A20230300001\', \'Non GSO\', \'On The Road\', \'500000\', \'\', \'kaca film\', \'RTA\', \'Sales Counter\', \'AMS\', \'C20221100002\', \'PT. GADING PRIMA AUTOLAND\', \'JL. RE. MARTADINATA NO.52\', \'CIPAYUANG\', \'CIPUTAT\', \'TANGERANG SELATAN\', \'BANTEN\', \'15411\', \'C20221100002\', \'PT. GADING PRIMA AUTOLAND\', NULL, NULL, NULL, \'TANGERANG SELATAN\', \'BANTEN\', \'15411\', \'Edit-Murod-27-03-2023 10:01:43\', \'2023-03-27 10:01:43\', \'2023-03-27 10:01:43\')', 0)
 2 SYSTEMPATH\Database\BaseConnection.php(693): CodeIgniter\Database\MySQLi\Connection->execute('INSERT INTO `memombr` (`nomemo`, `tanggal`, `nospk`, `norangka`, `nomesin`, `kdmerek`, `kdmodel`, `kdtipe`, `kdwarna`, `tahun`, `pembayaran`, `kdleasing`, `lama_kredit`, `asuransi`, `kdasuransi`, `pembeli`, `penjualan`, `disc_team_harga`, `booking_fee`, `kaca_film`, `kdsales`, `status_sales`, `kdspv`, `kdcustomer`, `nmcustomer`, `alamat`, `kelurahan`, `kecamatan`, `kota`, `provinsi`, `kodepos`, `kdcustomer_stnk`, `nmcustomer_stnk`, `alamat_stnk`, `kelurahan_stnk`, `kecamatan_stnk`, `kota_stnk`, `provinsi_stnk`, `kodepos_stnk`, `user`, `created_at`, `updated_at`) VALUES (\'M20230300002\', \'2023-03-27T10:00:05\', \'1\', \'rangka\', \'mesin\', \'01\', \'CT\', \'CTH\', \'01\', \'2023\', \'KREDIT\', \'L20230300001\', \'5\', \'COVER\', \'A20230300001\', \'Non GSO\', \'On The Road\', \'500000\', \'\', \'kaca film\', \'RTA\', \'Sales Counter\', \'AMS\', \'C20221100002\', \'PT. GADING PRIMA AUTOLAND\', \'JL. RE. MARTADINATA NO.52\', \'CIPAYUANG\', \'CIPUTAT\', \'TANGERANG SELATAN\', \'BANTEN\', \'15411\', \'C20221100002\', \'PT. GADING PRIMA AUTOLAND\', NULL, NULL, NULL, \'TANGERANG SELATAN\', \'BANTEN\', \'15411\', \'Edit-Murod-27-03-2023 10:01:43\', \'2023-03-27 10:01:43\', \'2023-03-27 10:01:43\')')
 3 SYSTEMPATH\Database\BaseConnection.php(620): CodeIgniter\Database\BaseConnection->simpleQuery('INSERT INTO `memombr` (`nomemo`, `tanggal`, `nospk`, `norangka`, `nomesin`, `kdmerek`, `kdmodel`, `kdtipe`, `kdwarna`, `tahun`, `pembayaran`, `kdleasing`, `lama_kredit`, `asuransi`, `kdasuransi`, `pembeli`, `penjualan`, `disc_team_harga`, `booking_fee`, `kaca_film`, `kdsales`, `status_sales`, `kdspv`, `kdcustomer`, `nmcustomer`, `alamat`, `kelurahan`, `kecamatan`, `kota`, `provinsi`, `kodepos`, `kdcustomer_stnk`, `nmcustomer_stnk`, `alamat_stnk`, `kelurahan_stnk`, `kecamatan_stnk`, `kota_stnk`, `provinsi_stnk`, `kodepos_stnk`, `user`, `created_at`, `updated_at`) VALUES (\'M20230300002\', \'2023-03-27T10:00:05\', \'1\', \'rangka\', \'mesin\', \'01\', \'CT\', \'CTH\', \'01\', \'2023\', \'KREDIT\', \'L20230300001\', \'5\', \'COVER\', \'A20230300001\', \'Non GSO\', \'On The Road\', \'500000\', \'\', \'kaca film\', \'RTA\', \'Sales Counter\', \'AMS\', \'C20221100002\', \'PT. GADING PRIMA AUTOLAND\', \'JL. RE. MARTADINATA NO.52\', \'CIPAYUANG\', \'CIPUTAT\', \'TANGERANG SELATAN\', \'BANTEN\', \'15411\', \'C20221100002\', \'PT. GADING PRIMA AUTOLAND\', NULL, NULL, NULL, \'TANGERANG SELATAN\', \'BANTEN\', \'15411\', \'Edit-Murod-27-03-2023 10:01:43\', \'2023-03-27 10:01:43\', \'2023-03-27 10:01:43\')')
 4 SYSTEMPATH\Database\BaseBuilder.php(1916): CodeIgniter\Database\BaseConnection->query('INSERT INTO `memombr` (`nomemo`, `tanggal`, `nospk`, `norangka`, `nomesin`, `kdmerek`, `kdmodel`, `kdtipe`, `kdwarna`, `tahun`, `pembayaran`, `kdleasing`, `lama_kredit`, `asuransi`, `kdasuransi`, `pembeli`, `penjualan`, `disc_team_harga`, `booking_fee`, `kaca_film`, `kdsales`, `status_sales`, `kdspv`, `kdcustomer`, `nmcustomer`, `alamat`, `kelurahan`, `kecamatan`, `kota`, `provinsi`, `kodepos`, `kdcustomer_stnk`, `nmcustomer_stnk`, `alamat_stnk`, `kelurahan_stnk`, `kecamatan_stnk`, `kota_stnk`, `provinsi_stnk`, `kodepos_stnk`, `user`, `created_at`, `updated_at`) VALUES (:nomemo:, :tanggal:, :nospk:, :norangka:, :nomesin:, :kdmerek:, :kdmodel:, :kdtipe:, :kdwarna:, :tahun:, :pembayaran:, :kdleasing:, :lama_kredit:, :asuransi:, :kdasuransi:, :pembeli:, :penjualan:, :disc_team_harga:, :booking_fee:, :kaca_film:, :kdsales:, :status_sales:, :kdspv:, :kdcustomer:, :nmcustomer:, :alamat:, :kelurahan:, :kecamatan:, :kota:, :provinsi:, :kodepos:, :kdcustomer_stnk:, :nmcustomer_stnk:, :alamat_stnk:, :kelurahan_stnk:, :kecamatan_stnk:, :kota_stnk:, :provinsi_stnk:, :kodepos_stnk:, :user:, :created_at:, :updated_at:)', [...], false)
 5 SYSTEMPATH\Model.php(279): CodeIgniter\Database\BaseBuilder->insert()
 6 SYSTEMPATH\BaseModel.php(738): CodeIgniter\Model->doInsert([...])
 7 SYSTEMPATH\Model.php(667): CodeIgniter\BaseModel->insert([...], true)
 8 APPPATH\Controllers\Memombr.php(223): CodeIgniter\Model->insert([...])
 9 SYSTEMPATH\CodeIgniter.php(904): App\Controllers\Memombr->simpandata()
10 SYSTEMPATH\CodeIgniter.php(457): CodeIgniter\CodeIgniter->runController(Object(App\Controllers\Memombr))
11 SYSTEMPATH\CodeIgniter.php(340): CodeIgniter\CodeIgniter->handleRequest(null, Object(Config\Cache), false)
12 FCPATH\index.php(67): CodeIgniter\CodeIgniter->run()
13 SYSTEMPATH\Commands\Server\rewrite.php(43): require_once('FCPATH\\index.php')
ERROR - 2023-03-27 10:02:47 --> mysqli_sql_exception: Column 'alamat_stnk' cannot be null in D:\xampp\htdocs\bp\system\Database\MySQLi\Connection.php:292
Stack trace:
#0 D:\xampp\htdocs\bp\system\Database\MySQLi\Connection.php(292): mysqli->query('INSERT INTO `me...', 0)
#1 D:\xampp\htdocs\bp\system\Database\BaseConnection.php(693): CodeIgniter\Database\MySQLi\Connection->execute('INSERT INTO `me...')
#2 D:\xampp\htdocs\bp\system\Database\BaseConnection.php(620): CodeIgniter\Database\BaseConnection->simpleQuery('INSERT INTO `me...')
#3 D:\xampp\htdocs\bp\system\Database\BaseBuilder.php(1916): CodeIgniter\Database\BaseConnection->query('INSERT INTO `me...', Array, false)
#4 D:\xampp\htdocs\bp\system\Model.php(279): CodeIgniter\Database\BaseBuilder->insert()
#5 D:\xampp\htdocs\bp\system\BaseModel.php(738): CodeIgniter\Model->doInsert(Array)
#6 D:\xampp\htdocs\bp\system\Model.php(667): CodeIgniter\BaseModel->insert(Array, true)
#7 D:\xampp\htdocs\bp\app\Controllers\Memombr.php(223): CodeIgniter\Model->insert(Array)
#8 D:\xampp\htdocs\bp\system\CodeIgniter.php(904): App\Controllers\Memombr->simpandata()
#9 D:\xampp\htdocs\bp\system\CodeIgniter.php(457): CodeIgniter\CodeIgniter->runController(Object(App\Controllers\Memombr))
#10 D:\xampp\htdocs\bp\system\CodeIgniter.php(340): CodeIgniter\CodeIgniter->handleRequest(NULL, Object(Config\Cache), false)
#11 D:\xampp\htdocs\bp\public\index.php(67): CodeIgniter\CodeIgniter->run()
#12 D:\xampp\htdocs\bp\system\Commands\Server\rewrite.php(43): require_once('D:\\xampp\\htdocs...')
#13 {main}
CRITICAL - 2023-03-27 10:02:47 --> Column 'alamat_stnk' cannot be null
in SYSTEMPATH\Database\MySQLi\Connection.php on line 292.
 1 SYSTEMPATH\Database\MySQLi\Connection.php(292): mysqli->query('INSERT INTO `memombr` (`nomemo`, `tanggal`, `nospk`, `norangka`, `nomesin`, `kdmerek`, `kdmodel`, `kdtipe`, `kdwarna`, `tahun`, `pembayaran`, `kdleasing`, `lama_kredit`, `asuransi`, `kdasuransi`, `pembeli`, `penjualan`, `disc_team_harga`, `booking_fee`, `kaca_film`, `kdsales`, `status_sales`, `kdspv`, `kdcustomer`, `nmcustomer`, `alamat`, `kelurahan`, `kecamatan`, `kota`, `provinsi`, `kodepos`, `kdcustomer_stnk`, `nmcustomer_stnk`, `alamat_stnk`, `kelurahan_stnk`, `kecamatan_stnk`, `kota_stnk`, `provinsi_stnk`, `kodepos_stnk`, `user`, `created_at`, `updated_at`) VALUES (\'M20230300002\', \'2023-03-27T10:00:05\', \'1\', \'rangka\', \'mesin\', \'01\', \'CT\', \'CTH\', \'01\', \'2023\', \'KREDIT\', \'L20230300001\', \'5\', \'COVER\', \'A20230300001\', \'Non GSO\', \'On The Road\', \'500000\', \'\', \'kaca film\', \'RTA\', \'Sales Counter\', \'AMS\', \'C20221100002\', \'PT. GADING PRIMA AUTOLAND\', \'JL. RE. MARTADINATA NO.52\', \'CIPAYUANG\', \'CIPUTAT\', \'TANGERANG SELATAN\', \'BANTEN\', \'15411\', \'C20221100002\', \'PT. GADING PRIMA AUTOLAND\', NULL, NULL, NULL, \'TANGERANG SELATAN\', \'BANTEN\', \'15411\', \'Edit-Murod-27-03-2023 10:02:47\', \'2023-03-27 10:02:47\', \'2023-03-27 10:02:47\')', 0)
 2 SYSTEMPATH\Database\BaseConnection.php(693): CodeIgniter\Database\MySQLi\Connection->execute('INSERT INTO `memombr` (`nomemo`, `tanggal`, `nospk`, `norangka`, `nomesin`, `kdmerek`, `kdmodel`, `kdtipe`, `kdwarna`, `tahun`, `pembayaran`, `kdleasing`, `lama_kredit`, `asuransi`, `kdasuransi`, `pembeli`, `penjualan`, `disc_team_harga`, `booking_fee`, `kaca_film`, `kdsales`, `status_sales`, `kdspv`, `kdcustomer`, `nmcustomer`, `alamat`, `kelurahan`, `kecamatan`, `kota`, `provinsi`, `kodepos`, `kdcustomer_stnk`, `nmcustomer_stnk`, `alamat_stnk`, `kelurahan_stnk`, `kecamatan_stnk`, `kota_stnk`, `provinsi_stnk`, `kodepos_stnk`, `user`, `created_at`, `updated_at`) VALUES (\'M20230300002\', \'2023-03-27T10:00:05\', \'1\', \'rangka\', \'mesin\', \'01\', \'CT\', \'CTH\', \'01\', \'2023\', \'KREDIT\', \'L20230300001\', \'5\', \'COVER\', \'A20230300001\', \'Non GSO\', \'On The Road\', \'500000\', \'\', \'kaca film\', \'RTA\', \'Sales Counter\', \'AMS\', \'C20221100002\', \'PT. GADING PRIMA AUTOLAND\', \'JL. RE. MARTADINATA NO.52\', \'CIPAYUANG\', \'CIPUTAT\', \'TANGERANG SELATAN\', \'BANTEN\', \'15411\', \'C20221100002\', \'PT. GADING PRIMA AUTOLAND\', NULL, NULL, NULL, \'TANGERANG SELATAN\', \'BANTEN\', \'15411\', \'Edit-Murod-27-03-2023 10:02:47\', \'2023-03-27 10:02:47\', \'2023-03-27 10:02:47\')')
 3 SYSTEMPATH\Database\BaseConnection.php(620): CodeIgniter\Database\BaseConnection->simpleQuery('INSERT INTO `memombr` (`nomemo`, `tanggal`, `nospk`, `norangka`, `nomesin`, `kdmerek`, `kdmodel`, `kdtipe`, `kdwarna`, `tahun`, `pembayaran`, `kdleasing`, `lama_kredit`, `asuransi`, `kdasuransi`, `pembeli`, `penjualan`, `disc_team_harga`, `booking_fee`, `kaca_film`, `kdsales`, `status_sales`, `kdspv`, `kdcustomer`, `nmcustomer`, `alamat`, `kelurahan`, `kecamatan`, `kota`, `provinsi`, `kodepos`, `kdcustomer_stnk`, `nmcustomer_stnk`, `alamat_stnk`, `kelurahan_stnk`, `kecamatan_stnk`, `kota_stnk`, `provinsi_stnk`, `kodepos_stnk`, `user`, `created_at`, `updated_at`) VALUES (\'M20230300002\', \'2023-03-27T10:00:05\', \'1\', \'rangka\', \'mesin\', \'01\', \'CT\', \'CTH\', \'01\', \'2023\', \'KREDIT\', \'L20230300001\', \'5\', \'COVER\', \'A20230300001\', \'Non GSO\', \'On The Road\', \'500000\', \'\', \'kaca film\', \'RTA\', \'Sales Counter\', \'AMS\', \'C20221100002\', \'PT. GADING PRIMA AUTOLAND\', \'JL. RE. MARTADINATA NO.52\', \'CIPAYUANG\', \'CIPUTAT\', \'TANGERANG SELATAN\', \'BANTEN\', \'15411\', \'C20221100002\', \'PT. GADING PRIMA AUTOLAND\', NULL, NULL, NULL, \'TANGERANG SELATAN\', \'BANTEN\', \'15411\', \'Edit-Murod-27-03-2023 10:02:47\', \'2023-03-27 10:02:47\', \'2023-03-27 10:02:47\')')
 4 SYSTEMPATH\Database\BaseBuilder.php(1916): CodeIgniter\Database\BaseConnection->query('INSERT INTO `memombr` (`nomemo`, `tanggal`, `nospk`, `norangka`, `nomesin`, `kdmerek`, `kdmodel`, `kdtipe`, `kdwarna`, `tahun`, `pembayaran`, `kdleasing`, `lama_kredit`, `asuransi`, `kdasuransi`, `pembeli`, `penjualan`, `disc_team_harga`, `booking_fee`, `kaca_film`, `kdsales`, `status_sales`, `kdspv`, `kdcustomer`, `nmcustomer`, `alamat`, `kelurahan`, `kecamatan`, `kota`, `provinsi`, `kodepos`, `kdcustomer_stnk`, `nmcustomer_stnk`, `alamat_stnk`, `kelurahan_stnk`, `kecamatan_stnk`, `kota_stnk`, `provinsi_stnk`, `kodepos_stnk`, `user`, `created_at`, `updated_at`) VALUES (:nomemo:, :tanggal:, :nospk:, :norangka:, :nomesin:, :kdmerek:, :kdmodel:, :kdtipe:, :kdwarna:, :tahun:, :pembayaran:, :kdleasing:, :lama_kredit:, :asuransi:, :kdasuransi:, :pembeli:, :penjualan:, :disc_team_harga:, :booking_fee:, :kaca_film:, :kdsales:, :status_sales:, :kdspv:, :kdcustomer:, :nmcustomer:, :alamat:, :kelurahan:, :kecamatan:, :kota:, :provinsi:, :kodepos:, :kdcustomer_stnk:, :nmcustomer_stnk:, :alamat_stnk:, :kelurahan_stnk:, :kecamatan_stnk:, :kota_stnk:, :provinsi_stnk:, :kodepos_stnk:, :user:, :created_at:, :updated_at:)', [...], false)
 5 SYSTEMPATH\Model.php(279): CodeIgniter\Database\BaseBuilder->insert()
 6 SYSTEMPATH\BaseModel.php(738): CodeIgniter\Model->doInsert([...])
 7 SYSTEMPATH\Model.php(667): CodeIgniter\BaseModel->insert([...], true)
 8 APPPATH\Controllers\Memombr.php(223): CodeIgniter\Model->insert([...])
 9 SYSTEMPATH\CodeIgniter.php(904): App\Controllers\Memombr->simpandata()
10 SYSTEMPATH\CodeIgniter.php(457): CodeIgniter\CodeIgniter->runController(Object(App\Controllers\Memombr))
11 SYSTEMPATH\CodeIgniter.php(340): CodeIgniter\CodeIgniter->handleRequest(null, Object(Config\Cache), false)
12 FCPATH\index.php(67): CodeIgniter\CodeIgniter->run()
13 SYSTEMPATH\Commands\Server\rewrite.php(43): require_once('FCPATH\\index.php')
ERROR - 2023-03-27 10:02:53 --> mysqli_sql_exception: Column 'alamat_stnk' cannot be null in D:\xampp\htdocs\bp\system\Database\MySQLi\Connection.php:292
Stack trace:
#0 D:\xampp\htdocs\bp\system\Database\MySQLi\Connection.php(292): mysqli->query('INSERT INTO `me...', 0)
#1 D:\xampp\htdocs\bp\system\Database\BaseConnection.php(693): CodeIgniter\Database\MySQLi\Connection->execute('INSERT INTO `me...')
#2 D:\xampp\htdocs\bp\system\Database\BaseConnection.php(620): CodeIgniter\Database\BaseConnection->simpleQuery('INSERT INTO `me...')
#3 D:\xampp\htdocs\bp\system\Database\BaseBuilder.php(1916): CodeIgniter\Database\BaseConnection->query('INSERT INTO `me...', Array, false)
#4 D:\xampp\htdocs\bp\system\Model.php(279): CodeIgniter\Database\BaseBuilder->insert()
#5 D:\xampp\htdocs\bp\system\BaseModel.php(738): CodeIgniter\Model->doInsert(Array)
#6 D:\xampp\htdocs\bp\system\Model.php(667): CodeIgniter\BaseModel->insert(Array, true)
#7 D:\xampp\htdocs\bp\app\Controllers\Memombr.php(223): CodeIgniter\Model->insert(Array)
#8 D:\xampp\htdocs\bp\system\CodeIgniter.php(904): App\Controllers\Memombr->simpandata()
#9 D:\xampp\htdocs\bp\system\CodeIgniter.php(457): CodeIgniter\CodeIgniter->runController(Object(App\Controllers\Memombr))
#10 D:\xampp\htdocs\bp\system\CodeIgniter.php(340): CodeIgniter\CodeIgniter->handleRequest(NULL, Object(Config\Cache), false)
#11 D:\xampp\htdocs\bp\public\index.php(67): CodeIgniter\CodeIgniter->run()
#12 D:\xampp\htdocs\bp\system\Commands\Server\rewrite.php(43): require_once('D:\\xampp\\htdocs...')
#13 {main}
CRITICAL - 2023-03-27 10:02:53 --> Column 'alamat_stnk' cannot be null
in SYSTEMPATH\Database\MySQLi\Connection.php on line 292.
 1 SYSTEMPATH\Database\MySQLi\Connection.php(292): mysqli->query('INSERT INTO `memombr` (`nomemo`, `tanggal`, `nospk`, `norangka`, `nomesin`, `kdmerek`, `kdmodel`, `kdtipe`, `kdwarna`, `tahun`, `pembayaran`, `kdleasing`, `lama_kredit`, `asuransi`, `kdasuransi`, `pembeli`, `penjualan`, `disc_team_harga`, `booking_fee`, `kaca_film`, `kdsales`, `status_sales`, `kdspv`, `kdcustomer`, `nmcustomer`, `alamat`, `kelurahan`, `kecamatan`, `kota`, `provinsi`, `kodepos`, `kdcustomer_stnk`, `nmcustomer_stnk`, `alamat_stnk`, `kelurahan_stnk`, `kecamatan_stnk`, `kota_stnk`, `provinsi_stnk`, `kodepos_stnk`, `user`, `created_at`, `updated_at`) VALUES (\'M20230300002\', \'2023-03-27T10:00:05\', \'1\', \'rangka\', \'mesin\', \'01\', \'CT\', \'CTH\', \'01\', \'2023\', \'KREDIT\', \'L20230300001\', \'5\', \'COVER\', \'A20230300001\', \'Non GSO\', \'On The Road\', \'500000\', \'\', \'kaca film\', \'RTA\', \'Sales Counter\', \'AMS\', \'C20221100002\', \'PT. GADING PRIMA AUTOLAND\', \'JL. RE. MARTADINATA NO.52\', \'CIPAYUANG\', \'CIPUTAT\', \'TANGERANG SELATAN\', \'BANTEN\', \'15411\', \'C20221100002\', \'PT. GADING PRIMA AUTOLAND\', NULL, NULL, NULL, \'TANGERANG SELATAN\', \'BANTEN\', \'15411\', \'Edit-Murod-27-03-2023 10:02:53\', \'2023-03-27 10:02:53\', \'2023-03-27 10:02:53\')', 0)
 2 SYSTEMPATH\Database\BaseConnection.php(693): CodeIgniter\Database\MySQLi\Connection->execute('INSERT INTO `memombr` (`nomemo`, `tanggal`, `nospk`, `norangka`, `nomesin`, `kdmerek`, `kdmodel`, `kdtipe`, `kdwarna`, `tahun`, `pembayaran`, `kdleasing`, `lama_kredit`, `asuransi`, `kdasuransi`, `pembeli`, `penjualan`, `disc_team_harga`, `booking_fee`, `kaca_film`, `kdsales`, `status_sales`, `kdspv`, `kdcustomer`, `nmcustomer`, `alamat`, `kelurahan`, `kecamatan`, `kota`, `provinsi`, `kodepos`, `kdcustomer_stnk`, `nmcustomer_stnk`, `alamat_stnk`, `kelurahan_stnk`, `kecamatan_stnk`, `kota_stnk`, `provinsi_stnk`, `kodepos_stnk`, `user`, `created_at`, `updated_at`) VALUES (\'M20230300002\', \'2023-03-27T10:00:05\', \'1\', \'rangka\', \'mesin\', \'01\', \'CT\', \'CTH\', \'01\', \'2023\', \'KREDIT\', \'L20230300001\', \'5\', \'COVER\', \'A20230300001\', \'Non GSO\', \'On The Road\', \'500000\', \'\', \'kaca film\', \'RTA\', \'Sales Counter\', \'AMS\', \'C20221100002\', \'PT. GADING PRIMA AUTOLAND\', \'JL. RE. MARTADINATA NO.52\', \'CIPAYUANG\', \'CIPUTAT\', \'TANGERANG SELATAN\', \'BANTEN\', \'15411\', \'C20221100002\', \'PT. GADING PRIMA AUTOLAND\', NULL, NULL, NULL, \'TANGERANG SELATAN\', \'BANTEN\', \'15411\', \'Edit-Murod-27-03-2023 10:02:53\', \'2023-03-27 10:02:53\', \'2023-03-27 10:02:53\')')
 3 SYSTEMPATH\Database\BaseConnection.php(620): CodeIgniter\Database\BaseConnection->simpleQuery('INSERT INTO `memombr` (`nomemo`, `tanggal`, `nospk`, `norangka`, `nomesin`, `kdmerek`, `kdmodel`, `kdtipe`, `kdwarna`, `tahun`, `pembayaran`, `kdleasing`, `lama_kredit`, `asuransi`, `kdasuransi`, `pembeli`, `penjualan`, `disc_team_harga`, `booking_fee`, `kaca_film`, `kdsales`, `status_sales`, `kdspv`, `kdcustomer`, `nmcustomer`, `alamat`, `kelurahan`, `kecamatan`, `kota`, `provinsi`, `kodepos`, `kdcustomer_stnk`, `nmcustomer_stnk`, `alamat_stnk`, `kelurahan_stnk`, `kecamatan_stnk`, `kota_stnk`, `provinsi_stnk`, `kodepos_stnk`, `user`, `created_at`, `updated_at`) VALUES (\'M20230300002\', \'2023-03-27T10:00:05\', \'1\', \'rangka\', \'mesin\', \'01\', \'CT\', \'CTH\', \'01\', \'2023\', \'KREDIT\', \'L20230300001\', \'5\', \'COVER\', \'A20230300001\', \'Non GSO\', \'On The Road\', \'500000\', \'\', \'kaca film\', \'RTA\', \'Sales Counter\', \'AMS\', \'C20221100002\', \'PT. GADING PRIMA AUTOLAND\', \'JL. RE. MARTADINATA NO.52\', \'CIPAYUANG\', \'CIPUTAT\', \'TANGERANG SELATAN\', \'BANTEN\', \'15411\', \'C20221100002\', \'PT. GADING PRIMA AUTOLAND\', NULL, NULL, NULL, \'TANGERANG SELATAN\', \'BANTEN\', \'15411\', \'Edit-Murod-27-03-2023 10:02:53\', \'2023-03-27 10:02:53\', \'2023-03-27 10:02:53\')')
 4 SYSTEMPATH\Database\BaseBuilder.php(1916): CodeIgniter\Database\BaseConnection->query('INSERT INTO `memombr` (`nomemo`, `tanggal`, `nospk`, `norangka`, `nomesin`, `kdmerek`, `kdmodel`, `kdtipe`, `kdwarna`, `tahun`, `pembayaran`, `kdleasing`, `lama_kredit`, `asuransi`, `kdasuransi`, `pembeli`, `penjualan`, `disc_team_harga`, `booking_fee`, `kaca_film`, `kdsales`, `status_sales`, `kdspv`, `kdcustomer`, `nmcustomer`, `alamat`, `kelurahan`, `kecamatan`, `kota`, `provinsi`, `kodepos`, `kdcustomer_stnk`, `nmcustomer_stnk`, `alamat_stnk`, `kelurahan_stnk`, `kecamatan_stnk`, `kota_stnk`, `provinsi_stnk`, `kodepos_stnk`, `user`, `created_at`, `updated_at`) VALUES (:nomemo:, :tanggal:, :nospk:, :norangka:, :nomesin:, :kdmerek:, :kdmodel:, :kdtipe:, :kdwarna:, :tahun:, :pembayaran:, :kdleasing:, :lama_kredit:, :asuransi:, :kdasuransi:, :pembeli:, :penjualan:, :disc_team_harga:, :booking_fee:, :kaca_film:, :kdsales:, :status_sales:, :kdspv:, :kdcustomer:, :nmcustomer:, :alamat:, :kelurahan:, :kecamatan:, :kota:, :provinsi:, :kodepos:, :kdcustomer_stnk:, :nmcustomer_stnk:, :alamat_stnk:, :kelurahan_stnk:, :kecamatan_stnk:, :kota_stnk:, :provinsi_stnk:, :kodepos_stnk:, :user:, :created_at:, :updated_at:)', [...], false)
 5 SYSTEMPATH\Model.php(279): CodeIgniter\Database\BaseBuilder->insert()
 6 SYSTEMPATH\BaseModel.php(738): CodeIgniter\Model->doInsert([...])
 7 SYSTEMPATH\Model.php(667): CodeIgniter\BaseModel->insert([...], true)
 8 APPPATH\Controllers\Memombr.php(223): CodeIgniter\Model->insert([...])
 9 SYSTEMPATH\CodeIgniter.php(904): App\Controllers\Memombr->simpandata()
10 SYSTEMPATH\CodeIgniter.php(457): CodeIgniter\CodeIgniter->runController(Object(App\Controllers\Memombr))
11 SYSTEMPATH\CodeIgniter.php(340): CodeIgniter\CodeIgniter->handleRequest(null, Object(Config\Cache), false)
12 FCPATH\index.php(67): CodeIgniter\CodeIgniter->run()
13 SYSTEMPATH\Commands\Server\rewrite.php(43): require_once('FCPATH\\index.php')
ERROR - 2023-03-27 10:02:56 --> mysqli_sql_exception: Column 'alamat_stnk' cannot be null in D:\xampp\htdocs\bp\system\Database\MySQLi\Connection.php:292
Stack trace:
#0 D:\xampp\htdocs\bp\system\Database\MySQLi\Connection.php(292): mysqli->query('INSERT INTO `me...', 0)
#1 D:\xampp\htdocs\bp\system\Database\BaseConnection.php(693): CodeIgniter\Database\MySQLi\Connection->execute('INSERT INTO `me...')
#2 D:\xampp\htdocs\bp\system\Database\BaseConnection.php(620): CodeIgniter\Database\BaseConnection->simpleQuery('INSERT INTO `me...')
#3 D:\xampp\htdocs\bp\system\Database\BaseBuilder.php(1916): CodeIgniter\Database\BaseConnection->query('INSERT INTO `me...', Array, false)
#4 D:\xampp\htdocs\bp\system\Model.php(279): CodeIgniter\Database\BaseBuilder->insert()
#5 D:\xampp\htdocs\bp\system\BaseModel.php(738): CodeIgniter\Model->doInsert(Array)
#6 D:\xampp\htdocs\bp\system\Model.php(667): CodeIgniter\BaseModel->insert(Array, true)
#7 D:\xampp\htdocs\bp\app\Controllers\Memombr.php(223): CodeIgniter\Model->insert(Array)
#8 D:\xampp\htdocs\bp\system\CodeIgniter.php(904): App\Controllers\Memombr->simpandata()
#9 D:\xampp\htdocs\bp\system\CodeIgniter.php(457): CodeIgniter\CodeIgniter->runController(Object(App\Controllers\Memombr))
#10 D:\xampp\htdocs\bp\system\CodeIgniter.php(340): CodeIgniter\CodeIgniter->handleRequest(NULL, Object(Config\Cache), false)
#11 D:\xampp\htdocs\bp\public\index.php(67): CodeIgniter\CodeIgniter->run()
#12 D:\xampp\htdocs\bp\system\Commands\Server\rewrite.php(43): require_once('D:\\xampp\\htdocs...')
#13 {main}
CRITICAL - 2023-03-27 10:02:56 --> Column 'alamat_stnk' cannot be null
in SYSTEMPATH\Database\MySQLi\Connection.php on line 292.
 1 SYSTEMPATH\Database\MySQLi\Connection.php(292): mysqli->query('INSERT INTO `memombr` (`nomemo`, `tanggal`, `nospk`, `norangka`, `nomesin`, `kdmerek`, `kdmodel`, `kdtipe`, `kdwarna`, `tahun`, `pembayaran`, `kdleasing`, `lama_kredit`, `asuransi`, `kdasuransi`, `pembeli`, `penjualan`, `disc_team_harga`, `booking_fee`, `kaca_film`, `kdsales`, `status_sales`, `kdspv`, `kdcustomer`, `nmcustomer`, `alamat`, `kelurahan`, `kecamatan`, `kota`, `provinsi`, `kodepos`, `kdcustomer_stnk`, `nmcustomer_stnk`, `alamat_stnk`, `kelurahan_stnk`, `kecamatan_stnk`, `kota_stnk`, `provinsi_stnk`, `kodepos_stnk`, `user`, `created_at`, `updated_at`) VALUES (\'M20230300002\', \'2023-03-27T10:00:05\', \'1\', \'rangka\', \'mesin\', \'01\', \'CT\', \'CTH\', \'01\', \'2023\', \'KREDIT\', \'L20230300001\', \'5\', \'COVER\', \'A20230300001\', \'Non GSO\', \'On The Road\', \'500000\', \'\', \'kaca film\', \'RTA\', \'Sales Counter\', \'AMS\', \'C20221100002\', \'PT. GADING PRIMA AUTOLAND\', \'JL. RE. MARTADINATA NO.52\', \'CIPAYUANG\', \'CIPUTAT\', \'TANGERANG SELATAN\', \'BANTEN\', \'15411\', \'C20221100002\', \'PT. GADING PRIMA AUTOLAND\', NULL, NULL, NULL, \'TANGERANG SELATAN\', \'BANTEN\', \'15411\', \'Edit-Murod-27-03-2023 10:02:56\', \'2023-03-27 10:02:56\', \'2023-03-27 10:02:56\')', 0)
 2 SYSTEMPATH\Database\BaseConnection.php(693): CodeIgniter\Database\MySQLi\Connection->execute('INSERT INTO `memombr` (`nomemo`, `tanggal`, `nospk`, `norangka`, `nomesin`, `kdmerek`, `kdmodel`, `kdtipe`, `kdwarna`, `tahun`, `pembayaran`, `kdleasing`, `lama_kredit`, `asuransi`, `kdasuransi`, `pembeli`, `penjualan`, `disc_team_harga`, `booking_fee`, `kaca_film`, `kdsales`, `status_sales`, `kdspv`, `kdcustomer`, `nmcustomer`, `alamat`, `kelurahan`, `kecamatan`, `kota`, `provinsi`, `kodepos`, `kdcustomer_stnk`, `nmcustomer_stnk`, `alamat_stnk`, `kelurahan_stnk`, `kecamatan_stnk`, `kota_stnk`, `provinsi_stnk`, `kodepos_stnk`, `user`, `created_at`, `updated_at`) VALUES (\'M20230300002\', \'2023-03-27T10:00:05\', \'1\', \'rangka\', \'mesin\', \'01\', \'CT\', \'CTH\', \'01\', \'2023\', \'KREDIT\', \'L20230300001\', \'5\', \'COVER\', \'A20230300001\', \'Non GSO\', \'On The Road\', \'500000\', \'\', \'kaca film\', \'RTA\', \'Sales Counter\', \'AMS\', \'C20221100002\', \'PT. GADING PRIMA AUTOLAND\', \'JL. RE. MARTADINATA NO.52\', \'CIPAYUANG\', \'CIPUTAT\', \'TANGERANG SELATAN\', \'BANTEN\', \'15411\', \'C20221100002\', \'PT. GADING PRIMA AUTOLAND\', NULL, NULL, NULL, \'TANGERANG SELATAN\', \'BANTEN\', \'15411\', \'Edit-Murod-27-03-2023 10:02:56\', \'2023-03-27 10:02:56\', \'2023-03-27 10:02:56\')')
 3 SYSTEMPATH\Database\BaseConnection.php(620): CodeIgniter\Database\BaseConnection->simpleQuery('INSERT INTO `memombr` (`nomemo`, `tanggal`, `nospk`, `norangka`, `nomesin`, `kdmerek`, `kdmodel`, `kdtipe`, `kdwarna`, `tahun`, `pembayaran`, `kdleasing`, `lama_kredit`, `asuransi`, `kdasuransi`, `pembeli`, `penjualan`, `disc_team_harga`, `booking_fee`, `kaca_film`, `kdsales`, `status_sales`, `kdspv`, `kdcustomer`, `nmcustomer`, `alamat`, `kelurahan`, `kecamatan`, `kota`, `provinsi`, `kodepos`, `kdcustomer_stnk`, `nmcustomer_stnk`, `alamat_stnk`, `kelurahan_stnk`, `kecamatan_stnk`, `kota_stnk`, `provinsi_stnk`, `kodepos_stnk`, `user`, `created_at`, `updated_at`) VALUES (\'M20230300002\', \'2023-03-27T10:00:05\', \'1\', \'rangka\', \'mesin\', \'01\', \'CT\', \'CTH\', \'01\', \'2023\', \'KREDIT\', \'L20230300001\', \'5\', \'COVER\', \'A20230300001\', \'Non GSO\', \'On The Road\', \'500000\', \'\', \'kaca film\', \'RTA\', \'Sales Counter\', \'AMS\', \'C20221100002\', \'PT. GADING PRIMA AUTOLAND\', \'JL. RE. MARTADINATA NO.52\', \'CIPAYUANG\', \'CIPUTAT\', \'TANGERANG SELATAN\', \'BANTEN\', \'15411\', \'C20221100002\', \'PT. GADING PRIMA AUTOLAND\', NULL, NULL, NULL, \'TANGERANG SELATAN\', \'BANTEN\', \'15411\', \'Edit-Murod-27-03-2023 10:02:56\', \'2023-03-27 10:02:56\', \'2023-03-27 10:02:56\')')
 4 SYSTEMPATH\Database\BaseBuilder.php(1916): CodeIgniter\Database\BaseConnection->query('INSERT INTO `memombr` (`nomemo`, `tanggal`, `nospk`, `norangka`, `nomesin`, `kdmerek`, `kdmodel`, `kdtipe`, `kdwarna`, `tahun`, `pembayaran`, `kdleasing`, `lama_kredit`, `asuransi`, `kdasuransi`, `pembeli`, `penjualan`, `disc_team_harga`, `booking_fee`, `kaca_film`, `kdsales`, `status_sales`, `kdspv`, `kdcustomer`, `nmcustomer`, `alamat`, `kelurahan`, `kecamatan`, `kota`, `provinsi`, `kodepos`, `kdcustomer_stnk`, `nmcustomer_stnk`, `alamat_stnk`, `kelurahan_stnk`, `kecamatan_stnk`, `kota_stnk`, `provinsi_stnk`, `kodepos_stnk`, `user`, `created_at`, `updated_at`) VALUES (:nomemo:, :tanggal:, :nospk:, :norangka:, :nomesin:, :kdmerek:, :kdmodel:, :kdtipe:, :kdwarna:, :tahun:, :pembayaran:, :kdleasing:, :lama_kredit:, :asuransi:, :kdasuransi:, :pembeli:, :penjualan:, :disc_team_harga:, :booking_fee:, :kaca_film:, :kdsales:, :status_sales:, :kdspv:, :kdcustomer:, :nmcustomer:, :alamat:, :kelurahan:, :kecamatan:, :kota:, :provinsi:, :kodepos:, :kdcustomer_stnk:, :nmcustomer_stnk:, :alamat_stnk:, :kelurahan_stnk:, :kecamatan_stnk:, :kota_stnk:, :provinsi_stnk:, :kodepos_stnk:, :user:, :created_at:, :updated_at:)', [...], false)
 5 SYSTEMPATH\Model.php(279): CodeIgniter\Database\BaseBuilder->insert()
 6 SYSTEMPATH\BaseModel.php(738): CodeIgniter\Model->doInsert([...])
 7 SYSTEMPATH\Model.php(667): CodeIgniter\BaseModel->insert([...], true)
 8 APPPATH\Controllers\Memombr.php(223): CodeIgniter\Model->insert([...])
 9 SYSTEMPATH\CodeIgniter.php(904): App\Controllers\Memombr->simpandata()
10 SYSTEMPATH\CodeIgniter.php(457): CodeIgniter\CodeIgniter->runController(Object(App\Controllers\Memombr))
11 SYSTEMPATH\CodeIgniter.php(340): CodeIgniter\CodeIgniter->handleRequest(null, Object(Config\Cache), false)
12 FCPATH\index.php(67): CodeIgniter\CodeIgniter->run()
13 SYSTEMPATH\Commands\Server\rewrite.php(43): require_once('FCPATH\\index.php')
ERROR - 2023-03-27 10:03:25 --> mysqli_sql_exception: Column 'alamat_stnk' cannot be null in D:\xampp\htdocs\bp\system\Database\MySQLi\Connection.php:292
Stack trace:
#0 D:\xampp\htdocs\bp\system\Database\MySQLi\Connection.php(292): mysqli->query('INSERT INTO `me...', 0)
#1 D:\xampp\htdocs\bp\system\Database\BaseConnection.php(693): CodeIgniter\Database\MySQLi\Connection->execute('INSERT INTO `me...')
#2 D:\xampp\htdocs\bp\system\Database\BaseConnection.php(620): CodeIgniter\Database\BaseConnection->simpleQuery('INSERT INTO `me...')
#3 D:\xampp\htdocs\bp\system\Database\BaseBuilder.php(1916): CodeIgniter\Database\BaseConnection->query('INSERT INTO `me...', Array, false)
#4 D:\xampp\htdocs\bp\system\Model.php(279): CodeIgniter\Database\BaseBuilder->insert()
#5 D:\xampp\htdocs\bp\system\BaseModel.php(738): CodeIgniter\Model->doInsert(Array)
#6 D:\xampp\htdocs\bp\system\Model.php(667): CodeIgniter\BaseModel->insert(Array, true)
#7 D:\xampp\htdocs\bp\app\Controllers\Memombr.php(223): CodeIgniter\Model->insert(Array)
#8 D:\xampp\htdocs\bp\system\CodeIgniter.php(904): App\Controllers\Memombr->simpandata()
#9 D:\xampp\htdocs\bp\system\CodeIgniter.php(457): CodeIgniter\CodeIgniter->runController(Object(App\Controllers\Memombr))
#10 D:\xampp\htdocs\bp\system\CodeIgniter.php(340): CodeIgniter\CodeIgniter->handleRequest(NULL, Object(Config\Cache), false)
#11 D:\xampp\htdocs\bp\public\index.php(67): CodeIgniter\CodeIgniter->run()
#12 D:\xampp\htdocs\bp\system\Commands\Server\rewrite.php(43): require_once('D:\\xampp\\htdocs...')
#13 {main}
CRITICAL - 2023-03-27 10:03:25 --> Column 'alamat_stnk' cannot be null
in SYSTEMPATH\Database\MySQLi\Connection.php on line 292.
 1 SYSTEMPATH\Database\MySQLi\Connection.php(292): mysqli->query('INSERT INTO `memombr` (`nomemo`, `tanggal`, `nospk`, `norangka`, `nomesin`, `kdmerek`, `kdmodel`, `kdtipe`, `kdwarna`, `tahun`, `pembayaran`, `kdleasing`, `lama_kredit`, `asuransi`, `kdasuransi`, `pembeli`, `penjualan`, `disc_team_harga`, `booking_fee`, `kaca_film`, `kdsales`, `status_sales`, `kdspv`, `kdcustomer`, `nmcustomer`, `alamat`, `kelurahan`, `kecamatan`, `kota`, `provinsi`, `kodepos`, `kdcustomer_stnk`, `nmcustomer_stnk`, `alamat_stnk`, `kelurahan_stnk`, `kecamatan_stnk`, `kota_stnk`, `provinsi_stnk`, `kodepos_stnk`, `user`, `created_at`, `updated_at`) VALUES (\'M20230300002\', \'2023-03-27T10:00:05\', \'1\', \'rangka\', \'mesin\', \'01\', \'CT\', \'CTH\', \'01\', \'2023\', \'KREDIT\', \'L20230300001\', \'5\', \'COVER\', \'A20230300001\', \'Non GSO\', \'On The Road\', \'500000\', \'\', \'kaca film\', \'RTA\', \'Sales Counter\', \'AMS\', \'C20221100002\', \'PT. GADING PRIMA AUTOLAND\', \'JL. RE. MARTADINATA NO.52\', \'CIPAYUANG\', \'CIPUTAT\', \'TANGERANG SELATAN\', \'BANTEN\', \'15411\', \'C20221100002\', \'PT. GADING PRIMA AUTOLAND\', NULL, NULL, NULL, \'TANGERANG SELATAN\', \'BANTEN\', \'15411\', \'Edit-Murod-27-03-2023 10:03:25\', \'2023-03-27 10:03:25\', \'2023-03-27 10:03:25\')', 0)
 2 SYSTEMPATH\Database\BaseConnection.php(693): CodeIgniter\Database\MySQLi\Connection->execute('INSERT INTO `memombr` (`nomemo`, `tanggal`, `nospk`, `norangka`, `nomesin`, `kdmerek`, `kdmodel`, `kdtipe`, `kdwarna`, `tahun`, `pembayaran`, `kdleasing`, `lama_kredit`, `asuransi`, `kdasuransi`, `pembeli`, `penjualan`, `disc_team_harga`, `booking_fee`, `kaca_film`, `kdsales`, `status_sales`, `kdspv`, `kdcustomer`, `nmcustomer`, `alamat`, `kelurahan`, `kecamatan`, `kota`, `provinsi`, `kodepos`, `kdcustomer_stnk`, `nmcustomer_stnk`, `alamat_stnk`, `kelurahan_stnk`, `kecamatan_stnk`, `kota_stnk`, `provinsi_stnk`, `kodepos_stnk`, `user`, `created_at`, `updated_at`) VALUES (\'M20230300002\', \'2023-03-27T10:00:05\', \'1\', \'rangka\', \'mesin\', \'01\', \'CT\', \'CTH\', \'01\', \'2023\', \'KREDIT\', \'L20230300001\', \'5\', \'COVER\', \'A20230300001\', \'Non GSO\', \'On The Road\', \'500000\', \'\', \'kaca film\', \'RTA\', \'Sales Counter\', \'AMS\', \'C20221100002\', \'PT. GADING PRIMA AUTOLAND\', \'JL. RE. MARTADINATA NO.52\', \'CIPAYUANG\', \'CIPUTAT\', \'TANGERANG SELATAN\', \'BANTEN\', \'15411\', \'C20221100002\', \'PT. GADING PRIMA AUTOLAND\', NULL, NULL, NULL, \'TANGERANG SELATAN\', \'BANTEN\', \'15411\', \'Edit-Murod-27-03-2023 10:03:25\', \'2023-03-27 10:03:25\', \'2023-03-27 10:03:25\')')
 3 SYSTEMPATH\Database\BaseConnection.php(620): CodeIgniter\Database\BaseConnection->simpleQuery('INSERT INTO `memombr` (`nomemo`, `tanggal`, `nospk`, `norangka`, `nomesin`, `kdmerek`, `kdmodel`, `kdtipe`, `kdwarna`, `tahun`, `pembayaran`, `kdleasing`, `lama_kredit`, `asuransi`, `kdasuransi`, `pembeli`, `penjualan`, `disc_team_harga`, `booking_fee`, `kaca_film`, `kdsales`, `status_sales`, `kdspv`, `kdcustomer`, `nmcustomer`, `alamat`, `kelurahan`, `kecamatan`, `kota`, `provinsi`, `kodepos`, `kdcustomer_stnk`, `nmcustomer_stnk`, `alamat_stnk`, `kelurahan_stnk`, `kecamatan_stnk`, `kota_stnk`, `provinsi_stnk`, `kodepos_stnk`, `user`, `created_at`, `updated_at`) VALUES (\'M20230300002\', \'2023-03-27T10:00:05\', \'1\', \'rangka\', \'mesin\', \'01\', \'CT\', \'CTH\', \'01\', \'2023\', \'KREDIT\', \'L20230300001\', \'5\', \'COVER\', \'A20230300001\', \'Non GSO\', \'On The Road\', \'500000\', \'\', \'kaca film\', \'RTA\', \'Sales Counter\', \'AMS\', \'C20221100002\', \'PT. GADING PRIMA AUTOLAND\', \'JL. RE. MARTADINATA NO.52\', \'CIPAYUANG\', \'CIPUTAT\', \'TANGERANG SELATAN\', \'BANTEN\', \'15411\', \'C20221100002\', \'PT. GADING PRIMA AUTOLAND\', NULL, NULL, NULL, \'TANGERANG SELATAN\', \'BANTEN\', \'15411\', \'Edit-Murod-27-03-2023 10:03:25\', \'2023-03-27 10:03:25\', \'2023-03-27 10:03:25\')')
 4 SYSTEMPATH\Database\BaseBuilder.php(1916): CodeIgniter\Database\BaseConnection->query('INSERT INTO `memombr` (`nomemo`, `tanggal`, `nospk`, `norangka`, `nomesin`, `kdmerek`, `kdmodel`, `kdtipe`, `kdwarna`, `tahun`, `pembayaran`, `kdleasing`, `lama_kredit`, `asuransi`, `kdasuransi`, `pembeli`, `penjualan`, `disc_team_harga`, `booking_fee`, `kaca_film`, `kdsales`, `status_sales`, `kdspv`, `kdcustomer`, `nmcustomer`, `alamat`, `kelurahan`, `kecamatan`, `kota`, `provinsi`, `kodepos`, `kdcustomer_stnk`, `nmcustomer_stnk`, `alamat_stnk`, `kelurahan_stnk`, `kecamatan_stnk`, `kota_stnk`, `provinsi_stnk`, `kodepos_stnk`, `user`, `created_at`, `updated_at`) VALUES (:nomemo:, :tanggal:, :nospk:, :norangka:, :nomesin:, :kdmerek:, :kdmodel:, :kdtipe:, :kdwarna:, :tahun:, :pembayaran:, :kdleasing:, :lama_kredit:, :asuransi:, :kdasuransi:, :pembeli:, :penjualan:, :disc_team_harga:, :booking_fee:, :kaca_film:, :kdsales:, :status_sales:, :kdspv:, :kdcustomer:, :nmcustomer:, :alamat:, :kelurahan:, :kecamatan:, :kota:, :provinsi:, :kodepos:, :kdcustomer_stnk:, :nmcustomer_stnk:, :alamat_stnk:, :kelurahan_stnk:, :kecamatan_stnk:, :kota_stnk:, :provinsi_stnk:, :kodepos_stnk:, :user:, :created_at:, :updated_at:)', [...], false)
 5 SYSTEMPATH\Model.php(279): CodeIgniter\Database\BaseBuilder->insert()
 6 SYSTEMPATH\BaseModel.php(738): CodeIgniter\Model->doInsert([...])
 7 SYSTEMPATH\Model.php(667): CodeIgniter\BaseModel->insert([...], true)
 8 APPPATH\Controllers\Memombr.php(223): CodeIgniter\Model->insert([...])
 9 SYSTEMPATH\CodeIgniter.php(904): App\Controllers\Memombr->simpandata()
10 SYSTEMPATH\CodeIgniter.php(457): CodeIgniter\CodeIgniter->runController(Object(App\Controllers\Memombr))
11 SYSTEMPATH\CodeIgniter.php(340): CodeIgniter\CodeIgniter->handleRequest(null, Object(Config\Cache), false)
12 FCPATH\index.php(67): CodeIgniter\CodeIgniter->run()
13 SYSTEMPATH\Commands\Server\rewrite.php(43): require_once('FCPATH\\index.php')
ERROR - 2023-03-27 10:03:28 --> mysqli_sql_exception: Column 'alamat_stnk' cannot be null in D:\xampp\htdocs\bp\system\Database\MySQLi\Connection.php:292
Stack trace:
#0 D:\xampp\htdocs\bp\system\Database\MySQLi\Connection.php(292): mysqli->query('INSERT INTO `me...', 0)
#1 D:\xampp\htdocs\bp\system\Database\BaseConnection.php(693): CodeIgniter\Database\MySQLi\Connection->execute('INSERT INTO `me...')
#2 D:\xampp\htdocs\bp\system\Database\BaseConnection.php(620): CodeIgniter\Database\BaseConnection->simpleQuery('INSERT INTO `me...')
#3 D:\xampp\htdocs\bp\system\Database\BaseBuilder.php(1916): CodeIgniter\Database\BaseConnection->query('INSERT INTO `me...', Array, false)
#4 D:\xampp\htdocs\bp\system\Model.php(279): CodeIgniter\Database\BaseBuilder->insert()
#5 D:\xampp\htdocs\bp\system\BaseModel.php(738): CodeIgniter\Model->doInsert(Array)
#6 D:\xampp\htdocs\bp\system\Model.php(667): CodeIgniter\BaseModel->insert(Array, true)
#7 D:\xampp\htdocs\bp\app\Controllers\Memombr.php(223): CodeIgniter\Model->insert(Array)
#8 D:\xampp\htdocs\bp\system\CodeIgniter.php(904): App\Controllers\Memombr->simpandata()
#9 D:\xampp\htdocs\bp\system\CodeIgniter.php(457): CodeIgniter\CodeIgniter->runController(Object(App\Controllers\Memombr))
#10 D:\xampp\htdocs\bp\system\CodeIgniter.php(340): CodeIgniter\CodeIgniter->handleRequest(NULL, Object(Config\Cache), false)
#11 D:\xampp\htdocs\bp\public\index.php(67): CodeIgniter\CodeIgniter->run()
#12 D:\xampp\htdocs\bp\system\Commands\Server\rewrite.php(43): require_once('D:\\xampp\\htdocs...')
#13 {main}
CRITICAL - 2023-03-27 10:03:28 --> Column 'alamat_stnk' cannot be null
in SYSTEMPATH\Database\MySQLi\Connection.php on line 292.
 1 SYSTEMPATH\Database\MySQLi\Connection.php(292): mysqli->query('INSERT INTO `memombr` (`nomemo`, `tanggal`, `nospk`, `norangka`, `nomesin`, `kdmerek`, `kdmodel`, `kdtipe`, `kdwarna`, `tahun`, `pembayaran`, `kdleasing`, `lama_kredit`, `asuransi`, `kdasuransi`, `pembeli`, `penjualan`, `disc_team_harga`, `booking_fee`, `kaca_film`, `kdsales`, `status_sales`, `kdspv`, `kdcustomer`, `nmcustomer`, `alamat`, `kelurahan`, `kecamatan`, `kota`, `provinsi`, `kodepos`, `kdcustomer_stnk`, `nmcustomer_stnk`, `alamat_stnk`, `kelurahan_stnk`, `kecamatan_stnk`, `kota_stnk`, `provinsi_stnk`, `kodepos_stnk`, `user`, `created_at`, `updated_at`) VALUES (\'M20230300002\', \'2023-03-27T10:00:05\', \'1\', \'rangka\', \'mesin\', \'01\', \'CT\', \'CTH\', \'01\', \'2023\', \'KREDIT\', \'L20230300001\', \'5\', \'COVER\', \'A20230300001\', \'Non GSO\', \'On The Road\', \'500000\', \'\', \'kaca film\', \'RTA\', \'Sales Counter\', \'AMS\', \'C20221100002\', \'PT. GADING PRIMA AUTOLAND\', \'JL. RE. MARTADINATA NO.52\', \'CIPAYUANG\', \'CIPUTAT\', \'TANGERANG SELATAN\', \'BANTEN\', \'15411\', \'C20221100002\', \'PT. GADING PRIMA AUTOLAND\', NULL, NULL, NULL, \'TANGERANG SELATAN\', \'BANTEN\', \'15411\', \'Edit-Murod-27-03-2023 10:03:28\', \'2023-03-27 10:03:28\', \'2023-03-27 10:03:28\')', 0)
 2 SYSTEMPATH\Database\BaseConnection.php(693): CodeIgniter\Database\MySQLi\Connection->execute('INSERT INTO `memombr` (`nomemo`, `tanggal`, `nospk`, `norangka`, `nomesin`, `kdmerek`, `kdmodel`, `kdtipe`, `kdwarna`, `tahun`, `pembayaran`, `kdleasing`, `lama_kredit`, `asuransi`, `kdasuransi`, `pembeli`, `penjualan`, `disc_team_harga`, `booking_fee`, `kaca_film`, `kdsales`, `status_sales`, `kdspv`, `kdcustomer`, `nmcustomer`, `alamat`, `kelurahan`, `kecamatan`, `kota`, `provinsi`, `kodepos`, `kdcustomer_stnk`, `nmcustomer_stnk`, `alamat_stnk`, `kelurahan_stnk`, `kecamatan_stnk`, `kota_stnk`, `provinsi_stnk`, `kodepos_stnk`, `user`, `created_at`, `updated_at`) VALUES (\'M20230300002\', \'2023-03-27T10:00:05\', \'1\', \'rangka\', \'mesin\', \'01\', \'CT\', \'CTH\', \'01\', \'2023\', \'KREDIT\', \'L20230300001\', \'5\', \'COVER\', \'A20230300001\', \'Non GSO\', \'On The Road\', \'500000\', \'\', \'kaca film\', \'RTA\', \'Sales Counter\', \'AMS\', \'C20221100002\', \'PT. GADING PRIMA AUTOLAND\', \'JL. RE. MARTADINATA NO.52\', \'CIPAYUANG\', \'CIPUTAT\', \'TANGERANG SELATAN\', \'BANTEN\', \'15411\', \'C20221100002\', \'PT. GADING PRIMA AUTOLAND\', NULL, NULL, NULL, \'TANGERANG SELATAN\', \'BANTEN\', \'15411\', \'Edit-Murod-27-03-2023 10:03:28\', \'2023-03-27 10:03:28\', \'2023-03-27 10:03:28\')')
 3 SYSTEMPATH\Database\BaseConnection.php(620): CodeIgniter\Database\BaseConnection->simpleQuery('INSERT INTO `memombr` (`nomemo`, `tanggal`, `nospk`, `norangka`, `nomesin`, `kdmerek`, `kdmodel`, `kdtipe`, `kdwarna`, `tahun`, `pembayaran`, `kdleasing`, `lama_kredit`, `asuransi`, `kdasuransi`, `pembeli`, `penjualan`, `disc_team_harga`, `booking_fee`, `kaca_film`, `kdsales`, `status_sales`, `kdspv`, `kdcustomer`, `nmcustomer`, `alamat`, `kelurahan`, `kecamatan`, `kota`, `provinsi`, `kodepos`, `kdcustomer_stnk`, `nmcustomer_stnk`, `alamat_stnk`, `kelurahan_stnk`, `kecamatan_stnk`, `kota_stnk`, `provinsi_stnk`, `kodepos_stnk`, `user`, `created_at`, `updated_at`) VALUES (\'M20230300002\', \'2023-03-27T10:00:05\', \'1\', \'rangka\', \'mesin\', \'01\', \'CT\', \'CTH\', \'01\', \'2023\', \'KREDIT\', \'L20230300001\', \'5\', \'COVER\', \'A20230300001\', \'Non GSO\', \'On The Road\', \'500000\', \'\', \'kaca film\', \'RTA\', \'Sales Counter\', \'AMS\', \'C20221100002\', \'PT. GADING PRIMA AUTOLAND\', \'JL. RE. MARTADINATA NO.52\', \'CIPAYUANG\', \'CIPUTAT\', \'TANGERANG SELATAN\', \'BANTEN\', \'15411\', \'C20221100002\', \'PT. GADING PRIMA AUTOLAND\', NULL, NULL, NULL, \'TANGERANG SELATAN\', \'BANTEN\', \'15411\', \'Edit-Murod-27-03-2023 10:03:28\', \'2023-03-27 10:03:28\', \'2023-03-27 10:03:28\')')
 4 SYSTEMPATH\Database\BaseBuilder.php(1916): CodeIgniter\Database\BaseConnection->query('INSERT INTO `memombr` (`nomemo`, `tanggal`, `nospk`, `norangka`, `nomesin`, `kdmerek`, `kdmodel`, `kdtipe`, `kdwarna`, `tahun`, `pembayaran`, `kdleasing`, `lama_kredit`, `asuransi`, `kdasuransi`, `pembeli`, `penjualan`, `disc_team_harga`, `booking_fee`, `kaca_film`, `kdsales`, `status_sales`, `kdspv`, `kdcustomer`, `nmcustomer`, `alamat`, `kelurahan`, `kecamatan`, `kota`, `provinsi`, `kodepos`, `kdcustomer_stnk`, `nmcustomer_stnk`, `alamat_stnk`, `kelurahan_stnk`, `kecamatan_stnk`, `kota_stnk`, `provinsi_stnk`, `kodepos_stnk`, `user`, `created_at`, `updated_at`) VALUES (:nomemo:, :tanggal:, :nospk:, :norangka:, :nomesin:, :kdmerek:, :kdmodel:, :kdtipe:, :kdwarna:, :tahun:, :pembayaran:, :kdleasing:, :lama_kredit:, :asuransi:, :kdasuransi:, :pembeli:, :penjualan:, :disc_team_harga:, :booking_fee:, :kaca_film:, :kdsales:, :status_sales:, :kdspv:, :kdcustomer:, :nmcustomer:, :alamat:, :kelurahan:, :kecamatan:, :kota:, :provinsi:, :kodepos:, :kdcustomer_stnk:, :nmcustomer_stnk:, :alamat_stnk:, :kelurahan_stnk:, :kecamatan_stnk:, :kota_stnk:, :provinsi_stnk:, :kodepos_stnk:, :user:, :created_at:, :updated_at:)', [...], false)
 5 SYSTEMPATH\Model.php(279): CodeIgniter\Database\BaseBuilder->insert()
 6 SYSTEMPATH\BaseModel.php(738): CodeIgniter\Model->doInsert([...])
 7 SYSTEMPATH\Model.php(667): CodeIgniter\BaseModel->insert([...], true)
 8 APPPATH\Controllers\Memombr.php(223): CodeIgniter\Model->insert([...])
 9 SYSTEMPATH\CodeIgniter.php(904): App\Controllers\Memombr->simpandata()
10 SYSTEMPATH\CodeIgniter.php(457): CodeIgniter\CodeIgniter->runController(Object(App\Controllers\Memombr))
11 SYSTEMPATH\CodeIgniter.php(340): CodeIgniter\CodeIgniter->handleRequest(null, Object(Config\Cache), false)
12 FCPATH\index.php(67): CodeIgniter\CodeIgniter->run()
13 SYSTEMPATH\Commands\Server\rewrite.php(43): require_once('FCPATH\\index.php')
CRITICAL - 2023-03-27 10:21:41 --> Undefined array key "nomemombr"
in APPPATH\Controllers\Memombr.php on line 238.
 1 APPPATH\Controllers\Memombr.php(238): CodeIgniter\Debug\Exceptions->errorHandler(2, 'Undefined array key "nomemombr"', 'APPPATH\\Controllers\\Memombr.php', 238)
 2 SYSTEMPATH\CodeIgniter.php(904): App\Controllers\Memombr->hapus('52')
 3 SYSTEMPATH\CodeIgniter.php(457): CodeIgniter\CodeIgniter->runController(Object(App\Controllers\Memombr))
 4 SYSTEMPATH\CodeIgniter.php(340): CodeIgniter\CodeIgniter->handleRequest(null, Object(Config\Cache), false)
 5 FCPATH\index.php(67): CodeIgniter\CodeIgniter->run()
 6 SYSTEMPATH\Commands\Server\rewrite.php(43): require_once('FCPATH\\index.php')
CRITICAL - 2023-03-27 11:11:57 --> Call to a member function find() on null
in APPPATH\Controllers\Memombr.php on line 238.
 1 SYSTEMPATH\CodeIgniter.php(904): App\Controllers\Memombr->formedit()
 2 SYSTEMPATH\CodeIgniter.php(457): CodeIgniter\CodeIgniter->runController(Object(App\Controllers\Memombr))
 3 SYSTEMPATH\CodeIgniter.php(340): CodeIgniter\CodeIgniter->handleRequest(null, Object(Config\Cache), false)
 4 FCPATH\index.php(67): CodeIgniter\CodeIgniter->run()
 5 SYSTEMPATH\Commands\Server\rewrite.php(43): require_once('FCPATH\\index.php')
CRITICAL - 2023-03-27 11:12:10 --> Undefined variable $tbagama
in APPPATH\Views\memombr\modaledit.php on line 10.
 1 APPPATH\Views\memombr\modaledit.php(10): CodeIgniter\Debug\Exceptions->errorHandler(2, 'Undefined variable $tbagama', 'APPPATH\\Views\\memombr\\modaledit.php', 10)
 2 SYSTEMPATH\View\View.php(213): include('APPPATH\\Views\\memombr\\modaledit.php')
 3 SYSTEMPATH\View\View.php(216): CodeIgniter\View\View->CodeIgniter\View\{closure}()
 4 SYSTEMPATH\Common.php(1142): CodeIgniter\View\View->render('memombr/modaledit', [], true)
 5 APPPATH\Controllers\Memombr.php(247): view('memombr/modaledit', [...])
 6 SYSTEMPATH\CodeIgniter.php(904): App\Controllers\Memombr->formedit()
 7 SYSTEMPATH\CodeIgniter.php(457): CodeIgniter\CodeIgniter->runController(Object(App\Controllers\Memombr))
 8 SYSTEMPATH\CodeIgniter.php(340): CodeIgniter\CodeIgniter->handleRequest(null, Object(Config\Cache), false)
 9 FCPATH\index.php(67): CodeIgniter\CodeIgniter->run()
10 SYSTEMPATH\Commands\Server\rewrite.php(43): require_once('FCPATH\\index.php')
CRITICAL - 2023-03-27 11:13:41 --> Undefined variable $tbagama
in APPPATH\Views\memombr\modaledit.php on line 10.
 1 APPPATH\Views\memombr\modaledit.php(10): CodeIgniter\Debug\Exceptions->errorHandler(2, 'Undefined variable $tbagama', 'APPPATH\\Views\\memombr\\modaledit.php', 10)
 2 SYSTEMPATH\View\View.php(213): include('APPPATH\\Views\\memombr\\modaledit.php')
 3 SYSTEMPATH\View\View.php(216): CodeIgniter\View\View->CodeIgniter\View\{closure}()
 4 SYSTEMPATH\Common.php(1142): CodeIgniter\View\View->render('memombr/modaledit', [], true)
 5 APPPATH\Controllers\Memombr.php(247): view('memombr/modaledit', [...])
 6 SYSTEMPATH\CodeIgniter.php(904): App\Controllers\Memombr->formedit()
 7 SYSTEMPATH\CodeIgniter.php(457): CodeIgniter\CodeIgniter->runController(Object(App\Controllers\Memombr))
 8 SYSTEMPATH\CodeIgniter.php(340): CodeIgniter\CodeIgniter->handleRequest(null, Object(Config\Cache), false)
 9 FCPATH\index.php(67): CodeIgniter\CodeIgniter->run()
10 SYSTEMPATH\Commands\Server\rewrite.php(43): require_once('FCPATH\\index.php')
CRITICAL - 2023-03-27 11:13:43 --> Undefined variable $tbagama
in APPPATH\Views\memombr\modaledit.php on line 10.
 1 APPPATH\Views\memombr\modaledit.php(10): CodeIgniter\Debug\Exceptions->errorHandler(2, 'Undefined variable $tbagama', 'APPPATH\\Views\\memombr\\modaledit.php', 10)
 2 SYSTEMPATH\View\View.php(213): include('APPPATH\\Views\\memombr\\modaledit.php')
 3 SYSTEMPATH\View\View.php(216): CodeIgniter\View\View->CodeIgniter\View\{closure}()
 4 SYSTEMPATH\Common.php(1142): CodeIgniter\View\View->render('memombr/modaledit', [], true)
 5 APPPATH\Controllers\Memombr.php(247): view('memombr/modaledit', [...])
 6 SYSTEMPATH\CodeIgniter.php(904): App\Controllers\Memombr->formedit()
 7 SYSTEMPATH\CodeIgniter.php(457): CodeIgniter\CodeIgniter->runController(Object(App\Controllers\Memombr))
 8 SYSTEMPATH\CodeIgniter.php(340): CodeIgniter\CodeIgniter->handleRequest(null, Object(Config\Cache), false)
 9 FCPATH\index.php(67): CodeIgniter\CodeIgniter->run()
10 SYSTEMPATH\Commands\Server\rewrite.php(43): require_once('FCPATH\\index.php')
CRITICAL - 2023-03-27 11:14:05 --> Undefined variable $tbagama
in APPPATH\Views\memombr\modaledit.php on line 10.
 1 APPPATH\Views\memombr\modaledit.php(10): CodeIgniter\Debug\Exceptions->errorHandler(2, 'Undefined variable $tbagama', 'APPPATH\\Views\\memombr\\modaledit.php', 10)
 2 SYSTEMPATH\View\View.php(213): include('APPPATH\\Views\\memombr\\modaledit.php')
 3 SYSTEMPATH\View\View.php(216): CodeIgniter\View\View->CodeIgniter\View\{closure}()
 4 SYSTEMPATH\Common.php(1142): CodeIgniter\View\View->render('memombr/modaledit', [], true)
 5 APPPATH\Controllers\Memombr.php(247): view('memombr/modaledit', [...])
 6 SYSTEMPATH\CodeIgniter.php(904): App\Controllers\Memombr->formedit()
 7 SYSTEMPATH\CodeIgniter.php(457): CodeIgniter\CodeIgniter->runController(Object(App\Controllers\Memombr))
 8 SYSTEMPATH\CodeIgniter.php(340): CodeIgniter\CodeIgniter->handleRequest(null, Object(Config\Cache), false)
 9 FCPATH\index.php(67): CodeIgniter\CodeIgniter->run()
10 SYSTEMPATH\Commands\Server\rewrite.php(43): require_once('FCPATH\\index.php')
CRITICAL - 2023-03-27 11:14:44 --> Undefined variable $tgl
in APPPATH\Views\memombr\modaledit.php on line 23.
 1 APPPATH\Views\memombr\modaledit.php(23): CodeIgniter\Debug\Exceptions->errorHandler(2, 'Undefined variable $tgl', 'APPPATH\\Views\\memombr\\modaledit.php', 23)
 2 SYSTEMPATH\View\View.php(213): include('APPPATH\\Views\\memombr\\modaledit.php')
 3 SYSTEMPATH\View\View.php(216): CodeIgniter\View\View->CodeIgniter\View\{closure}()
 4 SYSTEMPATH\Common.php(1142): CodeIgniter\View\View->render('memombr/modaledit', [], true)
 5 APPPATH\Controllers\Memombr.php(247): view('memombr/modaledit', [...])
 6 SYSTEMPATH\CodeIgniter.php(904): App\Controllers\Memombr->formedit()
 7 SYSTEMPATH\CodeIgniter.php(457): CodeIgniter\CodeIgniter->runController(Object(App\Controllers\Memombr))
 8 SYSTEMPATH\CodeIgniter.php(340): CodeIgniter\CodeIgniter->handleRequest(null, Object(Config\Cache), false)
 9 FCPATH\index.php(67): CodeIgniter\CodeIgniter->run()
10 SYSTEMPATH\Commands\Server\rewrite.php(43): require_once('FCPATH\\index.php')
CRITICAL - 2023-03-27 11:15:14 --> Undefined variable $tgl
in APPPATH\Views\memombr\modaledit.php on line 23.
 1 APPPATH\Views\memombr\modaledit.php(23): CodeIgniter\Debug\Exceptions->errorHandler(2, 'Undefined variable $tgl', 'APPPATH\\Views\\memombr\\modaledit.php', 23)
 2 SYSTEMPATH\View\View.php(213): include('APPPATH\\Views\\memombr\\modaledit.php')
 3 SYSTEMPATH\View\View.php(216): CodeIgniter\View\View->CodeIgniter\View\{closure}()
 4 SYSTEMPATH\Common.php(1142): CodeIgniter\View\View->render('memombr/modaledit', [], true)
 5 APPPATH\Controllers\Memombr.php(247): view('memombr/modaledit', [...])
 6 SYSTEMPATH\CodeIgniter.php(904): App\Controllers\Memombr->formedit()
 7 SYSTEMPATH\CodeIgniter.php(457): CodeIgniter\CodeIgniter->runController(Object(App\Controllers\Memombr))
 8 SYSTEMPATH\CodeIgniter.php(340): CodeIgniter\CodeIgniter->handleRequest(null, Object(Config\Cache), false)
 9 FCPATH\index.php(67): CodeIgniter\CodeIgniter->run()
10 SYSTEMPATH\Commands\Server\rewrite.php(43): require_once('FCPATH\\index.php')
CRITICAL - 2023-03-27 11:15:47 --> Undefined variable $tbmerek
in APPPATH\Views\memombr\modaledit.php on line 261.
 1 APPPATH\Views\memombr\modaledit.php(261): CodeIgniter\Debug\Exceptions->errorHandler(2, 'Undefined variable $tbmerek', 'APPPATH\\Views\\memombr\\modaledit.php', 261)
 2 SYSTEMPATH\View\View.php(213): include('APPPATH\\Views\\memombr\\modaledit.php')
 3 SYSTEMPATH\View\View.php(216): CodeIgniter\View\View->CodeIgniter\View\{closure}()
 4 SYSTEMPATH\Common.php(1142): CodeIgniter\View\View->render('memombr/modaledit', [], true)
 5 APPPATH\Controllers\Memombr.php(247): view('memombr/modaledit', [...])
 6 SYSTEMPATH\CodeIgniter.php(904): App\Controllers\Memombr->formedit()
 7 SYSTEMPATH\CodeIgniter.php(457): CodeIgniter\CodeIgniter->runController(Object(App\Controllers\Memombr))
 8 SYSTEMPATH\CodeIgniter.php(340): CodeIgniter\CodeIgniter->handleRequest(null, Object(Config\Cache), false)
 9 FCPATH\index.php(67): CodeIgniter\CodeIgniter->run()
10 SYSTEMPATH\Commands\Server\rewrite.php(43): require_once('FCPATH\\index.php')
CRITICAL - 2023-03-27 11:40:08 --> Undefined array key "nmkreditur"
in APPPATH\Views\memombr\modaledit.php on line 108.
 1 APPPATH\Views\memombr\modaledit.php(108): CodeIgniter\Debug\Exceptions->errorHandler(2, 'Undefined array key "nmkreditur"', 'APPPATH\\Views\\memombr\\modaledit.php', 108)
 2 SYSTEMPATH\View\View.php(213): include('APPPATH\\Views\\memombr\\modaledit.php')
 3 SYSTEMPATH\View\View.php(216): CodeIgniter\View\View->CodeIgniter\View\{closure}()
 4 SYSTEMPATH\Common.php(1142): CodeIgniter\View\View->render('memombr/modaledit', [], true)
 5 APPPATH\Controllers\Memombr.php(252): view('memombr/modaledit', [...])
 6 SYSTEMPATH\CodeIgniter.php(904): App\Controllers\Memombr->formedit()
 7 SYSTEMPATH\CodeIgniter.php(457): CodeIgniter\CodeIgniter->runController(Object(App\Controllers\Memombr))
 8 SYSTEMPATH\CodeIgniter.php(340): CodeIgniter\CodeIgniter->handleRequest(null, Object(Config\Cache), false)
 9 FCPATH\index.php(67): CodeIgniter\CodeIgniter->run()
10 SYSTEMPATH\Commands\Server\rewrite.php(43): require_once('FCPATH\\index.php')
CRITICAL - 2023-03-27 11:40:24 --> Undefined array key "nmkreditur"
in APPPATH\Views\memombr\modaledit.php on line 108.
 1 APPPATH\Views\memombr\modaledit.php(108): CodeIgniter\Debug\Exceptions->errorHandler(2, 'Undefined array key "nmkreditur"', 'APPPATH\\Views\\memombr\\modaledit.php', 108)
 2 SYSTEMPATH\View\View.php(213): include('APPPATH\\Views\\memombr\\modaledit.php')
 3 SYSTEMPATH\View\View.php(216): CodeIgniter\View\View->CodeIgniter\View\{closure}()
 4 SYSTEMPATH\Common.php(1142): CodeIgniter\View\View->render('memombr/modaledit', [], true)
 5 APPPATH\Controllers\Memombr.php(252): view('memombr/modaledit', [...])
 6 SYSTEMPATH\CodeIgniter.php(904): App\Controllers\Memombr->formedit()
 7 SYSTEMPATH\CodeIgniter.php(457): CodeIgniter\CodeIgniter->runController(Object(App\Controllers\Memombr))
 8 SYSTEMPATH\CodeIgniter.php(340): CodeIgniter\CodeIgniter->handleRequest(null, Object(Config\Cache), false)
 9 FCPATH\index.php(67): CodeIgniter\CodeIgniter->run()
10 SYSTEMPATH\Commands\Server\rewrite.php(43): require_once('FCPATH\\index.php')
CRITICAL - 2023-03-27 11:40:52 --> Undefined array key "nmkreditur"
in APPPATH\Views\memombr\modaledit.php on line 108.
 1 APPPATH\Views\memombr\modaledit.php(108): CodeIgniter\Debug\Exceptions->errorHandler(2, 'Undefined array key "nmkreditur"', 'APPPATH\\Views\\memombr\\modaledit.php', 108)
 2 SYSTEMPATH\View\View.php(213): include('APPPATH\\Views\\memombr\\modaledit.php')
 3 SYSTEMPATH\View\View.php(216): CodeIgniter\View\View->CodeIgniter\View\{closure}()
 4 SYSTEMPATH\Common.php(1142): CodeIgniter\View\View->render('memombr/modaledit', [], true)
 5 APPPATH\Controllers\Memombr.php(252): view('memombr/modaledit', [...])
 6 SYSTEMPATH\CodeIgniter.php(904): App\Controllers\Memombr->formedit()
 7 SYSTEMPATH\CodeIgniter.php(457): CodeIgniter\CodeIgniter->runController(Object(App\Controllers\Memombr))
 8 SYSTEMPATH\CodeIgniter.php(340): CodeIgniter\CodeIgniter->handleRequest(null, Object(Config\Cache), false)
 9 FCPATH\index.php(67): CodeIgniter\CodeIgniter->run()
10 SYSTEMPATH\Commands\Server\rewrite.php(43): require_once('FCPATH\\index.php')
CRITICAL - 2023-03-27 11:46:52 --> Undefined array key "nmasuransi"
in APPPATH\Views\memombr\modaledit.php on line 116.
 1 APPPATH\Views\memombr\modaledit.php(116): CodeIgniter\Debug\Exceptions->errorHandler(2, 'Undefined array key "nmasuransi"', 'APPPATH\\Views\\memombr\\modaledit.php', 116)
 2 SYSTEMPATH\View\View.php(213): include('APPPATH\\Views\\memombr\\modaledit.php')
 3 SYSTEMPATH\View\View.php(216): CodeIgniter\View\View->CodeIgniter\View\{closure}()
 4 SYSTEMPATH\Common.php(1142): CodeIgniter\View\View->render('memombr/modaledit', [], true)
 5 APPPATH\Controllers\Memombr.php(253): view('memombr/modaledit', [...])
 6 SYSTEMPATH\CodeIgniter.php(904): App\Controllers\Memombr->formedit()
 7 SYSTEMPATH\CodeIgniter.php(457): CodeIgniter\CodeIgniter->runController(Object(App\Controllers\Memombr))
 8 SYSTEMPATH\CodeIgniter.php(340): CodeIgniter\CodeIgniter->handleRequest(null, Object(Config\Cache), false)
 9 FCPATH\index.php(67): CodeIgniter\CodeIgniter->run()
10 SYSTEMPATH\Commands\Server\rewrite.php(43): require_once('FCPATH\\index.php')
CRITICAL - 2023-03-27 11:58:26 --> Undefined array key "upping_price"
in APPPATH\Views\memombr\modaledit.php on line 232.
 1 APPPATH\Views\memombr\modaledit.php(232): CodeIgniter\Debug\Exceptions->errorHandler(2, 'Undefined array key "upping_price"', 'APPPATH\\Views\\memombr\\modaledit.php', 232)
 2 SYSTEMPATH\View\View.php(213): include('APPPATH\\Views\\memombr\\modaledit.php')
 3 SYSTEMPATH\View\View.php(216): CodeIgniter\View\View->CodeIgniter\View\{closure}()
 4 SYSTEMPATH\Common.php(1142): CodeIgniter\View\View->render('memombr/modaledit', [], true)
 5 APPPATH\Controllers\Memombr.php(254): view('memombr/modaledit', [...])
 6 SYSTEMPATH\CodeIgniter.php(904): App\Controllers\Memombr->formedit()
 7 SYSTEMPATH\CodeIgniter.php(457): CodeIgniter\CodeIgniter->runController(Object(App\Controllers\Memombr))
 8 SYSTEMPATH\CodeIgniter.php(340): CodeIgniter\CodeIgniter->handleRequest(null, Object(Config\Cache), false)
 9 FCPATH\index.php(67): CodeIgniter\CodeIgniter->run()
10 SYSTEMPATH\Commands\Server\rewrite.php(43): require_once('FCPATH\\index.php')
CRITICAL - 2023-03-27 11:58:38 --> Undefined array key "upping_price"
in APPPATH\Views\memombr\modaledit.php on line 232.
 1 APPPATH\Views\memombr\modaledit.php(232): CodeIgniter\Debug\Exceptions->errorHandler(2, 'Undefined array key "upping_price"', 'APPPATH\\Views\\memombr\\modaledit.php', 232)
 2 SYSTEMPATH\View\View.php(213): include('APPPATH\\Views\\memombr\\modaledit.php')
 3 SYSTEMPATH\View\View.php(216): CodeIgniter\View\View->CodeIgniter\View\{closure}()
 4 SYSTEMPATH\Common.php(1142): CodeIgniter\View\View->render('memombr/modaledit', [], true)
 5 APPPATH\Controllers\Memombr.php(254): view('memombr/modaledit', [...])
 6 SYSTEMPATH\CodeIgniter.php(904): App\Controllers\Memombr->formedit()
 7 SYSTEMPATH\CodeIgniter.php(457): CodeIgniter\CodeIgniter->runController(Object(App\Controllers\Memombr))
 8 SYSTEMPATH\CodeIgniter.php(340): CodeIgniter\CodeIgniter->handleRequest(null, Object(Config\Cache), false)
 9 FCPATH\index.php(67): CodeIgniter\CodeIgniter->run()
10 SYSTEMPATH\Commands\Server\rewrite.php(43): require_once('FCPATH\\index.php')
CRITICAL - 2023-03-27 11:59:31 --> Undefined variable $tbmobil
in APPPATH\Views\memombr\modaledit.php on line 273.
 1 APPPATH\Views\memombr\modaledit.php(273): CodeIgniter\Debug\Exceptions->errorHandler(2, 'Undefined variable $tbmobil', 'APPPATH\\Views\\memombr\\modaledit.php', 273)
 2 SYSTEMPATH\View\View.php(213): include('APPPATH\\Views\\memombr\\modaledit.php')
 3 SYSTEMPATH\View\View.php(216): CodeIgniter\View\View->CodeIgniter\View\{closure}()
 4 SYSTEMPATH\Common.php(1142): CodeIgniter\View\View->render('memombr/modaledit', [], true)
 5 APPPATH\Controllers\Memombr.php(254): view('memombr/modaledit', [...])
 6 SYSTEMPATH\CodeIgniter.php(904): App\Controllers\Memombr->formedit()
 7 SYSTEMPATH\CodeIgniter.php(457): CodeIgniter\CodeIgniter->runController(Object(App\Controllers\Memombr))
 8 SYSTEMPATH\CodeIgniter.php(340): CodeIgniter\CodeIgniter->handleRequest(null, Object(Config\Cache), false)
 9 FCPATH\index.php(67): CodeIgniter\CodeIgniter->run()
10 SYSTEMPATH\Commands\Server\rewrite.php(43): require_once('FCPATH\\index.php')
CRITICAL - 2023-03-27 11:59:38 --> Undefined variable $tbmobil
in APPPATH\Views\memombr\modaledit.php on line 273.
 1 APPPATH\Views\memombr\modaledit.php(273): CodeIgniter\Debug\Exceptions->errorHandler(2, 'Undefined variable $tbmobil', 'APPPATH\\Views\\memombr\\modaledit.php', 273)
 2 SYSTEMPATH\View\View.php(213): include('APPPATH\\Views\\memombr\\modaledit.php')
 3 SYSTEMPATH\View\View.php(216): CodeIgniter\View\View->CodeIgniter\View\{closure}()
 4 SYSTEMPATH\Common.php(1142): CodeIgniter\View\View->render('memombr/modaledit', [], true)
 5 APPPATH\Controllers\Memombr.php(254): view('memombr/modaledit', [...])
 6 SYSTEMPATH\CodeIgniter.php(904): App\Controllers\Memombr->formedit()
 7 SYSTEMPATH\CodeIgniter.php(457): CodeIgniter\CodeIgniter->runController(Object(App\Controllers\Memombr))
 8 SYSTEMPATH\CodeIgniter.php(340): CodeIgniter\CodeIgniter->handleRequest(null, Object(Config\Cache), false)
 9 FCPATH\index.php(67): CodeIgniter\CodeIgniter->run()
10 SYSTEMPATH\Commands\Server\rewrite.php(43): require_once('FCPATH\\index.php')
CRITICAL - 2023-03-27 13:50:00 --> Undefined array key "nmsales"
in APPPATH\Views\memombr\modaledit.php on line 357.
 1 APPPATH\Views\memombr\modaledit.php(357): CodeIgniter\Debug\Exceptions->errorHandler(2, 'Undefined array key "nmsales"', 'APPPATH\\Views\\memombr\\modaledit.php', 357)
 2 SYSTEMPATH\View\View.php(213): include('APPPATH\\Views\\memombr\\modaledit.php')
 3 SYSTEMPATH\View\View.php(216): CodeIgniter\View\View->CodeIgniter\View\{closure}()
 4 SYSTEMPATH\Common.php(1142): CodeIgniter\View\View->render('memombr/modaledit', [], true)
 5 APPPATH\Controllers\Memombr.php(258): view('memombr/modaledit', [...])
 6 SYSTEMPATH\CodeIgniter.php(904): App\Controllers\Memombr->formedit()
 7 SYSTEMPATH\CodeIgniter.php(457): CodeIgniter\CodeIgniter->runController(Object(App\Controllers\Memombr))
 8 SYSTEMPATH\CodeIgniter.php(340): CodeIgniter\CodeIgniter->handleRequest(null, Object(Config\Cache), false)
 9 FCPATH\index.php(67): CodeIgniter\CodeIgniter->run()
10 SYSTEMPATH\Commands\Server\rewrite.php(43): require_once('FCPATH\\index.php')
CRITICAL - 2023-03-27 13:50:08 --> Undefined array key "nmsales"
in APPPATH\Views\memombr\modaledit.php on line 357.
 1 APPPATH\Views\memombr\modaledit.php(357): CodeIgniter\Debug\Exceptions->errorHandler(2, 'Undefined array key "nmsales"', 'APPPATH\\Views\\memombr\\modaledit.php', 357)
 2 SYSTEMPATH\View\View.php(213): include('APPPATH\\Views\\memombr\\modaledit.php')
 3 SYSTEMPATH\View\View.php(216): CodeIgniter\View\View->CodeIgniter\View\{closure}()
 4 SYSTEMPATH\Common.php(1142): CodeIgniter\View\View->render('memombr/modaledit', [], true)
 5 APPPATH\Controllers\Memombr.php(258): view('memombr/modaledit', [...])
 6 SYSTEMPATH\CodeIgniter.php(904): App\Controllers\Memombr->formedit()
 7 SYSTEMPATH\CodeIgniter.php(457): CodeIgniter\CodeIgniter->runController(Object(App\Controllers\Memombr))
 8 SYSTEMPATH\CodeIgniter.php(340): CodeIgniter\CodeIgniter->handleRequest(null, Object(Config\Cache), false)
 9 FCPATH\index.php(67): CodeIgniter\CodeIgniter->run()
10 SYSTEMPATH\Commands\Server\rewrite.php(43): require_once('FCPATH\\index.php')
CRITICAL - 2023-03-27 14:05:13 --> Undefined array key "disc_dealer"
in APPPATH\Views\memombr\modaledit.php on line 384.
 1 APPPATH\Views\memombr\modaledit.php(384): CodeIgniter\Debug\Exceptions->errorHandler(2, 'Undefined array key "disc_dealer"', 'APPPATH\\Views\\memombr\\modaledit.php', 384)
 2 SYSTEMPATH\View\View.php(213): include('APPPATH\\Views\\memombr\\modaledit.php')
 3 SYSTEMPATH\View\View.php(216): CodeIgniter\View\View->CodeIgniter\View\{closure}()
 4 SYSTEMPATH\Common.php(1142): CodeIgniter\View\View->render('memombr/modaledit', [], true)
 5 APPPATH\Controllers\Memombr.php(260): view('memombr/modaledit', [...])
 6 SYSTEMPATH\CodeIgniter.php(904): App\Controllers\Memombr->formedit()
 7 SYSTEMPATH\CodeIgniter.php(457): CodeIgniter\CodeIgniter->runController(Object(App\Controllers\Memombr))
 8 SYSTEMPATH\CodeIgniter.php(340): CodeIgniter\CodeIgniter->handleRequest(null, Object(Config\Cache), false)
 9 FCPATH\index.php(67): CodeIgniter\CodeIgniter->run()
10 SYSTEMPATH\Commands\Server\rewrite.php(43): require_once('FCPATH\\index.php')
CRITICAL - 2023-03-27 14:05:23 --> Undefined array key "disc_dealer"
in APPPATH\Views\memombr\modaledit.php on line 384.
 1 APPPATH\Views\memombr\modaledit.php(384): CodeIgniter\Debug\Exceptions->errorHandler(2, 'Undefined array key "disc_dealer"', 'APPPATH\\Views\\memombr\\modaledit.php', 384)
 2 SYSTEMPATH\View\View.php(213): include('APPPATH\\Views\\memombr\\modaledit.php')
 3 SYSTEMPATH\View\View.php(216): CodeIgniter\View\View->CodeIgniter\View\{closure}()
 4 SYSTEMPATH\Common.php(1142): CodeIgniter\View\View->render('memombr/modaledit', [], true)
 5 APPPATH\Controllers\Memombr.php(260): view('memombr/modaledit', [...])
 6 SYSTEMPATH\CodeIgniter.php(904): App\Controllers\Memombr->formedit()
 7 SYSTEMPATH\CodeIgniter.php(457): CodeIgniter\CodeIgniter->runController(Object(App\Controllers\Memombr))
 8 SYSTEMPATH\CodeIgniter.php(340): CodeIgniter\CodeIgniter->handleRequest(null, Object(Config\Cache), false)
 9 FCPATH\index.php(67): CodeIgniter\CodeIgniter->run()
10 SYSTEMPATH\Commands\Server\rewrite.php(43): require_once('FCPATH\\index.php')
CRITICAL - 2023-03-27 14:05:57 --> Undefined array key "mediator"
in APPPATH\Views\memombr\modaledit.php on line 390.
 1 APPPATH\Views\memombr\modaledit.php(390): CodeIgniter\Debug\Exceptions->errorHandler(2, 'Undefined array key "mediator"', 'APPPATH\\Views\\memombr\\modaledit.php', 390)
 2 SYSTEMPATH\View\View.php(213): include('APPPATH\\Views\\memombr\\modaledit.php')
 3 SYSTEMPATH\View\View.php(216): CodeIgniter\View\View->CodeIgniter\View\{closure}()
 4 SYSTEMPATH\Common.php(1142): CodeIgniter\View\View->render('memombr/modaledit', [], true)
 5 APPPATH\Controllers\Memombr.php(260): view('memombr/modaledit', [...])
 6 SYSTEMPATH\CodeIgniter.php(904): App\Controllers\Memombr->formedit()
 7 SYSTEMPATH\CodeIgniter.php(457): CodeIgniter\CodeIgniter->runController(Object(App\Controllers\Memombr))
 8 SYSTEMPATH\CodeIgniter.php(340): CodeIgniter\CodeIgniter->handleRequest(null, Object(Config\Cache), false)
 9 FCPATH\index.php(67): CodeIgniter\CodeIgniter->run()
10 SYSTEMPATH\Commands\Server\rewrite.php(43): require_once('FCPATH\\index.php')
CRITICAL - 2023-03-27 14:06:37 --> Undefined array key "nilai_mediator"
in APPPATH\Views\memombr\modaledit.php on line 391.
 1 APPPATH\Views\memombr\modaledit.php(391): CodeIgniter\Debug\Exceptions->errorHandler(2, 'Undefined array key "nilai_mediator"', 'APPPATH\\Views\\memombr\\modaledit.php', 391)
 2 SYSTEMPATH\View\View.php(213): include('APPPATH\\Views\\memombr\\modaledit.php')
 3 SYSTEMPATH\View\View.php(216): CodeIgniter\View\View->CodeIgniter\View\{closure}()
 4 SYSTEMPATH\Common.php(1142): CodeIgniter\View\View->render('memombr/modaledit', [], true)
 5 APPPATH\Controllers\Memombr.php(260): view('memombr/modaledit', [...])
 6 SYSTEMPATH\CodeIgniter.php(904): App\Controllers\Memombr->formedit()
 7 SYSTEMPATH\CodeIgniter.php(457): CodeIgniter\CodeIgniter->runController(Object(App\Controllers\Memombr))
 8 SYSTEMPATH\CodeIgniter.php(340): CodeIgniter\CodeIgniter->handleRequest(null, Object(Config\Cache), false)
 9 FCPATH\index.php(67): CodeIgniter\CodeIgniter->run()
10 SYSTEMPATH\Commands\Server\rewrite.php(43): require_once('FCPATH\\index.php')
CRITICAL - 2023-03-27 14:08:12 --> Undefined variable $memobr
in APPPATH\Views\memombr\modaledit.php on line 396.
 1 APPPATH\Views\memombr\modaledit.php(396): CodeIgniter\Debug\Exceptions->errorHandler(2, 'Undefined variable $memobr', 'APPPATH\\Views\\memombr\\modaledit.php', 396)
 2 SYSTEMPATH\View\View.php(213): include('APPPATH\\Views\\memombr\\modaledit.php')
 3 SYSTEMPATH\View\View.php(216): CodeIgniter\View\View->CodeIgniter\View\{closure}()
 4 SYSTEMPATH\Common.php(1142): CodeIgniter\View\View->render('memombr/modaledit', [], true)
 5 APPPATH\Controllers\Memombr.php(260): view('memombr/modaledit', [...])
 6 SYSTEMPATH\CodeIgniter.php(904): App\Controllers\Memombr->formedit()
 7 SYSTEMPATH\CodeIgniter.php(457): CodeIgniter\CodeIgniter->runController(Object(App\Controllers\Memombr))
 8 SYSTEMPATH\CodeIgniter.php(340): CodeIgniter\CodeIgniter->handleRequest(null, Object(Config\Cache), false)
 9 FCPATH\index.php(67): CodeIgniter\CodeIgniter->run()
10 SYSTEMPATH\Commands\Server\rewrite.php(43): require_once('FCPATH\\index.php')
