CRITICAL - 2022-10-10 09:27:57 --> Undefined variable $submenu
in APPPATH\Views\dashboard\index.php on line 82.
 1 APPPATH\Views\dashboard\index.php(82): CodeIgniter\Debug\Exceptions->errorHandler(2, 'Undefined variable $submenu', 'APPPATH\\Views\\dashboard\\index.php', 82)
 2 SYSTEMPATH\View\View.php(213): include('APPPATH\\Views\\dashboard\\index.php')
 3 SYSTEMPATH\View\View.php(216): CodeIgniter\View\View->CodeIgniter\View\{closure}()
 4 SYSTEMPATH\View\View.php(229): CodeIgniter\View\View->render('dashboard/index', [], true)
 5 SYSTEMPATH\Common.php(1142): CodeIgniter\View\View->render('teman/index', [], true)
 6 APPPATH\Controllers\Crudajax.php(17): view('teman/index', [...])
 7 SYSTEMPATH\CodeIgniter.php(904): App\Controllers\Crudajax->index()
 8 SYSTEMPATH\CodeIgniter.php(457): CodeIgniter\CodeIgniter->runController(Object(App\Controllers\Crudajax))
 9 SYSTEMPATH\CodeIgniter.php(340): CodeIgniter\CodeIgniter->handleRequest(null, Object(Config\Cache), false)
10 FCPATH\index.php(67): CodeIgniter\CodeIgniter->run()
11 SYSTEMPATH\Commands\Server\rewrite.php(43): require_once('FCPATH\\index.php')
CRITICAL - 2022-10-10 09:29:42 --> Undefined variable $submenu
in APPPATH\Views\dashboard\index.php on line 82.
 1 APPPATH\Views\dashboard\index.php(82): CodeIgniter\Debug\Exceptions->errorHandler(2, 'Undefined variable $submenu', 'APPPATH\\Views\\dashboard\\index.php', 82)
 2 SYSTEMPATH\View\View.php(213): include('APPPATH\\Views\\dashboard\\index.php')
 3 SYSTEMPATH\View\View.php(216): CodeIgniter\View\View->CodeIgniter\View\{closure}()
 4 SYSTEMPATH\View\View.php(229): CodeIgniter\View\View->render('dashboard/index', [], true)
 5 SYSTEMPATH\Common.php(1142): CodeIgniter\View\View->render('tbagama/index', [], true)
 6 APPPATH\Controllers\Tbagama.php(21): view('tbagama/index', [...])
 7 SYSTEMPATH\CodeIgniter.php(904): App\Controllers\Tbagama->index()
 8 SYSTEMPATH\CodeIgniter.php(457): CodeIgniter\CodeIgniter->runController(Object(App\Controllers\Tbagama))
 9 SYSTEMPATH\CodeIgniter.php(340): CodeIgniter\CodeIgniter->handleRequest(null, Object(Config\Cache), false)
10 FCPATH\index.php(67): CodeIgniter\CodeIgniter->run()
11 SYSTEMPATH\Commands\Server\rewrite.php(43): require_once('FCPATH\\index.php')
CRITICAL - 2022-10-10 09:30:01 --> Undefined variable $submenu
in APPPATH\Views\dashboard\index.php on line 82.
 1 APPPATH\Views\dashboard\index.php(82): CodeIgniter\Debug\Exceptions->errorHandler(2, 'Undefined variable $submenu', 'APPPATH\\Views\\dashboard\\index.php', 82)
 2 SYSTEMPATH\View\View.php(213): include('APPPATH\\Views\\dashboard\\index.php')
 3 SYSTEMPATH\View\View.php(216): CodeIgniter\View\View->CodeIgniter\View\{closure}()
 4 SYSTEMPATH\View\View.php(229): CodeIgniter\View\View->render('dashboard/index', [], true)
 5 SYSTEMPATH\Common.php(1142): CodeIgniter\View\View->render('tbagama/index', [], true)
 6 APPPATH\Controllers\Tbagama.php(21): view('tbagama/index', [...])
 7 SYSTEMPATH\CodeIgniter.php(904): App\Controllers\Tbagama->index()
 8 SYSTEMPATH\CodeIgniter.php(457): CodeIgniter\CodeIgniter->runController(Object(App\Controllers\Tbagama))
 9 SYSTEMPATH\CodeIgniter.php(340): CodeIgniter\CodeIgniter->handleRequest(null, Object(Config\Cache), false)
10 FCPATH\index.php(67): CodeIgniter\CodeIgniter->run()
11 SYSTEMPATH\Commands\Server\rewrite.php(43): require_once('FCPATH\\index.php')
CRITICAL - 2022-10-10 09:31:10 --> Undefined variable $submenu
in APPPATH\Views\dashboard\index.php on line 82.
 1 APPPATH\Views\dashboard\index.php(82): CodeIgniter\Debug\Exceptions->errorHandler(2, 'Undefined variable $submenu', 'APPPATH\\Views\\dashboard\\index.php', 82)
 2 SYSTEMPATH\View\View.php(213): include('APPPATH\\Views\\dashboard\\index.php')
 3 SYSTEMPATH\View\View.php(216): CodeIgniter\View\View->CodeIgniter\View\{closure}()
 4 SYSTEMPATH\View\View.php(229): CodeIgniter\View\View->render('dashboard/index', [], true)
 5 SYSTEMPATH\Common.php(1142): CodeIgniter\View\View->render('tbagama/index', [], true)
 6 APPPATH\Controllers\Tbagama.php(21): view('tbagama/index', [...])
 7 SYSTEMPATH\CodeIgniter.php(904): App\Controllers\Tbagama->index()
 8 SYSTEMPATH\CodeIgniter.php(457): CodeIgniter\CodeIgniter->runController(Object(App\Controllers\Tbagama))
 9 SYSTEMPATH\CodeIgniter.php(340): CodeIgniter\CodeIgniter->handleRequest(null, Object(Config\Cache), false)
10 FCPATH\index.php(67): CodeIgniter\CodeIgniter->run()
11 SYSTEMPATH\Commands\Server\rewrite.php(43): require_once('FCPATH\\index.php')
CRITICAL - 2022-10-10 09:31:26 --> Undefined variable $submenu
in APPPATH\Views\dashboard\index.php on line 82.
 1 APPPATH\Views\dashboard\index.php(82): CodeIgniter\Debug\Exceptions->errorHandler(2, 'Undefined variable $submenu', 'APPPATH\\Views\\dashboard\\index.php', 82)
 2 SYSTEMPATH\View\View.php(213): include('APPPATH\\Views\\dashboard\\index.php')
 3 SYSTEMPATH\View\View.php(216): CodeIgniter\View\View->CodeIgniter\View\{closure}()
 4 SYSTEMPATH\View\View.php(229): CodeIgniter\View\View->render('dashboard/index', [], true)
 5 SYSTEMPATH\Common.php(1142): CodeIgniter\View\View->render('tbagama/index', [], true)
 6 APPPATH\Controllers\Tbagama.php(21): view('tbagama/index', [...])
 7 SYSTEMPATH\CodeIgniter.php(904): App\Controllers\Tbagama->index()
 8 SYSTEMPATH\CodeIgniter.php(457): CodeIgniter\CodeIgniter->runController(Object(App\Controllers\Tbagama))
 9 SYSTEMPATH\CodeIgniter.php(340): CodeIgniter\CodeIgniter->handleRequest(null, Object(Config\Cache), false)
10 FCPATH\index.php(67): CodeIgniter\CodeIgniter->run()
11 SYSTEMPATH\Commands\Server\rewrite.php(43): require_once('FCPATH\\index.php')
CRITICAL - 2022-10-10 09:32:02 --> Undefined variable $submenu
in APPPATH\Views\dashboard\index.php on line 82.
 1 APPPATH\Views\dashboard\index.php(82): CodeIgniter\Debug\Exceptions->errorHandler(2, 'Undefined variable $submenu', 'APPPATH\\Views\\dashboard\\index.php', 82)
 2 SYSTEMPATH\View\View.php(213): include('APPPATH\\Views\\dashboard\\index.php')
 3 SYSTEMPATH\View\View.php(216): CodeIgniter\View\View->CodeIgniter\View\{closure}()
 4 SYSTEMPATH\View\View.php(229): CodeIgniter\View\View->render('dashboard/index', [], true)
 5 SYSTEMPATH\Common.php(1142): CodeIgniter\View\View->render('tbagama/index', [], true)
 6 APPPATH\Controllers\Tbagama.php(21): view('tbagama/index', [...])
 7 SYSTEMPATH\CodeIgniter.php(904): App\Controllers\Tbagama->index()
 8 SYSTEMPATH\CodeIgniter.php(457): CodeIgniter\CodeIgniter->runController(Object(App\Controllers\Tbagama))
 9 SYSTEMPATH\CodeIgniter.php(340): CodeIgniter\CodeIgniter->handleRequest(null, Object(Config\Cache), false)
10 FCPATH\index.php(67): CodeIgniter\CodeIgniter->run()
11 SYSTEMPATH\Commands\Server\rewrite.php(43): require_once('FCPATH\\index.php')
CRITICAL - 2022-10-10 09:32:15 --> Undefined variable $submenu
in APPPATH\Views\dashboard\index.php on line 82.
 1 APPPATH\Views\dashboard\index.php(82): CodeIgniter\Debug\Exceptions->errorHandler(2, 'Undefined variable $submenu', 'APPPATH\\Views\\dashboard\\index.php', 82)
 2 SYSTEMPATH\View\View.php(213): include('APPPATH\\Views\\dashboard\\index.php')
 3 SYSTEMPATH\View\View.php(216): CodeIgniter\View\View->CodeIgniter\View\{closure}()
 4 SYSTEMPATH\View\View.php(229): CodeIgniter\View\View->render('dashboard/index', [], true)
 5 SYSTEMPATH\Common.php(1142): CodeIgniter\View\View->render('tbagama/index', [], true)
 6 APPPATH\Controllers\Tbagama.php(21): view('tbagama/index', [...])
 7 SYSTEMPATH\CodeIgniter.php(904): App\Controllers\Tbagama->index()
 8 SYSTEMPATH\CodeIgniter.php(457): CodeIgniter\CodeIgniter->runController(Object(App\Controllers\Tbagama))
 9 SYSTEMPATH\CodeIgniter.php(340): CodeIgniter\CodeIgniter->handleRequest(null, Object(Config\Cache), false)
10 FCPATH\index.php(67): CodeIgniter\CodeIgniter->run()
11 SYSTEMPATH\Commands\Server\rewrite.php(43): require_once('FCPATH\\index.php')
CRITICAL - 2022-10-10 10:01:29 --> Undefined variable $menu
in APPPATH\Views\dashboard\index.php on line 82.
 1 APPPATH\Views\dashboard\index.php(82): CodeIgniter\Debug\Exceptions->errorHandler(2, 'Undefined variable $menu', 'APPPATH\\Views\\dashboard\\index.php', 82)
 2 SYSTEMPATH\View\View.php(213): include('APPPATH\\Views\\dashboard\\index.php')
 3 SYSTEMPATH\View\View.php(216): CodeIgniter\View\View->CodeIgniter\View\{closure}()
 4 SYSTEMPATH\View\View.php(229): CodeIgniter\View\View->render('dashboard/index', [], true)
 5 SYSTEMPATH\Common.php(1142): CodeIgniter\View\View->render('tbdivisi/create', [], true)
 6 APPPATH\Controllers\Tbdivisi.php(76): view('tbdivisi/create', [...])
 7 SYSTEMPATH\CodeIgniter.php(904): App\Controllers\Tbdivisi->create()
 8 SYSTEMPATH\CodeIgniter.php(457): CodeIgniter\CodeIgniter->runController(Object(App\Controllers\Tbdivisi))
 9 SYSTEMPATH\CodeIgniter.php(340): CodeIgniter\CodeIgniter->handleRequest(null, Object(Config\Cache), false)
10 FCPATH\index.php(67): CodeIgniter\CodeIgniter->run()
11 SYSTEMPATH\Commands\Server\rewrite.php(43): require_once('FCPATH\\index.php')
CRITICAL - 2022-10-10 10:01:35 --> Undefined variable $menu
in APPPATH\Views\dashboard\index.php on line 82.
 1 APPPATH\Views\dashboard\index.php(82): CodeIgniter\Debug\Exceptions->errorHandler(2, 'Undefined variable $menu', 'APPPATH\\Views\\dashboard\\index.php', 82)
 2 SYSTEMPATH\View\View.php(213): include('APPPATH\\Views\\dashboard\\index.php')
 3 SYSTEMPATH\View\View.php(216): CodeIgniter\View\View->CodeIgniter\View\{closure}()
 4 SYSTEMPATH\View\View.php(229): CodeIgniter\View\View->render('dashboard/index', [], true)
 5 SYSTEMPATH\Common.php(1142): CodeIgniter\View\View->render('tbcabang/create', [], true)
 6 APPPATH\Controllers\Tbcabang.php(64): view('tbcabang/create', [...])
 7 SYSTEMPATH\CodeIgniter.php(904): App\Controllers\Tbcabang->create()
 8 SYSTEMPATH\CodeIgniter.php(457): CodeIgniter\CodeIgniter->runController(Object(App\Controllers\Tbcabang))
 9 SYSTEMPATH\CodeIgniter.php(340): CodeIgniter\CodeIgniter->handleRequest(null, Object(Config\Cache), false)
10 FCPATH\index.php(67): CodeIgniter\CodeIgniter->run()
11 SYSTEMPATH\Commands\Server\rewrite.php(43): require_once('FCPATH\\index.php')
CRITICAL - 2022-10-10 10:05:24 --> Undefined variable $menu
in APPPATH\Views\dashboard\index.php on line 82.
 1 APPPATH\Views\dashboard\index.php(82): CodeIgniter\Debug\Exceptions->errorHandler(2, 'Undefined variable $menu', 'APPPATH\\Views\\dashboard\\index.php', 82)
 2 SYSTEMPATH\View\View.php(213): include('APPPATH\\Views\\dashboard\\index.php')
 3 SYSTEMPATH\View\View.php(216): CodeIgniter\View\View->CodeIgniter\View\{closure}()
 4 SYSTEMPATH\View\View.php(229): CodeIgniter\View\View->render('dashboard/index', [], true)
 5 SYSTEMPATH\Common.php(1142): CodeIgniter\View\View->render('tbcabang/index', [], true)
 6 APPPATH\Controllers\Tbcabang.php(45): view('tbcabang/index', [...])
 7 SYSTEMPATH\CodeIgniter.php(904): App\Controllers\Tbcabang->index()
 8 SYSTEMPATH\CodeIgniter.php(457): CodeIgniter\CodeIgniter->runController(Object(App\Controllers\Tbcabang))
 9 SYSTEMPATH\CodeIgniter.php(340): CodeIgniter\CodeIgniter->handleRequest(null, Object(Config\Cache), false)
10 FCPATH\index.php(67): CodeIgniter\CodeIgniter->run()
11 SYSTEMPATH\Commands\Server\rewrite.php(43): require_once('FCPATH\\index.php')
CRITICAL - 2022-10-10 10:05:32 --> Undefined variable $menu
in APPPATH\Views\dashboard\index.php on line 82.
 1 APPPATH\Views\dashboard\index.php(82): CodeIgniter\Debug\Exceptions->errorHandler(2, 'Undefined variable $menu', 'APPPATH\\Views\\dashboard\\index.php', 82)
 2 SYSTEMPATH\View\View.php(213): include('APPPATH\\Views\\dashboard\\index.php')
 3 SYSTEMPATH\View\View.php(216): CodeIgniter\View\View->CodeIgniter\View\{closure}()
 4 SYSTEMPATH\View\View.php(229): CodeIgniter\View\View->render('dashboard/index', [], true)
 5 SYSTEMPATH\Common.php(1142): CodeIgniter\View\View->render('tbcabang/index', [], true)
 6 APPPATH\Controllers\Tbcabang.php(45): view('tbcabang/index', [...])
 7 SYSTEMPATH\CodeIgniter.php(904): App\Controllers\Tbcabang->index()
 8 SYSTEMPATH\CodeIgniter.php(457): CodeIgniter\CodeIgniter->runController(Object(App\Controllers\Tbcabang))
 9 SYSTEMPATH\CodeIgniter.php(340): CodeIgniter\CodeIgniter->handleRequest(null, Object(Config\Cache), false)
10 FCPATH\index.php(67): CodeIgniter\CodeIgniter->run()
11 SYSTEMPATH\Commands\Server\rewrite.php(43): require_once('FCPATH\\index.php')
CRITICAL - 2022-10-10 10:05:46 --> Undefined variable $menu
in APPPATH\Views\dashboard\index.php on line 82.
 1 APPPATH\Views\dashboard\index.php(82): CodeIgniter\Debug\Exceptions->errorHandler(2, 'Undefined variable $menu', 'APPPATH\\Views\\dashboard\\index.php', 82)
 2 SYSTEMPATH\View\View.php(213): include('APPPATH\\Views\\dashboard\\index.php')
 3 SYSTEMPATH\View\View.php(216): CodeIgniter\View\View->CodeIgniter\View\{closure}()
 4 SYSTEMPATH\View\View.php(229): CodeIgniter\View\View->render('dashboard/index', [], true)
 5 SYSTEMPATH\Common.php(1142): CodeIgniter\View\View->render('tbcabang/create', [], true)
 6 APPPATH\Controllers\Tbcabang.php(67): view('tbcabang/create', [...])
 7 SYSTEMPATH\CodeIgniter.php(904): App\Controllers\Tbcabang->create()
 8 SYSTEMPATH\CodeIgniter.php(457): CodeIgniter\CodeIgniter->runController(Object(App\Controllers\Tbcabang))
 9 SYSTEMPATH\CodeIgniter.php(340): CodeIgniter\CodeIgniter->handleRequest(null, Object(Config\Cache), false)
10 FCPATH\index.php(67): CodeIgniter\CodeIgniter->run()
11 SYSTEMPATH\Commands\Server\rewrite.php(43): require_once('FCPATH\\index.php')
CRITICAL - 2022-10-10 10:07:53 --> Undefined variable $menu
in APPPATH\Views\dashboard\index.php on line 82.
 1 APPPATH\Views\dashboard\index.php(82): CodeIgniter\Debug\Exceptions->errorHandler(2, 'Undefined variable $menu', 'APPPATH\\Views\\dashboard\\index.php', 82)
 2 SYSTEMPATH\View\View.php(213): include('APPPATH\\Views\\dashboard\\index.php')
 3 SYSTEMPATH\View\View.php(216): CodeIgniter\View\View->CodeIgniter\View\{closure}()
 4 SYSTEMPATH\View\View.php(229): CodeIgniter\View\View->render('dashboard/index', [], true)
 5 SYSTEMPATH\Common.php(1142): CodeIgniter\View\View->render('tbcabang/create', [], true)
 6 APPPATH\Controllers\Tbcabang.php(68): view('tbcabang/create', [...])
 7 SYSTEMPATH\CodeIgniter.php(904): App\Controllers\Tbcabang->create()
 8 SYSTEMPATH\CodeIgniter.php(457): CodeIgniter\CodeIgniter->runController(Object(App\Controllers\Tbcabang))
 9 SYSTEMPATH\CodeIgniter.php(340): CodeIgniter\CodeIgniter->handleRequest(null, Object(Config\Cache), false)
10 FCPATH\index.php(67): CodeIgniter\CodeIgniter->run()
11 SYSTEMPATH\Commands\Server\rewrite.php(43): require_once('FCPATH\\index.php')
CRITICAL - 2022-10-10 10:07:55 --> Undefined variable $menu
in APPPATH\Views\dashboard\index.php on line 82.
 1 APPPATH\Views\dashboard\index.php(82): CodeIgniter\Debug\Exceptions->errorHandler(2, 'Undefined variable $menu', 'APPPATH\\Views\\dashboard\\index.php', 82)
 2 SYSTEMPATH\View\View.php(213): include('APPPATH\\Views\\dashboard\\index.php')
 3 SYSTEMPATH\View\View.php(216): CodeIgniter\View\View->CodeIgniter\View\{closure}()
 4 SYSTEMPATH\View\View.php(229): CodeIgniter\View\View->render('dashboard/index', [], true)
 5 SYSTEMPATH\Common.php(1142): CodeIgniter\View\View->render('tbcabang/index', [], true)
 6 APPPATH\Controllers\Tbcabang.php(46): view('tbcabang/index', [...])
 7 SYSTEMPATH\CodeIgniter.php(904): App\Controllers\Tbcabang->index()
 8 SYSTEMPATH\CodeIgniter.php(457): CodeIgniter\CodeIgniter->runController(Object(App\Controllers\Tbcabang))
 9 SYSTEMPATH\CodeIgniter.php(340): CodeIgniter\CodeIgniter->handleRequest(null, Object(Config\Cache), false)
10 FCPATH\index.php(67): CodeIgniter\CodeIgniter->run()
11 SYSTEMPATH\Commands\Server\rewrite.php(43): require_once('FCPATH\\index.php')
CRITICAL - 2022-10-10 10:08:00 --> Undefined variable $menu
in APPPATH\Views\dashboard\index.php on line 82.
 1 APPPATH\Views\dashboard\index.php(82): CodeIgniter\Debug\Exceptions->errorHandler(2, 'Undefined variable $menu', 'APPPATH\\Views\\dashboard\\index.php', 82)
 2 SYSTEMPATH\View\View.php(213): include('APPPATH\\Views\\dashboard\\index.php')
 3 SYSTEMPATH\View\View.php(216): CodeIgniter\View\View->CodeIgniter\View\{closure}()
 4 SYSTEMPATH\View\View.php(229): CodeIgniter\View\View->render('dashboard/index', [], true)
 5 SYSTEMPATH\Common.php(1142): CodeIgniter\View\View->render('tbcabang/index', [], true)
 6 APPPATH\Controllers\Tbcabang.php(46): view('tbcabang/index', [...])
 7 SYSTEMPATH\CodeIgniter.php(904): App\Controllers\Tbcabang->index()
 8 SYSTEMPATH\CodeIgniter.php(457): CodeIgniter\CodeIgniter->runController(Object(App\Controllers\Tbcabang))
 9 SYSTEMPATH\CodeIgniter.php(340): CodeIgniter\CodeIgniter->handleRequest(null, Object(Config\Cache), false)
10 FCPATH\index.php(67): CodeIgniter\CodeIgniter->run()
11 SYSTEMPATH\Commands\Server\rewrite.php(43): require_once('FCPATH\\index.php')
CRITICAL - 2022-10-10 10:08:40 --> Undefined variable $menu
in APPPATH\Views\dashboard\index.php on line 82.
 1 APPPATH\Views\dashboard\index.php(82): CodeIgniter\Debug\Exceptions->errorHandler(2, 'Undefined variable $menu', 'APPPATH\\Views\\dashboard\\index.php', 82)
 2 SYSTEMPATH\View\View.php(213): include('APPPATH\\Views\\dashboard\\index.php')
 3 SYSTEMPATH\View\View.php(216): CodeIgniter\View\View->CodeIgniter\View\{closure}()
 4 SYSTEMPATH\View\View.php(229): CodeIgniter\View\View->render('dashboard/index', [], true)
 5 SYSTEMPATH\Common.php(1142): CodeIgniter\View\View->render('tbcabang/create', [], true)
 6 APPPATH\Controllers\Tbcabang.php(65): view('tbcabang/create', [...])
 7 SYSTEMPATH\CodeIgniter.php(904): App\Controllers\Tbcabang->create()
 8 SYSTEMPATH\CodeIgniter.php(457): CodeIgniter\CodeIgniter->runController(Object(App\Controllers\Tbcabang))
 9 SYSTEMPATH\CodeIgniter.php(340): CodeIgniter\CodeIgniter->handleRequest(null, Object(Config\Cache), false)
10 FCPATH\index.php(67): CodeIgniter\CodeIgniter->run()
11 SYSTEMPATH\Commands\Server\rewrite.php(43): require_once('FCPATH\\index.php')
CRITICAL - 2022-10-10 10:09:06 --> Undefined variable $menu
in APPPATH\Views\dashboard\index.php on line 82.
 1 APPPATH\Views\dashboard\index.php(82): CodeIgniter\Debug\Exceptions->errorHandler(2, 'Undefined variable $menu', 'APPPATH\\Views\\dashboard\\index.php', 82)
 2 SYSTEMPATH\View\View.php(213): include('APPPATH\\Views\\dashboard\\index.php')
 3 SYSTEMPATH\View\View.php(216): CodeIgniter\View\View->CodeIgniter\View\{closure}()
 4 SYSTEMPATH\View\View.php(229): CodeIgniter\View\View->render('dashboard/index', [], true)
 5 SYSTEMPATH\Common.php(1142): CodeIgniter\View\View->render('tbcabang/edit', [], true)
 6 APPPATH\Controllers\Tbcabang.php(102): view('tbcabang/edit', [...])
 7 SYSTEMPATH\CodeIgniter.php(904): App\Controllers\Tbcabang->edit('15')
 8 SYSTEMPATH\CodeIgniter.php(457): CodeIgniter\CodeIgniter->runController(Object(App\Controllers\Tbcabang))
 9 SYSTEMPATH\CodeIgniter.php(340): CodeIgniter\CodeIgniter->handleRequest(null, Object(Config\Cache), false)
10 FCPATH\index.php(67): CodeIgniter\CodeIgniter->run()
11 SYSTEMPATH\Commands\Server\rewrite.php(43): require_once('FCPATH\\index.php')
CRITICAL - 2022-10-10 10:09:56 --> Undefined variable $menu
in APPPATH\Views\dashboard\index.php on line 82.
 1 APPPATH\Views\dashboard\index.php(82): CodeIgniter\Debug\Exceptions->errorHandler(2, 'Undefined variable $menu', 'APPPATH\\Views\\dashboard\\index.php', 82)
 2 SYSTEMPATH\View\View.php(213): include('APPPATH\\Views\\dashboard\\index.php')
 3 SYSTEMPATH\View\View.php(216): CodeIgniter\View\View->CodeIgniter\View\{closure}()
 4 SYSTEMPATH\View\View.php(229): CodeIgniter\View\View->render('dashboard/index', [], true)
 5 SYSTEMPATH\Common.php(1142): CodeIgniter\View\View->render('tbdivisi/create', [], true)
 6 APPPATH\Controllers\Tbdivisi.php(76): view('tbdivisi/create', [...])
 7 SYSTEMPATH\CodeIgniter.php(904): App\Controllers\Tbdivisi->create()
 8 SYSTEMPATH\CodeIgniter.php(457): CodeIgniter\CodeIgniter->runController(Object(App\Controllers\Tbdivisi))
 9 SYSTEMPATH\CodeIgniter.php(340): CodeIgniter\CodeIgniter->handleRequest(null, Object(Config\Cache), false)
10 FCPATH\index.php(67): CodeIgniter\CodeIgniter->run()
11 SYSTEMPATH\Commands\Server\rewrite.php(43): require_once('FCPATH\\index.php')
CRITICAL - 2022-10-10 10:17:51 --> Undefined variable $menu
in APPPATH\Views\dashboard\index.php on line 82.
 1 APPPATH\Views\dashboard\index.php(82): CodeIgniter\Debug\Exceptions->errorHandler(2, 'Undefined variable $menu', 'APPPATH\\Views\\dashboard\\index.php', 82)
 2 SYSTEMPATH\View\View.php(213): include('APPPATH\\Views\\dashboard\\index.php')
 3 SYSTEMPATH\View\View.php(216): CodeIgniter\View\View->CodeIgniter\View\{closure}()
 4 SYSTEMPATH\View\View.php(229): CodeIgniter\View\View->render('dashboard/index', [], true)
 5 SYSTEMPATH\Common.php(1142): CodeIgniter\View\View->render('tbdivisi/edit', [], true)
 6 APPPATH\Controllers\Tbdivisi.php(132): view('tbdivisi/edit', [...])
 7 SYSTEMPATH\CodeIgniter.php(904): App\Controllers\Tbdivisi->edit('4')
 8 SYSTEMPATH\CodeIgniter.php(457): CodeIgniter\CodeIgniter->runController(Object(App\Controllers\Tbdivisi))
 9 SYSTEMPATH\CodeIgniter.php(340): CodeIgniter\CodeIgniter->handleRequest(null, Object(Config\Cache), false)
10 FCPATH\index.php(67): CodeIgniter\CodeIgniter->run()
11 SYSTEMPATH\Commands\Server\rewrite.php(43): require_once('FCPATH\\index.php')
CRITICAL - 2022-10-10 21:24:33 --> Class "App\Controllers\RwtkeluargaModel" not found
in APPPATH\Controllers\Rwtkeluarga.php on line 12.
 1 SYSTEMPATH\CodeIgniter.php(866): App\Controllers\Rwtkeluarga->__construct()
 2 SYSTEMPATH\CodeIgniter.php(448): CodeIgniter\CodeIgniter->createController()
 3 SYSTEMPATH\CodeIgniter.php(340): CodeIgniter\CodeIgniter->handleRequest(null, Object(Config\Cache), false)
 4 FCPATH\index.php(67): CodeIgniter\CodeIgniter->run()
 5 SYSTEMPATH\Commands\Server\rewrite.php(43): require_once('FCPATH\\index.php')
