CRITICAL - 2023-04-03 13:51:30 --> There is no data to update.
in SYSTEMPATH\BaseModel.php on line 846.
 1 SYSTEMPATH\BaseModel.php(846): CodeIgniter\Database\Exceptions\DataException::forEmptyDataset('update')
 2 SYSTEMPATH\Model.php(693): CodeIgniter\BaseModel->update([...], [])
 3 APPPATH\Controllers\Pengajuandiscount.php(248): CodeIgniter\Model->update('51', [...])
 4 SYSTEMPATH\CodeIgniter.php(904): App\Controllers\Pengajuandiscount->simpanapprov_dir()
 5 SYSTEMPATH\CodeIgniter.php(457): CodeIgniter\CodeIgniter->runController(Object(App\Controllers\Pengajuandiscount))
 6 SYSTEMPATH\CodeIgniter.php(340): CodeIgniter\CodeIgniter->handleRequest(null, Object(Config\Cache), false)
 7 FCPATH\index.php(67): CodeIgniter\CodeIgniter->run()
 8 SYSTEMPATH\Commands\Server\rewrite.php(43): require_once('FCPATH\\index.php')
CRITICAL - 2023-04-03 13:51:54 --> There is no data to update.
in SYSTEMPATH\BaseModel.php on line 846.
 1 SYSTEMPATH\BaseModel.php(846): CodeIgniter\Database\Exceptions\DataException::forEmptyDataset('update')
 2 SYSTEMPATH\Model.php(693): CodeIgniter\BaseModel->update([...], [])
 3 APPPATH\Controllers\Pengajuandiscount.php(248): CodeIgniter\Model->update('51', [...])
 4 SYSTEMPATH\CodeIgniter.php(904): App\Controllers\Pengajuandiscount->simpanapprov_dir()
 5 SYSTEMPATH\CodeIgniter.php(457): CodeIgniter\CodeIgniter->runController(Object(App\Controllers\Pengajuandiscount))
 6 SYSTEMPATH\CodeIgniter.php(340): CodeIgniter\CodeIgniter->handleRequest(null, Object(Config\Cache), false)
 7 FCPATH\index.php(67): CodeIgniter\CodeIgniter->run()
 8 SYSTEMPATH\Commands\Server\rewrite.php(43): require_once('FCPATH\\index.php')
CRITICAL - 2023-04-03 14:00:31 --> Call to undefined method App\Models\PengajuandiscountModel::getnomor
in SYSTEMPATH\Model.php on line 774.
 1 APPPATH\Controllers\Pengajuandiscount.php(240): CodeIgniter\Model->__call('getnomor', [...])
 2 SYSTEMPATH\CodeIgniter.php(904): App\Controllers\Pengajuandiscount->simpanapprov_dir()
 3 SYSTEMPATH\CodeIgniter.php(457): CodeIgniter\CodeIgniter->runController(Object(App\Controllers\Pengajuandiscount))
 4 SYSTEMPATH\CodeIgniter.php(340): CodeIgniter\CodeIgniter->handleRequest(null, Object(Config\Cache), false)
 5 FCPATH\index.php(67): CodeIgniter\CodeIgniter->run()
 6 SYSTEMPATH\Commands\Server\rewrite.php(43): require_once('FCPATH\\index.php')
CRITICAL - 2023-04-03 14:01:33 --> Undefined array key "discount_cashback"
in APPPATH\Controllers\Pengajuandiscount.php on line 241.
 1 APPPATH\Controllers\Pengajuandiscount.php(241): CodeIgniter\Debug\Exceptions->errorHandler(2, 'Undefined array key "discount_cashback"', 'APPPATH\\Controllers\\Pengajuandiscount.php', 241)
 2 SYSTEMPATH\CodeIgniter.php(904): App\Controllers\Pengajuandiscount->simpanapprov_dir()
 3 SYSTEMPATH\CodeIgniter.php(457): CodeIgniter\CodeIgniter->runController(Object(App\Controllers\Pengajuandiscount))
 4 SYSTEMPATH\CodeIgniter.php(340): CodeIgniter\CodeIgniter->handleRequest(null, Object(Config\Cache), false)
 5 FCPATH\index.php(67): CodeIgniter\CodeIgniter->run()
 6 SYSTEMPATH\Commands\Server\rewrite.php(43): require_once('FCPATH\\index.php')
CRITICAL - 2023-04-03 14:11:02 --> Undefined array key "discount_cashback"
in APPPATH\Controllers\Pengajuandiscount.php on line 242.
 1 APPPATH\Controllers\Pengajuandiscount.php(242): CodeIgniter\Debug\Exceptions->errorHandler(2, 'Undefined array key "discount_cashback"', 'APPPATH\\Controllers\\Pengajuandiscount.php', 242)
 2 SYSTEMPATH\CodeIgniter.php(904): App\Controllers\Pengajuandiscount->simpanapprov_dir()
 3 SYSTEMPATH\CodeIgniter.php(457): CodeIgniter\CodeIgniter->runController(Object(App\Controllers\Pengajuandiscount))
 4 SYSTEMPATH\CodeIgniter.php(340): CodeIgniter\CodeIgniter->handleRequest(null, Object(Config\Cache), false)
 5 FCPATH\index.php(67): CodeIgniter\CodeIgniter->run()
 6 SYSTEMPATH\Commands\Server\rewrite.php(43): require_once('FCPATH\\index.php')
CRITICAL - 2023-04-03 14:11:51 --> Undefined array key "discount_cashback"
in APPPATH\Controllers\Pengajuandiscount.php on line 241.
 1 APPPATH\Controllers\Pengajuandiscount.php(241): CodeIgniter\Debug\Exceptions->errorHandler(2, 'Undefined array key "discount_cashback"', 'APPPATH\\Controllers\\Pengajuandiscount.php', 241)
 2 SYSTEMPATH\CodeIgniter.php(904): App\Controllers\Pengajuandiscount->simpanapprov_dir()
 3 SYSTEMPATH\CodeIgniter.php(457): CodeIgniter\CodeIgniter->runController(Object(App\Controllers\Pengajuandiscount))
 4 SYSTEMPATH\CodeIgniter.php(340): CodeIgniter\CodeIgniter->handleRequest(null, Object(Config\Cache), false)
 5 FCPATH\index.php(67): CodeIgniter\CodeIgniter->run()
 6 SYSTEMPATH\Commands\Server\rewrite.php(43): require_once('FCPATH\\index.php')
CRITICAL - 2023-04-03 14:12:29 --> Undefined array key "discount_cashback"
in APPPATH\Controllers\Pengajuandiscount.php on line 242.
 1 APPPATH\Controllers\Pengajuandiscount.php(242): CodeIgniter\Debug\Exceptions->errorHandler(2, 'Undefined array key "discount_cashback"', 'APPPATH\\Controllers\\Pengajuandiscount.php', 242)
 2 SYSTEMPATH\CodeIgniter.php(904): App\Controllers\Pengajuandiscount->simpanapprov_dir()
 3 SYSTEMPATH\CodeIgniter.php(457): CodeIgniter\CodeIgniter->runController(Object(App\Controllers\Pengajuandiscount))
 4 SYSTEMPATH\CodeIgniter.php(340): CodeIgniter\CodeIgniter->handleRequest(null, Object(Config\Cache), false)
 5 FCPATH\index.php(67): CodeIgniter\CodeIgniter->run()
 6 SYSTEMPATH\Commands\Server\rewrite.php(43): require_once('FCPATH\\index.php')
CRITICAL - 2023-04-03 14:12:37 --> Undefined array key "discount_cashback"
in APPPATH\Controllers\Pengajuandiscount.php on line 242.
 1 APPPATH\Controllers\Pengajuandiscount.php(242): CodeIgniter\Debug\Exceptions->errorHandler(2, 'Undefined array key "discount_cashback"', 'APPPATH\\Controllers\\Pengajuandiscount.php', 242)
 2 SYSTEMPATH\CodeIgniter.php(904): App\Controllers\Pengajuandiscount->simpanapprov_dir()
 3 SYSTEMPATH\CodeIgniter.php(457): CodeIgniter\CodeIgniter->runController(Object(App\Controllers\Pengajuandiscount))
 4 SYSTEMPATH\CodeIgniter.php(340): CodeIgniter\CodeIgniter->handleRequest(null, Object(Config\Cache), false)
 5 FCPATH\index.php(67): CodeIgniter\CodeIgniter->run()
 6 SYSTEMPATH\Commands\Server\rewrite.php(43): require_once('FCPATH\\index.php')
CRITICAL - 2023-04-03 14:14:23 --> Undefined array key "discount_cashback"
in APPPATH\Controllers\Pengajuandiscount.php on line 242.
 1 APPPATH\Controllers\Pengajuandiscount.php(242): CodeIgniter\Debug\Exceptions->errorHandler(2, 'Undefined array key "discount_cashback"', 'APPPATH\\Controllers\\Pengajuandiscount.php', 242)
 2 SYSTEMPATH\CodeIgniter.php(904): App\Controllers\Pengajuandiscount->simpanapprov_dir()
 3 SYSTEMPATH\CodeIgniter.php(457): CodeIgniter\CodeIgniter->runController(Object(App\Controllers\Pengajuandiscount))
 4 SYSTEMPATH\CodeIgniter.php(340): CodeIgniter\CodeIgniter->handleRequest(null, Object(Config\Cache), false)
 5 FCPATH\index.php(67): CodeIgniter\CodeIgniter->run()
 6 SYSTEMPATH\Commands\Server\rewrite.php(43): require_once('FCPATH\\index.php')
CRITICAL - 2023-04-03 14:14:30 --> Undefined array key "discount_cashback"
in APPPATH\Controllers\Pengajuandiscount.php on line 242.
 1 APPPATH\Controllers\Pengajuandiscount.php(242): CodeIgniter\Debug\Exceptions->errorHandler(2, 'Undefined array key "discount_cashback"', 'APPPATH\\Controllers\\Pengajuandiscount.php', 242)
 2 SYSTEMPATH\CodeIgniter.php(904): App\Controllers\Pengajuandiscount->simpanapprov_dir()
 3 SYSTEMPATH\CodeIgniter.php(457): CodeIgniter\CodeIgniter->runController(Object(App\Controllers\Pengajuandiscount))
 4 SYSTEMPATH\CodeIgniter.php(340): CodeIgniter\CodeIgniter->handleRequest(null, Object(Config\Cache), false)
 5 FCPATH\index.php(67): CodeIgniter\CodeIgniter->run()
 6 SYSTEMPATH\Commands\Server\rewrite.php(43): require_once('FCPATH\\index.php')
CRITICAL - 2023-04-03 14:15:10 --> Undefined array key "discount_cashback"
in APPPATH\Controllers\Pengajuandiscount.php on line 242.
 1 APPPATH\Controllers\Pengajuandiscount.php(242): CodeIgniter\Debug\Exceptions->errorHandler(2, 'Undefined array key "discount_cashback"', 'APPPATH\\Controllers\\Pengajuandiscount.php', 242)
 2 SYSTEMPATH\CodeIgniter.php(904): App\Controllers\Pengajuandiscount->simpanapprov_dir()
 3 SYSTEMPATH\CodeIgniter.php(457): CodeIgniter\CodeIgniter->runController(Object(App\Controllers\Pengajuandiscount))
 4 SYSTEMPATH\CodeIgniter.php(340): CodeIgniter\CodeIgniter->handleRequest(null, Object(Config\Cache), false)
 5 FCPATH\index.php(67): CodeIgniter\CodeIgniter->run()
 6 SYSTEMPATH\Commands\Server\rewrite.php(43): require_once('FCPATH\\index.php')
CRITICAL - 2023-04-03 14:15:26 --> Undefined array key "discount_cashback"
in APPPATH\Controllers\Pengajuandiscount.php on line 242.
 1 APPPATH\Controllers\Pengajuandiscount.php(242): CodeIgniter\Debug\Exceptions->errorHandler(2, 'Undefined array key "discount_cashback"', 'APPPATH\\Controllers\\Pengajuandiscount.php', 242)
 2 SYSTEMPATH\CodeIgniter.php(904): App\Controllers\Pengajuandiscount->simpanapprov_dir()
 3 SYSTEMPATH\CodeIgniter.php(457): CodeIgniter\CodeIgniter->runController(Object(App\Controllers\Pengajuandiscount))
 4 SYSTEMPATH\CodeIgniter.php(340): CodeIgniter\CodeIgniter->handleRequest(null, Object(Config\Cache), false)
 5 FCPATH\index.php(67): CodeIgniter\CodeIgniter->run()
 6 SYSTEMPATH\Commands\Server\rewrite.php(43): require_once('FCPATH\\index.php')
CRITICAL - 2023-04-03 14:17:16 --> Undefined array key "discount_cashback"
in APPPATH\Controllers\Pengajuandiscount.php on line 243.
 1 APPPATH\Controllers\Pengajuandiscount.php(243): CodeIgniter\Debug\Exceptions->errorHandler(2, 'Undefined array key "discount_cashback"', 'APPPATH\\Controllers\\Pengajuandiscount.php', 243)
 2 SYSTEMPATH\CodeIgniter.php(904): App\Controllers\Pengajuandiscount->simpanapprov_dir()
 3 SYSTEMPATH\CodeIgniter.php(457): CodeIgniter\CodeIgniter->runController(Object(App\Controllers\Pengajuandiscount))
 4 SYSTEMPATH\CodeIgniter.php(340): CodeIgniter\CodeIgniter->handleRequest(null, Object(Config\Cache), false)
 5 FCPATH\index.php(67): CodeIgniter\CodeIgniter->run()
 6 SYSTEMPATH\Commands\Server\rewrite.php(43): require_once('FCPATH\\index.php')
CRITICAL - 2023-04-03 15:02:52 --> Undefined array key "tglvalidasi"
in APPPATH\Views\memombr\modaldetail.php on line 395.
 1 APPPATH\Views\memombr\modaldetail.php(395): CodeIgniter\Debug\Exceptions->errorHandler(2, 'Undefined array key "tglvalidasi"', 'APPPATH\\Views\\memombr\\modaldetail.php', 395)
 2 SYSTEMPATH\View\View.php(213): include('APPPATH\\Views\\memombr\\modaldetail.php')
 3 SYSTEMPATH\View\View.php(216): CodeIgniter\View\View->CodeIgniter\View\{closure}()
 4 SYSTEMPATH\Common.php(1142): CodeIgniter\View\View->render('memombr/modaldetail', [], true)
 5 APPPATH\Controllers\Memombr.php(96): view('memombr/modaldetail', [...])
 6 SYSTEMPATH\CodeIgniter.php(904): App\Controllers\Memombr->formdetail()
 7 SYSTEMPATH\CodeIgniter.php(457): CodeIgniter\CodeIgniter->runController(Object(App\Controllers\Memombr))
 8 SYSTEMPATH\CodeIgniter.php(340): CodeIgniter\CodeIgniter->handleRequest(null, Object(Config\Cache), false)
 9 FCPATH\index.php(67): CodeIgniter\CodeIgniter->run()
10 SYSTEMPATH\Commands\Server\rewrite.php(43): require_once('FCPATH\\index.php')
CRITICAL - 2023-04-03 15:02:57 --> Undefined array key "tglvalidasi"
in APPPATH\Views\memombr\modaldetail.php on line 395.
 1 APPPATH\Views\memombr\modaldetail.php(395): CodeIgniter\Debug\Exceptions->errorHandler(2, 'Undefined array key "tglvalidasi"', 'APPPATH\\Views\\memombr\\modaldetail.php', 395)
 2 SYSTEMPATH\View\View.php(213): include('APPPATH\\Views\\memombr\\modaldetail.php')
 3 SYSTEMPATH\View\View.php(216): CodeIgniter\View\View->CodeIgniter\View\{closure}()
 4 SYSTEMPATH\Common.php(1142): CodeIgniter\View\View->render('memombr/modaldetail', [], true)
 5 APPPATH\Controllers\Memombr.php(96): view('memombr/modaldetail', [...])
 6 SYSTEMPATH\CodeIgniter.php(904): App\Controllers\Memombr->formdetail()
 7 SYSTEMPATH\CodeIgniter.php(457): CodeIgniter\CodeIgniter->runController(Object(App\Controllers\Memombr))
 8 SYSTEMPATH\CodeIgniter.php(340): CodeIgniter\CodeIgniter->handleRequest(null, Object(Config\Cache), false)
 9 FCPATH\index.php(67): CodeIgniter\CodeIgniter->run()
10 SYSTEMPATH\Commands\Server\rewrite.php(43): require_once('FCPATH\\index.php')
