CRITICAL - 2023-03-10 09:24:18 --> Undefined variable $estimasi
in APPPATH\Views\estimasi\summary.php on line 10.
 1 APPPATH\Views\estimasi\summary.php(10): CodeIgniter\Debug\Exceptions->errorHandler(2, 'Undefined variable $estimasi', 'APPPATH\\Views\\estimasi\\summary.php', 10)
 2 SYSTEMPATH\View\View.php(213): include('APPPATH\\Views\\estimasi\\summary.php')
 3 SYSTEMPATH\View\View.php(216): CodeIgniter\View\View->CodeIgniter\View\{closure}()
 4 SYSTEMPATH\Common.php(1142): CodeIgniter\View\View->render('estimasi/summary', [], true)
 5 APPPATH\Controllers\Estimasi.php(1375): view('estimasi/summary', [...])
 6 SYSTEMPATH\CodeIgniter.php(904): App\Controllers\Estimasi->summary()
 7 SYSTEMPATH\CodeIgniter.php(457): CodeIgniter\CodeIgniter->runController(Object(App\Controllers\Estimasi))
 8 SYSTEMPATH\CodeIgniter.php(340): CodeIgniter\CodeIgniter->handleRequest(null, Object(Config\Cache), false)
 9 FCPATH\index.php(67): CodeIgniter\CodeIgniter->run()
10 SYSTEMPATH\Commands\Server\rewrite.php(43): require_once('FCPATH\\index.php')
CRITICAL - 2023-03-10 09:25:57 --> Undefined variable $estimasi
in APPPATH\Views\estimasi\summary.php on line 10.
 1 APPPATH\Views\estimasi\summary.php(10): CodeIgniter\Debug\Exceptions->errorHandler(2, 'Undefined variable $estimasi', 'APPPATH\\Views\\estimasi\\summary.php', 10)
 2 SYSTEMPATH\View\View.php(213): include('APPPATH\\Views\\estimasi\\summary.php')
 3 SYSTEMPATH\View\View.php(216): CodeIgniter\View\View->CodeIgniter\View\{closure}()
 4 SYSTEMPATH\Common.php(1142): CodeIgniter\View\View->render('estimasi/summary', [], true)
 5 APPPATH\Controllers\Estimasi.php(1375): view('estimasi/summary', [...])
 6 SYSTEMPATH\CodeIgniter.php(904): App\Controllers\Estimasi->summary()
 7 SYSTEMPATH\CodeIgniter.php(457): CodeIgniter\CodeIgniter->runController(Object(App\Controllers\Estimasi))
 8 SYSTEMPATH\CodeIgniter.php(340): CodeIgniter\CodeIgniter->handleRequest(null, Object(Config\Cache), false)
 9 FCPATH\index.php(67): CodeIgniter\CodeIgniter->run()
10 SYSTEMPATH\Commands\Server\rewrite.php(43): require_once('FCPATH\\index.php')
CRITICAL - 2023-03-10 09:27:11 --> Undefined array key "noestimasi"
in APPPATH\Views\estimasi\detailestimasi.php on line 37.
 1 APPPATH\Views\estimasi\detailestimasi.php(37): CodeIgniter\Debug\Exceptions->errorHandler(2, 'Undefined array key "noestimasi"', 'APPPATH\\Views\\estimasi\\detailestimasi.php', 37)
 2 SYSTEMPATH\View\View.php(213): include('APPPATH\\Views\\estimasi\\detailestimasi.php')
 3 SYSTEMPATH\View\View.php(216): CodeIgniter\View\View->CodeIgniter\View\{closure}()
 4 SYSTEMPATH\Common.php(1142): CodeIgniter\View\View->render('estimasi/detailestimasi', [], true)
 5 APPPATH\Controllers\Estimasi.php(279): view('estimasi/detailestimasi', [...])
 6 SYSTEMPATH\CodeIgniter.php(904): App\Controllers\Estimasi->detailestimasi()
 7 SYSTEMPATH\CodeIgniter.php(457): CodeIgniter\CodeIgniter->runController(Object(App\Controllers\Estimasi))
 8 SYSTEMPATH\CodeIgniter.php(340): CodeIgniter\CodeIgniter->handleRequest(null, Object(Config\Cache), false)
 9 FCPATH\index.php(67): CodeIgniter\CodeIgniter->run()
10 SYSTEMPATH\Commands\Server\rewrite.php(43): require_once('FCPATH\\index.php')
CRITICAL - 2023-03-10 09:27:33 --> Undefined array key "noestimasi"
in APPPATH\Views\estimasi\detailestimasi.php on line 37.
 1 APPPATH\Views\estimasi\detailestimasi.php(37): CodeIgniter\Debug\Exceptions->errorHandler(2, 'Undefined array key "noestimasi"', 'APPPATH\\Views\\estimasi\\detailestimasi.php', 37)
 2 SYSTEMPATH\View\View.php(213): include('APPPATH\\Views\\estimasi\\detailestimasi.php')
 3 SYSTEMPATH\View\View.php(216): CodeIgniter\View\View->CodeIgniter\View\{closure}()
 4 SYSTEMPATH\Common.php(1142): CodeIgniter\View\View->render('estimasi/detailestimasi', [], true)
 5 APPPATH\Controllers\Estimasi.php(279): view('estimasi/detailestimasi', [...])
 6 SYSTEMPATH\CodeIgniter.php(904): App\Controllers\Estimasi->detailestimasi()
 7 SYSTEMPATH\CodeIgniter.php(457): CodeIgniter\CodeIgniter->runController(Object(App\Controllers\Estimasi))
 8 SYSTEMPATH\CodeIgniter.php(340): CodeIgniter\CodeIgniter->handleRequest(null, Object(Config\Cache), false)
 9 FCPATH\index.php(67): CodeIgniter\CodeIgniter->run()
10 SYSTEMPATH\Commands\Server\rewrite.php(43): require_once('FCPATH\\index.php')
CRITICAL - 2023-03-10 09:27:42 --> Undefined array key "noestimasi"
in APPPATH\Views\estimasi\detailestimasi.php on line 37.
 1 APPPATH\Views\estimasi\detailestimasi.php(37): CodeIgniter\Debug\Exceptions->errorHandler(2, 'Undefined array key "noestimasi"', 'APPPATH\\Views\\estimasi\\detailestimasi.php', 37)
 2 SYSTEMPATH\View\View.php(213): include('APPPATH\\Views\\estimasi\\detailestimasi.php')
 3 SYSTEMPATH\View\View.php(216): CodeIgniter\View\View->CodeIgniter\View\{closure}()
 4 SYSTEMPATH\Common.php(1142): CodeIgniter\View\View->render('estimasi/detailestimasi', [], true)
 5 APPPATH\Controllers\Estimasi.php(279): view('estimasi/detailestimasi', [...])
 6 SYSTEMPATH\CodeIgniter.php(904): App\Controllers\Estimasi->detailestimasi()
 7 SYSTEMPATH\CodeIgniter.php(457): CodeIgniter\CodeIgniter->runController(Object(App\Controllers\Estimasi))
 8 SYSTEMPATH\CodeIgniter.php(340): CodeIgniter\CodeIgniter->handleRequest(null, Object(Config\Cache), false)
 9 FCPATH\index.php(67): CodeIgniter\CodeIgniter->run()
10 SYSTEMPATH\Commands\Server\rewrite.php(43): require_once('FCPATH\\index.php')
CRITICAL - 2023-03-10 09:29:30 --> Undefined variable $estimasi
in APPPATH\Views\estimasi\summary.php on line 10.
 1 APPPATH\Views\estimasi\summary.php(10): CodeIgniter\Debug\Exceptions->errorHandler(2, 'Undefined variable $estimasi', 'APPPATH\\Views\\estimasi\\summary.php', 10)
 2 SYSTEMPATH\View\View.php(213): include('APPPATH\\Views\\estimasi\\summary.php')
 3 SYSTEMPATH\View\View.php(216): CodeIgniter\View\View->CodeIgniter\View\{closure}()
 4 SYSTEMPATH\Common.php(1142): CodeIgniter\View\View->render('estimasi/summary', [], true)
 5 APPPATH\Controllers\Estimasi.php(1375): view('estimasi/summary', [...])
 6 SYSTEMPATH\CodeIgniter.php(904): App\Controllers\Estimasi->summary()
 7 SYSTEMPATH\CodeIgniter.php(457): CodeIgniter\CodeIgniter->runController(Object(App\Controllers\Estimasi))
 8 SYSTEMPATH\CodeIgniter.php(340): CodeIgniter\CodeIgniter->handleRequest(null, Object(Config\Cache), false)
 9 FCPATH\index.php(67): CodeIgniter\CodeIgniter->run()
10 SYSTEMPATH\Commands\Server\rewrite.php(43): require_once('FCPATH\\index.php')
CRITICAL - 2023-03-10 09:32:37 --> Undefined variable $estimasi
in APPPATH\Views\estimasi\summary.php on line 10.
 1 APPPATH\Views\estimasi\summary.php(10): CodeIgniter\Debug\Exceptions->errorHandler(2, 'Undefined variable $estimasi', 'APPPATH\\Views\\estimasi\\summary.php', 10)
 2 SYSTEMPATH\View\View.php(213): include('APPPATH\\Views\\estimasi\\summary.php')
 3 SYSTEMPATH\View\View.php(216): CodeIgniter\View\View->CodeIgniter\View\{closure}()
 4 SYSTEMPATH\Common.php(1142): CodeIgniter\View\View->render('estimasi/summary', [], true)
 5 APPPATH\Controllers\Estimasi.php(1377): view('estimasi/summary', [...])
 6 SYSTEMPATH\CodeIgniter.php(904): App\Controllers\Estimasi->summary()
 7 SYSTEMPATH\CodeIgniter.php(457): CodeIgniter\CodeIgniter->runController(Object(App\Controllers\Estimasi))
 8 SYSTEMPATH\CodeIgniter.php(340): CodeIgniter\CodeIgniter->handleRequest(null, Object(Config\Cache), false)
 9 FCPATH\index.php(67): CodeIgniter\CodeIgniter->run()
10 SYSTEMPATH\Commands\Server\rewrite.php(43): require_once('FCPATH\\index.php')
CRITICAL - 2023-03-10 09:34:13 --> foreach() argument must be of type array|object, string given
in APPPATH\Views\estimasi\summary.php on line 10.
 1 APPPATH\Views\estimasi\summary.php(10): CodeIgniter\Debug\Exceptions->errorHandler(2, 'foreach() argument must be of type array|object, string given', 'APPPATH\\Views\\estimasi\\summary.php', 10)
 2 SYSTEMPATH\View\View.php(213): include('APPPATH\\Views\\estimasi\\summary.php')
 3 SYSTEMPATH\View\View.php(216): CodeIgniter\View\View->CodeIgniter\View\{closure}()
 4 SYSTEMPATH\Common.php(1142): CodeIgniter\View\View->render('estimasi/summary', [], true)
 5 APPPATH\Controllers\Estimasi.php(1377): view('estimasi/summary', [...])
 6 SYSTEMPATH\CodeIgniter.php(904): App\Controllers\Estimasi->summary()
 7 SYSTEMPATH\CodeIgniter.php(457): CodeIgniter\CodeIgniter->runController(Object(App\Controllers\Estimasi))
 8 SYSTEMPATH\CodeIgniter.php(340): CodeIgniter\CodeIgniter->handleRequest(null, Object(Config\Cache), false)
 9 FCPATH\index.php(67): CodeIgniter\CodeIgniter->run()
10 SYSTEMPATH\Commands\Server\rewrite.php(43): require_once('FCPATH\\index.php')
CRITICAL - 2023-03-10 10:23:04 --> Undefined variable $title
in APPPATH\Views\estimasi\tbl_estimasi_jasa.php on line 2.
 1 APPPATH\Views\estimasi\tbl_estimasi_jasa.php(2): CodeIgniter\Debug\Exceptions->errorHandler(2, 'Undefined variable $title', 'APPPATH\\Views\\estimasi\\tbl_estimasi_jasa.php', 2)
 2 SYSTEMPATH\View\View.php(213): include('APPPATH\\Views\\estimasi\\tbl_estimasi_jasa.php')
 3 SYSTEMPATH\View\View.php(216): CodeIgniter\View\View->CodeIgniter\View\{closure}()
 4 SYSTEMPATH\Common.php(1142): CodeIgniter\View\View->render('estimasi/tbl_estimasi_jasa', [], true)
 5 APPPATH\Controllers\Estimasi.php(1120): view('estimasi/tbl_estimasi_jasa', [...])
 6 SYSTEMPATH\CodeIgniter.php(904): App\Controllers\Estimasi->table_estimasi_jasa()
 7 SYSTEMPATH\CodeIgniter.php(457): CodeIgniter\CodeIgniter->runController(Object(App\Controllers\Estimasi))
 8 SYSTEMPATH\CodeIgniter.php(340): CodeIgniter\CodeIgniter->handleRequest(null, Object(Config\Cache), false)
 9 FCPATH\index.php(67): CodeIgniter\CodeIgniter->run()
10 SYSTEMPATH\Commands\Server\rewrite.php(43): require_once('FCPATH\\index.php')
CRITICAL - 2023-03-10 10:23:09 --> Undefined variable $title
in APPPATH\Views\estimasi\tbl_estimasi_jasa.php on line 2.
 1 APPPATH\Views\estimasi\tbl_estimasi_jasa.php(2): CodeIgniter\Debug\Exceptions->errorHandler(2, 'Undefined variable $title', 'APPPATH\\Views\\estimasi\\tbl_estimasi_jasa.php', 2)
 2 SYSTEMPATH\View\View.php(213): include('APPPATH\\Views\\estimasi\\tbl_estimasi_jasa.php')
 3 SYSTEMPATH\View\View.php(216): CodeIgniter\View\View->CodeIgniter\View\{closure}()
 4 SYSTEMPATH\Common.php(1142): CodeIgniter\View\View->render('estimasi/tbl_estimasi_jasa', [], true)
 5 APPPATH\Controllers\Estimasi.php(1120): view('estimasi/tbl_estimasi_jasa', [...])
 6 SYSTEMPATH\CodeIgniter.php(904): App\Controllers\Estimasi->table_estimasi_jasa()
 7 SYSTEMPATH\CodeIgniter.php(457): CodeIgniter\CodeIgniter->runController(Object(App\Controllers\Estimasi))
 8 SYSTEMPATH\CodeIgniter.php(340): CodeIgniter\CodeIgniter->handleRequest(null, Object(Config\Cache), false)
 9 FCPATH\index.php(67): CodeIgniter\CodeIgniter->run()
10 SYSTEMPATH\Commands\Server\rewrite.php(43): require_once('FCPATH\\index.php')
CRITICAL - 2023-03-10 11:01:32 --> Undefined variable $test
in APPPATH\Views\estimasi\tbl_estimasi_jasa.php on line 2.
 1 APPPATH\Views\estimasi\tbl_estimasi_jasa.php(2): CodeIgniter\Debug\Exceptions->errorHandler(2, 'Undefined variable $test', 'APPPATH\\Views\\estimasi\\tbl_estimasi_jasa.php', 2)
 2 SYSTEMPATH\View\View.php(213): include('APPPATH\\Views\\estimasi\\tbl_estimasi_jasa.php')
 3 SYSTEMPATH\View\View.php(216): CodeIgniter\View\View->CodeIgniter\View\{closure}()
 4 SYSTEMPATH\Common.php(1142): CodeIgniter\View\View->render('estimasi/tbl_estimasi_jasa', [], true)
 5 APPPATH\Controllers\Estimasi.php(1120): view('estimasi/tbl_estimasi_jasa', [...])
 6 SYSTEMPATH\CodeIgniter.php(904): App\Controllers\Estimasi->table_estimasi_jasa()
 7 SYSTEMPATH\CodeIgniter.php(457): CodeIgniter\CodeIgniter->runController(Object(App\Controllers\Estimasi))
 8 SYSTEMPATH\CodeIgniter.php(340): CodeIgniter\CodeIgniter->handleRequest(null, Object(Config\Cache), false)
 9 FCPATH\index.php(67): CodeIgniter\CodeIgniter->run()
10 SYSTEMPATH\Commands\Server\rewrite.php(43): require_once('FCPATH\\index.php')
CRITICAL - 2023-03-10 11:01:38 --> Undefined variable $test
in APPPATH\Views\estimasi\tbl_estimasi_jasa.php on line 2.
 1 APPPATH\Views\estimasi\tbl_estimasi_jasa.php(2): CodeIgniter\Debug\Exceptions->errorHandler(2, 'Undefined variable $test', 'APPPATH\\Views\\estimasi\\tbl_estimasi_jasa.php', 2)
 2 SYSTEMPATH\View\View.php(213): include('APPPATH\\Views\\estimasi\\tbl_estimasi_jasa.php')
 3 SYSTEMPATH\View\View.php(216): CodeIgniter\View\View->CodeIgniter\View\{closure}()
 4 SYSTEMPATH\Common.php(1142): CodeIgniter\View\View->render('estimasi/tbl_estimasi_jasa', [], true)
 5 APPPATH\Controllers\Estimasi.php(1120): view('estimasi/tbl_estimasi_jasa', [...])
 6 SYSTEMPATH\CodeIgniter.php(904): App\Controllers\Estimasi->table_estimasi_jasa()
 7 SYSTEMPATH\CodeIgniter.php(457): CodeIgniter\CodeIgniter->runController(Object(App\Controllers\Estimasi))
 8 SYSTEMPATH\CodeIgniter.php(340): CodeIgniter\CodeIgniter->handleRequest(null, Object(Config\Cache), false)
 9 FCPATH\index.php(67): CodeIgniter\CodeIgniter->run()
10 SYSTEMPATH\Commands\Server\rewrite.php(43): require_once('FCPATH\\index.php')
CRITICAL - 2023-03-10 11:01:43 --> Undefined variable $test
in APPPATH\Views\estimasi\tbl_estimasi_jasa.php on line 2.
 1 APPPATH\Views\estimasi\tbl_estimasi_jasa.php(2): CodeIgniter\Debug\Exceptions->errorHandler(2, 'Undefined variable $test', 'APPPATH\\Views\\estimasi\\tbl_estimasi_jasa.php', 2)
 2 SYSTEMPATH\View\View.php(213): include('APPPATH\\Views\\estimasi\\tbl_estimasi_jasa.php')
 3 SYSTEMPATH\View\View.php(216): CodeIgniter\View\View->CodeIgniter\View\{closure}()
 4 SYSTEMPATH\Common.php(1142): CodeIgniter\View\View->render('estimasi/tbl_estimasi_jasa', [], true)
 5 APPPATH\Controllers\Estimasi.php(1120): view('estimasi/tbl_estimasi_jasa', [...])
 6 SYSTEMPATH\CodeIgniter.php(904): App\Controllers\Estimasi->table_estimasi_jasa()
 7 SYSTEMPATH\CodeIgniter.php(457): CodeIgniter\CodeIgniter->runController(Object(App\Controllers\Estimasi))
 8 SYSTEMPATH\CodeIgniter.php(340): CodeIgniter\CodeIgniter->handleRequest(null, Object(Config\Cache), false)
 9 FCPATH\index.php(67): CodeIgniter\CodeIgniter->run()
10 SYSTEMPATH\Commands\Server\rewrite.php(43): require_once('FCPATH\\index.php')
CRITICAL - 2023-03-10 11:10:55 --> Undefined variable $test
in APPPATH\Views\estimasi\detailestimasi.php on line 255.
 1 APPPATH\Views\estimasi\detailestimasi.php(255): CodeIgniter\Debug\Exceptions->errorHandler(2, 'Undefined variable $test', 'APPPATH\\Views\\estimasi\\detailestimasi.php', 255)
 2 SYSTEMPATH\View\View.php(213): include('APPPATH\\Views\\estimasi\\detailestimasi.php')
 3 SYSTEMPATH\View\View.php(216): CodeIgniter\View\View->CodeIgniter\View\{closure}()
 4 SYSTEMPATH\Common.php(1142): CodeIgniter\View\View->render('estimasi/detailestimasi', [], true)
 5 APPPATH\Controllers\Estimasi.php(278): view('estimasi/detailestimasi', [...])
 6 SYSTEMPATH\CodeIgniter.php(904): App\Controllers\Estimasi->detailestimasi()
 7 SYSTEMPATH\CodeIgniter.php(457): CodeIgniter\CodeIgniter->runController(Object(App\Controllers\Estimasi))
 8 SYSTEMPATH\CodeIgniter.php(340): CodeIgniter\CodeIgniter->handleRequest(null, Object(Config\Cache), false)
 9 FCPATH\index.php(67): CodeIgniter\CodeIgniter->run()
10 SYSTEMPATH\Commands\Server\rewrite.php(43): require_once('FCPATH\\index.php')
CRITICAL - 2023-03-10 11:11:12 --> Undefined variable $test
in APPPATH\Views\estimasi\detailestimasi.php on line 255.
 1 APPPATH\Views\estimasi\detailestimasi.php(255): CodeIgniter\Debug\Exceptions->errorHandler(2, 'Undefined variable $test', 'APPPATH\\Views\\estimasi\\detailestimasi.php', 255)
 2 SYSTEMPATH\View\View.php(213): include('APPPATH\\Views\\estimasi\\detailestimasi.php')
 3 SYSTEMPATH\View\View.php(216): CodeIgniter\View\View->CodeIgniter\View\{closure}()
 4 SYSTEMPATH\Common.php(1142): CodeIgniter\View\View->render('estimasi/detailestimasi', [], true)
 5 APPPATH\Controllers\Estimasi.php(278): view('estimasi/detailestimasi', [...])
 6 SYSTEMPATH\CodeIgniter.php(904): App\Controllers\Estimasi->detailestimasi()
 7 SYSTEMPATH\CodeIgniter.php(457): CodeIgniter\CodeIgniter->runController(Object(App\Controllers\Estimasi))
 8 SYSTEMPATH\CodeIgniter.php(340): CodeIgniter\CodeIgniter->handleRequest(null, Object(Config\Cache), false)
 9 FCPATH\index.php(67): CodeIgniter\CodeIgniter->run()
10 SYSTEMPATH\Commands\Server\rewrite.php(43): require_once('FCPATH\\index.php')
CRITICAL - 2023-03-10 11:11:21 --> Undefined variable $test
in APPPATH\Views\estimasi\detailestimasi.php on line 255.
 1 APPPATH\Views\estimasi\detailestimasi.php(255): CodeIgniter\Debug\Exceptions->errorHandler(2, 'Undefined variable $test', 'APPPATH\\Views\\estimasi\\detailestimasi.php', 255)
 2 SYSTEMPATH\View\View.php(213): include('APPPATH\\Views\\estimasi\\detailestimasi.php')
 3 SYSTEMPATH\View\View.php(216): CodeIgniter\View\View->CodeIgniter\View\{closure}()
 4 SYSTEMPATH\Common.php(1142): CodeIgniter\View\View->render('estimasi/detailestimasi', [], true)
 5 APPPATH\Controllers\Estimasi.php(278): view('estimasi/detailestimasi', [...])
 6 SYSTEMPATH\CodeIgniter.php(904): App\Controllers\Estimasi->detailestimasi()
 7 SYSTEMPATH\CodeIgniter.php(457): CodeIgniter\CodeIgniter->runController(Object(App\Controllers\Estimasi))
 8 SYSTEMPATH\CodeIgniter.php(340): CodeIgniter\CodeIgniter->handleRequest(null, Object(Config\Cache), false)
 9 FCPATH\index.php(67): CodeIgniter\CodeIgniter->run()
10 SYSTEMPATH\Commands\Server\rewrite.php(43): require_once('FCPATH\\index.php')
CRITICAL - 2023-03-10 11:18:50 --> Undefined property: CodeIgniter\View\View::$session
in APPPATH\Views\estimasi\detailestimasi.php on line 11.
 1 APPPATH\Views\estimasi\detailestimasi.php(11): CodeIgniter\Debug\Exceptions->errorHandler(2, 'Undefined property: CodeIgniter\\View\\View::$session', 'APPPATH\\Views\\estimasi\\detailestimasi.php', 11)
 2 SYSTEMPATH\View\View.php(213): include('APPPATH\\Views\\estimasi\\detailestimasi.php')
 3 SYSTEMPATH\View\View.php(216): CodeIgniter\View\View->CodeIgniter\View\{closure}()
 4 SYSTEMPATH\Common.php(1142): CodeIgniter\View\View->render('estimasi/detailestimasi', [], true)
 5 APPPATH\Controllers\Estimasi.php(278): view('estimasi/detailestimasi', [...])
 6 SYSTEMPATH\CodeIgniter.php(904): App\Controllers\Estimasi->detailestimasi()
 7 SYSTEMPATH\CodeIgniter.php(457): CodeIgniter\CodeIgniter->runController(Object(App\Controllers\Estimasi))
 8 SYSTEMPATH\CodeIgniter.php(340): CodeIgniter\CodeIgniter->handleRequest(null, Object(Config\Cache), false)
 9 FCPATH\index.php(67): CodeIgniter\CodeIgniter->run()
10 SYSTEMPATH\Commands\Server\rewrite.php(43): require_once('FCPATH\\index.php')
CRITICAL - 2023-03-10 11:39:02 --> Trying to access array offset on value of type null
in APPPATH\Controllers\Tbmobil.php on line 300.
 1 APPPATH\Controllers\Tbmobil.php(300): CodeIgniter\Debug\Exceptions->errorHandler(2, 'Trying to access array offset on value of type null', 'APPPATH\\Controllers\\Tbmobil.php', 300)
 2 SYSTEMPATH\CodeIgniter.php(904): App\Controllers\tbmobil->hapus('17')
 3 SYSTEMPATH\CodeIgniter.php(457): CodeIgniter\CodeIgniter->runController(Object(App\Controllers\tbmobil))
 4 SYSTEMPATH\CodeIgniter.php(340): CodeIgniter\CodeIgniter->handleRequest(null, Object(Config\Cache), false)
 5 FCPATH\index.php(67): CodeIgniter\CodeIgniter->run()
 6 SYSTEMPATH\Commands\Server\rewrite.php(43): require_once('FCPATH\\index.php')
CRITICAL - 2023-03-10 15:20:55 --> Undefined array key "npwp"
in APPPATH\Views\estimasi\detailestimasi.php on line 214.
 1 APPPATH\Views\estimasi\detailestimasi.php(214): CodeIgniter\Debug\Exceptions->errorHandler(2, 'Undefined array key "npwp"', 'APPPATH\\Views\\estimasi\\detailestimasi.php', 214)
 2 SYSTEMPATH\View\View.php(213): include('APPPATH\\Views\\estimasi\\detailestimasi.php')
 3 SYSTEMPATH\View\View.php(216): CodeIgniter\View\View->CodeIgniter\View\{closure}()
 4 SYSTEMPATH\Common.php(1142): CodeIgniter\View\View->render('estimasi/detailestimasi', [], true)
 5 APPPATH\Controllers\Estimasi.php(278): view('estimasi/detailestimasi', [...])
 6 SYSTEMPATH\CodeIgniter.php(904): App\Controllers\Estimasi->detailestimasi()
 7 SYSTEMPATH\CodeIgniter.php(457): CodeIgniter\CodeIgniter->runController(Object(App\Controllers\Estimasi))
 8 SYSTEMPATH\CodeIgniter.php(340): CodeIgniter\CodeIgniter->handleRequest(null, Object(Config\Cache), false)
 9 FCPATH\index.php(67): CodeIgniter\CodeIgniter->run()
10 SYSTEMPATH\Commands\Server\rewrite.php(43): require_once('FCPATH\\index.php')
CRITICAL - 2023-03-10 15:21:19 --> Undefined array key "npwp"
in APPPATH\Views\estimasi\detailestimasi.php on line 214.
 1 APPPATH\Views\estimasi\detailestimasi.php(214): CodeIgniter\Debug\Exceptions->errorHandler(2, 'Undefined array key "npwp"', 'APPPATH\\Views\\estimasi\\detailestimasi.php', 214)
 2 SYSTEMPATH\View\View.php(213): include('APPPATH\\Views\\estimasi\\detailestimasi.php')
 3 SYSTEMPATH\View\View.php(216): CodeIgniter\View\View->CodeIgniter\View\{closure}()
 4 SYSTEMPATH\Common.php(1142): CodeIgniter\View\View->render('estimasi/detailestimasi', [], true)
 5 APPPATH\Controllers\Estimasi.php(278): view('estimasi/detailestimasi', [...])
 6 SYSTEMPATH\CodeIgniter.php(904): App\Controllers\Estimasi->detailestimasi()
 7 SYSTEMPATH\CodeIgniter.php(457): CodeIgniter\CodeIgniter->runController(Object(App\Controllers\Estimasi))
 8 SYSTEMPATH\CodeIgniter.php(340): CodeIgniter\CodeIgniter->handleRequest(null, Object(Config\Cache), false)
 9 FCPATH\index.php(67): CodeIgniter\CodeIgniter->run()
10 SYSTEMPATH\Commands\Server\rewrite.php(43): require_once('FCPATH\\index.php')
CRITICAL - 2023-03-10 15:21:25 --> Undefined array key "npwp"
in APPPATH\Views\estimasi\detailestimasi.php on line 214.
 1 APPPATH\Views\estimasi\detailestimasi.php(214): CodeIgniter\Debug\Exceptions->errorHandler(2, 'Undefined array key "npwp"', 'APPPATH\\Views\\estimasi\\detailestimasi.php', 214)
 2 SYSTEMPATH\View\View.php(213): include('APPPATH\\Views\\estimasi\\detailestimasi.php')
 3 SYSTEMPATH\View\View.php(216): CodeIgniter\View\View->CodeIgniter\View\{closure}()
 4 SYSTEMPATH\Common.php(1142): CodeIgniter\View\View->render('estimasi/detailestimasi', [], true)
 5 APPPATH\Controllers\Estimasi.php(278): view('estimasi/detailestimasi', [...])
 6 SYSTEMPATH\CodeIgniter.php(904): App\Controllers\Estimasi->detailestimasi()
 7 SYSTEMPATH\CodeIgniter.php(457): CodeIgniter\CodeIgniter->runController(Object(App\Controllers\Estimasi))
 8 SYSTEMPATH\CodeIgniter.php(340): CodeIgniter\CodeIgniter->handleRequest(null, Object(Config\Cache), false)
 9 FCPATH\index.php(67): CodeIgniter\CodeIgniter->run()
10 SYSTEMPATH\Commands\Server\rewrite.php(43): require_once('FCPATH\\index.php')
CRITICAL - 2023-03-10 15:27:10 --> Invalid file: estimasi/summary1.php
in SYSTEMPATH\Exceptions\FrameworkException.php on line 33.
 1 SYSTEMPATH\View\View.php(201): CodeIgniter\Exceptions\FrameworkException::forInvalidFile('estimasi/summary1.php')
 2 SYSTEMPATH\Common.php(1142): CodeIgniter\View\View->render('estimasi/summary1', [], true)
 3 APPPATH\Controllers\Estimasi.php(1450): view('estimasi/summary1', [...])
 4 SYSTEMPATH\CodeIgniter.php(904): App\Controllers\Estimasi->summary()
 5 SYSTEMPATH\CodeIgniter.php(457): CodeIgniter\CodeIgniter->runController(Object(App\Controllers\Estimasi))
 6 SYSTEMPATH\CodeIgniter.php(340): CodeIgniter\CodeIgniter->handleRequest(null, Object(Config\Cache), false)
 7 FCPATH\index.php(67): CodeIgniter\CodeIgniter->run()
 8 SYSTEMPATH\Commands\Server\rewrite.php(43): require_once('FCPATH\\index.php')
CRITICAL - 2023-03-10 15:49:07 --> Cannot access offset of type string on string
in APPPATH\Controllers\Estimasi.php on line 472.
 1 SYSTEMPATH\CodeIgniter.php(904): App\Controllers\Estimasi->updateestimasi()
 2 SYSTEMPATH\CodeIgniter.php(457): CodeIgniter\CodeIgniter->runController(Object(App\Controllers\Estimasi))
 3 SYSTEMPATH\CodeIgniter.php(340): CodeIgniter\CodeIgniter->handleRequest(null, Object(Config\Cache), false)
 4 FCPATH\index.php(67): CodeIgniter\CodeIgniter->run()
 5 SYSTEMPATH\Commands\Server\rewrite.php(43): require_once('FCPATH\\index.php')
CRITICAL - 2023-03-10 15:51:18 --> Cannot access offset of type string on string
in APPPATH\Controllers\Estimasi.php on line 472.
 1 SYSTEMPATH\CodeIgniter.php(904): App\Controllers\Estimasi->updateestimasi()
 2 SYSTEMPATH\CodeIgniter.php(457): CodeIgniter\CodeIgniter->runController(Object(App\Controllers\Estimasi))
 3 SYSTEMPATH\CodeIgniter.php(340): CodeIgniter\CodeIgniter->handleRequest(null, Object(Config\Cache), false)
 4 FCPATH\index.php(67): CodeIgniter\CodeIgniter->run()
 5 SYSTEMPATH\Commands\Server\rewrite.php(43): require_once('FCPATH\\index.php')
CRITICAL - 2023-03-10 15:52:13 --> Cannot access offset of type string on string
in APPPATH\Controllers\Estimasi.php on line 473.
 1 SYSTEMPATH\CodeIgniter.php(904): App\Controllers\Estimasi->updateestimasi()
 2 SYSTEMPATH\CodeIgniter.php(457): CodeIgniter\CodeIgniter->runController(Object(App\Controllers\Estimasi))
 3 SYSTEMPATH\CodeIgniter.php(340): CodeIgniter\CodeIgniter->handleRequest(null, Object(Config\Cache), false)
 4 FCPATH\index.php(67): CodeIgniter\CodeIgniter->run()
 5 SYSTEMPATH\Commands\Server\rewrite.php(43): require_once('FCPATH\\index.php')
CRITICAL - 2023-03-10 15:53:18 --> Cannot access offset of type string on string
in APPPATH\Controllers\Estimasi.php on line 473.
 1 SYSTEMPATH\CodeIgniter.php(904): App\Controllers\Estimasi->updateestimasi()
 2 SYSTEMPATH\CodeIgniter.php(457): CodeIgniter\CodeIgniter->runController(Object(App\Controllers\Estimasi))
 3 SYSTEMPATH\CodeIgniter.php(340): CodeIgniter\CodeIgniter->handleRequest(null, Object(Config\Cache), false)
 4 FCPATH\index.php(67): CodeIgniter\CodeIgniter->run()
 5 SYSTEMPATH\Commands\Server\rewrite.php(43): require_once('FCPATH\\index.php')
