CRITICAL - 2023-06-09 10:46:26 --> Undefined array key "id"
in APPPATH\Controllers\Estimasi_bp.php on line 1399.
 1 APPPATH\Controllers\Estimasi_bp.php(1399): CodeIgniter\Debug\Exceptions->errorHandler(2, 'Undefined array key "id"', 'APPPATH\\Controllers\\Estimasi_bp.php', 1399)
 2 SYSTEMPATH\CodeIgniter.php(904): App\Controllers\Estimasi_bp->simpanjasa()
 3 SYSTEMPATH\CodeIgniter.php(457): CodeIgniter\CodeIgniter->runController(Object(App\Controllers\Estimasi_bp))
 4 SYSTEMPATH\CodeIgniter.php(340): CodeIgniter\CodeIgniter->handleRequest(null, Object(Config\Cache), false)
 5 FCPATH\index.php(67): CodeIgniter\CodeIgniter->run()
 6 SYSTEMPATH\Commands\Server\rewrite.php(43): require_once('FCPATH\\index.php')
CRITICAL - 2023-06-09 10:47:30 --> Undefined array key "id"
in APPPATH\Controllers\Estimasi_bp.php on line 1399.
 1 APPPATH\Controllers\Estimasi_bp.php(1399): CodeIgniter\Debug\Exceptions->errorHandler(2, 'Undefined array key "id"', 'APPPATH\\Controllers\\Estimasi_bp.php', 1399)
 2 SYSTEMPATH\CodeIgniter.php(904): App\Controllers\Estimasi_bp->simpanjasa()
 3 SYSTEMPATH\CodeIgniter.php(457): CodeIgniter\CodeIgniter->runController(Object(App\Controllers\Estimasi_bp))
 4 SYSTEMPATH\CodeIgniter.php(340): CodeIgniter\CodeIgniter->handleRequest(null, Object(Config\Cache), false)
 5 FCPATH\index.php(67): CodeIgniter\CodeIgniter->run()
 6 SYSTEMPATH\Commands\Server\rewrite.php(43): require_once('FCPATH\\index.php')
CRITICAL - 2023-06-09 10:47:52 --> Undefined array key "id"
in APPPATH\Controllers\Estimasi_bp.php on line 1400.
 1 APPPATH\Controllers\Estimasi_bp.php(1400): CodeIgniter\Debug\Exceptions->errorHandler(2, 'Undefined array key "id"', 'APPPATH\\Controllers\\Estimasi_bp.php', 1400)
 2 SYSTEMPATH\CodeIgniter.php(904): App\Controllers\Estimasi_bp->simpanjasa()
 3 SYSTEMPATH\CodeIgniter.php(457): CodeIgniter\CodeIgniter->runController(Object(App\Controllers\Estimasi_bp))
 4 SYSTEMPATH\CodeIgniter.php(340): CodeIgniter\CodeIgniter->handleRequest(null, Object(Config\Cache), false)
 5 FCPATH\index.php(67): CodeIgniter\CodeIgniter->run()
 6 SYSTEMPATH\Commands\Server\rewrite.php(43): require_once('FCPATH\\index.php')
ERROR - 2023-06-09 14:15:24 --> mysqli_sql_exception: Column 'kdasuransi' cannot be null in D:\xampp\htdocs\hati\system\Database\MySQLi\Connection.php:292
Stack trace:
#0 D:\xampp\htdocs\hati\system\Database\MySQLi\Connection.php(292): mysqli->query('INSERT INTO `ta...', 0)
#1 D:\xampp\htdocs\hati\system\Database\BaseConnection.php(693): CodeIgniter\Database\MySQLi\Connection->execute('INSERT INTO `ta...')
#2 D:\xampp\htdocs\hati\system\Database\BaseConnection.php(620): CodeIgniter\Database\BaseConnection->simpleQuery('INSERT INTO `ta...')
#3 D:\xampp\htdocs\hati\system\Database\BaseBuilder.php(1916): CodeIgniter\Database\BaseConnection->query('INSERT INTO `ta...', Array, false)
#4 D:\xampp\htdocs\hati\system\Model.php(279): CodeIgniter\Database\BaseBuilder->insert()
#5 D:\xampp\htdocs\hati\system\BaseModel.php(738): CodeIgniter\Model->doInsert(Array)
#6 D:\xampp\htdocs\hati\system\Model.php(667): CodeIgniter\BaseModel->insert(Array, true)
#7 D:\xampp\htdocs\hati\app\Controllers\Tasklist_bp.php(470): CodeIgniter\Model->insert(Array)
#8 D:\xampp\htdocs\hati\system\CodeIgniter.php(904): App\Controllers\Tasklist_bp->salindetailtasklist_bpd()
#9 D:\xampp\htdocs\hati\system\CodeIgniter.php(457): CodeIgniter\CodeIgniter->runController(Object(App\Controllers\Tasklist_bp))
#10 D:\xampp\htdocs\hati\system\CodeIgniter.php(340): CodeIgniter\CodeIgniter->handleRequest(NULL, Object(Config\Cache), false)
#11 D:\xampp\htdocs\hati\public\index.php(67): CodeIgniter\CodeIgniter->run()
#12 D:\xampp\htdocs\hati\system\Commands\Server\rewrite.php(43): require_once('D:\\xampp\\htdocs...')
#13 {main}
CRITICAL - 2023-06-09 14:15:24 --> Column 'kdasuransi' cannot be null
in SYSTEMPATH\Database\MySQLi\Connection.php on line 292.
 1 SYSTEMPATH\Database\MySQLi\Connection.php(292): mysqli->query('INSERT INTO `tasklist_bpd` (`kdasuransi`, `kdtasklist`, `kode`, `nama`, `harga`, `user`, `created_at`, `updated_at`) VALUES (NULL, \'TLBP00001\', \'PM1000-02\', \'TUNE-UP\', \'125000\', \'Tambah-Murod-09-06-2023 14:15:24\', \'2023-06-09 14:15:24\', \'2023-06-09 14:15:24\')', 0)
 2 SYSTEMPATH\Database\BaseConnection.php(693): CodeIgniter\Database\MySQLi\Connection->execute('INSERT INTO `tasklist_bpd` (`kdasuransi`, `kdtasklist`, `kode`, `nama`, `harga`, `user`, `created_at`, `updated_at`) VALUES (NULL, \'TLBP00001\', \'PM1000-02\', \'TUNE-UP\', \'125000\', \'Tambah-Murod-09-06-2023 14:15:24\', \'2023-06-09 14:15:24\', \'2023-06-09 14:15:24\')')
 3 SYSTEMPATH\Database\BaseConnection.php(620): CodeIgniter\Database\BaseConnection->simpleQuery('INSERT INTO `tasklist_bpd` (`kdasuransi`, `kdtasklist`, `kode`, `nama`, `harga`, `user`, `created_at`, `updated_at`) VALUES (NULL, \'TLBP00001\', \'PM1000-02\', \'TUNE-UP\', \'125000\', \'Tambah-Murod-09-06-2023 14:15:24\', \'2023-06-09 14:15:24\', \'2023-06-09 14:15:24\')')
 4 SYSTEMPATH\Database\BaseBuilder.php(1916): CodeIgniter\Database\BaseConnection->query('INSERT INTO `tasklist_bpd` (`kdasuransi`, `kdtasklist`, `kode`, `nama`, `harga`, `user`, `created_at`, `updated_at`) VALUES (:kdasuransi:, :kdtasklist:, :kode:, :nama:, :harga:, :user:, :created_at:, :updated_at:)', [...], false)
 5 SYSTEMPATH\Model.php(279): CodeIgniter\Database\BaseBuilder->insert()
 6 SYSTEMPATH\BaseModel.php(738): CodeIgniter\Model->doInsert([...])
 7 SYSTEMPATH\Model.php(667): CodeIgniter\BaseModel->insert([...], true)
 8 APPPATH\Controllers\Tasklist_bp.php(470): CodeIgniter\Model->insert([...])
 9 SYSTEMPATH\CodeIgniter.php(904): App\Controllers\Tasklist_bp->salindetailtasklist_bpd()
10 SYSTEMPATH\CodeIgniter.php(457): CodeIgniter\CodeIgniter->runController(Object(App\Controllers\Tasklist_bp))
11 SYSTEMPATH\CodeIgniter.php(340): CodeIgniter\CodeIgniter->handleRequest(null, Object(Config\Cache), false)
12 FCPATH\index.php(67): CodeIgniter\CodeIgniter->run()
13 SYSTEMPATH\Commands\Server\rewrite.php(43): require_once('FCPATH\\index.php')
ERROR - 2023-06-09 14:19:02 --> mysqli_sql_exception: Column 'kdasuransi' cannot be null in D:\xampp\htdocs\hati\system\Database\MySQLi\Connection.php:292
Stack trace:
#0 D:\xampp\htdocs\hati\system\Database\MySQLi\Connection.php(292): mysqli->query('INSERT INTO `ta...', 0)
#1 D:\xampp\htdocs\hati\system\Database\BaseConnection.php(693): CodeIgniter\Database\MySQLi\Connection->execute('INSERT INTO `ta...')
#2 D:\xampp\htdocs\hati\system\Database\BaseConnection.php(620): CodeIgniter\Database\BaseConnection->simpleQuery('INSERT INTO `ta...')
#3 D:\xampp\htdocs\hati\system\Database\BaseBuilder.php(1916): CodeIgniter\Database\BaseConnection->query('INSERT INTO `ta...', Array, false)
#4 D:\xampp\htdocs\hati\system\Model.php(279): CodeIgniter\Database\BaseBuilder->insert()
#5 D:\xampp\htdocs\hati\system\BaseModel.php(738): CodeIgniter\Model->doInsert(Array)
#6 D:\xampp\htdocs\hati\system\Model.php(667): CodeIgniter\BaseModel->insert(Array, true)
#7 D:\xampp\htdocs\hati\app\Controllers\Tasklist_bp.php(472): CodeIgniter\Model->insert(Array)
#8 D:\xampp\htdocs\hati\system\CodeIgniter.php(904): App\Controllers\Tasklist_bp->salindetailtasklist_bpd()
#9 D:\xampp\htdocs\hati\system\CodeIgniter.php(457): CodeIgniter\CodeIgniter->runController(Object(App\Controllers\Tasklist_bp))
#10 D:\xampp\htdocs\hati\system\CodeIgniter.php(340): CodeIgniter\CodeIgniter->handleRequest(NULL, Object(Config\Cache), false)
#11 D:\xampp\htdocs\hati\public\index.php(67): CodeIgniter\CodeIgniter->run()
#12 D:\xampp\htdocs\hati\system\Commands\Server\rewrite.php(43): require_once('D:\\xampp\\htdocs...')
#13 {main}
CRITICAL - 2023-06-09 14:19:02 --> Column 'kdasuransi' cannot be null
in SYSTEMPATH\Database\MySQLi\Connection.php on line 292.
 1 SYSTEMPATH\Database\MySQLi\Connection.php(292): mysqli->query('INSERT INTO `tasklist_bpd` (`kdasuransi`, `kdtasklist`, `kode`, `nama`, `harga`, `user`, `created_at`, `updated_at`) VALUES (NULL, \'TLBP00001\', \'PM1000-02\', \'TUNE-UP\', \'125000\', \'Tambah-Murod-09-06-2023 14:19:02\', \'2023-06-09 14:19:02\', \'2023-06-09 14:19:02\')', 0)
 2 SYSTEMPATH\Database\BaseConnection.php(693): CodeIgniter\Database\MySQLi\Connection->execute('INSERT INTO `tasklist_bpd` (`kdasuransi`, `kdtasklist`, `kode`, `nama`, `harga`, `user`, `created_at`, `updated_at`) VALUES (NULL, \'TLBP00001\', \'PM1000-02\', \'TUNE-UP\', \'125000\', \'Tambah-Murod-09-06-2023 14:19:02\', \'2023-06-09 14:19:02\', \'2023-06-09 14:19:02\')')
 3 SYSTEMPATH\Database\BaseConnection.php(620): CodeIgniter\Database\BaseConnection->simpleQuery('INSERT INTO `tasklist_bpd` (`kdasuransi`, `kdtasklist`, `kode`, `nama`, `harga`, `user`, `created_at`, `updated_at`) VALUES (NULL, \'TLBP00001\', \'PM1000-02\', \'TUNE-UP\', \'125000\', \'Tambah-Murod-09-06-2023 14:19:02\', \'2023-06-09 14:19:02\', \'2023-06-09 14:19:02\')')
 4 SYSTEMPATH\Database\BaseBuilder.php(1916): CodeIgniter\Database\BaseConnection->query('INSERT INTO `tasklist_bpd` (`kdasuransi`, `kdtasklist`, `kode`, `nama`, `harga`, `user`, `created_at`, `updated_at`) VALUES (:kdasuransi:, :kdtasklist:, :kode:, :nama:, :harga:, :user:, :created_at:, :updated_at:)', [...], false)
 5 SYSTEMPATH\Model.php(279): CodeIgniter\Database\BaseBuilder->insert()
 6 SYSTEMPATH\BaseModel.php(738): CodeIgniter\Model->doInsert([...])
 7 SYSTEMPATH\Model.php(667): CodeIgniter\BaseModel->insert([...], true)
 8 APPPATH\Controllers\Tasklist_bp.php(472): CodeIgniter\Model->insert([...])
 9 SYSTEMPATH\CodeIgniter.php(904): App\Controllers\Tasklist_bp->salindetailtasklist_bpd()
10 SYSTEMPATH\CodeIgniter.php(457): CodeIgniter\CodeIgniter->runController(Object(App\Controllers\Tasklist_bp))
11 SYSTEMPATH\CodeIgniter.php(340): CodeIgniter\CodeIgniter->handleRequest(null, Object(Config\Cache), false)
12 FCPATH\index.php(67): CodeIgniter\CodeIgniter->run()
13 SYSTEMPATH\Commands\Server\rewrite.php(43): require_once('FCPATH\\index.php')
CRITICAL - 2023-06-09 14:19:35 --> Undefined variable $kdasuransi
in APPPATH\Controllers\Tasklist_bp.php on line 435.
 1 APPPATH\Controllers\Tasklist_bp.php(435): CodeIgniter\Debug\Exceptions->errorHandler(2, 'Undefined variable $kdasuransi', 'APPPATH\\Controllers\\Tasklist_bp.php', 435)
 2 SYSTEMPATH\CodeIgniter.php(904): App\Controllers\Tasklist_bp->salindetailtasklist_bpd()
 3 SYSTEMPATH\CodeIgniter.php(457): CodeIgniter\CodeIgniter->runController(Object(App\Controllers\Tasklist_bp))
 4 SYSTEMPATH\CodeIgniter.php(340): CodeIgniter\CodeIgniter->handleRequest(null, Object(Config\Cache), false)
 5 FCPATH\index.php(67): CodeIgniter\CodeIgniter->run()
 6 SYSTEMPATH\Commands\Server\rewrite.php(43): require_once('FCPATH\\index.php')
ERROR - 2023-06-09 14:22:44 --> mysqli_sql_exception: Column 'kdasuransi' cannot be null in D:\xampp\htdocs\hati\system\Database\MySQLi\Connection.php:292
Stack trace:
#0 D:\xampp\htdocs\hati\system\Database\MySQLi\Connection.php(292): mysqli->query('INSERT INTO `ta...', 0)
#1 D:\xampp\htdocs\hati\system\Database\BaseConnection.php(693): CodeIgniter\Database\MySQLi\Connection->execute('INSERT INTO `ta...')
#2 D:\xampp\htdocs\hati\system\Database\BaseConnection.php(620): CodeIgniter\Database\BaseConnection->simpleQuery('INSERT INTO `ta...')
#3 D:\xampp\htdocs\hati\system\Database\BaseBuilder.php(1916): CodeIgniter\Database\BaseConnection->query('INSERT INTO `ta...', Array, false)
#4 D:\xampp\htdocs\hati\system\Model.php(279): CodeIgniter\Database\BaseBuilder->insert()
#5 D:\xampp\htdocs\hati\system\BaseModel.php(738): CodeIgniter\Model->doInsert(Array)
#6 D:\xampp\htdocs\hati\system\Model.php(667): CodeIgniter\BaseModel->insert(Array, true)
#7 D:\xampp\htdocs\hati\app\Controllers\Tasklist_bp.php(471): CodeIgniter\Model->insert(Array)
#8 D:\xampp\htdocs\hati\system\CodeIgniter.php(904): App\Controllers\Tasklist_bp->salindetailtasklist_bpd()
#9 D:\xampp\htdocs\hati\system\CodeIgniter.php(457): CodeIgniter\CodeIgniter->runController(Object(App\Controllers\Tasklist_bp))
#10 D:\xampp\htdocs\hati\system\CodeIgniter.php(340): CodeIgniter\CodeIgniter->handleRequest(NULL, Object(Config\Cache), false)
#11 D:\xampp\htdocs\hati\public\index.php(67): CodeIgniter\CodeIgniter->run()
#12 D:\xampp\htdocs\hati\system\Commands\Server\rewrite.php(43): require_once('D:\\xampp\\htdocs...')
#13 {main}
CRITICAL - 2023-06-09 14:22:44 --> Column 'kdasuransi' cannot be null
in SYSTEMPATH\Database\MySQLi\Connection.php on line 292.
 1 SYSTEMPATH\Database\MySQLi\Connection.php(292): mysqli->query('INSERT INTO `tasklist_bpd` (`kdasuransi`, `kdtasklist`, `kode`, `nama`, `harga`, `user`, `created_at`, `updated_at`) VALUES (NULL, \'TLBP00001\', \'PM1000-02\', \'TUNE-UP\', \'125000\', \'Tambah-Murod-09-06-2023 14:22:44\', \'2023-06-09 14:22:44\', \'2023-06-09 14:22:44\')', 0)
 2 SYSTEMPATH\Database\BaseConnection.php(693): CodeIgniter\Database\MySQLi\Connection->execute('INSERT INTO `tasklist_bpd` (`kdasuransi`, `kdtasklist`, `kode`, `nama`, `harga`, `user`, `created_at`, `updated_at`) VALUES (NULL, \'TLBP00001\', \'PM1000-02\', \'TUNE-UP\', \'125000\', \'Tambah-Murod-09-06-2023 14:22:44\', \'2023-06-09 14:22:44\', \'2023-06-09 14:22:44\')')
 3 SYSTEMPATH\Database\BaseConnection.php(620): CodeIgniter\Database\BaseConnection->simpleQuery('INSERT INTO `tasklist_bpd` (`kdasuransi`, `kdtasklist`, `kode`, `nama`, `harga`, `user`, `created_at`, `updated_at`) VALUES (NULL, \'TLBP00001\', \'PM1000-02\', \'TUNE-UP\', \'125000\', \'Tambah-Murod-09-06-2023 14:22:44\', \'2023-06-09 14:22:44\', \'2023-06-09 14:22:44\')')
 4 SYSTEMPATH\Database\BaseBuilder.php(1916): CodeIgniter\Database\BaseConnection->query('INSERT INTO `tasklist_bpd` (`kdasuransi`, `kdtasklist`, `kode`, `nama`, `harga`, `user`, `created_at`, `updated_at`) VALUES (:kdasuransi:, :kdtasklist:, :kode:, :nama:, :harga:, :user:, :created_at:, :updated_at:)', [...], false)
 5 SYSTEMPATH\Model.php(279): CodeIgniter\Database\BaseBuilder->insert()
 6 SYSTEMPATH\BaseModel.php(738): CodeIgniter\Model->doInsert([...])
 7 SYSTEMPATH\Model.php(667): CodeIgniter\BaseModel->insert([...], true)
 8 APPPATH\Controllers\Tasklist_bp.php(471): CodeIgniter\Model->insert([...])
 9 SYSTEMPATH\CodeIgniter.php(904): App\Controllers\Tasklist_bp->salindetailtasklist_bpd()
10 SYSTEMPATH\CodeIgniter.php(457): CodeIgniter\CodeIgniter->runController(Object(App\Controllers\Tasklist_bp))
11 SYSTEMPATH\CodeIgniter.php(340): CodeIgniter\CodeIgniter->handleRequest(null, Object(Config\Cache), false)
12 FCPATH\index.php(67): CodeIgniter\CodeIgniter->run()
13 SYSTEMPATH\Commands\Server\rewrite.php(43): require_once('FCPATH\\index.php')
CRITICAL - 2023-06-09 15:16:51 --> Undefined array key "kdasuransi"
in APPPATH\Controllers\Estimasi_bp.php on line 992.
 1 APPPATH\Controllers\Estimasi_bp.php(992): CodeIgniter\Debug\Exceptions->errorHandler(2, 'Undefined array key "kdasuransi"', 'APPPATH\\Controllers\\Estimasi_bp.php', 992)
 2 SYSTEMPATH\CodeIgniter.php(904): App\Controllers\Estimasi_bp->caridatatasklist()
 3 SYSTEMPATH\CodeIgniter.php(457): CodeIgniter\CodeIgniter->runController(Object(App\Controllers\Estimasi_bp))
 4 SYSTEMPATH\CodeIgniter.php(340): CodeIgniter\CodeIgniter->handleRequest(null, Object(Config\Cache), false)
 5 FCPATH\index.php(67): CodeIgniter\CodeIgniter->run()
 6 SYSTEMPATH\Commands\Server\rewrite.php(43): require_once('FCPATH\\index.php')
CRITICAL - 2023-06-09 15:18:52 --> Undefined array key "kdasuransi"
in APPPATH\Controllers\Estimasi_bp.php on line 992.
 1 APPPATH\Controllers\Estimasi_bp.php(992): CodeIgniter\Debug\Exceptions->errorHandler(2, 'Undefined array key "kdasuransi"', 'APPPATH\\Controllers\\Estimasi_bp.php', 992)
 2 SYSTEMPATH\CodeIgniter.php(904): App\Controllers\Estimasi_bp->caridatatasklist()
 3 SYSTEMPATH\CodeIgniter.php(457): CodeIgniter\CodeIgniter->runController(Object(App\Controllers\Estimasi_bp))
 4 SYSTEMPATH\CodeIgniter.php(340): CodeIgniter\CodeIgniter->handleRequest(null, Object(Config\Cache), false)
 5 FCPATH\index.php(67): CodeIgniter\CodeIgniter->run()
 6 SYSTEMPATH\Commands\Server\rewrite.php(43): require_once('FCPATH\\index.php')
CRITICAL - 2023-06-09 15:19:44 --> Undefined array key "kdasuransi"
in APPPATH\Controllers\Estimasi_bp.php on line 992.
 1 APPPATH\Controllers\Estimasi_bp.php(992): CodeIgniter\Debug\Exceptions->errorHandler(2, 'Undefined array key "kdasuransi"', 'APPPATH\\Controllers\\Estimasi_bp.php', 992)
 2 SYSTEMPATH\CodeIgniter.php(904): App\Controllers\Estimasi_bp->caridatatasklist()
 3 SYSTEMPATH\CodeIgniter.php(457): CodeIgniter\CodeIgniter->runController(Object(App\Controllers\Estimasi_bp))
 4 SYSTEMPATH\CodeIgniter.php(340): CodeIgniter\CodeIgniter->handleRequest(null, Object(Config\Cache), false)
 5 FCPATH\index.php(67): CodeIgniter\CodeIgniter->run()
 6 SYSTEMPATH\Commands\Server\rewrite.php(43): require_once('FCPATH\\index.php')
CRITICAL - 2023-06-09 15:20:10 --> Undefined variable $tbjasa
in APPPATH\Views\estimasi_bp\modalcarijasa.php on line 25.
 1 APPPATH\Views\estimasi_bp\modalcarijasa.php(25): CodeIgniter\Debug\Exceptions->errorHandler(2, 'Undefined variable $tbjasa', 'APPPATH\\Views\\estimasi_bp\\modalcarijasa.php', 25)
 2 SYSTEMPATH\View\View.php(213): include('APPPATH\\Views\\estimasi_bp\\modalcarijasa.php')
 3 SYSTEMPATH\View\View.php(216): CodeIgniter\View\View->CodeIgniter\View\{closure}()
 4 SYSTEMPATH\Common.php(1142): CodeIgniter\View\View->render('estimasi_bp/modalcarijasa', [], true)
 5 APPPATH\Controllers\Estimasi_bp.php(999): view('estimasi_bp/modalcarijasa', [...])
 6 SYSTEMPATH\CodeIgniter.php(904): App\Controllers\Estimasi_bp->caridatatasklist()
 7 SYSTEMPATH\CodeIgniter.php(457): CodeIgniter\CodeIgniter->runController(Object(App\Controllers\Estimasi_bp))
 8 SYSTEMPATH\CodeIgniter.php(340): CodeIgniter\CodeIgniter->handleRequest(null, Object(Config\Cache), false)
 9 FCPATH\index.php(67): CodeIgniter\CodeIgniter->run()
10 SYSTEMPATH\Commands\Server\rewrite.php(43): require_once('FCPATH\\index.php')
CRITICAL - 2023-06-09 15:21:11 --> Undefined variable $tbjasa
in APPPATH\Views\estimasi_bp\modalcarijasa.php on line 25.
 1 APPPATH\Views\estimasi_bp\modalcarijasa.php(25): CodeIgniter\Debug\Exceptions->errorHandler(2, 'Undefined variable $tbjasa', 'APPPATH\\Views\\estimasi_bp\\modalcarijasa.php', 25)
 2 SYSTEMPATH\View\View.php(213): include('APPPATH\\Views\\estimasi_bp\\modalcarijasa.php')
 3 SYSTEMPATH\View\View.php(216): CodeIgniter\View\View->CodeIgniter\View\{closure}()
 4 SYSTEMPATH\Common.php(1142): CodeIgniter\View\View->render('estimasi_bp/modalcarijasa', [], true)
 5 APPPATH\Controllers\Estimasi_bp.php(999): view('estimasi_bp/modalcarijasa', [...])
 6 SYSTEMPATH\CodeIgniter.php(904): App\Controllers\Estimasi_bp->caridatatasklist()
 7 SYSTEMPATH\CodeIgniter.php(457): CodeIgniter\CodeIgniter->runController(Object(App\Controllers\Estimasi_bp))
 8 SYSTEMPATH\CodeIgniter.php(340): CodeIgniter\CodeIgniter->handleRequest(null, Object(Config\Cache), false)
 9 FCPATH\index.php(67): CodeIgniter\CodeIgniter->run()
10 SYSTEMPATH\Commands\Server\rewrite.php(43): require_once('FCPATH\\index.php')
CRITICAL - 2023-06-09 15:23:03 --> Undefined variable $tbjasa
in APPPATH\Views\estimasi_bp\modalcarijasa.php on line 25.
 1 APPPATH\Views\estimasi_bp\modalcarijasa.php(25): CodeIgniter\Debug\Exceptions->errorHandler(2, 'Undefined variable $tbjasa', 'APPPATH\\Views\\estimasi_bp\\modalcarijasa.php', 25)
 2 SYSTEMPATH\View\View.php(213): include('APPPATH\\Views\\estimasi_bp\\modalcarijasa.php')
 3 SYSTEMPATH\View\View.php(216): CodeIgniter\View\View->CodeIgniter\View\{closure}()
 4 SYSTEMPATH\Common.php(1142): CodeIgniter\View\View->render('estimasi_bp/modalcarijasa', [], true)
 5 APPPATH\Controllers\Estimasi_bp.php(999): view('estimasi_bp/modalcarijasa', [...])
 6 SYSTEMPATH\CodeIgniter.php(904): App\Controllers\Estimasi_bp->caridatatasklist()
 7 SYSTEMPATH\CodeIgniter.php(457): CodeIgniter\CodeIgniter->runController(Object(App\Controllers\Estimasi_bp))
 8 SYSTEMPATH\CodeIgniter.php(340): CodeIgniter\CodeIgniter->handleRequest(null, Object(Config\Cache), false)
 9 FCPATH\index.php(67): CodeIgniter\CodeIgniter->run()
10 SYSTEMPATH\Commands\Server\rewrite.php(43): require_once('FCPATH\\index.php')
CRITICAL - 2023-06-09 15:23:24 --> Undefined variable $tbjasa
in APPPATH\Views\estimasi_bp\modalcarijasa.php on line 25.
 1 APPPATH\Views\estimasi_bp\modalcarijasa.php(25): CodeIgniter\Debug\Exceptions->errorHandler(2, 'Undefined variable $tbjasa', 'APPPATH\\Views\\estimasi_bp\\modalcarijasa.php', 25)
 2 SYSTEMPATH\View\View.php(213): include('APPPATH\\Views\\estimasi_bp\\modalcarijasa.php')
 3 SYSTEMPATH\View\View.php(216): CodeIgniter\View\View->CodeIgniter\View\{closure}()
 4 SYSTEMPATH\Common.php(1142): CodeIgniter\View\View->render('estimasi_bp/modalcarijasa', [], true)
 5 APPPATH\Controllers\Estimasi_bp.php(999): view('estimasi_bp/modalcarijasa', [...])
 6 SYSTEMPATH\CodeIgniter.php(904): App\Controllers\Estimasi_bp->caridatatasklist()
 7 SYSTEMPATH\CodeIgniter.php(457): CodeIgniter\CodeIgniter->runController(Object(App\Controllers\Estimasi_bp))
 8 SYSTEMPATH\CodeIgniter.php(340): CodeIgniter\CodeIgniter->handleRequest(null, Object(Config\Cache), false)
 9 FCPATH\index.php(67): CodeIgniter\CodeIgniter->run()
10 SYSTEMPATH\Commands\Server\rewrite.php(43): require_once('FCPATH\\index.php')
CRITICAL - 2023-06-09 15:23:38 --> Undefined variable $tbjasa
in APPPATH\Views\estimasi_bp\modalcarijasa.php on line 25.
 1 APPPATH\Views\estimasi_bp\modalcarijasa.php(25): CodeIgniter\Debug\Exceptions->errorHandler(2, 'Undefined variable $tbjasa', 'APPPATH\\Views\\estimasi_bp\\modalcarijasa.php', 25)
 2 SYSTEMPATH\View\View.php(213): include('APPPATH\\Views\\estimasi_bp\\modalcarijasa.php')
 3 SYSTEMPATH\View\View.php(216): CodeIgniter\View\View->CodeIgniter\View\{closure}()
 4 SYSTEMPATH\Common.php(1142): CodeIgniter\View\View->render('estimasi_bp/modalcarijasa', [], true)
 5 APPPATH\Controllers\Estimasi_bp.php(999): view('estimasi_bp/modalcarijasa', [...])
 6 SYSTEMPATH\CodeIgniter.php(904): App\Controllers\Estimasi_bp->caridatatasklist()
 7 SYSTEMPATH\CodeIgniter.php(457): CodeIgniter\CodeIgniter->runController(Object(App\Controllers\Estimasi_bp))
 8 SYSTEMPATH\CodeIgniter.php(340): CodeIgniter\CodeIgniter->handleRequest(null, Object(Config\Cache), false)
 9 FCPATH\index.php(67): CodeIgniter\CodeIgniter->run()
10 SYSTEMPATH\Commands\Server\rewrite.php(43): require_once('FCPATH\\index.php')
CRITICAL - 2023-06-09 15:24:52 --> Undefined variable $tbjasa
in APPPATH\Views\estimasi_bp\modalcarijasa.php on line 25.
 1 APPPATH\Views\estimasi_bp\modalcarijasa.php(25): CodeIgniter\Debug\Exceptions->errorHandler(2, 'Undefined variable $tbjasa', 'APPPATH\\Views\\estimasi_bp\\modalcarijasa.php', 25)
 2 SYSTEMPATH\View\View.php(213): include('APPPATH\\Views\\estimasi_bp\\modalcarijasa.php')
 3 SYSTEMPATH\View\View.php(216): CodeIgniter\View\View->CodeIgniter\View\{closure}()
 4 SYSTEMPATH\Common.php(1142): CodeIgniter\View\View->render('estimasi_bp/modalcarijasa', [], true)
 5 APPPATH\Controllers\Estimasi_bp.php(999): view('estimasi_bp/modalcarijasa', [...])
 6 SYSTEMPATH\CodeIgniter.php(904): App\Controllers\Estimasi_bp->caridatatasklist()
 7 SYSTEMPATH\CodeIgniter.php(457): CodeIgniter\CodeIgniter->runController(Object(App\Controllers\Estimasi_bp))
 8 SYSTEMPATH\CodeIgniter.php(340): CodeIgniter\CodeIgniter->handleRequest(null, Object(Config\Cache), false)
 9 FCPATH\index.php(67): CodeIgniter\CodeIgniter->run()
10 SYSTEMPATH\Commands\Server\rewrite.php(43): require_once('FCPATH\\index.php')
CRITICAL - 2023-06-09 16:56:52 --> Undefined array key "id"
in APPPATH\Controllers\Estimasi_bp.php on line 588.
 1 APPPATH\Controllers\Estimasi_bp.php(588): CodeIgniter\Debug\Exceptions->errorHandler(2, 'Undefined array key "id"', 'APPPATH\\Controllers\\Estimasi_bp.php', 588)
 2 SYSTEMPATH\CodeIgniter.php(904): App\Controllers\Estimasi_bp->editdetailestimasi_bp('517')
 3 SYSTEMPATH\CodeIgniter.php(457): CodeIgniter\CodeIgniter->runController(Object(App\Controllers\Estimasi_bp))
 4 SYSTEMPATH\CodeIgniter.php(340): CodeIgniter\CodeIgniter->handleRequest(null, Object(Config\Cache), false)
 5 FCPATH\index.php(67): CodeIgniter\CodeIgniter->run()
 6 SYSTEMPATH\Commands\Server\rewrite.php(43): require_once('FCPATH\\index.php')
CRITICAL - 2023-06-09 16:59:20 --> Undefined array key "id"
in APPPATH\Controllers\Estimasi_bp.php on line 588.
 1 APPPATH\Controllers\Estimasi_bp.php(588): CodeIgniter\Debug\Exceptions->errorHandler(2, 'Undefined array key "id"', 'APPPATH\\Controllers\\Estimasi_bp.php', 588)
 2 SYSTEMPATH\CodeIgniter.php(904): App\Controllers\Estimasi_bp->editdetailestimasi_bp('517')
 3 SYSTEMPATH\CodeIgniter.php(457): CodeIgniter\CodeIgniter->runController(Object(App\Controllers\Estimasi_bp))
 4 SYSTEMPATH\CodeIgniter.php(340): CodeIgniter\CodeIgniter->handleRequest(null, Object(Config\Cache), false)
 5 FCPATH\index.php(67): CodeIgniter\CodeIgniter->run()
 6 SYSTEMPATH\Commands\Server\rewrite.php(43): require_once('FCPATH\\index.php')
CRITICAL - 2023-06-09 16:59:45 --> Undefined array key "kode"
in APPPATH\Controllers\Estimasi_bp.php on line 592.
 1 APPPATH\Controllers\Estimasi_bp.php(592): CodeIgniter\Debug\Exceptions->errorHandler(2, 'Undefined array key "kode"', 'APPPATH\\Controllers\\Estimasi_bp.php', 592)
 2 SYSTEMPATH\CodeIgniter.php(904): App\Controllers\Estimasi_bp->editdetailestimasi_bp('517')
 3 SYSTEMPATH\CodeIgniter.php(457): CodeIgniter\CodeIgniter->runController(Object(App\Controllers\Estimasi_bp))
 4 SYSTEMPATH\CodeIgniter.php(340): CodeIgniter\CodeIgniter->handleRequest(null, Object(Config\Cache), false)
 5 FCPATH\index.php(67): CodeIgniter\CodeIgniter->run()
 6 SYSTEMPATH\Commands\Server\rewrite.php(43): require_once('FCPATH\\index.php')
CRITICAL - 2023-06-09 17:00:55 --> Undefined array key "kode"
in APPPATH\Controllers\Estimasi_bp.php on line 593.
 1 APPPATH\Controllers\Estimasi_bp.php(593): CodeIgniter\Debug\Exceptions->errorHandler(2, 'Undefined array key "kode"', 'APPPATH\\Controllers\\Estimasi_bp.php', 593)
 2 SYSTEMPATH\CodeIgniter.php(904): App\Controllers\Estimasi_bp->editdetailestimasi_bp('517')
 3 SYSTEMPATH\CodeIgniter.php(457): CodeIgniter\CodeIgniter->runController(Object(App\Controllers\Estimasi_bp))
 4 SYSTEMPATH\CodeIgniter.php(340): CodeIgniter\CodeIgniter->handleRequest(null, Object(Config\Cache), false)
 5 FCPATH\index.php(67): CodeIgniter\CodeIgniter->run()
 6 SYSTEMPATH\Commands\Server\rewrite.php(43): require_once('FCPATH\\index.php')
