CRITICAL - 2022-11-22 10:15:26 --> Trying to access array offset on value of type null
in APPPATH\Controllers\Wo.php on line 505.
 1 APPPATH\Controllers\Wo.php(505): CodeIgniter\Debug\Exceptions->errorHandler(2, 'Trying to access array offset on value of type null', 'APPPATH\\Controllers\\Wo.php', 505)
 2 SYSTEMPATH\CodeIgniter.php(904): App\Controllers\Wo->formmobil()
 3 SYSTEMPATH\CodeIgniter.php(457): CodeIgniter\CodeIgniter->runController(Object(App\Controllers\Wo))
 4 SYSTEMPATH\CodeIgniter.php(340): CodeIgniter\CodeIgniter->handleRequest(null, Object(Config\Cache), false)
 5 FCPATH\index.php(67): CodeIgniter\CodeIgniter->run()
 6 SYSTEMPATH\Commands\Server\rewrite.php(43): require_once('FCPATH\\index.php')
CRITICAL - 2022-11-22 10:34:09 --> Trying to access array offset on value of type null
in APPPATH\Views\tbmobil\modaledit.php on line 11.
 1 APPPATH\Views\tbmobil\modaledit.php(11): CodeIgniter\Debug\Exceptions->errorHandler(2, 'Trying to access array offset on value of type null', 'APPPATH\\Views\\tbmobil\\modaledit.php', 11)
 2 SYSTEMPATH\View\View.php(213): include('APPPATH\\Views\\tbmobil\\modaledit.php')
 3 SYSTEMPATH\View\View.php(216): CodeIgniter\View\View->CodeIgniter\View\{closure}()
 4 SYSTEMPATH\Common.php(1142): CodeIgniter\View\View->render('tbmobil/modaledit', [], true)
 5 APPPATH\Controllers\Wo.php(240): view('tbmobil/modaledit', [...])
 6 SYSTEMPATH\CodeIgniter.php(904): App\Controllers\Wo->formedit()
 7 SYSTEMPATH\CodeIgniter.php(457): CodeIgniter\CodeIgniter->runController(Object(App\Controllers\Wo))
 8 SYSTEMPATH\CodeIgniter.php(340): CodeIgniter\CodeIgniter->handleRequest(null, Object(Config\Cache), false)
 9 FCPATH\index.php(67): CodeIgniter\CodeIgniter->run()
10 SYSTEMPATH\Commands\Server\rewrite.php(43): require_once('FCPATH\\index.php')
CRITICAL - 2022-11-22 10:53:21 --> Trying to access array offset on value of type null
in APPPATH\Controllers\Wo.php on line 90.
 1 APPPATH\Controllers\Wo.php(90): CodeIgniter\Debug\Exceptions->errorHandler(2, 'Trying to access array offset on value of type null', 'APPPATH\\Controllers\\Wo.php', 90)
 2 SYSTEMPATH\CodeIgniter.php(904): App\Controllers\Wo->formdetail()
 3 SYSTEMPATH\CodeIgniter.php(457): CodeIgniter\CodeIgniter->runController(Object(App\Controllers\Wo))
 4 SYSTEMPATH\CodeIgniter.php(340): CodeIgniter\CodeIgniter->handleRequest(null, Object(Config\Cache), false)
 5 FCPATH\index.php(67): CodeIgniter\CodeIgniter->run()
 6 SYSTEMPATH\Commands\Server\rewrite.php(43): require_once('FCPATH\\index.php')
CRITICAL - 2022-11-22 10:58:44 --> Trying to access array offset on value of type null
in APPPATH\Controllers\Wo.php on line 90.
 1 APPPATH\Controllers\Wo.php(90): CodeIgniter\Debug\Exceptions->errorHandler(2, 'Trying to access array offset on value of type null', 'APPPATH\\Controllers\\Wo.php', 90)
 2 SYSTEMPATH\CodeIgniter.php(904): App\Controllers\Wo->formdetail()
 3 SYSTEMPATH\CodeIgniter.php(457): CodeIgniter\CodeIgniter->runController(Object(App\Controllers\Wo))
 4 SYSTEMPATH\CodeIgniter.php(340): CodeIgniter\CodeIgniter->handleRequest(null, Object(Config\Cache), false)
 5 FCPATH\index.php(67): CodeIgniter\CodeIgniter->run()
 6 SYSTEMPATH\Commands\Server\rewrite.php(43): require_once('FCPATH\\index.php')
CRITICAL - 2022-11-22 11:55:58 --> Undefined variable $no
in APPPATH\Views\estimasi\tabel_estimasi.php on line 45.
 1 APPPATH\Views\estimasi\tabel_estimasi.php(45): CodeIgniter\Debug\Exceptions->errorHandler(2, 'Undefined variable $no', 'APPPATH\\Views\\estimasi\\tabel_estimasi.php', 45)
 2 SYSTEMPATH\View\View.php(213): include('APPPATH\\Views\\estimasi\\tabel_estimasi.php')
 3 SYSTEMPATH\View\View.php(216): CodeIgniter\View\View->CodeIgniter\View\{closure}()
 4 SYSTEMPATH\Common.php(1142): CodeIgniter\View\View->render('estimasi/tabel_estimasi', [], true)
 5 APPPATH\Controllers\Estimasi.php(326): view('estimasi/tabel_estimasi', [...])
 6 SYSTEMPATH\CodeIgniter.php(904): App\Controllers\Estimasi->table_estimasi()
 7 SYSTEMPATH\CodeIgniter.php(457): CodeIgniter\CodeIgniter->runController(Object(App\Controllers\Estimasi))
 8 SYSTEMPATH\CodeIgniter.php(340): CodeIgniter\CodeIgniter->handleRequest(null, Object(Config\Cache), false)
 9 FCPATH\index.php(67): CodeIgniter\CodeIgniter->run()
10 SYSTEMPATH\Commands\Server\rewrite.php(43): require_once('FCPATH\\index.php')
CRITICAL - 2022-11-22 11:56:12 --> Undefined variable $no
in APPPATH\Views\estimasi\tabel_estimasi.php on line 45.
 1 APPPATH\Views\estimasi\tabel_estimasi.php(45): CodeIgniter\Debug\Exceptions->errorHandler(2, 'Undefined variable $no', 'APPPATH\\Views\\estimasi\\tabel_estimasi.php', 45)
 2 SYSTEMPATH\View\View.php(213): include('APPPATH\\Views\\estimasi\\tabel_estimasi.php')
 3 SYSTEMPATH\View\View.php(216): CodeIgniter\View\View->CodeIgniter\View\{closure}()
 4 SYSTEMPATH\Common.php(1142): CodeIgniter\View\View->render('estimasi/tabel_estimasi', [], true)
 5 APPPATH\Controllers\Estimasi.php(326): view('estimasi/tabel_estimasi', [...])
 6 SYSTEMPATH\CodeIgniter.php(904): App\Controllers\Estimasi->table_estimasi()
 7 SYSTEMPATH\CodeIgniter.php(457): CodeIgniter\CodeIgniter->runController(Object(App\Controllers\Estimasi))
 8 SYSTEMPATH\CodeIgniter.php(340): CodeIgniter\CodeIgniter->handleRequest(null, Object(Config\Cache), false)
 9 FCPATH\index.php(67): CodeIgniter\CodeIgniter->run()
10 SYSTEMPATH\Commands\Server\rewrite.php(43): require_once('FCPATH\\index.php')
CRITICAL - 2022-11-22 11:56:54 --> Undefined array key "nomesin"
in APPPATH\Views\estimasi\tabel_estimasi.php on line 49.
 1 APPPATH\Views\estimasi\tabel_estimasi.php(49): CodeIgniter\Debug\Exceptions->errorHandler(2, 'Undefined array key "nomesin"', 'APPPATH\\Views\\estimasi\\tabel_estimasi.php', 49)
 2 SYSTEMPATH\View\View.php(213): include('APPPATH\\Views\\estimasi\\tabel_estimasi.php')
 3 SYSTEMPATH\View\View.php(216): CodeIgniter\View\View->CodeIgniter\View\{closure}()
 4 SYSTEMPATH\Common.php(1142): CodeIgniter\View\View->render('estimasi/tabel_estimasi', [], true)
 5 APPPATH\Controllers\Estimasi.php(326): view('estimasi/tabel_estimasi', [...])
 6 SYSTEMPATH\CodeIgniter.php(904): App\Controllers\Estimasi->table_estimasi()
 7 SYSTEMPATH\CodeIgniter.php(457): CodeIgniter\CodeIgniter->runController(Object(App\Controllers\Estimasi))
 8 SYSTEMPATH\CodeIgniter.php(340): CodeIgniter\CodeIgniter->handleRequest(null, Object(Config\Cache), false)
 9 FCPATH\index.php(67): CodeIgniter\CodeIgniter->run()
10 SYSTEMPATH\Commands\Server\rewrite.php(43): require_once('FCPATH\\index.php')
CRITICAL - 2022-11-22 13:41:22 --> Invalid file: wo/modalwo.php
in SYSTEMPATH\Exceptions\FrameworkException.php on line 33.
 1 SYSTEMPATH\View\View.php(201): CodeIgniter\Exceptions\FrameworkException::forInvalidFile('wo/modalwo.php')
 2 SYSTEMPATH\Common.php(1142): CodeIgniter\View\View->render('wo/modalwo', [], true)
 3 APPPATH\Controllers\Wo.php(520): view('wo/modalwo', [...])
 4 SYSTEMPATH\CodeIgniter.php(904): App\Controllers\Wo->modalwo()
 5 SYSTEMPATH\CodeIgniter.php(457): CodeIgniter\CodeIgniter->runController(Object(App\Controllers\Wo))
 6 SYSTEMPATH\CodeIgniter.php(340): CodeIgniter\CodeIgniter->handleRequest(null, Object(Config\Cache), false)
 7 FCPATH\index.php(67): CodeIgniter\CodeIgniter->run()
 8 SYSTEMPATH\Commands\Server\rewrite.php(43): require_once('FCPATH\\index.php')
CRITICAL - 2022-11-22 13:42:22 --> Invalid file: wo/modalestimasi.php
in SYSTEMPATH\Exceptions\FrameworkException.php on line 33.
 1 SYSTEMPATH\View\View.php(201): CodeIgniter\Exceptions\FrameworkException::forInvalidFile('wo/modalestimasi.php')
 2 SYSTEMPATH\Common.php(1142): CodeIgniter\View\View->render('wo/modalestimasi', [], true)
 3 APPPATH\Controllers\Wo.php(135): view('wo/modalestimasi', [...])
 4 SYSTEMPATH\CodeIgniter.php(904): App\Controllers\Wo->formestimasi()
 5 SYSTEMPATH\CodeIgniter.php(457): CodeIgniter\CodeIgniter->runController(Object(App\Controllers\Wo))
 6 SYSTEMPATH\CodeIgniter.php(340): CodeIgniter\CodeIgniter->handleRequest(null, Object(Config\Cache), false)
 7 FCPATH\index.php(67): CodeIgniter\CodeIgniter->run()
 8 SYSTEMPATH\Commands\Server\rewrite.php(43): require_once('FCPATH\\index.php')
CRITICAL - 2022-11-22 13:43:12 --> Invalid file: wo/modalestimasi.php
in SYSTEMPATH\Exceptions\FrameworkException.php on line 33.
 1 SYSTEMPATH\View\View.php(201): CodeIgniter\Exceptions\FrameworkException::forInvalidFile('wo/modalestimasi.php')
 2 SYSTEMPATH\Common.php(1142): CodeIgniter\View\View->render('wo/modalestimasi', [], true)
 3 APPPATH\Controllers\Wo.php(135): view('wo/modalestimasi', [...])
 4 SYSTEMPATH\CodeIgniter.php(904): App\Controllers\Wo->formestimasi()
 5 SYSTEMPATH\CodeIgniter.php(457): CodeIgniter\CodeIgniter->runController(Object(App\Controllers\Wo))
 6 SYSTEMPATH\CodeIgniter.php(340): CodeIgniter\CodeIgniter->handleRequest(null, Object(Config\Cache), false)
 7 FCPATH\index.php(67): CodeIgniter\CodeIgniter->run()
 8 SYSTEMPATH\Commands\Server\rewrite.php(43): require_once('FCPATH\\index.php')
CRITICAL - 2022-11-22 13:43:20 --> Invalid file: wo/modalestimasi.php
in SYSTEMPATH\Exceptions\FrameworkException.php on line 33.
 1 SYSTEMPATH\View\View.php(201): CodeIgniter\Exceptions\FrameworkException::forInvalidFile('wo/modalestimasi.php')
 2 SYSTEMPATH\Common.php(1142): CodeIgniter\View\View->render('wo/modalestimasi', [], true)
 3 APPPATH\Controllers\Wo.php(135): view('wo/modalestimasi', [...])
 4 SYSTEMPATH\CodeIgniter.php(904): App\Controllers\Wo->formestimasi()
 5 SYSTEMPATH\CodeIgniter.php(457): CodeIgniter\CodeIgniter->runController(Object(App\Controllers\Wo))
 6 SYSTEMPATH\CodeIgniter.php(340): CodeIgniter\CodeIgniter->handleRequest(null, Object(Config\Cache), false)
 7 FCPATH\index.php(67): CodeIgniter\CodeIgniter->run()
 8 SYSTEMPATH\Commands\Server\rewrite.php(43): require_once('FCPATH\\index.php')
CRITICAL - 2022-11-22 13:44:07 --> Invalid file: wo/modalestimasi.php
in SYSTEMPATH\Exceptions\FrameworkException.php on line 33.
 1 SYSTEMPATH\View\View.php(201): CodeIgniter\Exceptions\FrameworkException::forInvalidFile('wo/modalestimasi.php')
 2 SYSTEMPATH\Common.php(1142): CodeIgniter\View\View->render('wo/modalestimasi', [], true)
 3 APPPATH\Controllers\Wo.php(135): view('wo/modalestimasi', [...])
 4 SYSTEMPATH\CodeIgniter.php(904): App\Controllers\Wo->formestimasi()
 5 SYSTEMPATH\CodeIgniter.php(457): CodeIgniter\CodeIgniter->runController(Object(App\Controllers\Wo))
 6 SYSTEMPATH\CodeIgniter.php(340): CodeIgniter\CodeIgniter->handleRequest(null, Object(Config\Cache), false)
 7 FCPATH\index.php(67): CodeIgniter\CodeIgniter->run()
 8 SYSTEMPATH\Commands\Server\rewrite.php(43): require_once('FCPATH\\index.php')
CRITICAL - 2022-11-22 14:33:19 --> Call to undefined method App\Models\WoModel::delete_by_id
in SYSTEMPATH\Model.php on line 774.
 1 APPPATH\Controllers\Wo.php(340): CodeIgniter\Model->__call('delete_by_id', [...])
 2 SYSTEMPATH\CodeIgniter.php(904): App\Controllers\Wo->hapus('34')
 3 SYSTEMPATH\CodeIgniter.php(457): CodeIgniter\CodeIgniter->runController(Object(App\Controllers\Wo))
 4 SYSTEMPATH\CodeIgniter.php(340): CodeIgniter\CodeIgniter->handleRequest(null, Object(Config\Cache), false)
 5 FCPATH\index.php(67): CodeIgniter\CodeIgniter->run()
 6 SYSTEMPATH\Commands\Server\rewrite.php(43): require_once('FCPATH\\index.php')
CRITICAL - 2022-11-22 14:48:14 --> Undefined property: App\Controllers\Wo::$estimasiModel
in APPPATH\Controllers\Wo.php on line 557.
 1 APPPATH\Controllers\Wo.php(557): CodeIgniter\Debug\Exceptions->errorHandler(2, 'Undefined property: App\\Controllers\\Wo::$estimasiModel', 'APPPATH\\Controllers\\Wo.php', 557)
 2 SYSTEMPATH\CodeIgniter.php(904): App\Controllers\Wo->simpanestimasi()
 3 SYSTEMPATH\CodeIgniter.php(457): CodeIgniter\CodeIgniter->runController(Object(App\Controllers\Wo))
 4 SYSTEMPATH\CodeIgniter.php(340): CodeIgniter\CodeIgniter->handleRequest(null, Object(Config\Cache), false)
 5 FCPATH\index.php(67): CodeIgniter\CodeIgniter->run()
 6 SYSTEMPATH\Commands\Server\rewrite.php(43): require_once('FCPATH\\index.php')
CRITICAL - 2022-11-22 14:48:41 --> Undefined property: App\Controllers\Wo::$estimasiModel
in APPPATH\Controllers\Wo.php on line 557.
 1 APPPATH\Controllers\Wo.php(557): CodeIgniter\Debug\Exceptions->errorHandler(2, 'Undefined property: App\\Controllers\\Wo::$estimasiModel', 'APPPATH\\Controllers\\Wo.php', 557)
 2 SYSTEMPATH\CodeIgniter.php(904): App\Controllers\Wo->simpanestimasi()
 3 SYSTEMPATH\CodeIgniter.php(457): CodeIgniter\CodeIgniter->runController(Object(App\Controllers\Wo))
 4 SYSTEMPATH\CodeIgniter.php(340): CodeIgniter\CodeIgniter->handleRequest(null, Object(Config\Cache), false)
 5 FCPATH\index.php(67): CodeIgniter\CodeIgniter->run()
 6 SYSTEMPATH\Commands\Server\rewrite.php(43): require_once('FCPATH\\index.php')
CRITICAL - 2022-11-22 14:48:41 --> Object of class stdClass could not be converted to string
in SYSTEMPATH\Database\Query.php on line 329.
 1 SYSTEMPATH\Database\Query.php(329): implode(',', [...])
 2 SYSTEMPATH\Database\Query.php(310): CodeIgniter\Database\Query->matchNamedBinds('INSERT INTO `wo` (`nowo`, `tanggal`, `nopolisi`, `norangka`, `kdpemilik`, `nmpemilik`, `user`, `created_at`, `updated_at`) VALUES (:nowo:, :tanggal:, :nopolisi:, :norangka:, :kdpemilik:, :nmpemilik:, :user:, :created_at:, :updated_at:)', [...])
 3 SYSTEMPATH\Database\Query.php(159): CodeIgniter\Database\Query->compileBinds()
 4 SYSTEMPATH\Database\BaseConnection.php(620): CodeIgniter\Database\Query->getQuery()
 5 SYSTEMPATH\Database\BaseBuilder.php(1916): CodeIgniter\Database\BaseConnection->query('INSERT INTO `wo` (`nowo`, `tanggal`, `nopolisi`, `norangka`, `kdpemilik`, `nmpemilik`, `user`, `created_at`, `updated_at`) VALUES (:nowo:, :tanggal:, :nopolisi:, :norangka:, :kdpemilik:, :nmpemilik:, :user:, :created_at:, :updated_at:)', [...], false)
 6 SYSTEMPATH\Model.php(279): CodeIgniter\Database\BaseBuilder->insert()
 7 SYSTEMPATH\BaseModel.php(738): CodeIgniter\Model->doInsert([...])
 8 SYSTEMPATH\Model.php(667): CodeIgniter\BaseModel->insert([...], true)
 9 APPPATH\Controllers\Wo.php(638): CodeIgniter\Model->insert([...])
10 SYSTEMPATH\CodeIgniter.php(904): App\Controllers\Wo->simpanwo()
11 SYSTEMPATH\CodeIgniter.php(457): CodeIgniter\CodeIgniter->runController(Object(App\Controllers\Wo))
12 SYSTEMPATH\CodeIgniter.php(340): CodeIgniter\CodeIgniter->handleRequest(null, Object(Config\Cache), false)
13 FCPATH\index.php(67): CodeIgniter\CodeIgniter->run()
14 SYSTEMPATH\Commands\Server\rewrite.php(43): require_once('FCPATH\\index.php')
CRITICAL - 2022-11-22 14:48:54 --> Undefined property: App\Controllers\Wo::$estimasiModel
in APPPATH\Controllers\Wo.php on line 557.
 1 APPPATH\Controllers\Wo.php(557): CodeIgniter\Debug\Exceptions->errorHandler(2, 'Undefined property: App\\Controllers\\Wo::$estimasiModel', 'APPPATH\\Controllers\\Wo.php', 557)
 2 SYSTEMPATH\CodeIgniter.php(904): App\Controllers\Wo->simpanestimasi()
 3 SYSTEMPATH\CodeIgniter.php(457): CodeIgniter\CodeIgniter->runController(Object(App\Controllers\Wo))
 4 SYSTEMPATH\CodeIgniter.php(340): CodeIgniter\CodeIgniter->handleRequest(null, Object(Config\Cache), false)
 5 FCPATH\index.php(67): CodeIgniter\CodeIgniter->run()
 6 SYSTEMPATH\Commands\Server\rewrite.php(43): require_once('FCPATH\\index.php')
CRITICAL - 2022-11-22 14:48:54 --> Object of class stdClass could not be converted to string
in SYSTEMPATH\Database\Query.php on line 329.
 1 SYSTEMPATH\Database\Query.php(329): implode(',', [...])
 2 SYSTEMPATH\Database\Query.php(310): CodeIgniter\Database\Query->matchNamedBinds('INSERT INTO `wo` (`nowo`, `tanggal`, `nopolisi`, `norangka`, `kdpemilik`, `nmpemilik`, `user`, `created_at`, `updated_at`) VALUES (:nowo:, :tanggal:, :nopolisi:, :norangka:, :kdpemilik:, :nmpemilik:, :user:, :created_at:, :updated_at:)', [...])
 3 SYSTEMPATH\Database\Query.php(159): CodeIgniter\Database\Query->compileBinds()
 4 SYSTEMPATH\Database\BaseConnection.php(620): CodeIgniter\Database\Query->getQuery()
 5 SYSTEMPATH\Database\BaseBuilder.php(1916): CodeIgniter\Database\BaseConnection->query('INSERT INTO `wo` (`nowo`, `tanggal`, `nopolisi`, `norangka`, `kdpemilik`, `nmpemilik`, `user`, `created_at`, `updated_at`) VALUES (:nowo:, :tanggal:, :nopolisi:, :norangka:, :kdpemilik:, :nmpemilik:, :user:, :created_at:, :updated_at:)', [...], false)
 6 SYSTEMPATH\Model.php(279): CodeIgniter\Database\BaseBuilder->insert()
 7 SYSTEMPATH\BaseModel.php(738): CodeIgniter\Model->doInsert([...])
 8 SYSTEMPATH\Model.php(667): CodeIgniter\BaseModel->insert([...], true)
 9 APPPATH\Controllers\Wo.php(638): CodeIgniter\Model->insert([...])
10 SYSTEMPATH\CodeIgniter.php(904): App\Controllers\Wo->simpanwo()
11 SYSTEMPATH\CodeIgniter.php(457): CodeIgniter\CodeIgniter->runController(Object(App\Controllers\Wo))
12 SYSTEMPATH\CodeIgniter.php(340): CodeIgniter\CodeIgniter->handleRequest(null, Object(Config\Cache), false)
13 FCPATH\index.php(67): CodeIgniter\CodeIgniter->run()
14 SYSTEMPATH\Commands\Server\rewrite.php(43): require_once('FCPATH\\index.php')
CRITICAL - 2022-11-22 14:48:54 --> Undefined property: App\Controllers\Wo::$estimasiModel
in APPPATH\Controllers\Wo.php on line 557.
 1 APPPATH\Controllers\Wo.php(557): CodeIgniter\Debug\Exceptions->errorHandler(2, 'Undefined property: App\\Controllers\\Wo::$estimasiModel', 'APPPATH\\Controllers\\Wo.php', 557)
 2 SYSTEMPATH\CodeIgniter.php(904): App\Controllers\Wo->simpanestimasi()
 3 SYSTEMPATH\CodeIgniter.php(457): CodeIgniter\CodeIgniter->runController(Object(App\Controllers\Wo))
 4 SYSTEMPATH\CodeIgniter.php(340): CodeIgniter\CodeIgniter->handleRequest(null, Object(Config\Cache), false)
 5 FCPATH\index.php(67): CodeIgniter\CodeIgniter->run()
 6 SYSTEMPATH\Commands\Server\rewrite.php(43): require_once('FCPATH\\index.php')
CRITICAL - 2022-11-22 14:50:25 --> Object of class stdClass could not be converted to string
in SYSTEMPATH\Database\Query.php on line 329.
 1 SYSTEMPATH\Database\Query.php(329): implode(',', [...])
 2 SYSTEMPATH\Database\Query.php(310): CodeIgniter\Database\Query->matchNamedBinds('INSERT INTO `wo` (`nowo`, `tanggal`, `nopolisi`, `norangka`, `kdpemilik`, `nmpemilik`, `user`, `created_at`, `updated_at`) VALUES (:nowo:, :tanggal:, :nopolisi:, :norangka:, :kdpemilik:, :nmpemilik:, :user:, :created_at:, :updated_at:)', [...])
 3 SYSTEMPATH\Database\Query.php(159): CodeIgniter\Database\Query->compileBinds()
 4 SYSTEMPATH\Database\BaseConnection.php(620): CodeIgniter\Database\Query->getQuery()
 5 SYSTEMPATH\Database\BaseBuilder.php(1916): CodeIgniter\Database\BaseConnection->query('INSERT INTO `wo` (`nowo`, `tanggal`, `nopolisi`, `norangka`, `kdpemilik`, `nmpemilik`, `user`, `created_at`, `updated_at`) VALUES (:nowo:, :tanggal:, :nopolisi:, :norangka:, :kdpemilik:, :nmpemilik:, :user:, :created_at:, :updated_at:)', [...], false)
 6 SYSTEMPATH\Model.php(279): CodeIgniter\Database\BaseBuilder->insert()
 7 SYSTEMPATH\BaseModel.php(738): CodeIgniter\Model->doInsert([...])
 8 SYSTEMPATH\Model.php(667): CodeIgniter\BaseModel->insert([...], true)
 9 APPPATH\Controllers\Wo.php(640): CodeIgniter\Model->insert([...])
10 SYSTEMPATH\CodeIgniter.php(904): App\Controllers\Wo->simpanwo()
11 SYSTEMPATH\CodeIgniter.php(457): CodeIgniter\CodeIgniter->runController(Object(App\Controllers\Wo))
12 SYSTEMPATH\CodeIgniter.php(340): CodeIgniter\CodeIgniter->handleRequest(null, Object(Config\Cache), false)
13 FCPATH\index.php(67): CodeIgniter\CodeIgniter->run()
14 SYSTEMPATH\Commands\Server\rewrite.php(43): require_once('FCPATH\\index.php')
CRITICAL - 2022-11-22 14:50:25 --> Object of class stdClass could not be converted to string
in SYSTEMPATH\Database\Query.php on line 329.
 1 SYSTEMPATH\Database\Query.php(329): implode(',', [...])
 2 SYSTEMPATH\Database\Query.php(310): CodeIgniter\Database\Query->matchNamedBinds('INSERT INTO `wo` (`nowo`, `tanggal`, `nopolisi`, `norangka`, `kdpemilik`, `nmpemilik`, `user`, `created_at`, `updated_at`) VALUES (:nowo:, :tanggal:, :nopolisi:, :norangka:, :kdpemilik:, :nmpemilik:, :user:, :created_at:, :updated_at:)', [...])
 3 SYSTEMPATH\Database\Query.php(159): CodeIgniter\Database\Query->compileBinds()
 4 SYSTEMPATH\Database\BaseConnection.php(620): CodeIgniter\Database\Query->getQuery()
 5 SYSTEMPATH\Database\BaseBuilder.php(1916): CodeIgniter\Database\BaseConnection->query('INSERT INTO `wo` (`nowo`, `tanggal`, `nopolisi`, `norangka`, `kdpemilik`, `nmpemilik`, `user`, `created_at`, `updated_at`) VALUES (:nowo:, :tanggal:, :nopolisi:, :norangka:, :kdpemilik:, :nmpemilik:, :user:, :created_at:, :updated_at:)', [...], false)
 6 SYSTEMPATH\Model.php(279): CodeIgniter\Database\BaseBuilder->insert()
 7 SYSTEMPATH\BaseModel.php(738): CodeIgniter\Model->doInsert([...])
 8 SYSTEMPATH\Model.php(667): CodeIgniter\BaseModel->insert([...], true)
 9 APPPATH\Controllers\Wo.php(640): CodeIgniter\Model->insert([...])
10 SYSTEMPATH\CodeIgniter.php(904): App\Controllers\Wo->simpanwo()
11 SYSTEMPATH\CodeIgniter.php(457): CodeIgniter\CodeIgniter->runController(Object(App\Controllers\Wo))
12 SYSTEMPATH\CodeIgniter.php(340): CodeIgniter\CodeIgniter->handleRequest(null, Object(Config\Cache), false)
13 FCPATH\index.php(67): CodeIgniter\CodeIgniter->run()
14 SYSTEMPATH\Commands\Server\rewrite.php(43): require_once('FCPATH\\index.php')
CRITICAL - 2022-11-22 14:51:00 --> Object of class stdClass could not be converted to string
in SYSTEMPATH\Database\Query.php on line 329.
 1 SYSTEMPATH\Database\Query.php(329): implode(',', [...])
 2 SYSTEMPATH\Database\Query.php(310): CodeIgniter\Database\Query->matchNamedBinds('INSERT INTO `wo` (`nowo`, `tanggal`, `nopolisi`, `norangka`, `kdpemilik`, `nmpemilik`, `user`, `created_at`, `updated_at`) VALUES (:nowo:, :tanggal:, :nopolisi:, :norangka:, :kdpemilik:, :nmpemilik:, :user:, :created_at:, :updated_at:)', [...])
 3 SYSTEMPATH\Database\Query.php(159): CodeIgniter\Database\Query->compileBinds()
 4 SYSTEMPATH\Database\BaseConnection.php(620): CodeIgniter\Database\Query->getQuery()
 5 SYSTEMPATH\Database\BaseBuilder.php(1916): CodeIgniter\Database\BaseConnection->query('INSERT INTO `wo` (`nowo`, `tanggal`, `nopolisi`, `norangka`, `kdpemilik`, `nmpemilik`, `user`, `created_at`, `updated_at`) VALUES (:nowo:, :tanggal:, :nopolisi:, :norangka:, :kdpemilik:, :nmpemilik:, :user:, :created_at:, :updated_at:)', [...], false)
 6 SYSTEMPATH\Model.php(279): CodeIgniter\Database\BaseBuilder->insert()
 7 SYSTEMPATH\BaseModel.php(738): CodeIgniter\Model->doInsert([...])
 8 SYSTEMPATH\Model.php(667): CodeIgniter\BaseModel->insert([...], true)
 9 APPPATH\Controllers\Wo.php(640): CodeIgniter\Model->insert([...])
10 SYSTEMPATH\CodeIgniter.php(904): App\Controllers\Wo->simpanwo()
11 SYSTEMPATH\CodeIgniter.php(457): CodeIgniter\CodeIgniter->runController(Object(App\Controllers\Wo))
12 SYSTEMPATH\CodeIgniter.php(340): CodeIgniter\CodeIgniter->handleRequest(null, Object(Config\Cache), false)
13 FCPATH\index.php(67): CodeIgniter\CodeIgniter->run()
14 SYSTEMPATH\Commands\Server\rewrite.php(43): require_once('FCPATH\\index.php')
CRITICAL - 2022-11-22 14:51:01 --> Object of class stdClass could not be converted to string
in SYSTEMPATH\Database\Query.php on line 329.
 1 SYSTEMPATH\Database\Query.php(329): implode(',', [...])
 2 SYSTEMPATH\Database\Query.php(310): CodeIgniter\Database\Query->matchNamedBinds('INSERT INTO `wo` (`nowo`, `tanggal`, `nopolisi`, `norangka`, `kdpemilik`, `nmpemilik`, `user`, `created_at`, `updated_at`) VALUES (:nowo:, :tanggal:, :nopolisi:, :norangka:, :kdpemilik:, :nmpemilik:, :user:, :created_at:, :updated_at:)', [...])
 3 SYSTEMPATH\Database\Query.php(159): CodeIgniter\Database\Query->compileBinds()
 4 SYSTEMPATH\Database\BaseConnection.php(620): CodeIgniter\Database\Query->getQuery()
 5 SYSTEMPATH\Database\BaseBuilder.php(1916): CodeIgniter\Database\BaseConnection->query('INSERT INTO `wo` (`nowo`, `tanggal`, `nopolisi`, `norangka`, `kdpemilik`, `nmpemilik`, `user`, `created_at`, `updated_at`) VALUES (:nowo:, :tanggal:, :nopolisi:, :norangka:, :kdpemilik:, :nmpemilik:, :user:, :created_at:, :updated_at:)', [...], false)
 6 SYSTEMPATH\Model.php(279): CodeIgniter\Database\BaseBuilder->insert()
 7 SYSTEMPATH\BaseModel.php(738): CodeIgniter\Model->doInsert([...])
 8 SYSTEMPATH\Model.php(667): CodeIgniter\BaseModel->insert([...], true)
 9 APPPATH\Controllers\Wo.php(640): CodeIgniter\Model->insert([...])
10 SYSTEMPATH\CodeIgniter.php(904): App\Controllers\Wo->simpanwo()
11 SYSTEMPATH\CodeIgniter.php(457): CodeIgniter\CodeIgniter->runController(Object(App\Controllers\Wo))
12 SYSTEMPATH\CodeIgniter.php(340): CodeIgniter\CodeIgniter->handleRequest(null, Object(Config\Cache), false)
13 FCPATH\index.php(67): CodeIgniter\CodeIgniter->run()
14 SYSTEMPATH\Commands\Server\rewrite.php(43): require_once('FCPATH\\index.php')
CRITICAL - 2022-11-22 15:40:38 --> Call to undefined method App\Models\WoModel::delete_by_id
in SYSTEMPATH\Model.php on line 774.
 1 APPPATH\Controllers\Wo.php(342): CodeIgniter\Model->__call('delete_by_id', [...])
 2 SYSTEMPATH\CodeIgniter.php(904): App\Controllers\Wo->hapus('42')
 3 SYSTEMPATH\CodeIgniter.php(457): CodeIgniter\CodeIgniter->runController(Object(App\Controllers\Wo))
 4 SYSTEMPATH\CodeIgniter.php(340): CodeIgniter\CodeIgniter->handleRequest(null, Object(Config\Cache), false)
 5 FCPATH\index.php(67): CodeIgniter\CodeIgniter->run()
 6 SYSTEMPATH\Commands\Server\rewrite.php(43): require_once('FCPATH\\index.php')
CRITICAL - 2022-11-22 15:40:40 --> Call to undefined method App\Models\WoModel::delete_by_id
in SYSTEMPATH\Model.php on line 774.
 1 APPPATH\Controllers\Wo.php(342): CodeIgniter\Model->__call('delete_by_id', [...])
 2 SYSTEMPATH\CodeIgniter.php(904): App\Controllers\Wo->hapus('41')
 3 SYSTEMPATH\CodeIgniter.php(457): CodeIgniter\CodeIgniter->runController(Object(App\Controllers\Wo))
 4 SYSTEMPATH\CodeIgniter.php(340): CodeIgniter\CodeIgniter->handleRequest(null, Object(Config\Cache), false)
 5 FCPATH\index.php(67): CodeIgniter\CodeIgniter->run()
 6 SYSTEMPATH\Commands\Server\rewrite.php(43): require_once('FCPATH\\index.php')
CRITICAL - 2022-11-22 15:40:42 --> Call to undefined method App\Models\WoModel::delete_by_id
in SYSTEMPATH\Model.php on line 774.
 1 APPPATH\Controllers\Wo.php(342): CodeIgniter\Model->__call('delete_by_id', [...])
 2 SYSTEMPATH\CodeIgniter.php(904): App\Controllers\Wo->hapus('28')
 3 SYSTEMPATH\CodeIgniter.php(457): CodeIgniter\CodeIgniter->runController(Object(App\Controllers\Wo))
 4 SYSTEMPATH\CodeIgniter.php(340): CodeIgniter\CodeIgniter->handleRequest(null, Object(Config\Cache), false)
 5 FCPATH\index.php(67): CodeIgniter\CodeIgniter->run()
 6 SYSTEMPATH\Commands\Server\rewrite.php(43): require_once('FCPATH\\index.php')
CRITICAL - 2022-11-22 15:41:59 --> Invalid file: estimasi/tabel_estimasi.php
in SYSTEMPATH\Exceptions\FrameworkException.php on line 33.
 1 SYSTEMPATH\View\View.php(201): CodeIgniter\Exceptions\FrameworkException::forInvalidFile('estimasi/tabel_estimasi.php')
 2 SYSTEMPATH\Common.php(1142): CodeIgniter\View\View->render('estimasi/tabel_estimasi', [], true)
 3 APPPATH\Controllers\Estimasi.php(326): view('estimasi/tabel_estimasi', [...])
 4 SYSTEMPATH\CodeIgniter.php(904): App\Controllers\Estimasi->table_estimasi()
 5 SYSTEMPATH\CodeIgniter.php(457): CodeIgniter\CodeIgniter->runController(Object(App\Controllers\Estimasi))
 6 SYSTEMPATH\CodeIgniter.php(340): CodeIgniter\CodeIgniter->handleRequest(null, Object(Config\Cache), false)
 7 FCPATH\index.php(67): CodeIgniter\CodeIgniter->run()
 8 SYSTEMPATH\Commands\Server\rewrite.php(43): require_once('FCPATH\\index.php')
CRITICAL - 2022-11-22 16:06:14 --> Call to undefined method App\Models\EstimasiModel::delete_by_id
in SYSTEMPATH\Model.php on line 774.
 1 APPPATH\Controllers\Wo.php(349): CodeIgniter\Model->__call('delete_by_id', [...])
 2 SYSTEMPATH\CodeIgniter.php(904): App\Controllers\Wo->hapusestimasi('42')
 3 SYSTEMPATH\CodeIgniter.php(457): CodeIgniter\CodeIgniter->runController(Object(App\Controllers\Wo))
 4 SYSTEMPATH\CodeIgniter.php(340): CodeIgniter\CodeIgniter->handleRequest(null, Object(Config\Cache), false)
 5 FCPATH\index.php(67): CodeIgniter\CodeIgniter->run()
 6 SYSTEMPATH\Commands\Server\rewrite.php(43): require_once('FCPATH\\index.php')
