CRITICAL - 2023-02-03 14:11:53 --> Invalid file: estimasi/tbl-estimasi-part.php
in SYSTEMPATH\Exceptions\FrameworkException.php on line 33.
 1 SYSTEMPATH\View\View.php(201): CodeIgniter\Exceptions\FrameworkException::forInvalidFile('estimasi/tbl-estimasi-part.php')
 2 SYSTEMPATH\Common.php(1142): CodeIgniter\View\View->render('estimasi/tbl-estimasi-part', [], true)
 3 APPPATH\Controllers\Estimasi.php(744): view('estimasi/tbl-estimasi-part', [...])
 4 SYSTEMPATH\CodeIgniter.php(904): App\Controllers\Estimasi->table_estimasi_part()
 5 SYSTEMPATH\CodeIgniter.php(457): CodeIgniter\CodeIgniter->runController(Object(App\Controllers\Estimasi))
 6 SYSTEMPATH\CodeIgniter.php(340): CodeIgniter\CodeIgniter->handleRequest(null, Object(Config\Cache), false)
 7 FCPATH\index.php(67): CodeIgniter\CodeIgniter->run()
 8 SYSTEMPATH\Commands\Server\rewrite.php(43): require_once('FCPATH\\index.php')
CRITICAL - 2023-02-03 14:13:42 --> Invalid file: estimasi/tbl_estimasi_part.php
in SYSTEMPATH\Exceptions\FrameworkException.php on line 33.
 1 SYSTEMPATH\View\View.php(201): CodeIgniter\Exceptions\FrameworkException::forInvalidFile('estimasi/tbl_estimasi_part.php')
 2 SYSTEMPATH\Common.php(1142): CodeIgniter\View\View->render('estimasi/tbl_estimasi_part', [], true)
 3 APPPATH\Controllers\Estimasi.php(744): view('estimasi/tbl_estimasi_part', [...])
 4 SYSTEMPATH\CodeIgniter.php(904): App\Controllers\Estimasi->table_estimasi_part()
 5 SYSTEMPATH\CodeIgniter.php(457): CodeIgniter\CodeIgniter->runController(Object(App\Controllers\Estimasi))
 6 SYSTEMPATH\CodeIgniter.php(340): CodeIgniter\CodeIgniter->handleRequest(null, Object(Config\Cache), false)
 7 FCPATH\index.php(67): CodeIgniter\CodeIgniter->run()
 8 SYSTEMPATH\Commands\Server\rewrite.php(43): require_once('FCPATH\\index.php')
CRITICAL - 2023-02-03 14:15:12 --> Invalid file: estimasi/tbl_estimasi_part.php
in SYSTEMPATH\Exceptions\FrameworkException.php on line 33.
 1 SYSTEMPATH\View\View.php(201): CodeIgniter\Exceptions\FrameworkException::forInvalidFile('estimasi/tbl_estimasi_part.php')
 2 SYSTEMPATH\Common.php(1142): CodeIgniter\View\View->render('estimasi/tbl_estimasi_part', [], true)
 3 APPPATH\Controllers\Estimasi.php(744): view('estimasi/tbl_estimasi_part', [...])
 4 SYSTEMPATH\CodeIgniter.php(904): App\Controllers\Estimasi->table_estimasi_part()
 5 SYSTEMPATH\CodeIgniter.php(457): CodeIgniter\CodeIgniter->runController(Object(App\Controllers\Estimasi))
 6 SYSTEMPATH\CodeIgniter.php(340): CodeIgniter\CodeIgniter->handleRequest(null, Object(Config\Cache), false)
 7 FCPATH\index.php(67): CodeIgniter\CodeIgniter->run()
 8 SYSTEMPATH\Commands\Server\rewrite.php(43): require_once('FCPATH\\index.php')
CRITICAL - 2023-02-03 14:22:53 --> Invalid file: estimasi/tbl_estimasi_part.php
in SYSTEMPATH\Exceptions\FrameworkException.php on line 33.
 1 SYSTEMPATH\View\View.php(201): CodeIgniter\Exceptions\FrameworkException::forInvalidFile('estimasi/tbl_estimasi_part.php')
 2 SYSTEMPATH\Common.php(1142): CodeIgniter\View\View->render('estimasi/tbl_estimasi_part', [], true)
 3 APPPATH\Controllers\Estimasi.php(744): view('estimasi/tbl_estimasi_part', [...])
 4 SYSTEMPATH\CodeIgniter.php(904): App\Controllers\Estimasi->table_estimasi_part()
 5 SYSTEMPATH\CodeIgniter.php(457): CodeIgniter\CodeIgniter->runController(Object(App\Controllers\Estimasi))
 6 SYSTEMPATH\CodeIgniter.php(340): CodeIgniter\CodeIgniter->handleRequest(null, Object(Config\Cache), false)
 7 FCPATH\index.php(67): CodeIgniter\CodeIgniter->run()
 8 SYSTEMPATH\Commands\Server\rewrite.php(43): require_once('FCPATH\\index.php')
CRITICAL - 2023-02-03 14:23:17 --> Invalid file: estimasi/tbl_estimasi_part.php
in SYSTEMPATH\Exceptions\FrameworkException.php on line 33.
 1 SYSTEMPATH\View\View.php(201): CodeIgniter\Exceptions\FrameworkException::forInvalidFile('estimasi/tbl_estimasi_part.php')
 2 SYSTEMPATH\Common.php(1142): CodeIgniter\View\View->render('estimasi/tbl_estimasi_part', [], true)
 3 APPPATH\Controllers\Estimasi.php(744): view('estimasi/tbl_estimasi_part', [...])
 4 SYSTEMPATH\CodeIgniter.php(904): App\Controllers\Estimasi->table_estimasi_part()
 5 SYSTEMPATH\CodeIgniter.php(457): CodeIgniter\CodeIgniter->runController(Object(App\Controllers\Estimasi))
 6 SYSTEMPATH\CodeIgniter.php(340): CodeIgniter\CodeIgniter->handleRequest(null, Object(Config\Cache), false)
 7 FCPATH\index.php(67): CodeIgniter\CodeIgniter->run()
 8 SYSTEMPATH\Commands\Server\rewrite.php(43): require_once('FCPATH\\index.php')
CRITICAL - 2023-02-03 14:24:00 --> Invalid file: estimasi/tbl_estimasi_part.php
in SYSTEMPATH\Exceptions\FrameworkException.php on line 33.
 1 SYSTEMPATH\View\View.php(201): CodeIgniter\Exceptions\FrameworkException::forInvalidFile('estimasi/tbl_estimasi_part.php')
 2 SYSTEMPATH\Common.php(1142): CodeIgniter\View\View->render('estimasi/tbl_estimasi_part', [], true)
 3 APPPATH\Controllers\Estimasi.php(744): view('estimasi/tbl_estimasi_part', [...])
 4 SYSTEMPATH\CodeIgniter.php(904): App\Controllers\Estimasi->table_estimasi_part()
 5 SYSTEMPATH\CodeIgniter.php(457): CodeIgniter\CodeIgniter->runController(Object(App\Controllers\Estimasi))
 6 SYSTEMPATH\CodeIgniter.php(340): CodeIgniter\CodeIgniter->handleRequest(null, Object(Config\Cache), false)
 7 FCPATH\index.php(67): CodeIgniter\CodeIgniter->run()
 8 SYSTEMPATH\Commands\Server\rewrite.php(43): require_once('FCPATH\\index.php')
CRITICAL - 2023-02-03 14:28:48 --> Undefined variable $data
in APPPATH\Views\estimasi\tbl_estimasi_part.php on line 15.
 1 APPPATH\Views\estimasi\tbl_estimasi_part.php(15): CodeIgniter\Debug\Exceptions->errorHandler(2, 'Undefined variable $data', 'APPPATH\\Views\\estimasi\\tbl_estimasi_part.php', 15)
 2 SYSTEMPATH\View\View.php(213): include('APPPATH\\Views\\estimasi\\tbl_estimasi_part.php')
 3 SYSTEMPATH\View\View.php(216): CodeIgniter\View\View->CodeIgniter\View\{closure}()
 4 SYSTEMPATH\Common.php(1142): CodeIgniter\View\View->render('estimasi/tbl_estimasi_part', [], true)
 5 APPPATH\Controllers\Estimasi.php(744): view('estimasi/tbl_estimasi_part', [...])
 6 SYSTEMPATH\CodeIgniter.php(904): App\Controllers\Estimasi->table_estimasi_part()
 7 SYSTEMPATH\CodeIgniter.php(457): CodeIgniter\CodeIgniter->runController(Object(App\Controllers\Estimasi))
 8 SYSTEMPATH\CodeIgniter.php(340): CodeIgniter\CodeIgniter->handleRequest(null, Object(Config\Cache), false)
 9 FCPATH\index.php(67): CodeIgniter\CodeIgniter->run()
10 SYSTEMPATH\Commands\Server\rewrite.php(43): require_once('FCPATH\\index.php')
CRITICAL - 2023-02-03 14:29:52 --> Undefined variable $data
in APPPATH\Views\estimasi\tbl_estimasi_part.php on line 15.
 1 APPPATH\Views\estimasi\tbl_estimasi_part.php(15): CodeIgniter\Debug\Exceptions->errorHandler(2, 'Undefined variable $data', 'APPPATH\\Views\\estimasi\\tbl_estimasi_part.php', 15)
 2 SYSTEMPATH\View\View.php(213): include('APPPATH\\Views\\estimasi\\tbl_estimasi_part.php')
 3 SYSTEMPATH\View\View.php(216): CodeIgniter\View\View->CodeIgniter\View\{closure}()
 4 SYSTEMPATH\Common.php(1142): CodeIgniter\View\View->render('estimasi/tbl_estimasi_part', [], true)
 5 APPPATH\Controllers\Estimasi.php(744): view('estimasi/tbl_estimasi_part', [...])
 6 SYSTEMPATH\CodeIgniter.php(904): App\Controllers\Estimasi->table_estimasi_part()
 7 SYSTEMPATH\CodeIgniter.php(457): CodeIgniter\CodeIgniter->runController(Object(App\Controllers\Estimasi))
 8 SYSTEMPATH\CodeIgniter.php(340): CodeIgniter\CodeIgniter->handleRequest(null, Object(Config\Cache), false)
 9 FCPATH\index.php(67): CodeIgniter\CodeIgniter->run()
10 SYSTEMPATH\Commands\Server\rewrite.php(43): require_once('FCPATH\\index.php')
CRITICAL - 2023-02-03 14:52:45 --> Undefined variable $row
in APPPATH\Views\estimasi\tbl_estimasi_part.php on line 24.
 1 APPPATH\Views\estimasi\tbl_estimasi_part.php(24): CodeIgniter\Debug\Exceptions->errorHandler(2, 'Undefined variable $row', 'APPPATH\\Views\\estimasi\\tbl_estimasi_part.php', 24)
 2 SYSTEMPATH\View\View.php(213): include('APPPATH\\Views\\estimasi\\tbl_estimasi_part.php')
 3 SYSTEMPATH\View\View.php(216): CodeIgniter\View\View->CodeIgniter\View\{closure}()
 4 SYSTEMPATH\Common.php(1142): CodeIgniter\View\View->render('estimasi/tbl_estimasi_part', [], true)
 5 APPPATH\Controllers\Estimasi.php(745): view('estimasi/tbl_estimasi_part', [...])
 6 SYSTEMPATH\CodeIgniter.php(904): App\Controllers\Estimasi->table_estimasi_part()
 7 SYSTEMPATH\CodeIgniter.php(457): CodeIgniter\CodeIgniter->runController(Object(App\Controllers\Estimasi))
 8 SYSTEMPATH\CodeIgniter.php(340): CodeIgniter\CodeIgniter->handleRequest(null, Object(Config\Cache), false)
 9 FCPATH\index.php(67): CodeIgniter\CodeIgniter->run()
10 SYSTEMPATH\Commands\Server\rewrite.php(43): require_once('FCPATH\\index.php')
CRITICAL - 2023-02-03 16:11:15 --> Undefined variable $no
in APPPATH\Views\estimasi\tbl_estimasi_part.php on line 27.
 1 APPPATH\Views\estimasi\tbl_estimasi_part.php(27): CodeIgniter\Debug\Exceptions->errorHandler(2, 'Undefined variable $no', 'APPPATH\\Views\\estimasi\\tbl_estimasi_part.php', 27)
 2 SYSTEMPATH\View\View.php(213): include('APPPATH\\Views\\estimasi\\tbl_estimasi_part.php')
 3 SYSTEMPATH\View\View.php(216): CodeIgniter\View\View->CodeIgniter\View\{closure}()
 4 SYSTEMPATH\Common.php(1142): CodeIgniter\View\View->render('estimasi/tbl_estimasi_part', [], true)
 5 APPPATH\Controllers\Estimasi.php(745): view('estimasi/tbl_estimasi_part', [...])
 6 SYSTEMPATH\CodeIgniter.php(904): App\Controllers\Estimasi->table_estimasi_part()
 7 SYSTEMPATH\CodeIgniter.php(457): CodeIgniter\CodeIgniter->runController(Object(App\Controllers\Estimasi))
 8 SYSTEMPATH\CodeIgniter.php(340): CodeIgniter\CodeIgniter->handleRequest(null, Object(Config\Cache), false)
 9 FCPATH\index.php(67): CodeIgniter\CodeIgniter->run()
10 SYSTEMPATH\Commands\Server\rewrite.php(43): require_once('FCPATH\\index.php')
ERROR - 2023-02-03 16:22:07 --> mysqli_sql_exception: Column 'harga' cannot be null in D:\xampp\htdocs\bp\system\Database\MySQLi\Connection.php:292
Stack trace:
#0 D:\xampp\htdocs\bp\system\Database\MySQLi\Connection.php(292): mysqli->query('INSERT INTO `es...', 0)
#1 D:\xampp\htdocs\bp\system\Database\BaseConnection.php(693): CodeIgniter\Database\MySQLi\Connection->execute('INSERT INTO `es...')
#2 D:\xampp\htdocs\bp\system\Database\BaseConnection.php(620): CodeIgniter\Database\BaseConnection->simpleQuery('INSERT INTO `es...')
#3 D:\xampp\htdocs\bp\system\Database\BaseBuilder.php(1916): CodeIgniter\Database\BaseConnection->query('INSERT INTO `es...', Array, false)
#4 D:\xampp\htdocs\bp\system\Model.php(279): CodeIgniter\Database\BaseBuilder->insert()
#5 D:\xampp\htdocs\bp\system\BaseModel.php(738): CodeIgniter\Model->doInsert(Array)
#6 D:\xampp\htdocs\bp\system\Model.php(667): CodeIgniter\BaseModel->insert(Array, true)
#7 D:\xampp\htdocs\bp\app\Controllers\Estimasi.php(730): CodeIgniter\Model->insert(Array)
#8 D:\xampp\htdocs\bp\system\CodeIgniter.php(904): App\Controllers\Estimasi->simpanestimasid()
#9 D:\xampp\htdocs\bp\system\CodeIgniter.php(457): CodeIgniter\CodeIgniter->runController(Object(App\Controllers\Estimasi))
#10 D:\xampp\htdocs\bp\system\CodeIgniter.php(340): CodeIgniter\CodeIgniter->handleRequest(NULL, Object(Config\Cache), false)
#11 D:\xampp\htdocs\bp\public\index.php(67): CodeIgniter\CodeIgniter->run()
#12 D:\xampp\htdocs\bp\system\Commands\Server\rewrite.php(43): require_once('D:\\xampp\\htdocs...')
#13 {main}
CRITICAL - 2023-02-03 16:22:07 --> Column 'harga' cannot be null
in SYSTEMPATH\Database\MySQLi\Connection.php on line 292.
 1 SYSTEMPATH\Database\MySQLi\Connection.php(292): mysqli->query('INSERT INTO `estimasi_part` (`noestimasi`, `kodepart`, `namapart`, `harga`, `user`, `created_at`, `updated_at`) VALUES (\'ES20230200007\', \'ALKH70\', \'ALKOHOL 70% 1000 ML\', NULL, \'Edit-Murod-03-02-2023 16:22:07\', \'2023-02-03 16:22:07\', \'2023-02-03 16:22:07\')', 0)
 2 SYSTEMPATH\Database\BaseConnection.php(693): CodeIgniter\Database\MySQLi\Connection->execute('INSERT INTO `estimasi_part` (`noestimasi`, `kodepart`, `namapart`, `harga`, `user`, `created_at`, `updated_at`) VALUES (\'ES20230200007\', \'ALKH70\', \'ALKOHOL 70% 1000 ML\', NULL, \'Edit-Murod-03-02-2023 16:22:07\', \'2023-02-03 16:22:07\', \'2023-02-03 16:22:07\')')
 3 SYSTEMPATH\Database\BaseConnection.php(620): CodeIgniter\Database\BaseConnection->simpleQuery('INSERT INTO `estimasi_part` (`noestimasi`, `kodepart`, `namapart`, `harga`, `user`, `created_at`, `updated_at`) VALUES (\'ES20230200007\', \'ALKH70\', \'ALKOHOL 70% 1000 ML\', NULL, \'Edit-Murod-03-02-2023 16:22:07\', \'2023-02-03 16:22:07\', \'2023-02-03 16:22:07\')')
 4 SYSTEMPATH\Database\BaseBuilder.php(1916): CodeIgniter\Database\BaseConnection->query('INSERT INTO `estimasi_part` (`noestimasi`, `kodepart`, `namapart`, `harga`, `user`, `created_at`, `updated_at`) VALUES (:noestimasi:, :kodepart:, :namapart:, :harga:, :user:, :created_at:, :updated_at:)', [...], false)
 5 SYSTEMPATH\Model.php(279): CodeIgniter\Database\BaseBuilder->insert()
 6 SYSTEMPATH\BaseModel.php(738): CodeIgniter\Model->doInsert([...])
 7 SYSTEMPATH\Model.php(667): CodeIgniter\BaseModel->insert([...], true)
 8 APPPATH\Controllers\Estimasi.php(730): CodeIgniter\Model->insert([...])
 9 SYSTEMPATH\CodeIgniter.php(904): App\Controllers\Estimasi->simpanestimasid()
10 SYSTEMPATH\CodeIgniter.php(457): CodeIgniter\CodeIgniter->runController(Object(App\Controllers\Estimasi))
11 SYSTEMPATH\CodeIgniter.php(340): CodeIgniter\CodeIgniter->handleRequest(null, Object(Config\Cache), false)
12 FCPATH\index.php(67): CodeIgniter\CodeIgniter->run()
13 SYSTEMPATH\Commands\Server\rewrite.php(43): require_once('FCPATH\\index.php')
ERROR - 2023-02-03 16:24:02 --> mysqli_sql_exception: Column 'harga' cannot be null in D:\xampp\htdocs\bp\system\Database\MySQLi\Connection.php:292
Stack trace:
#0 D:\xampp\htdocs\bp\system\Database\MySQLi\Connection.php(292): mysqli->query('INSERT INTO `es...', 0)
#1 D:\xampp\htdocs\bp\system\Database\BaseConnection.php(693): CodeIgniter\Database\MySQLi\Connection->execute('INSERT INTO `es...')
#2 D:\xampp\htdocs\bp\system\Database\BaseConnection.php(620): CodeIgniter\Database\BaseConnection->simpleQuery('INSERT INTO `es...')
#3 D:\xampp\htdocs\bp\system\Database\BaseBuilder.php(1916): CodeIgniter\Database\BaseConnection->query('INSERT INTO `es...', Array, false)
#4 D:\xampp\htdocs\bp\system\Model.php(279): CodeIgniter\Database\BaseBuilder->insert()
#5 D:\xampp\htdocs\bp\system\BaseModel.php(738): CodeIgniter\Model->doInsert(Array)
#6 D:\xampp\htdocs\bp\system\Model.php(667): CodeIgniter\BaseModel->insert(Array, true)
#7 D:\xampp\htdocs\bp\app\Controllers\Estimasi.php(730): CodeIgniter\Model->insert(Array)
#8 D:\xampp\htdocs\bp\system\CodeIgniter.php(904): App\Controllers\Estimasi->simpanestimasid()
#9 D:\xampp\htdocs\bp\system\CodeIgniter.php(457): CodeIgniter\CodeIgniter->runController(Object(App\Controllers\Estimasi))
#10 D:\xampp\htdocs\bp\system\CodeIgniter.php(340): CodeIgniter\CodeIgniter->handleRequest(NULL, Object(Config\Cache), false)
#11 D:\xampp\htdocs\bp\public\index.php(67): CodeIgniter\CodeIgniter->run()
#12 D:\xampp\htdocs\bp\system\Commands\Server\rewrite.php(43): require_once('D:\\xampp\\htdocs...')
#13 {main}
CRITICAL - 2023-02-03 16:24:02 --> Column 'harga' cannot be null
in SYSTEMPATH\Database\MySQLi\Connection.php on line 292.
 1 SYSTEMPATH\Database\MySQLi\Connection.php(292): mysqli->query('INSERT INTO `estimasi_part` (`noestimasi`, `kodepart`, `namapart`, `harga`, `user`, `created_at`, `updated_at`) VALUES (\'ES20230200007\', \'ALKH70\', \'ALKOHOL 70% 1000 ML\', NULL, \'Edit-Murod-03-02-2023 16:24:02\', \'2023-02-03 16:24:02\', \'2023-02-03 16:24:02\')', 0)
 2 SYSTEMPATH\Database\BaseConnection.php(693): CodeIgniter\Database\MySQLi\Connection->execute('INSERT INTO `estimasi_part` (`noestimasi`, `kodepart`, `namapart`, `harga`, `user`, `created_at`, `updated_at`) VALUES (\'ES20230200007\', \'ALKH70\', \'ALKOHOL 70% 1000 ML\', NULL, \'Edit-Murod-03-02-2023 16:24:02\', \'2023-02-03 16:24:02\', \'2023-02-03 16:24:02\')')
 3 SYSTEMPATH\Database\BaseConnection.php(620): CodeIgniter\Database\BaseConnection->simpleQuery('INSERT INTO `estimasi_part` (`noestimasi`, `kodepart`, `namapart`, `harga`, `user`, `created_at`, `updated_at`) VALUES (\'ES20230200007\', \'ALKH70\', \'ALKOHOL 70% 1000 ML\', NULL, \'Edit-Murod-03-02-2023 16:24:02\', \'2023-02-03 16:24:02\', \'2023-02-03 16:24:02\')')
 4 SYSTEMPATH\Database\BaseBuilder.php(1916): CodeIgniter\Database\BaseConnection->query('INSERT INTO `estimasi_part` (`noestimasi`, `kodepart`, `namapart`, `harga`, `user`, `created_at`, `updated_at`) VALUES (:noestimasi:, :kodepart:, :namapart:, :harga:, :user:, :created_at:, :updated_at:)', [...], false)
 5 SYSTEMPATH\Model.php(279): CodeIgniter\Database\BaseBuilder->insert()
 6 SYSTEMPATH\BaseModel.php(738): CodeIgniter\Model->doInsert([...])
 7 SYSTEMPATH\Model.php(667): CodeIgniter\BaseModel->insert([...], true)
 8 APPPATH\Controllers\Estimasi.php(730): CodeIgniter\Model->insert([...])
 9 SYSTEMPATH\CodeIgniter.php(904): App\Controllers\Estimasi->simpanestimasid()
10 SYSTEMPATH\CodeIgniter.php(457): CodeIgniter\CodeIgniter->runController(Object(App\Controllers\Estimasi))
11 SYSTEMPATH\CodeIgniter.php(340): CodeIgniter\CodeIgniter->handleRequest(null, Object(Config\Cache), false)
12 FCPATH\index.php(67): CodeIgniter\CodeIgniter->run()
13 SYSTEMPATH\Commands\Server\rewrite.php(43): require_once('FCPATH\\index.php')
