CRITICAL - 2022-10-08 06:55:36 --> View themes, no current section.
in SYSTEMPATH\View\View.php on line 392.
 1 APPPATH\Views\tbagama\index.php(235): CodeIgniter\View\View->endSection()
 2 SYSTEMPATH\View\View.php(213): include('APPPATH\\Views\\tbagama\\index.php')
 3 SYSTEMPATH\View\View.php(216): CodeIgniter\View\View->CodeIgniter\View\{closure}()
 4 SYSTEMPATH\Common.php(1142): CodeIgniter\View\View->render('tbagama/index', [], true)
 5 APPPATH\Controllers\Tbagama.php(21): view('tbagama/index', [...])
 6 SYSTEMPATH\CodeIgniter.php(904): App\Controllers\Tbagama->index()
 7 SYSTEMPATH\CodeIgniter.php(457): CodeIgniter\CodeIgniter->runController(Object(App\Controllers\Tbagama))
 8 SYSTEMPATH\CodeIgniter.php(340): CodeIgniter\CodeIgniter->handleRequest(null, Object(Config\Cache), false)
 9 FCPATH\index.php(67): CodeIgniter\CodeIgniter->run()
10 SYSTEMPATH\Commands\Server\rewrite.php(43): require_once('FCPATH\\index.php')
CRITICAL - 2022-10-08 06:56:14 --> View themes, no current section.
in SYSTEMPATH\View\View.php on line 392.
 1 APPPATH\Views\tbagama\index.php(235): CodeIgniter\View\View->endSection()
 2 SYSTEMPATH\View\View.php(213): include('APPPATH\\Views\\tbagama\\index.php')
 3 SYSTEMPATH\View\View.php(216): CodeIgniter\View\View->CodeIgniter\View\{closure}()
 4 SYSTEMPATH\Common.php(1142): CodeIgniter\View\View->render('tbagama/index', [], true)
 5 APPPATH\Controllers\Tbagama.php(21): view('tbagama/index', [...])
 6 SYSTEMPATH\CodeIgniter.php(904): App\Controllers\Tbagama->index()
 7 SYSTEMPATH\CodeIgniter.php(457): CodeIgniter\CodeIgniter->runController(Object(App\Controllers\Tbagama))
 8 SYSTEMPATH\CodeIgniter.php(340): CodeIgniter\CodeIgniter->handleRequest(null, Object(Config\Cache), false)
 9 FCPATH\index.php(67): CodeIgniter\CodeIgniter->run()
10 SYSTEMPATH\Commands\Server\rewrite.php(43): require_once('FCPATH\\index.php')
