ERROR - 2023-05-17 04:46:35 --> mysqli_sql_exception: You have an error in your SQL syntax; check the manual that corresponds to your MariaDB server version for the right syntax to use near 'and valid='Y' AS a' at line 3 in D:\xampp\htdocs\hati\system\Database\MySQLi\Connection.php:292
Stack trace:
#0 D:\xampp\htdocs\hati\system\Database\MySQLi\Connection.php(292): mysqli->query('select * FROM (...', 0)
#1 D:\xampp\htdocs\hati\system\Database\BaseConnection.php(693): CodeIgniter\Database\MySQLi\Connection->execute('select * FROM (...')
#2 D:\xampp\htdocs\hati\system\Database\BaseConnection.php(620): CodeIgniter\Database\BaseConnection->simpleQuery('select * FROM (...')
#3 D:\xampp\htdocs\hati\app\Controllers\Dashboard.php(71): CodeIgniter\Database\BaseConnection->query('select * FROM (...')
#4 D:\xampp\htdocs\hati\system\CodeIgniter.php(904): App\Controllers\Dashboard->tampilGrafik()
#5 D:\xampp\htdocs\hati\system\CodeIgniter.php(457): CodeIgniter\CodeIgniter->runController(Object(App\Controllers\Dashboard))
#6 D:\xampp\htdocs\hati\system\CodeIgniter.php(340): CodeIgniter\CodeIgniter->handleRequest(NULL, Object(Config\Cache), false)
#7 D:\xampp\htdocs\hati\public\index.php(67): CodeIgniter\CodeIgniter->run()
#8 D:\xampp\htdocs\hati\system\Commands\Server\rewrite.php(43): require_once('D:\\xampp\\htdocs...')
#9 {main}
CRITICAL - 2023-05-17 04:46:35 --> You have an error in your SQL syntax; check the manual that corresponds to your MariaDB server version for the right syntax to use near 'and valid='Y' AS a' at line 3
in SYSTEMPATH\Database\MySQLi\Connection.php on line 292.
 1 SYSTEMPATH\Database\MySQLi\Connection.php(292): mysqli->query('select * FROM (SELECT COUNT(*) AS numrows,tanggal as tanggal FROM memombr where date_format(tanggal,\'%Y-%m\') = \'2023-05\' and valid=\'Y\' UNION ALL 
    SELECT COUNT(*) as numrows,tanggal as tanggal FROM pengajuandiscount where date_format(tanggal,\'%Y-%m\') = \'2023-05\' and valid=\'Y\' UNION ALL
    SELECT COUNT(*) as numrows,tanggal as tanggal FROM mohfaktur where date_format(tanggal,\'%Y-%m\') = \'2023-05\') and valid=\'Y\' AS a', 0)
 2 SYSTEMPATH\Database\BaseConnection.php(693): CodeIgniter\Database\MySQLi\Connection->execute('select * FROM (SELECT COUNT(*) AS numrows,tanggal as tanggal FROM memombr where date_format(tanggal,\'%Y-%m\') = \'2023-05\' and valid=\'Y\' UNION ALL 
    SELECT COUNT(*) as numrows,tanggal as tanggal FROM pengajuandiscount where date_format(tanggal,\'%Y-%m\') = \'2023-05\' and valid=\'Y\' UNION ALL
    SELECT COUNT(*) as numrows,tanggal as tanggal FROM mohfaktur where date_format(tanggal,\'%Y-%m\') = \'2023-05\') and valid=\'Y\' AS a')
 3 SYSTEMPATH\Database\BaseConnection.php(620): CodeIgniter\Database\BaseConnection->simpleQuery('select * FROM (SELECT COUNT(*) AS numrows,tanggal as tanggal FROM memombr where date_format(tanggal,\'%Y-%m\') = \'2023-05\' and valid=\'Y\' UNION ALL 
    SELECT COUNT(*) as numrows,tanggal as tanggal FROM pengajuandiscount where date_format(tanggal,\'%Y-%m\') = \'2023-05\' and valid=\'Y\' UNION ALL
    SELECT COUNT(*) as numrows,tanggal as tanggal FROM mohfaktur where date_format(tanggal,\'%Y-%m\') = \'2023-05\') and valid=\'Y\' AS a')
 4 APPPATH\Controllers\Dashboard.php(71): CodeIgniter\Database\BaseConnection->query('select * FROM (SELECT COUNT(*) AS numrows,tanggal as tanggal FROM memombr where date_format(tanggal,\'%Y-%m\') = \'2023-05\' and valid=\'Y\' UNION ALL 
    SELECT COUNT(*) as numrows,tanggal as tanggal FROM pengajuandiscount where date_format(tanggal,\'%Y-%m\') = \'2023-05\' and valid=\'Y\' UNION ALL
    SELECT COUNT(*) as numrows,tanggal as tanggal FROM mohfaktur where date_format(tanggal,\'%Y-%m\') = \'2023-05\') and valid=\'Y\' AS a')
 5 SYSTEMPATH\CodeIgniter.php(904): App\Controllers\Dashboard->tampilGrafik()
 6 SYSTEMPATH\CodeIgniter.php(457): CodeIgniter\CodeIgniter->runController(Object(App\Controllers\Dashboard))
 7 SYSTEMPATH\CodeIgniter.php(340): CodeIgniter\CodeIgniter->handleRequest(null, Object(Config\Cache), false)
 8 FCPATH\index.php(67): CodeIgniter\CodeIgniter->run()
 9 SYSTEMPATH\Commands\Server\rewrite.php(43): require_once('FCPATH\\index.php')
CRITICAL - 2023-05-17 16:48:19 --> Trying to access array offset on value of type null
in APPPATH\Controllers\Mohfaktur.php on line 926.
 1 APPPATH\Controllers\Mohfaktur.php(926): CodeIgniter\Debug\Exceptions->errorHandler(2, 'Trying to access array offset on value of type null', 'APPPATH\\Controllers\\Mohfaktur.php', 926)
 2 SYSTEMPATH\CodeIgniter.php(904): App\Controllers\mohfaktur->proses('26')
 3 SYSTEMPATH\CodeIgniter.php(457): CodeIgniter\CodeIgniter->runController(Object(App\Controllers\mohfaktur))
 4 SYSTEMPATH\CodeIgniter.php(340): CodeIgniter\CodeIgniter->handleRequest(null, Object(Config\Cache), false)
 5 FCPATH\index.php(67): CodeIgniter\CodeIgniter->run()
 6 SYSTEMPATH\Commands\Server\rewrite.php(43): require_once('FCPATH\\index.php')
CRITICAL - 2023-05-17 16:48:24 --> Trying to access array offset on value of type null
in APPPATH\Controllers\Mohfaktur.php on line 926.
 1 APPPATH\Controllers\Mohfaktur.php(926): CodeIgniter\Debug\Exceptions->errorHandler(2, 'Trying to access array offset on value of type null', 'APPPATH\\Controllers\\Mohfaktur.php', 926)
 2 SYSTEMPATH\CodeIgniter.php(904): App\Controllers\mohfaktur->proses('26')
 3 SYSTEMPATH\CodeIgniter.php(457): CodeIgniter\CodeIgniter->runController(Object(App\Controllers\mohfaktur))
 4 SYSTEMPATH\CodeIgniter.php(340): CodeIgniter\CodeIgniter->handleRequest(null, Object(Config\Cache), false)
 5 FCPATH\index.php(67): CodeIgniter\CodeIgniter->run()
 6 SYSTEMPATH\Commands\Server\rewrite.php(43): require_once('FCPATH\\index.php')
CRITICAL - 2023-05-17 16:49:03 --> Trying to access array offset on value of type null
in APPPATH\Controllers\Mohfaktur.php on line 926.
 1 APPPATH\Controllers\Mohfaktur.php(926): CodeIgniter\Debug\Exceptions->errorHandler(2, 'Trying to access array offset on value of type null', 'APPPATH\\Controllers\\Mohfaktur.php', 926)
 2 SYSTEMPATH\CodeIgniter.php(904): App\Controllers\mohfaktur->proses('45')
 3 SYSTEMPATH\CodeIgniter.php(457): CodeIgniter\CodeIgniter->runController(Object(App\Controllers\mohfaktur))
 4 SYSTEMPATH\CodeIgniter.php(340): CodeIgniter\CodeIgniter->handleRequest(null, Object(Config\Cache), false)
 5 FCPATH\index.php(67): CodeIgniter\CodeIgniter->run()
 6 SYSTEMPATH\Commands\Server\rewrite.php(43): require_once('FCPATH\\index.php')
CRITICAL - 2023-05-17 16:49:08 --> Trying to access array offset on value of type null
in APPPATH\Controllers\Mohfaktur.php on line 926.
 1 APPPATH\Controllers\Mohfaktur.php(926): CodeIgniter\Debug\Exceptions->errorHandler(2, 'Trying to access array offset on value of type null', 'APPPATH\\Controllers\\Mohfaktur.php', 926)
 2 SYSTEMPATH\CodeIgniter.php(904): App\Controllers\mohfaktur->proses('45')
 3 SYSTEMPATH\CodeIgniter.php(457): CodeIgniter\CodeIgniter->runController(Object(App\Controllers\mohfaktur))
 4 SYSTEMPATH\CodeIgniter.php(340): CodeIgniter\CodeIgniter->handleRequest(null, Object(Config\Cache), false)
 5 FCPATH\index.php(67): CodeIgniter\CodeIgniter->run()
 6 SYSTEMPATH\Commands\Server\rewrite.php(43): require_once('FCPATH\\index.php')
CRITICAL - 2023-05-17 16:49:25 --> Trying to access array offset on value of type null
in APPPATH\Controllers\Mohfaktur.php on line 926.
 1 APPPATH\Controllers\Mohfaktur.php(926): CodeIgniter\Debug\Exceptions->errorHandler(2, 'Trying to access array offset on value of type null', 'APPPATH\\Controllers\\Mohfaktur.php', 926)
 2 SYSTEMPATH\CodeIgniter.php(904): App\Controllers\mohfaktur->proses('46')
 3 SYSTEMPATH\CodeIgniter.php(457): CodeIgniter\CodeIgniter->runController(Object(App\Controllers\mohfaktur))
 4 SYSTEMPATH\CodeIgniter.php(340): CodeIgniter\CodeIgniter->handleRequest(null, Object(Config\Cache), false)
 5 FCPATH\index.php(67): CodeIgniter\CodeIgniter->run()
 6 SYSTEMPATH\Commands\Server\rewrite.php(43): require_once('FCPATH\\index.php')
CRITICAL - 2023-05-17 16:49:54 --> Trying to access array offset on value of type null
in APPPATH\Controllers\Mohfaktur.php on line 926.
 1 APPPATH\Controllers\Mohfaktur.php(926): CodeIgniter\Debug\Exceptions->errorHandler(2, 'Trying to access array offset on value of type null', 'APPPATH\\Controllers\\Mohfaktur.php', 926)
 2 SYSTEMPATH\CodeIgniter.php(904): App\Controllers\mohfaktur->proses('46')
 3 SYSTEMPATH\CodeIgniter.php(457): CodeIgniter\CodeIgniter->runController(Object(App\Controllers\mohfaktur))
 4 SYSTEMPATH\CodeIgniter.php(340): CodeIgniter\CodeIgniter->handleRequest(null, Object(Config\Cache), false)
 5 FCPATH\index.php(67): CodeIgniter\CodeIgniter->run()
 6 SYSTEMPATH\Commands\Server\rewrite.php(43): require_once('FCPATH\\index.php')
CRITICAL - 2023-05-17 16:51:35 --> Trying to access array offset on value of type null
in APPPATH\Controllers\Mohfaktur.php on line 921.
 1 APPPATH\Controllers\Mohfaktur.php(921): CodeIgniter\Debug\Exceptions->errorHandler(2, 'Trying to access array offset on value of type null', 'APPPATH\\Controllers\\Mohfaktur.php', 921)
 2 SYSTEMPATH\CodeIgniter.php(904): App\Controllers\mohfaktur->proses('46')
 3 SYSTEMPATH\CodeIgniter.php(457): CodeIgniter\CodeIgniter->runController(Object(App\Controllers\mohfaktur))
 4 SYSTEMPATH\CodeIgniter.php(340): CodeIgniter\CodeIgniter->handleRequest(null, Object(Config\Cache), false)
 5 FCPATH\index.php(67): CodeIgniter\CodeIgniter->run()
 6 SYSTEMPATH\Commands\Server\rewrite.php(43): require_once('FCPATH\\index.php')
CRITICAL - 2023-05-17 16:51:39 --> Trying to access array offset on value of type null
in APPPATH\Controllers\Mohfaktur.php on line 921.
 1 APPPATH\Controllers\Mohfaktur.php(921): CodeIgniter\Debug\Exceptions->errorHandler(2, 'Trying to access array offset on value of type null', 'APPPATH\\Controllers\\Mohfaktur.php', 921)
 2 SYSTEMPATH\CodeIgniter.php(904): App\Controllers\mohfaktur->proses('46')
 3 SYSTEMPATH\CodeIgniter.php(457): CodeIgniter\CodeIgniter->runController(Object(App\Controllers\mohfaktur))
 4 SYSTEMPATH\CodeIgniter.php(340): CodeIgniter\CodeIgniter->handleRequest(null, Object(Config\Cache), false)
 5 FCPATH\index.php(67): CodeIgniter\CodeIgniter->run()
 6 SYSTEMPATH\Commands\Server\rewrite.php(43): require_once('FCPATH\\index.php')
CRITICAL - 2023-05-17 16:52:06 --> Trying to access array offset on value of type null
in APPPATH\Controllers\Mohfaktur.php on line 921.
 1 APPPATH\Controllers\Mohfaktur.php(921): CodeIgniter\Debug\Exceptions->errorHandler(2, 'Trying to access array offset on value of type null', 'APPPATH\\Controllers\\Mohfaktur.php', 921)
 2 SYSTEMPATH\CodeIgniter.php(904): App\Controllers\mohfaktur->proses('46')
 3 SYSTEMPATH\CodeIgniter.php(457): CodeIgniter\CodeIgniter->runController(Object(App\Controllers\mohfaktur))
 4 SYSTEMPATH\CodeIgniter.php(340): CodeIgniter\CodeIgniter->handleRequest(null, Object(Config\Cache), false)
 5 FCPATH\index.php(67): CodeIgniter\CodeIgniter->run()
 6 SYSTEMPATH\Commands\Server\rewrite.php(43): require_once('FCPATH\\index.php')
CRITICAL - 2023-05-17 16:54:22 --> Call to undefined method App\Models\MemombrModel::getnomor
in SYSTEMPATH\Model.php on line 774.
 1 APPPATH\Controllers\Mohfaktur.php(916): CodeIgniter\Model->__call('getnomor', [...])
 2 SYSTEMPATH\CodeIgniter.php(904): App\Controllers\mohfaktur->proses('46')
 3 SYSTEMPATH\CodeIgniter.php(457): CodeIgniter\CodeIgniter->runController(Object(App\Controllers\mohfaktur))
 4 SYSTEMPATH\CodeIgniter.php(340): CodeIgniter\CodeIgniter->handleRequest(null, Object(Config\Cache), false)
 5 FCPATH\index.php(67): CodeIgniter\CodeIgniter->run()
 6 SYSTEMPATH\Commands\Server\rewrite.php(43): require_once('FCPATH\\index.php')
CRITICAL - 2023-05-17 16:54:38 --> Call to undefined method App\Models\MemombrModel::getnomor
in SYSTEMPATH\Model.php on line 774.
 1 APPPATH\Controllers\Mohfaktur.php(916): CodeIgniter\Model->__call('getnomor', [...])
 2 SYSTEMPATH\CodeIgniter.php(904): App\Controllers\mohfaktur->proses('46')
 3 SYSTEMPATH\CodeIgniter.php(457): CodeIgniter\CodeIgniter->runController(Object(App\Controllers\mohfaktur))
 4 SYSTEMPATH\CodeIgniter.php(340): CodeIgniter\CodeIgniter->handleRequest(null, Object(Config\Cache), false)
 5 FCPATH\index.php(67): CodeIgniter\CodeIgniter->run()
 6 SYSTEMPATH\Commands\Server\rewrite.php(43): require_once('FCPATH\\index.php')
