CRITICAL - 2023-07-06 09:43:43 --> Cannot use object of type mysqli as array
in APPPATH\Controllers\Po_part.php on line 368.
 1 SYSTEMPATH\CodeIgniter.php(904): App\Controllers\Po_part->tampil_detail_po_partd('4')
 2 SYSTEMPATH\CodeIgniter.php(457): CodeIgniter\CodeIgniter->runController(Object(App\Controllers\Po_part))
 3 SYSTEMPATH\CodeIgniter.php(340): CodeIgniter\CodeIgniter->handleRequest(null, Object(Config\Cache), false)
 4 FCPATH\index.php(67): CodeIgniter\CodeIgniter->run()
 5 SYSTEMPATH\Commands\Server\rewrite.php(43): require_once('FCPATH\\index.php')
CRITICAL - 2023-07-06 09:44:33 --> Cannot use object of type mysqli as array
in APPPATH\Controllers\Po_part.php on line 369.
 1 SYSTEMPATH\CodeIgniter.php(904): App\Controllers\Po_part->tampil_detail_po_partd('4')
 2 SYSTEMPATH\CodeIgniter.php(457): CodeIgniter\CodeIgniter->runController(Object(App\Controllers\Po_part))
 3 SYSTEMPATH\CodeIgniter.php(340): CodeIgniter\CodeIgniter->handleRequest(null, Object(Config\Cache), false)
 4 FCPATH\index.php(67): CodeIgniter\CodeIgniter->run()
 5 SYSTEMPATH\Commands\Server\rewrite.php(43): require_once('FCPATH\\index.php')
CRITICAL - 2023-07-06 09:45:55 --> Cannot use object of type mysqli as array
in APPPATH\Controllers\Po_part.php on line 370.
 1 SYSTEMPATH\CodeIgniter.php(904): App\Controllers\Po_part->tampil_detail_po_partd('4')
 2 SYSTEMPATH\CodeIgniter.php(457): CodeIgniter\CodeIgniter->runController(Object(App\Controllers\Po_part))
 3 SYSTEMPATH\CodeIgniter.php(340): CodeIgniter\CodeIgniter->handleRequest(null, Object(Config\Cache), false)
 4 FCPATH\index.php(67): CodeIgniter\CodeIgniter->run()
 5 SYSTEMPATH\Commands\Server\rewrite.php(43): require_once('FCPATH\\index.php')
CRITICAL - 2023-07-06 09:46:51 --> Cannot use object of type mysqli as array
in APPPATH\Controllers\Po_part.php on line 369.
 1 SYSTEMPATH\CodeIgniter.php(904): App\Controllers\Po_part->tampil_detail_po_partd('4')
 2 SYSTEMPATH\CodeIgniter.php(457): CodeIgniter\CodeIgniter->runController(Object(App\Controllers\Po_part))
 3 SYSTEMPATH\CodeIgniter.php(340): CodeIgniter\CodeIgniter->handleRequest(null, Object(Config\Cache), false)
 4 FCPATH\index.php(67): CodeIgniter\CodeIgniter->run()
 5 SYSTEMPATH\Commands\Server\rewrite.php(43): require_once('FCPATH\\index.php')
CRITICAL - 2023-07-06 09:47:54 --> Cannot access offset of type string on string
in APPPATH\Controllers\Po_part.php on line 369.
 1 SYSTEMPATH\CodeIgniter.php(904): App\Controllers\Po_part->tampil_detail_po_partd('4')
 2 SYSTEMPATH\CodeIgniter.php(457): CodeIgniter\CodeIgniter->runController(Object(App\Controllers\Po_part))
 3 SYSTEMPATH\CodeIgniter.php(340): CodeIgniter\CodeIgniter->handleRequest(null, Object(Config\Cache), false)
 4 FCPATH\index.php(67): CodeIgniter\CodeIgniter->run()
 5 SYSTEMPATH\Commands\Server\rewrite.php(43): require_once('FCPATH\\index.php')
CRITICAL - 2023-07-06 10:16:25 --> Undefined array key "id"
in APPPATH\Controllers\Po_part.php on line 576.
 1 APPPATH\Controllers\Po_part.php(576): CodeIgniter\Debug\Exceptions->errorHandler(2, 'Undefined array key "id"', 'APPPATH\\Controllers\\Po_part.php', 576)
 2 SYSTEMPATH\CodeIgniter.php(904): App\Controllers\Po_part->hapus_po_partd('5')
 3 SYSTEMPATH\CodeIgniter.php(457): CodeIgniter\CodeIgniter->runController(Object(App\Controllers\Po_part))
 4 SYSTEMPATH\CodeIgniter.php(340): CodeIgniter\CodeIgniter->handleRequest(null, Object(Config\Cache), false)
 5 FCPATH\index.php(67): CodeIgniter\CodeIgniter->run()
 6 SYSTEMPATH\Commands\Server\rewrite.php(43): require_once('FCPATH\\index.php')
ERROR - 2023-07-06 10:22:09 --> mysqli_sql_exception: Column 'satuan' cannot be null in D:\xampp\htdocs\hati\system\Database\MySQLi\Connection.php:292
Stack trace:
#0 D:\xampp\htdocs\hati\system\Database\MySQLi\Connection.php(292): mysqli->query('INSERT INTO `po...', 0)
#1 D:\xampp\htdocs\hati\system\Database\BaseConnection.php(693): CodeIgniter\Database\MySQLi\Connection->execute('INSERT INTO `po...')
#2 D:\xampp\htdocs\hati\system\Database\BaseConnection.php(620): CodeIgniter\Database\BaseConnection->simpleQuery('INSERT INTO `po...')
#3 D:\xampp\htdocs\hati\system\Database\BaseBuilder.php(1916): CodeIgniter\Database\BaseConnection->query('INSERT INTO `po...', Array, false)
#4 D:\xampp\htdocs\hati\system\Model.php(279): CodeIgniter\Database\BaseBuilder->insert()
#5 D:\xampp\htdocs\hati\system\BaseModel.php(738): CodeIgniter\Model->doInsert(Array)
#6 D:\xampp\htdocs\hati\system\Model.php(667): CodeIgniter\BaseModel->insert(Array, true)
#7 D:\xampp\htdocs\hati\app\Controllers\Po_part.php(349): CodeIgniter\Model->insert(Array)
#8 D:\xampp\htdocs\hati\system\CodeIgniter.php(904): App\Controllers\Po_part->simpan_po_partd()
#9 D:\xampp\htdocs\hati\system\CodeIgniter.php(457): CodeIgniter\CodeIgniter->runController(Object(App\Controllers\Po_part))
#10 D:\xampp\htdocs\hati\system\CodeIgniter.php(340): CodeIgniter\CodeIgniter->handleRequest(NULL, Object(Config\Cache), false)
#11 D:\xampp\htdocs\hati\public\index.php(67): CodeIgniter\CodeIgniter->run()
#12 D:\xampp\htdocs\hati\system\Commands\Server\rewrite.php(43): require_once('D:\\xampp\\htdocs...')
#13 {main}
CRITICAL - 2023-07-06 10:22:09 --> Column 'satuan' cannot be null
in SYSTEMPATH\Database\MySQLi\Connection.php on line 292.
 1 SYSTEMPATH\Database\MySQLi\Connection.php(292): mysqli->query('INSERT INTO `po_partd` (`nopo`, `kodepart`, `namapart`, `qty`, `satuan`, `hrgbeli`, `discount`, `rp_discount`, `subtotal`, `created_at`, `updated_at`) VALUES (\'PO20230700005\', \'AA\', \'BARANG 1\', \'200\', NULL, \'500000\', \'000\', \'0\', \'1000000\', \'2023-07-06 10:22:09\', \'2023-07-06 10:22:09\')', 0)
 2 SYSTEMPATH\Database\BaseConnection.php(693): CodeIgniter\Database\MySQLi\Connection->execute('INSERT INTO `po_partd` (`nopo`, `kodepart`, `namapart`, `qty`, `satuan`, `hrgbeli`, `discount`, `rp_discount`, `subtotal`, `created_at`, `updated_at`) VALUES (\'PO20230700005\', \'AA\', \'BARANG 1\', \'200\', NULL, \'500000\', \'000\', \'0\', \'1000000\', \'2023-07-06 10:22:09\', \'2023-07-06 10:22:09\')')
 3 SYSTEMPATH\Database\BaseConnection.php(620): CodeIgniter\Database\BaseConnection->simpleQuery('INSERT INTO `po_partd` (`nopo`, `kodepart`, `namapart`, `qty`, `satuan`, `hrgbeli`, `discount`, `rp_discount`, `subtotal`, `created_at`, `updated_at`) VALUES (\'PO20230700005\', \'AA\', \'BARANG 1\', \'200\', NULL, \'500000\', \'000\', \'0\', \'1000000\', \'2023-07-06 10:22:09\', \'2023-07-06 10:22:09\')')
 4 SYSTEMPATH\Database\BaseBuilder.php(1916): CodeIgniter\Database\BaseConnection->query('INSERT INTO `po_partd` (`nopo`, `kodepart`, `namapart`, `qty`, `satuan`, `hrgbeli`, `discount`, `rp_discount`, `subtotal`, `created_at`, `updated_at`) VALUES (:nopo:, :kodepart:, :namapart:, :qty:, :satuan:, :hrgbeli:, :discount:, :rp_discount:, :subtotal:, :created_at:, :updated_at:)', [...], false)
 5 SYSTEMPATH\Model.php(279): CodeIgniter\Database\BaseBuilder->insert()
 6 SYSTEMPATH\BaseModel.php(738): CodeIgniter\Model->doInsert([...])
 7 SYSTEMPATH\Model.php(667): CodeIgniter\BaseModel->insert([...], true)
 8 APPPATH\Controllers\Po_part.php(349): CodeIgniter\Model->insert([...])
 9 SYSTEMPATH\CodeIgniter.php(904): App\Controllers\Po_part->simpan_po_partd()
10 SYSTEMPATH\CodeIgniter.php(457): CodeIgniter\CodeIgniter->runController(Object(App\Controllers\Po_part))
11 SYSTEMPATH\CodeIgniter.php(340): CodeIgniter\CodeIgniter->handleRequest(null, Object(Config\Cache), false)
12 FCPATH\index.php(67): CodeIgniter\CodeIgniter->run()
13 SYSTEMPATH\Commands\Server\rewrite.php(43): require_once('FCPATH\\index.php')
ERROR - 2023-07-06 15:50:08 --> mysqli_sql_exception: Table 'hati.beli_part' doesn't exist in D:\xampp\htdocs\hati\system\Database\MySQLi\Connection.php:292
Stack trace:
#0 D:\xampp\htdocs\hati\system\Database\MySQLi\Connection.php(292): mysqli->query('SELECT *\nFROM `...', 0)
#1 D:\xampp\htdocs\hati\system\Database\BaseConnection.php(693): CodeIgniter\Database\MySQLi\Connection->execute('SELECT *\nFROM `...')
#2 D:\xampp\htdocs\hati\system\Database\BaseConnection.php(620): CodeIgniter\Database\BaseConnection->simpleQuery('SELECT *\nFROM `...')
#3 D:\xampp\htdocs\hati\system\Database\BaseBuilder.php(1585): CodeIgniter\Database\BaseConnection->query('SELECT *\nFROM `...', Array, false)
#4 D:\xampp\htdocs\hati\system\Model.php(223): CodeIgniter\Database\BaseBuilder->get()
#5 D:\xampp\htdocs\hati\system\BaseModel.php(584): CodeIgniter\Model->doFindAll(0, 0)
#6 D:\xampp\htdocs\hati\app\Controllers\Beli_part.php(31): CodeIgniter\BaseModel->findAll()
#7 D:\xampp\htdocs\hati\system\CodeIgniter.php(904): App\Controllers\Beli_part->index()
#8 D:\xampp\htdocs\hati\system\CodeIgniter.php(457): CodeIgniter\CodeIgniter->runController(Object(App\Controllers\Beli_part))
#9 D:\xampp\htdocs\hati\system\CodeIgniter.php(340): CodeIgniter\CodeIgniter->handleRequest(NULL, Object(Config\Cache), false)
#10 D:\xampp\htdocs\hati\public\index.php(67): CodeIgniter\CodeIgniter->run()
#11 D:\xampp\htdocs\hati\system\Commands\Server\rewrite.php(43): require_once('D:\\xampp\\htdocs...')
#12 {main}
CRITICAL - 2023-07-06 15:50:08 --> Table 'hati.beli_part' doesn't exist
in SYSTEMPATH\Database\MySQLi\Connection.php on line 292.
 1 SYSTEMPATH\Database\MySQLi\Connection.php(292): mysqli->query('SELECT *
FROM `beli_part`
ORDER BY `nopo`', 0)
 2 SYSTEMPATH\Database\BaseConnection.php(693): CodeIgniter\Database\MySQLi\Connection->execute('SELECT *
FROM `beli_part`
ORDER BY `nopo`')
 3 SYSTEMPATH\Database\BaseConnection.php(620): CodeIgniter\Database\BaseConnection->simpleQuery('SELECT *
FROM `beli_part`
ORDER BY `nopo`')
 4 SYSTEMPATH\Database\BaseBuilder.php(1585): CodeIgniter\Database\BaseConnection->query('SELECT *
FROM `beli_part`
ORDER BY `nopo`', [], false)
 5 SYSTEMPATH\Model.php(223): CodeIgniter\Database\BaseBuilder->get()
 6 SYSTEMPATH\BaseModel.php(584): CodeIgniter\Model->doFindAll(0, 0)
 7 APPPATH\Controllers\Beli_part.php(31): CodeIgniter\BaseModel->findAll()
 8 SYSTEMPATH\CodeIgniter.php(904): App\Controllers\Beli_part->index()
 9 SYSTEMPATH\CodeIgniter.php(457): CodeIgniter\CodeIgniter->runController(Object(App\Controllers\Beli_part))
10 SYSTEMPATH\CodeIgniter.php(340): CodeIgniter\CodeIgniter->handleRequest(null, Object(Config\Cache), false)
11 FCPATH\index.php(67): CodeIgniter\CodeIgniter->run()
12 SYSTEMPATH\Commands\Server\rewrite.php(43): require_once('FCPATH\\index.php')
CRITICAL - 2023-07-06 15:56:36 --> Undefined variable $faktur_bp
in APPPATH\Views\po_part\cetakpo_part.php on line 26.
 1 APPPATH\Views\po_part\cetakpo_part.php(26): CodeIgniter\Debug\Exceptions->errorHandler(2, 'Undefined variable $faktur_bp', 'APPPATH\\Views\\po_part\\cetakpo_part.php', 26)
 2 SYSTEMPATH\View\View.php(213): include('APPPATH\\Views\\po_part\\cetakpo_part.php')
 3 SYSTEMPATH\View\View.php(216): CodeIgniter\View\View->CodeIgniter\View\{closure}()
 4 SYSTEMPATH\Common.php(1142): CodeIgniter\View\View->render('po_part/cetakpo_part', [], true)
 5 APPPATH\Controllers\Po_part.php(727): view('po_part/cetakpo_part', [...])
 6 SYSTEMPATH\CodeIgniter.php(904): App\Controllers\Po_part->cetakpo_part('28')
 7 SYSTEMPATH\CodeIgniter.php(457): CodeIgniter\CodeIgniter->runController(Object(App\Controllers\Po_part))
 8 SYSTEMPATH\CodeIgniter.php(340): CodeIgniter\CodeIgniter->handleRequest(null, Object(Config\Cache), false)
 9 FCPATH\index.php(67): CodeIgniter\CodeIgniter->run()
10 SYSTEMPATH\Commands\Server\rewrite.php(43): require_once('FCPATH\\index.php')
