CRITICAL - 2023-01-25 11:27:06 --> Undefined variable $telp
in APPPATH\Views\saplikasi\modaltambah.php on line 28.
 1 APPPATH\Views\saplikasi\modaltambah.php(28): CodeIgniter\Debug\Exceptions->errorHandler(2, 'Undefined variable $telp', 'APPPATH\\Views\\saplikasi\\modaltambah.php', 28)
 2 SYSTEMPATH\View\View.php(213): include('APPPATH\\Views\\saplikasi\\modaltambah.php')
 3 SYSTEMPATH\View\View.php(216): CodeIgniter\View\View->CodeIgniter\View\{closure}()
 4 SYSTEMPATH\Common.php(1142): CodeIgniter\View\View->render('saplikasi/modaltambah', [], true)
 5 APPPATH\Controllers\Saplikasi.php(101): view('saplikasi/modaltambah', [...])
 6 SYSTEMPATH\CodeIgniter.php(904): App\Controllers\Saplikasi->formtambah()
 7 SYSTEMPATH\CodeIgniter.php(457): CodeIgniter\CodeIgniter->runController(Object(App\Controllers\Saplikasi))
 8 SYSTEMPATH\CodeIgniter.php(340): CodeIgniter\CodeIgniter->handleRequest(null, Object(Config\Cache), false)
 9 FCPATH\index.php(67): CodeIgniter\CodeIgniter->run()
10 SYSTEMPATH\Commands\Server\rewrite.php(43): require_once('FCPATH\\index.php')
CRITICAL - 2023-01-25 11:50:28 --> Call to a member function getError() on null
in APPPATH\Controllers\Saplikasi.php on line 148.
 1 SYSTEMPATH\CodeIgniter.php(904): App\Controllers\Saplikasi->simpandata()
 2 SYSTEMPATH\CodeIgniter.php(457): CodeIgniter\CodeIgniter->runController(Object(App\Controllers\Saplikasi))
 3 SYSTEMPATH\CodeIgniter.php(340): CodeIgniter\CodeIgniter->handleRequest(null, Object(Config\Cache), false)
 4 FCPATH\index.php(67): CodeIgniter\CodeIgniter->run()
 5 SYSTEMPATH\Commands\Server\rewrite.php(43): require_once('FCPATH\\index.php')
CRITICAL - 2023-01-25 11:52:48 --> Call to a member function getError() on null
in APPPATH\Controllers\Saplikasi.php on line 148.
 1 SYSTEMPATH\CodeIgniter.php(904): App\Controllers\Saplikasi->simpandata()
 2 SYSTEMPATH\CodeIgniter.php(457): CodeIgniter\CodeIgniter->runController(Object(App\Controllers\Saplikasi))
 3 SYSTEMPATH\CodeIgniter.php(340): CodeIgniter\CodeIgniter->handleRequest(null, Object(Config\Cache), false)
 4 FCPATH\index.php(67): CodeIgniter\CodeIgniter->run()
 5 SYSTEMPATH\Commands\Server\rewrite.php(43): require_once('FCPATH\\index.php')
CRITICAL - 2023-01-25 11:53:56 --> Call to a member function getError() on null
in APPPATH\Controllers\Saplikasi.php on line 148.
 1 SYSTEMPATH\CodeIgniter.php(904): App\Controllers\Saplikasi->simpandata()
 2 SYSTEMPATH\CodeIgniter.php(457): CodeIgniter\CodeIgniter->runController(Object(App\Controllers\Saplikasi))
 3 SYSTEMPATH\CodeIgniter.php(340): CodeIgniter\CodeIgniter->handleRequest(null, Object(Config\Cache), false)
 4 FCPATH\index.php(67): CodeIgniter\CodeIgniter->run()
 5 SYSTEMPATH\Commands\Server\rewrite.php(43): require_once('FCPATH\\index.php')
CRITICAL - 2023-01-25 11:54:18 --> Call to a member function getError() on null
in APPPATH\Controllers\Saplikasi.php on line 150.
 1 SYSTEMPATH\CodeIgniter.php(904): App\Controllers\Saplikasi->simpandata()
 2 SYSTEMPATH\CodeIgniter.php(457): CodeIgniter\CodeIgniter->runController(Object(App\Controllers\Saplikasi))
 3 SYSTEMPATH\CodeIgniter.php(340): CodeIgniter\CodeIgniter->handleRequest(null, Object(Config\Cache), false)
 4 FCPATH\index.php(67): CodeIgniter\CodeIgniter->run()
 5 SYSTEMPATH\Commands\Server\rewrite.php(43): require_once('FCPATH\\index.php')
CRITICAL - 2023-01-25 11:54:38 --> Call to a member function getError() on null
in APPPATH\Controllers\Saplikasi.php on line 148.
 1 SYSTEMPATH\CodeIgniter.php(904): App\Controllers\Saplikasi->simpandata()
 2 SYSTEMPATH\CodeIgniter.php(457): CodeIgniter\CodeIgniter->runController(Object(App\Controllers\Saplikasi))
 3 SYSTEMPATH\CodeIgniter.php(340): CodeIgniter\CodeIgniter->handleRequest(null, Object(Config\Cache), false)
 4 FCPATH\index.php(67): CodeIgniter\CodeIgniter->run()
 5 SYSTEMPATH\Commands\Server\rewrite.php(43): require_once('FCPATH\\index.php')
CRITICAL - 2023-01-25 11:54:47 --> Call to a member function getError() on null
in APPPATH\Controllers\Saplikasi.php on line 148.
 1 SYSTEMPATH\CodeIgniter.php(904): App\Controllers\Saplikasi->simpandata()
 2 SYSTEMPATH\CodeIgniter.php(457): CodeIgniter\CodeIgniter->runController(Object(App\Controllers\Saplikasi))
 3 SYSTEMPATH\CodeIgniter.php(340): CodeIgniter\CodeIgniter->handleRequest(null, Object(Config\Cache), false)
 4 FCPATH\index.php(67): CodeIgniter\CodeIgniter->run()
 5 SYSTEMPATH\Commands\Server\rewrite.php(43): require_once('FCPATH\\index.php')
CRITICAL - 2023-01-25 12:00:25 --> Call to a member function getError() on null
in APPPATH\Controllers\Saplikasi.php on line 148.
 1 SYSTEMPATH\CodeIgniter.php(904): App\Controllers\Saplikasi->simpandata()
 2 SYSTEMPATH\CodeIgniter.php(457): CodeIgniter\CodeIgniter->runController(Object(App\Controllers\Saplikasi))
 3 SYSTEMPATH\CodeIgniter.php(340): CodeIgniter\CodeIgniter->handleRequest(null, Object(Config\Cache), false)
 4 FCPATH\index.php(67): CodeIgniter\CodeIgniter->run()
 5 SYSTEMPATH\Commands\Server\rewrite.php(43): require_once('FCPATH\\index.php')
CRITICAL - 2023-01-25 12:02:21 --> Call to a member function getError() on null
in APPPATH\Controllers\Saplikasi.php on line 148.
 1 SYSTEMPATH\CodeIgniter.php(904): App\Controllers\Saplikasi->simpandata()
 2 SYSTEMPATH\CodeIgniter.php(457): CodeIgniter\CodeIgniter->runController(Object(App\Controllers\Saplikasi))
 3 SYSTEMPATH\CodeIgniter.php(340): CodeIgniter\CodeIgniter->handleRequest(null, Object(Config\Cache), false)
 4 FCPATH\index.php(67): CodeIgniter\CodeIgniter->run()
 5 SYSTEMPATH\Commands\Server\rewrite.php(43): require_once('FCPATH\\index.php')
CRITICAL - 2023-01-25 12:02:27 --> Call to a member function getError() on null
in APPPATH\Controllers\Saplikasi.php on line 148.
 1 SYSTEMPATH\CodeIgniter.php(904): App\Controllers\Saplikasi->simpandata()
 2 SYSTEMPATH\CodeIgniter.php(457): CodeIgniter\CodeIgniter->runController(Object(App\Controllers\Saplikasi))
 3 SYSTEMPATH\CodeIgniter.php(340): CodeIgniter\CodeIgniter->handleRequest(null, Object(Config\Cache), false)
 4 FCPATH\index.php(67): CodeIgniter\CodeIgniter->run()
 5 SYSTEMPATH\Commands\Server\rewrite.php(43): require_once('FCPATH\\index.php')
CRITICAL - 2023-01-25 12:05:51 --> ax_length is not a valid rule.
in SYSTEMPATH\Validation\Validation.php on line 323.
 1 SYSTEMPATH\Validation\Validation.php(323): CodeIgniter\Validation\Exceptions\ValidationException::forRuleNotFound('ax_length')
 2 SYSTEMPATH\Validation\Validation.php(175): CodeIgniter\Validation\Validation->processRules('kd_perusahaan', 'kd_perusahaan', 'aa', [...], [...])
 3 SYSTEMPATH\Controller.php(140): CodeIgniter\Validation\Validation->run()
 4 APPPATH\Controllers\Saplikasi.php(154): CodeIgniter\Controller->validate([...])
 5 SYSTEMPATH\CodeIgniter.php(904): App\Controllers\Saplikasi->simpandata()
 6 SYSTEMPATH\CodeIgniter.php(457): CodeIgniter\CodeIgniter->runController(Object(App\Controllers\Saplikasi))
 7 SYSTEMPATH\CodeIgniter.php(340): CodeIgniter\CodeIgniter->handleRequest(null, Object(Config\Cache), false)
 8 FCPATH\index.php(67): CodeIgniter\CodeIgniter->run()
 9 SYSTEMPATH\Commands\Server\rewrite.php(43): require_once('FCPATH\\index.php')
CRITICAL - 2023-01-25 12:07:05 --> Call to a member function getError() on null
in APPPATH\Controllers\Saplikasi.php on line 148.
 1 SYSTEMPATH\CodeIgniter.php(904): App\Controllers\Saplikasi->simpandata()
 2 SYSTEMPATH\CodeIgniter.php(457): CodeIgniter\CodeIgniter->runController(Object(App\Controllers\Saplikasi))
 3 SYSTEMPATH\CodeIgniter.php(340): CodeIgniter\CodeIgniter->handleRequest(null, Object(Config\Cache), false)
 4 FCPATH\index.php(67): CodeIgniter\CodeIgniter->run()
 5 SYSTEMPATH\Commands\Server\rewrite.php(43): require_once('FCPATH\\index.php')
CRITICAL - 2023-01-25 14:03:45 --> Call to a member function getError() on null
in APPPATH\Controllers\Saplikasi.php on line 148.
 1 SYSTEMPATH\CodeIgniter.php(904): App\Controllers\Saplikasi->simpandata()
 2 SYSTEMPATH\CodeIgniter.php(457): CodeIgniter\CodeIgniter->runController(Object(App\Controllers\Saplikasi))
 3 SYSTEMPATH\CodeIgniter.php(340): CodeIgniter\CodeIgniter->handleRequest(null, Object(Config\Cache), false)
 4 FCPATH\index.php(67): CodeIgniter\CodeIgniter->run()
 5 SYSTEMPATH\Commands\Server\rewrite.php(43): require_once('FCPATH\\index.php')
CRITICAL - 2023-01-25 14:04:15 --> Call to a member function getError() on null
in APPPATH\Controllers\Saplikasi.php on line 148.
 1 SYSTEMPATH\CodeIgniter.php(904): App\Controllers\Saplikasi->simpandata()
 2 SYSTEMPATH\CodeIgniter.php(457): CodeIgniter\CodeIgniter->runController(Object(App\Controllers\Saplikasi))
 3 SYSTEMPATH\CodeIgniter.php(340): CodeIgniter\CodeIgniter->handleRequest(null, Object(Config\Cache), false)
 4 FCPATH\index.php(67): CodeIgniter\CodeIgniter->run()
 5 SYSTEMPATH\Commands\Server\rewrite.php(43): require_once('FCPATH\\index.php')
CRITICAL - 2023-01-25 14:04:23 --> Call to a member function getError() on null
in APPPATH\Controllers\Saplikasi.php on line 148.
 1 SYSTEMPATH\CodeIgniter.php(904): App\Controllers\Saplikasi->simpandata()
 2 SYSTEMPATH\CodeIgniter.php(457): CodeIgniter\CodeIgniter->runController(Object(App\Controllers\Saplikasi))
 3 SYSTEMPATH\CodeIgniter.php(340): CodeIgniter\CodeIgniter->handleRequest(null, Object(Config\Cache), false)
 4 FCPATH\index.php(67): CodeIgniter\CodeIgniter->run()
 5 SYSTEMPATH\Commands\Server\rewrite.php(43): require_once('FCPATH\\index.php')
CRITICAL - 2023-01-25 14:06:47 --> The original file is not a valid file.
in SYSTEMPATH\HTTP\Files\UploadedFile.php on line 137.
 1 SYSTEMPATH\HTTP\Files\UploadedFile.php(137): CodeIgniter\HTTP\Exceptions\HTTPException::forInvalidFile()
 2 APPPATH\Controllers\Tbuser.php(203): CodeIgniter\HTTP\Files\UploadedFile->move('FCPATH\\img', 'default.png')
 3 SYSTEMPATH\CodeIgniter.php(904): App\Controllers\Tbuser->simpandata()
 4 SYSTEMPATH\CodeIgniter.php(457): CodeIgniter\CodeIgniter->runController(Object(App\Controllers\Tbuser))
 5 SYSTEMPATH\CodeIgniter.php(340): CodeIgniter\CodeIgniter->handleRequest(null, Object(Config\Cache), false)
 6 FCPATH\index.php(67): CodeIgniter\CodeIgniter->run()
 7 SYSTEMPATH\Commands\Server\rewrite.php(43): require_once('FCPATH\\index.php')
CRITICAL - 2023-01-25 14:07:52 --> The original file is not a valid file.
in SYSTEMPATH\HTTP\Files\UploadedFile.php on line 137.
 1 SYSTEMPATH\HTTP\Files\UploadedFile.php(137): CodeIgniter\HTTP\Exceptions\HTTPException::forInvalidFile()
 2 APPPATH\Controllers\Tbuser.php(203): CodeIgniter\HTTP\Files\UploadedFile->move('FCPATH\\img', 'default.png')
 3 SYSTEMPATH\CodeIgniter.php(904): App\Controllers\Tbuser->simpandata()
 4 SYSTEMPATH\CodeIgniter.php(457): CodeIgniter\CodeIgniter->runController(Object(App\Controllers\Tbuser))
 5 SYSTEMPATH\CodeIgniter.php(340): CodeIgniter\CodeIgniter->handleRequest(null, Object(Config\Cache), false)
 6 FCPATH\index.php(67): CodeIgniter\CodeIgniter->run()
 7 SYSTEMPATH\Commands\Server\rewrite.php(43): require_once('FCPATH\\index.php')
CRITICAL - 2023-01-25 14:10:02 --> Call to a member function getError() on null
in APPPATH\Controllers\Saplikasi.php on line 148.
 1 SYSTEMPATH\CodeIgniter.php(904): App\Controllers\Saplikasi->simpandata()
 2 SYSTEMPATH\CodeIgniter.php(457): CodeIgniter\CodeIgniter->runController(Object(App\Controllers\Saplikasi))
 3 SYSTEMPATH\CodeIgniter.php(340): CodeIgniter\CodeIgniter->handleRequest(null, Object(Config\Cache), false)
 4 FCPATH\index.php(67): CodeIgniter\CodeIgniter->run()
 5 SYSTEMPATH\Commands\Server\rewrite.php(43): require_once('FCPATH\\index.php')
CRITICAL - 2023-01-25 14:53:04 --> Call to a member function getError() on null
in APPPATH\Controllers\Saplikasi.php on line 148.
 1 SYSTEMPATH\CodeIgniter.php(904): App\Controllers\Saplikasi->simpandata()
 2 SYSTEMPATH\CodeIgniter.php(457): CodeIgniter\CodeIgniter->runController(Object(App\Controllers\Saplikasi))
 3 SYSTEMPATH\CodeIgniter.php(340): CodeIgniter\CodeIgniter->handleRequest(null, Object(Config\Cache), false)
 4 FCPATH\index.php(67): CodeIgniter\CodeIgniter->run()
 5 SYSTEMPATH\Commands\Server\rewrite.php(43): require_once('FCPATH\\index.php')
CRITICAL - 2023-01-25 14:56:16 --> Call to a member function getError() on null
in APPPATH\Controllers\Saplikasi.php on line 148.
 1 SYSTEMPATH\CodeIgniter.php(904): App\Controllers\Saplikasi->simpandata()
 2 SYSTEMPATH\CodeIgniter.php(457): CodeIgniter\CodeIgniter->runController(Object(App\Controllers\Saplikasi))
 3 SYSTEMPATH\CodeIgniter.php(340): CodeIgniter\CodeIgniter->handleRequest(null, Object(Config\Cache), false)
 4 FCPATH\index.php(67): CodeIgniter\CodeIgniter->run()
 5 SYSTEMPATH\Commands\Server\rewrite.php(43): require_once('FCPATH\\index.php')
CRITICAL - 2023-01-25 14:56:29 --> Call to a member function getError() on null
in APPPATH\Controllers\Saplikasi.php on line 148.
 1 SYSTEMPATH\CodeIgniter.php(904): App\Controllers\Saplikasi->simpandata()
 2 SYSTEMPATH\CodeIgniter.php(457): CodeIgniter\CodeIgniter->runController(Object(App\Controllers\Saplikasi))
 3 SYSTEMPATH\CodeIgniter.php(340): CodeIgniter\CodeIgniter->handleRequest(null, Object(Config\Cache), false)
 4 FCPATH\index.php(67): CodeIgniter\CodeIgniter->run()
 5 SYSTEMPATH\Commands\Server\rewrite.php(43): require_once('FCPATH\\index.php')
CRITICAL - 2023-01-25 15:02:05 --> Call to a member function getError() on null
in APPPATH\Controllers\Saplikasi.php on line 148.
 1 SYSTEMPATH\CodeIgniter.php(904): App\Controllers\Saplikasi->simpandata()
 2 SYSTEMPATH\CodeIgniter.php(457): CodeIgniter\CodeIgniter->runController(Object(App\Controllers\Saplikasi))
 3 SYSTEMPATH\CodeIgniter.php(340): CodeIgniter\CodeIgniter->handleRequest(null, Object(Config\Cache), false)
 4 FCPATH\index.php(67): CodeIgniter\CodeIgniter->run()
 5 SYSTEMPATH\Commands\Server\rewrite.php(43): require_once('FCPATH\\index.php')
ERROR - 2023-01-25 16:19:02 --> mysqli_sql_exception: Column 'npwp' cannot be null in D:\xampp\htdocs\bp\system\Database\MySQLi\Connection.php:292
Stack trace:
#0 D:\xampp\htdocs\bp\system\Database\MySQLi\Connection.php(292): mysqli->query('INSERT INTO `sa...', 0)
#1 D:\xampp\htdocs\bp\system\Database\BaseConnection.php(693): CodeIgniter\Database\MySQLi\Connection->execute('INSERT INTO `sa...')
#2 D:\xampp\htdocs\bp\system\Database\BaseConnection.php(620): CodeIgniter\Database\BaseConnection->simpleQuery('INSERT INTO `sa...')
#3 D:\xampp\htdocs\bp\system\Database\BaseBuilder.php(1916): CodeIgniter\Database\BaseConnection->query('INSERT INTO `sa...', Array, false)
#4 D:\xampp\htdocs\bp\system\Model.php(279): CodeIgniter\Database\BaseBuilder->insert()
#5 D:\xampp\htdocs\bp\system\BaseModel.php(738): CodeIgniter\Model->doInsert(Array)
#6 D:\xampp\htdocs\bp\system\Model.php(667): CodeIgniter\BaseModel->insert(Array, true)
#7 D:\xampp\htdocs\bp\app\Controllers\Saplikasi.php(183): CodeIgniter\Model->insert(Array)
#8 D:\xampp\htdocs\bp\system\CodeIgniter.php(904): App\Controllers\Saplikasi->simpandata()
#9 D:\xampp\htdocs\bp\system\CodeIgniter.php(457): CodeIgniter\CodeIgniter->runController(Object(App\Controllers\Saplikasi))
#10 D:\xampp\htdocs\bp\system\CodeIgniter.php(340): CodeIgniter\CodeIgniter->handleRequest(NULL, Object(Config\Cache), false)
#11 D:\xampp\htdocs\bp\public\index.php(67): CodeIgniter\CodeIgniter->run()
#12 D:\xampp\htdocs\bp\system\Commands\Server\rewrite.php(43): require_once('D:\\xampp\\htdocs...')
#13 {main}
CRITICAL - 2023-01-25 16:19:02 --> Column 'npwp' cannot be null
in SYSTEMPATH\Database\MySQLi\Connection.php on line 292.
 1 SYSTEMPATH\Database\MySQLi\Connection.php(292): mysqli->query('INSERT INTO `saplikasi` (`kd_perusahaan`, `nm_perusahaan`, `alamat`, `telp`, `npwp`, `logo`, `user`, `created_at`, `updated_at`) VALUES (\'aaaaa\', \'aaaa\', \'aaaa\', \'asasas\', NULL, \'1674638342_8003f82f352553bb9b6f.jpg\', \'Edit-Murod-25-01-2023 16:19:02\', \'2023-01-25 16:19:02\', \'2023-01-25 16:19:02\')', 0)
 2 SYSTEMPATH\Database\BaseConnection.php(693): CodeIgniter\Database\MySQLi\Connection->execute('INSERT INTO `saplikasi` (`kd_perusahaan`, `nm_perusahaan`, `alamat`, `telp`, `npwp`, `logo`, `user`, `created_at`, `updated_at`) VALUES (\'aaaaa\', \'aaaa\', \'aaaa\', \'asasas\', NULL, \'1674638342_8003f82f352553bb9b6f.jpg\', \'Edit-Murod-25-01-2023 16:19:02\', \'2023-01-25 16:19:02\', \'2023-01-25 16:19:02\')')
 3 SYSTEMPATH\Database\BaseConnection.php(620): CodeIgniter\Database\BaseConnection->simpleQuery('INSERT INTO `saplikasi` (`kd_perusahaan`, `nm_perusahaan`, `alamat`, `telp`, `npwp`, `logo`, `user`, `created_at`, `updated_at`) VALUES (\'aaaaa\', \'aaaa\', \'aaaa\', \'asasas\', NULL, \'1674638342_8003f82f352553bb9b6f.jpg\', \'Edit-Murod-25-01-2023 16:19:02\', \'2023-01-25 16:19:02\', \'2023-01-25 16:19:02\')')
 4 SYSTEMPATH\Database\BaseBuilder.php(1916): CodeIgniter\Database\BaseConnection->query('INSERT INTO `saplikasi` (`kd_perusahaan`, `nm_perusahaan`, `alamat`, `telp`, `npwp`, `logo`, `user`, `created_at`, `updated_at`) VALUES (:kd_perusahaan:, :nm_perusahaan:, :alamat:, :telp:, :npwp:, :logo:, :user:, :created_at:, :updated_at:)', [...], false)
 5 SYSTEMPATH\Model.php(279): CodeIgniter\Database\BaseBuilder->insert()
 6 SYSTEMPATH\BaseModel.php(738): CodeIgniter\Model->doInsert([...])
 7 SYSTEMPATH\Model.php(667): CodeIgniter\BaseModel->insert([...], true)
 8 APPPATH\Controllers\Saplikasi.php(183): CodeIgniter\Model->insert([...])
 9 SYSTEMPATH\CodeIgniter.php(904): App\Controllers\Saplikasi->simpandata()
10 SYSTEMPATH\CodeIgniter.php(457): CodeIgniter\CodeIgniter->runController(Object(App\Controllers\Saplikasi))
11 SYSTEMPATH\CodeIgniter.php(340): CodeIgniter\CodeIgniter->handleRequest(null, Object(Config\Cache), false)
12 FCPATH\index.php(67): CodeIgniter\CodeIgniter->run()
13 SYSTEMPATH\Commands\Server\rewrite.php(43): require_once('FCPATH\\index.php')
ERROR - 2023-01-25 16:19:40 --> mysqli_sql_exception: Column 'npwp' cannot be null in D:\xampp\htdocs\bp\system\Database\MySQLi\Connection.php:292
Stack trace:
#0 D:\xampp\htdocs\bp\system\Database\MySQLi\Connection.php(292): mysqli->query('INSERT INTO `sa...', 0)
#1 D:\xampp\htdocs\bp\system\Database\BaseConnection.php(693): CodeIgniter\Database\MySQLi\Connection->execute('INSERT INTO `sa...')
#2 D:\xampp\htdocs\bp\system\Database\BaseConnection.php(620): CodeIgniter\Database\BaseConnection->simpleQuery('INSERT INTO `sa...')
#3 D:\xampp\htdocs\bp\system\Database\BaseBuilder.php(1916): CodeIgniter\Database\BaseConnection->query('INSERT INTO `sa...', Array, false)
#4 D:\xampp\htdocs\bp\system\Model.php(279): CodeIgniter\Database\BaseBuilder->insert()
#5 D:\xampp\htdocs\bp\system\BaseModel.php(738): CodeIgniter\Model->doInsert(Array)
#6 D:\xampp\htdocs\bp\system\Model.php(667): CodeIgniter\BaseModel->insert(Array, true)
#7 D:\xampp\htdocs\bp\app\Controllers\Saplikasi.php(183): CodeIgniter\Model->insert(Array)
#8 D:\xampp\htdocs\bp\system\CodeIgniter.php(904): App\Controllers\Saplikasi->simpandata()
#9 D:\xampp\htdocs\bp\system\CodeIgniter.php(457): CodeIgniter\CodeIgniter->runController(Object(App\Controllers\Saplikasi))
#10 D:\xampp\htdocs\bp\system\CodeIgniter.php(340): CodeIgniter\CodeIgniter->handleRequest(NULL, Object(Config\Cache), false)
#11 D:\xampp\htdocs\bp\public\index.php(67): CodeIgniter\CodeIgniter->run()
#12 D:\xampp\htdocs\bp\system\Commands\Server\rewrite.php(43): require_once('D:\\xampp\\htdocs...')
#13 {main}
CRITICAL - 2023-01-25 16:19:40 --> Column 'npwp' cannot be null
in SYSTEMPATH\Database\MySQLi\Connection.php on line 292.
 1 SYSTEMPATH\Database\MySQLi\Connection.php(292): mysqli->query('INSERT INTO `saplikasi` (`kd_perusahaan`, `nm_perusahaan`, `alamat`, `telp`, `npwp`, `logo`, `user`, `created_at`, `updated_at`) VALUES (\'aaaaa\', \'aaaa\', \'aaaa\', \'asasas\', NULL, \'1674638380_53d9e78c0af408449484.jpg\', \'Edit-Murod-25-01-2023 16:19:40\', \'2023-01-25 16:19:40\', \'2023-01-25 16:19:40\')', 0)
 2 SYSTEMPATH\Database\BaseConnection.php(693): CodeIgniter\Database\MySQLi\Connection->execute('INSERT INTO `saplikasi` (`kd_perusahaan`, `nm_perusahaan`, `alamat`, `telp`, `npwp`, `logo`, `user`, `created_at`, `updated_at`) VALUES (\'aaaaa\', \'aaaa\', \'aaaa\', \'asasas\', NULL, \'1674638380_53d9e78c0af408449484.jpg\', \'Edit-Murod-25-01-2023 16:19:40\', \'2023-01-25 16:19:40\', \'2023-01-25 16:19:40\')')
 3 SYSTEMPATH\Database\BaseConnection.php(620): CodeIgniter\Database\BaseConnection->simpleQuery('INSERT INTO `saplikasi` (`kd_perusahaan`, `nm_perusahaan`, `alamat`, `telp`, `npwp`, `logo`, `user`, `created_at`, `updated_at`) VALUES (\'aaaaa\', \'aaaa\', \'aaaa\', \'asasas\', NULL, \'1674638380_53d9e78c0af408449484.jpg\', \'Edit-Murod-25-01-2023 16:19:40\', \'2023-01-25 16:19:40\', \'2023-01-25 16:19:40\')')
 4 SYSTEMPATH\Database\BaseBuilder.php(1916): CodeIgniter\Database\BaseConnection->query('INSERT INTO `saplikasi` (`kd_perusahaan`, `nm_perusahaan`, `alamat`, `telp`, `npwp`, `logo`, `user`, `created_at`, `updated_at`) VALUES (:kd_perusahaan:, :nm_perusahaan:, :alamat:, :telp:, :npwp:, :logo:, :user:, :created_at:, :updated_at:)', [...], false)
 5 SYSTEMPATH\Model.php(279): CodeIgniter\Database\BaseBuilder->insert()
 6 SYSTEMPATH\BaseModel.php(738): CodeIgniter\Model->doInsert([...])
 7 SYSTEMPATH\Model.php(667): CodeIgniter\BaseModel->insert([...], true)
 8 APPPATH\Controllers\Saplikasi.php(183): CodeIgniter\Model->insert([...])
 9 SYSTEMPATH\CodeIgniter.php(904): App\Controllers\Saplikasi->simpandata()
10 SYSTEMPATH\CodeIgniter.php(457): CodeIgniter\CodeIgniter->runController(Object(App\Controllers\Saplikasi))
11 SYSTEMPATH\CodeIgniter.php(340): CodeIgniter\CodeIgniter->handleRequest(null, Object(Config\Cache), false)
12 FCPATH\index.php(67): CodeIgniter\CodeIgniter->run()
13 SYSTEMPATH\Commands\Server\rewrite.php(43): require_once('FCPATH\\index.php')
