CRITICAL - 2023-02-15 11:56:09 --> Invalid file: wo/index.php
in SYSTEMPATH\Exceptions\FrameworkException.php on line 33.
 1 SYSTEMPATH\View\View.php(201): CodeIgniter\Exceptions\FrameworkException::forInvalidFile('wo/index.php')
 2 SYSTEMPATH\Common.php(1142): CodeIgniter\View\View->render('wo/index', [], true)
 3 APPPATH\Controllers\Estimasi.php(48): view('wo/index', [...])
 4 SYSTEMPATH\CodeIgniter.php(904): App\Controllers\Estimasi->index()
 5 SYSTEMPATH\CodeIgniter.php(457): CodeIgniter\CodeIgniter->runController(Object(App\Controllers\Estimasi))
 6 SYSTEMPATH\CodeIgniter.php(340): CodeIgniter\CodeIgniter->handleRequest(null, Object(Config\Cache), false)
 7 FCPATH\index.php(67): CodeIgniter\CodeIgniter->run()
 8 SYSTEMPATH\Commands\Server\rewrite.php(43): require_once('FCPATH\\index.php')
CRITICAL - 2023-02-15 11:57:20 --> Invalid file: wo/index.php
in SYSTEMPATH\Exceptions\FrameworkException.php on line 33.
 1 SYSTEMPATH\View\View.php(201): CodeIgniter\Exceptions\FrameworkException::forInvalidFile('wo/index.php')
 2 SYSTEMPATH\Common.php(1142): CodeIgniter\View\View->render('wo/index', [], true)
 3 APPPATH\Controllers\Wo.php(44): view('wo/index', [...])
 4 SYSTEMPATH\CodeIgniter.php(904): App\Controllers\Wo->index()
 5 SYSTEMPATH\CodeIgniter.php(457): CodeIgniter\CodeIgniter->runController(Object(App\Controllers\Wo))
 6 SYSTEMPATH\CodeIgniter.php(340): CodeIgniter\CodeIgniter->handleRequest(null, Object(Config\Cache), false)
 7 FCPATH\index.php(67): CodeIgniter\CodeIgniter->run()
 8 SYSTEMPATH\Commands\Server\rewrite.php(43): require_once('FCPATH\\index.php')
CRITICAL - 2023-02-15 12:02:50 --> Invalid file: wo/tabel_mobil.php
in SYSTEMPATH\Exceptions\FrameworkException.php on line 33.
 1 SYSTEMPATH\View\View.php(201): CodeIgniter\Exceptions\FrameworkException::forInvalidFile('wo/tabel_mobil.php')
 2 SYSTEMPATH\Common.php(1142): CodeIgniter\View\View->render('wo/tabel_mobil', [], true)
 3 APPPATH\Controllers\Estimasi.php(57): view('wo/tabel_mobil', [...])
 4 SYSTEMPATH\CodeIgniter.php(904): App\Controllers\Estimasi->table_mobil()
 5 SYSTEMPATH\CodeIgniter.php(457): CodeIgniter\CodeIgniter->runController(Object(App\Controllers\Estimasi))
 6 SYSTEMPATH\CodeIgniter.php(340): CodeIgniter\CodeIgniter->handleRequest(null, Object(Config\Cache), false)
 7 FCPATH\index.php(67): CodeIgniter\CodeIgniter->run()
 8 SYSTEMPATH\Commands\Server\rewrite.php(43): require_once('FCPATH\\index.php')
CRITICAL - 2023-02-15 12:03:21 --> Invalid file: wo/tabel_mobil.php
in SYSTEMPATH\Exceptions\FrameworkException.php on line 33.
 1 SYSTEMPATH\View\View.php(201): CodeIgniter\Exceptions\FrameworkException::forInvalidFile('wo/tabel_mobil.php')
 2 SYSTEMPATH\Common.php(1142): CodeIgniter\View\View->render('wo/tabel_mobil', [], true)
 3 APPPATH\Controllers\Estimasi.php(57): view('wo/tabel_mobil', [...])
 4 SYSTEMPATH\CodeIgniter.php(904): App\Controllers\Estimasi->table_mobil()
 5 SYSTEMPATH\CodeIgniter.php(457): CodeIgniter\CodeIgniter->runController(Object(App\Controllers\Estimasi))
 6 SYSTEMPATH\CodeIgniter.php(340): CodeIgniter\CodeIgniter->handleRequest(null, Object(Config\Cache), false)
 7 FCPATH\index.php(67): CodeIgniter\CodeIgniter->run()
 8 SYSTEMPATH\Commands\Server\rewrite.php(43): require_once('FCPATH\\index.php')
CRITICAL - 2023-02-15 12:03:43 --> Invalid file: wo/tabel_mobil.php
in SYSTEMPATH\Exceptions\FrameworkException.php on line 33.
 1 SYSTEMPATH\View\View.php(201): CodeIgniter\Exceptions\FrameworkException::forInvalidFile('wo/tabel_mobil.php')
 2 SYSTEMPATH\Common.php(1142): CodeIgniter\View\View->render('wo/tabel_mobil', [], true)
 3 APPPATH\Controllers\Estimasi.php(57): view('wo/tabel_mobil', [...])
 4 SYSTEMPATH\CodeIgniter.php(904): App\Controllers\Estimasi->table_mobil()
 5 SYSTEMPATH\CodeIgniter.php(457): CodeIgniter\CodeIgniter->runController(Object(App\Controllers\Estimasi))
 6 SYSTEMPATH\CodeIgniter.php(340): CodeIgniter\CodeIgniter->handleRequest(null, Object(Config\Cache), false)
 7 FCPATH\index.php(67): CodeIgniter\CodeIgniter->run()
 8 SYSTEMPATH\Commands\Server\rewrite.php(43): require_once('FCPATH\\index.php')
CRITICAL - 2023-02-15 13:45:17 --> Invalid file: wo/tabel_wo.php
in SYSTEMPATH\Exceptions\FrameworkException.php on line 33.
 1 SYSTEMPATH\View\View.php(201): CodeIgniter\Exceptions\FrameworkException::forInvalidFile('wo/tabel_wo.php')
 2 SYSTEMPATH\Common.php(1142): CodeIgniter\View\View->render('wo/tabel_wo', [], true)
 3 APPPATH\Controllers\Wo.php(494): view('wo/tabel_wo', [...])
 4 SYSTEMPATH\CodeIgniter.php(904): App\Controllers\Wo->table_wo()
 5 SYSTEMPATH\CodeIgniter.php(457): CodeIgniter\CodeIgniter->runController(Object(App\Controllers\Wo))
 6 SYSTEMPATH\CodeIgniter.php(340): CodeIgniter\CodeIgniter->handleRequest(null, Object(Config\Cache), false)
 7 FCPATH\index.php(67): CodeIgniter\CodeIgniter->run()
 8 SYSTEMPATH\Commands\Server\rewrite.php(43): require_once('FCPATH\\index.php')
CRITICAL - 2023-02-15 13:45:20 --> Invalid file: wo/tabel_wo.php
in SYSTEMPATH\Exceptions\FrameworkException.php on line 33.
 1 SYSTEMPATH\View\View.php(201): CodeIgniter\Exceptions\FrameworkException::forInvalidFile('wo/tabel_wo.php')
 2 SYSTEMPATH\Common.php(1142): CodeIgniter\View\View->render('wo/tabel_wo', [], true)
 3 APPPATH\Controllers\Wo.php(494): view('wo/tabel_wo', [...])
 4 SYSTEMPATH\CodeIgniter.php(904): App\Controllers\Wo->table_wo()
 5 SYSTEMPATH\CodeIgniter.php(457): CodeIgniter\CodeIgniter->runController(Object(App\Controllers\Wo))
 6 SYSTEMPATH\CodeIgniter.php(340): CodeIgniter\CodeIgniter->handleRequest(null, Object(Config\Cache), false)
 7 FCPATH\index.php(67): CodeIgniter\CodeIgniter->run()
 8 SYSTEMPATH\Commands\Server\rewrite.php(43): require_once('FCPATH\\index.php')
CRITICAL - 2023-02-15 13:47:17 --> Invalid file: wo/tabel_wo.php
in SYSTEMPATH\Exceptions\FrameworkException.php on line 33.
 1 SYSTEMPATH\View\View.php(201): CodeIgniter\Exceptions\FrameworkException::forInvalidFile('wo/tabel_wo.php')
 2 SYSTEMPATH\Common.php(1142): CodeIgniter\View\View->render('wo/tabel_wo', [], true)
 3 APPPATH\Controllers\Wo.php(494): view('wo/tabel_wo', [...])
 4 SYSTEMPATH\CodeIgniter.php(904): App\Controllers\Wo->table_wo()
 5 SYSTEMPATH\CodeIgniter.php(457): CodeIgniter\CodeIgniter->runController(Object(App\Controllers\Wo))
 6 SYSTEMPATH\CodeIgniter.php(340): CodeIgniter\CodeIgniter->handleRequest(null, Object(Config\Cache), false)
 7 FCPATH\index.php(67): CodeIgniter\CodeIgniter->run()
 8 SYSTEMPATH\Commands\Server\rewrite.php(43): require_once('FCPATH\\index.php')
CRITICAL - 2023-02-15 13:47:23 --> Invalid file: wo/tabel_wo_part.php
in SYSTEMPATH\Exceptions\FrameworkException.php on line 33.
 1 SYSTEMPATH\View\View.php(201): CodeIgniter\Exceptions\FrameworkException::forInvalidFile('wo/tabel_wo_part.php')
 2 SYSTEMPATH\Common.php(1142): CodeIgniter\View\View->render('wo/tabel_wo_part', [], true)
 3 APPPATH\Controllers\Wo.php(123): view('wo/tabel_wo_part', [...])
 4 SYSTEMPATH\CodeIgniter.php(904): App\Controllers\Wo->table_wo_part()
 5 SYSTEMPATH\CodeIgniter.php(457): CodeIgniter\CodeIgniter->runController(Object(App\Controllers\Wo))
 6 SYSTEMPATH\CodeIgniter.php(340): CodeIgniter\CodeIgniter->handleRequest(null, Object(Config\Cache), false)
 7 FCPATH\index.php(67): CodeIgniter\CodeIgniter->run()
 8 SYSTEMPATH\Commands\Server\rewrite.php(43): require_once('FCPATH\\index.php')
CRITICAL - 2023-02-15 13:47:31 --> Invalid file: wo/tabel_wo.php
in SYSTEMPATH\Exceptions\FrameworkException.php on line 33.
 1 SYSTEMPATH\View\View.php(201): CodeIgniter\Exceptions\FrameworkException::forInvalidFile('wo/tabel_wo.php')
 2 SYSTEMPATH\Common.php(1142): CodeIgniter\View\View->render('wo/tabel_wo', [], true)
 3 APPPATH\Controllers\Wo.php(494): view('wo/tabel_wo', [...])
 4 SYSTEMPATH\CodeIgniter.php(904): App\Controllers\Wo->table_wo()
 5 SYSTEMPATH\CodeIgniter.php(457): CodeIgniter\CodeIgniter->runController(Object(App\Controllers\Wo))
 6 SYSTEMPATH\CodeIgniter.php(340): CodeIgniter\CodeIgniter->handleRequest(null, Object(Config\Cache), false)
 7 FCPATH\index.php(67): CodeIgniter\CodeIgniter->run()
 8 SYSTEMPATH\Commands\Server\rewrite.php(43): require_once('FCPATH\\index.php')
CRITICAL - 2023-02-15 13:47:57 --> Invalid file: wo/tabel_wo_part.php
in SYSTEMPATH\Exceptions\FrameworkException.php on line 33.
 1 SYSTEMPATH\View\View.php(201): CodeIgniter\Exceptions\FrameworkException::forInvalidFile('wo/tabel_wo_part.php')
 2 SYSTEMPATH\Common.php(1142): CodeIgniter\View\View->render('wo/tabel_wo_part', [], true)
 3 APPPATH\Controllers\Wo.php(123): view('wo/tabel_wo_part', [...])
 4 SYSTEMPATH\CodeIgniter.php(904): App\Controllers\Wo->table_wo_part()
 5 SYSTEMPATH\CodeIgniter.php(457): CodeIgniter\CodeIgniter->runController(Object(App\Controllers\Wo))
 6 SYSTEMPATH\CodeIgniter.php(340): CodeIgniter\CodeIgniter->handleRequest(null, Object(Config\Cache), false)
 7 FCPATH\index.php(67): CodeIgniter\CodeIgniter->run()
 8 SYSTEMPATH\Commands\Server\rewrite.php(43): require_once('FCPATH\\index.php')
CRITICAL - 2023-02-15 13:48:17 --> Invalid file: wo/tabel_wo.php
in SYSTEMPATH\Exceptions\FrameworkException.php on line 33.
 1 SYSTEMPATH\View\View.php(201): CodeIgniter\Exceptions\FrameworkException::forInvalidFile('wo/tabel_wo.php')
 2 SYSTEMPATH\Common.php(1142): CodeIgniter\View\View->render('wo/tabel_wo', [], true)
 3 APPPATH\Controllers\Wo.php(494): view('wo/tabel_wo', [...])
 4 SYSTEMPATH\CodeIgniter.php(904): App\Controllers\Wo->table_wo()
 5 SYSTEMPATH\CodeIgniter.php(457): CodeIgniter\CodeIgniter->runController(Object(App\Controllers\Wo))
 6 SYSTEMPATH\CodeIgniter.php(340): CodeIgniter\CodeIgniter->handleRequest(null, Object(Config\Cache), false)
 7 FCPATH\index.php(67): CodeIgniter\CodeIgniter->run()
 8 SYSTEMPATH\Commands\Server\rewrite.php(43): require_once('FCPATH\\index.php')
CRITICAL - 2023-02-15 13:59:44 --> Undefined variable $tbagama
in APPPATH\Views\tbbarang\modaledit.php on line 10.
 1 APPPATH\Views\tbbarang\modaledit.php(10): CodeIgniter\Debug\Exceptions->errorHandler(2, 'Undefined variable $tbagama', 'APPPATH\\Views\\tbbarang\\modaledit.php', 10)
 2 SYSTEMPATH\View\View.php(213): include('APPPATH\\Views\\tbbarang\\modaledit.php')
 3 SYSTEMPATH\View\View.php(216): CodeIgniter\View\View->CodeIgniter\View\{closure}()
 4 SYSTEMPATH\Common.php(1142): CodeIgniter\View\View->render('tbbarang/modaledit', [], true)
 5 APPPATH\Controllers\Tbbarang.php(198): view('tbbarang/modaledit', [...])
 6 SYSTEMPATH\CodeIgniter.php(904): App\Controllers\Tbbarang->formedit()
 7 SYSTEMPATH\CodeIgniter.php(457): CodeIgniter\CodeIgniter->runController(Object(App\Controllers\Tbbarang))
 8 SYSTEMPATH\CodeIgniter.php(340): CodeIgniter\CodeIgniter->handleRequest(null, Object(Config\Cache), false)
 9 FCPATH\index.php(67): CodeIgniter\CodeIgniter->run()
10 SYSTEMPATH\Commands\Server\rewrite.php(43): require_once('FCPATH\\index.php')
CRITICAL - 2023-02-15 14:15:35 --> Undefined variable $tbagama
in APPPATH\Views\tbbarang\modaldetail.php on line 10.
 1 APPPATH\Views\tbbarang\modaldetail.php(10): CodeIgniter\Debug\Exceptions->errorHandler(2, 'Undefined variable $tbagama', 'APPPATH\\Views\\tbbarang\\modaldetail.php', 10)
 2 SYSTEMPATH\View\View.php(213): include('APPPATH\\Views\\tbbarang\\modaldetail.php')
 3 SYSTEMPATH\View\View.php(216): CodeIgniter\View\View->CodeIgniter\View\{closure}()
 4 SYSTEMPATH\Common.php(1142): CodeIgniter\View\View->render('tbbarang/modaldetail', [], true)
 5 APPPATH\Controllers\Tbbarang.php(89): view('tbbarang/modaldetail', [...])
 6 SYSTEMPATH\CodeIgniter.php(904): App\Controllers\Tbbarang->formdetail()
 7 SYSTEMPATH\CodeIgniter.php(457): CodeIgniter\CodeIgniter->runController(Object(App\Controllers\Tbbarang))
 8 SYSTEMPATH\CodeIgniter.php(340): CodeIgniter\CodeIgniter->handleRequest(null, Object(Config\Cache), false)
 9 FCPATH\index.php(67): CodeIgniter\CodeIgniter->run()
10 SYSTEMPATH\Commands\Server\rewrite.php(43): require_once('FCPATH\\index.php')
CRITICAL - 2023-02-15 14:21:17 --> Invalid file: wo/tabel_wo.php
in SYSTEMPATH\Exceptions\FrameworkException.php on line 33.
 1 SYSTEMPATH\View\View.php(201): CodeIgniter\Exceptions\FrameworkException::forInvalidFile('wo/tabel_wo.php')
 2 SYSTEMPATH\Common.php(1142): CodeIgniter\View\View->render('wo/tabel_wo', [], true)
 3 APPPATH\Controllers\Wo.php(494): view('wo/tabel_wo', [...])
 4 SYSTEMPATH\CodeIgniter.php(904): App\Controllers\Wo->table_wo()
 5 SYSTEMPATH\CodeIgniter.php(457): CodeIgniter\CodeIgniter->runController(Object(App\Controllers\Wo))
 6 SYSTEMPATH\CodeIgniter.php(340): CodeIgniter\CodeIgniter->handleRequest(null, Object(Config\Cache), false)
 7 FCPATH\index.php(67): CodeIgniter\CodeIgniter->run()
 8 SYSTEMPATH\Commands\Server\rewrite.php(43): require_once('FCPATH\\index.php')
CRITICAL - 2023-02-15 14:34:18 --> Undefined array key "kddisc"
in APPPATH\Views\tbbarang\modaldetail.php on line 46.
 1 APPPATH\Views\tbbarang\modaldetail.php(46): CodeIgniter\Debug\Exceptions->errorHandler(2, 'Undefined array key "kddisc"', 'APPPATH\\Views\\tbbarang\\modaldetail.php', 46)
 2 SYSTEMPATH\View\View.php(213): include('APPPATH\\Views\\tbbarang\\modaldetail.php')
 3 SYSTEMPATH\View\View.php(216): CodeIgniter\View\View->CodeIgniter\View\{closure}()
 4 SYSTEMPATH\Common.php(1142): CodeIgniter\View\View->render('tbbarang/modaldetail', [], true)
 5 APPPATH\Controllers\Tbbarang.php(89): view('tbbarang/modaldetail', [...])
 6 SYSTEMPATH\CodeIgniter.php(904): App\Controllers\Tbbarang->formdetail()
 7 SYSTEMPATH\CodeIgniter.php(457): CodeIgniter\CodeIgniter->runController(Object(App\Controllers\Tbbarang))
 8 SYSTEMPATH\CodeIgniter.php(340): CodeIgniter\CodeIgniter->handleRequest(null, Object(Config\Cache), false)
 9 FCPATH\index.php(67): CodeIgniter\CodeIgniter->run()
10 SYSTEMPATH\Commands\Server\rewrite.php(43): require_once('FCPATH\\index.php')
CRITICAL - 2023-02-15 14:34:34 --> Undefined array key "kddisc"
in APPPATH\Views\tbbarang\modaldetail.php on line 46.
 1 APPPATH\Views\tbbarang\modaldetail.php(46): CodeIgniter\Debug\Exceptions->errorHandler(2, 'Undefined array key "kddisc"', 'APPPATH\\Views\\tbbarang\\modaldetail.php', 46)
 2 SYSTEMPATH\View\View.php(213): include('APPPATH\\Views\\tbbarang\\modaldetail.php')
 3 SYSTEMPATH\View\View.php(216): CodeIgniter\View\View->CodeIgniter\View\{closure}()
 4 SYSTEMPATH\Common.php(1142): CodeIgniter\View\View->render('tbbarang/modaldetail', [], true)
 5 APPPATH\Controllers\Tbbarang.php(89): view('tbbarang/modaldetail', [...])
 6 SYSTEMPATH\CodeIgniter.php(904): App\Controllers\Tbbarang->formdetail()
 7 SYSTEMPATH\CodeIgniter.php(457): CodeIgniter\CodeIgniter->runController(Object(App\Controllers\Tbbarang))
 8 SYSTEMPATH\CodeIgniter.php(340): CodeIgniter\CodeIgniter->handleRequest(null, Object(Config\Cache), false)
 9 FCPATH\index.php(67): CodeIgniter\CodeIgniter->run()
10 SYSTEMPATH\Commands\Server\rewrite.php(43): require_once('FCPATH\\index.php')
CRITICAL - 2023-02-15 14:37:32 --> Undefined variable $tbagama
in APPPATH\Views\tbbarang\modaledit.php on line 10.
 1 APPPATH\Views\tbbarang\modaledit.php(10): CodeIgniter\Debug\Exceptions->errorHandler(2, 'Undefined variable $tbagama', 'APPPATH\\Views\\tbbarang\\modaledit.php', 10)
 2 SYSTEMPATH\View\View.php(213): include('APPPATH\\Views\\tbbarang\\modaledit.php')
 3 SYSTEMPATH\View\View.php(216): CodeIgniter\View\View->CodeIgniter\View\{closure}()
 4 SYSTEMPATH\Common.php(1142): CodeIgniter\View\View->render('tbbarang/modaledit', [], true)
 5 APPPATH\Controllers\Tbbarang.php(205): view('tbbarang/modaledit', [...])
 6 SYSTEMPATH\CodeIgniter.php(904): App\Controllers\Tbbarang->formedit()
 7 SYSTEMPATH\CodeIgniter.php(457): CodeIgniter\CodeIgniter->runController(Object(App\Controllers\Tbbarang))
 8 SYSTEMPATH\CodeIgniter.php(340): CodeIgniter\CodeIgniter->handleRequest(null, Object(Config\Cache), false)
 9 FCPATH\index.php(67): CodeIgniter\CodeIgniter->run()
10 SYSTEMPATH\Commands\Server\rewrite.php(43): require_once('FCPATH\\index.php')
ERROR - 2023-02-15 14:48:33 --> mysqli_sql_exception: Duplicate entry 'AAA' for key 'kode' in D:\xampp\htdocs\bp\system\Database\MySQLi\Connection.php:292
Stack trace:
#0 D:\xampp\htdocs\bp\system\Database\MySQLi\Connection.php(292): mysqli->query('UPDATE `tbbaran...', 0)
#1 D:\xampp\htdocs\bp\system\Database\BaseConnection.php(693): CodeIgniter\Database\MySQLi\Connection->execute('UPDATE `tbbaran...')
#2 D:\xampp\htdocs\bp\system\Database\BaseConnection.php(620): CodeIgniter\Database\BaseConnection->simpleQuery('UPDATE `tbbaran...')
#3 D:\xampp\htdocs\bp\system\Database\BaseBuilder.php(2078): CodeIgniter\Database\BaseConnection->query('UPDATE `tbbaran...', Array, false)
#4 D:\xampp\htdocs\bp\system\Model.php(338): CodeIgniter\Database\BaseBuilder->update()
#5 D:\xampp\htdocs\bp\system\BaseModel.php(865): CodeIgniter\Model->doUpdate(Array, Array)
#6 D:\xampp\htdocs\bp\system\Model.php(693): CodeIgniter\BaseModel->update(Array, Array)
#7 D:\xampp\htdocs\bp\app\Controllers\Tbbarang.php(244): CodeIgniter\Model->update('1864', Array)
#8 D:\xampp\htdocs\bp\system\CodeIgniter.php(904): App\Controllers\Tbbarang->updatedata()
#9 D:\xampp\htdocs\bp\system\CodeIgniter.php(457): CodeIgniter\CodeIgniter->runController(Object(App\Controllers\Tbbarang))
#10 D:\xampp\htdocs\bp\system\CodeIgniter.php(340): CodeIgniter\CodeIgniter->handleRequest(NULL, Object(Config\Cache), false)
#11 D:\xampp\htdocs\bp\public\index.php(67): CodeIgniter\CodeIgniter->run()
#12 D:\xampp\htdocs\bp\system\Commands\Server\rewrite.php(43): require_once('D:\\xampp\\htdocs...')
#13 {main}
CRITICAL - 2023-02-15 14:48:33 --> Duplicate entry 'AAA' for key 'kode'
in SYSTEMPATH\Database\MySQLi\Connection.php on line 292.
 1 SYSTEMPATH\Database\MySQLi\Connection.php(292): mysqli->query('UPDATE `tbbarang` SET `kode` = \'AAA\', `nama` = \'AA\', `lokasi` = \'\', `merek` = \'\', `kdjnbrg` = \'\', `kdsatuan` = \'\', `kdnegara` = \'\', `kdmove` = \'\', `harga_jual` = \'\', `harga_beli` = \'\', `harga_beli_lama` = \'\', `stock_min` = \'\', `stock_mak` = \'\', `user` = \'Edit-test-15-02-2023 14:48:33\', `aktif` = \'N\', `updated_at` = \'2023-02-15 14:48:33\'
WHERE `tbbarang`.`id` IN (\'1864\')', 0)
 2 SYSTEMPATH\Database\BaseConnection.php(693): CodeIgniter\Database\MySQLi\Connection->execute('UPDATE `tbbarang` SET `kode` = \'AAA\', `nama` = \'AA\', `lokasi` = \'\', `merek` = \'\', `kdjnbrg` = \'\', `kdsatuan` = \'\', `kdnegara` = \'\', `kdmove` = \'\', `harga_jual` = \'\', `harga_beli` = \'\', `harga_beli_lama` = \'\', `stock_min` = \'\', `stock_mak` = \'\', `user` = \'Edit-test-15-02-2023 14:48:33\', `aktif` = \'N\', `updated_at` = \'2023-02-15 14:48:33\'
WHERE `tbbarang`.`id` IN (\'1864\')')
 3 SYSTEMPATH\Database\BaseConnection.php(620): CodeIgniter\Database\BaseConnection->simpleQuery('UPDATE `tbbarang` SET `kode` = \'AAA\', `nama` = \'AA\', `lokasi` = \'\', `merek` = \'\', `kdjnbrg` = \'\', `kdsatuan` = \'\', `kdnegara` = \'\', `kdmove` = \'\', `harga_jual` = \'\', `harga_beli` = \'\', `harga_beli_lama` = \'\', `stock_min` = \'\', `stock_mak` = \'\', `user` = \'Edit-test-15-02-2023 14:48:33\', `aktif` = \'N\', `updated_at` = \'2023-02-15 14:48:33\'
WHERE `tbbarang`.`id` IN (\'1864\')')
 4 SYSTEMPATH\Database\BaseBuilder.php(2078): CodeIgniter\Database\BaseConnection->query('UPDATE `tbbarang` SET `kode` = :kode:, `nama` = :nama:, `lokasi` = :lokasi:, `merek` = :merek:, `kdjnbrg` = :kdjnbrg:, `kdsatuan` = :kdsatuan:, `kdnegara` = :kdnegara:, `kdmove` = :kdmove:, `harga_jual` = :harga_jual:, `harga_beli` = :harga_beli:, `harga_beli_lama` = :harga_beli_lama:, `stock_min` = :stock_min:, `stock_mak` = :stock_mak:, `user` = :user:, `aktif` = :aktif:, `updated_at` = :updated_at:
WHERE `tbbarang`.`id` IN :tbbarang.id:', [...], false)
 5 SYSTEMPATH\Model.php(338): CodeIgniter\Database\BaseBuilder->update()
 6 SYSTEMPATH\BaseModel.php(865): CodeIgniter\Model->doUpdate([...], [...])
 7 SYSTEMPATH\Model.php(693): CodeIgniter\BaseModel->update([...], [...])
 8 APPPATH\Controllers\Tbbarang.php(244): CodeIgniter\Model->update('1864', [...])
 9 SYSTEMPATH\CodeIgniter.php(904): App\Controllers\Tbbarang->updatedata()
10 SYSTEMPATH\CodeIgniter.php(457): CodeIgniter\CodeIgniter->runController(Object(App\Controllers\Tbbarang))
11 SYSTEMPATH\CodeIgniter.php(340): CodeIgniter\CodeIgniter->handleRequest(null, Object(Config\Cache), false)
12 FCPATH\index.php(67): CodeIgniter\CodeIgniter->run()
13 SYSTEMPATH\Commands\Server\rewrite.php(43): require_once('FCPATH\\index.php')
ERROR - 2023-02-15 14:48:40 --> mysqli_sql_exception: Duplicate entry 'AAA' for key 'kode' in D:\xampp\htdocs\bp\system\Database\MySQLi\Connection.php:292
Stack trace:
#0 D:\xampp\htdocs\bp\system\Database\MySQLi\Connection.php(292): mysqli->query('UPDATE `tbbaran...', 0)
#1 D:\xampp\htdocs\bp\system\Database\BaseConnection.php(693): CodeIgniter\Database\MySQLi\Connection->execute('UPDATE `tbbaran...')
#2 D:\xampp\htdocs\bp\system\Database\BaseConnection.php(620): CodeIgniter\Database\BaseConnection->simpleQuery('UPDATE `tbbaran...')
#3 D:\xampp\htdocs\bp\system\Database\BaseBuilder.php(2078): CodeIgniter\Database\BaseConnection->query('UPDATE `tbbaran...', Array, false)
#4 D:\xampp\htdocs\bp\system\Model.php(338): CodeIgniter\Database\BaseBuilder->update()
#5 D:\xampp\htdocs\bp\system\BaseModel.php(865): CodeIgniter\Model->doUpdate(Array, Array)
#6 D:\xampp\htdocs\bp\system\Model.php(693): CodeIgniter\BaseModel->update(Array, Array)
#7 D:\xampp\htdocs\bp\app\Controllers\Tbbarang.php(244): CodeIgniter\Model->update('1864', Array)
#8 D:\xampp\htdocs\bp\system\CodeIgniter.php(904): App\Controllers\Tbbarang->updatedata()
#9 D:\xampp\htdocs\bp\system\CodeIgniter.php(457): CodeIgniter\CodeIgniter->runController(Object(App\Controllers\Tbbarang))
#10 D:\xampp\htdocs\bp\system\CodeIgniter.php(340): CodeIgniter\CodeIgniter->handleRequest(NULL, Object(Config\Cache), false)
#11 D:\xampp\htdocs\bp\public\index.php(67): CodeIgniter\CodeIgniter->run()
#12 D:\xampp\htdocs\bp\system\Commands\Server\rewrite.php(43): require_once('D:\\xampp\\htdocs...')
#13 {main}
CRITICAL - 2023-02-15 14:48:40 --> Duplicate entry 'AAA' for key 'kode'
in SYSTEMPATH\Database\MySQLi\Connection.php on line 292.
 1 SYSTEMPATH\Database\MySQLi\Connection.php(292): mysqli->query('UPDATE `tbbarang` SET `kode` = \'AAA\', `nama` = \'AA\', `lokasi` = \'\', `merek` = \'\', `kdjnbrg` = \'\', `kdsatuan` = \'\', `kdnegara` = \'\', `kdmove` = \'\', `harga_jual` = \'\', `harga_beli` = \'\', `harga_beli_lama` = \'\', `stock_min` = \'\', `stock_mak` = \'\', `user` = \'Edit-test-15-02-2023 14:48:40\', `aktif` = \'N\', `updated_at` = \'2023-02-15 14:48:40\'
WHERE `tbbarang`.`id` IN (\'1864\')', 0)
 2 SYSTEMPATH\Database\BaseConnection.php(693): CodeIgniter\Database\MySQLi\Connection->execute('UPDATE `tbbarang` SET `kode` = \'AAA\', `nama` = \'AA\', `lokasi` = \'\', `merek` = \'\', `kdjnbrg` = \'\', `kdsatuan` = \'\', `kdnegara` = \'\', `kdmove` = \'\', `harga_jual` = \'\', `harga_beli` = \'\', `harga_beli_lama` = \'\', `stock_min` = \'\', `stock_mak` = \'\', `user` = \'Edit-test-15-02-2023 14:48:40\', `aktif` = \'N\', `updated_at` = \'2023-02-15 14:48:40\'
WHERE `tbbarang`.`id` IN (\'1864\')')
 3 SYSTEMPATH\Database\BaseConnection.php(620): CodeIgniter\Database\BaseConnection->simpleQuery('UPDATE `tbbarang` SET `kode` = \'AAA\', `nama` = \'AA\', `lokasi` = \'\', `merek` = \'\', `kdjnbrg` = \'\', `kdsatuan` = \'\', `kdnegara` = \'\', `kdmove` = \'\', `harga_jual` = \'\', `harga_beli` = \'\', `harga_beli_lama` = \'\', `stock_min` = \'\', `stock_mak` = \'\', `user` = \'Edit-test-15-02-2023 14:48:40\', `aktif` = \'N\', `updated_at` = \'2023-02-15 14:48:40\'
WHERE `tbbarang`.`id` IN (\'1864\')')
 4 SYSTEMPATH\Database\BaseBuilder.php(2078): CodeIgniter\Database\BaseConnection->query('UPDATE `tbbarang` SET `kode` = :kode:, `nama` = :nama:, `lokasi` = :lokasi:, `merek` = :merek:, `kdjnbrg` = :kdjnbrg:, `kdsatuan` = :kdsatuan:, `kdnegara` = :kdnegara:, `kdmove` = :kdmove:, `harga_jual` = :harga_jual:, `harga_beli` = :harga_beli:, `harga_beli_lama` = :harga_beli_lama:, `stock_min` = :stock_min:, `stock_mak` = :stock_mak:, `user` = :user:, `aktif` = :aktif:, `updated_at` = :updated_at:
WHERE `tbbarang`.`id` IN :tbbarang.id:', [...], false)
 5 SYSTEMPATH\Model.php(338): CodeIgniter\Database\BaseBuilder->update()
 6 SYSTEMPATH\BaseModel.php(865): CodeIgniter\Model->doUpdate([...], [...])
 7 SYSTEMPATH\Model.php(693): CodeIgniter\BaseModel->update([...], [...])
 8 APPPATH\Controllers\Tbbarang.php(244): CodeIgniter\Model->update('1864', [...])
 9 SYSTEMPATH\CodeIgniter.php(904): App\Controllers\Tbbarang->updatedata()
10 SYSTEMPATH\CodeIgniter.php(457): CodeIgniter\CodeIgniter->runController(Object(App\Controllers\Tbbarang))
11 SYSTEMPATH\CodeIgniter.php(340): CodeIgniter\CodeIgniter->handleRequest(null, Object(Config\Cache), false)
12 FCPATH\index.php(67): CodeIgniter\CodeIgniter->run()
13 SYSTEMPATH\Commands\Server\rewrite.php(43): require_once('FCPATH\\index.php')
ERROR - 2023-02-15 14:48:44 --> mysqli_sql_exception: Duplicate entry 'AAA' for key 'kode' in D:\xampp\htdocs\bp\system\Database\MySQLi\Connection.php:292
Stack trace:
#0 D:\xampp\htdocs\bp\system\Database\MySQLi\Connection.php(292): mysqli->query('UPDATE `tbbaran...', 0)
#1 D:\xampp\htdocs\bp\system\Database\BaseConnection.php(693): CodeIgniter\Database\MySQLi\Connection->execute('UPDATE `tbbaran...')
#2 D:\xampp\htdocs\bp\system\Database\BaseConnection.php(620): CodeIgniter\Database\BaseConnection->simpleQuery('UPDATE `tbbaran...')
#3 D:\xampp\htdocs\bp\system\Database\BaseBuilder.php(2078): CodeIgniter\Database\BaseConnection->query('UPDATE `tbbaran...', Array, false)
#4 D:\xampp\htdocs\bp\system\Model.php(338): CodeIgniter\Database\BaseBuilder->update()
#5 D:\xampp\htdocs\bp\system\BaseModel.php(865): CodeIgniter\Model->doUpdate(Array, Array)
#6 D:\xampp\htdocs\bp\system\Model.php(693): CodeIgniter\BaseModel->update(Array, Array)
#7 D:\xampp\htdocs\bp\app\Controllers\Tbbarang.php(244): CodeIgniter\Model->update('1864', Array)
#8 D:\xampp\htdocs\bp\system\CodeIgniter.php(904): App\Controllers\Tbbarang->updatedata()
#9 D:\xampp\htdocs\bp\system\CodeIgniter.php(457): CodeIgniter\CodeIgniter->runController(Object(App\Controllers\Tbbarang))
#10 D:\xampp\htdocs\bp\system\CodeIgniter.php(340): CodeIgniter\CodeIgniter->handleRequest(NULL, Object(Config\Cache), false)
#11 D:\xampp\htdocs\bp\public\index.php(67): CodeIgniter\CodeIgniter->run()
#12 D:\xampp\htdocs\bp\system\Commands\Server\rewrite.php(43): require_once('D:\\xampp\\htdocs...')
#13 {main}
CRITICAL - 2023-02-15 14:48:44 --> Duplicate entry 'AAA' for key 'kode'
in SYSTEMPATH\Database\MySQLi\Connection.php on line 292.
 1 SYSTEMPATH\Database\MySQLi\Connection.php(292): mysqli->query('UPDATE `tbbarang` SET `kode` = \'AAA\', `nama` = \'AA\', `lokasi` = \'\', `merek` = \'\', `kdjnbrg` = \'\', `kdsatuan` = \'\', `kdnegara` = \'\', `kdmove` = \'\', `harga_jual` = \'\', `harga_beli` = \'\', `harga_beli_lama` = \'\', `stock_min` = \'\', `stock_mak` = \'\', `user` = \'Edit-test-15-02-2023 14:48:44\', `aktif` = \'N\', `updated_at` = \'2023-02-15 14:48:44\'
WHERE `tbbarang`.`id` IN (\'1864\')', 0)
 2 SYSTEMPATH\Database\BaseConnection.php(693): CodeIgniter\Database\MySQLi\Connection->execute('UPDATE `tbbarang` SET `kode` = \'AAA\', `nama` = \'AA\', `lokasi` = \'\', `merek` = \'\', `kdjnbrg` = \'\', `kdsatuan` = \'\', `kdnegara` = \'\', `kdmove` = \'\', `harga_jual` = \'\', `harga_beli` = \'\', `harga_beli_lama` = \'\', `stock_min` = \'\', `stock_mak` = \'\', `user` = \'Edit-test-15-02-2023 14:48:44\', `aktif` = \'N\', `updated_at` = \'2023-02-15 14:48:44\'
WHERE `tbbarang`.`id` IN (\'1864\')')
 3 SYSTEMPATH\Database\BaseConnection.php(620): CodeIgniter\Database\BaseConnection->simpleQuery('UPDATE `tbbarang` SET `kode` = \'AAA\', `nama` = \'AA\', `lokasi` = \'\', `merek` = \'\', `kdjnbrg` = \'\', `kdsatuan` = \'\', `kdnegara` = \'\', `kdmove` = \'\', `harga_jual` = \'\', `harga_beli` = \'\', `harga_beli_lama` = \'\', `stock_min` = \'\', `stock_mak` = \'\', `user` = \'Edit-test-15-02-2023 14:48:44\', `aktif` = \'N\', `updated_at` = \'2023-02-15 14:48:44\'
WHERE `tbbarang`.`id` IN (\'1864\')')
 4 SYSTEMPATH\Database\BaseBuilder.php(2078): CodeIgniter\Database\BaseConnection->query('UPDATE `tbbarang` SET `kode` = :kode:, `nama` = :nama:, `lokasi` = :lokasi:, `merek` = :merek:, `kdjnbrg` = :kdjnbrg:, `kdsatuan` = :kdsatuan:, `kdnegara` = :kdnegara:, `kdmove` = :kdmove:, `harga_jual` = :harga_jual:, `harga_beli` = :harga_beli:, `harga_beli_lama` = :harga_beli_lama:, `stock_min` = :stock_min:, `stock_mak` = :stock_mak:, `user` = :user:, `aktif` = :aktif:, `updated_at` = :updated_at:
WHERE `tbbarang`.`id` IN :tbbarang.id:', [...], false)
 5 SYSTEMPATH\Model.php(338): CodeIgniter\Database\BaseBuilder->update()
 6 SYSTEMPATH\BaseModel.php(865): CodeIgniter\Model->doUpdate([...], [...])
 7 SYSTEMPATH\Model.php(693): CodeIgniter\BaseModel->update([...], [...])
 8 APPPATH\Controllers\Tbbarang.php(244): CodeIgniter\Model->update('1864', [...])
 9 SYSTEMPATH\CodeIgniter.php(904): App\Controllers\Tbbarang->updatedata()
10 SYSTEMPATH\CodeIgniter.php(457): CodeIgniter\CodeIgniter->runController(Object(App\Controllers\Tbbarang))
11 SYSTEMPATH\CodeIgniter.php(340): CodeIgniter\CodeIgniter->handleRequest(null, Object(Config\Cache), false)
12 FCPATH\index.php(67): CodeIgniter\CodeIgniter->run()
13 SYSTEMPATH\Commands\Server\rewrite.php(43): require_once('FCPATH\\index.php')
ERROR - 2023-02-15 14:48:47 --> mysqli_sql_exception: Duplicate entry 'AAA' for key 'kode' in D:\xampp\htdocs\bp\system\Database\MySQLi\Connection.php:292
Stack trace:
#0 D:\xampp\htdocs\bp\system\Database\MySQLi\Connection.php(292): mysqli->query('UPDATE `tbbaran...', 0)
#1 D:\xampp\htdocs\bp\system\Database\BaseConnection.php(693): CodeIgniter\Database\MySQLi\Connection->execute('UPDATE `tbbaran...')
#2 D:\xampp\htdocs\bp\system\Database\BaseConnection.php(620): CodeIgniter\Database\BaseConnection->simpleQuery('UPDATE `tbbaran...')
#3 D:\xampp\htdocs\bp\system\Database\BaseBuilder.php(2078): CodeIgniter\Database\BaseConnection->query('UPDATE `tbbaran...', Array, false)
#4 D:\xampp\htdocs\bp\system\Model.php(338): CodeIgniter\Database\BaseBuilder->update()
#5 D:\xampp\htdocs\bp\system\BaseModel.php(865): CodeIgniter\Model->doUpdate(Array, Array)
#6 D:\xampp\htdocs\bp\system\Model.php(693): CodeIgniter\BaseModel->update(Array, Array)
#7 D:\xampp\htdocs\bp\app\Controllers\Tbbarang.php(244): CodeIgniter\Model->update('1864', Array)
#8 D:\xampp\htdocs\bp\system\CodeIgniter.php(904): App\Controllers\Tbbarang->updatedata()
#9 D:\xampp\htdocs\bp\system\CodeIgniter.php(457): CodeIgniter\CodeIgniter->runController(Object(App\Controllers\Tbbarang))
#10 D:\xampp\htdocs\bp\system\CodeIgniter.php(340): CodeIgniter\CodeIgniter->handleRequest(NULL, Object(Config\Cache), false)
#11 D:\xampp\htdocs\bp\public\index.php(67): CodeIgniter\CodeIgniter->run()
#12 D:\xampp\htdocs\bp\system\Commands\Server\rewrite.php(43): require_once('D:\\xampp\\htdocs...')
#13 {main}
CRITICAL - 2023-02-15 14:48:47 --> Duplicate entry 'AAA' for key 'kode'
in SYSTEMPATH\Database\MySQLi\Connection.php on line 292.
 1 SYSTEMPATH\Database\MySQLi\Connection.php(292): mysqli->query('UPDATE `tbbarang` SET `kode` = \'AAA\', `nama` = \'AA\', `lokasi` = \'\', `merek` = \'\', `kdjnbrg` = \'\', `kdsatuan` = \'\', `kdnegara` = \'\', `kdmove` = \'\', `harga_jual` = \'\', `harga_beli` = \'\', `harga_beli_lama` = \'\', `stock_min` = \'\', `stock_mak` = \'\', `user` = \'Edit-test-15-02-2023 14:48:46\', `aktif` = \'N\', `updated_at` = \'2023-02-15 14:48:46\'
WHERE `tbbarang`.`id` IN (\'1864\')', 0)
 2 SYSTEMPATH\Database\BaseConnection.php(693): CodeIgniter\Database\MySQLi\Connection->execute('UPDATE `tbbarang` SET `kode` = \'AAA\', `nama` = \'AA\', `lokasi` = \'\', `merek` = \'\', `kdjnbrg` = \'\', `kdsatuan` = \'\', `kdnegara` = \'\', `kdmove` = \'\', `harga_jual` = \'\', `harga_beli` = \'\', `harga_beli_lama` = \'\', `stock_min` = \'\', `stock_mak` = \'\', `user` = \'Edit-test-15-02-2023 14:48:46\', `aktif` = \'N\', `updated_at` = \'2023-02-15 14:48:46\'
WHERE `tbbarang`.`id` IN (\'1864\')')
 3 SYSTEMPATH\Database\BaseConnection.php(620): CodeIgniter\Database\BaseConnection->simpleQuery('UPDATE `tbbarang` SET `kode` = \'AAA\', `nama` = \'AA\', `lokasi` = \'\', `merek` = \'\', `kdjnbrg` = \'\', `kdsatuan` = \'\', `kdnegara` = \'\', `kdmove` = \'\', `harga_jual` = \'\', `harga_beli` = \'\', `harga_beli_lama` = \'\', `stock_min` = \'\', `stock_mak` = \'\', `user` = \'Edit-test-15-02-2023 14:48:46\', `aktif` = \'N\', `updated_at` = \'2023-02-15 14:48:46\'
WHERE `tbbarang`.`id` IN (\'1864\')')
 4 SYSTEMPATH\Database\BaseBuilder.php(2078): CodeIgniter\Database\BaseConnection->query('UPDATE `tbbarang` SET `kode` = :kode:, `nama` = :nama:, `lokasi` = :lokasi:, `merek` = :merek:, `kdjnbrg` = :kdjnbrg:, `kdsatuan` = :kdsatuan:, `kdnegara` = :kdnegara:, `kdmove` = :kdmove:, `harga_jual` = :harga_jual:, `harga_beli` = :harga_beli:, `harga_beli_lama` = :harga_beli_lama:, `stock_min` = :stock_min:, `stock_mak` = :stock_mak:, `user` = :user:, `aktif` = :aktif:, `updated_at` = :updated_at:
WHERE `tbbarang`.`id` IN :tbbarang.id:', [...], false)
 5 SYSTEMPATH\Model.php(338): CodeIgniter\Database\BaseBuilder->update()
 6 SYSTEMPATH\BaseModel.php(865): CodeIgniter\Model->doUpdate([...], [...])
 7 SYSTEMPATH\Model.php(693): CodeIgniter\BaseModel->update([...], [...])
 8 APPPATH\Controllers\Tbbarang.php(244): CodeIgniter\Model->update('1864', [...])
 9 SYSTEMPATH\CodeIgniter.php(904): App\Controllers\Tbbarang->updatedata()
10 SYSTEMPATH\CodeIgniter.php(457): CodeIgniter\CodeIgniter->runController(Object(App\Controllers\Tbbarang))
11 SYSTEMPATH\CodeIgniter.php(340): CodeIgniter\CodeIgniter->handleRequest(null, Object(Config\Cache), false)
12 FCPATH\index.php(67): CodeIgniter\CodeIgniter->run()
13 SYSTEMPATH\Commands\Server\rewrite.php(43): require_once('FCPATH\\index.php')
CRITICAL - 2023-02-15 14:57:39 --> Cannot use object of type CodeIgniter\Database\MySQLi\Result as array
in APPPATH\Controllers\Tbbarang.php on line 218.
 1 SYSTEMPATH\CodeIgniter.php(904): App\Controllers\Tbbarang->updatedata()
 2 SYSTEMPATH\CodeIgniter.php(457): CodeIgniter\CodeIgniter->runController(Object(App\Controllers\Tbbarang))
 3 SYSTEMPATH\CodeIgniter.php(340): CodeIgniter\CodeIgniter->handleRequest(null, Object(Config\Cache), false)
 4 FCPATH\index.php(67): CodeIgniter\CodeIgniter->run()
 5 SYSTEMPATH\Commands\Server\rewrite.php(43): require_once('FCPATH\\index.php')
CRITICAL - 2023-02-15 15:01:01 --> Cannot use object of type CodeIgniter\Database\MySQLi\Result as array
in APPPATH\Controllers\Tbbarang.php on line 218.
 1 SYSTEMPATH\CodeIgniter.php(904): App\Controllers\Tbbarang->updatedata()
 2 SYSTEMPATH\CodeIgniter.php(457): CodeIgniter\CodeIgniter->runController(Object(App\Controllers\Tbbarang))
 3 SYSTEMPATH\CodeIgniter.php(340): CodeIgniter\CodeIgniter->handleRequest(null, Object(Config\Cache), false)
 4 FCPATH\index.php(67): CodeIgniter\CodeIgniter->run()
 5 SYSTEMPATH\Commands\Server\rewrite.php(43): require_once('FCPATH\\index.php')
ERROR - 2023-02-15 15:05:28 --> mysqli_sql_exception: Duplicate entry 'AAa' for key 'kode' in D:\xampp\htdocs\bp\system\Database\MySQLi\Connection.php:292
Stack trace:
#0 D:\xampp\htdocs\bp\system\Database\MySQLi\Connection.php(292): mysqli->query('UPDATE `tbbaran...', 0)
#1 D:\xampp\htdocs\bp\system\Database\BaseConnection.php(693): CodeIgniter\Database\MySQLi\Connection->execute('UPDATE `tbbaran...')
#2 D:\xampp\htdocs\bp\system\Database\BaseConnection.php(620): CodeIgniter\Database\BaseConnection->simpleQuery('UPDATE `tbbaran...')
#3 D:\xampp\htdocs\bp\system\Database\BaseBuilder.php(2078): CodeIgniter\Database\BaseConnection->query('UPDATE `tbbaran...', Array, false)
#4 D:\xampp\htdocs\bp\system\Model.php(338): CodeIgniter\Database\BaseBuilder->update()
#5 D:\xampp\htdocs\bp\system\BaseModel.php(865): CodeIgniter\Model->doUpdate(Array, Array)
#6 D:\xampp\htdocs\bp\system\Model.php(693): CodeIgniter\BaseModel->update(Array, Array)
#7 D:\xampp\htdocs\bp\app\Controllers\Tbbarang.php(277): CodeIgniter\Model->update('1864', Array)
#8 D:\xampp\htdocs\bp\system\CodeIgniter.php(904): App\Controllers\Tbbarang->updatedata()
#9 D:\xampp\htdocs\bp\system\CodeIgniter.php(457): CodeIgniter\CodeIgniter->runController(Object(App\Controllers\Tbbarang))
#10 D:\xampp\htdocs\bp\system\CodeIgniter.php(340): CodeIgniter\CodeIgniter->handleRequest(NULL, Object(Config\Cache), false)
#11 D:\xampp\htdocs\bp\public\index.php(67): CodeIgniter\CodeIgniter->run()
#12 D:\xampp\htdocs\bp\system\Commands\Server\rewrite.php(43): require_once('D:\\xampp\\htdocs...')
#13 {main}
CRITICAL - 2023-02-15 15:05:28 --> Duplicate entry 'AAa' for key 'kode'
in SYSTEMPATH\Database\MySQLi\Connection.php on line 292.
 1 SYSTEMPATH\Database\MySQLi\Connection.php(292): mysqli->query('UPDATE `tbbarang` SET `kode` = \'AAa\', `nama` = \'AA\', `lokasi` = \'\', `merek` = \'\', `kdjnbrg` = \'\', `kdsatuan` = \'\', `kdnegara` = \'\', `kdmove` = \'\', `harga_jual` = \'\', `harga_beli` = \'\', `harga_beli_lama` = \'\', `stock_min` = \'\', `stock_mak` = \'\', `user` = \'Edit-test-15-02-2023 15:05:28\', `aktif` = \'N\', `updated_at` = \'2023-02-15 15:05:28\'
WHERE `tbbarang`.`id` IN (\'1864\')', 0)
 2 SYSTEMPATH\Database\BaseConnection.php(693): CodeIgniter\Database\MySQLi\Connection->execute('UPDATE `tbbarang` SET `kode` = \'AAa\', `nama` = \'AA\', `lokasi` = \'\', `merek` = \'\', `kdjnbrg` = \'\', `kdsatuan` = \'\', `kdnegara` = \'\', `kdmove` = \'\', `harga_jual` = \'\', `harga_beli` = \'\', `harga_beli_lama` = \'\', `stock_min` = \'\', `stock_mak` = \'\', `user` = \'Edit-test-15-02-2023 15:05:28\', `aktif` = \'N\', `updated_at` = \'2023-02-15 15:05:28\'
WHERE `tbbarang`.`id` IN (\'1864\')')
 3 SYSTEMPATH\Database\BaseConnection.php(620): CodeIgniter\Database\BaseConnection->simpleQuery('UPDATE `tbbarang` SET `kode` = \'AAa\', `nama` = \'AA\', `lokasi` = \'\', `merek` = \'\', `kdjnbrg` = \'\', `kdsatuan` = \'\', `kdnegara` = \'\', `kdmove` = \'\', `harga_jual` = \'\', `harga_beli` = \'\', `harga_beli_lama` = \'\', `stock_min` = \'\', `stock_mak` = \'\', `user` = \'Edit-test-15-02-2023 15:05:28\', `aktif` = \'N\', `updated_at` = \'2023-02-15 15:05:28\'
WHERE `tbbarang`.`id` IN (\'1864\')')
 4 SYSTEMPATH\Database\BaseBuilder.php(2078): CodeIgniter\Database\BaseConnection->query('UPDATE `tbbarang` SET `kode` = :kode:, `nama` = :nama:, `lokasi` = :lokasi:, `merek` = :merek:, `kdjnbrg` = :kdjnbrg:, `kdsatuan` = :kdsatuan:, `kdnegara` = :kdnegara:, `kdmove` = :kdmove:, `harga_jual` = :harga_jual:, `harga_beli` = :harga_beli:, `harga_beli_lama` = :harga_beli_lama:, `stock_min` = :stock_min:, `stock_mak` = :stock_mak:, `user` = :user:, `aktif` = :aktif:, `updated_at` = :updated_at:
WHERE `tbbarang`.`id` IN :tbbarang.id:', [...], false)
 5 SYSTEMPATH\Model.php(338): CodeIgniter\Database\BaseBuilder->update()
 6 SYSTEMPATH\BaseModel.php(865): CodeIgniter\Model->doUpdate([...], [...])
 7 SYSTEMPATH\Model.php(693): CodeIgniter\BaseModel->update([...], [...])
 8 APPPATH\Controllers\Tbbarang.php(277): CodeIgniter\Model->update('1864', [...])
 9 SYSTEMPATH\CodeIgniter.php(904): App\Controllers\Tbbarang->updatedata()
10 SYSTEMPATH\CodeIgniter.php(457): CodeIgniter\CodeIgniter->runController(Object(App\Controllers\Tbbarang))
11 SYSTEMPATH\CodeIgniter.php(340): CodeIgniter\CodeIgniter->handleRequest(null, Object(Config\Cache), false)
12 FCPATH\index.php(67): CodeIgniter\CodeIgniter->run()
13 SYSTEMPATH\Commands\Server\rewrite.php(43): require_once('FCPATH\\index.php')
ERROR - 2023-02-15 15:05:41 --> mysqli_sql_exception: Duplicate entry 'AAa' for key 'kode' in D:\xampp\htdocs\bp\system\Database\MySQLi\Connection.php:292
Stack trace:
#0 D:\xampp\htdocs\bp\system\Database\MySQLi\Connection.php(292): mysqli->query('UPDATE `tbbaran...', 0)
#1 D:\xampp\htdocs\bp\system\Database\BaseConnection.php(693): CodeIgniter\Database\MySQLi\Connection->execute('UPDATE `tbbaran...')
#2 D:\xampp\htdocs\bp\system\Database\BaseConnection.php(620): CodeIgniter\Database\BaseConnection->simpleQuery('UPDATE `tbbaran...')
#3 D:\xampp\htdocs\bp\system\Database\BaseBuilder.php(2078): CodeIgniter\Database\BaseConnection->query('UPDATE `tbbaran...', Array, false)
#4 D:\xampp\htdocs\bp\system\Model.php(338): CodeIgniter\Database\BaseBuilder->update()
#5 D:\xampp\htdocs\bp\system\BaseModel.php(865): CodeIgniter\Model->doUpdate(Array, Array)
#6 D:\xampp\htdocs\bp\system\Model.php(693): CodeIgniter\BaseModel->update(Array, Array)
#7 D:\xampp\htdocs\bp\app\Controllers\Tbbarang.php(277): CodeIgniter\Model->update('1864', Array)
#8 D:\xampp\htdocs\bp\system\CodeIgniter.php(904): App\Controllers\Tbbarang->updatedata()
#9 D:\xampp\htdocs\bp\system\CodeIgniter.php(457): CodeIgniter\CodeIgniter->runController(Object(App\Controllers\Tbbarang))
#10 D:\xampp\htdocs\bp\system\CodeIgniter.php(340): CodeIgniter\CodeIgniter->handleRequest(NULL, Object(Config\Cache), false)
#11 D:\xampp\htdocs\bp\public\index.php(67): CodeIgniter\CodeIgniter->run()
#12 D:\xampp\htdocs\bp\system\Commands\Server\rewrite.php(43): require_once('D:\\xampp\\htdocs...')
#13 {main}
CRITICAL - 2023-02-15 15:05:41 --> Duplicate entry 'AAa' for key 'kode'
in SYSTEMPATH\Database\MySQLi\Connection.php on line 292.
 1 SYSTEMPATH\Database\MySQLi\Connection.php(292): mysqli->query('UPDATE `tbbarang` SET `kode` = \'AAa\', `nama` = \'AA\', `lokasi` = \'\', `merek` = \'\', `kdjnbrg` = \'\', `kdsatuan` = \'\', `kdnegara` = \'\', `kdmove` = \'\', `harga_jual` = \'\', `harga_beli` = \'\', `harga_beli_lama` = \'\', `stock_min` = \'\', `stock_mak` = \'\', `user` = \'Edit-test-15-02-2023 15:05:41\', `aktif` = \'N\', `updated_at` = \'2023-02-15 15:05:41\'
WHERE `tbbarang`.`id` IN (\'1864\')', 0)
 2 SYSTEMPATH\Database\BaseConnection.php(693): CodeIgniter\Database\MySQLi\Connection->execute('UPDATE `tbbarang` SET `kode` = \'AAa\', `nama` = \'AA\', `lokasi` = \'\', `merek` = \'\', `kdjnbrg` = \'\', `kdsatuan` = \'\', `kdnegara` = \'\', `kdmove` = \'\', `harga_jual` = \'\', `harga_beli` = \'\', `harga_beli_lama` = \'\', `stock_min` = \'\', `stock_mak` = \'\', `user` = \'Edit-test-15-02-2023 15:05:41\', `aktif` = \'N\', `updated_at` = \'2023-02-15 15:05:41\'
WHERE `tbbarang`.`id` IN (\'1864\')')
 3 SYSTEMPATH\Database\BaseConnection.php(620): CodeIgniter\Database\BaseConnection->simpleQuery('UPDATE `tbbarang` SET `kode` = \'AAa\', `nama` = \'AA\', `lokasi` = \'\', `merek` = \'\', `kdjnbrg` = \'\', `kdsatuan` = \'\', `kdnegara` = \'\', `kdmove` = \'\', `harga_jual` = \'\', `harga_beli` = \'\', `harga_beli_lama` = \'\', `stock_min` = \'\', `stock_mak` = \'\', `user` = \'Edit-test-15-02-2023 15:05:41\', `aktif` = \'N\', `updated_at` = \'2023-02-15 15:05:41\'
WHERE `tbbarang`.`id` IN (\'1864\')')
 4 SYSTEMPATH\Database\BaseBuilder.php(2078): CodeIgniter\Database\BaseConnection->query('UPDATE `tbbarang` SET `kode` = :kode:, `nama` = :nama:, `lokasi` = :lokasi:, `merek` = :merek:, `kdjnbrg` = :kdjnbrg:, `kdsatuan` = :kdsatuan:, `kdnegara` = :kdnegara:, `kdmove` = :kdmove:, `harga_jual` = :harga_jual:, `harga_beli` = :harga_beli:, `harga_beli_lama` = :harga_beli_lama:, `stock_min` = :stock_min:, `stock_mak` = :stock_mak:, `user` = :user:, `aktif` = :aktif:, `updated_at` = :updated_at:
WHERE `tbbarang`.`id` IN :tbbarang.id:', [...], false)
 5 SYSTEMPATH\Model.php(338): CodeIgniter\Database\BaseBuilder->update()
 6 SYSTEMPATH\BaseModel.php(865): CodeIgniter\Model->doUpdate([...], [...])
 7 SYSTEMPATH\Model.php(693): CodeIgniter\BaseModel->update([...], [...])
 8 APPPATH\Controllers\Tbbarang.php(277): CodeIgniter\Model->update('1864', [...])
 9 SYSTEMPATH\CodeIgniter.php(904): App\Controllers\Tbbarang->updatedata()
10 SYSTEMPATH\CodeIgniter.php(457): CodeIgniter\CodeIgniter->runController(Object(App\Controllers\Tbbarang))
11 SYSTEMPATH\CodeIgniter.php(340): CodeIgniter\CodeIgniter->handleRequest(null, Object(Config\Cache), false)
12 FCPATH\index.php(67): CodeIgniter\CodeIgniter->run()
13 SYSTEMPATH\Commands\Server\rewrite.php(43): require_once('FCPATH\\index.php')
ERROR - 2023-02-15 15:06:32 --> mysqli_sql_exception: Duplicate entry 'AAA' for key 'kode' in D:\xampp\htdocs\bp\system\Database\MySQLi\Connection.php:292
Stack trace:
#0 D:\xampp\htdocs\bp\system\Database\MySQLi\Connection.php(292): mysqli->query('UPDATE `tbbaran...', 0)
#1 D:\xampp\htdocs\bp\system\Database\BaseConnection.php(693): CodeIgniter\Database\MySQLi\Connection->execute('UPDATE `tbbaran...')
#2 D:\xampp\htdocs\bp\system\Database\BaseConnection.php(620): CodeIgniter\Database\BaseConnection->simpleQuery('UPDATE `tbbaran...')
#3 D:\xampp\htdocs\bp\system\Database\BaseBuilder.php(2078): CodeIgniter\Database\BaseConnection->query('UPDATE `tbbaran...', Array, false)
#4 D:\xampp\htdocs\bp\system\Model.php(338): CodeIgniter\Database\BaseBuilder->update()
#5 D:\xampp\htdocs\bp\system\BaseModel.php(865): CodeIgniter\Model->doUpdate(Array, Array)
#6 D:\xampp\htdocs\bp\system\Model.php(693): CodeIgniter\BaseModel->update(Array, Array)
#7 D:\xampp\htdocs\bp\app\Controllers\Tbbarang.php(277): CodeIgniter\Model->update('1864', Array)
#8 D:\xampp\htdocs\bp\system\CodeIgniter.php(904): App\Controllers\Tbbarang->updatedata()
#9 D:\xampp\htdocs\bp\system\CodeIgniter.php(457): CodeIgniter\CodeIgniter->runController(Object(App\Controllers\Tbbarang))
#10 D:\xampp\htdocs\bp\system\CodeIgniter.php(340): CodeIgniter\CodeIgniter->handleRequest(NULL, Object(Config\Cache), false)
#11 D:\xampp\htdocs\bp\public\index.php(67): CodeIgniter\CodeIgniter->run()
#12 D:\xampp\htdocs\bp\system\Commands\Server\rewrite.php(43): require_once('D:\\xampp\\htdocs...')
#13 {main}
CRITICAL - 2023-02-15 15:06:32 --> Duplicate entry 'AAA' for key 'kode'
in SYSTEMPATH\Database\MySQLi\Connection.php on line 292.
 1 SYSTEMPATH\Database\MySQLi\Connection.php(292): mysqli->query('UPDATE `tbbarang` SET `kode` = \'AAA\', `nama` = \'AA\', `lokasi` = \'\', `merek` = \'\', `kdjnbrg` = \'\', `kdsatuan` = \'\', `kdnegara` = \'\', `kdmove` = \'\', `harga_jual` = \'\', `harga_beli` = \'\', `harga_beli_lama` = \'\', `stock_min` = \'\', `stock_mak` = \'\', `user` = \'Edit-test-15-02-2023 15:06:32\', `aktif` = \'N\', `updated_at` = \'2023-02-15 15:06:32\'
WHERE `tbbarang`.`id` IN (\'1864\')', 0)
 2 SYSTEMPATH\Database\BaseConnection.php(693): CodeIgniter\Database\MySQLi\Connection->execute('UPDATE `tbbarang` SET `kode` = \'AAA\', `nama` = \'AA\', `lokasi` = \'\', `merek` = \'\', `kdjnbrg` = \'\', `kdsatuan` = \'\', `kdnegara` = \'\', `kdmove` = \'\', `harga_jual` = \'\', `harga_beli` = \'\', `harga_beli_lama` = \'\', `stock_min` = \'\', `stock_mak` = \'\', `user` = \'Edit-test-15-02-2023 15:06:32\', `aktif` = \'N\', `updated_at` = \'2023-02-15 15:06:32\'
WHERE `tbbarang`.`id` IN (\'1864\')')
 3 SYSTEMPATH\Database\BaseConnection.php(620): CodeIgniter\Database\BaseConnection->simpleQuery('UPDATE `tbbarang` SET `kode` = \'AAA\', `nama` = \'AA\', `lokasi` = \'\', `merek` = \'\', `kdjnbrg` = \'\', `kdsatuan` = \'\', `kdnegara` = \'\', `kdmove` = \'\', `harga_jual` = \'\', `harga_beli` = \'\', `harga_beli_lama` = \'\', `stock_min` = \'\', `stock_mak` = \'\', `user` = \'Edit-test-15-02-2023 15:06:32\', `aktif` = \'N\', `updated_at` = \'2023-02-15 15:06:32\'
WHERE `tbbarang`.`id` IN (\'1864\')')
 4 SYSTEMPATH\Database\BaseBuilder.php(2078): CodeIgniter\Database\BaseConnection->query('UPDATE `tbbarang` SET `kode` = :kode:, `nama` = :nama:, `lokasi` = :lokasi:, `merek` = :merek:, `kdjnbrg` = :kdjnbrg:, `kdsatuan` = :kdsatuan:, `kdnegara` = :kdnegara:, `kdmove` = :kdmove:, `harga_jual` = :harga_jual:, `harga_beli` = :harga_beli:, `harga_beli_lama` = :harga_beli_lama:, `stock_min` = :stock_min:, `stock_mak` = :stock_mak:, `user` = :user:, `aktif` = :aktif:, `updated_at` = :updated_at:
WHERE `tbbarang`.`id` IN :tbbarang.id:', [...], false)
 5 SYSTEMPATH\Model.php(338): CodeIgniter\Database\BaseBuilder->update()
 6 SYSTEMPATH\BaseModel.php(865): CodeIgniter\Model->doUpdate([...], [...])
 7 SYSTEMPATH\Model.php(693): CodeIgniter\BaseModel->update([...], [...])
 8 APPPATH\Controllers\Tbbarang.php(277): CodeIgniter\Model->update('1864', [...])
 9 SYSTEMPATH\CodeIgniter.php(904): App\Controllers\Tbbarang->updatedata()
10 SYSTEMPATH\CodeIgniter.php(457): CodeIgniter\CodeIgniter->runController(Object(App\Controllers\Tbbarang))
11 SYSTEMPATH\CodeIgniter.php(340): CodeIgniter\CodeIgniter->handleRequest(null, Object(Config\Cache), false)
12 FCPATH\index.php(67): CodeIgniter\CodeIgniter->run()
13 SYSTEMPATH\Commands\Server\rewrite.php(43): require_once('FCPATH\\index.php')
CRITICAL - 2023-02-15 15:26:33 --> Undefined array key "kdjnbrg"
in APPPATH\Controllers\Tbbarang.php on line 311.
 1 APPPATH\Controllers\Tbbarang.php(311): CodeIgniter\Debug\Exceptions->errorHandler(2, 'Undefined array key "kdjnbrg"', 'APPPATH\\Controllers\\Tbbarang.php', 311)
 2 SYSTEMPATH\CodeIgniter.php(904): App\Controllers\Tbbarang->ambildatatbjnbrg()
 3 SYSTEMPATH\CodeIgniter.php(457): CodeIgniter\CodeIgniter->runController(Object(App\Controllers\Tbbarang))
 4 SYSTEMPATH\CodeIgniter.php(340): CodeIgniter\CodeIgniter->handleRequest(null, Object(Config\Cache), false)
 5 FCPATH\index.php(67): CodeIgniter\CodeIgniter->run()
 6 SYSTEMPATH\Commands\Server\rewrite.php(43): require_once('FCPATH\\index.php')
CRITICAL - 2023-02-15 15:26:36 --> Undefined array key "kdjnbrg"
in APPPATH\Controllers\Tbbarang.php on line 311.
 1 APPPATH\Controllers\Tbbarang.php(311): CodeIgniter\Debug\Exceptions->errorHandler(2, 'Undefined array key "kdjnbrg"', 'APPPATH\\Controllers\\Tbbarang.php', 311)
 2 SYSTEMPATH\CodeIgniter.php(904): App\Controllers\Tbbarang->ambildatatbjnbrg()
 3 SYSTEMPATH\CodeIgniter.php(457): CodeIgniter\CodeIgniter->runController(Object(App\Controllers\Tbbarang))
 4 SYSTEMPATH\CodeIgniter.php(340): CodeIgniter\CodeIgniter->handleRequest(null, Object(Config\Cache), false)
 5 FCPATH\index.php(67): CodeIgniter\CodeIgniter->run()
 6 SYSTEMPATH\Commands\Server\rewrite.php(43): require_once('FCPATH\\index.php')
CRITICAL - 2023-02-15 15:26:37 --> Undefined array key "kdjnbrg"
in APPPATH\Controllers\Tbbarang.php on line 311.
 1 APPPATH\Controllers\Tbbarang.php(311): CodeIgniter\Debug\Exceptions->errorHandler(2, 'Undefined array key "kdjnbrg"', 'APPPATH\\Controllers\\Tbbarang.php', 311)
 2 SYSTEMPATH\CodeIgniter.php(904): App\Controllers\Tbbarang->ambildatatbjnbrg()
 3 SYSTEMPATH\CodeIgniter.php(457): CodeIgniter\CodeIgniter->runController(Object(App\Controllers\Tbbarang))
 4 SYSTEMPATH\CodeIgniter.php(340): CodeIgniter\CodeIgniter->handleRequest(null, Object(Config\Cache), false)
 5 FCPATH\index.php(67): CodeIgniter\CodeIgniter->run()
 6 SYSTEMPATH\Commands\Server\rewrite.php(43): require_once('FCPATH\\index.php')
CRITICAL - 2023-02-15 16:02:44 --> Undefined array key "kddisc"
in APPPATH\Views\tbbarang\modaledit.php on line 54.
 1 APPPATH\Views\tbbarang\modaledit.php(54): CodeIgniter\Debug\Exceptions->errorHandler(2, 'Undefined array key "kddisc"', 'APPPATH\\Views\\tbbarang\\modaledit.php', 54)
 2 SYSTEMPATH\View\View.php(213): include('APPPATH\\Views\\tbbarang\\modaledit.php')
 3 SYSTEMPATH\View\View.php(216): CodeIgniter\View\View->CodeIgniter\View\{closure}()
 4 SYSTEMPATH\Common.php(1142): CodeIgniter\View\View->render('tbbarang/modaledit', [], true)
 5 APPPATH\Controllers\Tbbarang.php(205): view('tbbarang/modaledit', [...])
 6 SYSTEMPATH\CodeIgniter.php(904): App\Controllers\Tbbarang->formedit()
 7 SYSTEMPATH\CodeIgniter.php(457): CodeIgniter\CodeIgniter->runController(Object(App\Controllers\Tbbarang))
 8 SYSTEMPATH\CodeIgniter.php(340): CodeIgniter\CodeIgniter->handleRequest(null, Object(Config\Cache), false)
 9 FCPATH\index.php(67): CodeIgniter\CodeIgniter->run()
10 SYSTEMPATH\Commands\Server\rewrite.php(43): require_once('FCPATH\\index.php')
CRITICAL - 2023-02-15 16:11:50 --> Undefined array key "nama"
in APPPATH\Controllers\Tbbarang.php on line 453.
 1 APPPATH\Controllers\Tbbarang.php(453): CodeIgniter\Debug\Exceptions->errorHandler(2, 'Undefined array key "nama"', 'APPPATH\\Controllers\\Tbbarang.php', 453)
 2 SYSTEMPATH\CodeIgniter.php(904): App\Controllers\Tbbarang->ambildatatbdisc()
 3 SYSTEMPATH\CodeIgniter.php(457): CodeIgniter\CodeIgniter->runController(Object(App\Controllers\Tbbarang))
 4 SYSTEMPATH\CodeIgniter.php(340): CodeIgniter\CodeIgniter->handleRequest(null, Object(Config\Cache), false)
 5 FCPATH\index.php(67): CodeIgniter\CodeIgniter->run()
 6 SYSTEMPATH\Commands\Server\rewrite.php(43): require_once('FCPATH\\index.php')
CRITICAL - 2023-02-15 21:33:30 --> Optional parameter $katakunci declared before required parameter $request is implicitly treated as a required parameter
in APPPATH\Models\TbbarangModel.php on line 17.
 1 SYSTEMPATH\Autoloader\Autoloader.php(282): CodeIgniter\Debug\Exceptions->errorHandler(8192, 'Optional parameter $katakunci declared before required parameter $request is implicitly treated as a required parameter', 'APPPATH\\Models\\TbbarangModel.php', 17)
 2 SYSTEMPATH\Autoloader\Autoloader.php(282): include_once()
 3 SYSTEMPATH\Autoloader\Autoloader.php(259): CodeIgniter\Autoloader\Autoloader->includeFile('APPPATH\\Models\\TbbarangModel.php')
 4 SYSTEMPATH\Autoloader\Autoloader.php(237): CodeIgniter\Autoloader\Autoloader->loadInNamespace('App\\Models\\TbbarangModel')
 5 APPPATH\Controllers\Tbbarang.php(17): CodeIgniter\Autoloader\Autoloader->loadClass('App\\Models\\TbbarangModel')
 6 SYSTEMPATH\CodeIgniter.php(866): App\Controllers\Tbbarang->__construct()
 7 SYSTEMPATH\CodeIgniter.php(448): CodeIgniter\CodeIgniter->createController()
 8 SYSTEMPATH\CodeIgniter.php(340): CodeIgniter\CodeIgniter->handleRequest(null, Object(Config\Cache), false)
 9 FCPATH\index.php(67): CodeIgniter\CodeIgniter->run()
10 SYSTEMPATH\Commands\Server\rewrite.php(43): require_once('FCPATH\\index.php')
CRITICAL - 2023-02-15 21:34:11 --> Optional parameter $katakunci declared before required parameter $request is implicitly treated as a required parameter
in APPPATH\Models\TbbarangModel.php on line 17.
 1 SYSTEMPATH\Autoloader\Autoloader.php(282): CodeIgniter\Debug\Exceptions->errorHandler(8192, 'Optional parameter $katakunci declared before required parameter $request is implicitly treated as a required parameter', 'APPPATH\\Models\\TbbarangModel.php', 17)
 2 SYSTEMPATH\Autoloader\Autoloader.php(282): include_once()
 3 SYSTEMPATH\Autoloader\Autoloader.php(259): CodeIgniter\Autoloader\Autoloader->includeFile('APPPATH\\Models\\TbbarangModel.php')
 4 SYSTEMPATH\Autoloader\Autoloader.php(237): CodeIgniter\Autoloader\Autoloader->loadInNamespace('App\\Models\\TbbarangModel')
 5 APPPATH\Controllers\Tbbarang.php(17): CodeIgniter\Autoloader\Autoloader->loadClass('App\\Models\\TbbarangModel')
 6 SYSTEMPATH\CodeIgniter.php(866): App\Controllers\Tbbarang->__construct()
 7 SYSTEMPATH\CodeIgniter.php(448): CodeIgniter\CodeIgniter->createController()
 8 SYSTEMPATH\CodeIgniter.php(340): CodeIgniter\CodeIgniter->handleRequest(null, Object(Config\Cache), false)
 9 FCPATH\index.php(67): CodeIgniter\CodeIgniter->run()
10 SYSTEMPATH\Commands\Server\rewrite.php(43): require_once('FCPATH\\index.php')
CRITICAL - 2023-02-15 21:35:39 --> Constant expression contains invalid operations
in APPPATH\Models\TbbarangModel.php on line 17.
 1 [internal function]: CodeIgniter\Debug\Exceptions->shutdownHandler()
CRITICAL - 2023-02-15 21:35:51 --> Constant expression contains invalid operations
in APPPATH\Models\TbbarangModel.php on line 17.
 1 [internal function]: CodeIgniter\Debug\Exceptions->shutdownHandler()
CRITICAL - 2023-02-15 21:36:02 --> Constant expression contains invalid operations
in APPPATH\Models\TbbarangModel.php on line 17.
 1 [internal function]: CodeIgniter\Debug\Exceptions->shutdownHandler()
