CRITICAL - 2022-09-26 02:30:59 --> Undefined array key "kode"
in APPPATH\Views\tbcabang\index.php on line 115.
 1 APPPATH\Views\tbcabang\index.php(115): CodeIgniter\Debug\Exceptions->errorHandler(2, 'Undefined array key "kode"', 'APPPATH\\Views\\tbcabang\\index.php', 115)
 2 SYSTEMPATH\View\View.php(213): include('APPPATH\\Views\\tbcabang\\index.php')
 3 SYSTEMPATH\View\View.php(216): CodeIgniter\View\View->CodeIgniter\View\{closure}()
 4 SYSTEMPATH\Common.php(1142): CodeIgniter\View\View->render('tbcabang/index', [], true)
 5 APPPATH\Controllers\Tbcabang.php(21): view('tbcabang/index', [...])
 6 SYSTEMPATH\CodeIgniter.php(904): App\Controllers\Tbcabang->index()
 7 SYSTEMPATH\CodeIgniter.php(457): CodeIgniter\CodeIgniter->runController(Object(App\Controllers\Tbcabang))
 8 SYSTEMPATH\CodeIgniter.php(340): CodeIgniter\CodeIgniter->handleRequest(null, Object(Config\Cache), false)
 9 FCPATH\index.php(67): CodeIgniter\CodeIgniter->run()
10 SYSTEMPATH\Commands\Server\rewrite.php(43): require_once('FCPATH\\index.php')
CRITICAL - 2022-09-26 02:31:14 --> Undefined array key "kode"
in APPPATH\Views\tbcabang\index.php on line 115.
 1 APPPATH\Views\tbcabang\index.php(115): CodeIgniter\Debug\Exceptions->errorHandler(2, 'Undefined array key "kode"', 'APPPATH\\Views\\tbcabang\\index.php', 115)
 2 SYSTEMPATH\View\View.php(213): include('APPPATH\\Views\\tbcabang\\index.php')
 3 SYSTEMPATH\View\View.php(216): CodeIgniter\View\View->CodeIgniter\View\{closure}()
 4 SYSTEMPATH\Common.php(1142): CodeIgniter\View\View->render('tbcabang/index', [], true)
 5 APPPATH\Controllers\Tbcabang.php(21): view('tbcabang/index', [...])
 6 SYSTEMPATH\CodeIgniter.php(904): App\Controllers\Tbcabang->index()
 7 SYSTEMPATH\CodeIgniter.php(457): CodeIgniter\CodeIgniter->runController(Object(App\Controllers\Tbcabang))
 8 SYSTEMPATH\CodeIgniter.php(340): CodeIgniter\CodeIgniter->handleRequest(null, Object(Config\Cache), false)
 9 FCPATH\index.php(67): CodeIgniter\CodeIgniter->run()
10 SYSTEMPATH\Commands\Server\rewrite.php(43): require_once('FCPATH\\index.php')
CRITICAL - 2022-09-26 02:31:16 --> Undefined array key "kode"
in APPPATH\Views\tbcabang\index.php on line 115.
 1 APPPATH\Views\tbcabang\index.php(115): CodeIgniter\Debug\Exceptions->errorHandler(2, 'Undefined array key "kode"', 'APPPATH\\Views\\tbcabang\\index.php', 115)
 2 SYSTEMPATH\View\View.php(213): include('APPPATH\\Views\\tbcabang\\index.php')
 3 SYSTEMPATH\View\View.php(216): CodeIgniter\View\View->CodeIgniter\View\{closure}()
 4 SYSTEMPATH\Common.php(1142): CodeIgniter\View\View->render('tbcabang/index', [], true)
 5 APPPATH\Controllers\Tbcabang.php(21): view('tbcabang/index', [...])
 6 SYSTEMPATH\CodeIgniter.php(904): App\Controllers\Tbcabang->index()
 7 SYSTEMPATH\CodeIgniter.php(457): CodeIgniter\CodeIgniter->runController(Object(App\Controllers\Tbcabang))
 8 SYSTEMPATH\CodeIgniter.php(340): CodeIgniter\CodeIgniter->handleRequest(null, Object(Config\Cache), false)
 9 FCPATH\index.php(67): CodeIgniter\CodeIgniter->run()
10 SYSTEMPATH\Commands\Server\rewrite.php(43): require_once('FCPATH\\index.php')
CRITICAL - 2022-09-26 02:31:20 --> Undefined array key "kode"
in APPPATH\Views\tbcabang\index.php on line 115.
 1 APPPATH\Views\tbcabang\index.php(115): CodeIgniter\Debug\Exceptions->errorHandler(2, 'Undefined array key "kode"', 'APPPATH\\Views\\tbcabang\\index.php', 115)
 2 SYSTEMPATH\View\View.php(213): include('APPPATH\\Views\\tbcabang\\index.php')
 3 SYSTEMPATH\View\View.php(216): CodeIgniter\View\View->CodeIgniter\View\{closure}()
 4 SYSTEMPATH\Common.php(1142): CodeIgniter\View\View->render('tbcabang/index', [], true)
 5 APPPATH\Controllers\Tbcabang.php(21): view('tbcabang/index', [...])
 6 SYSTEMPATH\CodeIgniter.php(904): App\Controllers\Tbcabang->index()
 7 SYSTEMPATH\CodeIgniter.php(457): CodeIgniter\CodeIgniter->runController(Object(App\Controllers\Tbcabang))
 8 SYSTEMPATH\CodeIgniter.php(340): CodeIgniter\CodeIgniter->handleRequest(null, Object(Config\Cache), false)
 9 FCPATH\index.php(67): CodeIgniter\CodeIgniter->run()
10 SYSTEMPATH\Commands\Server\rewrite.php(43): require_once('FCPATH\\index.php')
CRITICAL - 2022-09-26 02:32:25 --> Undefined array key "kode"
in APPPATH\Views\tbcabang\index.php on line 114.
 1 APPPATH\Views\tbcabang\index.php(114): CodeIgniter\Debug\Exceptions->errorHandler(2, 'Undefined array key "kode"', 'APPPATH\\Views\\tbcabang\\index.php', 114)
 2 SYSTEMPATH\View\View.php(213): include('APPPATH\\Views\\tbcabang\\index.php')
 3 SYSTEMPATH\View\View.php(216): CodeIgniter\View\View->CodeIgniter\View\{closure}()
 4 SYSTEMPATH\Common.php(1142): CodeIgniter\View\View->render('tbcabang/index', [], true)
 5 APPPATH\Controllers\Tbcabang.php(21): view('tbcabang/index', [...])
 6 SYSTEMPATH\CodeIgniter.php(904): App\Controllers\Tbcabang->index()
 7 SYSTEMPATH\CodeIgniter.php(457): CodeIgniter\CodeIgniter->runController(Object(App\Controllers\Tbcabang))
 8 SYSTEMPATH\CodeIgniter.php(340): CodeIgniter\CodeIgniter->handleRequest(null, Object(Config\Cache), false)
 9 FCPATH\index.php(67): CodeIgniter\CodeIgniter->run()
10 SYSTEMPATH\Commands\Server\rewrite.php(43): require_once('FCPATH\\index.php')
CRITICAL - 2022-09-26 02:58:37 --> Undefined variable $d
in APPPATH\Views\tbcabang\index.php on line 102.
 1 APPPATH\Views\tbcabang\index.php(102): CodeIgniter\Debug\Exceptions->errorHandler(2, 'Undefined variable $d', 'APPPATH\\Views\\tbcabang\\index.php', 102)
 2 SYSTEMPATH\View\View.php(213): include('APPPATH\\Views\\tbcabang\\index.php')
 3 SYSTEMPATH\View\View.php(216): CodeIgniter\View\View->CodeIgniter\View\{closure}()
 4 SYSTEMPATH\Common.php(1142): CodeIgniter\View\View->render('tbcabang/index', [], true)
 5 APPPATH\Controllers\Tbcabang.php(21): view('tbcabang/index', [...])
 6 SYSTEMPATH\CodeIgniter.php(904): App\Controllers\Tbcabang->index()
 7 SYSTEMPATH\CodeIgniter.php(457): CodeIgniter\CodeIgniter->runController(Object(App\Controllers\Tbcabang))
 8 SYSTEMPATH\CodeIgniter.php(340): CodeIgniter\CodeIgniter->handleRequest(null, Object(Config\Cache), false)
 9 FCPATH\index.php(67): CodeIgniter\CodeIgniter->run()
10 SYSTEMPATH\Commands\Server\rewrite.php(43): require_once('FCPATH\\index.php')
CRITICAL - 2022-09-26 02:59:17 --> Undefined variable $no
in APPPATH\Views\tbcabang\index.php on line 102.
 1 APPPATH\Views\tbcabang\index.php(102): CodeIgniter\Debug\Exceptions->errorHandler(2, 'Undefined variable $no', 'APPPATH\\Views\\tbcabang\\index.php', 102)
 2 SYSTEMPATH\View\View.php(213): include('APPPATH\\Views\\tbcabang\\index.php')
 3 SYSTEMPATH\View\View.php(216): CodeIgniter\View\View->CodeIgniter\View\{closure}()
 4 SYSTEMPATH\Common.php(1142): CodeIgniter\View\View->render('tbcabang/index', [], true)
 5 APPPATH\Controllers\Tbcabang.php(21): view('tbcabang/index', [...])
 6 SYSTEMPATH\CodeIgniter.php(904): App\Controllers\Tbcabang->index()
 7 SYSTEMPATH\CodeIgniter.php(457): CodeIgniter\CodeIgniter->runController(Object(App\Controllers\Tbcabang))
 8 SYSTEMPATH\CodeIgniter.php(340): CodeIgniter\CodeIgniter->handleRequest(null, Object(Config\Cache), false)
 9 FCPATH\index.php(67): CodeIgniter\CodeIgniter->run()
10 SYSTEMPATH\Commands\Server\rewrite.php(43): require_once('FCPATH\\index.php')
CRITICAL - 2022-09-26 04:05:02 --> Undefined variable $id
in APPPATH\Views\tbcabang\index.php on line 124.
 1 APPPATH\Views\tbcabang\index.php(124): CodeIgniter\Debug\Exceptions->errorHandler(2, 'Undefined variable $id', 'APPPATH\\Views\\tbcabang\\index.php', 124)
 2 SYSTEMPATH\View\View.php(213): include('APPPATH\\Views\\tbcabang\\index.php')
 3 SYSTEMPATH\View\View.php(216): CodeIgniter\View\View->CodeIgniter\View\{closure}()
 4 SYSTEMPATH\Common.php(1142): CodeIgniter\View\View->render('tbcabang/index', [], true)
 5 APPPATH\Controllers\Tbcabang.php(21): view('tbcabang/index', [...])
 6 SYSTEMPATH\CodeIgniter.php(904): App\Controllers\Tbcabang->index()
 7 SYSTEMPATH\CodeIgniter.php(457): CodeIgniter\CodeIgniter->runController(Object(App\Controllers\Tbcabang))
 8 SYSTEMPATH\CodeIgniter.php(340): CodeIgniter\CodeIgniter->handleRequest(null, Object(Config\Cache), false)
 9 FCPATH\index.php(67): CodeIgniter\CodeIgniter->run()
10 SYSTEMPATH\Commands\Server\rewrite.php(43): require_once('FCPATH\\index.php')
CRITICAL - 2022-09-26 04:05:42 --> Undefined variable $id
in APPPATH\Views\tbcabang\index.php on line 124.
 1 APPPATH\Views\tbcabang\index.php(124): CodeIgniter\Debug\Exceptions->errorHandler(2, 'Undefined variable $id', 'APPPATH\\Views\\tbcabang\\index.php', 124)
 2 SYSTEMPATH\View\View.php(213): include('APPPATH\\Views\\tbcabang\\index.php')
 3 SYSTEMPATH\View\View.php(216): CodeIgniter\View\View->CodeIgniter\View\{closure}()
 4 SYSTEMPATH\Common.php(1142): CodeIgniter\View\View->render('tbcabang/index', [], true)
 5 APPPATH\Controllers\Tbcabang.php(21): view('tbcabang/index', [...])
 6 SYSTEMPATH\CodeIgniter.php(904): App\Controllers\Tbcabang->index()
 7 SYSTEMPATH\CodeIgniter.php(457): CodeIgniter\CodeIgniter->runController(Object(App\Controllers\Tbcabang))
 8 SYSTEMPATH\CodeIgniter.php(340): CodeIgniter\CodeIgniter->handleRequest(null, Object(Config\Cache), false)
 9 FCPATH\index.php(67): CodeIgniter\CodeIgniter->run()
10 SYSTEMPATH\Commands\Server\rewrite.php(43): require_once('FCPATH\\index.php')
CRITICAL - 2022-09-26 04:09:02 --> Call to undefined method App\Models\TbcabangModel::gettbcabang
in SYSTEMPATH\Model.php on line 774.
 1 APPPATH\Controllers\Tbcabang.php(97): CodeIgniter\Model->__call('gettbcabang', [...])
 2 SYSTEMPATH\CodeIgniter.php(904): App\Controllers\Tbcabang->edit('15')
 3 SYSTEMPATH\CodeIgniter.php(457): CodeIgniter\CodeIgniter->runController(Object(App\Controllers\Tbcabang))
 4 SYSTEMPATH\CodeIgniter.php(340): CodeIgniter\CodeIgniter->handleRequest(null, Object(Config\Cache), false)
 5 FCPATH\index.php(67): CodeIgniter\CodeIgniter->run()
 6 SYSTEMPATH\Commands\Server\rewrite.php(43): require_once('FCPATH\\index.php')
CRITICAL - 2022-09-26 04:26:00 --> Call to undefined method App\Models\TbcabangModel::gettbcabang
in SYSTEMPATH\Model.php on line 774.
 1 APPPATH\Controllers\Tbcabang.php(105): CodeIgniter\Model->__call('gettbcabang', [...])
 2 SYSTEMPATH\CodeIgniter.php(904): App\Controllers\Tbcabang->update('21')
 3 SYSTEMPATH\CodeIgniter.php(457): CodeIgniter\CodeIgniter->runController(Object(App\Controllers\Tbcabang))
 4 SYSTEMPATH\CodeIgniter.php(340): CodeIgniter\CodeIgniter->handleRequest(null, Object(Config\Cache), false)
 5 FCPATH\index.php(67): CodeIgniter\CodeIgniter->run()
 6 SYSTEMPATH\Commands\Server\rewrite.php(43): require_once('FCPATH\\index.php')
CRITICAL - 2022-09-26 04:26:33 --> strpos(): Argument #3 ($offset) must be contained in argument #1 ($haystack)
in SYSTEMPATH\Validation\Validation.php on line 779.
 1 SYSTEMPATH\Validation\Validation.php(779): strpos('required|is_unique[tbcabang.kode', '|', 33)
 2 SYSTEMPATH\Validation\Validation.php(145): CodeIgniter\Validation\Validation->splitRules([...])
 3 SYSTEMPATH\Controller.php(140): CodeIgniter\Validation\Validation->run()
 4 APPPATH\Controllers\Tbcabang.php(120): CodeIgniter\Controller->validate([...])
 5 SYSTEMPATH\CodeIgniter.php(904): App\Controllers\Tbcabang->update('21')
 6 SYSTEMPATH\CodeIgniter.php(457): CodeIgniter\CodeIgniter->runController(Object(App\Controllers\Tbcabang))
 7 SYSTEMPATH\CodeIgniter.php(340): CodeIgniter\CodeIgniter->handleRequest(null, Object(Config\Cache), false)
 8 FCPATH\index.php(67): CodeIgniter\CodeIgniter->run()
 9 SYSTEMPATH\Commands\Server\rewrite.php(43): require_once('FCPATH\\index.php')
CRITICAL - 2022-09-26 04:28:28 --> Undefined array key "kode"
in APPPATH\Controllers\Tbcabang.php on line 106.
 1 APPPATH\Controllers\Tbcabang.php(106): CodeIgniter\Debug\Exceptions->errorHandler(2, 'Undefined array key "kode"', 'APPPATH\\Controllers\\Tbcabang.php', 106)
 2 SYSTEMPATH\CodeIgniter.php(904): App\Controllers\Tbcabang->update('21')
 3 SYSTEMPATH\CodeIgniter.php(457): CodeIgniter\CodeIgniter->runController(Object(App\Controllers\Tbcabang))
 4 SYSTEMPATH\CodeIgniter.php(340): CodeIgniter\CodeIgniter->handleRequest(null, Object(Config\Cache), false)
 5 FCPATH\index.php(67): CodeIgniter\CodeIgniter->run()
 6 SYSTEMPATH\Commands\Server\rewrite.php(43): require_once('FCPATH\\index.php')
CRITICAL - 2022-09-26 04:30:55 --> strpos(): Argument #3 ($offset) must be contained in argument #1 ($haystack)
in SYSTEMPATH\Validation\Validation.php on line 779.
 1 SYSTEMPATH\Validation\Validation.php(779): strpos('required|is_unique[tbcabang.kode', '|', 33)
 2 SYSTEMPATH\Validation\Validation.php(145): CodeIgniter\Validation\Validation->splitRules([...])
 3 SYSTEMPATH\Controller.php(140): CodeIgniter\Validation\Validation->run()
 4 APPPATH\Controllers\Tbcabang.php(120): CodeIgniter\Controller->validate([...])
 5 SYSTEMPATH\CodeIgniter.php(904): App\Controllers\Tbcabang->update('21')
 6 SYSTEMPATH\CodeIgniter.php(457): CodeIgniter\CodeIgniter->runController(Object(App\Controllers\Tbcabang))
 7 SYSTEMPATH\CodeIgniter.php(340): CodeIgniter\CodeIgniter->handleRequest(null, Object(Config\Cache), false)
 8 FCPATH\index.php(67): CodeIgniter\CodeIgniter->run()
 9 SYSTEMPATH\Commands\Server\rewrite.php(43): require_once('FCPATH\\index.php')
CRITICAL - 2022-09-26 04:35:06 --> Trying to access array offset on value of type null
in APPPATH\Controllers\Tbcabang.php on line 106.
 1 APPPATH\Controllers\Tbcabang.php(106): CodeIgniter\Debug\Exceptions->errorHandler(2, 'Trying to access array offset on value of type null', 'APPPATH\\Controllers\\Tbcabang.php', 106)
 2 SYSTEMPATH\CodeIgniter.php(904): App\Controllers\Tbcabang->update('15')
 3 SYSTEMPATH\CodeIgniter.php(457): CodeIgniter\CodeIgniter->runController(Object(App\Controllers\Tbcabang))
 4 SYSTEMPATH\CodeIgniter.php(340): CodeIgniter\CodeIgniter->handleRequest(null, Object(Config\Cache), false)
 5 FCPATH\index.php(67): CodeIgniter\CodeIgniter->run()
 6 SYSTEMPATH\Commands\Server\rewrite.php(43): require_once('FCPATH\\index.php')
CRITICAL - 2022-09-26 04:35:22 --> Trying to access array offset on value of type null
in APPPATH\Controllers\Tbcabang.php on line 106.
 1 APPPATH\Controllers\Tbcabang.php(106): CodeIgniter\Debug\Exceptions->errorHandler(2, 'Trying to access array offset on value of type null', 'APPPATH\\Controllers\\Tbcabang.php', 106)
 2 SYSTEMPATH\CodeIgniter.php(904): App\Controllers\Tbcabang->update('15')
 3 SYSTEMPATH\CodeIgniter.php(457): CodeIgniter\CodeIgniter->runController(Object(App\Controllers\Tbcabang))
 4 SYSTEMPATH\CodeIgniter.php(340): CodeIgniter\CodeIgniter->handleRequest(null, Object(Config\Cache), false)
 5 FCPATH\index.php(67): CodeIgniter\CodeIgniter->run()
 6 SYSTEMPATH\Commands\Server\rewrite.php(43): require_once('FCPATH\\index.php')
CRITICAL - 2022-09-26 04:35:34 --> Trying to access array offset on value of type null
in APPPATH\Controllers\Tbcabang.php on line 106.
 1 APPPATH\Controllers\Tbcabang.php(106): CodeIgniter\Debug\Exceptions->errorHandler(2, 'Trying to access array offset on value of type null', 'APPPATH\\Controllers\\Tbcabang.php', 106)
 2 SYSTEMPATH\CodeIgniter.php(904): App\Controllers\Tbcabang->update('15')
 3 SYSTEMPATH\CodeIgniter.php(457): CodeIgniter\CodeIgniter->runController(Object(App\Controllers\Tbcabang))
 4 SYSTEMPATH\CodeIgniter.php(340): CodeIgniter\CodeIgniter->handleRequest(null, Object(Config\Cache), false)
 5 FCPATH\index.php(67): CodeIgniter\CodeIgniter->run()
 6 SYSTEMPATH\Commands\Server\rewrite.php(43): require_once('FCPATH\\index.php')
CRITICAL - 2022-09-26 04:36:22 --> Trying to access array offset on value of type null
in APPPATH\Controllers\Tbcabang.php on line 106.
 1 APPPATH\Controllers\Tbcabang.php(106): CodeIgniter\Debug\Exceptions->errorHandler(2, 'Trying to access array offset on value of type null', 'APPPATH\\Controllers\\Tbcabang.php', 106)
 2 SYSTEMPATH\CodeIgniter.php(904): App\Controllers\Tbcabang->update('15')
 3 SYSTEMPATH\CodeIgniter.php(457): CodeIgniter\CodeIgniter->runController(Object(App\Controllers\Tbcabang))
 4 SYSTEMPATH\CodeIgniter.php(340): CodeIgniter\CodeIgniter->handleRequest(null, Object(Config\Cache), false)
 5 FCPATH\index.php(67): CodeIgniter\CodeIgniter->run()
 6 SYSTEMPATH\Commands\Server\rewrite.php(43): require_once('FCPATH\\index.php')
CRITICAL - 2022-09-26 04:36:35 --> Trying to access array offset on value of type null
in APPPATH\Controllers\Tbcabang.php on line 106.
 1 APPPATH\Controllers\Tbcabang.php(106): CodeIgniter\Debug\Exceptions->errorHandler(2, 'Trying to access array offset on value of type null', 'APPPATH\\Controllers\\Tbcabang.php', 106)
 2 SYSTEMPATH\CodeIgniter.php(904): App\Controllers\Tbcabang->update('15')
 3 SYSTEMPATH\CodeIgniter.php(457): CodeIgniter\CodeIgniter->runController(Object(App\Controllers\Tbcabang))
 4 SYSTEMPATH\CodeIgniter.php(340): CodeIgniter\CodeIgniter->handleRequest(null, Object(Config\Cache), false)
 5 FCPATH\index.php(67): CodeIgniter\CodeIgniter->run()
 6 SYSTEMPATH\Commands\Server\rewrite.php(43): require_once('FCPATH\\index.php')
CRITICAL - 2022-09-26 04:37:31 --> Trying to access array offset on value of type null
in APPPATH\Controllers\Tbcabang.php on line 113.
 1 APPPATH\Controllers\Tbcabang.php(113): CodeIgniter\Debug\Exceptions->errorHandler(2, 'Trying to access array offset on value of type null', 'APPPATH\\Controllers\\Tbcabang.php', 113)
 2 SYSTEMPATH\CodeIgniter.php(904): App\Controllers\Tbcabang->update('15')
 3 SYSTEMPATH\CodeIgniter.php(457): CodeIgniter\CodeIgniter->runController(Object(App\Controllers\Tbcabang))
 4 SYSTEMPATH\CodeIgniter.php(340): CodeIgniter\CodeIgniter->handleRequest(null, Object(Config\Cache), false)
 5 FCPATH\index.php(67): CodeIgniter\CodeIgniter->run()
 6 SYSTEMPATH\Commands\Server\rewrite.php(43): require_once('FCPATH\\index.php')
CRITICAL - 2022-09-26 04:38:46 --> Trying to access array offset on value of type null
in APPPATH\Controllers\Tbcabang.php on line 107.
 1 APPPATH\Controllers\Tbcabang.php(107): CodeIgniter\Debug\Exceptions->errorHandler(2, 'Trying to access array offset on value of type null', 'APPPATH\\Controllers\\Tbcabang.php', 107)
 2 SYSTEMPATH\CodeIgniter.php(904): App\Controllers\Tbcabang->update('15')
 3 SYSTEMPATH\CodeIgniter.php(457): CodeIgniter\CodeIgniter->runController(Object(App\Controllers\Tbcabang))
 4 SYSTEMPATH\CodeIgniter.php(340): CodeIgniter\CodeIgniter->handleRequest(null, Object(Config\Cache), false)
 5 FCPATH\index.php(67): CodeIgniter\CodeIgniter->run()
 6 SYSTEMPATH\Commands\Server\rewrite.php(43): require_once('FCPATH\\index.php')
CRITICAL - 2022-09-26 04:44:00 --> Trying to access array offset on value of type null
in APPPATH\Views\tbcabang\edit.php on line 24.
 1 APPPATH\Views\tbcabang\edit.php(24): CodeIgniter\Debug\Exceptions->errorHandler(2, 'Trying to access array offset on value of type null', 'APPPATH\\Views\\tbcabang\\edit.php', 24)
 2 SYSTEMPATH\View\View.php(213): include('APPPATH\\Views\\tbcabang\\edit.php')
 3 SYSTEMPATH\View\View.php(216): CodeIgniter\View\View->CodeIgniter\View\{closure}()
 4 SYSTEMPATH\Common.php(1142): CodeIgniter\View\View->render('tbcabang/edit', [], true)
 5 APPPATH\Controllers\Tbcabang.php(99): view('tbcabang/edit', [...])
 6 SYSTEMPATH\CodeIgniter.php(904): App\Controllers\Tbcabang->edit('15')
 7 SYSTEMPATH\CodeIgniter.php(457): CodeIgniter\CodeIgniter->runController(Object(App\Controllers\Tbcabang))
 8 SYSTEMPATH\CodeIgniter.php(340): CodeIgniter\CodeIgniter->handleRequest(null, Object(Config\Cache), false)
 9 FCPATH\index.php(67): CodeIgniter\CodeIgniter->run()
10 SYSTEMPATH\Commands\Server\rewrite.php(43): require_once('FCPATH\\index.php')
CRITICAL - 2022-09-26 04:44:10 --> Trying to access array offset on value of type null
in APPPATH\Views\tbcabang\edit.php on line 24.
 1 APPPATH\Views\tbcabang\edit.php(24): CodeIgniter\Debug\Exceptions->errorHandler(2, 'Trying to access array offset on value of type null', 'APPPATH\\Views\\tbcabang\\edit.php', 24)
 2 SYSTEMPATH\View\View.php(213): include('APPPATH\\Views\\tbcabang\\edit.php')
 3 SYSTEMPATH\View\View.php(216): CodeIgniter\View\View->CodeIgniter\View\{closure}()
 4 SYSTEMPATH\Common.php(1142): CodeIgniter\View\View->render('tbcabang/edit', [], true)
 5 APPPATH\Controllers\Tbcabang.php(99): view('tbcabang/edit', [...])
 6 SYSTEMPATH\CodeIgniter.php(904): App\Controllers\Tbcabang->edit('15')
 7 SYSTEMPATH\CodeIgniter.php(457): CodeIgniter\CodeIgniter->runController(Object(App\Controllers\Tbcabang))
 8 SYSTEMPATH\CodeIgniter.php(340): CodeIgniter\CodeIgniter->handleRequest(null, Object(Config\Cache), false)
 9 FCPATH\index.php(67): CodeIgniter\CodeIgniter->run()
10 SYSTEMPATH\Commands\Server\rewrite.php(43): require_once('FCPATH\\index.php')
CRITICAL - 2022-09-26 04:44:39 --> Trying to access array offset on value of type null
in APPPATH\Views\tbcabang\edit.php on line 24.
 1 APPPATH\Views\tbcabang\edit.php(24): CodeIgniter\Debug\Exceptions->errorHandler(2, 'Trying to access array offset on value of type null', 'APPPATH\\Views\\tbcabang\\edit.php', 24)
 2 SYSTEMPATH\View\View.php(213): include('APPPATH\\Views\\tbcabang\\edit.php')
 3 SYSTEMPATH\View\View.php(216): CodeIgniter\View\View->CodeIgniter\View\{closure}()
 4 SYSTEMPATH\Common.php(1142): CodeIgniter\View\View->render('tbcabang/edit', [], true)
 5 APPPATH\Controllers\Tbcabang.php(99): view('tbcabang/edit', [...])
 6 SYSTEMPATH\CodeIgniter.php(904): App\Controllers\Tbcabang->edit('15')
 7 SYSTEMPATH\CodeIgniter.php(457): CodeIgniter\CodeIgniter->runController(Object(App\Controllers\Tbcabang))
 8 SYSTEMPATH\CodeIgniter.php(340): CodeIgniter\CodeIgniter->handleRequest(null, Object(Config\Cache), false)
 9 FCPATH\index.php(67): CodeIgniter\CodeIgniter->run()
10 SYSTEMPATH\Commands\Server\rewrite.php(43): require_once('FCPATH\\index.php')
CRITICAL - 2022-09-26 04:44:46 --> Trying to access array offset on value of type null
in APPPATH\Views\tbcabang\edit.php on line 24.
 1 APPPATH\Views\tbcabang\edit.php(24): CodeIgniter\Debug\Exceptions->errorHandler(2, 'Trying to access array offset on value of type null', 'APPPATH\\Views\\tbcabang\\edit.php', 24)
 2 SYSTEMPATH\View\View.php(213): include('APPPATH\\Views\\tbcabang\\edit.php')
 3 SYSTEMPATH\View\View.php(216): CodeIgniter\View\View->CodeIgniter\View\{closure}()
 4 SYSTEMPATH\Common.php(1142): CodeIgniter\View\View->render('tbcabang/edit', [], true)
 5 APPPATH\Controllers\Tbcabang.php(99): view('tbcabang/edit', [...])
 6 SYSTEMPATH\CodeIgniter.php(904): App\Controllers\Tbcabang->edit('15')
 7 SYSTEMPATH\CodeIgniter.php(457): CodeIgniter\CodeIgniter->runController(Object(App\Controllers\Tbcabang))
 8 SYSTEMPATH\CodeIgniter.php(340): CodeIgniter\CodeIgniter->handleRequest(null, Object(Config\Cache), false)
 9 FCPATH\index.php(67): CodeIgniter\CodeIgniter->run()
10 SYSTEMPATH\Commands\Server\rewrite.php(43): require_once('FCPATH\\index.php')
CRITICAL - 2022-09-26 04:47:21 --> Trying to access array offset on value of type null
in APPPATH\Controllers\Tbcabang.php on line 107.
 1 APPPATH\Controllers\Tbcabang.php(107): CodeIgniter\Debug\Exceptions->errorHandler(2, 'Trying to access array offset on value of type null', 'APPPATH\\Controllers\\Tbcabang.php', 107)
 2 SYSTEMPATH\CodeIgniter.php(904): App\Controllers\Tbcabang->update('Ciputat')
 3 SYSTEMPATH\CodeIgniter.php(457): CodeIgniter\CodeIgniter->runController(Object(App\Controllers\Tbcabang))
 4 SYSTEMPATH\CodeIgniter.php(340): CodeIgniter\CodeIgniter->handleRequest(null, Object(Config\Cache), false)
 5 FCPATH\index.php(67): CodeIgniter\CodeIgniter->run()
 6 SYSTEMPATH\Commands\Server\rewrite.php(43): require_once('FCPATH\\index.php')
CRITICAL - 2022-09-26 04:47:35 --> Trying to access array offset on value of type null
in APPPATH\Controllers\Tbcabang.php on line 113.
 1 APPPATH\Controllers\Tbcabang.php(113): CodeIgniter\Debug\Exceptions->errorHandler(2, 'Trying to access array offset on value of type null', 'APPPATH\\Controllers\\Tbcabang.php', 113)
 2 SYSTEMPATH\CodeIgniter.php(904): App\Controllers\Tbcabang->update('Ciputat')
 3 SYSTEMPATH\CodeIgniter.php(457): CodeIgniter\CodeIgniter->runController(Object(App\Controllers\Tbcabang))
 4 SYSTEMPATH\CodeIgniter.php(340): CodeIgniter\CodeIgniter->handleRequest(null, Object(Config\Cache), false)
 5 FCPATH\index.php(67): CodeIgniter\CodeIgniter->run()
 6 SYSTEMPATH\Commands\Server\rewrite.php(43): require_once('FCPATH\\index.php')
CRITICAL - 2022-09-26 04:47:48 --> strpos(): Argument #3 ($offset) must be contained in argument #1 ($haystack)
in SYSTEMPATH\Validation\Validation.php on line 779.
 1 SYSTEMPATH\Validation\Validation.php(779): strpos('required|is_unique[tbcabang.nama', '|', 33)
 2 SYSTEMPATH\Validation\Validation.php(145): CodeIgniter\Validation\Validation->splitRules([...])
 3 SYSTEMPATH\Controller.php(140): CodeIgniter\Validation\Validation->run()
 4 APPPATH\Controllers\Tbcabang.php(124): CodeIgniter\Controller->validate([...])
 5 SYSTEMPATH\CodeIgniter.php(904): App\Controllers\Tbcabang->update('Ciputat')
 6 SYSTEMPATH\CodeIgniter.php(457): CodeIgniter\CodeIgniter->runController(Object(App\Controllers\Tbcabang))
 7 SYSTEMPATH\CodeIgniter.php(340): CodeIgniter\CodeIgniter->handleRequest(null, Object(Config\Cache), false)
 8 FCPATH\index.php(67): CodeIgniter\CodeIgniter->run()
 9 SYSTEMPATH\Commands\Server\rewrite.php(43): require_once('FCPATH\\index.php')
CRITICAL - 2022-09-26 04:50:01 --> Trying to access array offset on value of type null
in APPPATH\Controllers\Tbcabang.php on line 107.
 1 APPPATH\Controllers\Tbcabang.php(107): CodeIgniter\Debug\Exceptions->errorHandler(2, 'Trying to access array offset on value of type null', 'APPPATH\\Controllers\\Tbcabang.php', 107)
 2 SYSTEMPATH\CodeIgniter.php(904): App\Controllers\Tbcabang->update('Ciputat')
 3 SYSTEMPATH\CodeIgniter.php(457): CodeIgniter\CodeIgniter->runController(Object(App\Controllers\Tbcabang))
 4 SYSTEMPATH\CodeIgniter.php(340): CodeIgniter\CodeIgniter->handleRequest(null, Object(Config\Cache), false)
 5 FCPATH\index.php(67): CodeIgniter\CodeIgniter->run()
 6 SYSTEMPATH\Commands\Server\rewrite.php(43): require_once('FCPATH\\index.php')
CRITICAL - 2022-09-26 04:51:54 --> Trying to access array offset on value of type null
in APPPATH\Controllers\Tbcabang.php on line 114.
 1 APPPATH\Controllers\Tbcabang.php(114): CodeIgniter\Debug\Exceptions->errorHandler(2, 'Trying to access array offset on value of type null', 'APPPATH\\Controllers\\Tbcabang.php', 114)
 2 SYSTEMPATH\CodeIgniter.php(904): App\Controllers\Tbcabang->update('Ciputat')
 3 SYSTEMPATH\CodeIgniter.php(457): CodeIgniter\CodeIgniter->runController(Object(App\Controllers\Tbcabang))
 4 SYSTEMPATH\CodeIgniter.php(340): CodeIgniter\CodeIgniter->handleRequest(null, Object(Config\Cache), false)
 5 FCPATH\index.php(67): CodeIgniter\CodeIgniter->run()
 6 SYSTEMPATH\Commands\Server\rewrite.php(43): require_once('FCPATH\\index.php')
CRITICAL - 2022-09-26 04:53:05 --> Trying to access array offset on value of type null
in APPPATH\Controllers\Tbcabang.php on line 114.
 1 APPPATH\Controllers\Tbcabang.php(114): CodeIgniter\Debug\Exceptions->errorHandler(2, 'Trying to access array offset on value of type null', 'APPPATH\\Controllers\\Tbcabang.php', 114)
 2 SYSTEMPATH\CodeIgniter.php(904): App\Controllers\Tbcabang->update('Ciputat')
 3 SYSTEMPATH\CodeIgniter.php(457): CodeIgniter\CodeIgniter->runController(Object(App\Controllers\Tbcabang))
 4 SYSTEMPATH\CodeIgniter.php(340): CodeIgniter\CodeIgniter->handleRequest(null, Object(Config\Cache), false)
 5 FCPATH\index.php(67): CodeIgniter\CodeIgniter->run()
 6 SYSTEMPATH\Commands\Server\rewrite.php(43): require_once('FCPATH\\index.php')
CRITICAL - 2022-09-26 04:53:56 --> Trying to access array offset on value of type null
in APPPATH\Controllers\Tbcabang.php on line 114.
 1 APPPATH\Controllers\Tbcabang.php(114): CodeIgniter\Debug\Exceptions->errorHandler(2, 'Trying to access array offset on value of type null', 'APPPATH\\Controllers\\Tbcabang.php', 114)
 2 SYSTEMPATH\CodeIgniter.php(904): App\Controllers\Tbcabang->update('Ciputat')
 3 SYSTEMPATH\CodeIgniter.php(457): CodeIgniter\CodeIgniter->runController(Object(App\Controllers\Tbcabang))
 4 SYSTEMPATH\CodeIgniter.php(340): CodeIgniter\CodeIgniter->handleRequest(null, Object(Config\Cache), false)
 5 FCPATH\index.php(67): CodeIgniter\CodeIgniter->run()
 6 SYSTEMPATH\Commands\Server\rewrite.php(43): require_once('FCPATH\\index.php')
CRITICAL - 2022-09-26 04:54:01 --> Trying to access array offset on value of type null
in APPPATH\Controllers\Tbcabang.php on line 114.
 1 APPPATH\Controllers\Tbcabang.php(114): CodeIgniter\Debug\Exceptions->errorHandler(2, 'Trying to access array offset on value of type null', 'APPPATH\\Controllers\\Tbcabang.php', 114)
 2 SYSTEMPATH\CodeIgniter.php(904): App\Controllers\Tbcabang->update('15')
 3 SYSTEMPATH\CodeIgniter.php(457): CodeIgniter\CodeIgniter->runController(Object(App\Controllers\Tbcabang))
 4 SYSTEMPATH\CodeIgniter.php(340): CodeIgniter\CodeIgniter->handleRequest(null, Object(Config\Cache), false)
 5 FCPATH\index.php(67): CodeIgniter\CodeIgniter->run()
 6 SYSTEMPATH\Commands\Server\rewrite.php(43): require_once('FCPATH\\index.php')
CRITICAL - 2022-09-26 04:56:40 --> Undefined variable $namalama
in APPPATH\Controllers\Tbcabang.php on line 115.
 1 APPPATH\Controllers\Tbcabang.php(115): CodeIgniter\Debug\Exceptions->errorHandler(2, 'Undefined variable $namalama', 'APPPATH\\Controllers\\Tbcabang.php', 115)
 2 SYSTEMPATH\CodeIgniter.php(904): App\Controllers\Tbcabang->update('15')
 3 SYSTEMPATH\CodeIgniter.php(457): CodeIgniter\CodeIgniter->runController(Object(App\Controllers\Tbcabang))
 4 SYSTEMPATH\CodeIgniter.php(340): CodeIgniter\CodeIgniter->handleRequest(null, Object(Config\Cache), false)
 5 FCPATH\index.php(67): CodeIgniter\CodeIgniter->run()
 6 SYSTEMPATH\Commands\Server\rewrite.php(43): require_once('FCPATH\\index.php')
CRITICAL - 2022-09-26 04:56:59 --> Undefined variable $namaLama
in APPPATH\Controllers\Tbcabang.php on line 116.
 1 APPPATH\Controllers\Tbcabang.php(116): CodeIgniter\Debug\Exceptions->errorHandler(2, 'Undefined variable $namaLama', 'APPPATH\\Controllers\\Tbcabang.php', 116)
 2 SYSTEMPATH\CodeIgniter.php(904): App\Controllers\Tbcabang->update('15')
 3 SYSTEMPATH\CodeIgniter.php(457): CodeIgniter\CodeIgniter->runController(Object(App\Controllers\Tbcabang))
 4 SYSTEMPATH\CodeIgniter.php(340): CodeIgniter\CodeIgniter->handleRequest(null, Object(Config\Cache), false)
 5 FCPATH\index.php(67): CodeIgniter\CodeIgniter->run()
 6 SYSTEMPATH\Commands\Server\rewrite.php(43): require_once('FCPATH\\index.php')
CRITICAL - 2022-09-26 04:59:41 --> strpos(): Argument #3 ($offset) must be contained in argument #1 ($haystack)
in SYSTEMPATH\Validation\Validation.php on line 779.
 1 SYSTEMPATH\Validation\Validation.php(779): strpos('required|is_unique[tbcabang.nama', '|', 33)
 2 SYSTEMPATH\Validation\Validation.php(145): CodeIgniter\Validation\Validation->splitRules([...])
 3 SYSTEMPATH\Controller.php(140): CodeIgniter\Validation\Validation->run()
 4 APPPATH\Controllers\Tbcabang.php(123): CodeIgniter\Controller->validate([...])
 5 SYSTEMPATH\CodeIgniter.php(904): App\Controllers\Tbcabang->update('15')
 6 SYSTEMPATH\CodeIgniter.php(457): CodeIgniter\CodeIgniter->runController(Object(App\Controllers\Tbcabang))
 7 SYSTEMPATH\CodeIgniter.php(340): CodeIgniter\CodeIgniter->handleRequest(null, Object(Config\Cache), false)
 8 FCPATH\index.php(67): CodeIgniter\CodeIgniter->run()
 9 SYSTEMPATH\Commands\Server\rewrite.php(43): require_once('FCPATH\\index.php')
CRITICAL - 2022-09-26 05:06:14 --> Trying to access array offset on value of type null
in APPPATH\Controllers\Tbcabang.php on line 107.
 1 APPPATH\Controllers\Tbcabang.php(107): CodeIgniter\Debug\Exceptions->errorHandler(2, 'Trying to access array offset on value of type null', 'APPPATH\\Controllers\\Tbcabang.php', 107)
 2 SYSTEMPATH\CodeIgniter.php(904): App\Controllers\Tbcabang->update('21')
 3 SYSTEMPATH\CodeIgniter.php(457): CodeIgniter\CodeIgniter->runController(Object(App\Controllers\Tbcabang))
 4 SYSTEMPATH\CodeIgniter.php(340): CodeIgniter\CodeIgniter->handleRequest(null, Object(Config\Cache), false)
 5 FCPATH\index.php(67): CodeIgniter\CodeIgniter->run()
 6 SYSTEMPATH\Commands\Server\rewrite.php(43): require_once('FCPATH\\index.php')
CRITICAL - 2022-09-26 05:06:32 --> Trying to access array offset on value of type null
in APPPATH\Controllers\Tbcabang.php on line 107.
 1 APPPATH\Controllers\Tbcabang.php(107): CodeIgniter\Debug\Exceptions->errorHandler(2, 'Trying to access array offset on value of type null', 'APPPATH\\Controllers\\Tbcabang.php', 107)
 2 SYSTEMPATH\CodeIgniter.php(904): App\Controllers\Tbcabang->update('21')
 3 SYSTEMPATH\CodeIgniter.php(457): CodeIgniter\CodeIgniter->runController(Object(App\Controllers\Tbcabang))
 4 SYSTEMPATH\CodeIgniter.php(340): CodeIgniter\CodeIgniter->handleRequest(null, Object(Config\Cache), false)
 5 FCPATH\index.php(67): CodeIgniter\CodeIgniter->run()
 6 SYSTEMPATH\Commands\Server\rewrite.php(43): require_once('FCPATH\\index.php')
CRITICAL - 2022-09-26 05:07:12 --> Trying to access array offset on value of type null
in APPPATH\Controllers\Tbcabang.php on line 107.
 1 APPPATH\Controllers\Tbcabang.php(107): CodeIgniter\Debug\Exceptions->errorHandler(2, 'Trying to access array offset on value of type null', 'APPPATH\\Controllers\\Tbcabang.php', 107)
 2 SYSTEMPATH\CodeIgniter.php(904): App\Controllers\Tbcabang->update('21')
 3 SYSTEMPATH\CodeIgniter.php(457): CodeIgniter\CodeIgniter->runController(Object(App\Controllers\Tbcabang))
 4 SYSTEMPATH\CodeIgniter.php(340): CodeIgniter\CodeIgniter->handleRequest(null, Object(Config\Cache), false)
 5 FCPATH\index.php(67): CodeIgniter\CodeIgniter->run()
 6 SYSTEMPATH\Commands\Server\rewrite.php(43): require_once('FCPATH\\index.php')
CRITICAL - 2022-09-26 05:07:42 --> Trying to access array offset on value of type null
in APPPATH\Controllers\Tbcabang.php on line 107.
 1 APPPATH\Controllers\Tbcabang.php(107): CodeIgniter\Debug\Exceptions->errorHandler(2, 'Trying to access array offset on value of type null', 'APPPATH\\Controllers\\Tbcabang.php', 107)
 2 SYSTEMPATH\CodeIgniter.php(904): App\Controllers\Tbcabang->update('21')
 3 SYSTEMPATH\CodeIgniter.php(457): CodeIgniter\CodeIgniter->runController(Object(App\Controllers\Tbcabang))
 4 SYSTEMPATH\CodeIgniter.php(340): CodeIgniter\CodeIgniter->handleRequest(null, Object(Config\Cache), false)
 5 FCPATH\index.php(67): CodeIgniter\CodeIgniter->run()
 6 SYSTEMPATH\Commands\Server\rewrite.php(43): require_once('FCPATH\\index.php')
CRITICAL - 2022-09-26 05:08:25 --> strpos(): Argument #3 ($offset) must be contained in argument #1 ($haystack)
in SYSTEMPATH\Validation\Validation.php on line 779.
 1 SYSTEMPATH\Validation\Validation.php(779): strpos('required|is_unique[tbcabang.kode', '|', 33)
 2 SYSTEMPATH\Validation\Validation.php(145): CodeIgniter\Validation\Validation->splitRules([...])
 3 SYSTEMPATH\Controller.php(140): CodeIgniter\Validation\Validation->run()
 4 APPPATH\Controllers\Tbcabang.php(116): CodeIgniter\Controller->validate([...])
 5 SYSTEMPATH\CodeIgniter.php(904): App\Controllers\Tbcabang->update('21')
 6 SYSTEMPATH\CodeIgniter.php(457): CodeIgniter\CodeIgniter->runController(Object(App\Controllers\Tbcabang))
 7 SYSTEMPATH\CodeIgniter.php(340): CodeIgniter\CodeIgniter->handleRequest(null, Object(Config\Cache), false)
 8 FCPATH\index.php(67): CodeIgniter\CodeIgniter->run()
 9 SYSTEMPATH\Commands\Server\rewrite.php(43): require_once('FCPATH\\index.php')
CRITICAL - 2022-09-26 05:08:54 --> strpos(): Argument #3 ($offset) must be contained in argument #1 ($haystack)
in SYSTEMPATH\Validation\Validation.php on line 779.
 1 SYSTEMPATH\Validation\Validation.php(779): strpos('required|is_unique[tbcabang.kode', '|', 33)
 2 SYSTEMPATH\Validation\Validation.php(145): CodeIgniter\Validation\Validation->splitRules([...])
 3 SYSTEMPATH\Controller.php(140): CodeIgniter\Validation\Validation->run()
 4 APPPATH\Controllers\Tbcabang.php(116): CodeIgniter\Controller->validate([...])
 5 SYSTEMPATH\CodeIgniter.php(904): App\Controllers\Tbcabang->update('21')
 6 SYSTEMPATH\CodeIgniter.php(457): CodeIgniter\CodeIgniter->runController(Object(App\Controllers\Tbcabang))
 7 SYSTEMPATH\CodeIgniter.php(340): CodeIgniter\CodeIgniter->handleRequest(null, Object(Config\Cache), false)
 8 FCPATH\index.php(67): CodeIgniter\CodeIgniter->run()
 9 SYSTEMPATH\Commands\Server\rewrite.php(43): require_once('FCPATH\\index.php')
CRITICAL - 2022-09-26 05:11:27 --> strpos(): Argument #3 ($offset) must be contained in argument #1 ($haystack)
in SYSTEMPATH\Validation\Validation.php on line 779.
 1 SYSTEMPATH\Validation\Validation.php(779): strpos('required|is_unique[tbcabang.kode', '|', 33)
 2 SYSTEMPATH\Validation\Validation.php(145): CodeIgniter\Validation\Validation->splitRules([...])
 3 SYSTEMPATH\Controller.php(140): CodeIgniter\Validation\Validation->run()
 4 APPPATH\Controllers\Tbcabang.php(117): CodeIgniter\Controller->validate([...])
 5 SYSTEMPATH\CodeIgniter.php(904): App\Controllers\Tbcabang->update('21')
 6 SYSTEMPATH\CodeIgniter.php(457): CodeIgniter\CodeIgniter->runController(Object(App\Controllers\Tbcabang))
 7 SYSTEMPATH\CodeIgniter.php(340): CodeIgniter\CodeIgniter->handleRequest(null, Object(Config\Cache), false)
 8 FCPATH\index.php(67): CodeIgniter\CodeIgniter->run()
 9 SYSTEMPATH\Commands\Server\rewrite.php(43): require_once('FCPATH\\index.php')
CRITICAL - 2022-09-26 05:11:58 --> strpos(): Argument #3 ($offset) must be contained in argument #1 ($haystack)
in SYSTEMPATH\Validation\Validation.php on line 779.
 1 SYSTEMPATH\Validation\Validation.php(779): strpos('required|is_unique[tbcabang.kode', '|', 33)
 2 SYSTEMPATH\Validation\Validation.php(145): CodeIgniter\Validation\Validation->splitRules([...])
 3 SYSTEMPATH\Controller.php(140): CodeIgniter\Validation\Validation->run()
 4 APPPATH\Controllers\Tbcabang.php(117): CodeIgniter\Controller->validate([...])
 5 SYSTEMPATH\CodeIgniter.php(904): App\Controllers\Tbcabang->update('21')
 6 SYSTEMPATH\CodeIgniter.php(457): CodeIgniter\CodeIgniter->runController(Object(App\Controllers\Tbcabang))
 7 SYSTEMPATH\CodeIgniter.php(340): CodeIgniter\CodeIgniter->handleRequest(null, Object(Config\Cache), false)
 8 FCPATH\index.php(67): CodeIgniter\CodeIgniter->run()
 9 SYSTEMPATH\Commands\Server\rewrite.php(43): require_once('FCPATH\\index.php')
CRITICAL - 2022-09-26 05:13:39 --> strpos(): Argument #3 ($offset) must be contained in argument #1 ($haystack)
in SYSTEMPATH\Validation\Validation.php on line 779.
 1 SYSTEMPATH\Validation\Validation.php(779): strpos('required|is_unique[tbcabang.kode', '|', 33)
 2 SYSTEMPATH\Validation\Validation.php(145): CodeIgniter\Validation\Validation->splitRules([...])
 3 SYSTEMPATH\Controller.php(140): CodeIgniter\Validation\Validation->run()
 4 APPPATH\Controllers\Tbcabang.php(117): CodeIgniter\Controller->validate([...])
 5 SYSTEMPATH\CodeIgniter.php(904): App\Controllers\Tbcabang->update('21')
 6 SYSTEMPATH\CodeIgniter.php(457): CodeIgniter\CodeIgniter->runController(Object(App\Controllers\Tbcabang))
 7 SYSTEMPATH\CodeIgniter.php(340): CodeIgniter\CodeIgniter->handleRequest(null, Object(Config\Cache), false)
 8 FCPATH\index.php(67): CodeIgniter\CodeIgniter->run()
 9 SYSTEMPATH\Commands\Server\rewrite.php(43): require_once('FCPATH\\index.php')
CRITICAL - 2022-09-26 05:17:26 --> strpos(): Argument #3 ($offset) must be contained in argument #1 ($haystack)
in SYSTEMPATH\Validation\Validation.php on line 779.
 1 SYSTEMPATH\Validation\Validation.php(779): strpos('required|is_unique[tbcabang.kode', '|', 33)
 2 SYSTEMPATH\Validation\Validation.php(145): CodeIgniter\Validation\Validation->splitRules([...])
 3 SYSTEMPATH\Controller.php(140): CodeIgniter\Validation\Validation->run()
 4 APPPATH\Controllers\Tbcabang.php(117): CodeIgniter\Controller->validate([...])
 5 SYSTEMPATH\CodeIgniter.php(904): App\Controllers\Tbcabang->update('21')
 6 SYSTEMPATH\CodeIgniter.php(457): CodeIgniter\CodeIgniter->runController(Object(App\Controllers\Tbcabang))
 7 SYSTEMPATH\CodeIgniter.php(340): CodeIgniter\CodeIgniter->handleRequest(null, Object(Config\Cache), false)
 8 FCPATH\index.php(67): CodeIgniter\CodeIgniter->run()
 9 SYSTEMPATH\Commands\Server\rewrite.php(43): require_once('FCPATH\\index.php')
ERROR - 2022-09-26 23:03:47 --> mysqli_sql_exception: Column 'user' cannot be null in D:\xampp\htdocs\ci4sbadmin704\system\Database\MySQLi\Connection.php:292
Stack trace:
#0 D:\xampp\htdocs\ci4sbadmin704\system\Database\MySQLi\Connection.php(292): mysqli->query('INSERT INTO `tb...', 0)
#1 D:\xampp\htdocs\ci4sbadmin704\system\Database\BaseConnection.php(693): CodeIgniter\Database\MySQLi\Connection->execute('INSERT INTO `tb...')
#2 D:\xampp\htdocs\ci4sbadmin704\system\Database\BaseConnection.php(620): CodeIgniter\Database\BaseConnection->simpleQuery('INSERT INTO `tb...')
#3 D:\xampp\htdocs\ci4sbadmin704\system\Database\BaseBuilder.php(1916): CodeIgniter\Database\BaseConnection->query('INSERT INTO `tb...', Array, false)
#4 D:\xampp\htdocs\ci4sbadmin704\system\Model.php(279): CodeIgniter\Database\BaseBuilder->insert()
#5 D:\xampp\htdocs\ci4sbadmin704\system\BaseModel.php(738): CodeIgniter\Model->doInsert(Array)
#6 D:\xampp\htdocs\ci4sbadmin704\system\Model.php(667): CodeIgniter\BaseModel->insert(Array, false)
#7 D:\xampp\htdocs\ci4sbadmin704\system\BaseModel.php(658): CodeIgniter\Model->insert(Array, false)
#8 D:\xampp\htdocs\ci4sbadmin704\app\Controllers\Tbcabang.php(77): CodeIgniter\BaseModel->save(Array)
#9 D:\xampp\htdocs\ci4sbadmin704\system\CodeIgniter.php(904): App\Controllers\Tbcabang->save()
#10 D:\xampp\htdocs\ci4sbadmin704\system\CodeIgniter.php(457): CodeIgniter\CodeIgniter->runController(Object(App\Controllers\Tbcabang))
#11 D:\xampp\htdocs\ci4sbadmin704\system\CodeIgniter.php(340): CodeIgniter\CodeIgniter->handleRequest(NULL, Object(Config\Cache), false)
#12 D:\xampp\htdocs\ci4sbadmin704\public\index.php(67): CodeIgniter\CodeIgniter->run()
#13 D:\xampp\htdocs\ci4sbadmin704\system\Commands\Server\rewrite.php(43): require_once('D:\\xampp\\htdocs...')
#14 {main}
CRITICAL - 2022-09-26 23:03:47 --> Column 'user' cannot be null
in SYSTEMPATH\Database\MySQLi\Connection.php on line 292.
 1 SYSTEMPATH\Database\MySQLi\Connection.php(292): mysqli->query('INSERT INTO `tbcabang` (`kode`, `nama`, `user`, `created_at`, `updated_at`) VALUES (\'www\', \'www\', NULL, \'2022-09-26 23:03:47\', \'2022-09-26 23:03:47\')', 0)
 2 SYSTEMPATH\Database\BaseConnection.php(693): CodeIgniter\Database\MySQLi\Connection->execute('INSERT INTO `tbcabang` (`kode`, `nama`, `user`, `created_at`, `updated_at`) VALUES (\'www\', \'www\', NULL, \'2022-09-26 23:03:47\', \'2022-09-26 23:03:47\')')
 3 SYSTEMPATH\Database\BaseConnection.php(620): CodeIgniter\Database\BaseConnection->simpleQuery('INSERT INTO `tbcabang` (`kode`, `nama`, `user`, `created_at`, `updated_at`) VALUES (\'www\', \'www\', NULL, \'2022-09-26 23:03:47\', \'2022-09-26 23:03:47\')')
 4 SYSTEMPATH\Database\BaseBuilder.php(1916): CodeIgniter\Database\BaseConnection->query('INSERT INTO `tbcabang` (`kode`, `nama`, `user`, `created_at`, `updated_at`) VALUES (:kode:, :nama:, :user:, :created_at:, :updated_at:)', [...], false)
 5 SYSTEMPATH\Model.php(279): CodeIgniter\Database\BaseBuilder->insert()
 6 SYSTEMPATH\BaseModel.php(738): CodeIgniter\Model->doInsert([...])
 7 SYSTEMPATH\Model.php(667): CodeIgniter\BaseModel->insert([...], false)
 8 SYSTEMPATH\BaseModel.php(658): CodeIgniter\Model->insert([...], false)
 9 APPPATH\Controllers\Tbcabang.php(77): CodeIgniter\BaseModel->save([...])
10 SYSTEMPATH\CodeIgniter.php(904): App\Controllers\Tbcabang->save()
11 SYSTEMPATH\CodeIgniter.php(457): CodeIgniter\CodeIgniter->runController(Object(App\Controllers\Tbcabang))
12 SYSTEMPATH\CodeIgniter.php(340): CodeIgniter\CodeIgniter->handleRequest(null, Object(Config\Cache), false)
13 FCPATH\index.php(67): CodeIgniter\CodeIgniter->run()
14 SYSTEMPATH\Commands\Server\rewrite.php(43): require_once('FCPATH\\index.php')
CRITICAL - 2022-09-26 23:46:04 --> syntax error, unexpected token "="
in APPPATH\Views\tbcabang\index.php on line 9.
 1 SYSTEMPATH\View\View.php(216): CodeIgniter\View\View->CodeIgniter\View\{closure}()
 2 SYSTEMPATH\Common.php(1142): CodeIgniter\View\View->render('tbcabang/index', [], true)
 3 APPPATH\Controllers\Tbcabang.php(21): view('tbcabang/index', [...])
 4 SYSTEMPATH\CodeIgniter.php(904): App\Controllers\Tbcabang->index()
 5 SYSTEMPATH\CodeIgniter.php(457): CodeIgniter\CodeIgniter->runController(Object(App\Controllers\Tbcabang))
 6 SYSTEMPATH\CodeIgniter.php(340): CodeIgniter\CodeIgniter->handleRequest(null, Object(Config\Cache), false)
 7 FCPATH\index.php(67): CodeIgniter\CodeIgniter->run()
 8 SYSTEMPATH\Commands\Server\rewrite.php(43): require_once('FCPATH\\index.php')
