CRITICAL - 2022-11-01 10:44:12 --> Call to undefined method App\Models\UserdtlModel::getakses
in SYSTEMPATH\Model.php on line 774.
 1 APPPATH\Controllers\Tbtipe.php(27): CodeIgniter\Model->__call('getakses', [...])
 2 SYSTEMPATH\CodeIgniter.php(904): App\Controllers\Tbtipe->index()
 3 SYSTEMPATH\CodeIgniter.php(457): CodeIgniter\CodeIgniter->runController(Object(App\Controllers\Tbtipe))
 4 SYSTEMPATH\CodeIgniter.php(340): CodeIgniter\CodeIgniter->handleRequest(null, Object(Config\Cache), false)
 5 FCPATH\index.php(67): CodeIgniter\CodeIgniter->run()
 6 SYSTEMPATH\Commands\Server\rewrite.php(43): require_once('FCPATH\\index.php')
CRITICAL - 2022-11-01 10:44:25 --> Call to undefined method App\Models\UserdtlModel::getuserkses
in SYSTEMPATH\Model.php on line 774.
 1 APPPATH\Controllers\Tbtipe.php(27): CodeIgniter\Model->__call('getuserkses', [...])
 2 SYSTEMPATH\CodeIgniter.php(904): App\Controllers\Tbtipe->index()
 3 SYSTEMPATH\CodeIgniter.php(457): CodeIgniter\CodeIgniter->runController(Object(App\Controllers\Tbtipe))
 4 SYSTEMPATH\CodeIgniter.php(340): CodeIgniter\CodeIgniter->handleRequest(null, Object(Config\Cache), false)
 5 FCPATH\index.php(67): CodeIgniter\CodeIgniter->run()
 6 SYSTEMPATH\Commands\Server\rewrite.php(43): require_once('FCPATH\\index.php')
CRITICAL - 2022-11-01 11:21:10 --> Attempt to read property "cmodule" on array
in APPPATH\Views\tbtipe\modaltambah.php on line 9.
 1 APPPATH\Views\tbtipe\modaltambah.php(9): CodeIgniter\Debug\Exceptions->errorHandler(2, 'Attempt to read property "cmodule" on array', 'APPPATH\\Views\\tbtipe\\modaltambah.php', 9)
 2 SYSTEMPATH\View\View.php(213): include('APPPATH\\Views\\tbtipe\\modaltambah.php')
 3 SYSTEMPATH\View\View.php(216): CodeIgniter\View\View->CodeIgniter\View\{closure}()
 4 SYSTEMPATH\Common.php(1142): CodeIgniter\View\View->render('tbtipe/modaltambah', [], true)
 5 APPPATH\Controllers\Tbtipe.php(115): view('tbtipe/modaltambah', [...])
 6 SYSTEMPATH\CodeIgniter.php(904): App\Controllers\Tbtipe->formtambah()
 7 SYSTEMPATH\CodeIgniter.php(457): CodeIgniter\CodeIgniter->runController(Object(App\Controllers\Tbtipe))
 8 SYSTEMPATH\CodeIgniter.php(340): CodeIgniter\CodeIgniter->handleRequest(null, Object(Config\Cache), false)
 9 FCPATH\index.php(67): CodeIgniter\CodeIgniter->run()
10 SYSTEMPATH\Commands\Server\rewrite.php(43): require_once('FCPATH\\index.php')
CRITICAL - 2022-11-01 11:21:32 --> Attempt to read property "cmodule" on array
in APPPATH\Views\tbtipe\modaltambah.php on line 9.
 1 APPPATH\Views\tbtipe\modaltambah.php(9): CodeIgniter\Debug\Exceptions->errorHandler(2, 'Attempt to read property "cmodule" on array', 'APPPATH\\Views\\tbtipe\\modaltambah.php', 9)
 2 SYSTEMPATH\View\View.php(213): include('APPPATH\\Views\\tbtipe\\modaltambah.php')
 3 SYSTEMPATH\View\View.php(216): CodeIgniter\View\View->CodeIgniter\View\{closure}()
 4 SYSTEMPATH\Common.php(1142): CodeIgniter\View\View->render('tbtipe/modaltambah', [], true)
 5 APPPATH\Controllers\Tbtipe.php(115): view('tbtipe/modaltambah', [...])
 6 SYSTEMPATH\CodeIgniter.php(904): App\Controllers\Tbtipe->formtambah()
 7 SYSTEMPATH\CodeIgniter.php(457): CodeIgniter\CodeIgniter->runController(Object(App\Controllers\Tbtipe))
 8 SYSTEMPATH\CodeIgniter.php(340): CodeIgniter\CodeIgniter->handleRequest(null, Object(Config\Cache), false)
 9 FCPATH\index.php(67): CodeIgniter\CodeIgniter->run()
10 SYSTEMPATH\Commands\Server\rewrite.php(43): require_once('FCPATH\\index.php')
CRITICAL - 2022-11-01 11:25:12 --> Undefined variable $data
in APPPATH\Views\tbtipe\modaltambah.php on line 9.
 1 APPPATH\Views\tbtipe\modaltambah.php(9): CodeIgniter\Debug\Exceptions->errorHandler(2, 'Undefined variable $data', 'APPPATH\\Views\\tbtipe\\modaltambah.php', 9)
 2 SYSTEMPATH\View\View.php(213): include('APPPATH\\Views\\tbtipe\\modaltambah.php')
 3 SYSTEMPATH\View\View.php(216): CodeIgniter\View\View->CodeIgniter\View\{closure}()
 4 SYSTEMPATH\Common.php(1142): CodeIgniter\View\View->render('tbtipe/modaltambah', [], true)
 5 APPPATH\Controllers\Tbtipe.php(115): view('tbtipe/modaltambah', [...])
 6 SYSTEMPATH\CodeIgniter.php(904): App\Controllers\Tbtipe->formtambah()
 7 SYSTEMPATH\CodeIgniter.php(457): CodeIgniter\CodeIgniter->runController(Object(App\Controllers\Tbtipe))
 8 SYSTEMPATH\CodeIgniter.php(340): CodeIgniter\CodeIgniter->handleRequest(null, Object(Config\Cache), false)
 9 FCPATH\index.php(67): CodeIgniter\CodeIgniter->run()
10 SYSTEMPATH\Commands\Server\rewrite.php(43): require_once('FCPATH\\index.php')
CRITICAL - 2022-11-01 11:25:19 --> Undefined variable $data
in APPPATH\Views\tbtipe\modaltambah.php on line 9.
 1 APPPATH\Views\tbtipe\modaltambah.php(9): CodeIgniter\Debug\Exceptions->errorHandler(2, 'Undefined variable $data', 'APPPATH\\Views\\tbtipe\\modaltambah.php', 9)
 2 SYSTEMPATH\View\View.php(213): include('APPPATH\\Views\\tbtipe\\modaltambah.php')
 3 SYSTEMPATH\View\View.php(216): CodeIgniter\View\View->CodeIgniter\View\{closure}()
 4 SYSTEMPATH\Common.php(1142): CodeIgniter\View\View->render('tbtipe/modaltambah', [], true)
 5 APPPATH\Controllers\Tbtipe.php(115): view('tbtipe/modaltambah', [...])
 6 SYSTEMPATH\CodeIgniter.php(904): App\Controllers\Tbtipe->formtambah()
 7 SYSTEMPATH\CodeIgniter.php(457): CodeIgniter\CodeIgniter->runController(Object(App\Controllers\Tbtipe))
 8 SYSTEMPATH\CodeIgniter.php(340): CodeIgniter\CodeIgniter->handleRequest(null, Object(Config\Cache), false)
 9 FCPATH\index.php(67): CodeIgniter\CodeIgniter->run()
10 SYSTEMPATH\Commands\Server\rewrite.php(43): require_once('FCPATH\\index.php')
CRITICAL - 2022-11-01 11:25:57 --> Attempt to read property "cmodule" on array
in APPPATH\Views\tbtipe\modaltambah.php on line 10.
 1 APPPATH\Views\tbtipe\modaltambah.php(10): CodeIgniter\Debug\Exceptions->errorHandler(2, 'Attempt to read property "cmodule" on array', 'APPPATH\\Views\\tbtipe\\modaltambah.php', 10)
 2 SYSTEMPATH\View\View.php(213): include('APPPATH\\Views\\tbtipe\\modaltambah.php')
 3 SYSTEMPATH\View\View.php(216): CodeIgniter\View\View->CodeIgniter\View\{closure}()
 4 SYSTEMPATH\Common.php(1142): CodeIgniter\View\View->render('tbtipe/modaltambah', [], true)
 5 APPPATH\Controllers\Tbtipe.php(115): view('tbtipe/modaltambah', [...])
 6 SYSTEMPATH\CodeIgniter.php(904): App\Controllers\Tbtipe->formtambah()
 7 SYSTEMPATH\CodeIgniter.php(457): CodeIgniter\CodeIgniter->runController(Object(App\Controllers\Tbtipe))
 8 SYSTEMPATH\CodeIgniter.php(340): CodeIgniter\CodeIgniter->handleRequest(null, Object(Config\Cache), false)
 9 FCPATH\index.php(67): CodeIgniter\CodeIgniter->run()
10 SYSTEMPATH\Commands\Server\rewrite.php(43): require_once('FCPATH\\index.php')
CRITICAL - 2022-11-01 11:26:10 --> Attempt to read property "cmodule" on array
in APPPATH\Views\tbtipe\modaltambah.php on line 10.
 1 APPPATH\Views\tbtipe\modaltambah.php(10): CodeIgniter\Debug\Exceptions->errorHandler(2, 'Attempt to read property "cmodule" on array', 'APPPATH\\Views\\tbtipe\\modaltambah.php', 10)
 2 SYSTEMPATH\View\View.php(213): include('APPPATH\\Views\\tbtipe\\modaltambah.php')
 3 SYSTEMPATH\View\View.php(216): CodeIgniter\View\View->CodeIgniter\View\{closure}()
 4 SYSTEMPATH\Common.php(1142): CodeIgniter\View\View->render('tbtipe/modaltambah', [], true)
 5 APPPATH\Controllers\Tbtipe.php(115): view('tbtipe/modaltambah', [...])
 6 SYSTEMPATH\CodeIgniter.php(904): App\Controllers\Tbtipe->formtambah()
 7 SYSTEMPATH\CodeIgniter.php(457): CodeIgniter\CodeIgniter->runController(Object(App\Controllers\Tbtipe))
 8 SYSTEMPATH\CodeIgniter.php(340): CodeIgniter\CodeIgniter->handleRequest(null, Object(Config\Cache), false)
 9 FCPATH\index.php(67): CodeIgniter\CodeIgniter->run()
10 SYSTEMPATH\Commands\Server\rewrite.php(43): require_once('FCPATH\\index.php')
CRITICAL - 2022-11-01 11:42:11 --> Undefined variable $userdtl
in APPPATH\Views\tbtipe\modaledit.php on line 1.
 1 APPPATH\Views\tbtipe\modaledit.php(1): CodeIgniter\Debug\Exceptions->errorHandler(2, 'Undefined variable $userdtl', 'APPPATH\\Views\\tbtipe\\modaledit.php', 1)
 2 SYSTEMPATH\View\View.php(213): include('APPPATH\\Views\\tbtipe\\modaledit.php')
 3 SYSTEMPATH\View\View.php(216): CodeIgniter\View\View->CodeIgniter\View\{closure}()
 4 SYSTEMPATH\Common.php(1142): CodeIgniter\View\View->render('Tbtipe/modaledit', [], true)
 5 APPPATH\Controllers\Tbtipe.php(186): view('Tbtipe/modaledit', [...])
 6 SYSTEMPATH\CodeIgniter.php(904): App\Controllers\Tbtipe->formedit()
 7 SYSTEMPATH\CodeIgniter.php(457): CodeIgniter\CodeIgniter->runController(Object(App\Controllers\Tbtipe))
 8 SYSTEMPATH\CodeIgniter.php(340): CodeIgniter\CodeIgniter->handleRequest(null, Object(Config\Cache), false)
 9 FCPATH\index.php(67): CodeIgniter\CodeIgniter->run()
10 SYSTEMPATH\Commands\Server\rewrite.php(43): require_once('FCPATH\\index.php')
CRITICAL - 2022-11-01 11:57:50 --> syntax error, unexpected token "endforeach", expecting end of file
in APPPATH\Views\tbtipe\tabel_tipe.php on line 16.
 1 SYSTEMPATH\View\View.php(216): CodeIgniter\View\View->CodeIgniter\View\{closure}()
 2 SYSTEMPATH\Common.php(1142): CodeIgniter\View\View->render('Tbtipe/tabel_Tipe', [], true)
 3 APPPATH\Controllers\Tbtipe.php(273): view('Tbtipe/tabel_Tipe', [...])
 4 SYSTEMPATH\CodeIgniter.php(904): App\Controllers\Tbtipe->table_tipe()
 5 SYSTEMPATH\CodeIgniter.php(457): CodeIgniter\CodeIgniter->runController(Object(App\Controllers\Tbtipe))
 6 SYSTEMPATH\CodeIgniter.php(340): CodeIgniter\CodeIgniter->handleRequest(null, Object(Config\Cache), false)
 7 FCPATH\index.php(67): CodeIgniter\CodeIgniter->run()
 8 SYSTEMPATH\Commands\Server\rewrite.php(43): require_once('FCPATH\\index.php')
CRITICAL - 2022-11-01 13:21:11 --> Undefined variable $userdtl
in APPPATH\Views\tbtipe\tabel_tipe.php on line 1.
 1 APPPATH\Views\tbtipe\tabel_tipe.php(1): CodeIgniter\Debug\Exceptions->errorHandler(2, 'Undefined variable $userdtl', 'APPPATH\\Views\\tbtipe\\tabel_tipe.php', 1)
 2 SYSTEMPATH\View\View.php(213): include('APPPATH\\Views\\tbtipe\\tabel_tipe.php')
 3 SYSTEMPATH\View\View.php(216): CodeIgniter\View\View->CodeIgniter\View\{closure}()
 4 SYSTEMPATH\Common.php(1142): CodeIgniter\View\View->render('Tbtipe/tabel_Tipe', [], true)
 5 APPPATH\Controllers\Tbtipe.php(273): view('Tbtipe/tabel_Tipe', [...])
 6 SYSTEMPATH\CodeIgniter.php(904): App\Controllers\Tbtipe->table_tipe()
 7 SYSTEMPATH\CodeIgniter.php(457): CodeIgniter\CodeIgniter->runController(Object(App\Controllers\Tbtipe))
 8 SYSTEMPATH\CodeIgniter.php(340): CodeIgniter\CodeIgniter->handleRequest(null, Object(Config\Cache), false)
 9 FCPATH\index.php(67): CodeIgniter\CodeIgniter->run()
10 SYSTEMPATH\Commands\Server\rewrite.php(43): require_once('FCPATH\\index.php')
CRITICAL - 2022-11-01 13:21:29 --> Undefined variable $userdtl
in APPPATH\Views\tbtipe\tabel_tipe.php on line 1.
 1 APPPATH\Views\tbtipe\tabel_tipe.php(1): CodeIgniter\Debug\Exceptions->errorHandler(2, 'Undefined variable $userdtl', 'APPPATH\\Views\\tbtipe\\tabel_tipe.php', 1)
 2 SYSTEMPATH\View\View.php(213): include('APPPATH\\Views\\tbtipe\\tabel_tipe.php')
 3 SYSTEMPATH\View\View.php(216): CodeIgniter\View\View->CodeIgniter\View\{closure}()
 4 SYSTEMPATH\Common.php(1142): CodeIgniter\View\View->render('Tbtipe/tabel_Tipe', [], true)
 5 APPPATH\Controllers\Tbtipe.php(273): view('Tbtipe/tabel_Tipe', [...])
 6 SYSTEMPATH\CodeIgniter.php(904): App\Controllers\Tbtipe->table_tipe()
 7 SYSTEMPATH\CodeIgniter.php(457): CodeIgniter\CodeIgniter->runController(Object(App\Controllers\Tbtipe))
 8 SYSTEMPATH\CodeIgniter.php(340): CodeIgniter\CodeIgniter->handleRequest(null, Object(Config\Cache), false)
 9 FCPATH\index.php(67): CodeIgniter\CodeIgniter->run()
10 SYSTEMPATH\Commands\Server\rewrite.php(43): require_once('FCPATH\\index.php')
CRITICAL - 2022-11-01 13:26:39 --> Undefined variable $userdtl
in APPPATH\Views\tbtipe\tabel_tipe.php on line 3.
 1 APPPATH\Views\tbtipe\tabel_tipe.php(3): CodeIgniter\Debug\Exceptions->errorHandler(2, 'Undefined variable $userdtl', 'APPPATH\\Views\\tbtipe\\tabel_tipe.php', 3)
 2 SYSTEMPATH\View\View.php(213): include('APPPATH\\Views\\tbtipe\\tabel_tipe.php')
 3 SYSTEMPATH\View\View.php(216): CodeIgniter\View\View->CodeIgniter\View\{closure}()
 4 SYSTEMPATH\Common.php(1142): CodeIgniter\View\View->render('Tbtipe/tabel_Tipe', [], true)
 5 APPPATH\Controllers\Tbtipe.php(273): view('Tbtipe/tabel_Tipe', [...])
 6 SYSTEMPATH\CodeIgniter.php(904): App\Controllers\Tbtipe->table_tipe()
 7 SYSTEMPATH\CodeIgniter.php(457): CodeIgniter\CodeIgniter->runController(Object(App\Controllers\Tbtipe))
 8 SYSTEMPATH\CodeIgniter.php(340): CodeIgniter\CodeIgniter->handleRequest(null, Object(Config\Cache), false)
 9 FCPATH\index.php(67): CodeIgniter\CodeIgniter->run()
10 SYSTEMPATH\Commands\Server\rewrite.php(43): require_once('FCPATH\\index.php')
CRITICAL - 2022-11-01 13:27:58 --> Undefined variable $hapus
in APPPATH\Views\tbtipe\tabel_tipe.php on line 59.
 1 APPPATH\Views\tbtipe\tabel_tipe.php(59): CodeIgniter\Debug\Exceptions->errorHandler(2, 'Undefined variable $hapus', 'APPPATH\\Views\\tbtipe\\tabel_tipe.php', 59)
 2 SYSTEMPATH\View\View.php(213): include('APPPATH\\Views\\tbtipe\\tabel_tipe.php')
 3 SYSTEMPATH\View\View.php(216): CodeIgniter\View\View->CodeIgniter\View\{closure}()
 4 SYSTEMPATH\Common.php(1142): CodeIgniter\View\View->render('Tbtipe/tabel_Tipe', [], true)
 5 APPPATH\Controllers\Tbtipe.php(273): view('Tbtipe/tabel_Tipe', [...])
 6 SYSTEMPATH\CodeIgniter.php(904): App\Controllers\Tbtipe->table_tipe()
 7 SYSTEMPATH\CodeIgniter.php(457): CodeIgniter\CodeIgniter->runController(Object(App\Controllers\Tbtipe))
 8 SYSTEMPATH\CodeIgniter.php(340): CodeIgniter\CodeIgniter->handleRequest(null, Object(Config\Cache), false)
 9 FCPATH\index.php(67): CodeIgniter\CodeIgniter->run()
10 SYSTEMPATH\Commands\Server\rewrite.php(43): require_once('FCPATH\\index.php')
CRITICAL - 2022-11-01 13:28:15 --> Undefined variable $hapus
in APPPATH\Views\tbtipe\tabel_tipe.php on line 59.
 1 APPPATH\Views\tbtipe\tabel_tipe.php(59): CodeIgniter\Debug\Exceptions->errorHandler(2, 'Undefined variable $hapus', 'APPPATH\\Views\\tbtipe\\tabel_tipe.php', 59)
 2 SYSTEMPATH\View\View.php(213): include('APPPATH\\Views\\tbtipe\\tabel_tipe.php')
 3 SYSTEMPATH\View\View.php(216): CodeIgniter\View\View->CodeIgniter\View\{closure}()
 4 SYSTEMPATH\Common.php(1142): CodeIgniter\View\View->render('Tbtipe/tabel_Tipe', [], true)
 5 APPPATH\Controllers\Tbtipe.php(273): view('Tbtipe/tabel_Tipe', [...])
 6 SYSTEMPATH\CodeIgniter.php(904): App\Controllers\Tbtipe->table_tipe()
 7 SYSTEMPATH\CodeIgniter.php(457): CodeIgniter\CodeIgniter->runController(Object(App\Controllers\Tbtipe))
 8 SYSTEMPATH\CodeIgniter.php(340): CodeIgniter\CodeIgniter->handleRequest(null, Object(Config\Cache), false)
 9 FCPATH\index.php(67): CodeIgniter\CodeIgniter->run()
10 SYSTEMPATH\Commands\Server\rewrite.php(43): require_once('FCPATH\\index.php')
CRITICAL - 2022-11-01 13:28:19 --> Undefined variable $hapus
in APPPATH\Views\tbtipe\tabel_tipe.php on line 59.
 1 APPPATH\Views\tbtipe\tabel_tipe.php(59): CodeIgniter\Debug\Exceptions->errorHandler(2, 'Undefined variable $hapus', 'APPPATH\\Views\\tbtipe\\tabel_tipe.php', 59)
 2 SYSTEMPATH\View\View.php(213): include('APPPATH\\Views\\tbtipe\\tabel_tipe.php')
 3 SYSTEMPATH\View\View.php(216): CodeIgniter\View\View->CodeIgniter\View\{closure}()
 4 SYSTEMPATH\Common.php(1142): CodeIgniter\View\View->render('Tbtipe/tabel_Tipe', [], true)
 5 APPPATH\Controllers\Tbtipe.php(273): view('Tbtipe/tabel_Tipe', [...])
 6 SYSTEMPATH\CodeIgniter.php(904): App\Controllers\Tbtipe->table_tipe()
 7 SYSTEMPATH\CodeIgniter.php(457): CodeIgniter\CodeIgniter->runController(Object(App\Controllers\Tbtipe))
 8 SYSTEMPATH\CodeIgniter.php(340): CodeIgniter\CodeIgniter->handleRequest(null, Object(Config\Cache), false)
 9 FCPATH\index.php(67): CodeIgniter\CodeIgniter->run()
10 SYSTEMPATH\Commands\Server\rewrite.php(43): require_once('FCPATH\\index.php')
CRITICAL - 2022-11-01 13:35:19 --> Undefined variable $username
in APPPATH\Views\tbtipe\tabel_tipe.php on line 6.
 1 APPPATH\Views\tbtipe\tabel_tipe.php(6): CodeIgniter\Debug\Exceptions->errorHandler(2, 'Undefined variable $username', 'APPPATH\\Views\\tbtipe\\tabel_tipe.php', 6)
 2 SYSTEMPATH\View\View.php(213): include('APPPATH\\Views\\tbtipe\\tabel_tipe.php')
 3 SYSTEMPATH\View\View.php(216): CodeIgniter\View\View->CodeIgniter\View\{closure}()
 4 SYSTEMPATH\Common.php(1142): CodeIgniter\View\View->render('Tbtipe/tabel_Tipe', [], true)
 5 APPPATH\Controllers\Tbtipe.php(273): view('Tbtipe/tabel_Tipe', [...])
 6 SYSTEMPATH\CodeIgniter.php(904): App\Controllers\Tbtipe->table_tipe()
 7 SYSTEMPATH\CodeIgniter.php(457): CodeIgniter\CodeIgniter->runController(Object(App\Controllers\Tbtipe))
 8 SYSTEMPATH\CodeIgniter.php(340): CodeIgniter\CodeIgniter->handleRequest(null, Object(Config\Cache), false)
 9 FCPATH\index.php(67): CodeIgniter\CodeIgniter->run()
10 SYSTEMPATH\Commands\Server\rewrite.php(43): require_once('FCPATH\\index.php')
CRITICAL - 2022-11-01 13:35:27 --> Undefined variable $username
in APPPATH\Views\tbtipe\tabel_tipe.php on line 6.
 1 APPPATH\Views\tbtipe\tabel_tipe.php(6): CodeIgniter\Debug\Exceptions->errorHandler(2, 'Undefined variable $username', 'APPPATH\\Views\\tbtipe\\tabel_tipe.php', 6)
 2 SYSTEMPATH\View\View.php(213): include('APPPATH\\Views\\tbtipe\\tabel_tipe.php')
 3 SYSTEMPATH\View\View.php(216): CodeIgniter\View\View->CodeIgniter\View\{closure}()
 4 SYSTEMPATH\Common.php(1142): CodeIgniter\View\View->render('Tbtipe/tabel_Tipe', [], true)
 5 APPPATH\Controllers\Tbtipe.php(273): view('Tbtipe/tabel_Tipe', [...])
 6 SYSTEMPATH\CodeIgniter.php(904): App\Controllers\Tbtipe->table_tipe()
 7 SYSTEMPATH\CodeIgniter.php(457): CodeIgniter\CodeIgniter->runController(Object(App\Controllers\Tbtipe))
 8 SYSTEMPATH\CodeIgniter.php(340): CodeIgniter\CodeIgniter->handleRequest(null, Object(Config\Cache), false)
 9 FCPATH\index.php(67): CodeIgniter\CodeIgniter->run()
10 SYSTEMPATH\Commands\Server\rewrite.php(43): require_once('FCPATH\\index.php')
CRITICAL - 2022-11-01 13:35:31 --> Undefined variable $username
in APPPATH\Views\tbtipe\tabel_tipe.php on line 6.
 1 APPPATH\Views\tbtipe\tabel_tipe.php(6): CodeIgniter\Debug\Exceptions->errorHandler(2, 'Undefined variable $username', 'APPPATH\\Views\\tbtipe\\tabel_tipe.php', 6)
 2 SYSTEMPATH\View\View.php(213): include('APPPATH\\Views\\tbtipe\\tabel_tipe.php')
 3 SYSTEMPATH\View\View.php(216): CodeIgniter\View\View->CodeIgniter\View\{closure}()
 4 SYSTEMPATH\Common.php(1142): CodeIgniter\View\View->render('Tbtipe/tabel_Tipe', [], true)
 5 APPPATH\Controllers\Tbtipe.php(273): view('Tbtipe/tabel_Tipe', [...])
 6 SYSTEMPATH\CodeIgniter.php(904): App\Controllers\Tbtipe->table_tipe()
 7 SYSTEMPATH\CodeIgniter.php(457): CodeIgniter\CodeIgniter->runController(Object(App\Controllers\Tbtipe))
 8 SYSTEMPATH\CodeIgniter.php(340): CodeIgniter\CodeIgniter->handleRequest(null, Object(Config\Cache), false)
 9 FCPATH\index.php(67): CodeIgniter\CodeIgniter->run()
10 SYSTEMPATH\Commands\Server\rewrite.php(43): require_once('FCPATH\\index.php')
CRITICAL - 2022-11-01 13:36:49 --> Undefined variable $hapus
in APPPATH\Views\tbtipe\tabel_tipe.php on line 79.
 1 APPPATH\Views\tbtipe\tabel_tipe.php(79): CodeIgniter\Debug\Exceptions->errorHandler(2, 'Undefined variable $hapus', 'APPPATH\\Views\\tbtipe\\tabel_tipe.php', 79)
 2 SYSTEMPATH\View\View.php(213): include('APPPATH\\Views\\tbtipe\\tabel_tipe.php')
 3 SYSTEMPATH\View\View.php(216): CodeIgniter\View\View->CodeIgniter\View\{closure}()
 4 SYSTEMPATH\Common.php(1142): CodeIgniter\View\View->render('Tbtipe/tabel_Tipe', [], true)
 5 APPPATH\Controllers\Tbtipe.php(273): view('Tbtipe/tabel_Tipe', [...])
 6 SYSTEMPATH\CodeIgniter.php(904): App\Controllers\Tbtipe->table_tipe()
 7 SYSTEMPATH\CodeIgniter.php(457): CodeIgniter\CodeIgniter->runController(Object(App\Controllers\Tbtipe))
 8 SYSTEMPATH\CodeIgniter.php(340): CodeIgniter\CodeIgniter->handleRequest(null, Object(Config\Cache), false)
 9 FCPATH\index.php(67): CodeIgniter\CodeIgniter->run()
10 SYSTEMPATH\Commands\Server\rewrite.php(43): require_once('FCPATH\\index.php')
CRITICAL - 2022-11-01 13:37:34 --> Undefined variable $hapus
in APPPATH\Views\tbtipe\tabel_tipe.php on line 80.
 1 APPPATH\Views\tbtipe\tabel_tipe.php(80): CodeIgniter\Debug\Exceptions->errorHandler(2, 'Undefined variable $hapus', 'APPPATH\\Views\\tbtipe\\tabel_tipe.php', 80)
 2 SYSTEMPATH\View\View.php(213): include('APPPATH\\Views\\tbtipe\\tabel_tipe.php')
 3 SYSTEMPATH\View\View.php(216): CodeIgniter\View\View->CodeIgniter\View\{closure}()
 4 SYSTEMPATH\Common.php(1142): CodeIgniter\View\View->render('Tbtipe/tabel_Tipe', [], true)
 5 APPPATH\Controllers\Tbtipe.php(273): view('Tbtipe/tabel_Tipe', [...])
 6 SYSTEMPATH\CodeIgniter.php(904): App\Controllers\Tbtipe->table_tipe()
 7 SYSTEMPATH\CodeIgniter.php(457): CodeIgniter\CodeIgniter->runController(Object(App\Controllers\Tbtipe))
 8 SYSTEMPATH\CodeIgniter.php(340): CodeIgniter\CodeIgniter->handleRequest(null, Object(Config\Cache), false)
 9 FCPATH\index.php(67): CodeIgniter\CodeIgniter->run()
10 SYSTEMPATH\Commands\Server\rewrite.php(43): require_once('FCPATH\\index.php')
CRITICAL - 2022-11-01 13:38:45 --> Undefined variable $hapus
in APPPATH\Views\tbtipe\tabel_tipe.php on line 84.
 1 APPPATH\Views\tbtipe\tabel_tipe.php(84): CodeIgniter\Debug\Exceptions->errorHandler(2, 'Undefined variable $hapus', 'APPPATH\\Views\\tbtipe\\tabel_tipe.php', 84)
 2 SYSTEMPATH\View\View.php(213): include('APPPATH\\Views\\tbtipe\\tabel_tipe.php')
 3 SYSTEMPATH\View\View.php(216): CodeIgniter\View\View->CodeIgniter\View\{closure}()
 4 SYSTEMPATH\Common.php(1142): CodeIgniter\View\View->render('Tbtipe/tabel_Tipe', [], true)
 5 APPPATH\Controllers\Tbtipe.php(273): view('Tbtipe/tabel_Tipe', [...])
 6 SYSTEMPATH\CodeIgniter.php(904): App\Controllers\Tbtipe->table_tipe()
 7 SYSTEMPATH\CodeIgniter.php(457): CodeIgniter\CodeIgniter->runController(Object(App\Controllers\Tbtipe))
 8 SYSTEMPATH\CodeIgniter.php(340): CodeIgniter\CodeIgniter->handleRequest(null, Object(Config\Cache), false)
 9 FCPATH\index.php(67): CodeIgniter\CodeIgniter->run()
10 SYSTEMPATH\Commands\Server\rewrite.php(43): require_once('FCPATH\\index.php')
CRITICAL - 2022-11-01 13:52:19 --> Undefined variable $edit
in APPPATH\Views\tbtipe\tabel_tipe.php on line 57.
 1 APPPATH\Views\tbtipe\tabel_tipe.php(57): CodeIgniter\Debug\Exceptions->errorHandler(2, 'Undefined variable $edit', 'APPPATH\\Views\\tbtipe\\tabel_tipe.php', 57)
 2 SYSTEMPATH\View\View.php(213): include('APPPATH\\Views\\tbtipe\\tabel_tipe.php')
 3 SYSTEMPATH\View\View.php(216): CodeIgniter\View\View->CodeIgniter\View\{closure}()
 4 SYSTEMPATH\Common.php(1142): CodeIgniter\View\View->render('Tbtipe/tabel_Tipe', [], true)
 5 APPPATH\Controllers\Tbtipe.php(273): view('Tbtipe/tabel_Tipe', [...])
 6 SYSTEMPATH\CodeIgniter.php(904): App\Controllers\Tbtipe->table_tipe()
 7 SYSTEMPATH\CodeIgniter.php(457): CodeIgniter\CodeIgniter->runController(Object(App\Controllers\Tbtipe))
 8 SYSTEMPATH\CodeIgniter.php(340): CodeIgniter\CodeIgniter->handleRequest(null, Object(Config\Cache), false)
 9 FCPATH\index.php(67): CodeIgniter\CodeIgniter->run()
10 SYSTEMPATH\Commands\Server\rewrite.php(43): require_once('FCPATH\\index.php')
CRITICAL - 2022-11-01 14:39:37 --> Undefined variable $tambah
in APPPATH\Views\tbtipe\index.php on line 19.
 1 APPPATH\Views\tbtipe\index.php(19): CodeIgniter\Debug\Exceptions->errorHandler(2, 'Undefined variable $tambah', 'APPPATH\\Views\\tbtipe\\index.php', 19)
 2 SYSTEMPATH\View\View.php(213): include('APPPATH\\Views\\tbtipe\\index.php')
 3 SYSTEMPATH\View\View.php(216): CodeIgniter\View\View->CodeIgniter\View\{closure}()
 4 SYSTEMPATH\Common.php(1142): CodeIgniter\View\View->render('Tbtipe/index', [], true)
 5 APPPATH\Controllers\Tbtipe.php(32): view('Tbtipe/index', [...])
 6 SYSTEMPATH\CodeIgniter.php(904): App\Controllers\Tbtipe->index()
 7 SYSTEMPATH\CodeIgniter.php(457): CodeIgniter\CodeIgniter->runController(Object(App\Controllers\Tbtipe))
 8 SYSTEMPATH\CodeIgniter.php(340): CodeIgniter\CodeIgniter->handleRequest(null, Object(Config\Cache), false)
 9 FCPATH\index.php(67): CodeIgniter\CodeIgniter->run()
10 SYSTEMPATH\Commands\Server\rewrite.php(43): require_once('FCPATH\\index.php')
CRITICAL - 2022-11-01 14:40:12 --> Undefined variable $tambah
in APPPATH\Views\tbtipe\index.php on line 19.
 1 APPPATH\Views\tbtipe\index.php(19): CodeIgniter\Debug\Exceptions->errorHandler(2, 'Undefined variable $tambah', 'APPPATH\\Views\\tbtipe\\index.php', 19)
 2 SYSTEMPATH\View\View.php(213): include('APPPATH\\Views\\tbtipe\\index.php')
 3 SYSTEMPATH\View\View.php(216): CodeIgniter\View\View->CodeIgniter\View\{closure}()
 4 SYSTEMPATH\Common.php(1142): CodeIgniter\View\View->render('Tbtipe/index', [], true)
 5 APPPATH\Controllers\Tbtipe.php(32): view('Tbtipe/index', [...])
 6 SYSTEMPATH\CodeIgniter.php(904): App\Controllers\Tbtipe->index()
 7 SYSTEMPATH\CodeIgniter.php(457): CodeIgniter\CodeIgniter->runController(Object(App\Controllers\Tbtipe))
 8 SYSTEMPATH\CodeIgniter.php(340): CodeIgniter\CodeIgniter->handleRequest(null, Object(Config\Cache), false)
 9 FCPATH\index.php(67): CodeIgniter\CodeIgniter->run()
10 SYSTEMPATH\Commands\Server\rewrite.php(43): require_once('FCPATH\\index.php')
CRITICAL - 2022-11-01 15:23:29 --> Undefined variable $pakai
in APPPATH\Views\tbtipe\index.php on line 25.
 1 APPPATH\Views\tbtipe\index.php(25): CodeIgniter\Debug\Exceptions->errorHandler(2, 'Undefined variable $pakai', 'APPPATH\\Views\\tbtipe\\index.php', 25)
 2 SYSTEMPATH\View\View.php(213): include('APPPATH\\Views\\tbtipe\\index.php')
 3 SYSTEMPATH\View\View.php(216): CodeIgniter\View\View->CodeIgniter\View\{closure}()
 4 SYSTEMPATH\Common.php(1142): CodeIgniter\View\View->render('Tbtipe/index', [], true)
 5 APPPATH\Controllers\Tbtipe.php(32): view('Tbtipe/index', [...])
 6 SYSTEMPATH\CodeIgniter.php(904): App\Controllers\Tbtipe->index()
 7 SYSTEMPATH\CodeIgniter.php(457): CodeIgniter\CodeIgniter->runController(Object(App\Controllers\Tbtipe))
 8 SYSTEMPATH\CodeIgniter.php(340): CodeIgniter\CodeIgniter->handleRequest(null, Object(Config\Cache), false)
 9 FCPATH\index.php(67): CodeIgniter\CodeIgniter->run()
10 SYSTEMPATH\Commands\Server\rewrite.php(43): require_once('FCPATH\\index.php')
CRITICAL - 2022-11-01 15:24:58 --> Undefined variable $pakai
in APPPATH\Views\tbtipe\index.php on line 25.
 1 APPPATH\Views\tbtipe\index.php(25): CodeIgniter\Debug\Exceptions->errorHandler(2, 'Undefined variable $pakai', 'APPPATH\\Views\\tbtipe\\index.php', 25)
 2 SYSTEMPATH\View\View.php(213): include('APPPATH\\Views\\tbtipe\\index.php')
 3 SYSTEMPATH\View\View.php(216): CodeIgniter\View\View->CodeIgniter\View\{closure}()
 4 SYSTEMPATH\Common.php(1142): CodeIgniter\View\View->render('Tbtipe/index', [], true)
 5 APPPATH\Controllers\Tbtipe.php(32): view('Tbtipe/index', [...])
 6 SYSTEMPATH\CodeIgniter.php(904): App\Controllers\Tbtipe->index()
 7 SYSTEMPATH\CodeIgniter.php(457): CodeIgniter\CodeIgniter->runController(Object(App\Controllers\Tbtipe))
 8 SYSTEMPATH\CodeIgniter.php(340): CodeIgniter\CodeIgniter->handleRequest(null, Object(Config\Cache), false)
 9 FCPATH\index.php(67): CodeIgniter\CodeIgniter->run()
10 SYSTEMPATH\Commands\Server\rewrite.php(43): require_once('FCPATH\\index.php')
CRITICAL - 2022-11-01 15:57:40 --> Call to a member function orderBy() on null
in APPPATH\Controllers\Tbwarna.php on line 27.
 1 SYSTEMPATH\CodeIgniter.php(904): App\Controllers\Tbwarna->index()
 2 SYSTEMPATH\CodeIgniter.php(457): CodeIgniter\CodeIgniter->runController(Object(App\Controllers\Tbwarna))
 3 SYSTEMPATH\CodeIgniter.php(340): CodeIgniter\CodeIgniter->handleRequest(null, Object(Config\Cache), false)
 4 FCPATH\index.php(67): CodeIgniter\CodeIgniter->run()
 5 SYSTEMPATH\Commands\Server\rewrite.php(43): require_once('FCPATH\\index.php')
CRITICAL - 2022-11-01 15:59:07 --> Call to a member function orderBy() on null
in APPPATH\Controllers\Tbwarna.php on line 27.
 1 SYSTEMPATH\CodeIgniter.php(904): App\Controllers\Tbwarna->index()
 2 SYSTEMPATH\CodeIgniter.php(457): CodeIgniter\CodeIgniter->runController(Object(App\Controllers\Tbwarna))
 3 SYSTEMPATH\CodeIgniter.php(340): CodeIgniter\CodeIgniter->handleRequest(null, Object(Config\Cache), false)
 4 FCPATH\index.php(67): CodeIgniter\CodeIgniter->run()
 5 SYSTEMPATH\Commands\Server\rewrite.php(43): require_once('FCPATH\\index.php')
CRITICAL - 2022-11-01 16:02:06 --> Call to a member function orderBy() on null
in APPPATH\Controllers\Tbwarna.php on line 27.
 1 SYSTEMPATH\CodeIgniter.php(904): App\Controllers\Tbwarna->index()
 2 SYSTEMPATH\CodeIgniter.php(457): CodeIgniter\CodeIgniter->runController(Object(App\Controllers\Tbwarna))
 3 SYSTEMPATH\CodeIgniter.php(340): CodeIgniter\CodeIgniter->handleRequest(null, Object(Config\Cache), false)
 4 FCPATH\index.php(67): CodeIgniter\CodeIgniter->run()
 5 SYSTEMPATH\Commands\Server\rewrite.php(43): require_once('FCPATH\\index.php')
CRITICAL - 2022-11-01 16:02:11 --> Call to a member function orderBy() on null
in APPPATH\Controllers\Tbwarna.php on line 27.
 1 SYSTEMPATH\CodeIgniter.php(904): App\Controllers\Tbwarna->index()
 2 SYSTEMPATH\CodeIgniter.php(457): CodeIgniter\CodeIgniter->runController(Object(App\Controllers\Tbwarna))
 3 SYSTEMPATH\CodeIgniter.php(340): CodeIgniter\CodeIgniter->handleRequest(null, Object(Config\Cache), false)
 4 FCPATH\index.php(67): CodeIgniter\CodeIgniter->run()
 5 SYSTEMPATH\Commands\Server\rewrite.php(43): require_once('FCPATH\\index.php')
CRITICAL - 2022-11-01 16:02:37 --> Call to a member function findAll() on null
in APPPATH\Controllers\Tbwarna.php on line 27.
 1 SYSTEMPATH\CodeIgniter.php(904): App\Controllers\Tbwarna->index()
 2 SYSTEMPATH\CodeIgniter.php(457): CodeIgniter\CodeIgniter->runController(Object(App\Controllers\Tbwarna))
 3 SYSTEMPATH\CodeIgniter.php(340): CodeIgniter\CodeIgniter->handleRequest(null, Object(Config\Cache), false)
 4 FCPATH\index.php(67): CodeIgniter\CodeIgniter->run()
 5 SYSTEMPATH\Commands\Server\rewrite.php(43): require_once('FCPATH\\index.php')
CRITICAL - 2022-11-01 16:03:55 --> Undefined property: App\Controllers\Tbwarna::$tbmodelModel
in APPPATH\Controllers\Tbwarna.php on line 104.
 1 APPPATH\Controllers\Tbwarna.php(104): CodeIgniter\Debug\Exceptions->errorHandler(2, 'Undefined property: App\\Controllers\\Tbwarna::$tbmodelModel', 'APPPATH\\Controllers\\Tbwarna.php', 104)
 2 SYSTEMPATH\CodeIgniter.php(904): App\Controllers\Tbwarna->formtambah()
 3 SYSTEMPATH\CodeIgniter.php(457): CodeIgniter\CodeIgniter->runController(Object(App\Controllers\Tbwarna))
 4 SYSTEMPATH\CodeIgniter.php(340): CodeIgniter\CodeIgniter->handleRequest(null, Object(Config\Cache), false)
 5 FCPATH\index.php(67): CodeIgniter\CodeIgniter->run()
 6 SYSTEMPATH\Commands\Server\rewrite.php(43): require_once('FCPATH\\index.php')
CRITICAL - 2022-11-01 16:04:29 --> Undefined property: App\Controllers\Tbwarna::$tbmodelModel
in APPPATH\Controllers\Tbwarna.php on line 104.
 1 APPPATH\Controllers\Tbwarna.php(104): CodeIgniter\Debug\Exceptions->errorHandler(2, 'Undefined property: App\\Controllers\\Tbwarna::$tbmodelModel', 'APPPATH\\Controllers\\Tbwarna.php', 104)
 2 SYSTEMPATH\CodeIgniter.php(904): App\Controllers\Tbwarna->formtambah()
 3 SYSTEMPATH\CodeIgniter.php(457): CodeIgniter\CodeIgniter->runController(Object(App\Controllers\Tbwarna))
 4 SYSTEMPATH\CodeIgniter.php(340): CodeIgniter\CodeIgniter->handleRequest(null, Object(Config\Cache), false)
 5 FCPATH\index.php(67): CodeIgniter\CodeIgniter->run()
 6 SYSTEMPATH\Commands\Server\rewrite.php(43): require_once('FCPATH\\index.php')
CRITICAL - 2022-11-01 16:05:01 --> Undefined property: App\Controllers\Tbwarna::$tbmodelModel
in APPPATH\Controllers\Tbwarna.php on line 104.
 1 APPPATH\Controllers\Tbwarna.php(104): CodeIgniter\Debug\Exceptions->errorHandler(2, 'Undefined property: App\\Controllers\\Tbwarna::$tbmodelModel', 'APPPATH\\Controllers\\Tbwarna.php', 104)
 2 SYSTEMPATH\CodeIgniter.php(904): App\Controllers\Tbwarna->formtambah()
 3 SYSTEMPATH\CodeIgniter.php(457): CodeIgniter\CodeIgniter->runController(Object(App\Controllers\Tbwarna))
 4 SYSTEMPATH\CodeIgniter.php(340): CodeIgniter\CodeIgniter->handleRequest(null, Object(Config\Cache), false)
 5 FCPATH\index.php(67): CodeIgniter\CodeIgniter->run()
 6 SYSTEMPATH\Commands\Server\rewrite.php(43): require_once('FCPATH\\index.php')
CRITICAL - 2022-11-01 16:07:03 --> Attempt to read property "kdwarna" on array
in APPPATH\Views\tbwarna\tabel_warna.php on line 50.
 1 APPPATH\Views\tbwarna\tabel_warna.php(50): CodeIgniter\Debug\Exceptions->errorHandler(2, 'Attempt to read property "kdwarna" on array', 'APPPATH\\Views\\tbwarna\\tabel_warna.php', 50)
 2 SYSTEMPATH\View\View.php(213): include('APPPATH\\Views\\tbwarna\\tabel_warna.php')
 3 SYSTEMPATH\View\View.php(216): CodeIgniter\View\View->CodeIgniter\View\{closure}()
 4 SYSTEMPATH\Common.php(1142): CodeIgniter\View\View->render('Tbwarna/tabel_warna', [], true)
 5 APPPATH\Controllers\Tbwarna.php(263): view('Tbwarna/tabel_warna', [...])
 6 SYSTEMPATH\CodeIgniter.php(904): App\Controllers\Tbwarna->table_warna()
 7 SYSTEMPATH\CodeIgniter.php(457): CodeIgniter\CodeIgniter->runController(Object(App\Controllers\Tbwarna))
 8 SYSTEMPATH\CodeIgniter.php(340): CodeIgniter\CodeIgniter->handleRequest(null, Object(Config\Cache), false)
 9 FCPATH\index.php(67): CodeIgniter\CodeIgniter->run()
10 SYSTEMPATH\Commands\Server\rewrite.php(43): require_once('FCPATH\\index.php')
CRITICAL - 2022-11-01 16:08:51 --> Undefined property: stdClass::$kdwarna
in APPPATH\Views\tbwarna\tabel_warna.php on line 50.
 1 APPPATH\Views\tbwarna\tabel_warna.php(50): CodeIgniter\Debug\Exceptions->errorHandler(2, 'Undefined property: stdClass::$kdwarna', 'APPPATH\\Views\\tbwarna\\tabel_warna.php', 50)
 2 SYSTEMPATH\View\View.php(213): include('APPPATH\\Views\\tbwarna\\tabel_warna.php')
 3 SYSTEMPATH\View\View.php(216): CodeIgniter\View\View->CodeIgniter\View\{closure}()
 4 SYSTEMPATH\Common.php(1142): CodeIgniter\View\View->render('Tbwarna/tabel_warna', [], true)
 5 APPPATH\Controllers\Tbwarna.php(263): view('Tbwarna/tabel_warna', [...])
 6 SYSTEMPATH\CodeIgniter.php(904): App\Controllers\Tbwarna->table_warna()
 7 SYSTEMPATH\CodeIgniter.php(457): CodeIgniter\CodeIgniter->runController(Object(App\Controllers\Tbwarna))
 8 SYSTEMPATH\CodeIgniter.php(340): CodeIgniter\CodeIgniter->handleRequest(null, Object(Config\Cache), false)
 9 FCPATH\index.php(67): CodeIgniter\CodeIgniter->run()
10 SYSTEMPATH\Commands\Server\rewrite.php(43): require_once('FCPATH\\index.php')
CRITICAL - 2022-11-01 16:08:53 --> Undefined property: stdClass::$kdwarna
in APPPATH\Views\tbwarna\tabel_warna.php on line 50.
 1 APPPATH\Views\tbwarna\tabel_warna.php(50): CodeIgniter\Debug\Exceptions->errorHandler(2, 'Undefined property: stdClass::$kdwarna', 'APPPATH\\Views\\tbwarna\\tabel_warna.php', 50)
 2 SYSTEMPATH\View\View.php(213): include('APPPATH\\Views\\tbwarna\\tabel_warna.php')
 3 SYSTEMPATH\View\View.php(216): CodeIgniter\View\View->CodeIgniter\View\{closure}()
 4 SYSTEMPATH\Common.php(1142): CodeIgniter\View\View->render('Tbwarna/tabel_warna', [], true)
 5 APPPATH\Controllers\Tbwarna.php(263): view('Tbwarna/tabel_warna', [...])
 6 SYSTEMPATH\CodeIgniter.php(904): App\Controllers\Tbwarna->table_warna()
 7 SYSTEMPATH\CodeIgniter.php(457): CodeIgniter\CodeIgniter->runController(Object(App\Controllers\Tbwarna))
 8 SYSTEMPATH\CodeIgniter.php(340): CodeIgniter\CodeIgniter->handleRequest(null, Object(Config\Cache), false)
 9 FCPATH\index.php(67): CodeIgniter\CodeIgniter->run()
10 SYSTEMPATH\Commands\Server\rewrite.php(43): require_once('FCPATH\\index.php')
CRITICAL - 2022-11-01 16:08:54 --> Undefined property: stdClass::$kdwarna
in APPPATH\Views\tbwarna\tabel_warna.php on line 50.
 1 APPPATH\Views\tbwarna\tabel_warna.php(50): CodeIgniter\Debug\Exceptions->errorHandler(2, 'Undefined property: stdClass::$kdwarna', 'APPPATH\\Views\\tbwarna\\tabel_warna.php', 50)
 2 SYSTEMPATH\View\View.php(213): include('APPPATH\\Views\\tbwarna\\tabel_warna.php')
 3 SYSTEMPATH\View\View.php(216): CodeIgniter\View\View->CodeIgniter\View\{closure}()
 4 SYSTEMPATH\Common.php(1142): CodeIgniter\View\View->render('Tbwarna/tabel_warna', [], true)
 5 APPPATH\Controllers\Tbwarna.php(263): view('Tbwarna/tabel_warna', [...])
 6 SYSTEMPATH\CodeIgniter.php(904): App\Controllers\Tbwarna->table_warna()
 7 SYSTEMPATH\CodeIgniter.php(457): CodeIgniter\CodeIgniter->runController(Object(App\Controllers\Tbwarna))
 8 SYSTEMPATH\CodeIgniter.php(340): CodeIgniter\CodeIgniter->handleRequest(null, Object(Config\Cache), false)
 9 FCPATH\index.php(67): CodeIgniter\CodeIgniter->run()
10 SYSTEMPATH\Commands\Server\rewrite.php(43): require_once('FCPATH\\index.php')
CRITICAL - 2022-11-01 16:09:13 --> Undefined property: stdClass::$kdwarna
in APPPATH\Views\tbwarna\tabel_warna.php on line 50.
 1 APPPATH\Views\tbwarna\tabel_warna.php(50): CodeIgniter\Debug\Exceptions->errorHandler(2, 'Undefined property: stdClass::$kdwarna', 'APPPATH\\Views\\tbwarna\\tabel_warna.php', 50)
 2 SYSTEMPATH\View\View.php(213): include('APPPATH\\Views\\tbwarna\\tabel_warna.php')
 3 SYSTEMPATH\View\View.php(216): CodeIgniter\View\View->CodeIgniter\View\{closure}()
 4 SYSTEMPATH\Common.php(1142): CodeIgniter\View\View->render('Tbwarna/tabel_warna', [], true)
 5 APPPATH\Controllers\Tbwarna.php(263): view('Tbwarna/tabel_warna', [...])
 6 SYSTEMPATH\CodeIgniter.php(904): App\Controllers\Tbwarna->table_warna()
 7 SYSTEMPATH\CodeIgniter.php(457): CodeIgniter\CodeIgniter->runController(Object(App\Controllers\Tbwarna))
 8 SYSTEMPATH\CodeIgniter.php(340): CodeIgniter\CodeIgniter->handleRequest(null, Object(Config\Cache), false)
 9 FCPATH\index.php(67): CodeIgniter\CodeIgniter->run()
10 SYSTEMPATH\Commands\Server\rewrite.php(43): require_once('FCPATH\\index.php')
CRITICAL - 2022-11-01 16:09:21 --> Undefined property: stdClass::$kdwarna
in APPPATH\Views\tbwarna\tabel_warna.php on line 50.
 1 APPPATH\Views\tbwarna\tabel_warna.php(50): CodeIgniter\Debug\Exceptions->errorHandler(2, 'Undefined property: stdClass::$kdwarna', 'APPPATH\\Views\\tbwarna\\tabel_warna.php', 50)
 2 SYSTEMPATH\View\View.php(213): include('APPPATH\\Views\\tbwarna\\tabel_warna.php')
 3 SYSTEMPATH\View\View.php(216): CodeIgniter\View\View->CodeIgniter\View\{closure}()
 4 SYSTEMPATH\Common.php(1142): CodeIgniter\View\View->render('Tbwarna/tabel_warna', [], true)
 5 APPPATH\Controllers\Tbwarna.php(263): view('Tbwarna/tabel_warna', [...])
 6 SYSTEMPATH\CodeIgniter.php(904): App\Controllers\Tbwarna->table_warna()
 7 SYSTEMPATH\CodeIgniter.php(457): CodeIgniter\CodeIgniter->runController(Object(App\Controllers\Tbwarna))
 8 SYSTEMPATH\CodeIgniter.php(340): CodeIgniter\CodeIgniter->handleRequest(null, Object(Config\Cache), false)
 9 FCPATH\index.php(67): CodeIgniter\CodeIgniter->run()
10 SYSTEMPATH\Commands\Server\rewrite.php(43): require_once('FCPATH\\index.php')
CRITICAL - 2022-11-01 16:09:25 --> Undefined property: stdClass::$kdwarna
in APPPATH\Views\tbwarna\tabel_warna.php on line 50.
 1 APPPATH\Views\tbwarna\tabel_warna.php(50): CodeIgniter\Debug\Exceptions->errorHandler(2, 'Undefined property: stdClass::$kdwarna', 'APPPATH\\Views\\tbwarna\\tabel_warna.php', 50)
 2 SYSTEMPATH\View\View.php(213): include('APPPATH\\Views\\tbwarna\\tabel_warna.php')
 3 SYSTEMPATH\View\View.php(216): CodeIgniter\View\View->CodeIgniter\View\{closure}()
 4 SYSTEMPATH\Common.php(1142): CodeIgniter\View\View->render('Tbwarna/tabel_warna', [], true)
 5 APPPATH\Controllers\Tbwarna.php(263): view('Tbwarna/tabel_warna', [...])
 6 SYSTEMPATH\CodeIgniter.php(904): App\Controllers\Tbwarna->table_warna()
 7 SYSTEMPATH\CodeIgniter.php(457): CodeIgniter\CodeIgniter->runController(Object(App\Controllers\Tbwarna))
 8 SYSTEMPATH\CodeIgniter.php(340): CodeIgniter\CodeIgniter->handleRequest(null, Object(Config\Cache), false)
 9 FCPATH\index.php(67): CodeIgniter\CodeIgniter->run()
10 SYSTEMPATH\Commands\Server\rewrite.php(43): require_once('FCPATH\\index.php')
CRITICAL - 2022-11-01 16:10:35 --> Undefined variable $tbtipe
in APPPATH\Views\tbwarna\modaledit.php on line 27.
 1 APPPATH\Views\tbwarna\modaledit.php(27): CodeIgniter\Debug\Exceptions->errorHandler(2, 'Undefined variable $tbtipe', 'APPPATH\\Views\\tbwarna\\modaledit.php', 27)
 2 SYSTEMPATH\View\View.php(213): include('APPPATH\\Views\\tbwarna\\modaledit.php')
 3 SYSTEMPATH\View\View.php(216): CodeIgniter\View\View->CodeIgniter\View\{closure}()
 4 SYSTEMPATH\Common.php(1142): CodeIgniter\View\View->render('Tbwarna/modaledit', [], true)
 5 APPPATH\Controllers\Tbwarna.php(180): view('Tbwarna/modaledit', [...])
 6 SYSTEMPATH\CodeIgniter.php(904): App\Controllers\Tbwarna->formedit()
 7 SYSTEMPATH\CodeIgniter.php(457): CodeIgniter\CodeIgniter->runController(Object(App\Controllers\Tbwarna))
 8 SYSTEMPATH\CodeIgniter.php(340): CodeIgniter\CodeIgniter->handleRequest(null, Object(Config\Cache), false)
 9 FCPATH\index.php(67): CodeIgniter\CodeIgniter->run()
10 SYSTEMPATH\Commands\Server\rewrite.php(43): require_once('FCPATH\\index.php')
CRITICAL - 2022-11-01 16:10:38 --> Undefined variable $tbtipe
in APPPATH\Views\tbwarna\modaledit.php on line 27.
 1 APPPATH\Views\tbwarna\modaledit.php(27): CodeIgniter\Debug\Exceptions->errorHandler(2, 'Undefined variable $tbtipe', 'APPPATH\\Views\\tbwarna\\modaledit.php', 27)
 2 SYSTEMPATH\View\View.php(213): include('APPPATH\\Views\\tbwarna\\modaledit.php')
 3 SYSTEMPATH\View\View.php(216): CodeIgniter\View\View->CodeIgniter\View\{closure}()
 4 SYSTEMPATH\Common.php(1142): CodeIgniter\View\View->render('Tbwarna/modaledit', [], true)
 5 APPPATH\Controllers\Tbwarna.php(180): view('Tbwarna/modaledit', [...])
 6 SYSTEMPATH\CodeIgniter.php(904): App\Controllers\Tbwarna->formedit()
 7 SYSTEMPATH\CodeIgniter.php(457): CodeIgniter\CodeIgniter->runController(Object(App\Controllers\Tbwarna))
 8 SYSTEMPATH\CodeIgniter.php(340): CodeIgniter\CodeIgniter->handleRequest(null, Object(Config\Cache), false)
 9 FCPATH\index.php(67): CodeIgniter\CodeIgniter->run()
10 SYSTEMPATH\Commands\Server\rewrite.php(43): require_once('FCPATH\\index.php')
CRITICAL - 2022-11-01 16:14:02 --> Undefined property: App\Controllers\Tbwarna::$tbmodelModel
in APPPATH\Controllers\Tbwarna.php on line 42.
 1 APPPATH\Controllers\Tbwarna.php(42): CodeIgniter\Debug\Exceptions->errorHandler(2, 'Undefined property: App\\Controllers\\Tbwarna::$tbmodelModel', 'APPPATH\\Controllers\\Tbwarna.php', 42)
 2 SYSTEMPATH\CodeIgniter.php(904): App\Controllers\Tbwarna->formdetail()
 3 SYSTEMPATH\CodeIgniter.php(457): CodeIgniter\CodeIgniter->runController(Object(App\Controllers\Tbwarna))
 4 SYSTEMPATH\CodeIgniter.php(340): CodeIgniter\CodeIgniter->handleRequest(null, Object(Config\Cache), false)
 5 FCPATH\index.php(67): CodeIgniter\CodeIgniter->run()
 6 SYSTEMPATH\Commands\Server\rewrite.php(43): require_once('FCPATH\\index.php')
