ERROR - 2023-06-21 14:03:43 --> mysqli_sql_exception: Column 'kdmekanik' cannot be null in D:\xampp\htdocs\hati\system\Database\MySQLi\Connection.php:292
Stack trace:
#0 D:\xampp\htdocs\hati\system\Database\MySQLi\Connection.php(292): mysqli->query('INSERT INTO `wo...', 0)
#1 D:\xampp\htdocs\hati\system\Database\BaseConnection.php(693): CodeIgniter\Database\MySQLi\Connection->execute('INSERT INTO `wo...')
#2 D:\xampp\htdocs\hati\system\Database\BaseConnection.php(620): CodeIgniter\Database\BaseConnection->simpleQuery('INSERT INTO `wo...')
#3 D:\xampp\htdocs\hati\system\Database\BaseBuilder.php(1916): CodeIgniter\Database\BaseConnection->query('INSERT INTO `wo...', Array, false)
#4 D:\xampp\htdocs\hati\system\Model.php(279): CodeIgniter\Database\BaseBuilder->insert()
#5 D:\xampp\htdocs\hati\system\BaseModel.php(738): CodeIgniter\Model->doInsert(Array)
#6 D:\xampp\htdocs\hati\system\Model.php(667): CodeIgniter\BaseModel->insert(Array, true)
#7 D:\xampp\htdocs\hati\app\Controllers\Estimasi_bp.php(2159): CodeIgniter\Model->insert(Array)
#8 D:\xampp\htdocs\hati\system\CodeIgniter.php(904): App\Controllers\Estimasi_bp->simpan_opl_wo()
#9 D:\xampp\htdocs\hati\system\CodeIgniter.php(457): CodeIgniter\CodeIgniter->runController(Object(App\Controllers\Estimasi_bp))
#10 D:\xampp\htdocs\hati\system\CodeIgniter.php(340): CodeIgniter\CodeIgniter->handleRequest(NULL, Object(Config\Cache), false)
#11 D:\xampp\htdocs\hati\public\index.php(67): CodeIgniter\CodeIgniter->run()
#12 D:\xampp\htdocs\hati\system\Commands\Server\rewrite.php(43): require_once('D:\\xampp\\htdocs...')
#13 {main}
CRITICAL - 2023-06-21 14:03:43 --> Column 'kdmekanik' cannot be null
in SYSTEMPATH\Database\MySQLi\Connection.php on line 292.
 1 SYSTEMPATH\Database\MySQLi\Connection.php(292): mysqli->query('INSERT INTO `wo_bp_detail` (`nowo`, `kode`, `nama`, `kdmekanik`, `nmmekanik`, `jenis`, `qty`, `harga`, `pr_discount`, `subtotal`, `user`, `created_at`, `updated_at`) VALUES (\'BW20230600004\', \'OPL1\', \'SPOORING\', NULL, NULL, \'OPL\', \'1\', \'1000\', \'0.00\', \'1000\', \'Tambah-Murod-21-06-2023 14:03:43\', \'2023-06-21 14:03:43\', \'2023-06-21 14:03:43\')', 0)
 2 SYSTEMPATH\Database\BaseConnection.php(693): CodeIgniter\Database\MySQLi\Connection->execute('INSERT INTO `wo_bp_detail` (`nowo`, `kode`, `nama`, `kdmekanik`, `nmmekanik`, `jenis`, `qty`, `harga`, `pr_discount`, `subtotal`, `user`, `created_at`, `updated_at`) VALUES (\'BW20230600004\', \'OPL1\', \'SPOORING\', NULL, NULL, \'OPL\', \'1\', \'1000\', \'0.00\', \'1000\', \'Tambah-Murod-21-06-2023 14:03:43\', \'2023-06-21 14:03:43\', \'2023-06-21 14:03:43\')')
 3 SYSTEMPATH\Database\BaseConnection.php(620): CodeIgniter\Database\BaseConnection->simpleQuery('INSERT INTO `wo_bp_detail` (`nowo`, `kode`, `nama`, `kdmekanik`, `nmmekanik`, `jenis`, `qty`, `harga`, `pr_discount`, `subtotal`, `user`, `created_at`, `updated_at`) VALUES (\'BW20230600004\', \'OPL1\', \'SPOORING\', NULL, NULL, \'OPL\', \'1\', \'1000\', \'0.00\', \'1000\', \'Tambah-Murod-21-06-2023 14:03:43\', \'2023-06-21 14:03:43\', \'2023-06-21 14:03:43\')')
 4 SYSTEMPATH\Database\BaseBuilder.php(1916): CodeIgniter\Database\BaseConnection->query('INSERT INTO `wo_bp_detail` (`nowo`, `kode`, `nama`, `kdmekanik`, `nmmekanik`, `jenis`, `qty`, `harga`, `pr_discount`, `subtotal`, `user`, `created_at`, `updated_at`) VALUES (:nowo:, :kode:, :nama:, :kdmekanik:, :nmmekanik:, :jenis:, :qty:, :harga:, :pr_discount:, :subtotal:, :user:, :created_at:, :updated_at:)', [...], false)
 5 SYSTEMPATH\Model.php(279): CodeIgniter\Database\BaseBuilder->insert()
 6 SYSTEMPATH\BaseModel.php(738): CodeIgniter\Model->doInsert([...])
 7 SYSTEMPATH\Model.php(667): CodeIgniter\BaseModel->insert([...], true)
 8 APPPATH\Controllers\Estimasi_bp.php(2159): CodeIgniter\Model->insert([...])
 9 SYSTEMPATH\CodeIgniter.php(904): App\Controllers\Estimasi_bp->simpan_opl_wo()
10 SYSTEMPATH\CodeIgniter.php(457): CodeIgniter\CodeIgniter->runController(Object(App\Controllers\Estimasi_bp))
11 SYSTEMPATH\CodeIgniter.php(340): CodeIgniter\CodeIgniter->handleRequest(null, Object(Config\Cache), false)
12 FCPATH\index.php(67): CodeIgniter\CodeIgniter->run()
13 SYSTEMPATH\Commands\Server\rewrite.php(43): require_once('FCPATH\\index.php')
ERROR - 2023-06-21 14:03:49 --> mysqli_sql_exception: Column 'kdmekanik' cannot be null in D:\xampp\htdocs\hati\system\Database\MySQLi\Connection.php:292
Stack trace:
#0 D:\xampp\htdocs\hati\system\Database\MySQLi\Connection.php(292): mysqli->query('INSERT INTO `wo...', 0)
#1 D:\xampp\htdocs\hati\system\Database\BaseConnection.php(693): CodeIgniter\Database\MySQLi\Connection->execute('INSERT INTO `wo...')
#2 D:\xampp\htdocs\hati\system\Database\BaseConnection.php(620): CodeIgniter\Database\BaseConnection->simpleQuery('INSERT INTO `wo...')
#3 D:\xampp\htdocs\hati\system\Database\BaseBuilder.php(1916): CodeIgniter\Database\BaseConnection->query('INSERT INTO `wo...', Array, false)
#4 D:\xampp\htdocs\hati\system\Model.php(279): CodeIgniter\Database\BaseBuilder->insert()
#5 D:\xampp\htdocs\hati\system\BaseModel.php(738): CodeIgniter\Model->doInsert(Array)
#6 D:\xampp\htdocs\hati\system\Model.php(667): CodeIgniter\BaseModel->insert(Array, true)
#7 D:\xampp\htdocs\hati\app\Controllers\Estimasi_bp.php(2159): CodeIgniter\Model->insert(Array)
#8 D:\xampp\htdocs\hati\system\CodeIgniter.php(904): App\Controllers\Estimasi_bp->simpan_opl_wo()
#9 D:\xampp\htdocs\hati\system\CodeIgniter.php(457): CodeIgniter\CodeIgniter->runController(Object(App\Controllers\Estimasi_bp))
#10 D:\xampp\htdocs\hati\system\CodeIgniter.php(340): CodeIgniter\CodeIgniter->handleRequest(NULL, Object(Config\Cache), false)
#11 D:\xampp\htdocs\hati\public\index.php(67): CodeIgniter\CodeIgniter->run()
#12 D:\xampp\htdocs\hati\system\Commands\Server\rewrite.php(43): require_once('D:\\xampp\\htdocs...')
#13 {main}
CRITICAL - 2023-06-21 14:03:49 --> Column 'kdmekanik' cannot be null
in SYSTEMPATH\Database\MySQLi\Connection.php on line 292.
 1 SYSTEMPATH\Database\MySQLi\Connection.php(292): mysqli->query('INSERT INTO `wo_bp_detail` (`nowo`, `kode`, `nama`, `kdmekanik`, `nmmekanik`, `jenis`, `qty`, `harga`, `pr_discount`, `subtotal`, `user`, `created_at`, `updated_at`) VALUES (\'BW20230600004\', \'OPL1\', \'SPOORING\', NULL, NULL, \'OPL\', \'1\', \'1000\', \'0.00\', \'1000\', \'Tambah-Murod-21-06-2023 14:03:49\', \'2023-06-21 14:03:49\', \'2023-06-21 14:03:49\')', 0)
 2 SYSTEMPATH\Database\BaseConnection.php(693): CodeIgniter\Database\MySQLi\Connection->execute('INSERT INTO `wo_bp_detail` (`nowo`, `kode`, `nama`, `kdmekanik`, `nmmekanik`, `jenis`, `qty`, `harga`, `pr_discount`, `subtotal`, `user`, `created_at`, `updated_at`) VALUES (\'BW20230600004\', \'OPL1\', \'SPOORING\', NULL, NULL, \'OPL\', \'1\', \'1000\', \'0.00\', \'1000\', \'Tambah-Murod-21-06-2023 14:03:49\', \'2023-06-21 14:03:49\', \'2023-06-21 14:03:49\')')
 3 SYSTEMPATH\Database\BaseConnection.php(620): CodeIgniter\Database\BaseConnection->simpleQuery('INSERT INTO `wo_bp_detail` (`nowo`, `kode`, `nama`, `kdmekanik`, `nmmekanik`, `jenis`, `qty`, `harga`, `pr_discount`, `subtotal`, `user`, `created_at`, `updated_at`) VALUES (\'BW20230600004\', \'OPL1\', \'SPOORING\', NULL, NULL, \'OPL\', \'1\', \'1000\', \'0.00\', \'1000\', \'Tambah-Murod-21-06-2023 14:03:49\', \'2023-06-21 14:03:49\', \'2023-06-21 14:03:49\')')
 4 SYSTEMPATH\Database\BaseBuilder.php(1916): CodeIgniter\Database\BaseConnection->query('INSERT INTO `wo_bp_detail` (`nowo`, `kode`, `nama`, `kdmekanik`, `nmmekanik`, `jenis`, `qty`, `harga`, `pr_discount`, `subtotal`, `user`, `created_at`, `updated_at`) VALUES (:nowo:, :kode:, :nama:, :kdmekanik:, :nmmekanik:, :jenis:, :qty:, :harga:, :pr_discount:, :subtotal:, :user:, :created_at:, :updated_at:)', [...], false)
 5 SYSTEMPATH\Model.php(279): CodeIgniter\Database\BaseBuilder->insert()
 6 SYSTEMPATH\BaseModel.php(738): CodeIgniter\Model->doInsert([...])
 7 SYSTEMPATH\Model.php(667): CodeIgniter\BaseModel->insert([...], true)
 8 APPPATH\Controllers\Estimasi_bp.php(2159): CodeIgniter\Model->insert([...])
 9 SYSTEMPATH\CodeIgniter.php(904): App\Controllers\Estimasi_bp->simpan_opl_wo()
10 SYSTEMPATH\CodeIgniter.php(457): CodeIgniter\CodeIgniter->runController(Object(App\Controllers\Estimasi_bp))
11 SYSTEMPATH\CodeIgniter.php(340): CodeIgniter\CodeIgniter->handleRequest(null, Object(Config\Cache), false)
12 FCPATH\index.php(67): CodeIgniter\CodeIgniter->run()
13 SYSTEMPATH\Commands\Server\rewrite.php(43): require_once('FCPATH\\index.php')
ERROR - 2023-06-21 14:05:29 --> mysqli_sql_exception: Column 'kdmekanik' cannot be null in D:\xampp\htdocs\hati\system\Database\MySQLi\Connection.php:292
Stack trace:
#0 D:\xampp\htdocs\hati\system\Database\MySQLi\Connection.php(292): mysqli->query('INSERT INTO `wo...', 0)
#1 D:\xampp\htdocs\hati\system\Database\BaseConnection.php(693): CodeIgniter\Database\MySQLi\Connection->execute('INSERT INTO `wo...')
#2 D:\xampp\htdocs\hati\system\Database\BaseConnection.php(620): CodeIgniter\Database\BaseConnection->simpleQuery('INSERT INTO `wo...')
#3 D:\xampp\htdocs\hati\system\Database\BaseBuilder.php(1916): CodeIgniter\Database\BaseConnection->query('INSERT INTO `wo...', Array, false)
#4 D:\xampp\htdocs\hati\system\Model.php(279): CodeIgniter\Database\BaseBuilder->insert()
#5 D:\xampp\htdocs\hati\system\BaseModel.php(738): CodeIgniter\Model->doInsert(Array)
#6 D:\xampp\htdocs\hati\system\Model.php(667): CodeIgniter\BaseModel->insert(Array, true)
#7 D:\xampp\htdocs\hati\app\Controllers\Estimasi_bp.php(2159): CodeIgniter\Model->insert(Array)
#8 D:\xampp\htdocs\hati\system\CodeIgniter.php(904): App\Controllers\Estimasi_bp->simpan_opl_wo()
#9 D:\xampp\htdocs\hati\system\CodeIgniter.php(457): CodeIgniter\CodeIgniter->runController(Object(App\Controllers\Estimasi_bp))
#10 D:\xampp\htdocs\hati\system\CodeIgniter.php(340): CodeIgniter\CodeIgniter->handleRequest(NULL, Object(Config\Cache), false)
#11 D:\xampp\htdocs\hati\public\index.php(67): CodeIgniter\CodeIgniter->run()
#12 D:\xampp\htdocs\hati\system\Commands\Server\rewrite.php(43): require_once('D:\\xampp\\htdocs...')
#13 {main}
CRITICAL - 2023-06-21 14:05:29 --> Column 'kdmekanik' cannot be null
in SYSTEMPATH\Database\MySQLi\Connection.php on line 292.
 1 SYSTEMPATH\Database\MySQLi\Connection.php(292): mysqli->query('INSERT INTO `wo_bp_detail` (`nowo`, `kode`, `nama`, `kdmekanik`, `nmmekanik`, `jenis`, `qty`, `harga`, `pr_discount`, `subtotal`, `user`, `created_at`, `updated_at`) VALUES (\'BW20230600004\', \'OPL1\', \'SPOORING\', NULL, NULL, \'OPL\', \'1\', \'1000\', \'0.00\', \'1000\', \'Tambah-Murod-21-06-2023 14:05:29\', \'2023-06-21 14:05:29\', \'2023-06-21 14:05:29\')', 0)
 2 SYSTEMPATH\Database\BaseConnection.php(693): CodeIgniter\Database\MySQLi\Connection->execute('INSERT INTO `wo_bp_detail` (`nowo`, `kode`, `nama`, `kdmekanik`, `nmmekanik`, `jenis`, `qty`, `harga`, `pr_discount`, `subtotal`, `user`, `created_at`, `updated_at`) VALUES (\'BW20230600004\', \'OPL1\', \'SPOORING\', NULL, NULL, \'OPL\', \'1\', \'1000\', \'0.00\', \'1000\', \'Tambah-Murod-21-06-2023 14:05:29\', \'2023-06-21 14:05:29\', \'2023-06-21 14:05:29\')')
 3 SYSTEMPATH\Database\BaseConnection.php(620): CodeIgniter\Database\BaseConnection->simpleQuery('INSERT INTO `wo_bp_detail` (`nowo`, `kode`, `nama`, `kdmekanik`, `nmmekanik`, `jenis`, `qty`, `harga`, `pr_discount`, `subtotal`, `user`, `created_at`, `updated_at`) VALUES (\'BW20230600004\', \'OPL1\', \'SPOORING\', NULL, NULL, \'OPL\', \'1\', \'1000\', \'0.00\', \'1000\', \'Tambah-Murod-21-06-2023 14:05:29\', \'2023-06-21 14:05:29\', \'2023-06-21 14:05:29\')')
 4 SYSTEMPATH\Database\BaseBuilder.php(1916): CodeIgniter\Database\BaseConnection->query('INSERT INTO `wo_bp_detail` (`nowo`, `kode`, `nama`, `kdmekanik`, `nmmekanik`, `jenis`, `qty`, `harga`, `pr_discount`, `subtotal`, `user`, `created_at`, `updated_at`) VALUES (:nowo:, :kode:, :nama:, :kdmekanik:, :nmmekanik:, :jenis:, :qty:, :harga:, :pr_discount:, :subtotal:, :user:, :created_at:, :updated_at:)', [...], false)
 5 SYSTEMPATH\Model.php(279): CodeIgniter\Database\BaseBuilder->insert()
 6 SYSTEMPATH\BaseModel.php(738): CodeIgniter\Model->doInsert([...])
 7 SYSTEMPATH\Model.php(667): CodeIgniter\BaseModel->insert([...], true)
 8 APPPATH\Controllers\Estimasi_bp.php(2159): CodeIgniter\Model->insert([...])
 9 SYSTEMPATH\CodeIgniter.php(904): App\Controllers\Estimasi_bp->simpan_opl_wo()
10 SYSTEMPATH\CodeIgniter.php(457): CodeIgniter\CodeIgniter->runController(Object(App\Controllers\Estimasi_bp))
11 SYSTEMPATH\CodeIgniter.php(340): CodeIgniter\CodeIgniter->handleRequest(null, Object(Config\Cache), false)
12 FCPATH\index.php(67): CodeIgniter\CodeIgniter->run()
13 SYSTEMPATH\Commands\Server\rewrite.php(43): require_once('FCPATH\\index.php')
CRITICAL - 2023-06-21 15:31:09 --> Undefined array key "discount"
in APPPATH\Views\estimasi_bp\tbl_wo_part.php on line 42.
 1 APPPATH\Views\estimasi_bp\tbl_wo_part.php(42): CodeIgniter\Debug\Exceptions->errorHandler(2, 'Undefined array key "discount"', 'APPPATH\\Views\\estimasi_bp\\tbl_wo_part.php', 42)
 2 SYSTEMPATH\View\View.php(213): include('APPPATH\\Views\\estimasi_bp\\tbl_wo_part.php')
 3 SYSTEMPATH\View\View.php(216): CodeIgniter\View\View->CodeIgniter\View\{closure}()
 4 SYSTEMPATH\Common.php(1142): CodeIgniter\View\View->render('estimasi_bp/tbl_wo_part', [], true)
 5 APPPATH\Controllers\Estimasi_bp.php(1598): view('estimasi_bp/tbl_wo_part', [...])
 6 SYSTEMPATH\CodeIgniter.php(904): App\Controllers\Estimasi_bp->table_wo_bp_part()
 7 SYSTEMPATH\CodeIgniter.php(457): CodeIgniter\CodeIgniter->runController(Object(App\Controllers\Estimasi_bp))
 8 SYSTEMPATH\CodeIgniter.php(340): CodeIgniter\CodeIgniter->handleRequest(null, Object(Config\Cache), false)
 9 FCPATH\index.php(67): CodeIgniter\CodeIgniter->run()
10 SYSTEMPATH\Commands\Server\rewrite.php(43): require_once('FCPATH\\index.php')
CRITICAL - 2023-06-21 15:31:22 --> Undefined array key "discount"
in APPPATH\Views\estimasi_bp\tbl_wo_part.php on line 42.
 1 APPPATH\Views\estimasi_bp\tbl_wo_part.php(42): CodeIgniter\Debug\Exceptions->errorHandler(2, 'Undefined array key "discount"', 'APPPATH\\Views\\estimasi_bp\\tbl_wo_part.php', 42)
 2 SYSTEMPATH\View\View.php(213): include('APPPATH\\Views\\estimasi_bp\\tbl_wo_part.php')
 3 SYSTEMPATH\View\View.php(216): CodeIgniter\View\View->CodeIgniter\View\{closure}()
 4 SYSTEMPATH\Common.php(1142): CodeIgniter\View\View->render('estimasi_bp/tbl_wo_part', [], true)
 5 APPPATH\Controllers\Estimasi_bp.php(1598): view('estimasi_bp/tbl_wo_part', [...])
 6 SYSTEMPATH\CodeIgniter.php(904): App\Controllers\Estimasi_bp->table_wo_bp_part()
 7 SYSTEMPATH\CodeIgniter.php(457): CodeIgniter\CodeIgniter->runController(Object(App\Controllers\Estimasi_bp))
 8 SYSTEMPATH\CodeIgniter.php(340): CodeIgniter\CodeIgniter->handleRequest(null, Object(Config\Cache), false)
 9 FCPATH\index.php(67): CodeIgniter\CodeIgniter->run()
10 SYSTEMPATH\Commands\Server\rewrite.php(43): require_once('FCPATH\\index.php')
CRITICAL - 2023-06-21 05:10:03 --> Class "App\Models\Faktur_bpModel" not found
in APPPATH\Controllers\Close_faktur_bp.php on line 51.
 1 SYSTEMPATH\CodeIgniter.php(866): App\Controllers\Close_faktur_bp->__construct()
 2 SYSTEMPATH\CodeIgniter.php(448): CodeIgniter\CodeIgniter->createController()
 3 SYSTEMPATH\CodeIgniter.php(340): CodeIgniter\CodeIgniter->handleRequest(null, Object(Config\Cache), false)
 4 FCPATH\index.php(67): CodeIgniter\CodeIgniter->run()
 5 SYSTEMPATH\Commands\Server\rewrite.php(43): require_once('FCPATH\\index.php')
CRITICAL - 2023-06-21 05:10:41 --> Class "App\Models\Faktur_bpModel" not found
in APPPATH\Controllers\Close_faktur_bp.php on line 39.
 1 SYSTEMPATH\CodeIgniter.php(866): App\Controllers\Close_faktur_bp->__construct()
 2 SYSTEMPATH\CodeIgniter.php(448): CodeIgniter\CodeIgniter->createController()
 3 SYSTEMPATH\CodeIgniter.php(340): CodeIgniter\CodeIgniter->handleRequest(null, Object(Config\Cache), false)
 4 FCPATH\index.php(67): CodeIgniter\CodeIgniter->run()
 5 SYSTEMPATH\Commands\Server\rewrite.php(43): require_once('FCPATH\\index.php')
ERROR - 2023-06-21 17:16:41 --> mysqli_sql_exception: Unknown column 'nofaktur' in 'order clause' in D:\xampp\htdocs\hati\system\Database\MySQLi\Connection.php:292
Stack trace:
#0 D:\xampp\htdocs\hati\system\Database\MySQLi\Connection.php(292): mysqli->query('SELECT *\nFROM `...', 0)
#1 D:\xampp\htdocs\hati\system\Database\BaseConnection.php(693): CodeIgniter\Database\MySQLi\Connection->execute('SELECT *\nFROM `...')
#2 D:\xampp\htdocs\hati\system\Database\BaseConnection.php(620): CodeIgniter\Database\BaseConnection->simpleQuery('SELECT *\nFROM `...')
#3 D:\xampp\htdocs\hati\system\Database\BaseBuilder.php(1585): CodeIgniter\Database\BaseConnection->query('SELECT *\nFROM `...', Array, false)
#4 D:\xampp\htdocs\hati\system\Model.php(223): CodeIgniter\Database\BaseBuilder->get()
#5 D:\xampp\htdocs\hati\system\BaseModel.php(584): CodeIgniter\Model->doFindAll(0, 0)
#6 D:\xampp\htdocs\hati\app\Controllers\Close_faktur_bp.php(73): CodeIgniter\BaseModel->findAll()
#7 D:\xampp\htdocs\hati\system\CodeIgniter.php(904): App\Controllers\Close_faktur_bp->index()
#8 D:\xampp\htdocs\hati\system\CodeIgniter.php(457): CodeIgniter\CodeIgniter->runController(Object(App\Controllers\Close_faktur_bp))
#9 D:\xampp\htdocs\hati\system\CodeIgniter.php(340): CodeIgniter\CodeIgniter->handleRequest(NULL, Object(Config\Cache), false)
#10 D:\xampp\htdocs\hati\public\index.php(67): CodeIgniter\CodeIgniter->run()
#11 D:\xampp\htdocs\hati\system\Commands\Server\rewrite.php(43): require_once('D:\\xampp\\htdocs...')
#12 {main}
CRITICAL - 2023-06-21 17:16:41 --> Unknown column 'nofaktur' in 'order clause'
in SYSTEMPATH\Database\MySQLi\Connection.php on line 292.
 1 SYSTEMPATH\Database\MySQLi\Connection.php(292): mysqli->query('SELECT *
FROM `wo_bp`
ORDER BY `nofaktur`', 0)
 2 SYSTEMPATH\Database\BaseConnection.php(693): CodeIgniter\Database\MySQLi\Connection->execute('SELECT *
FROM `wo_bp`
ORDER BY `nofaktur`')
 3 SYSTEMPATH\Database\BaseConnection.php(620): CodeIgniter\Database\BaseConnection->simpleQuery('SELECT *
FROM `wo_bp`
ORDER BY `nofaktur`')
 4 SYSTEMPATH\Database\BaseBuilder.php(1585): CodeIgniter\Database\BaseConnection->query('SELECT *
FROM `wo_bp`
ORDER BY `nofaktur`', [], false)
 5 SYSTEMPATH\Model.php(223): CodeIgniter\Database\BaseBuilder->get()
 6 SYSTEMPATH\BaseModel.php(584): CodeIgniter\Model->doFindAll(0, 0)
 7 APPPATH\Controllers\Close_faktur_bp.php(73): CodeIgniter\BaseModel->findAll()
 8 SYSTEMPATH\CodeIgniter.php(904): App\Controllers\Close_faktur_bp->index()
 9 SYSTEMPATH\CodeIgniter.php(457): CodeIgniter\CodeIgniter->runController(Object(App\Controllers\Close_faktur_bp))
10 SYSTEMPATH\CodeIgniter.php(340): CodeIgniter\CodeIgniter->handleRequest(null, Object(Config\Cache), false)
11 FCPATH\index.php(67): CodeIgniter\CodeIgniter->run()
12 SYSTEMPATH\Commands\Server\rewrite.php(43): require_once('FCPATH\\index.php')
ERROR - 2023-06-21 17:17:34 --> mysqli_sql_exception: Unknown column 'nofaktur' in 'order clause' in D:\xampp\htdocs\hati\system\Database\MySQLi\Connection.php:292
Stack trace:
#0 D:\xampp\htdocs\hati\system\Database\MySQLi\Connection.php(292): mysqli->query('SELECT *\nFROM `...', 0)
#1 D:\xampp\htdocs\hati\system\Database\BaseConnection.php(693): CodeIgniter\Database\MySQLi\Connection->execute('SELECT *\nFROM `...')
#2 D:\xampp\htdocs\hati\system\Database\BaseConnection.php(620): CodeIgniter\Database\BaseConnection->simpleQuery('SELECT *\nFROM `...')
#3 D:\xampp\htdocs\hati\system\Database\BaseBuilder.php(1585): CodeIgniter\Database\BaseConnection->query('SELECT *\nFROM `...', Array, false)
#4 D:\xampp\htdocs\hati\system\Model.php(223): CodeIgniter\Database\BaseBuilder->get()
#5 D:\xampp\htdocs\hati\system\BaseModel.php(584): CodeIgniter\Model->doFindAll(0, 0)
#6 D:\xampp\htdocs\hati\app\Controllers\Close_faktur_bp.php(73): CodeIgniter\BaseModel->findAll()
#7 D:\xampp\htdocs\hati\system\CodeIgniter.php(904): App\Controllers\Close_faktur_bp->index()
#8 D:\xampp\htdocs\hati\system\CodeIgniter.php(457): CodeIgniter\CodeIgniter->runController(Object(App\Controllers\Close_faktur_bp))
#9 D:\xampp\htdocs\hati\system\CodeIgniter.php(340): CodeIgniter\CodeIgniter->handleRequest(NULL, Object(Config\Cache), false)
#10 D:\xampp\htdocs\hati\public\index.php(67): CodeIgniter\CodeIgniter->run()
#11 D:\xampp\htdocs\hati\system\Commands\Server\rewrite.php(43): require_once('D:\\xampp\\htdocs...')
#12 {main}
CRITICAL - 2023-06-21 17:17:34 --> Unknown column 'nofaktur' in 'order clause'
in SYSTEMPATH\Database\MySQLi\Connection.php on line 292.
 1 SYSTEMPATH\Database\MySQLi\Connection.php(292): mysqli->query('SELECT *
FROM `wo_bp`
ORDER BY `nofaktur`', 0)
 2 SYSTEMPATH\Database\BaseConnection.php(693): CodeIgniter\Database\MySQLi\Connection->execute('SELECT *
FROM `wo_bp`
ORDER BY `nofaktur`')
 3 SYSTEMPATH\Database\BaseConnection.php(620): CodeIgniter\Database\BaseConnection->simpleQuery('SELECT *
FROM `wo_bp`
ORDER BY `nofaktur`')
 4 SYSTEMPATH\Database\BaseBuilder.php(1585): CodeIgniter\Database\BaseConnection->query('SELECT *
FROM `wo_bp`
ORDER BY `nofaktur`', [], false)
 5 SYSTEMPATH\Model.php(223): CodeIgniter\Database\BaseBuilder->get()
 6 SYSTEMPATH\BaseModel.php(584): CodeIgniter\Model->doFindAll(0, 0)
 7 APPPATH\Controllers\Close_faktur_bp.php(73): CodeIgniter\BaseModel->findAll()
 8 SYSTEMPATH\CodeIgniter.php(904): App\Controllers\Close_faktur_bp->index()
 9 SYSTEMPATH\CodeIgniter.php(457): CodeIgniter\CodeIgniter->runController(Object(App\Controllers\Close_faktur_bp))
10 SYSTEMPATH\CodeIgniter.php(340): CodeIgniter\CodeIgniter->handleRequest(null, Object(Config\Cache), false)
11 FCPATH\index.php(67): CodeIgniter\CodeIgniter->run()
12 SYSTEMPATH\Commands\Server\rewrite.php(43): require_once('FCPATH\\index.php')
