CRITICAL - 2022-10-09 07:53:55 --> Invalid file: tbagama/table_agama.php
in SYSTEMPATH\Exceptions\FrameworkException.php on line 33.
 1 SYSTEMPATH\View\View.php(201): CodeIgniter\Exceptions\FrameworkException::forInvalidFile('tbagama/table_agama.php')
 2 SYSTEMPATH\Common.php(1142): CodeIgniter\View\View->render('tbagama/table_agama', [], true)
 3 APPPATH\Controllers\Tbagama.php(197): view('tbagama/table_agama', [...])
 4 SYSTEMPATH\CodeIgniter.php(904): App\Controllers\Tbagama->table_agama()
 5 SYSTEMPATH\CodeIgniter.php(457): CodeIgniter\CodeIgniter->runController(Object(App\Controllers\Tbagama))
 6 SYSTEMPATH\CodeIgniter.php(340): CodeIgniter\CodeIgniter->handleRequest(null, Object(Config\Cache), false)
 7 FCPATH\index.php(67): CodeIgniter\CodeIgniter->run()
 8 SYSTEMPATH\Commands\Server\rewrite.php(43): require_once('FCPATH\\index.php')
CRITICAL - 2022-10-09 07:54:58 --> Invalid file: tbagama/table_agama.php
in SYSTEMPATH\Exceptions\FrameworkException.php on line 33.
 1 SYSTEMPATH\View\View.php(201): CodeIgniter\Exceptions\FrameworkException::forInvalidFile('tbagama/table_agama.php')
 2 SYSTEMPATH\Common.php(1142): CodeIgniter\View\View->render('tbagama/table_agama', [], true)
 3 APPPATH\Controllers\Tbagama.php(197): view('tbagama/table_agama', [...])
 4 SYSTEMPATH\CodeIgniter.php(904): App\Controllers\Tbagama->table_agama()
 5 SYSTEMPATH\CodeIgniter.php(457): CodeIgniter\CodeIgniter->runController(Object(App\Controllers\Tbagama))
 6 SYSTEMPATH\CodeIgniter.php(340): CodeIgniter\CodeIgniter->handleRequest(null, Object(Config\Cache), false)
 7 FCPATH\index.php(67): CodeIgniter\CodeIgniter->run()
 8 SYSTEMPATH\Commands\Server\rewrite.php(43): require_once('FCPATH\\index.php')
CRITICAL - 2022-10-09 07:56:30 --> Invalid file: tbagama/table_agama.php
in SYSTEMPATH\Exceptions\FrameworkException.php on line 33.
 1 SYSTEMPATH\View\View.php(201): CodeIgniter\Exceptions\FrameworkException::forInvalidFile('tbagama/table_agama.php')
 2 SYSTEMPATH\Common.php(1142): CodeIgniter\View\View->render('tbagama/table_agama', [], true)
 3 APPPATH\Controllers\Tbagama.php(197): view('tbagama/table_agama', [...])
 4 SYSTEMPATH\CodeIgniter.php(904): App\Controllers\Tbagama->table_agama()
 5 SYSTEMPATH\CodeIgniter.php(457): CodeIgniter\CodeIgniter->runController(Object(App\Controllers\Tbagama))
 6 SYSTEMPATH\CodeIgniter.php(340): CodeIgniter\CodeIgniter->handleRequest(null, Object(Config\Cache), false)
 7 FCPATH\index.php(67): CodeIgniter\CodeIgniter->run()
 8 SYSTEMPATH\Commands\Server\rewrite.php(43): require_once('FCPATH\\index.php')
CRITICAL - 2022-10-09 16:49:23 --> Undefined property: CodeIgniter\View\View::$uri
in APPPATH\Views\dashboard\index.php on line 64.
 1 APPPATH\Views\dashboard\index.php(64): CodeIgniter\Debug\Exceptions->errorHandler(2, 'Undefined property: CodeIgniter\\View\\View::$uri', 'APPPATH\\Views\\dashboard\\index.php', 64)
 2 SYSTEMPATH\View\View.php(213): include('APPPATH\\Views\\dashboard\\index.php')
 3 SYSTEMPATH\View\View.php(216): CodeIgniter\View\View->CodeIgniter\View\{closure}()
 4 SYSTEMPATH\View\View.php(229): CodeIgniter\View\View->render('dashboard/index', [], true)
 5 SYSTEMPATH\Common.php(1142): CodeIgniter\View\View->render('tbcabang/index', [], true)
 6 APPPATH\Controllers\Tbcabang.php(40): view('tbcabang/index', [...])
 7 SYSTEMPATH\CodeIgniter.php(904): App\Controllers\Tbcabang->index()
 8 SYSTEMPATH\CodeIgniter.php(457): CodeIgniter\CodeIgniter->runController(Object(App\Controllers\Tbcabang))
 9 SYSTEMPATH\CodeIgniter.php(340): CodeIgniter\CodeIgniter->handleRequest(null, Object(Config\Cache), false)
10 FCPATH\index.php(67): CodeIgniter\CodeIgniter->run()
11 SYSTEMPATH\Commands\Server\rewrite.php(43): require_once('FCPATH\\index.php')
ERROR - 2022-10-09 17:02:48 --> Error connecting to the database: mysqli_sql_exception: No connection could be made because the target machine actively refused it in D:\xampp\htdocs\ci4sbadmin704\system\Database\MySQLi\Connection.php:171
Stack trace:
#0 D:\xampp\htdocs\ci4sbadmin704\system\Database\MySQLi\Connection.php(171): mysqli->real_connect('localhost', 'root', '', 'ci4', 3306, '', 0)
#1 D:\xampp\htdocs\ci4sbadmin704\system\Database\BaseConnection.php(382): CodeIgniter\Database\MySQLi\Connection->connect(false)
#2 D:\xampp\htdocs\ci4sbadmin704\system\Database\BaseConnection.php(588): CodeIgniter\Database\BaseConnection->initialize()
#3 D:\xampp\htdocs\ci4sbadmin704\system\Database\BaseBuilder.php(1585): CodeIgniter\Database\BaseConnection->query('SELECT *\nFROM `...', Array, false)
#4 D:\xampp\htdocs\ci4sbadmin704\system\Model.php(223): CodeIgniter\Database\BaseBuilder->get()
#5 D:\xampp\htdocs\ci4sbadmin704\system\BaseModel.php(584): CodeIgniter\Model->doFindAll(0, 0)
#6 D:\xampp\htdocs\ci4sbadmin704\app\Controllers\Tbcabang.php(19): CodeIgniter\BaseModel->findAll()
#7 D:\xampp\htdocs\ci4sbadmin704\system\CodeIgniter.php(904): App\Controllers\Tbcabang->index()
#8 D:\xampp\htdocs\ci4sbadmin704\system\CodeIgniter.php(457): CodeIgniter\CodeIgniter->runController(Object(App\Controllers\Tbcabang))
#9 D:\xampp\htdocs\ci4sbadmin704\system\CodeIgniter.php(340): CodeIgniter\CodeIgniter->handleRequest(NULL, Object(Config\Cache), false)
#10 D:\xampp\htdocs\ci4sbadmin704\public\index.php(67): CodeIgniter\CodeIgniter->run()
#11 D:\xampp\htdocs\ci4sbadmin704\system\Commands\Server\rewrite.php(43): require_once('D:\\xampp\\htdocs...')
#12 {main}

Next CodeIgniter\Database\Exceptions\DatabaseException: No connection could be made because the target machine actively refused it in D:\xampp\htdocs\ci4sbadmin704\system\Database\MySQLi\Connection.php:215
Stack trace:
#0 D:\xampp\htdocs\ci4sbadmin704\system\Database\BaseConnection.php(382): CodeIgniter\Database\MySQLi\Connection->connect(false)
#1 D:\xampp\htdocs\ci4sbadmin704\system\Database\BaseConnection.php(588): CodeIgniter\Database\BaseConnection->initialize()
#2 D:\xampp\htdocs\ci4sbadmin704\system\Database\BaseBuilder.php(1585): CodeIgniter\Database\BaseConnection->query('SELECT *\nFROM `...', Array, false)
#3 D:\xampp\htdocs\ci4sbadmin704\system\Model.php(223): CodeIgniter\Database\BaseBuilder->get()
#4 D:\xampp\htdocs\ci4sbadmin704\system\BaseModel.php(584): CodeIgniter\Model->doFindAll(0, 0)
#5 D:\xampp\htdocs\ci4sbadmin704\app\Controllers\Tbcabang.php(19): CodeIgniter\BaseModel->findAll()
#6 D:\xampp\htdocs\ci4sbadmin704\system\CodeIgniter.php(904): App\Controllers\Tbcabang->index()
#7 D:\xampp\htdocs\ci4sbadmin704\system\CodeIgniter.php(457): CodeIgniter\CodeIgniter->runController(Object(App\Controllers\Tbcabang))
#8 D:\xampp\htdocs\ci4sbadmin704\system\CodeIgniter.php(340): CodeIgniter\CodeIgniter->handleRequest(NULL, Object(Config\Cache), false)
#9 D:\xampp\htdocs\ci4sbadmin704\public\index.php(67): CodeIgniter\CodeIgniter->run()
#10 D:\xampp\htdocs\ci4sbadmin704\system\Commands\Server\rewrite.php(43): require_once('D:\\xampp\\htdocs...')
#11 {main}
CRITICAL - 2022-10-09 17:02:48 --> Unable to connect to the database.
Main connection [MySQLi]: No connection could be made because the target machine actively refused it
in SYSTEMPATH\Database\BaseConnection.php on line 418.
 1 SYSTEMPATH\Database\BaseConnection.php(588): CodeIgniter\Database\BaseConnection->initialize()
 2 SYSTEMPATH\Database\BaseBuilder.php(1585): CodeIgniter\Database\BaseConnection->query('SELECT *
FROM `tbcabang`
ORDER BY `kode`', [], false)
 3 SYSTEMPATH\Model.php(223): CodeIgniter\Database\BaseBuilder->get()
 4 SYSTEMPATH\BaseModel.php(584): CodeIgniter\Model->doFindAll(0, 0)
 5 APPPATH\Controllers\Tbcabang.php(19): CodeIgniter\BaseModel->findAll()
 6 SYSTEMPATH\CodeIgniter.php(904): App\Controllers\Tbcabang->index()
 7 SYSTEMPATH\CodeIgniter.php(457): CodeIgniter\CodeIgniter->runController(Object(App\Controllers\Tbcabang))
 8 SYSTEMPATH\CodeIgniter.php(340): CodeIgniter\CodeIgniter->handleRequest(null, Object(Config\Cache), false)
 9 FCPATH\index.php(67): CodeIgniter\CodeIgniter->run()
10 SYSTEMPATH\Commands\Server\rewrite.php(43): require_once('FCPATH\\index.php')
CRITICAL - 2022-10-09 05:02:49 --> Undefined property: CodeIgniter\View\View::$url
in APPPATH\Views\dashboard\index.php on line 64.
 1 APPPATH\Views\dashboard\index.php(64): CodeIgniter\Debug\Exceptions->errorHandler(2, 'Undefined property: CodeIgniter\\View\\View::$url', 'APPPATH\\Views\\dashboard\\index.php', 64)
 2 SYSTEMPATH\View\View.php(213): include('APPPATH\\Views\\dashboard\\index.php')
 3 SYSTEMPATH\View\View.php(216): CodeIgniter\View\View->CodeIgniter\View\{closure}()
 4 SYSTEMPATH\Common.php(1142): CodeIgniter\View\View->render('dashboard/index', [], true)
 5 APPPATH\Controllers\Dashboard.php(14): view('dashboard/index')
 6 SYSTEMPATH\CodeIgniter.php(904): App\Controllers\Dashboard->index()
 7 SYSTEMPATH\CodeIgniter.php(457): CodeIgniter\CodeIgniter->runController(Object(App\Controllers\Dashboard))
 8 SYSTEMPATH\CodeIgniter.php(340): CodeIgniter\CodeIgniter->handleRequest(null, Object(Config\Cache), false)
 9 FCPATH\index.php(67): CodeIgniter\CodeIgniter->run()
10 SYSTEMPATH\Commands\Server\rewrite.php(43): require_once('FCPATH\\index.php')
CRITICAL - 2022-10-09 05:06:07 --> Undefined property: CodeIgniter\View\View::$url
in APPPATH\Views\dashboard\index.php on line 64.
 1 APPPATH\Views\dashboard\index.php(64): CodeIgniter\Debug\Exceptions->errorHandler(2, 'Undefined property: CodeIgniter\\View\\View::$url', 'APPPATH\\Views\\dashboard\\index.php', 64)
 2 SYSTEMPATH\View\View.php(213): include('APPPATH\\Views\\dashboard\\index.php')
 3 SYSTEMPATH\View\View.php(216): CodeIgniter\View\View->CodeIgniter\View\{closure}()
 4 SYSTEMPATH\Common.php(1142): CodeIgniter\View\View->render('dashboard/index', [], true)
 5 APPPATH\Controllers\Dashboard.php(14): view('dashboard/index')
 6 SYSTEMPATH\CodeIgniter.php(904): App\Controllers\Dashboard->index()
 7 SYSTEMPATH\CodeIgniter.php(457): CodeIgniter\CodeIgniter->runController(Object(App\Controllers\Dashboard))
 8 SYSTEMPATH\CodeIgniter.php(340): CodeIgniter\CodeIgniter->handleRequest(null, Object(Config\Cache), false)
 9 FCPATH\index.php(67): CodeIgniter\CodeIgniter->run()
10 SYSTEMPATH\Commands\Server\rewrite.php(43): require_once('FCPATH\\index.php')
CRITICAL - 2022-10-09 05:07:29 --> Undefined property: CodeIgniter\View\View::$url
in APPPATH\Views\dashboard\index.php on line 64.
 1 APPPATH\Views\dashboard\index.php(64): CodeIgniter\Debug\Exceptions->errorHandler(2, 'Undefined property: CodeIgniter\\View\\View::$url', 'APPPATH\\Views\\dashboard\\index.php', 64)
 2 SYSTEMPATH\View\View.php(213): include('APPPATH\\Views\\dashboard\\index.php')
 3 SYSTEMPATH\View\View.php(216): CodeIgniter\View\View->CodeIgniter\View\{closure}()
 4 SYSTEMPATH\Common.php(1142): CodeIgniter\View\View->render('dashboard/index', [], true)
 5 APPPATH\Controllers\Dashboard.php(14): view('dashboard/index')
 6 SYSTEMPATH\CodeIgniter.php(904): App\Controllers\Dashboard->index()
 7 SYSTEMPATH\CodeIgniter.php(457): CodeIgniter\CodeIgniter->runController(Object(App\Controllers\Dashboard))
 8 SYSTEMPATH\CodeIgniter.php(340): CodeIgniter\CodeIgniter->handleRequest(null, Object(Config\Cache), false)
 9 FCPATH\index.php(67): CodeIgniter\CodeIgniter->run()
10 SYSTEMPATH\Commands\Server\rewrite.php(43): require_once('FCPATH\\index.php')
CRITICAL - 2022-10-09 05:07:34 --> Undefined property: CodeIgniter\View\View::$url
in APPPATH\Views\dashboard\index.php on line 64.
 1 APPPATH\Views\dashboard\index.php(64): CodeIgniter\Debug\Exceptions->errorHandler(2, 'Undefined property: CodeIgniter\\View\\View::$url', 'APPPATH\\Views\\dashboard\\index.php', 64)
 2 SYSTEMPATH\View\View.php(213): include('APPPATH\\Views\\dashboard\\index.php')
 3 SYSTEMPATH\View\View.php(216): CodeIgniter\View\View->CodeIgniter\View\{closure}()
 4 SYSTEMPATH\Common.php(1142): CodeIgniter\View\View->render('dashboard/index', [], true)
 5 APPPATH\Controllers\Dashboard.php(14): view('dashboard/index')
 6 SYSTEMPATH\CodeIgniter.php(904): App\Controllers\Dashboard->index()
 7 SYSTEMPATH\CodeIgniter.php(457): CodeIgniter\CodeIgniter->runController(Object(App\Controllers\Dashboard))
 8 SYSTEMPATH\CodeIgniter.php(340): CodeIgniter\CodeIgniter->handleRequest(null, Object(Config\Cache), false)
 9 FCPATH\index.php(67): CodeIgniter\CodeIgniter->run()
10 SYSTEMPATH\Commands\Server\rewrite.php(43): require_once('FCPATH\\index.php')
CRITICAL - 2022-10-09 05:07:35 --> Undefined property: CodeIgniter\View\View::$url
in APPPATH\Views\dashboard\index.php on line 64.
 1 APPPATH\Views\dashboard\index.php(64): CodeIgniter\Debug\Exceptions->errorHandler(2, 'Undefined property: CodeIgniter\\View\\View::$url', 'APPPATH\\Views\\dashboard\\index.php', 64)
 2 SYSTEMPATH\View\View.php(213): include('APPPATH\\Views\\dashboard\\index.php')
 3 SYSTEMPATH\View\View.php(216): CodeIgniter\View\View->CodeIgniter\View\{closure}()
 4 SYSTEMPATH\Common.php(1142): CodeIgniter\View\View->render('dashboard/index', [], true)
 5 APPPATH\Controllers\Dashboard.php(14): view('dashboard/index')
 6 SYSTEMPATH\CodeIgniter.php(904): App\Controllers\Dashboard->index()
 7 SYSTEMPATH\CodeIgniter.php(457): CodeIgniter\CodeIgniter->runController(Object(App\Controllers\Dashboard))
 8 SYSTEMPATH\CodeIgniter.php(340): CodeIgniter\CodeIgniter->handleRequest(null, Object(Config\Cache), false)
 9 FCPATH\index.php(67): CodeIgniter\CodeIgniter->run()
10 SYSTEMPATH\Commands\Server\rewrite.php(43): require_once('FCPATH\\index.php')
CRITICAL - 2022-10-09 05:07:35 --> Undefined property: CodeIgniter\View\View::$url
in APPPATH\Views\dashboard\index.php on line 64.
 1 APPPATH\Views\dashboard\index.php(64): CodeIgniter\Debug\Exceptions->errorHandler(2, 'Undefined property: CodeIgniter\\View\\View::$url', 'APPPATH\\Views\\dashboard\\index.php', 64)
 2 SYSTEMPATH\View\View.php(213): include('APPPATH\\Views\\dashboard\\index.php')
 3 SYSTEMPATH\View\View.php(216): CodeIgniter\View\View->CodeIgniter\View\{closure}()
 4 SYSTEMPATH\Common.php(1142): CodeIgniter\View\View->render('dashboard/index', [], true)
 5 APPPATH\Controllers\Dashboard.php(14): view('dashboard/index')
 6 SYSTEMPATH\CodeIgniter.php(904): App\Controllers\Dashboard->index()
 7 SYSTEMPATH\CodeIgniter.php(457): CodeIgniter\CodeIgniter->runController(Object(App\Controllers\Dashboard))
 8 SYSTEMPATH\CodeIgniter.php(340): CodeIgniter\CodeIgniter->handleRequest(null, Object(Config\Cache), false)
 9 FCPATH\index.php(67): CodeIgniter\CodeIgniter->run()
10 SYSTEMPATH\Commands\Server\rewrite.php(43): require_once('FCPATH\\index.php')
CRITICAL - 2022-10-09 05:08:19 --> Undefined variable $request
in APPPATH\Views\dashboard\index.php on line 63.
 1 APPPATH\Views\dashboard\index.php(63): CodeIgniter\Debug\Exceptions->errorHandler(2, 'Undefined variable $request', 'APPPATH\\Views\\dashboard\\index.php', 63)
 2 SYSTEMPATH\View\View.php(213): include('APPPATH\\Views\\dashboard\\index.php')
 3 SYSTEMPATH\View\View.php(216): CodeIgniter\View\View->CodeIgniter\View\{closure}()
 4 SYSTEMPATH\Common.php(1142): CodeIgniter\View\View->render('dashboard/index', [], true)
 5 APPPATH\Controllers\Dashboard.php(14): view('dashboard/index')
 6 SYSTEMPATH\CodeIgniter.php(904): App\Controllers\Dashboard->index()
 7 SYSTEMPATH\CodeIgniter.php(457): CodeIgniter\CodeIgniter->runController(Object(App\Controllers\Dashboard))
 8 SYSTEMPATH\CodeIgniter.php(340): CodeIgniter\CodeIgniter->handleRequest(null, Object(Config\Cache), false)
 9 FCPATH\index.php(67): CodeIgniter\CodeIgniter->run()
10 SYSTEMPATH\Commands\Server\rewrite.php(43): require_once('FCPATH\\index.php')
CRITICAL - 2022-10-09 05:08:47 --> Call to undefined method CodeIgniter\View\View::uri()
in APPPATH\Views\dashboard\index.php on line 63.
 1 SYSTEMPATH\View\View.php(213): include()
 2 SYSTEMPATH\View\View.php(216): CodeIgniter\View\View->CodeIgniter\View\{closure}()
 3 SYSTEMPATH\Common.php(1142): CodeIgniter\View\View->render('dashboard/index', [], true)
 4 APPPATH\Controllers\Dashboard.php(14): view('dashboard/index')
 5 SYSTEMPATH\CodeIgniter.php(904): App\Controllers\Dashboard->index()
 6 SYSTEMPATH\CodeIgniter.php(457): CodeIgniter\CodeIgniter->runController(Object(App\Controllers\Dashboard))
 7 SYSTEMPATH\CodeIgniter.php(340): CodeIgniter\CodeIgniter->handleRequest(null, Object(Config\Cache), false)
 8 FCPATH\index.php(67): CodeIgniter\CodeIgniter->run()
 9 SYSTEMPATH\Commands\Server\rewrite.php(43): require_once('FCPATH\\index.php')
ERROR - 2022-10-09 17:11:33 --> Error connecting to the database: mysqli_sql_exception: No connection could be made because the target machine actively refused it in D:\xampp\htdocs\ci4sbadmin704\system\Database\MySQLi\Connection.php:171
Stack trace:
#0 D:\xampp\htdocs\ci4sbadmin704\system\Database\MySQLi\Connection.php(171): mysqli->real_connect('localhost', 'root', '', 'ci4', 3306, '', 0)
#1 D:\xampp\htdocs\ci4sbadmin704\system\Database\BaseConnection.php(382): CodeIgniter\Database\MySQLi\Connection->connect(false)
#2 D:\xampp\htdocs\ci4sbadmin704\system\Database\BaseConnection.php(588): CodeIgniter\Database\BaseConnection->initialize()
#3 D:\xampp\htdocs\ci4sbadmin704\system\Database\BaseBuilder.php(1585): CodeIgniter\Database\BaseConnection->query('SELECT *\nFROM `...', Array, false)
#4 D:\xampp\htdocs\ci4sbadmin704\system\Model.php(223): CodeIgniter\Database\BaseBuilder->get()
#5 D:\xampp\htdocs\ci4sbadmin704\system\BaseModel.php(584): CodeIgniter\Model->doFindAll(0, 0)
#6 D:\xampp\htdocs\ci4sbadmin704\app\Controllers\Tbcabang.php(19): CodeIgniter\BaseModel->findAll()
#7 D:\xampp\htdocs\ci4sbadmin704\system\CodeIgniter.php(904): App\Controllers\Tbcabang->index()
#8 D:\xampp\htdocs\ci4sbadmin704\system\CodeIgniter.php(457): CodeIgniter\CodeIgniter->runController(Object(App\Controllers\Tbcabang))
#9 D:\xampp\htdocs\ci4sbadmin704\system\CodeIgniter.php(340): CodeIgniter\CodeIgniter->handleRequest(NULL, Object(Config\Cache), false)
#10 D:\xampp\htdocs\ci4sbadmin704\public\index.php(67): CodeIgniter\CodeIgniter->run()
#11 D:\xampp\htdocs\ci4sbadmin704\system\Commands\Server\rewrite.php(43): require_once('D:\\xampp\\htdocs...')
#12 {main}

Next CodeIgniter\Database\Exceptions\DatabaseException: No connection could be made because the target machine actively refused it in D:\xampp\htdocs\ci4sbadmin704\system\Database\MySQLi\Connection.php:215
Stack trace:
#0 D:\xampp\htdocs\ci4sbadmin704\system\Database\BaseConnection.php(382): CodeIgniter\Database\MySQLi\Connection->connect(false)
#1 D:\xampp\htdocs\ci4sbadmin704\system\Database\BaseConnection.php(588): CodeIgniter\Database\BaseConnection->initialize()
#2 D:\xampp\htdocs\ci4sbadmin704\system\Database\BaseBuilder.php(1585): CodeIgniter\Database\BaseConnection->query('SELECT *\nFROM `...', Array, false)
#3 D:\xampp\htdocs\ci4sbadmin704\system\Model.php(223): CodeIgniter\Database\BaseBuilder->get()
#4 D:\xampp\htdocs\ci4sbadmin704\system\BaseModel.php(584): CodeIgniter\Model->doFindAll(0, 0)
#5 D:\xampp\htdocs\ci4sbadmin704\app\Controllers\Tbcabang.php(19): CodeIgniter\BaseModel->findAll()
#6 D:\xampp\htdocs\ci4sbadmin704\system\CodeIgniter.php(904): App\Controllers\Tbcabang->index()
#7 D:\xampp\htdocs\ci4sbadmin704\system\CodeIgniter.php(457): CodeIgniter\CodeIgniter->runController(Object(App\Controllers\Tbcabang))
#8 D:\xampp\htdocs\ci4sbadmin704\system\CodeIgniter.php(340): CodeIgniter\CodeIgniter->handleRequest(NULL, Object(Config\Cache), false)
#9 D:\xampp\htdocs\ci4sbadmin704\public\index.php(67): CodeIgniter\CodeIgniter->run()
#10 D:\xampp\htdocs\ci4sbadmin704\system\Commands\Server\rewrite.php(43): require_once('D:\\xampp\\htdocs...')
#11 {main}
CRITICAL - 2022-10-09 17:11:33 --> Unable to connect to the database.
Main connection [MySQLi]: No connection could be made because the target machine actively refused it
in SYSTEMPATH\Database\BaseConnection.php on line 418.
 1 SYSTEMPATH\Database\BaseConnection.php(588): CodeIgniter\Database\BaseConnection->initialize()
 2 SYSTEMPATH\Database\BaseBuilder.php(1585): CodeIgniter\Database\BaseConnection->query('SELECT *
FROM `tbcabang`
ORDER BY `kode`', [], false)
 3 SYSTEMPATH\Model.php(223): CodeIgniter\Database\BaseBuilder->get()
 4 SYSTEMPATH\BaseModel.php(584): CodeIgniter\Model->doFindAll(0, 0)
 5 APPPATH\Controllers\Tbcabang.php(19): CodeIgniter\BaseModel->findAll()
 6 SYSTEMPATH\CodeIgniter.php(904): App\Controllers\Tbcabang->index()
 7 SYSTEMPATH\CodeIgniter.php(457): CodeIgniter\CodeIgniter->runController(Object(App\Controllers\Tbcabang))
 8 SYSTEMPATH\CodeIgniter.php(340): CodeIgniter\CodeIgniter->handleRequest(null, Object(Config\Cache), false)
 9 FCPATH\index.php(67): CodeIgniter\CodeIgniter->run()
10 SYSTEMPATH\Commands\Server\rewrite.php(43): require_once('FCPATH\\index.php')
ERROR - 2022-10-09 05:11:53 --> Error connecting to the database: mysqli_sql_exception: No connection could be made because the target machine actively refused it in D:\xampp\htdocs\ci4sbadmin704\system\Database\MySQLi\Connection.php:171
Stack trace:
#0 D:\xampp\htdocs\ci4sbadmin704\system\Database\MySQLi\Connection.php(171): mysqli->real_connect('localhost', 'root', '', 'ci4', 3306, '', 0)
#1 D:\xampp\htdocs\ci4sbadmin704\system\Database\BaseConnection.php(382): CodeIgniter\Database\MySQLi\Connection->connect(false)
#2 D:\xampp\htdocs\ci4sbadmin704\system\Database\BaseConnection.php(588): CodeIgniter\Database\BaseConnection->initialize()
#3 D:\xampp\htdocs\ci4sbadmin704\system\Database\BaseBuilder.php(1585): CodeIgniter\Database\BaseConnection->query('SELECT *\nFROM `...', Array, false)
#4 D:\xampp\htdocs\ci4sbadmin704\system\Model.php(250): CodeIgniter\Database\BaseBuilder->get()
#5 D:\xampp\htdocs\ci4sbadmin704\system\BaseModel.php(622): CodeIgniter\Model->doFirst()
#6 D:\xampp\htdocs\ci4sbadmin704\app\Controllers\Login.php(22): CodeIgniter\BaseModel->first()
#7 D:\xampp\htdocs\ci4sbadmin704\system\CodeIgniter.php(904): App\Controllers\Login->auth()
#8 D:\xampp\htdocs\ci4sbadmin704\system\CodeIgniter.php(457): CodeIgniter\CodeIgniter->runController(Object(App\Controllers\Login))
#9 D:\xampp\htdocs\ci4sbadmin704\system\CodeIgniter.php(340): CodeIgniter\CodeIgniter->handleRequest(NULL, Object(Config\Cache), false)
#10 D:\xampp\htdocs\ci4sbadmin704\public\index.php(67): CodeIgniter\CodeIgniter->run()
#11 D:\xampp\htdocs\ci4sbadmin704\system\Commands\Server\rewrite.php(43): require_once('D:\\xampp\\htdocs...')
#12 {main}

Next CodeIgniter\Database\Exceptions\DatabaseException: No connection could be made because the target machine actively refused it in D:\xampp\htdocs\ci4sbadmin704\system\Database\MySQLi\Connection.php:215
Stack trace:
#0 D:\xampp\htdocs\ci4sbadmin704\system\Database\BaseConnection.php(382): CodeIgniter\Database\MySQLi\Connection->connect(false)
#1 D:\xampp\htdocs\ci4sbadmin704\system\Database\BaseConnection.php(588): CodeIgniter\Database\BaseConnection->initialize()
#2 D:\xampp\htdocs\ci4sbadmin704\system\Database\BaseBuilder.php(1585): CodeIgniter\Database\BaseConnection->query('SELECT *\nFROM `...', Array, false)
#3 D:\xampp\htdocs\ci4sbadmin704\system\Model.php(250): CodeIgniter\Database\BaseBuilder->get()
#4 D:\xampp\htdocs\ci4sbadmin704\system\BaseModel.php(622): CodeIgniter\Model->doFirst()
#5 D:\xampp\htdocs\ci4sbadmin704\app\Controllers\Login.php(22): CodeIgniter\BaseModel->first()
#6 D:\xampp\htdocs\ci4sbadmin704\system\CodeIgniter.php(904): App\Controllers\Login->auth()
#7 D:\xampp\htdocs\ci4sbadmin704\system\CodeIgniter.php(457): CodeIgniter\CodeIgniter->runController(Object(App\Controllers\Login))
#8 D:\xampp\htdocs\ci4sbadmin704\system\CodeIgniter.php(340): CodeIgniter\CodeIgniter->handleRequest(NULL, Object(Config\Cache), false)
#9 D:\xampp\htdocs\ci4sbadmin704\public\index.php(67): CodeIgniter\CodeIgniter->run()
#10 D:\xampp\htdocs\ci4sbadmin704\system\Commands\Server\rewrite.php(43): require_once('D:\\xampp\\htdocs...')
#11 {main}
CRITICAL - 2022-10-09 05:11:53 --> Unable to connect to the database.
Main connection [MySQLi]: No connection could be made because the target machine actively refused it
in SYSTEMPATH\Database\BaseConnection.php on line 418.
 1 SYSTEMPATH\Database\BaseConnection.php(588): CodeIgniter\Database\BaseConnection->initialize()
 2 SYSTEMPATH\Database\BaseBuilder.php(1585): CodeIgniter\Database\BaseConnection->query('SELECT *
FROM `user`
WHERE `email` = :email:
 LIMIT 1', [...], false)
 3 SYSTEMPATH\Model.php(250): CodeIgniter\Database\BaseBuilder->get()
 4 SYSTEMPATH\BaseModel.php(622): CodeIgniter\Model->doFirst()
 5 APPPATH\Controllers\Login.php(22): CodeIgniter\BaseModel->first()
 6 SYSTEMPATH\CodeIgniter.php(904): App\Controllers\Login->auth()
 7 SYSTEMPATH\CodeIgniter.php(457): CodeIgniter\CodeIgniter->runController(Object(App\Controllers\Login))
 8 SYSTEMPATH\CodeIgniter.php(340): CodeIgniter\CodeIgniter->handleRequest(null, Object(Config\Cache), false)
 9 FCPATH\index.php(67): CodeIgniter\CodeIgniter->run()
10 SYSTEMPATH\Commands\Server\rewrite.php(43): require_once('FCPATH\\index.php')
CRITICAL - 2022-10-09 05:12:25 --> Call to undefined method CodeIgniter\View\View::uri()
in APPPATH\Views\dashboard\index.php on line 63.
 1 SYSTEMPATH\View\View.php(213): include()
 2 SYSTEMPATH\View\View.php(216): CodeIgniter\View\View->CodeIgniter\View\{closure}()
 3 SYSTEMPATH\Common.php(1142): CodeIgniter\View\View->render('dashboard/index', [], true)
 4 APPPATH\Controllers\Dashboard.php(14): view('dashboard/index')
 5 SYSTEMPATH\CodeIgniter.php(904): App\Controllers\Dashboard->index()
 6 SYSTEMPATH\CodeIgniter.php(457): CodeIgniter\CodeIgniter->runController(Object(App\Controllers\Dashboard))
 7 SYSTEMPATH\CodeIgniter.php(340): CodeIgniter\CodeIgniter->handleRequest(null, Object(Config\Cache), false)
 8 FCPATH\index.php(67): CodeIgniter\CodeIgniter->run()
 9 SYSTEMPATH\Commands\Server\rewrite.php(43): require_once('FCPATH\\index.php')
CRITICAL - 2022-10-09 05:16:29 --> Undefined variable $request
in APPPATH\Views\dashboard\index.php on line 63.
 1 APPPATH\Views\dashboard\index.php(63): CodeIgniter\Debug\Exceptions->errorHandler(2, 'Undefined variable $request', 'APPPATH\\Views\\dashboard\\index.php', 63)
 2 SYSTEMPATH\View\View.php(213): include('APPPATH\\Views\\dashboard\\index.php')
 3 SYSTEMPATH\View\View.php(216): CodeIgniter\View\View->CodeIgniter\View\{closure}()
 4 SYSTEMPATH\Common.php(1142): CodeIgniter\View\View->render('dashboard/index', [], true)
 5 APPPATH\Controllers\Dashboard.php(14): view('dashboard/index')
 6 SYSTEMPATH\CodeIgniter.php(904): App\Controllers\Dashboard->index()
 7 SYSTEMPATH\CodeIgniter.php(457): CodeIgniter\CodeIgniter->runController(Object(App\Controllers\Dashboard))
 8 SYSTEMPATH\CodeIgniter.php(340): CodeIgniter\CodeIgniter->handleRequest(null, Object(Config\Cache), false)
 9 FCPATH\index.php(67): CodeIgniter\CodeIgniter->run()
10 SYSTEMPATH\Commands\Server\rewrite.php(43): require_once('FCPATH\\index.php')
CRITICAL - 2022-10-09 05:21:58 --> Undefined variable $request
in APPPATH\Views\dashboard\index.php on line 63.
 1 APPPATH\Views\dashboard\index.php(63): CodeIgniter\Debug\Exceptions->errorHandler(2, 'Undefined variable $request', 'APPPATH\\Views\\dashboard\\index.php', 63)
 2 SYSTEMPATH\View\View.php(213): include('APPPATH\\Views\\dashboard\\index.php')
 3 SYSTEMPATH\View\View.php(216): CodeIgniter\View\View->CodeIgniter\View\{closure}()
 4 SYSTEMPATH\Common.php(1142): CodeIgniter\View\View->render('dashboard/index', [], true)
 5 APPPATH\Controllers\Dashboard.php(15): view('dashboard/index')
 6 SYSTEMPATH\CodeIgniter.php(904): App\Controllers\Dashboard->index()
 7 SYSTEMPATH\CodeIgniter.php(457): CodeIgniter\CodeIgniter->runController(Object(App\Controllers\Dashboard))
 8 SYSTEMPATH\CodeIgniter.php(340): CodeIgniter\CodeIgniter->handleRequest(null, Object(Config\Cache), false)
 9 FCPATH\index.php(67): CodeIgniter\CodeIgniter->run()
10 SYSTEMPATH\Commands\Server\rewrite.php(43): require_once('FCPATH\\index.php')
CRITICAL - 2022-10-09 05:22:00 --> Undefined variable $request
in APPPATH\Views\dashboard\index.php on line 63.
 1 APPPATH\Views\dashboard\index.php(63): CodeIgniter\Debug\Exceptions->errorHandler(2, 'Undefined variable $request', 'APPPATH\\Views\\dashboard\\index.php', 63)
 2 SYSTEMPATH\View\View.php(213): include('APPPATH\\Views\\dashboard\\index.php')
 3 SYSTEMPATH\View\View.php(216): CodeIgniter\View\View->CodeIgniter\View\{closure}()
 4 SYSTEMPATH\Common.php(1142): CodeIgniter\View\View->render('dashboard/index', [], true)
 5 APPPATH\Controllers\Dashboard.php(15): view('dashboard/index')
 6 SYSTEMPATH\CodeIgniter.php(904): App\Controllers\Dashboard->index()
 7 SYSTEMPATH\CodeIgniter.php(457): CodeIgniter\CodeIgniter->runController(Object(App\Controllers\Dashboard))
 8 SYSTEMPATH\CodeIgniter.php(340): CodeIgniter\CodeIgniter->handleRequest(null, Object(Config\Cache), false)
 9 FCPATH\index.php(67): CodeIgniter\CodeIgniter->run()
10 SYSTEMPATH\Commands\Server\rewrite.php(43): require_once('FCPATH\\index.php')
CRITICAL - 2022-10-09 05:29:34 --> Undefined property: CodeIgniter\View\View::$url
in APPPATH\Views\dashboard\index.php on line 67.
 1 APPPATH\Views\dashboard\index.php(67): CodeIgniter\Debug\Exceptions->errorHandler(2, 'Undefined property: CodeIgniter\\View\\View::$url', 'APPPATH\\Views\\dashboard\\index.php', 67)
 2 SYSTEMPATH\View\View.php(213): include('APPPATH\\Views\\dashboard\\index.php')
 3 SYSTEMPATH\View\View.php(216): CodeIgniter\View\View->CodeIgniter\View\{closure}()
 4 SYSTEMPATH\Common.php(1142): CodeIgniter\View\View->render('dashboard/index', [], true)
 5 APPPATH\Controllers\Dashboard.php(14): view('dashboard/index')
 6 SYSTEMPATH\CodeIgniter.php(904): App\Controllers\Dashboard->index()
 7 SYSTEMPATH\CodeIgniter.php(457): CodeIgniter\CodeIgniter->runController(Object(App\Controllers\Dashboard))
 8 SYSTEMPATH\CodeIgniter.php(340): CodeIgniter\CodeIgniter->handleRequest(null, Object(Config\Cache), false)
 9 FCPATH\index.php(67): CodeIgniter\CodeIgniter->run()
10 SYSTEMPATH\Commands\Server\rewrite.php(43): require_once('FCPATH\\index.php')
CRITICAL - 2022-10-09 05:30:26 --> Undefined property: CodeIgniter\View\View::$url
in APPPATH\Views\dashboard\index.php on line 75.
 1 APPPATH\Views\dashboard\index.php(75): CodeIgniter\Debug\Exceptions->errorHandler(2, 'Undefined property: CodeIgniter\\View\\View::$url', 'APPPATH\\Views\\dashboard\\index.php', 75)
 2 SYSTEMPATH\View\View.php(213): include('APPPATH\\Views\\dashboard\\index.php')
 3 SYSTEMPATH\View\View.php(216): CodeIgniter\View\View->CodeIgniter\View\{closure}()
 4 SYSTEMPATH\Common.php(1142): CodeIgniter\View\View->render('dashboard/index', [], true)
 5 APPPATH\Controllers\Dashboard.php(14): view('dashboard/index')
 6 SYSTEMPATH\CodeIgniter.php(904): App\Controllers\Dashboard->index()
 7 SYSTEMPATH\CodeIgniter.php(457): CodeIgniter\CodeIgniter->runController(Object(App\Controllers\Dashboard))
 8 SYSTEMPATH\CodeIgniter.php(340): CodeIgniter\CodeIgniter->handleRequest(null, Object(Config\Cache), false)
 9 FCPATH\index.php(67): CodeIgniter\CodeIgniter->run()
10 SYSTEMPATH\Commands\Server\rewrite.php(43): require_once('FCPATH\\index.php')
CRITICAL - 2022-10-09 17:43:21 --> Undefined variable $uri
in APPPATH\Views\tbcabang\index.php on line 5.
 1 APPPATH\Views\tbcabang\index.php(5): CodeIgniter\Debug\Exceptions->errorHandler(2, 'Undefined variable $uri', 'APPPATH\\Views\\tbcabang\\index.php', 5)
 2 SYSTEMPATH\View\View.php(213): include('APPPATH\\Views\\tbcabang\\index.php')
 3 SYSTEMPATH\View\View.php(216): CodeIgniter\View\View->CodeIgniter\View\{closure}()
 4 SYSTEMPATH\Common.php(1142): CodeIgniter\View\View->render('tbcabang/index', [], true)
 5 APPPATH\Controllers\Tbcabang.php(40): view('tbcabang/index', [...])
 6 SYSTEMPATH\CodeIgniter.php(904): App\Controllers\Tbcabang->index()
 7 SYSTEMPATH\CodeIgniter.php(457): CodeIgniter\CodeIgniter->runController(Object(App\Controllers\Tbcabang))
 8 SYSTEMPATH\CodeIgniter.php(340): CodeIgniter\CodeIgniter->handleRequest(null, Object(Config\Cache), false)
 9 FCPATH\index.php(67): CodeIgniter\CodeIgniter->run()
10 SYSTEMPATH\Commands\Server\rewrite.php(43): require_once('FCPATH\\index.php')
CRITICAL - 2022-10-09 17:46:15 --> Too few arguments to function CodeIgniter\HTTP\URI::getSegment(), 0 passed in D:\xampp\htdocs\ci4sbadmin704\app\Views\tbcabang\index.php on line 7 and at least 1 expected
in SYSTEMPATH\HTTP\URI.php on line 522.
 1 APPPATH\Views\tbcabang\index.php(7): CodeIgniter\HTTP\URI->getSegment()
 2 SYSTEMPATH\View\View.php(213): include('APPPATH\\Views\\tbcabang\\index.php')
 3 SYSTEMPATH\View\View.php(216): CodeIgniter\View\View->CodeIgniter\View\{closure}()
 4 SYSTEMPATH\Common.php(1142): CodeIgniter\View\View->render('tbcabang/index', [], true)
 5 APPPATH\Controllers\Tbcabang.php(40): view('tbcabang/index', [...])
 6 SYSTEMPATH\CodeIgniter.php(904): App\Controllers\Tbcabang->index()
 7 SYSTEMPATH\CodeIgniter.php(457): CodeIgniter\CodeIgniter->runController(Object(App\Controllers\Tbcabang))
 8 SYSTEMPATH\CodeIgniter.php(340): CodeIgniter\CodeIgniter->handleRequest(null, Object(Config\Cache), false)
 9 FCPATH\index.php(67): CodeIgniter\CodeIgniter->run()
10 SYSTEMPATH\Commands\Server\rewrite.php(43): require_once('FCPATH\\index.php')
CRITICAL - 2022-10-09 17:46:31 --> Request URI segment is out of range: 1
in SYSTEMPATH\HTTP\URI.php on line 529.
 1 SYSTEMPATH\HTTP\URI.php(529): CodeIgniter\HTTP\Exceptions\HTTPException::forURISegmentOutOfRange(1)
 2 APPPATH\Views\tbcabang\index.php(7): CodeIgniter\HTTP\URI->getSegment(1)
 3 SYSTEMPATH\View\View.php(213): include('APPPATH\\Views\\tbcabang\\index.php')
 4 SYSTEMPATH\View\View.php(216): CodeIgniter\View\View->CodeIgniter\View\{closure}()
 5 SYSTEMPATH\Common.php(1142): CodeIgniter\View\View->render('tbcabang/index', [], true)
 6 APPPATH\Controllers\Tbcabang.php(40): view('tbcabang/index', [...])
 7 SYSTEMPATH\CodeIgniter.php(904): App\Controllers\Tbcabang->index()
 8 SYSTEMPATH\CodeIgniter.php(457): CodeIgniter\CodeIgniter->runController(Object(App\Controllers\Tbcabang))
 9 SYSTEMPATH\CodeIgniter.php(340): CodeIgniter\CodeIgniter->handleRequest(null, Object(Config\Cache), false)
10 FCPATH\index.php(67): CodeIgniter\CodeIgniter->run()
11 SYSTEMPATH\Commands\Server\rewrite.php(43): require_once('FCPATH\\index.php')
CRITICAL - 2022-10-09 17:46:42 --> Request URI segment is out of range: 1
in SYSTEMPATH\HTTP\URI.php on line 529.
 1 SYSTEMPATH\HTTP\URI.php(529): CodeIgniter\HTTP\Exceptions\HTTPException::forURISegmentOutOfRange(1)
 2 APPPATH\Views\tbcabang\index.php(7): CodeIgniter\HTTP\URI->getSegment(1)
 3 SYSTEMPATH\View\View.php(213): include('APPPATH\\Views\\tbcabang\\index.php')
 4 SYSTEMPATH\View\View.php(216): CodeIgniter\View\View->CodeIgniter\View\{closure}()
 5 SYSTEMPATH\Common.php(1142): CodeIgniter\View\View->render('tbcabang/index', [], true)
 6 APPPATH\Controllers\Tbcabang.php(40): view('tbcabang/index', [...])
 7 SYSTEMPATH\CodeIgniter.php(904): App\Controllers\Tbcabang->index()
 8 SYSTEMPATH\CodeIgniter.php(457): CodeIgniter\CodeIgniter->runController(Object(App\Controllers\Tbcabang))
 9 SYSTEMPATH\CodeIgniter.php(340): CodeIgniter\CodeIgniter->handleRequest(null, Object(Config\Cache), false)
10 FCPATH\index.php(67): CodeIgniter\CodeIgniter->run()
11 SYSTEMPATH\Commands\Server\rewrite.php(43): require_once('FCPATH\\index.php')
CRITICAL - 2022-10-09 17:47:51 --> Array to string conversion
in APPPATH\Views\tbcabang\index.php on line 7.
 1 APPPATH\Views\tbcabang\index.php(7): CodeIgniter\Debug\Exceptions->errorHandler(2, 'Array to string conversion', 'APPPATH\\Views\\tbcabang\\index.php', 7)
 2 SYSTEMPATH\View\View.php(213): include('APPPATH\\Views\\tbcabang\\index.php')
 3 SYSTEMPATH\View\View.php(216): CodeIgniter\View\View->CodeIgniter\View\{closure}()
 4 SYSTEMPATH\Common.php(1142): CodeIgniter\View\View->render('tbcabang/index', [], true)
 5 APPPATH\Controllers\Tbcabang.php(40): view('tbcabang/index', [...])
 6 SYSTEMPATH\CodeIgniter.php(904): App\Controllers\Tbcabang->index()
 7 SYSTEMPATH\CodeIgniter.php(457): CodeIgniter\CodeIgniter->runController(Object(App\Controllers\Tbcabang))
 8 SYSTEMPATH\CodeIgniter.php(340): CodeIgniter\CodeIgniter->handleRequest(null, Object(Config\Cache), false)
 9 FCPATH\index.php(67): CodeIgniter\CodeIgniter->run()
10 SYSTEMPATH\Commands\Server\rewrite.php(43): require_once('FCPATH\\index.php')
CRITICAL - 2022-10-09 21:47:42 --> Undefined variable $menu
in APPPATH\Views\dashboard\index.php on line 82.
 1 APPPATH\Views\dashboard\index.php(82): CodeIgniter\Debug\Exceptions->errorHandler(2, 'Undefined variable $menu', 'APPPATH\\Views\\dashboard\\index.php', 82)
 2 SYSTEMPATH\View\View.php(213): include('APPPATH\\Views\\dashboard\\index.php')
 3 SYSTEMPATH\View\View.php(216): CodeIgniter\View\View->CodeIgniter\View\{closure}()
 4 SYSTEMPATH\Common.php(1142): CodeIgniter\View\View->render('dashboard/index', [], true)
 5 APPPATH\Controllers\Dashboard.php(14): view('dashboard/index')
 6 SYSTEMPATH\CodeIgniter.php(904): App\Controllers\Dashboard->index()
 7 SYSTEMPATH\CodeIgniter.php(457): CodeIgniter\CodeIgniter->runController(Object(App\Controllers\Dashboard))
 8 SYSTEMPATH\CodeIgniter.php(340): CodeIgniter\CodeIgniter->handleRequest(null, Object(Config\Cache), false)
 9 FCPATH\index.php(67): CodeIgniter\CodeIgniter->run()
10 SYSTEMPATH\Commands\Server\rewrite.php(43): require_once('FCPATH\\index.php')
