CRITICAL - 2023-03-20 10:30:14 --> Trying to access array offset on value of type null
in APPPATH\Controllers\Tbuser.php on line 528.
 1 APPPATH\Controllers\Tbuser.php(528): CodeIgniter\Debug\Exceptions->errorHandler(2, 'Trying to access array offset on value of type null', 'APPPATH\\Controllers\\Tbuser.php', 528)
 2 SYSTEMPATH\CodeIgniter.php(904): App\Controllers\Tbuser->simpanakses()
 3 SYSTEMPATH\CodeIgniter.php(457): CodeIgniter\CodeIgniter->runController(Object(App\Controllers\Tbuser))
 4 SYSTEMPATH\CodeIgniter.php(340): CodeIgniter\CodeIgniter->handleRequest(null, Object(Config\Cache), false)
 5 FCPATH\index.php(67): CodeIgniter\CodeIgniter->run()
 6 SYSTEMPATH\Commands\Server\rewrite.php(43): require_once('FCPATH\\index.php')
CRITICAL - 2023-03-20 10:31:28 --> Trying to access array offset on value of type null
in APPPATH\Controllers\Tbuser.php on line 528.
 1 APPPATH\Controllers\Tbuser.php(528): CodeIgniter\Debug\Exceptions->errorHandler(2, 'Trying to access array offset on value of type null', 'APPPATH\\Controllers\\Tbuser.php', 528)
 2 SYSTEMPATH\CodeIgniter.php(904): App\Controllers\Tbuser->simpanakses()
 3 SYSTEMPATH\CodeIgniter.php(457): CodeIgniter\CodeIgniter->runController(Object(App\Controllers\Tbuser))
 4 SYSTEMPATH\CodeIgniter.php(340): CodeIgniter\CodeIgniter->handleRequest(null, Object(Config\Cache), false)
 5 FCPATH\index.php(67): CodeIgniter\CodeIgniter->run()
 6 SYSTEMPATH\Commands\Server\rewrite.php(43): require_once('FCPATH\\index.php')
CRITICAL - 2023-03-20 10:31:41 --> Trying to access array offset on value of type null
in APPPATH\Controllers\Tbuser.php on line 528.
 1 APPPATH\Controllers\Tbuser.php(528): CodeIgniter\Debug\Exceptions->errorHandler(2, 'Trying to access array offset on value of type null', 'APPPATH\\Controllers\\Tbuser.php', 528)
 2 SYSTEMPATH\CodeIgniter.php(904): App\Controllers\Tbuser->simpanakses()
 3 SYSTEMPATH\CodeIgniter.php(457): CodeIgniter\CodeIgniter->runController(Object(App\Controllers\Tbuser))
 4 SYSTEMPATH\CodeIgniter.php(340): CodeIgniter\CodeIgniter->handleRequest(null, Object(Config\Cache), false)
 5 FCPATH\index.php(67): CodeIgniter\CodeIgniter->run()
 6 SYSTEMPATH\Commands\Server\rewrite.php(43): require_once('FCPATH\\index.php')
CRITICAL - 2023-03-20 10:40:57 --> Unmatched '}'
in APPPATH\Views\dashboard\index.php on line 275.
 1 SYSTEMPATH\View\View.php(216): CodeIgniter\View\View->CodeIgniter\View\{closure}()
 2 SYSTEMPATH\View\View.php(229): CodeIgniter\View\View->render('dashboard/index', [], true)
 3 SYSTEMPATH\Common.php(1142): CodeIgniter\View\View->render('tbcabang/index', [], true)
 4 APPPATH\Controllers\Tbcabang.php(23): view('tbcabang/index', [...])
 5 SYSTEMPATH\CodeIgniter.php(904): App\Controllers\Tbcabang->index()
 6 SYSTEMPATH\CodeIgniter.php(457): CodeIgniter\CodeIgniter->runController(Object(App\Controllers\Tbcabang))
 7 SYSTEMPATH\CodeIgniter.php(340): CodeIgniter\CodeIgniter->handleRequest(null, Object(Config\Cache), false)
 8 FCPATH\index.php(67): CodeIgniter\CodeIgniter->run()
 9 SYSTEMPATH\Commands\Server\rewrite.php(43): require_once('FCPATH\\index.php')
ERROR - 2023-03-20 13:30:57 --> mysqli_sql_exception: Column 'clokasi_menu' cannot be null in D:\xampp\htdocs\bp\system\Database\MySQLi\Connection.php:292
Stack trace:
#0 D:\xampp\htdocs\bp\system\Database\MySQLi\Connection.php(292): mysqli->query('INSERT INTO `tb...', 0)
#1 D:\xampp\htdocs\bp\system\Database\BaseConnection.php(693): CodeIgniter\Database\MySQLi\Connection->execute('INSERT INTO `tb...')
#2 D:\xampp\htdocs\bp\system\Database\BaseConnection.php(620): CodeIgniter\Database\BaseConnection->simpleQuery('INSERT INTO `tb...')
#3 D:\xampp\htdocs\bp\system\Database\BaseBuilder.php(1916): CodeIgniter\Database\BaseConnection->query('INSERT INTO `tb...', Array, false)
#4 D:\xampp\htdocs\bp\system\Model.php(279): CodeIgniter\Database\BaseBuilder->insert()
#5 D:\xampp\htdocs\bp\system\BaseModel.php(738): CodeIgniter\Model->doInsert(Array)
#6 D:\xampp\htdocs\bp\system\Model.php(667): CodeIgniter\BaseModel->insert(Array, true)
#7 D:\xampp\htdocs\bp\app\Controllers\Tbmodule.php(162): CodeIgniter\Model->insert(Array)
#8 D:\xampp\htdocs\bp\system\CodeIgniter.php(904): App\Controllers\Tbmodule->simpandata()
#9 D:\xampp\htdocs\bp\system\CodeIgniter.php(457): CodeIgniter\CodeIgniter->runController(Object(App\Controllers\Tbmodule))
#10 D:\xampp\htdocs\bp\system\CodeIgniter.php(340): CodeIgniter\CodeIgniter->handleRequest(NULL, Object(Config\Cache), false)
#11 D:\xampp\htdocs\bp\public\index.php(67): CodeIgniter\CodeIgniter->run()
#12 D:\xampp\htdocs\bp\system\Commands\Server\rewrite.php(43): require_once('D:\\xampp\\htdocs...')
#13 {main}
CRITICAL - 2023-03-20 13:30:57 --> Column 'clokasi_menu' cannot be null
in SYSTEMPATH\Database\MySQLi\Connection.php on line 292.
 1 SYSTEMPATH\Database\MySQLi\Connection.php(292): mysqli->query('INSERT INTO `tbmodule` (`nurut`, `cmodule`, `cmenu`, `clokasi_menu`, `cparent`, `cmainmenu`, `nlevel`, `created_at`, `updated_at`) VALUES (\'8\', \'Tabel Referensi Spare Part\', \'\', NULL, \'\', \'Y\', \'2\', \'2023-03-20 13:30:57\', \'2023-03-20 13:30:57\')', 0)
 2 SYSTEMPATH\Database\BaseConnection.php(693): CodeIgniter\Database\MySQLi\Connection->execute('INSERT INTO `tbmodule` (`nurut`, `cmodule`, `cmenu`, `clokasi_menu`, `cparent`, `cmainmenu`, `nlevel`, `created_at`, `updated_at`) VALUES (\'8\', \'Tabel Referensi Spare Part\', \'\', NULL, \'\', \'Y\', \'2\', \'2023-03-20 13:30:57\', \'2023-03-20 13:30:57\')')
 3 SYSTEMPATH\Database\BaseConnection.php(620): CodeIgniter\Database\BaseConnection->simpleQuery('INSERT INTO `tbmodule` (`nurut`, `cmodule`, `cmenu`, `clokasi_menu`, `cparent`, `cmainmenu`, `nlevel`, `created_at`, `updated_at`) VALUES (\'8\', \'Tabel Referensi Spare Part\', \'\', NULL, \'\', \'Y\', \'2\', \'2023-03-20 13:30:57\', \'2023-03-20 13:30:57\')')
 4 SYSTEMPATH\Database\BaseBuilder.php(1916): CodeIgniter\Database\BaseConnection->query('INSERT INTO `tbmodule` (`nurut`, `cmodule`, `cmenu`, `clokasi_menu`, `cparent`, `cmainmenu`, `nlevel`, `created_at`, `updated_at`) VALUES (:nurut:, :cmodule:, :cmenu:, :clokasi_menu:, :cparent:, :cmainmenu:, :nlevel:, :created_at:, :updated_at:)', [...], false)
 5 SYSTEMPATH\Model.php(279): CodeIgniter\Database\BaseBuilder->insert()
 6 SYSTEMPATH\BaseModel.php(738): CodeIgniter\Model->doInsert([...])
 7 SYSTEMPATH\Model.php(667): CodeIgniter\BaseModel->insert([...], true)
 8 APPPATH\Controllers\Tbmodule.php(162): CodeIgniter\Model->insert([...])
 9 SYSTEMPATH\CodeIgniter.php(904): App\Controllers\Tbmodule->simpandata()
10 SYSTEMPATH\CodeIgniter.php(457): CodeIgniter\CodeIgniter->runController(Object(App\Controllers\Tbmodule))
11 SYSTEMPATH\CodeIgniter.php(340): CodeIgniter\CodeIgniter->handleRequest(null, Object(Config\Cache), false)
12 FCPATH\index.php(67): CodeIgniter\CodeIgniter->run()
13 SYSTEMPATH\Commands\Server\rewrite.php(43): require_once('FCPATH\\index.php')
CRITICAL - 2023-03-20 14:07:07 --> Undefined variable $urut
in APPPATH\Views\dashboard\index.php on line 235.
 1 APPPATH\Views\dashboard\index.php(235): CodeIgniter\Debug\Exceptions->errorHandler(2, 'Undefined variable $urut', 'APPPATH\\Views\\dashboard\\index.php', 235)
 2 SYSTEMPATH\View\View.php(213): include('APPPATH\\Views\\dashboard\\index.php')
 3 SYSTEMPATH\View\View.php(216): CodeIgniter\View\View->CodeIgniter\View\{closure}()
 4 SYSTEMPATH\View\View.php(229): CodeIgniter\View\View->render('dashboard/index', [], true)
 5 SYSTEMPATH\Common.php(1142): CodeIgniter\View\View->render('tbuser/index', [], true)
 6 APPPATH\Controllers\Tbuser.php(29): view('tbuser/index', [...])
 7 SYSTEMPATH\CodeIgniter.php(904): App\Controllers\Tbuser->index()
 8 SYSTEMPATH\CodeIgniter.php(457): CodeIgniter\CodeIgniter->runController(Object(App\Controllers\Tbuser))
 9 SYSTEMPATH\CodeIgniter.php(340): CodeIgniter\CodeIgniter->handleRequest(null, Object(Config\Cache), false)
10 FCPATH\index.php(67): CodeIgniter\CodeIgniter->run()
11 SYSTEMPATH\Commands\Server\rewrite.php(43): require_once('FCPATH\\index.php')
CRITICAL - 2023-03-20 14:07:20 --> Undefined variable $urut
in APPPATH\Views\dashboard\index.php on line 235.
 1 APPPATH\Views\dashboard\index.php(235): CodeIgniter\Debug\Exceptions->errorHandler(2, 'Undefined variable $urut', 'APPPATH\\Views\\dashboard\\index.php', 235)
 2 SYSTEMPATH\View\View.php(213): include('APPPATH\\Views\\dashboard\\index.php')
 3 SYSTEMPATH\View\View.php(216): CodeIgniter\View\View->CodeIgniter\View\{closure}()
 4 SYSTEMPATH\View\View.php(229): CodeIgniter\View\View->render('dashboard/index', [], true)
 5 SYSTEMPATH\Common.php(1142): CodeIgniter\View\View->render('tbuser/index', [], true)
 6 APPPATH\Controllers\Tbuser.php(29): view('tbuser/index', [...])
 7 SYSTEMPATH\CodeIgniter.php(904): App\Controllers\Tbuser->index()
 8 SYSTEMPATH\CodeIgniter.php(457): CodeIgniter\CodeIgniter->runController(Object(App\Controllers\Tbuser))
 9 SYSTEMPATH\CodeIgniter.php(340): CodeIgniter\CodeIgniter->handleRequest(null, Object(Config\Cache), false)
10 FCPATH\index.php(67): CodeIgniter\CodeIgniter->run()
11 SYSTEMPATH\Commands\Server\rewrite.php(43): require_once('FCPATH\\index.php')
CRITICAL - 2023-03-20 16:07:24 --> Undefined variable $lcmainmenu
in APPPATH\Views\dashboard\index.php on line 259.
 1 APPPATH\Views\dashboard\index.php(259): CodeIgniter\Debug\Exceptions->errorHandler(2, 'Undefined variable $lcmainmenu', 'APPPATH\\Views\\dashboard\\index.php', 259)
 2 SYSTEMPATH\View\View.php(213): include('APPPATH\\Views\\dashboard\\index.php')
 3 SYSTEMPATH\View\View.php(216): CodeIgniter\View\View->CodeIgniter\View\{closure}()
 4 SYSTEMPATH\View\View.php(229): CodeIgniter\View\View->render('dashboard/index', [], true)
 5 SYSTEMPATH\Common.php(1142): CodeIgniter\View\View->render('tbuser/index', [], true)
 6 APPPATH\Controllers\Tbuser.php(29): view('tbuser/index', [...])
 7 SYSTEMPATH\CodeIgniter.php(904): App\Controllers\Tbuser->index()
 8 SYSTEMPATH\CodeIgniter.php(457): CodeIgniter\CodeIgniter->runController(Object(App\Controllers\Tbuser))
 9 SYSTEMPATH\CodeIgniter.php(340): CodeIgniter\CodeIgniter->handleRequest(null, Object(Config\Cache), false)
10 FCPATH\index.php(67): CodeIgniter\CodeIgniter->run()
11 SYSTEMPATH\Commands\Server\rewrite.php(43): require_once('FCPATH\\index.php')
CRITICAL - 2023-03-20 16:08:12 --> Undefined variable $lcmainmenu
in APPPATH\Views\dashboard\index.php on line 260.
 1 APPPATH\Views\dashboard\index.php(260): CodeIgniter\Debug\Exceptions->errorHandler(2, 'Undefined variable $lcmainmenu', 'APPPATH\\Views\\dashboard\\index.php', 260)
 2 SYSTEMPATH\View\View.php(213): include('APPPATH\\Views\\dashboard\\index.php')
 3 SYSTEMPATH\View\View.php(216): CodeIgniter\View\View->CodeIgniter\View\{closure}()
 4 SYSTEMPATH\View\View.php(229): CodeIgniter\View\View->render('dashboard/index', [], true)
 5 SYSTEMPATH\Common.php(1142): CodeIgniter\View\View->render('tbuser/index', [], true)
 6 APPPATH\Controllers\Tbuser.php(29): view('tbuser/index', [...])
 7 SYSTEMPATH\CodeIgniter.php(904): App\Controllers\Tbuser->index()
 8 SYSTEMPATH\CodeIgniter.php(457): CodeIgniter\CodeIgniter->runController(Object(App\Controllers\Tbuser))
 9 SYSTEMPATH\CodeIgniter.php(340): CodeIgniter\CodeIgniter->handleRequest(null, Object(Config\Cache), false)
10 FCPATH\index.php(67): CodeIgniter\CodeIgniter->run()
11 SYSTEMPATH\Commands\Server\rewrite.php(43): require_once('FCPATH\\index.php')
CRITICAL - 2023-03-20 16:20:39 --> Undefined variable $nurut
in APPPATH\Views\dashboard\index.php on line 259.
 1 APPPATH\Views\dashboard\index.php(259): CodeIgniter\Debug\Exceptions->errorHandler(2, 'Undefined variable $nurut', 'APPPATH\\Views\\dashboard\\index.php', 259)
 2 SYSTEMPATH\View\View.php(213): include('APPPATH\\Views\\dashboard\\index.php')
 3 SYSTEMPATH\View\View.php(216): CodeIgniter\View\View->CodeIgniter\View\{closure}()
 4 SYSTEMPATH\View\View.php(229): CodeIgniter\View\View->render('dashboard/index', [], true)
 5 SYSTEMPATH\Common.php(1142): CodeIgniter\View\View->render('estimasi/index', [], true)
 6 APPPATH\Controllers\Estimasi.php(75): view('estimasi/index', [...])
 7 SYSTEMPATH\CodeIgniter.php(904): App\Controllers\Estimasi->index()
 8 SYSTEMPATH\CodeIgniter.php(457): CodeIgniter\CodeIgniter->runController(Object(App\Controllers\Estimasi))
 9 SYSTEMPATH\CodeIgniter.php(340): CodeIgniter\CodeIgniter->handleRequest(null, Object(Config\Cache), false)
10 FCPATH\index.php(67): CodeIgniter\CodeIgniter->run()
11 SYSTEMPATH\Commands\Server\rewrite.php(43): require_once('FCPATH\\index.php')
CRITICAL - 2023-03-20 16:23:43 --> Undefined variable $nurut
in APPPATH\Views\dashboard\index.php on line 258.
 1 APPPATH\Views\dashboard\index.php(258): CodeIgniter\Debug\Exceptions->errorHandler(2, 'Undefined variable $nurut', 'APPPATH\\Views\\dashboard\\index.php', 258)
 2 SYSTEMPATH\View\View.php(213): include('APPPATH\\Views\\dashboard\\index.php')
 3 SYSTEMPATH\View\View.php(216): CodeIgniter\View\View->CodeIgniter\View\{closure}()
 4 SYSTEMPATH\View\View.php(229): CodeIgniter\View\View->render('dashboard/index', [], true)
 5 SYSTEMPATH\Common.php(1142): CodeIgniter\View\View->render('estimasi/index', [], true)
 6 APPPATH\Controllers\Estimasi.php(75): view('estimasi/index', [...])
 7 SYSTEMPATH\CodeIgniter.php(904): App\Controllers\Estimasi->index()
 8 SYSTEMPATH\CodeIgniter.php(457): CodeIgniter\CodeIgniter->runController(Object(App\Controllers\Estimasi))
 9 SYSTEMPATH\CodeIgniter.php(340): CodeIgniter\CodeIgniter->handleRequest(null, Object(Config\Cache), false)
10 FCPATH\index.php(67): CodeIgniter\CodeIgniter->run()
11 SYSTEMPATH\Commands\Server\rewrite.php(43): require_once('FCPATH\\index.php')
CRITICAL - 2023-03-20 16:30:32 --> Undefined variable $nurut
in APPPATH\Views\dashboard\index.php on line 260.
 1 APPPATH\Views\dashboard\index.php(260): CodeIgniter\Debug\Exceptions->errorHandler(2, 'Undefined variable $nurut', 'APPPATH\\Views\\dashboard\\index.php', 260)
 2 SYSTEMPATH\View\View.php(213): include('APPPATH\\Views\\dashboard\\index.php')
 3 SYSTEMPATH\View\View.php(216): CodeIgniter\View\View->CodeIgniter\View\{closure}()
 4 SYSTEMPATH\View\View.php(229): CodeIgniter\View\View->render('dashboard/index', [], true)
 5 SYSTEMPATH\Common.php(1142): CodeIgniter\View\View->render('tbbarang/index', [], true)
 6 APPPATH\Controllers\Tbbarang.php(35): view('tbbarang/index', [...])
 7 SYSTEMPATH\CodeIgniter.php(904): App\Controllers\Tbbarang->index()
 8 SYSTEMPATH\CodeIgniter.php(457): CodeIgniter\CodeIgniter->runController(Object(App\Controllers\Tbbarang))
 9 SYSTEMPATH\CodeIgniter.php(340): CodeIgniter\CodeIgniter->handleRequest(null, Object(Config\Cache), false)
10 FCPATH\index.php(67): CodeIgniter\CodeIgniter->run()
11 SYSTEMPATH\Commands\Server\rewrite.php(43): require_once('FCPATH\\index.php')
CRITICAL - 2023-03-20 17:53:39 --> Undefined variable $parent
in APPPATH\Views\dashboard\index.php on line 248.
 1 APPPATH\Views\dashboard\index.php(248): CodeIgniter\Debug\Exceptions->errorHandler(2, 'Undefined variable $parent', 'APPPATH\\Views\\dashboard\\index.php', 248)
 2 SYSTEMPATH\View\View.php(213): include('APPPATH\\Views\\dashboard\\index.php')
 3 SYSTEMPATH\View\View.php(216): CodeIgniter\View\View->CodeIgniter\View\{closure}()
 4 SYSTEMPATH\View\View.php(229): CodeIgniter\View\View->render('dashboard/index', [], true)
 5 SYSTEMPATH\Common.php(1142): CodeIgniter\View\View->render('estimasi/index', [], true)
 6 APPPATH\Controllers\Estimasi.php(75): view('estimasi/index', [...])
 7 SYSTEMPATH\CodeIgniter.php(904): App\Controllers\Estimasi->index()
 8 SYSTEMPATH\CodeIgniter.php(457): CodeIgniter\CodeIgniter->runController(Object(App\Controllers\Estimasi))
 9 SYSTEMPATH\CodeIgniter.php(340): CodeIgniter\CodeIgniter->handleRequest(null, Object(Config\Cache), false)
10 FCPATH\index.php(67): CodeIgniter\CodeIgniter->run()
11 SYSTEMPATH\Commands\Server\rewrite.php(43): require_once('FCPATH\\index.php')
