CRITICAL - 2023-02-08 11:41:03 --> Call to a member function findAll() on null
in APPPATH\Controllers\Tbbarang.php on line 92.
 1 SYSTEMPATH\CodeIgniter.php(904): App\Controllers\Tbbarang->formtambah()
 2 SYSTEMPATH\CodeIgniter.php(457): CodeIgniter\CodeIgniter->runController(Object(App\Controllers\Tbbarang))
 3 SYSTEMPATH\CodeIgniter.php(340): CodeIgniter\CodeIgniter->handleRequest(null, Object(Config\Cache), false)
 4 FCPATH\index.php(67): CodeIgniter\CodeIgniter->run()
 5 SYSTEMPATH\Commands\Server\rewrite.php(43): require_once('FCPATH\\index.php')
CRITICAL - 2023-02-08 11:42:48 --> Call to a member function orderBy() on null
in APPPATH\Controllers\Tbbarang.php on line 95.
 1 SYSTEMPATH\CodeIgniter.php(904): App\Controllers\Tbbarang->formtambah()
 2 SYSTEMPATH\CodeIgniter.php(457): CodeIgniter\CodeIgniter->runController(Object(App\Controllers\Tbbarang))
 3 SYSTEMPATH\CodeIgniter.php(340): CodeIgniter\CodeIgniter->handleRequest(null, Object(Config\Cache), false)
 4 FCPATH\index.php(67): CodeIgniter\CodeIgniter->run()
 5 SYSTEMPATH\Commands\Server\rewrite.php(43): require_once('FCPATH\\index.php')
CRITICAL - 2023-02-08 11:44:54 --> Call to a member function orderBy() on null
in APPPATH\Controllers\Tbbarang.php on line 95.
 1 SYSTEMPATH\CodeIgniter.php(904): App\Controllers\Tbbarang->formtambah()
 2 SYSTEMPATH\CodeIgniter.php(457): CodeIgniter\CodeIgniter->runController(Object(App\Controllers\Tbbarang))
 3 SYSTEMPATH\CodeIgniter.php(340): CodeIgniter\CodeIgniter->handleRequest(null, Object(Config\Cache), false)
 4 FCPATH\index.php(67): CodeIgniter\CodeIgniter->run()
 5 SYSTEMPATH\Commands\Server\rewrite.php(43): require_once('FCPATH\\index.php')
CRITICAL - 2023-02-08 11:49:59 --> Call to a member function orderBy() on null
in APPPATH\Controllers\Tbbarang.php on line 95.
 1 SYSTEMPATH\CodeIgniter.php(904): App\Controllers\Tbbarang->formtambah()
 2 SYSTEMPATH\CodeIgniter.php(457): CodeIgniter\CodeIgniter->runController(Object(App\Controllers\Tbbarang))
 3 SYSTEMPATH\CodeIgniter.php(340): CodeIgniter\CodeIgniter->handleRequest(null, Object(Config\Cache), false)
 4 FCPATH\index.php(67): CodeIgniter\CodeIgniter->run()
 5 SYSTEMPATH\Commands\Server\rewrite.php(43): require_once('FCPATH\\index.php')
CRITICAL - 2023-02-08 11:50:28 --> Call to a member function findAll() on null
in APPPATH\Controllers\Tbbarang.php on line 95.
 1 SYSTEMPATH\CodeIgniter.php(904): App\Controllers\Tbbarang->formtambah()
 2 SYSTEMPATH\CodeIgniter.php(457): CodeIgniter\CodeIgniter->runController(Object(App\Controllers\Tbbarang))
 3 SYSTEMPATH\CodeIgniter.php(340): CodeIgniter\CodeIgniter->handleRequest(null, Object(Config\Cache), false)
 4 FCPATH\index.php(67): CodeIgniter\CodeIgniter->run()
 5 SYSTEMPATH\Commands\Server\rewrite.php(43): require_once('FCPATH\\index.php')
CRITICAL - 2023-02-08 11:52:09 --> Call to a member function getid() on null
in APPPATH\Controllers\Tbbarang.php on line 95.
 1 SYSTEMPATH\CodeIgniter.php(904): App\Controllers\Tbbarang->formtambah()
 2 SYSTEMPATH\CodeIgniter.php(457): CodeIgniter\CodeIgniter->runController(Object(App\Controllers\Tbbarang))
 3 SYSTEMPATH\CodeIgniter.php(340): CodeIgniter\CodeIgniter->handleRequest(null, Object(Config\Cache), false)
 4 FCPATH\index.php(67): CodeIgniter\CodeIgniter->run()
 5 SYSTEMPATH\Commands\Server\rewrite.php(43): require_once('FCPATH\\index.php')
CRITICAL - 2023-02-08 11:52:55 --> Call to a member function getid() on null
in APPPATH\Controllers\Tbbarang.php on line 95.
 1 SYSTEMPATH\CodeIgniter.php(904): App\Controllers\Tbbarang->formtambah()
 2 SYSTEMPATH\CodeIgniter.php(457): CodeIgniter\CodeIgniter->runController(Object(App\Controllers\Tbbarang))
 3 SYSTEMPATH\CodeIgniter.php(340): CodeIgniter\CodeIgniter->handleRequest(null, Object(Config\Cache), false)
 4 FCPATH\index.php(67): CodeIgniter\CodeIgniter->run()
 5 SYSTEMPATH\Commands\Server\rewrite.php(43): require_once('FCPATH\\index.php')
CRITICAL - 2023-02-08 11:54:04 --> Call to a member function getkode() on null
in APPPATH\Controllers\Tbbarang.php on line 95.
 1 SYSTEMPATH\CodeIgniter.php(904): App\Controllers\Tbbarang->formtambah()
 2 SYSTEMPATH\CodeIgniter.php(457): CodeIgniter\CodeIgniter->runController(Object(App\Controllers\Tbbarang))
 3 SYSTEMPATH\CodeIgniter.php(340): CodeIgniter\CodeIgniter->handleRequest(null, Object(Config\Cache), false)
 4 FCPATH\index.php(67): CodeIgniter\CodeIgniter->run()
 5 SYSTEMPATH\Commands\Server\rewrite.php(43): require_once('FCPATH\\index.php')
CRITICAL - 2023-02-08 11:54:19 --> Call to a member function getkode() on null
in APPPATH\Controllers\Tbbarang.php on line 95.
 1 SYSTEMPATH\CodeIgniter.php(904): App\Controllers\Tbbarang->formtambah()
 2 SYSTEMPATH\CodeIgniter.php(457): CodeIgniter\CodeIgniter->runController(Object(App\Controllers\Tbbarang))
 3 SYSTEMPATH\CodeIgniter.php(340): CodeIgniter\CodeIgniter->handleRequest(null, Object(Config\Cache), false)
 4 FCPATH\index.php(67): CodeIgniter\CodeIgniter->run()
 5 SYSTEMPATH\Commands\Server\rewrite.php(43): require_once('FCPATH\\index.php')
CRITICAL - 2023-02-08 11:54:37 --> Call to a member function getkode() on null
in APPPATH\Controllers\Tbbarang.php on line 95.
 1 SYSTEMPATH\CodeIgniter.php(904): App\Controllers\Tbbarang->formtambah()
 2 SYSTEMPATH\CodeIgniter.php(457): CodeIgniter\CodeIgniter->runController(Object(App\Controllers\Tbbarang))
 3 SYSTEMPATH\CodeIgniter.php(340): CodeIgniter\CodeIgniter->handleRequest(null, Object(Config\Cache), false)
 4 FCPATH\index.php(67): CodeIgniter\CodeIgniter->run()
 5 SYSTEMPATH\Commands\Server\rewrite.php(43): require_once('FCPATH\\index.php')
CRITICAL - 2023-02-08 11:57:20 --> Call to a member function getkode() on null
in APPPATH\Controllers\Tbbarang.php on line 95.
 1 SYSTEMPATH\CodeIgniter.php(904): App\Controllers\Tbbarang->formtambah()
 2 SYSTEMPATH\CodeIgniter.php(457): CodeIgniter\CodeIgniter->runController(Object(App\Controllers\Tbbarang))
 3 SYSTEMPATH\CodeIgniter.php(340): CodeIgniter\CodeIgniter->handleRequest(null, Object(Config\Cache), false)
 4 FCPATH\index.php(67): CodeIgniter\CodeIgniter->run()
 5 SYSTEMPATH\Commands\Server\rewrite.php(43): require_once('FCPATH\\index.php')
CRITICAL - 2023-02-08 11:57:42 --> Call to a member function getkode() on null
in APPPATH\Controllers\Tbbarang.php on line 95.
 1 SYSTEMPATH\CodeIgniter.php(904): App\Controllers\Tbbarang->formtambah()
 2 SYSTEMPATH\CodeIgniter.php(457): CodeIgniter\CodeIgniter->runController(Object(App\Controllers\Tbbarang))
 3 SYSTEMPATH\CodeIgniter.php(340): CodeIgniter\CodeIgniter->handleRequest(null, Object(Config\Cache), false)
 4 FCPATH\index.php(67): CodeIgniter\CodeIgniter->run()
 5 SYSTEMPATH\Commands\Server\rewrite.php(43): require_once('FCPATH\\index.php')
CRITICAL - 2023-02-08 14:15:53 --> Undefined variable $tbjnbrg
in APPPATH\Views\tbbarang\modaltambah.php on line 29.
 1 APPPATH\Views\tbbarang\modaltambah.php(29): CodeIgniter\Debug\Exceptions->errorHandler(2, 'Undefined variable $tbjnbrg', 'APPPATH\\Views\\tbbarang\\modaltambah.php', 29)
 2 SYSTEMPATH\View\View.php(213): include('APPPATH\\Views\\tbbarang\\modaltambah.php')
 3 SYSTEMPATH\View\View.php(216): CodeIgniter\View\View->CodeIgniter\View\{closure}()
 4 SYSTEMPATH\Common.php(1142): CodeIgniter\View\View->render('tbbarang/modaltambah', [], true)
 5 APPPATH\Controllers\Tbbarang.php(100): view('tbbarang/modaltambah', [...])
 6 SYSTEMPATH\CodeIgniter.php(904): App\Controllers\Tbbarang->formtambah()
 7 SYSTEMPATH\CodeIgniter.php(457): CodeIgniter\CodeIgniter->runController(Object(App\Controllers\Tbbarang))
 8 SYSTEMPATH\CodeIgniter.php(340): CodeIgniter\CodeIgniter->handleRequest(null, Object(Config\Cache), false)
 9 FCPATH\index.php(67): CodeIgniter\CodeIgniter->run()
10 SYSTEMPATH\Commands\Server\rewrite.php(43): require_once('FCPATH\\index.php')
CRITICAL - 2023-02-08 14:16:21 --> Undefined variable $row
in APPPATH\Views\tbbarang\modaltambah.php on line 31.
 1 APPPATH\Views\tbbarang\modaltambah.php(31): CodeIgniter\Debug\Exceptions->errorHandler(2, 'Undefined variable $row', 'APPPATH\\Views\\tbbarang\\modaltambah.php', 31)
 2 SYSTEMPATH\View\View.php(213): include('APPPATH\\Views\\tbbarang\\modaltambah.php')
 3 SYSTEMPATH\View\View.php(216): CodeIgniter\View\View->CodeIgniter\View\{closure}()
 4 SYSTEMPATH\Common.php(1142): CodeIgniter\View\View->render('tbbarang/modaltambah', [], true)
 5 APPPATH\Controllers\Tbbarang.php(100): view('tbbarang/modaltambah', [...])
 6 SYSTEMPATH\CodeIgniter.php(904): App\Controllers\Tbbarang->formtambah()
 7 SYSTEMPATH\CodeIgniter.php(457): CodeIgniter\CodeIgniter->runController(Object(App\Controllers\Tbbarang))
 8 SYSTEMPATH\CodeIgniter.php(340): CodeIgniter\CodeIgniter->handleRequest(null, Object(Config\Cache), false)
 9 FCPATH\index.php(67): CodeIgniter\CodeIgniter->run()
10 SYSTEMPATH\Commands\Server\rewrite.php(43): require_once('FCPATH\\index.php')
CRITICAL - 2023-02-08 14:16:25 --> Undefined variable $row
in APPPATH\Views\tbbarang\modaltambah.php on line 31.
 1 APPPATH\Views\tbbarang\modaltambah.php(31): CodeIgniter\Debug\Exceptions->errorHandler(2, 'Undefined variable $row', 'APPPATH\\Views\\tbbarang\\modaltambah.php', 31)
 2 SYSTEMPATH\View\View.php(213): include('APPPATH\\Views\\tbbarang\\modaltambah.php')
 3 SYSTEMPATH\View\View.php(216): CodeIgniter\View\View->CodeIgniter\View\{closure}()
 4 SYSTEMPATH\Common.php(1142): CodeIgniter\View\View->render('tbbarang/modaltambah', [], true)
 5 APPPATH\Controllers\Tbbarang.php(100): view('tbbarang/modaltambah', [...])
 6 SYSTEMPATH\CodeIgniter.php(904): App\Controllers\Tbbarang->formtambah()
 7 SYSTEMPATH\CodeIgniter.php(457): CodeIgniter\CodeIgniter->runController(Object(App\Controllers\Tbbarang))
 8 SYSTEMPATH\CodeIgniter.php(340): CodeIgniter\CodeIgniter->handleRequest(null, Object(Config\Cache), false)
 9 FCPATH\index.php(67): CodeIgniter\CodeIgniter->run()
10 SYSTEMPATH\Commands\Server\rewrite.php(43): require_once('FCPATH\\index.php')
CRITICAL - 2023-02-08 15:11:16 --> Invalid file: tbbarang/tambahdatatbjnbrg.php
in SYSTEMPATH\Exceptions\FrameworkException.php on line 33.
 1 SYSTEMPATH\View\View.php(201): CodeIgniter\Exceptions\FrameworkException::forInvalidFile('tbbarang/tambahdatatbjnbrg.php')
 2 SYSTEMPATH\Common.php(1142): CodeIgniter\View\View->render('tbbarang/tambahdatatbjnbrg', [], true)
 3 APPPATH\Controllers\Tbbarang.php(249): view('tbbarang/tambahdatatbjnbrg', [...])
 4 SYSTEMPATH\CodeIgniter.php(904): App\Controllers\Tbbarang->tambahdatatbjnbrg()
 5 SYSTEMPATH\CodeIgniter.php(457): CodeIgniter\CodeIgniter->runController(Object(App\Controllers\Tbbarang))
 6 SYSTEMPATH\CodeIgniter.php(340): CodeIgniter\CodeIgniter->handleRequest(null, Object(Config\Cache), false)
 7 FCPATH\index.php(67): CodeIgniter\CodeIgniter->run()
 8 SYSTEMPATH\Commands\Server\rewrite.php(43): require_once('FCPATH\\index.php')
CRITICAL - 2023-02-08 15:11:21 --> Invalid file: tbbarang/tambahdatatbjnbrg.php
in SYSTEMPATH\Exceptions\FrameworkException.php on line 33.
 1 SYSTEMPATH\View\View.php(201): CodeIgniter\Exceptions\FrameworkException::forInvalidFile('tbbarang/tambahdatatbjnbrg.php')
 2 SYSTEMPATH\Common.php(1142): CodeIgniter\View\View->render('tbbarang/tambahdatatbjnbrg', [], true)
 3 APPPATH\Controllers\Tbbarang.php(249): view('tbbarang/tambahdatatbjnbrg', [...])
 4 SYSTEMPATH\CodeIgniter.php(904): App\Controllers\Tbbarang->tambahdatatbjnbrg()
 5 SYSTEMPATH\CodeIgniter.php(457): CodeIgniter\CodeIgniter->runController(Object(App\Controllers\Tbbarang))
 6 SYSTEMPATH\CodeIgniter.php(340): CodeIgniter\CodeIgniter->handleRequest(null, Object(Config\Cache), false)
 7 FCPATH\index.php(67): CodeIgniter\CodeIgniter->run()
 8 SYSTEMPATH\Commands\Server\rewrite.php(43): require_once('FCPATH\\index.php')
CRITICAL - 2023-02-08 15:13:20 --> Invalid file: tbbarang/tambahdatatbjnbrg.php
in SYSTEMPATH\Exceptions\FrameworkException.php on line 33.
 1 SYSTEMPATH\View\View.php(201): CodeIgniter\Exceptions\FrameworkException::forInvalidFile('tbbarang/tambahdatatbjnbrg.php')
 2 SYSTEMPATH\Common.php(1142): CodeIgniter\View\View->render('tbbarang/tambahdatatbjnbrg', [], true)
 3 APPPATH\Controllers\Tbbarang.php(249): view('tbbarang/tambahdatatbjnbrg', [...])
 4 SYSTEMPATH\CodeIgniter.php(904): App\Controllers\Tbbarang->tambahdatatbjnbrg()
 5 SYSTEMPATH\CodeIgniter.php(457): CodeIgniter\CodeIgniter->runController(Object(App\Controllers\Tbbarang))
 6 SYSTEMPATH\CodeIgniter.php(340): CodeIgniter\CodeIgniter->handleRequest(null, Object(Config\Cache), false)
 7 FCPATH\index.php(67): CodeIgniter\CodeIgniter->run()
 8 SYSTEMPATH\Commands\Server\rewrite.php(43): require_once('FCPATH\\index.php')
CRITICAL - 2023-02-08 15:32:17 --> Call to a member function getkode() on null
in APPPATH\Controllers\Tbbarang.php on line 224.
 1 SYSTEMPATH\CodeIgniter.php(904): App\Controllers\Tbbarang->ambildatatbjnbrg()
 2 SYSTEMPATH\CodeIgniter.php(457): CodeIgniter\CodeIgniter->runController(Object(App\Controllers\Tbbarang))
 3 SYSTEMPATH\CodeIgniter.php(340): CodeIgniter\CodeIgniter->handleRequest(null, Object(Config\Cache), false)
 4 FCPATH\index.php(67): CodeIgniter\CodeIgniter->run()
 5 SYSTEMPATH\Commands\Server\rewrite.php(43): require_once('FCPATH\\index.php')
CRITICAL - 2023-02-08 15:32:19 --> Call to a member function getkode() on null
in APPPATH\Controllers\Tbbarang.php on line 224.
 1 SYSTEMPATH\CodeIgniter.php(904): App\Controllers\Tbbarang->ambildatatbjnbrg()
 2 SYSTEMPATH\CodeIgniter.php(457): CodeIgniter\CodeIgniter->runController(Object(App\Controllers\Tbbarang))
 3 SYSTEMPATH\CodeIgniter.php(340): CodeIgniter\CodeIgniter->handleRequest(null, Object(Config\Cache), false)
 4 FCPATH\index.php(67): CodeIgniter\CodeIgniter->run()
 5 SYSTEMPATH\Commands\Server\rewrite.php(43): require_once('FCPATH\\index.php')
CRITICAL - 2023-02-08 15:32:21 --> Call to a member function getkode() on null
in APPPATH\Controllers\Tbbarang.php on line 224.
 1 SYSTEMPATH\CodeIgniter.php(904): App\Controllers\Tbbarang->ambildatatbjnbrg()
 2 SYSTEMPATH\CodeIgniter.php(457): CodeIgniter\CodeIgniter->runController(Object(App\Controllers\Tbbarang))
 3 SYSTEMPATH\CodeIgniter.php(340): CodeIgniter\CodeIgniter->handleRequest(null, Object(Config\Cache), false)
 4 FCPATH\index.php(67): CodeIgniter\CodeIgniter->run()
 5 SYSTEMPATH\Commands\Server\rewrite.php(43): require_once('FCPATH\\index.php')
CRITICAL - 2023-02-08 15:32:23 --> Call to a member function getkode() on null
in APPPATH\Controllers\Tbbarang.php on line 224.
 1 SYSTEMPATH\CodeIgniter.php(904): App\Controllers\Tbbarang->ambildatatbjnbrg()
 2 SYSTEMPATH\CodeIgniter.php(457): CodeIgniter\CodeIgniter->runController(Object(App\Controllers\Tbbarang))
 3 SYSTEMPATH\CodeIgniter.php(340): CodeIgniter\CodeIgniter->handleRequest(null, Object(Config\Cache), false)
 4 FCPATH\index.php(67): CodeIgniter\CodeIgniter->run()
 5 SYSTEMPATH\Commands\Server\rewrite.php(43): require_once('FCPATH\\index.php')
CRITICAL - 2023-02-08 15:32:24 --> Call to a member function getkode() on null
in APPPATH\Controllers\Tbbarang.php on line 224.
 1 SYSTEMPATH\CodeIgniter.php(904): App\Controllers\Tbbarang->ambildatatbjnbrg()
 2 SYSTEMPATH\CodeIgniter.php(457): CodeIgniter\CodeIgniter->runController(Object(App\Controllers\Tbbarang))
 3 SYSTEMPATH\CodeIgniter.php(340): CodeIgniter\CodeIgniter->handleRequest(null, Object(Config\Cache), false)
 4 FCPATH\index.php(67): CodeIgniter\CodeIgniter->run()
 5 SYSTEMPATH\Commands\Server\rewrite.php(43): require_once('FCPATH\\index.php')
CRITICAL - 2023-02-08 15:32:24 --> Call to a member function getkode() on null
in APPPATH\Controllers\Tbbarang.php on line 224.
 1 SYSTEMPATH\CodeIgniter.php(904): App\Controllers\Tbbarang->ambildatatbjnbrg()
 2 SYSTEMPATH\CodeIgniter.php(457): CodeIgniter\CodeIgniter->runController(Object(App\Controllers\Tbbarang))
 3 SYSTEMPATH\CodeIgniter.php(340): CodeIgniter\CodeIgniter->handleRequest(null, Object(Config\Cache), false)
 4 FCPATH\index.php(67): CodeIgniter\CodeIgniter->run()
 5 SYSTEMPATH\Commands\Server\rewrite.php(43): require_once('FCPATH\\index.php')
ERROR - 2023-02-08 15:34:03 --> mysqli_sql_exception: Unknown column 'created_at' in 'field list' in D:\xampp\htdocs\bp\system\Database\MySQLi\Connection.php:292
Stack trace:
#0 D:\xampp\htdocs\bp\system\Database\MySQLi\Connection.php(292): mysqli->query('INSERT INTO `tb...', 0)
#1 D:\xampp\htdocs\bp\system\Database\BaseConnection.php(693): CodeIgniter\Database\MySQLi\Connection->execute('INSERT INTO `tb...')
#2 D:\xampp\htdocs\bp\system\Database\BaseConnection.php(620): CodeIgniter\Database\BaseConnection->simpleQuery('INSERT INTO `tb...')
#3 D:\xampp\htdocs\bp\system\Database\BaseBuilder.php(1916): CodeIgniter\Database\BaseConnection->query('INSERT INTO `tb...', Array, false)
#4 D:\xampp\htdocs\bp\system\Model.php(279): CodeIgniter\Database\BaseBuilder->insert()
#5 D:\xampp\htdocs\bp\system\BaseModel.php(738): CodeIgniter\Model->doInsert(Array)
#6 D:\xampp\htdocs\bp\system\Model.php(667): CodeIgniter\BaseModel->insert(Array, true)
#7 D:\xampp\htdocs\bp\app\Controllers\Tbjnbrg.php(151): CodeIgniter\Model->insert(Array)
#8 D:\xampp\htdocs\bp\system\CodeIgniter.php(904): App\Controllers\Tbjnbrg->simpandata()
#9 D:\xampp\htdocs\bp\system\CodeIgniter.php(457): CodeIgniter\CodeIgniter->runController(Object(App\Controllers\Tbjnbrg))
#10 D:\xampp\htdocs\bp\system\CodeIgniter.php(340): CodeIgniter\CodeIgniter->handleRequest(NULL, Object(Config\Cache), false)
#11 D:\xampp\htdocs\bp\public\index.php(67): CodeIgniter\CodeIgniter->run()
#12 D:\xampp\htdocs\bp\system\Commands\Server\rewrite.php(43): require_once('D:\\xampp\\htdocs...')
#13 {main}
CRITICAL - 2023-02-08 15:34:03 --> Unknown column 'created_at' in 'field list'
in SYSTEMPATH\Database\MySQLi\Connection.php on line 292.
 1 SYSTEMPATH\Database\MySQLi\Connection.php(292): mysqli->query('INSERT INTO `tbjnbrg` (`kode`, `nama`, `aktif`, `user`, `created_at`, `updated_at`) VALUES (\'02\', \'asasa\', \'N\', \'Edit-Murod-08-02-2023 15:34:03\', \'2023-02-08 15:34:03\', \'2023-02-08 15:34:03\')', 0)
 2 SYSTEMPATH\Database\BaseConnection.php(693): CodeIgniter\Database\MySQLi\Connection->execute('INSERT INTO `tbjnbrg` (`kode`, `nama`, `aktif`, `user`, `created_at`, `updated_at`) VALUES (\'02\', \'asasa\', \'N\', \'Edit-Murod-08-02-2023 15:34:03\', \'2023-02-08 15:34:03\', \'2023-02-08 15:34:03\')')
 3 SYSTEMPATH\Database\BaseConnection.php(620): CodeIgniter\Database\BaseConnection->simpleQuery('INSERT INTO `tbjnbrg` (`kode`, `nama`, `aktif`, `user`, `created_at`, `updated_at`) VALUES (\'02\', \'asasa\', \'N\', \'Edit-Murod-08-02-2023 15:34:03\', \'2023-02-08 15:34:03\', \'2023-02-08 15:34:03\')')
 4 SYSTEMPATH\Database\BaseBuilder.php(1916): CodeIgniter\Database\BaseConnection->query('INSERT INTO `tbjnbrg` (`kode`, `nama`, `aktif`, `user`, `created_at`, `updated_at`) VALUES (:kode:, :nama:, :aktif:, :user:, :created_at:, :updated_at:)', [...], false)
 5 SYSTEMPATH\Model.php(279): CodeIgniter\Database\BaseBuilder->insert()
 6 SYSTEMPATH\BaseModel.php(738): CodeIgniter\Model->doInsert([...])
 7 SYSTEMPATH\Model.php(667): CodeIgniter\BaseModel->insert([...], true)
 8 APPPATH\Controllers\Tbjnbrg.php(151): CodeIgniter\Model->insert([...])
 9 SYSTEMPATH\CodeIgniter.php(904): App\Controllers\Tbjnbrg->simpandata()
10 SYSTEMPATH\CodeIgniter.php(457): CodeIgniter\CodeIgniter->runController(Object(App\Controllers\Tbjnbrg))
11 SYSTEMPATH\CodeIgniter.php(340): CodeIgniter\CodeIgniter->handleRequest(null, Object(Config\Cache), false)
12 FCPATH\index.php(67): CodeIgniter\CodeIgniter->run()
13 SYSTEMPATH\Commands\Server\rewrite.php(43): require_once('FCPATH\\index.php')
CRITICAL - 2023-02-08 16:51:54 --> Invalid file: tbbarang/tambahtbsatuan.php
in SYSTEMPATH\Exceptions\FrameworkException.php on line 33.
 1 SYSTEMPATH\View\View.php(201): CodeIgniter\Exceptions\FrameworkException::forInvalidFile('tbbarang/tambahtbsatuan.php')
 2 SYSTEMPATH\Common.php(1142): CodeIgniter\View\View->render('tbbarang/tambahtbsatuan', [], true)
 3 APPPATH\Controllers\Tbbarang.php(299): view('tbbarang/tambahtbsatuan', [...])
 4 SYSTEMPATH\CodeIgniter.php(904): App\Controllers\Tbbarang->tambahtbsatuan()
 5 SYSTEMPATH\CodeIgniter.php(457): CodeIgniter\CodeIgniter->runController(Object(App\Controllers\Tbbarang))
 6 SYSTEMPATH\CodeIgniter.php(340): CodeIgniter\CodeIgniter->handleRequest(null, Object(Config\Cache), false)
 7 FCPATH\index.php(67): CodeIgniter\CodeIgniter->run()
 8 SYSTEMPATH\Commands\Server\rewrite.php(43): require_once('FCPATH\\index.php')
CRITICAL - 2023-02-08 16:53:02 --> Invalid file: tbbarang/tambahtbsatuan.php
in SYSTEMPATH\Exceptions\FrameworkException.php on line 33.
 1 SYSTEMPATH\View\View.php(201): CodeIgniter\Exceptions\FrameworkException::forInvalidFile('tbbarang/tambahtbsatuan.php')
 2 SYSTEMPATH\Common.php(1142): CodeIgniter\View\View->render('tbbarang/tambahtbsatuan', [], true)
 3 APPPATH\Controllers\Tbbarang.php(299): view('tbbarang/tambahtbsatuan', [...])
 4 SYSTEMPATH\CodeIgniter.php(904): App\Controllers\Tbbarang->tambahtbsatuan()
 5 SYSTEMPATH\CodeIgniter.php(457): CodeIgniter\CodeIgniter->runController(Object(App\Controllers\Tbbarang))
 6 SYSTEMPATH\CodeIgniter.php(340): CodeIgniter\CodeIgniter->handleRequest(null, Object(Config\Cache), false)
 7 FCPATH\index.php(67): CodeIgniter\CodeIgniter->run()
 8 SYSTEMPATH\Commands\Server\rewrite.php(43): require_once('FCPATH\\index.php')
CRITICAL - 2023-02-08 16:54:56 --> Invalid file: tbbarang/tambahtbsatuan.php
in SYSTEMPATH\Exceptions\FrameworkException.php on line 33.
 1 SYSTEMPATH\View\View.php(201): CodeIgniter\Exceptions\FrameworkException::forInvalidFile('tbbarang/tambahtbsatuan.php')
 2 SYSTEMPATH\Common.php(1142): CodeIgniter\View\View->render('tbbarang/tambahtbsatuan', [], true)
 3 APPPATH\Controllers\Tbbarang.php(299): view('tbbarang/tambahtbsatuan', [...])
 4 SYSTEMPATH\CodeIgniter.php(904): App\Controllers\Tbbarang->tambahtbsatuan()
 5 SYSTEMPATH\CodeIgniter.php(457): CodeIgniter\CodeIgniter->runController(Object(App\Controllers\Tbbarang))
 6 SYSTEMPATH\CodeIgniter.php(340): CodeIgniter\CodeIgniter->handleRequest(null, Object(Config\Cache), false)
 7 FCPATH\index.php(67): CodeIgniter\CodeIgniter->run()
 8 SYSTEMPATH\Commands\Server\rewrite.php(43): require_once('FCPATH\\index.php')
CRITICAL - 2023-02-08 16:55:02 --> Invalid file: tbbarang/tambahtbsatuan.php
in SYSTEMPATH\Exceptions\FrameworkException.php on line 33.
 1 SYSTEMPATH\View\View.php(201): CodeIgniter\Exceptions\FrameworkException::forInvalidFile('tbbarang/tambahtbsatuan.php')
 2 SYSTEMPATH\Common.php(1142): CodeIgniter\View\View->render('tbbarang/tambahtbsatuan', [], true)
 3 APPPATH\Controllers\Tbbarang.php(299): view('tbbarang/tambahtbsatuan', [...])
 4 SYSTEMPATH\CodeIgniter.php(904): App\Controllers\Tbbarang->tambahtbsatuan()
 5 SYSTEMPATH\CodeIgniter.php(457): CodeIgniter\CodeIgniter->runController(Object(App\Controllers\Tbbarang))
 6 SYSTEMPATH\CodeIgniter.php(340): CodeIgniter\CodeIgniter->handleRequest(null, Object(Config\Cache), false)
 7 FCPATH\index.php(67): CodeIgniter\CodeIgniter->run()
 8 SYSTEMPATH\Commands\Server\rewrite.php(43): require_once('FCPATH\\index.php')
