CRITICAL - 2022-10-11 09:27:21 --> Undefined property: App\Controllers\Rwtkeluarga::$RwtkeluargaModel
in APPPATH\Controllers\Rwtkeluarga.php on line 21.
 1 APPPATH\Controllers\Rwtkeluarga.php(21): CodeIgniter\Debug\Exceptions->errorHandler(2, 'Undefined property: App\\Controllers\\Rwtkeluarga::$RwtkeluargaModel', 'APPPATH\\Controllers\\Rwtkeluarga.php', 21)
 2 SYSTEMPATH\CodeIgniter.php(904): App\Controllers\Rwtkeluarga->index()
 3 SYSTEMPATH\CodeIgniter.php(457): CodeIgniter\CodeIgniter->runController(Object(App\Controllers\Rwtkeluarga))
 4 SYSTEMPATH\CodeIgniter.php(340): CodeIgniter\CodeIgniter->handleRequest(null, Object(Config\Cache), false)
 5 FCPATH\index.php(67): CodeIgniter\CodeIgniter->run()
 6 SYSTEMPATH\Commands\Server\rewrite.php(43): require_once('FCPATH\\index.php')
CRITICAL - 2022-10-11 09:27:45 --> Undefined property: App\Controllers\Rwtkeluarga::$RwtkeluargaModel
in APPPATH\Controllers\Rwtkeluarga.php on line 21.
 1 APPPATH\Controllers\Rwtkeluarga.php(21): CodeIgniter\Debug\Exceptions->errorHandler(2, 'Undefined property: App\\Controllers\\Rwtkeluarga::$RwtkeluargaModel', 'APPPATH\\Controllers\\Rwtkeluarga.php', 21)
 2 SYSTEMPATH\CodeIgniter.php(904): App\Controllers\Rwtkeluarga->index()
 3 SYSTEMPATH\CodeIgniter.php(457): CodeIgniter\CodeIgniter->runController(Object(App\Controllers\Rwtkeluarga))
 4 SYSTEMPATH\CodeIgniter.php(340): CodeIgniter\CodeIgniter->handleRequest(null, Object(Config\Cache), false)
 5 FCPATH\index.php(67): CodeIgniter\CodeIgniter->run()
 6 SYSTEMPATH\Commands\Server\rewrite.php(43): require_once('FCPATH\\index.php')
CRITICAL - 2022-10-11 09:28:24 --> Undefined property: App\Controllers\rwtkeluarga::$RwtkeluargaModel
in APPPATH\Controllers\Rwtkeluarga.php on line 21.
 1 APPPATH\Controllers\Rwtkeluarga.php(21): CodeIgniter\Debug\Exceptions->errorHandler(2, 'Undefined property: App\\Controllers\\rwtkeluarga::$RwtkeluargaModel', 'APPPATH\\Controllers\\Rwtkeluarga.php', 21)
 2 SYSTEMPATH\CodeIgniter.php(904): App\Controllers\rwtkeluarga->index()
 3 SYSTEMPATH\CodeIgniter.php(457): CodeIgniter\CodeIgniter->runController(Object(App\Controllers\rwtkeluarga))
 4 SYSTEMPATH\CodeIgniter.php(340): CodeIgniter\CodeIgniter->handleRequest(null, Object(Config\Cache), false)
 5 FCPATH\index.php(67): CodeIgniter\CodeIgniter->run()
 6 SYSTEMPATH\Commands\Server\rewrite.php(43): require_once('FCPATH\\index.php')
CRITICAL - 2022-10-11 09:28:25 --> Undefined property: App\Controllers\rwtkeluarga::$RwtkeluargaModel
in APPPATH\Controllers\Rwtkeluarga.php on line 21.
 1 APPPATH\Controllers\Rwtkeluarga.php(21): CodeIgniter\Debug\Exceptions->errorHandler(2, 'Undefined property: App\\Controllers\\rwtkeluarga::$RwtkeluargaModel', 'APPPATH\\Controllers\\Rwtkeluarga.php', 21)
 2 SYSTEMPATH\CodeIgniter.php(904): App\Controllers\rwtkeluarga->index()
 3 SYSTEMPATH\CodeIgniter.php(457): CodeIgniter\CodeIgniter->runController(Object(App\Controllers\rwtkeluarga))
 4 SYSTEMPATH\CodeIgniter.php(340): CodeIgniter\CodeIgniter->handleRequest(null, Object(Config\Cache), false)
 5 FCPATH\index.php(67): CodeIgniter\CodeIgniter->run()
 6 SYSTEMPATH\Commands\Server\rewrite.php(43): require_once('FCPATH\\index.php')
CRITICAL - 2022-10-11 09:31:24 --> Undefined variable $data
in APPPATH\Controllers\Tbagama.php on line 23.
 1 APPPATH\Controllers\Tbagama.php(23): CodeIgniter\Debug\Exceptions->errorHandler(2, 'Undefined variable $data', 'APPPATH\\Controllers\\Tbagama.php', 23)
 2 SYSTEMPATH\CodeIgniter.php(904): App\Controllers\Tbagama->index()
 3 SYSTEMPATH\CodeIgniter.php(457): CodeIgniter\CodeIgniter->runController(Object(App\Controllers\Tbagama))
 4 SYSTEMPATH\CodeIgniter.php(340): CodeIgniter\CodeIgniter->handleRequest(null, Object(Config\Cache), false)
 5 FCPATH\index.php(67): CodeIgniter\CodeIgniter->run()
 6 SYSTEMPATH\Commands\Server\rewrite.php(43): require_once('FCPATH\\index.php')
CRITICAL - 2022-10-11 09:31:53 --> Undefined property: App\Controllers\Rwtkeluarga::$RwtkeluargaModel
in APPPATH\Controllers\Rwtkeluarga.php on line 21.
 1 APPPATH\Controllers\Rwtkeluarga.php(21): CodeIgniter\Debug\Exceptions->errorHandler(2, 'Undefined property: App\\Controllers\\Rwtkeluarga::$RwtkeluargaModel', 'APPPATH\\Controllers\\Rwtkeluarga.php', 21)
 2 SYSTEMPATH\CodeIgniter.php(904): App\Controllers\Rwtkeluarga->index()
 3 SYSTEMPATH\CodeIgniter.php(457): CodeIgniter\CodeIgniter->runController(Object(App\Controllers\Rwtkeluarga))
 4 SYSTEMPATH\CodeIgniter.php(340): CodeIgniter\CodeIgniter->handleRequest(null, Object(Config\Cache), false)
 5 FCPATH\index.php(67): CodeIgniter\CodeIgniter->run()
 6 SYSTEMPATH\Commands\Server\rewrite.php(43): require_once('FCPATH\\index.php')
CRITICAL - 2022-10-11 09:32:53 --> Invalid file: rwtkeluarga/modaltambah.php
in SYSTEMPATH\Exceptions\FrameworkException.php on line 33.
 1 SYSTEMPATH\View\View.php(201): CodeIgniter\Exceptions\FrameworkException::forInvalidFile('rwtkeluarga/modaltambah.php')
 2 SYSTEMPATH\Common.php(1142): CodeIgniter\View\View->render('rwtkeluarga/modaltambah', [], true)
 3 APPPATH\Controllers\Rwtkeluarga.php(97): view('rwtkeluarga/modaltambah', [...])
 4 SYSTEMPATH\CodeIgniter.php(904): App\Controllers\Rwtkeluarga->formtambah()
 5 SYSTEMPATH\CodeIgniter.php(457): CodeIgniter\CodeIgniter->runController(Object(App\Controllers\Rwtkeluarga))
 6 SYSTEMPATH\CodeIgniter.php(340): CodeIgniter\CodeIgniter->handleRequest(null, Object(Config\Cache), false)
 7 FCPATH\index.php(67): CodeIgniter\CodeIgniter->run()
 8 SYSTEMPATH\Commands\Server\rewrite.php(43): require_once('FCPATH\\index.php')
CRITICAL - 2022-10-11 09:33:11 --> Undefined property: App\Controllers\Rwtkeluarga::$RwtkeluargaModel
in APPPATH\Controllers\Rwtkeluarga.php on line 21.
 1 APPPATH\Controllers\Rwtkeluarga.php(21): CodeIgniter\Debug\Exceptions->errorHandler(2, 'Undefined property: App\\Controllers\\Rwtkeluarga::$RwtkeluargaModel', 'APPPATH\\Controllers\\Rwtkeluarga.php', 21)
 2 SYSTEMPATH\CodeIgniter.php(904): App\Controllers\Rwtkeluarga->index()
 3 SYSTEMPATH\CodeIgniter.php(457): CodeIgniter\CodeIgniter->runController(Object(App\Controllers\Rwtkeluarga))
 4 SYSTEMPATH\CodeIgniter.php(340): CodeIgniter\CodeIgniter->handleRequest(null, Object(Config\Cache), false)
 5 FCPATH\index.php(67): CodeIgniter\CodeIgniter->run()
 6 SYSTEMPATH\Commands\Server\rewrite.php(43): require_once('FCPATH\\index.php')
CRITICAL - 2022-10-11 09:33:30 --> Undefined property: App\Controllers\Rwtkeluarga::$RwtkeluargaModel
in APPPATH\Controllers\Rwtkeluarga.php on line 21.
 1 APPPATH\Controllers\Rwtkeluarga.php(21): CodeIgniter\Debug\Exceptions->errorHandler(2, 'Undefined property: App\\Controllers\\Rwtkeluarga::$RwtkeluargaModel', 'APPPATH\\Controllers\\Rwtkeluarga.php', 21)
 2 SYSTEMPATH\CodeIgniter.php(904): App\Controllers\Rwtkeluarga->index()
 3 SYSTEMPATH\CodeIgniter.php(457): CodeIgniter\CodeIgniter->runController(Object(App\Controllers\Rwtkeluarga))
 4 SYSTEMPATH\CodeIgniter.php(340): CodeIgniter\CodeIgniter->handleRequest(null, Object(Config\Cache), false)
 5 FCPATH\index.php(67): CodeIgniter\CodeIgniter->run()
 6 SYSTEMPATH\Commands\Server\rewrite.php(43): require_once('FCPATH\\index.php')
CRITICAL - 2022-10-11 09:44:25 --> Call to undefined method App\Models\RwtkeluargaModel::getrwtkeluarga
in SYSTEMPATH\Model.php on line 774.
 1 APPPATH\Controllers\Rwtkeluarga.php(213): CodeIgniter\Model->__call('getrwtkeluarga', [])
 2 SYSTEMPATH\CodeIgniter.php(904): App\Controllers\Rwtkeluarga->table_rwtkeluarga()
 3 SYSTEMPATH\CodeIgniter.php(457): CodeIgniter\CodeIgniter->runController(Object(App\Controllers\Rwtkeluarga))
 4 SYSTEMPATH\CodeIgniter.php(340): CodeIgniter\CodeIgniter->handleRequest(null, Object(Config\Cache), false)
 5 FCPATH\index.php(67): CodeIgniter\CodeIgniter->run()
 6 SYSTEMPATH\Commands\Server\rewrite.php(43): require_once('FCPATH\\index.php')
CRITICAL - 2022-10-11 09:45:19 --> Call to undefined method App\Models\RwtkeluargaModel::getrwtkeluarga
in SYSTEMPATH\Model.php on line 774.
 1 APPPATH\Controllers\Rwtkeluarga.php(213): CodeIgniter\Model->__call('getrwtkeluarga', [])
 2 SYSTEMPATH\CodeIgniter.php(904): App\Controllers\Rwtkeluarga->table_rwtkeluarga()
 3 SYSTEMPATH\CodeIgniter.php(457): CodeIgniter\CodeIgniter->runController(Object(App\Controllers\Rwtkeluarga))
 4 SYSTEMPATH\CodeIgniter.php(340): CodeIgniter\CodeIgniter->handleRequest(null, Object(Config\Cache), false)
 5 FCPATH\index.php(67): CodeIgniter\CodeIgniter->run()
 6 SYSTEMPATH\Commands\Server\rewrite.php(43): require_once('FCPATH\\index.php')
CRITICAL - 2022-10-11 09:45:35 --> Call to undefined function App\Controllers\alert()
in APPPATH\Controllers\Rwtkeluarga.php on line 211.
 1 SYSTEMPATH\CodeIgniter.php(904): App\Controllers\Rwtkeluarga->table_rwtkeluarga()
 2 SYSTEMPATH\CodeIgniter.php(457): CodeIgniter\CodeIgniter->runController(Object(App\Controllers\Rwtkeluarga))
 3 SYSTEMPATH\CodeIgniter.php(340): CodeIgniter\CodeIgniter->handleRequest(null, Object(Config\Cache), false)
 4 FCPATH\index.php(67): CodeIgniter\CodeIgniter->run()
 5 SYSTEMPATH\Commands\Server\rewrite.php(43): require_once('FCPATH\\index.php')
CRITICAL - 2022-10-11 09:46:53 --> Call to undefined method App\Models\RwtkeluargaModel::getrwtkeluarga
in SYSTEMPATH\Model.php on line 774.
 1 APPPATH\Controllers\Rwtkeluarga.php(213): CodeIgniter\Model->__call('getrwtkeluarga', [])
 2 SYSTEMPATH\CodeIgniter.php(904): App\Controllers\Rwtkeluarga->table_rwtkeluarga()
 3 SYSTEMPATH\CodeIgniter.php(457): CodeIgniter\CodeIgniter->runController(Object(App\Controllers\Rwtkeluarga))
 4 SYSTEMPATH\CodeIgniter.php(340): CodeIgniter\CodeIgniter->handleRequest(null, Object(Config\Cache), false)
 5 FCPATH\index.php(67): CodeIgniter\CodeIgniter->run()
 6 SYSTEMPATH\Commands\Server\rewrite.php(43): require_once('FCPATH\\index.php')
CRITICAL - 2022-10-11 09:49:01 --> Call to undefined method App\Models\RwtkeluargaModel::getrwtkeluarga
in SYSTEMPATH\Model.php on line 774.
 1 APPPATH\Controllers\Rwtkeluarga.php(213): CodeIgniter\Model->__call('getrwtkeluarga', [])
 2 SYSTEMPATH\CodeIgniter.php(904): App\Controllers\Rwtkeluarga->table_rwtkeluarga()
 3 SYSTEMPATH\CodeIgniter.php(457): CodeIgniter\CodeIgniter->runController(Object(App\Controllers\Rwtkeluarga))
 4 SYSTEMPATH\CodeIgniter.php(340): CodeIgniter\CodeIgniter->handleRequest(null, Object(Config\Cache), false)
 5 FCPATH\index.php(67): CodeIgniter\CodeIgniter->run()
 6 SYSTEMPATH\Commands\Server\rewrite.php(43): require_once('FCPATH\\index.php')
CRITICAL - 2022-10-11 09:50:55 --> Call to undefined method App\Models\RwtkeluargaModel::getrwtkeluarga
in SYSTEMPATH\Model.php on line 774.
 1 APPPATH\Controllers\Rwtkeluarga.php(213): CodeIgniter\Model->__call('getrwtkeluarga', [])
 2 SYSTEMPATH\CodeIgniter.php(904): App\Controllers\Rwtkeluarga->table_rwtkeluarga()
 3 SYSTEMPATH\CodeIgniter.php(457): CodeIgniter\CodeIgniter->runController(Object(App\Controllers\Rwtkeluarga))
 4 SYSTEMPATH\CodeIgniter.php(340): CodeIgniter\CodeIgniter->handleRequest(null, Object(Config\Cache), false)
 5 FCPATH\index.php(67): CodeIgniter\CodeIgniter->run()
 6 SYSTEMPATH\Commands\Server\rewrite.php(43): require_once('FCPATH\\index.php')
CRITICAL - 2022-10-11 09:52:41 --> Invalid file: rwtkeluarga/modaltambah.php
in SYSTEMPATH\Exceptions\FrameworkException.php on line 33.
 1 SYSTEMPATH\View\View.php(201): CodeIgniter\Exceptions\FrameworkException::forInvalidFile('rwtkeluarga/modaltambah.php')
 2 SYSTEMPATH\Common.php(1142): CodeIgniter\View\View->render('rwtkeluarga/modaltambah', [], true)
 3 APPPATH\Controllers\Rwtkeluarga.php(97): view('rwtkeluarga/modaltambah', [...])
 4 SYSTEMPATH\CodeIgniter.php(904): App\Controllers\Rwtkeluarga->formtambah()
 5 SYSTEMPATH\CodeIgniter.php(457): CodeIgniter\CodeIgniter->runController(Object(App\Controllers\Rwtkeluarga))
 6 SYSTEMPATH\CodeIgniter.php(340): CodeIgniter\CodeIgniter->handleRequest(null, Object(Config\Cache), false)
 7 FCPATH\index.php(67): CodeIgniter\CodeIgniter->run()
 8 SYSTEMPATH\Commands\Server\rewrite.php(43): require_once('FCPATH\\index.php')
CRITICAL - 2022-10-11 09:53:06 --> Invalid file: rwtkeluarga/modaltambah.php
in SYSTEMPATH\Exceptions\FrameworkException.php on line 33.
 1 SYSTEMPATH\View\View.php(201): CodeIgniter\Exceptions\FrameworkException::forInvalidFile('rwtkeluarga/modaltambah.php')
 2 SYSTEMPATH\Common.php(1142): CodeIgniter\View\View->render('rwtkeluarga/modaltambah', [], true)
 3 APPPATH\Controllers\Rwtkeluarga.php(97): view('rwtkeluarga/modaltambah', [...])
 4 SYSTEMPATH\CodeIgniter.php(904): App\Controllers\Rwtkeluarga->formtambah()
 5 SYSTEMPATH\CodeIgniter.php(457): CodeIgniter\CodeIgniter->runController(Object(App\Controllers\Rwtkeluarga))
 6 SYSTEMPATH\CodeIgniter.php(340): CodeIgniter\CodeIgniter->handleRequest(null, Object(Config\Cache), false)
 7 FCPATH\index.php(67): CodeIgniter\CodeIgniter->run()
 8 SYSTEMPATH\Commands\Server\rewrite.php(43): require_once('FCPATH\\index.php')
CRITICAL - 2022-10-11 09:56:47 --> Invalid file: rwtkeluarga/modaltambah.php
in SYSTEMPATH\Exceptions\FrameworkException.php on line 33.
 1 SYSTEMPATH\View\View.php(201): CodeIgniter\Exceptions\FrameworkException::forInvalidFile('rwtkeluarga/modaltambah.php')
 2 SYSTEMPATH\Common.php(1142): CodeIgniter\View\View->render('rwtkeluarga/modaltambah', [], true)
 3 APPPATH\Controllers\Rwtkeluarga.php(97): view('rwtkeluarga/modaltambah', [...])
 4 SYSTEMPATH\CodeIgniter.php(904): App\Controllers\Rwtkeluarga->formtambah()
 5 SYSTEMPATH\CodeIgniter.php(457): CodeIgniter\CodeIgniter->runController(Object(App\Controllers\Rwtkeluarga))
 6 SYSTEMPATH\CodeIgniter.php(340): CodeIgniter\CodeIgniter->handleRequest(null, Object(Config\Cache), false)
 7 FCPATH\index.php(67): CodeIgniter\CodeIgniter->run()
 8 SYSTEMPATH\Commands\Server\rewrite.php(43): require_once('FCPATH\\index.php')
CRITICAL - 2022-10-11 09:57:48 --> Invalid file: rwtkeluarga/modaltambah.php
in SYSTEMPATH\Exceptions\FrameworkException.php on line 33.
 1 SYSTEMPATH\View\View.php(201): CodeIgniter\Exceptions\FrameworkException::forInvalidFile('rwtkeluarga/modaltambah.php')
 2 SYSTEMPATH\Common.php(1142): CodeIgniter\View\View->render('rwtkeluarga/modaltambah', [], true)
 3 APPPATH\Controllers\Rwtkeluarga.php(97): view('rwtkeluarga/modaltambah', [...])
 4 SYSTEMPATH\CodeIgniter.php(904): App\Controllers\Rwtkeluarga->formtambah()
 5 SYSTEMPATH\CodeIgniter.php(457): CodeIgniter\CodeIgniter->runController(Object(App\Controllers\Rwtkeluarga))
 6 SYSTEMPATH\CodeIgniter.php(340): CodeIgniter\CodeIgniter->handleRequest(null, Object(Config\Cache), false)
 7 FCPATH\index.php(67): CodeIgniter\CodeIgniter->run()
 8 SYSTEMPATH\Commands\Server\rewrite.php(43): require_once('FCPATH\\index.php')
CRITICAL - 2022-10-11 10:23:52 --> Array to string conversion
in APPPATH\Controllers\Rwtkeluarga.php on line 100.
 1 APPPATH\Controllers\Rwtkeluarga.php(100): CodeIgniter\Debug\Exceptions->errorHandler(2, 'Array to string conversion', 'APPPATH\\Controllers\\Rwtkeluarga.php', 100)
 2 SYSTEMPATH\CodeIgniter.php(904): App\Controllers\Rwtkeluarga->formtambah()
 3 SYSTEMPATH\CodeIgniter.php(457): CodeIgniter\CodeIgniter->runController(Object(App\Controllers\Rwtkeluarga))
 4 SYSTEMPATH\CodeIgniter.php(340): CodeIgniter\CodeIgniter->handleRequest(null, Object(Config\Cache), false)
 5 FCPATH\index.php(67): CodeIgniter\CodeIgniter->run()
 6 SYSTEMPATH\Commands\Server\rewrite.php(43): require_once('FCPATH\\index.php')
CRITICAL - 2022-10-11 10:26:36 --> Undefined variable $msg
in APPPATH\Controllers\Rwtkeluarga.php on line 99.
 1 APPPATH\Controllers\Rwtkeluarga.php(99): CodeIgniter\Debug\Exceptions->errorHandler(2, 'Undefined variable $msg', 'APPPATH\\Controllers\\Rwtkeluarga.php', 99)
 2 SYSTEMPATH\CodeIgniter.php(904): App\Controllers\Rwtkeluarga->formtambah()
 3 SYSTEMPATH\CodeIgniter.php(457): CodeIgniter\CodeIgniter->runController(Object(App\Controllers\Rwtkeluarga))
 4 SYSTEMPATH\CodeIgniter.php(340): CodeIgniter\CodeIgniter->handleRequest(null, Object(Config\Cache), false)
 5 FCPATH\index.php(67): CodeIgniter\CodeIgniter->run()
 6 SYSTEMPATH\Commands\Server\rewrite.php(43): require_once('FCPATH\\index.php')
CRITICAL - 2022-10-11 10:26:37 --> Undefined variable $msg
in APPPATH\Controllers\Rwtkeluarga.php on line 99.
 1 APPPATH\Controllers\Rwtkeluarga.php(99): CodeIgniter\Debug\Exceptions->errorHandler(2, 'Undefined variable $msg', 'APPPATH\\Controllers\\Rwtkeluarga.php', 99)
 2 SYSTEMPATH\CodeIgniter.php(904): App\Controllers\Rwtkeluarga->formtambah()
 3 SYSTEMPATH\CodeIgniter.php(457): CodeIgniter\CodeIgniter->runController(Object(App\Controllers\Rwtkeluarga))
 4 SYSTEMPATH\CodeIgniter.php(340): CodeIgniter\CodeIgniter->handleRequest(null, Object(Config\Cache), false)
 5 FCPATH\index.php(67): CodeIgniter\CodeIgniter->run()
 6 SYSTEMPATH\Commands\Server\rewrite.php(43): require_once('FCPATH\\index.php')
CRITICAL - 2022-10-11 11:34:28 --> Undefined property: App\Controllers\Rwtkeluarga::$RwtkeluargaModel
in APPPATH\Controllers\Rwtkeluarga.php on line 166.
 1 APPPATH\Controllers\Rwtkeluarga.php(166): CodeIgniter\Debug\Exceptions->errorHandler(2, 'Undefined property: App\\Controllers\\Rwtkeluarga::$RwtkeluargaModel', 'APPPATH\\Controllers\\Rwtkeluarga.php', 166)
 2 SYSTEMPATH\CodeIgniter.php(904): App\Controllers\Rwtkeluarga->simpandata()
 3 SYSTEMPATH\CodeIgniter.php(457): CodeIgniter\CodeIgniter->runController(Object(App\Controllers\Rwtkeluarga))
 4 SYSTEMPATH\CodeIgniter.php(340): CodeIgniter\CodeIgniter->handleRequest(null, Object(Config\Cache), false)
 5 FCPATH\index.php(67): CodeIgniter\CodeIgniter->run()
 6 SYSTEMPATH\Commands\Server\rewrite.php(43): require_once('FCPATH\\index.php')
CRITICAL - 2022-10-11 11:37:21 --> Undefined property: App\Controllers\Rwtkeluarga::$RwtkeluargaModel
in APPPATH\Controllers\Rwtkeluarga.php on line 165.
 1 APPPATH\Controllers\Rwtkeluarga.php(165): CodeIgniter\Debug\Exceptions->errorHandler(2, 'Undefined property: App\\Controllers\\Rwtkeluarga::$RwtkeluargaModel', 'APPPATH\\Controllers\\Rwtkeluarga.php', 165)
 2 SYSTEMPATH\CodeIgniter.php(904): App\Controllers\Rwtkeluarga->simpandata()
 3 SYSTEMPATH\CodeIgniter.php(457): CodeIgniter\CodeIgniter->runController(Object(App\Controllers\Rwtkeluarga))
 4 SYSTEMPATH\CodeIgniter.php(340): CodeIgniter\CodeIgniter->handleRequest(null, Object(Config\Cache), false)
 5 FCPATH\index.php(67): CodeIgniter\CodeIgniter->run()
 6 SYSTEMPATH\Commands\Server\rewrite.php(43): require_once('FCPATH\\index.php')
CRITICAL - 2022-10-11 11:37:27 --> Undefined property: App\Controllers\Rwtkeluarga::$RwtkeluargaModel
in APPPATH\Controllers\Rwtkeluarga.php on line 165.
 1 APPPATH\Controllers\Rwtkeluarga.php(165): CodeIgniter\Debug\Exceptions->errorHandler(2, 'Undefined property: App\\Controllers\\Rwtkeluarga::$RwtkeluargaModel', 'APPPATH\\Controllers\\Rwtkeluarga.php', 165)
 2 SYSTEMPATH\CodeIgniter.php(904): App\Controllers\Rwtkeluarga->simpandata()
 3 SYSTEMPATH\CodeIgniter.php(457): CodeIgniter\CodeIgniter->runController(Object(App\Controllers\Rwtkeluarga))
 4 SYSTEMPATH\CodeIgniter.php(340): CodeIgniter\CodeIgniter->handleRequest(null, Object(Config\Cache), false)
 5 FCPATH\index.php(67): CodeIgniter\CodeIgniter->run()
 6 SYSTEMPATH\Commands\Server\rewrite.php(43): require_once('FCPATH\\index.php')
CRITICAL - 2022-10-11 11:40:38 --> Undefined property: App\Controllers\Rwtkeluarga::$RwtkeluargaModel
in APPPATH\Controllers\Rwtkeluarga.php on line 166.
 1 APPPATH\Controllers\Rwtkeluarga.php(166): CodeIgniter\Debug\Exceptions->errorHandler(2, 'Undefined property: App\\Controllers\\Rwtkeluarga::$RwtkeluargaModel', 'APPPATH\\Controllers\\Rwtkeluarga.php', 166)
 2 SYSTEMPATH\CodeIgniter.php(904): App\Controllers\Rwtkeluarga->simpandata()
 3 SYSTEMPATH\CodeIgniter.php(457): CodeIgniter\CodeIgniter->runController(Object(App\Controllers\Rwtkeluarga))
 4 SYSTEMPATH\CodeIgniter.php(340): CodeIgniter\CodeIgniter->handleRequest(null, Object(Config\Cache), false)
 5 FCPATH\index.php(67): CodeIgniter\CodeIgniter->run()
 6 SYSTEMPATH\Commands\Server\rewrite.php(43): require_once('FCPATH\\index.php')
CRITICAL - 2022-10-11 11:57:48 --> Undefined property: App\Controllers\Rwtkeluarga::$RwtkeluargaModel
in APPPATH\Controllers\Rwtkeluarga.php on line 166.
 1 APPPATH\Controllers\Rwtkeluarga.php(166): CodeIgniter\Debug\Exceptions->errorHandler(2, 'Undefined property: App\\Controllers\\Rwtkeluarga::$RwtkeluargaModel', 'APPPATH\\Controllers\\Rwtkeluarga.php', 166)
 2 SYSTEMPATH\CodeIgniter.php(904): App\Controllers\Rwtkeluarga->simpandata()
 3 SYSTEMPATH\CodeIgniter.php(457): CodeIgniter\CodeIgniter->runController(Object(App\Controllers\Rwtkeluarga))
 4 SYSTEMPATH\CodeIgniter.php(340): CodeIgniter\CodeIgniter->handleRequest(null, Object(Config\Cache), false)
 5 FCPATH\index.php(67): CodeIgniter\CodeIgniter->run()
 6 SYSTEMPATH\Commands\Server\rewrite.php(43): require_once('FCPATH\\index.php')
CRITICAL - 2022-10-11 13:20:42 --> Undefined property: App\Controllers\Rwtkeluarga::$RwtkeluargaModel
in APPPATH\Controllers\Rwtkeluarga.php on line 73.
 1 APPPATH\Controllers\Rwtkeluarga.php(73): CodeIgniter\Debug\Exceptions->errorHandler(2, 'Undefined property: App\\Controllers\\Rwtkeluarga::$RwtkeluargaModel', 'APPPATH\\Controllers\\Rwtkeluarga.php', 73)
 2 SYSTEMPATH\CodeIgniter.php(904): App\Controllers\Rwtkeluarga->formdetail()
 3 SYSTEMPATH\CodeIgniter.php(457): CodeIgniter\CodeIgniter->runController(Object(App\Controllers\Rwtkeluarga))
 4 SYSTEMPATH\CodeIgniter.php(340): CodeIgniter\CodeIgniter->handleRequest(null, Object(Config\Cache), false)
 5 FCPATH\index.php(67): CodeIgniter\CodeIgniter->run()
 6 SYSTEMPATH\Commands\Server\rewrite.php(43): require_once('FCPATH\\index.php')
CRITICAL - 2022-10-11 13:21:52 --> Invalid file: rwtkeluarga/modaldetail.php
in SYSTEMPATH\Exceptions\FrameworkException.php on line 33.
 1 SYSTEMPATH\View\View.php(201): CodeIgniter\Exceptions\FrameworkException::forInvalidFile('rwtkeluarga/modaldetail.php')
 2 SYSTEMPATH\Common.php(1142): CodeIgniter\View\View->render('rwtkeluarga/modaldetail', [], true)
 3 APPPATH\Controllers\Rwtkeluarga.php(82): view('rwtkeluarga/modaldetail', [...])
 4 SYSTEMPATH\CodeIgniter.php(904): App\Controllers\Rwtkeluarga->formdetail()
 5 SYSTEMPATH\CodeIgniter.php(457): CodeIgniter\CodeIgniter->runController(Object(App\Controllers\Rwtkeluarga))
 6 SYSTEMPATH\CodeIgniter.php(340): CodeIgniter\CodeIgniter->handleRequest(null, Object(Config\Cache), false)
 7 FCPATH\index.php(67): CodeIgniter\CodeIgniter->run()
 8 SYSTEMPATH\Commands\Server\rewrite.php(43): require_once('FCPATH\\index.php')
CRITICAL - 2022-10-11 13:48:40 --> Invalid file: rwtkeluarga/modaledit.php
in SYSTEMPATH\Exceptions\FrameworkException.php on line 33.
 1 SYSTEMPATH\View\View.php(201): CodeIgniter\Exceptions\FrameworkException::forInvalidFile('rwtkeluarga/modaledit.php')
 2 SYSTEMPATH\Common.php(1142): CodeIgniter\View\View->render('rwtkeluarga/modaledit', [], true)
 3 APPPATH\Controllers\Rwtkeluarga.php(190): view('rwtkeluarga/modaledit', [...])
 4 SYSTEMPATH\CodeIgniter.php(904): App\Controllers\Rwtkeluarga->formedit()
 5 SYSTEMPATH\CodeIgniter.php(457): CodeIgniter\CodeIgniter->runController(Object(App\Controllers\Rwtkeluarga))
 6 SYSTEMPATH\CodeIgniter.php(340): CodeIgniter\CodeIgniter->handleRequest(null, Object(Config\Cache), false)
 7 FCPATH\index.php(67): CodeIgniter\CodeIgniter->run()
 8 SYSTEMPATH\Commands\Server\rewrite.php(43): require_once('FCPATH\\index.php')
CRITICAL - 2022-10-11 13:49:16 --> Invalid file: rwtkeluarga/modaledit.php
in SYSTEMPATH\Exceptions\FrameworkException.php on line 33.
 1 SYSTEMPATH\View\View.php(201): CodeIgniter\Exceptions\FrameworkException::forInvalidFile('rwtkeluarga/modaledit.php')
 2 SYSTEMPATH\Common.php(1142): CodeIgniter\View\View->render('rwtkeluarga/modaledit', [], true)
 3 APPPATH\Controllers\Rwtkeluarga.php(190): view('rwtkeluarga/modaledit', [...])
 4 SYSTEMPATH\CodeIgniter.php(904): App\Controllers\Rwtkeluarga->formedit()
 5 SYSTEMPATH\CodeIgniter.php(457): CodeIgniter\CodeIgniter->runController(Object(App\Controllers\Rwtkeluarga))
 6 SYSTEMPATH\CodeIgniter.php(340): CodeIgniter\CodeIgniter->handleRequest(null, Object(Config\Cache), false)
 7 FCPATH\index.php(67): CodeIgniter\CodeIgniter->run()
 8 SYSTEMPATH\Commands\Server\rewrite.php(43): require_once('FCPATH\\index.php')
CRITICAL - 2022-10-11 13:49:45 --> Invalid file: rwtkeluarga/modaledit.php
in SYSTEMPATH\Exceptions\FrameworkException.php on line 33.
 1 SYSTEMPATH\View\View.php(201): CodeIgniter\Exceptions\FrameworkException::forInvalidFile('rwtkeluarga/modaledit.php')
 2 SYSTEMPATH\Common.php(1142): CodeIgniter\View\View->render('rwtkeluarga/modaledit', [], true)
 3 APPPATH\Controllers\Rwtkeluarga.php(190): view('rwtkeluarga/modaledit', [...])
 4 SYSTEMPATH\CodeIgniter.php(904): App\Controllers\Rwtkeluarga->formedit()
 5 SYSTEMPATH\CodeIgniter.php(457): CodeIgniter\CodeIgniter->runController(Object(App\Controllers\Rwtkeluarga))
 6 SYSTEMPATH\CodeIgniter.php(340): CodeIgniter\CodeIgniter->handleRequest(null, Object(Config\Cache), false)
 7 FCPATH\index.php(67): CodeIgniter\CodeIgniter->run()
 8 SYSTEMPATH\Commands\Server\rewrite.php(43): require_once('FCPATH\\index.php')
CRITICAL - 2022-10-11 13:57:50 --> Undefined property: App\Controllers\Rwtkeluarga::$RwtkeluargaModel
in APPPATH\Controllers\Rwtkeluarga.php on line 208.
 1 APPPATH\Controllers\Rwtkeluarga.php(208): CodeIgniter\Debug\Exceptions->errorHandler(2, 'Undefined property: App\\Controllers\\Rwtkeluarga::$RwtkeluargaModel', 'APPPATH\\Controllers\\Rwtkeluarga.php', 208)
 2 SYSTEMPATH\CodeIgniter.php(904): App\Controllers\Rwtkeluarga->updatedata()
 3 SYSTEMPATH\CodeIgniter.php(457): CodeIgniter\CodeIgniter->runController(Object(App\Controllers\Rwtkeluarga))
 4 SYSTEMPATH\CodeIgniter.php(340): CodeIgniter\CodeIgniter->handleRequest(null, Object(Config\Cache), false)
 5 FCPATH\index.php(67): CodeIgniter\CodeIgniter->run()
 6 SYSTEMPATH\Commands\Server\rewrite.php(43): require_once('FCPATH\\index.php')
CRITICAL - 2022-10-11 14:15:28 --> Undefined array key "id"
in APPPATH\Controllers\Rwtkeluarga.php on line 185.
 1 APPPATH\Controllers\Rwtkeluarga.php(185): CodeIgniter\Debug\Exceptions->errorHandler(2, 'Undefined array key "id"', 'APPPATH\\Controllers\\Rwtkeluarga.php', 185)
 2 SYSTEMPATH\CodeIgniter.php(904): App\Controllers\Rwtkeluarga->formedit()
 3 SYSTEMPATH\CodeIgniter.php(457): CodeIgniter\CodeIgniter->runController(Object(App\Controllers\Rwtkeluarga))
 4 SYSTEMPATH\CodeIgniter.php(340): CodeIgniter\CodeIgniter->handleRequest(null, Object(Config\Cache), false)
 5 FCPATH\index.php(67): CodeIgniter\CodeIgniter->run()
 6 SYSTEMPATH\Commands\Server\rewrite.php(43): require_once('FCPATH\\index.php')
CRITICAL - 2022-10-11 14:17:11 --> Undefined array key "id"
in APPPATH\Controllers\Rwtkeluarga.php on line 184.
 1 APPPATH\Controllers\Rwtkeluarga.php(184): CodeIgniter\Debug\Exceptions->errorHandler(2, 'Undefined array key "id"', 'APPPATH\\Controllers\\Rwtkeluarga.php', 184)
 2 SYSTEMPATH\CodeIgniter.php(904): App\Controllers\Rwtkeluarga->formedit()
 3 SYSTEMPATH\CodeIgniter.php(457): CodeIgniter\CodeIgniter->runController(Object(App\Controllers\Rwtkeluarga))
 4 SYSTEMPATH\CodeIgniter.php(340): CodeIgniter\CodeIgniter->handleRequest(null, Object(Config\Cache), false)
 5 FCPATH\index.php(67): CodeIgniter\CodeIgniter->run()
 6 SYSTEMPATH\Commands\Server\rewrite.php(43): require_once('FCPATH\\index.php')
CRITICAL - 2022-10-11 14:24:21 --> view(): Argument #1 ($name) must be of type string, array given, called in D:\xampp\htdocs\ci4sbadmin704\app\Controllers\Rwtkeluarga.php on line 193
in SYSTEMPATH\Common.php on line 1128.
 1 APPPATH\Controllers\Rwtkeluarga.php(193): view([...])
 2 SYSTEMPATH\CodeIgniter.php(904): App\Controllers\Rwtkeluarga->formedit()
 3 SYSTEMPATH\CodeIgniter.php(457): CodeIgniter\CodeIgniter->runController(Object(App\Controllers\Rwtkeluarga))
 4 SYSTEMPATH\CodeIgniter.php(340): CodeIgniter\CodeIgniter->handleRequest(null, Object(Config\Cache), false)
 5 FCPATH\index.php(67): CodeIgniter\CodeIgniter->run()
 6 SYSTEMPATH\Commands\Server\rewrite.php(43): require_once('FCPATH\\index.php')
CRITICAL - 2022-10-11 15:03:03 --> Undefined property: App\Controllers\Rwtkeluarga::$rwtkerjaModel
in APPPATH\Controllers\Rwtkeluarga.php on line 223.
 1 APPPATH\Controllers\Rwtkeluarga.php(223): CodeIgniter\Debug\Exceptions->errorHandler(2, 'Undefined property: App\\Controllers\\Rwtkeluarga::$rwtkerjaModel', 'APPPATH\\Controllers\\Rwtkeluarga.php', 223)
 2 SYSTEMPATH\CodeIgniter.php(904): App\Controllers\Rwtkeluarga->updatedata()
 3 SYSTEMPATH\CodeIgniter.php(457): CodeIgniter\CodeIgniter->runController(Object(App\Controllers\Rwtkeluarga))
 4 SYSTEMPATH\CodeIgniter.php(340): CodeIgniter\CodeIgniter->handleRequest(null, Object(Config\Cache), false)
 5 FCPATH\index.php(67): CodeIgniter\CodeIgniter->run()
 6 SYSTEMPATH\Commands\Server\rewrite.php(43): require_once('FCPATH\\index.php')
CRITICAL - 2022-10-11 15:03:47 --> Trying to access array offset on value of type null
in APPPATH\Controllers\Rwtkeluarga.php on line 225.
 1 APPPATH\Controllers\Rwtkeluarga.php(225): CodeIgniter\Debug\Exceptions->errorHandler(2, 'Trying to access array offset on value of type null', 'APPPATH\\Controllers\\Rwtkeluarga.php', 225)
 2 SYSTEMPATH\CodeIgniter.php(904): App\Controllers\Rwtkeluarga->updatedata()
 3 SYSTEMPATH\CodeIgniter.php(457): CodeIgniter\CodeIgniter->runController(Object(App\Controllers\Rwtkeluarga))
 4 SYSTEMPATH\CodeIgniter.php(340): CodeIgniter\CodeIgniter->handleRequest(null, Object(Config\Cache), false)
 5 FCPATH\index.php(67): CodeIgniter\CodeIgniter->run()
 6 SYSTEMPATH\Commands\Server\rewrite.php(43): require_once('FCPATH\\index.php')
CRITICAL - 2022-10-11 15:10:14 --> Trying to access array offset on value of type null
in APPPATH\Controllers\Rwtkeluarga.php on line 225.
 1 APPPATH\Controllers\Rwtkeluarga.php(225): CodeIgniter\Debug\Exceptions->errorHandler(2, 'Trying to access array offset on value of type null', 'APPPATH\\Controllers\\Rwtkeluarga.php', 225)
 2 SYSTEMPATH\CodeIgniter.php(904): App\Controllers\Rwtkeluarga->updatedata()
 3 SYSTEMPATH\CodeIgniter.php(457): CodeIgniter\CodeIgniter->runController(Object(App\Controllers\Rwtkeluarga))
 4 SYSTEMPATH\CodeIgniter.php(340): CodeIgniter\CodeIgniter->handleRequest(null, Object(Config\Cache), false)
 5 FCPATH\index.php(67): CodeIgniter\CodeIgniter->run()
 6 SYSTEMPATH\Commands\Server\rewrite.php(43): require_once('FCPATH\\index.php')
CRITICAL - 2022-10-11 15:19:55 --> Trying to access array offset on value of type null
in APPPATH\Controllers\Rwtkeluarga.php on line 225.
 1 APPPATH\Controllers\Rwtkeluarga.php(225): CodeIgniter\Debug\Exceptions->errorHandler(2, 'Trying to access array offset on value of type null', 'APPPATH\\Controllers\\Rwtkeluarga.php', 225)
 2 SYSTEMPATH\CodeIgniter.php(904): App\Controllers\Rwtkeluarga->updatedata()
 3 SYSTEMPATH\CodeIgniter.php(457): CodeIgniter\CodeIgniter->runController(Object(App\Controllers\Rwtkeluarga))
 4 SYSTEMPATH\CodeIgniter.php(340): CodeIgniter\CodeIgniter->handleRequest(null, Object(Config\Cache), false)
 5 FCPATH\index.php(67): CodeIgniter\CodeIgniter->run()
 6 SYSTEMPATH\Commands\Server\rewrite.php(43): require_once('FCPATH\\index.php')
CRITICAL - 2022-10-11 17:08:27 --> session_start(): Failed to decode session object. Session has been destroyed
in SYSTEMPATH\Session\Session.php on line 920.
 1 [internal function]: CodeIgniter\Debug\Exceptions->errorHandler(2, 'session_start(): Failed to decode session object. Session has been destroyed', 'SYSTEMPATH\\Session\\Session.php', 920)
 2 SYSTEMPATH\Session\Session.php(920): session_start()
 3 SYSTEMPATH\Session\Session.php(242): CodeIgniter\Session\Session->startSession()
 4 SYSTEMPATH\Config\Services.php(665): CodeIgniter\Session\Session->start()
 5 SYSTEMPATH\Config\BaseService.php(253): CodeIgniter\Config\Services::session(Object(Config\App), false)
 6 SYSTEMPATH\Config\BaseService.php(194): CodeIgniter\Config\BaseService::__callStatic('session', [...])
 7 SYSTEMPATH\Config\Services.php(637): CodeIgniter\Config\BaseService::getSharedInstance('session', null)
 8 SYSTEMPATH\Config\BaseService.php(253): CodeIgniter\Config\Services::session()
 9 SYSTEMPATH\Common.php(939): CodeIgniter\Config\BaseService::__callStatic('session', [])
10 APPPATH\Controllers\BaseController.php(52): session()
11 SYSTEMPATH\CodeIgniter.php(867): App\Controllers\BaseController->initController(Object(CodeIgniter\HTTP\IncomingRequest), Object(CodeIgniter\HTTP\Response), Object(CodeIgniter\Log\Logger))
12 SYSTEMPATH\CodeIgniter.php(448): CodeIgniter\CodeIgniter->createController()
13 SYSTEMPATH\CodeIgniter.php(340): CodeIgniter\CodeIgniter->handleRequest(null, Object(Config\Cache), false)
14 FCPATH\index.php(67): CodeIgniter\CodeIgniter->run()
15 SYSTEMPATH\Commands\Server\rewrite.php(43): require_once('FCPATH\\index.php')
