CRITICAL - 2022-10-26 12:00:11 --> Undefined variable $n
in APPPATH\Views\tbuser\formakses.php on line 49.
 1 APPPATH\Views\tbuser\formakses.php(49): CodeIgniter\Debug\Exceptions->errorHandler(2, 'Undefined variable $n', 'APPPATH\\Views\\tbuser\\formakses.php', 49)
 2 SYSTEMPATH\View\View.php(213): include('APPPATH\\Views\\tbuser\\formakses.php')
 3 SYSTEMPATH\View\View.php(216): CodeIgniter\View\View->CodeIgniter\View\{closure}()
 4 SYSTEMPATH\Common.php(1142): CodeIgniter\View\View->render('tbuser/formakses', [], true)
 5 APPPATH\Controllers\Tbuser.php(389): view('tbuser/formakses', [...])
 6 SYSTEMPATH\CodeIgniter.php(904): App\Controllers\Tbuser->formakses()
 7 SYSTEMPATH\CodeIgniter.php(457): CodeIgniter\CodeIgniter->runController(Object(App\Controllers\Tbuser))
 8 SYSTEMPATH\CodeIgniter.php(340): CodeIgniter\CodeIgniter->handleRequest(null, Object(Config\Cache), false)
 9 FCPATH\index.php(67): CodeIgniter\CodeIgniter->run()
10 SYSTEMPATH\Commands\Server\rewrite.php(43): require_once('FCPATH\\index.php')
CRITICAL - 2022-10-26 12:00:18 --> Undefined variable $n
in APPPATH\Views\tbuser\formakses.php on line 49.
 1 APPPATH\Views\tbuser\formakses.php(49): CodeIgniter\Debug\Exceptions->errorHandler(2, 'Undefined variable $n', 'APPPATH\\Views\\tbuser\\formakses.php', 49)
 2 SYSTEMPATH\View\View.php(213): include('APPPATH\\Views\\tbuser\\formakses.php')
 3 SYSTEMPATH\View\View.php(216): CodeIgniter\View\View->CodeIgniter\View\{closure}()
 4 SYSTEMPATH\Common.php(1142): CodeIgniter\View\View->render('tbuser/formakses', [], true)
 5 APPPATH\Controllers\Tbuser.php(389): view('tbuser/formakses', [...])
 6 SYSTEMPATH\CodeIgniter.php(904): App\Controllers\Tbuser->formakses()
 7 SYSTEMPATH\CodeIgniter.php(457): CodeIgniter\CodeIgniter->runController(Object(App\Controllers\Tbuser))
 8 SYSTEMPATH\CodeIgniter.php(340): CodeIgniter\CodeIgniter->handleRequest(null, Object(Config\Cache), false)
 9 FCPATH\index.php(67): CodeIgniter\CodeIgniter->run()
10 SYSTEMPATH\Commands\Server\rewrite.php(43): require_once('FCPATH\\index.php')
CRITICAL - 2022-10-26 12:00:24 --> Undefined variable $n
in APPPATH\Views\tbuser\formakses.php on line 49.
 1 APPPATH\Views\tbuser\formakses.php(49): CodeIgniter\Debug\Exceptions->errorHandler(2, 'Undefined variable $n', 'APPPATH\\Views\\tbuser\\formakses.php', 49)
 2 SYSTEMPATH\View\View.php(213): include('APPPATH\\Views\\tbuser\\formakses.php')
 3 SYSTEMPATH\View\View.php(216): CodeIgniter\View\View->CodeIgniter\View\{closure}()
 4 SYSTEMPATH\Common.php(1142): CodeIgniter\View\View->render('tbuser/formakses', [], true)
 5 APPPATH\Controllers\Tbuser.php(389): view('tbuser/formakses', [...])
 6 SYSTEMPATH\CodeIgniter.php(904): App\Controllers\Tbuser->formakses()
 7 SYSTEMPATH\CodeIgniter.php(457): CodeIgniter\CodeIgniter->runController(Object(App\Controllers\Tbuser))
 8 SYSTEMPATH\CodeIgniter.php(340): CodeIgniter\CodeIgniter->handleRequest(null, Object(Config\Cache), false)
 9 FCPATH\index.php(67): CodeIgniter\CodeIgniter->run()
10 SYSTEMPATH\Commands\Server\rewrite.php(43): require_once('FCPATH\\index.php')
CRITICAL - 2022-10-26 12:01:01 --> Undefined variable $n
in APPPATH\Views\tbuser\formakses.php on line 49.
 1 APPPATH\Views\tbuser\formakses.php(49): CodeIgniter\Debug\Exceptions->errorHandler(2, 'Undefined variable $n', 'APPPATH\\Views\\tbuser\\formakses.php', 49)
 2 SYSTEMPATH\View\View.php(213): include('APPPATH\\Views\\tbuser\\formakses.php')
 3 SYSTEMPATH\View\View.php(216): CodeIgniter\View\View->CodeIgniter\View\{closure}()
 4 SYSTEMPATH\Common.php(1142): CodeIgniter\View\View->render('tbuser/formakses', [], true)
 5 APPPATH\Controllers\Tbuser.php(389): view('tbuser/formakses', [...])
 6 SYSTEMPATH\CodeIgniter.php(904): App\Controllers\Tbuser->formakses()
 7 SYSTEMPATH\CodeIgniter.php(457): CodeIgniter\CodeIgniter->runController(Object(App\Controllers\Tbuser))
 8 SYSTEMPATH\CodeIgniter.php(340): CodeIgniter\CodeIgniter->handleRequest(null, Object(Config\Cache), false)
 9 FCPATH\index.php(67): CodeIgniter\CodeIgniter->run()
10 SYSTEMPATH\Commands\Server\rewrite.php(43): require_once('FCPATH\\index.php')
CRITICAL - 2022-10-26 12:01:32 --> Undefined variable $n
in APPPATH\Views\tbuser\formakses.php on line 49.
 1 APPPATH\Views\tbuser\formakses.php(49): CodeIgniter\Debug\Exceptions->errorHandler(2, 'Undefined variable $n', 'APPPATH\\Views\\tbuser\\formakses.php', 49)
 2 SYSTEMPATH\View\View.php(213): include('APPPATH\\Views\\tbuser\\formakses.php')
 3 SYSTEMPATH\View\View.php(216): CodeIgniter\View\View->CodeIgniter\View\{closure}()
 4 SYSTEMPATH\Common.php(1142): CodeIgniter\View\View->render('tbuser/formakses', [], true)
 5 APPPATH\Controllers\Tbuser.php(389): view('tbuser/formakses', [...])
 6 SYSTEMPATH\CodeIgniter.php(904): App\Controllers\Tbuser->formakses()
 7 SYSTEMPATH\CodeIgniter.php(457): CodeIgniter\CodeIgniter->runController(Object(App\Controllers\Tbuser))
 8 SYSTEMPATH\CodeIgniter.php(340): CodeIgniter\CodeIgniter->handleRequest(null, Object(Config\Cache), false)
 9 FCPATH\index.php(67): CodeIgniter\CodeIgniter->run()
10 SYSTEMPATH\Commands\Server\rewrite.php(43): require_once('FCPATH\\index.php')
CRITICAL - 2022-10-26 13:59:21 --> Too few arguments to function App\Controllers\Tbuser::simpanakses(), 0 passed in D:\xampp\htdocs\bp\system\CodeIgniter.php on line 904 and exactly 1 expected
in APPPATH\Controllers\Tbuser.php on line 398.
 1 SYSTEMPATH\CodeIgniter.php(904): App\Controllers\Tbuser->simpanakses()
 2 SYSTEMPATH\CodeIgniter.php(457): CodeIgniter\CodeIgniter->runController(Object(App\Controllers\Tbuser))
 3 SYSTEMPATH\CodeIgniter.php(340): CodeIgniter\CodeIgniter->handleRequest(null, Object(Config\Cache), false)
 4 FCPATH\index.php(67): CodeIgniter\CodeIgniter->run()
 5 SYSTEMPATH\Commands\Server\rewrite.php(43): require_once('FCPATH\\index.php')
CRITICAL - 2022-10-26 14:01:41 --> Undefined property: App\Controllers\Tbuser::$tbuserdtlModel
in APPPATH\Controllers\Tbuser.php on line 401.
 1 APPPATH\Controllers\Tbuser.php(401): CodeIgniter\Debug\Exceptions->errorHandler(2, 'Undefined property: App\\Controllers\\Tbuser::$tbuserdtlModel', 'APPPATH\\Controllers\\Tbuser.php', 401)
 2 SYSTEMPATH\CodeIgniter.php(904): App\Controllers\Tbuser->simpanakses()
 3 SYSTEMPATH\CodeIgniter.php(457): CodeIgniter\CodeIgniter->runController(Object(App\Controllers\Tbuser))
 4 SYSTEMPATH\CodeIgniter.php(340): CodeIgniter\CodeIgniter->handleRequest(null, Object(Config\Cache), false)
 5 FCPATH\index.php(67): CodeIgniter\CodeIgniter->run()
 6 SYSTEMPATH\Commands\Server\rewrite.php(43): require_once('FCPATH\\index.php')
ERROR - 2022-10-26 14:06:17 --> mysqli_sql_exception: Table 'ci4.tbuserdtl' doesn't exist in D:\xampp\htdocs\bp\system\Database\MySQLi\Connection.php:292
Stack trace:
#0 D:\xampp\htdocs\bp\system\Database\MySQLi\Connection.php(292): mysqli->query('DELETE FROM `tb...', 0)
#1 D:\xampp\htdocs\bp\system\Database\BaseConnection.php(693): CodeIgniter\Database\MySQLi\Connection->execute('DELETE FROM `tb...')
#2 D:\xampp\htdocs\bp\system\Database\BaseConnection.php(620): CodeIgniter\Database\BaseConnection->simpleQuery('DELETE FROM `tb...')
#3 D:\xampp\htdocs\bp\system\Database\BaseBuilder.php(2390): CodeIgniter\Database\BaseConnection->query('DELETE FROM `tb...', Array, false)
#4 D:\xampp\htdocs\bp\system\Model.php(401): CodeIgniter\Database\BaseBuilder->delete()
#5 D:\xampp\htdocs\bp\system\BaseModel.php(963): CodeIgniter\Model->doDelete(NULL, false)
#6 D:\xampp\htdocs\bp\app\Models\TbuserdtlModel.php(26): CodeIgniter\BaseModel->delete()
#7 D:\xampp\htdocs\bp\app\Controllers\Tbuser.php(403): App\Models\TbuserdtlModel->delete_by_id('1')
#8 D:\xampp\htdocs\bp\system\CodeIgniter.php(904): App\Controllers\Tbuser->simpanakses()
#9 D:\xampp\htdocs\bp\system\CodeIgniter.php(457): CodeIgniter\CodeIgniter->runController(Object(App\Controllers\Tbuser))
#10 D:\xampp\htdocs\bp\system\CodeIgniter.php(340): CodeIgniter\CodeIgniter->handleRequest(NULL, Object(Config\Cache), false)
#11 D:\xampp\htdocs\bp\public\index.php(67): CodeIgniter\CodeIgniter->run()
#12 D:\xampp\htdocs\bp\system\Commands\Server\rewrite.php(43): require_once('D:\\xampp\\htdocs...')
#13 {main}
CRITICAL - 2022-10-26 14:06:17 --> Table 'ci4.tbuserdtl' doesn't exist
in SYSTEMPATH\Database\MySQLi\Connection.php on line 292.
 1 SYSTEMPATH\Database\MySQLi\Connection.php(292): mysqli->query('DELETE FROM `tbuserdtl`
WHERE `id` = \'1\'', 0)
 2 SYSTEMPATH\Database\BaseConnection.php(693): CodeIgniter\Database\MySQLi\Connection->execute('DELETE FROM `tbuserdtl`
WHERE `id` = \'1\'')
 3 SYSTEMPATH\Database\BaseConnection.php(620): CodeIgniter\Database\BaseConnection->simpleQuery('DELETE FROM `tbuserdtl`
WHERE `id` = \'1\'')
 4 SYSTEMPATH\Database\BaseBuilder.php(2390): CodeIgniter\Database\BaseConnection->query('DELETE FROM `tbuserdtl`
WHERE `id` = :id:', [...], false)
 5 SYSTEMPATH\Model.php(401): CodeIgniter\Database\BaseBuilder->delete()
 6 SYSTEMPATH\BaseModel.php(963): CodeIgniter\Model->doDelete(null, false)
 7 APPPATH\Models\TbuserdtlModel.php(26): CodeIgniter\BaseModel->delete()
 8 APPPATH\Controllers\Tbuser.php(403): App\Models\TbuserdtlModel->delete_by_id('1')
 9 SYSTEMPATH\CodeIgniter.php(904): App\Controllers\Tbuser->simpanakses()
10 SYSTEMPATH\CodeIgniter.php(457): CodeIgniter\CodeIgniter->runController(Object(App\Controllers\Tbuser))
11 SYSTEMPATH\CodeIgniter.php(340): CodeIgniter\CodeIgniter->handleRequest(null, Object(Config\Cache), false)
12 FCPATH\index.php(67): CodeIgniter\CodeIgniter->run()
13 SYSTEMPATH\Commands\Server\rewrite.php(43): require_once('FCPATH\\index.php')
ERROR - 2022-10-26 14:07:34 --> mysqli_sql_exception: Unknown column 'id' in 'where clause' in D:\xampp\htdocs\bp\system\Database\MySQLi\Connection.php:292
Stack trace:
#0 D:\xampp\htdocs\bp\system\Database\MySQLi\Connection.php(292): mysqli->query('DELETE FROM `us...', 0)
#1 D:\xampp\htdocs\bp\system\Database\BaseConnection.php(693): CodeIgniter\Database\MySQLi\Connection->execute('DELETE FROM `us...')
#2 D:\xampp\htdocs\bp\system\Database\BaseConnection.php(620): CodeIgniter\Database\BaseConnection->simpleQuery('DELETE FROM `us...')
#3 D:\xampp\htdocs\bp\system\Database\BaseBuilder.php(2390): CodeIgniter\Database\BaseConnection->query('DELETE FROM `us...', Array, false)
#4 D:\xampp\htdocs\bp\system\Model.php(401): CodeIgniter\Database\BaseBuilder->delete()
#5 D:\xampp\htdocs\bp\system\BaseModel.php(963): CodeIgniter\Model->doDelete(NULL, false)
#6 D:\xampp\htdocs\bp\app\Models\UserdtlModel.php(26): CodeIgniter\BaseModel->delete()
#7 D:\xampp\htdocs\bp\app\Controllers\Tbuser.php(403): App\Models\UserdtlModel->delete_by_id('1')
#8 D:\xampp\htdocs\bp\system\CodeIgniter.php(904): App\Controllers\Tbuser->simpanakses()
#9 D:\xampp\htdocs\bp\system\CodeIgniter.php(457): CodeIgniter\CodeIgniter->runController(Object(App\Controllers\Tbuser))
#10 D:\xampp\htdocs\bp\system\CodeIgniter.php(340): CodeIgniter\CodeIgniter->handleRequest(NULL, Object(Config\Cache), false)
#11 D:\xampp\htdocs\bp\public\index.php(67): CodeIgniter\CodeIgniter->run()
#12 D:\xampp\htdocs\bp\system\Commands\Server\rewrite.php(43): require_once('D:\\xampp\\htdocs...')
#13 {main}
CRITICAL - 2022-10-26 14:07:34 --> Unknown column 'id' in 'where clause'
in SYSTEMPATH\Database\MySQLi\Connection.php on line 292.
 1 SYSTEMPATH\Database\MySQLi\Connection.php(292): mysqli->query('DELETE FROM `userdtl`
WHERE `id` = \'1\'', 0)
 2 SYSTEMPATH\Database\BaseConnection.php(693): CodeIgniter\Database\MySQLi\Connection->execute('DELETE FROM `userdtl`
WHERE `id` = \'1\'')
 3 SYSTEMPATH\Database\BaseConnection.php(620): CodeIgniter\Database\BaseConnection->simpleQuery('DELETE FROM `userdtl`
WHERE `id` = \'1\'')
 4 SYSTEMPATH\Database\BaseBuilder.php(2390): CodeIgniter\Database\BaseConnection->query('DELETE FROM `userdtl`
WHERE `id` = :id:', [...], false)
 5 SYSTEMPATH\Model.php(401): CodeIgniter\Database\BaseBuilder->delete()
 6 SYSTEMPATH\BaseModel.php(963): CodeIgniter\Model->doDelete(null, false)
 7 APPPATH\Models\UserdtlModel.php(26): CodeIgniter\BaseModel->delete()
 8 APPPATH\Controllers\Tbuser.php(403): App\Models\UserdtlModel->delete_by_id('1')
 9 SYSTEMPATH\CodeIgniter.php(904): App\Controllers\Tbuser->simpanakses()
10 SYSTEMPATH\CodeIgniter.php(457): CodeIgniter\CodeIgniter->runController(Object(App\Controllers\Tbuser))
11 SYSTEMPATH\CodeIgniter.php(340): CodeIgniter\CodeIgniter->handleRequest(null, Object(Config\Cache), false)
12 FCPATH\index.php(67): CodeIgniter\CodeIgniter->run()
13 SYSTEMPATH\Commands\Server\rewrite.php(43): require_once('FCPATH\\index.php')
CRITICAL - 2022-10-26 14:25:47 --> count(): Argument #1 ($value) must be of type Countable|array, null given
in APPPATH\Controllers\Tbuser.php on line 416.
 1 APPPATH\Controllers\Tbuser.php(416): count(null)
 2 SYSTEMPATH\CodeIgniter.php(904): App\Controllers\Tbuser->simpanakses()
 3 SYSTEMPATH\CodeIgniter.php(457): CodeIgniter\CodeIgniter->runController(Object(App\Controllers\Tbuser))
 4 SYSTEMPATH\CodeIgniter.php(340): CodeIgniter\CodeIgniter->handleRequest(null, Object(Config\Cache), false)
 5 FCPATH\index.php(67): CodeIgniter\CodeIgniter->run()
 6 SYSTEMPATH\Commands\Server\rewrite.php(43): require_once('FCPATH\\index.php')
CRITICAL - 2022-10-26 14:28:24 --> count(): Argument #1 ($value) must be of type Countable|array, null given
in APPPATH\Controllers\Tbuser.php on line 416.
 1 APPPATH\Controllers\Tbuser.php(416): count(null)
 2 SYSTEMPATH\CodeIgniter.php(904): App\Controllers\Tbuser->simpanakses()
 3 SYSTEMPATH\CodeIgniter.php(457): CodeIgniter\CodeIgniter->runController(Object(App\Controllers\Tbuser))
 4 SYSTEMPATH\CodeIgniter.php(340): CodeIgniter\CodeIgniter->handleRequest(null, Object(Config\Cache), false)
 5 FCPATH\index.php(67): CodeIgniter\CodeIgniter->run()
 6 SYSTEMPATH\Commands\Server\rewrite.php(43): require_once('FCPATH\\index.php')
CRITICAL - 2022-10-26 14:29:42 --> Undefined property: App\Controllers\Tbuser::$rwtkeluargaModel
in APPPATH\Controllers\Tbuser.php on line 418.
 1 APPPATH\Controllers\Tbuser.php(418): CodeIgniter\Debug\Exceptions->errorHandler(2, 'Undefined property: App\\Controllers\\Tbuser::$rwtkeluargaModel', 'APPPATH\\Controllers\\Tbuser.php', 418)
 2 SYSTEMPATH\CodeIgniter.php(904): App\Controllers\Tbuser->simpanakses()
 3 SYSTEMPATH\CodeIgniter.php(457): CodeIgniter\CodeIgniter->runController(Object(App\Controllers\Tbuser))
 4 SYSTEMPATH\CodeIgniter.php(340): CodeIgniter\CodeIgniter->handleRequest(null, Object(Config\Cache), false)
 5 FCPATH\index.php(67): CodeIgniter\CodeIgniter->run()
 6 SYSTEMPATH\Commands\Server\rewrite.php(43): require_once('FCPATH\\index.php')
CRITICAL - 2022-10-26 14:30:12 --> Trying to access array offset on value of type null
in APPPATH\Controllers\Tbuser.php on line 420.
 1 APPPATH\Controllers\Tbuser.php(420): CodeIgniter\Debug\Exceptions->errorHandler(2, 'Trying to access array offset on value of type null', 'APPPATH\\Controllers\\Tbuser.php', 420)
 2 SYSTEMPATH\CodeIgniter.php(904): App\Controllers\Tbuser->simpanakses()
 3 SYSTEMPATH\CodeIgniter.php(457): CodeIgniter\CodeIgniter->runController(Object(App\Controllers\Tbuser))
 4 SYSTEMPATH\CodeIgniter.php(340): CodeIgniter\CodeIgniter->handleRequest(null, Object(Config\Cache), false)
 5 FCPATH\index.php(67): CodeIgniter\CodeIgniter->run()
 6 SYSTEMPATH\Commands\Server\rewrite.php(43): require_once('FCPATH\\index.php')
CRITICAL - 2022-10-26 14:32:28 --> Trying to access array offset on value of type null
in APPPATH\Controllers\Tbuser.php on line 422.
 1 APPPATH\Controllers\Tbuser.php(422): CodeIgniter\Debug\Exceptions->errorHandler(2, 'Trying to access array offset on value of type null', 'APPPATH\\Controllers\\Tbuser.php', 422)
 2 SYSTEMPATH\CodeIgniter.php(904): App\Controllers\Tbuser->simpanakses()
 3 SYSTEMPATH\CodeIgniter.php(457): CodeIgniter\CodeIgniter->runController(Object(App\Controllers\Tbuser))
 4 SYSTEMPATH\CodeIgniter.php(340): CodeIgniter\CodeIgniter->handleRequest(null, Object(Config\Cache), false)
 5 FCPATH\index.php(67): CodeIgniter\CodeIgniter->run()
 6 SYSTEMPATH\Commands\Server\rewrite.php(43): require_once('FCPATH\\index.php')
CRITICAL - 2022-10-26 14:33:57 --> Trying to access array offset on value of type null
in APPPATH\Controllers\Tbuser.php on line 423.
 1 APPPATH\Controllers\Tbuser.php(423): CodeIgniter\Debug\Exceptions->errorHandler(2, 'Trying to access array offset on value of type null', 'APPPATH\\Controllers\\Tbuser.php', 423)
 2 SYSTEMPATH\CodeIgniter.php(904): App\Controllers\Tbuser->simpanakses()
 3 SYSTEMPATH\CodeIgniter.php(457): CodeIgniter\CodeIgniter->runController(Object(App\Controllers\Tbuser))
 4 SYSTEMPATH\CodeIgniter.php(340): CodeIgniter\CodeIgniter->handleRequest(null, Object(Config\Cache), false)
 5 FCPATH\index.php(67): CodeIgniter\CodeIgniter->run()
 6 SYSTEMPATH\Commands\Server\rewrite.php(43): require_once('FCPATH\\index.php')
CRITICAL - 2022-10-26 14:34:35 --> Trying to access array offset on value of type null
in APPPATH\Controllers\Tbuser.php on line 423.
 1 APPPATH\Controllers\Tbuser.php(423): CodeIgniter\Debug\Exceptions->errorHandler(2, 'Trying to access array offset on value of type null', 'APPPATH\\Controllers\\Tbuser.php', 423)
 2 SYSTEMPATH\CodeIgniter.php(904): App\Controllers\Tbuser->simpanakses()
 3 SYSTEMPATH\CodeIgniter.php(457): CodeIgniter\CodeIgniter->runController(Object(App\Controllers\Tbuser))
 4 SYSTEMPATH\CodeIgniter.php(340): CodeIgniter\CodeIgniter->handleRequest(null, Object(Config\Cache), false)
 5 FCPATH\index.php(67): CodeIgniter\CodeIgniter->run()
 6 SYSTEMPATH\Commands\Server\rewrite.php(43): require_once('FCPATH\\index.php')
CRITICAL - 2022-10-26 14:37:48 --> Trying to access array offset on value of type null
in APPPATH\Controllers\Tbuser.php on line 423.
 1 APPPATH\Controllers\Tbuser.php(423): CodeIgniter\Debug\Exceptions->errorHandler(2, 'Trying to access array offset on value of type null', 'APPPATH\\Controllers\\Tbuser.php', 423)
 2 SYSTEMPATH\CodeIgniter.php(904): App\Controllers\Tbuser->simpanakses()
 3 SYSTEMPATH\CodeIgniter.php(457): CodeIgniter\CodeIgniter->runController(Object(App\Controllers\Tbuser))
 4 SYSTEMPATH\CodeIgniter.php(340): CodeIgniter\CodeIgniter->handleRequest(null, Object(Config\Cache), false)
 5 FCPATH\index.php(67): CodeIgniter\CodeIgniter->run()
 6 SYSTEMPATH\Commands\Server\rewrite.php(43): require_once('FCPATH\\index.php')
ERROR - 2022-10-26 14:39:52 --> mysqli_sql_exception: Unknown column 'created_at' in 'field list' in D:\xampp\htdocs\bp\system\Database\MySQLi\Connection.php:292
Stack trace:
#0 D:\xampp\htdocs\bp\system\Database\MySQLi\Connection.php(292): mysqli->query('INSERT INTO `us...', 0)
#1 D:\xampp\htdocs\bp\system\Database\BaseConnection.php(693): CodeIgniter\Database\MySQLi\Connection->execute('INSERT INTO `us...')
#2 D:\xampp\htdocs\bp\system\Database\BaseConnection.php(620): CodeIgniter\Database\BaseConnection->simpleQuery('INSERT INTO `us...')
#3 D:\xampp\htdocs\bp\system\Database\BaseBuilder.php(1916): CodeIgniter\Database\BaseConnection->query('INSERT INTO `us...', Array, false)
#4 D:\xampp\htdocs\bp\system\Model.php(279): CodeIgniter\Database\BaseBuilder->insert()
#5 D:\xampp\htdocs\bp\system\BaseModel.php(738): CodeIgniter\Model->doInsert(Array)
#6 D:\xampp\htdocs\bp\system\Model.php(667): CodeIgniter\BaseModel->insert(Array, true)
#7 D:\xampp\htdocs\bp\app\Controllers\Tbuser.php(423): CodeIgniter\Model->insert(Array)
#8 D:\xampp\htdocs\bp\system\CodeIgniter.php(904): App\Controllers\Tbuser->simpanakses()
#9 D:\xampp\htdocs\bp\system\CodeIgniter.php(457): CodeIgniter\CodeIgniter->runController(Object(App\Controllers\Tbuser))
#10 D:\xampp\htdocs\bp\system\CodeIgniter.php(340): CodeIgniter\CodeIgniter->handleRequest(NULL, Object(Config\Cache), false)
#11 D:\xampp\htdocs\bp\public\index.php(67): CodeIgniter\CodeIgniter->run()
#12 D:\xampp\htdocs\bp\system\Commands\Server\rewrite.php(43): require_once('D:\\xampp\\htdocs...')
#13 {main}
CRITICAL - 2022-10-26 14:39:52 --> Unknown column 'created_at' in 'field list'
in SYSTEMPATH\Database\MySQLi\Connection.php on line 292.
 1 SYSTEMPATH\Database\MySQLi\Connection.php(292): mysqli->query('INSERT INTO `userdtl` (`iduser`, `cmodule`, `username`, `created_at`, `updated_at`) VALUES (\'1\', \'File\', \'murod@honda-autoland.com\', \'2022-10-26 14:39:52\', \'2022-10-26 14:39:52\')', 0)
 2 SYSTEMPATH\Database\BaseConnection.php(693): CodeIgniter\Database\MySQLi\Connection->execute('INSERT INTO `userdtl` (`iduser`, `cmodule`, `username`, `created_at`, `updated_at`) VALUES (\'1\', \'File\', \'murod@honda-autoland.com\', \'2022-10-26 14:39:52\', \'2022-10-26 14:39:52\')')
 3 SYSTEMPATH\Database\BaseConnection.php(620): CodeIgniter\Database\BaseConnection->simpleQuery('INSERT INTO `userdtl` (`iduser`, `cmodule`, `username`, `created_at`, `updated_at`) VALUES (\'1\', \'File\', \'murod@honda-autoland.com\', \'2022-10-26 14:39:52\', \'2022-10-26 14:39:52\')')
 4 SYSTEMPATH\Database\BaseBuilder.php(1916): CodeIgniter\Database\BaseConnection->query('INSERT INTO `userdtl` (`iduser`, `cmodule`, `username`, `created_at`, `updated_at`) VALUES (:iduser.1:, :cmodule:, :username:, :created_at:, :updated_at:)', [...], false)
 5 SYSTEMPATH\Model.php(279): CodeIgniter\Database\BaseBuilder->insert()
 6 SYSTEMPATH\BaseModel.php(738): CodeIgniter\Model->doInsert([...])
 7 SYSTEMPATH\Model.php(667): CodeIgniter\BaseModel->insert([...], true)
 8 APPPATH\Controllers\Tbuser.php(423): CodeIgniter\Model->insert([...])
 9 SYSTEMPATH\CodeIgniter.php(904): App\Controllers\Tbuser->simpanakses()
10 SYSTEMPATH\CodeIgniter.php(457): CodeIgniter\CodeIgniter->runController(Object(App\Controllers\Tbuser))
11 SYSTEMPATH\CodeIgniter.php(340): CodeIgniter\CodeIgniter->handleRequest(null, Object(Config\Cache), false)
12 FCPATH\index.php(67): CodeIgniter\CodeIgniter->run()
13 SYSTEMPATH\Commands\Server\rewrite.php(43): require_once('FCPATH\\index.php')
ERROR - 2022-10-26 14:40:57 --> mysqli_sql_exception: Unknown column 'created_at' in 'field list' in D:\xampp\htdocs\bp\system\Database\MySQLi\Connection.php:292
Stack trace:
#0 D:\xampp\htdocs\bp\system\Database\MySQLi\Connection.php(292): mysqli->query('INSERT INTO `us...', 0)
#1 D:\xampp\htdocs\bp\system\Database\BaseConnection.php(693): CodeIgniter\Database\MySQLi\Connection->execute('INSERT INTO `us...')
#2 D:\xampp\htdocs\bp\system\Database\BaseConnection.php(620): CodeIgniter\Database\BaseConnection->simpleQuery('INSERT INTO `us...')
#3 D:\xampp\htdocs\bp\system\Database\BaseBuilder.php(1916): CodeIgniter\Database\BaseConnection->query('INSERT INTO `us...', Array, false)
#4 D:\xampp\htdocs\bp\system\Model.php(279): CodeIgniter\Database\BaseBuilder->insert()
#5 D:\xampp\htdocs\bp\system\BaseModel.php(738): CodeIgniter\Model->doInsert(Array)
#6 D:\xampp\htdocs\bp\system\Model.php(667): CodeIgniter\BaseModel->insert(Array, true)
#7 D:\xampp\htdocs\bp\app\Controllers\Tbuser.php(423): CodeIgniter\Model->insert(Array)
#8 D:\xampp\htdocs\bp\system\CodeIgniter.php(904): App\Controllers\Tbuser->simpanakses()
#9 D:\xampp\htdocs\bp\system\CodeIgniter.php(457): CodeIgniter\CodeIgniter->runController(Object(App\Controllers\Tbuser))
#10 D:\xampp\htdocs\bp\system\CodeIgniter.php(340): CodeIgniter\CodeIgniter->handleRequest(NULL, Object(Config\Cache), false)
#11 D:\xampp\htdocs\bp\public\index.php(67): CodeIgniter\CodeIgniter->run()
#12 D:\xampp\htdocs\bp\system\Commands\Server\rewrite.php(43): require_once('D:\\xampp\\htdocs...')
#13 {main}
CRITICAL - 2022-10-26 14:40:57 --> Unknown column 'created_at' in 'field list'
in SYSTEMPATH\Database\MySQLi\Connection.php on line 292.
 1 SYSTEMPATH\Database\MySQLi\Connection.php(292): mysqli->query('INSERT INTO `userdtl` (`iduser`, `cmodule`, `username`, `created_at`, `updated_at`) VALUES (\'1\', \'File\', \'murod@honda-autoland.com\', \'2022-10-26 14:40:57\', \'2022-10-26 14:40:57\')', 0)
 2 SYSTEMPATH\Database\BaseConnection.php(693): CodeIgniter\Database\MySQLi\Connection->execute('INSERT INTO `userdtl` (`iduser`, `cmodule`, `username`, `created_at`, `updated_at`) VALUES (\'1\', \'File\', \'murod@honda-autoland.com\', \'2022-10-26 14:40:57\', \'2022-10-26 14:40:57\')')
 3 SYSTEMPATH\Database\BaseConnection.php(620): CodeIgniter\Database\BaseConnection->simpleQuery('INSERT INTO `userdtl` (`iduser`, `cmodule`, `username`, `created_at`, `updated_at`) VALUES (\'1\', \'File\', \'murod@honda-autoland.com\', \'2022-10-26 14:40:57\', \'2022-10-26 14:40:57\')')
 4 SYSTEMPATH\Database\BaseBuilder.php(1916): CodeIgniter\Database\BaseConnection->query('INSERT INTO `userdtl` (`iduser`, `cmodule`, `username`, `created_at`, `updated_at`) VALUES (:iduser.1:, :cmodule:, :username:, :created_at:, :updated_at:)', [...], false)
 5 SYSTEMPATH\Model.php(279): CodeIgniter\Database\BaseBuilder->insert()
 6 SYSTEMPATH\BaseModel.php(738): CodeIgniter\Model->doInsert([...])
 7 SYSTEMPATH\Model.php(667): CodeIgniter\BaseModel->insert([...], true)
 8 APPPATH\Controllers\Tbuser.php(423): CodeIgniter\Model->insert([...])
 9 SYSTEMPATH\CodeIgniter.php(904): App\Controllers\Tbuser->simpanakses()
10 SYSTEMPATH\CodeIgniter.php(457): CodeIgniter\CodeIgniter->runController(Object(App\Controllers\Tbuser))
11 SYSTEMPATH\CodeIgniter.php(340): CodeIgniter\CodeIgniter->handleRequest(null, Object(Config\Cache), false)
12 FCPATH\index.php(67): CodeIgniter\CodeIgniter->run()
13 SYSTEMPATH\Commands\Server\rewrite.php(43): require_once('FCPATH\\index.php')
CRITICAL - 2022-10-26 14:46:59 --> Trying to access array offset on value of type null
in APPPATH\Controllers\Tbuser.php on line 426.
 1 APPPATH\Controllers\Tbuser.php(426): CodeIgniter\Debug\Exceptions->errorHandler(2, 'Trying to access array offset on value of type null', 'APPPATH\\Controllers\\Tbuser.php', 426)
 2 SYSTEMPATH\CodeIgniter.php(904): App\Controllers\Tbuser->simpanakses()
 3 SYSTEMPATH\CodeIgniter.php(457): CodeIgniter\CodeIgniter->runController(Object(App\Controllers\Tbuser))
 4 SYSTEMPATH\CodeIgniter.php(340): CodeIgniter\CodeIgniter->handleRequest(null, Object(Config\Cache), false)
 5 FCPATH\index.php(67): CodeIgniter\CodeIgniter->run()
 6 SYSTEMPATH\Commands\Server\rewrite.php(43): require_once('FCPATH\\index.php')
CRITICAL - 2022-10-26 15:07:33 --> Trying to access array offset on value of type null
in APPPATH\Controllers\Tbuser.php on line 427.
 1 APPPATH\Controllers\Tbuser.php(427): CodeIgniter\Debug\Exceptions->errorHandler(2, 'Trying to access array offset on value of type null', 'APPPATH\\Controllers\\Tbuser.php', 427)
 2 SYSTEMPATH\CodeIgniter.php(904): App\Controllers\Tbuser->simpanakses()
 3 SYSTEMPATH\CodeIgniter.php(457): CodeIgniter\CodeIgniter->runController(Object(App\Controllers\Tbuser))
 4 SYSTEMPATH\CodeIgniter.php(340): CodeIgniter\CodeIgniter->handleRequest(null, Object(Config\Cache), false)
 5 FCPATH\index.php(67): CodeIgniter\CodeIgniter->run()
 6 SYSTEMPATH\Commands\Server\rewrite.php(43): require_once('FCPATH\\index.php')
CRITICAL - 2022-10-26 15:11:22 --> Trying to access array offset on value of type null
in APPPATH\Controllers\Tbuser.php on line 428.
 1 APPPATH\Controllers\Tbuser.php(428): CodeIgniter\Debug\Exceptions->errorHandler(2, 'Trying to access array offset on value of type null', 'APPPATH\\Controllers\\Tbuser.php', 428)
 2 SYSTEMPATH\CodeIgniter.php(904): App\Controllers\Tbuser->simpanakses()
 3 SYSTEMPATH\CodeIgniter.php(457): CodeIgniter\CodeIgniter->runController(Object(App\Controllers\Tbuser))
 4 SYSTEMPATH\CodeIgniter.php(340): CodeIgniter\CodeIgniter->handleRequest(null, Object(Config\Cache), false)
 5 FCPATH\index.php(67): CodeIgniter\CodeIgniter->run()
 6 SYSTEMPATH\Commands\Server\rewrite.php(43): require_once('FCPATH\\index.php')
CRITICAL - 2022-10-26 15:24:14 --> Trying to access array offset on value of type null
in APPPATH\Controllers\Tbuser.php on line 428.
 1 APPPATH\Controllers\Tbuser.php(428): CodeIgniter\Debug\Exceptions->errorHandler(2, 'Trying to access array offset on value of type null', 'APPPATH\\Controllers\\Tbuser.php', 428)
 2 SYSTEMPATH\CodeIgniter.php(904): App\Controllers\Tbuser->simpanakses()
 3 SYSTEMPATH\CodeIgniter.php(457): CodeIgniter\CodeIgniter->runController(Object(App\Controllers\Tbuser))
 4 SYSTEMPATH\CodeIgniter.php(340): CodeIgniter\CodeIgniter->handleRequest(null, Object(Config\Cache), false)
 5 FCPATH\index.php(67): CodeIgniter\CodeIgniter->run()
 6 SYSTEMPATH\Commands\Server\rewrite.php(43): require_once('FCPATH\\index.php')
CRITICAL - 2022-10-26 15:24:37 --> Trying to access array offset on value of type null
in APPPATH\Controllers\Tbuser.php on line 427.
 1 APPPATH\Controllers\Tbuser.php(427): CodeIgniter\Debug\Exceptions->errorHandler(2, 'Trying to access array offset on value of type null', 'APPPATH\\Controllers\\Tbuser.php', 427)
 2 SYSTEMPATH\CodeIgniter.php(904): App\Controllers\Tbuser->simpanakses()
 3 SYSTEMPATH\CodeIgniter.php(457): CodeIgniter\CodeIgniter->runController(Object(App\Controllers\Tbuser))
 4 SYSTEMPATH\CodeIgniter.php(340): CodeIgniter\CodeIgniter->handleRequest(null, Object(Config\Cache), false)
 5 FCPATH\index.php(67): CodeIgniter\CodeIgniter->run()
 6 SYSTEMPATH\Commands\Server\rewrite.php(43): require_once('FCPATH\\index.php')
CRITICAL - 2022-10-26 15:26:03 --> Trying to access array offset on value of type null
in APPPATH\Controllers\Tbuser.php on line 428.
 1 APPPATH\Controllers\Tbuser.php(428): CodeIgniter\Debug\Exceptions->errorHandler(2, 'Trying to access array offset on value of type null', 'APPPATH\\Controllers\\Tbuser.php', 428)
 2 SYSTEMPATH\CodeIgniter.php(904): App\Controllers\Tbuser->simpanakses()
 3 SYSTEMPATH\CodeIgniter.php(457): CodeIgniter\CodeIgniter->runController(Object(App\Controllers\Tbuser))
 4 SYSTEMPATH\CodeIgniter.php(340): CodeIgniter\CodeIgniter->handleRequest(null, Object(Config\Cache), false)
 5 FCPATH\index.php(67): CodeIgniter\CodeIgniter->run()
 6 SYSTEMPATH\Commands\Server\rewrite.php(43): require_once('FCPATH\\index.php')
CRITICAL - 2022-10-26 15:26:52 --> Trying to access array offset on value of type null
in APPPATH\Controllers\Tbuser.php on line 427.
 1 APPPATH\Controllers\Tbuser.php(427): CodeIgniter\Debug\Exceptions->errorHandler(2, 'Trying to access array offset on value of type null', 'APPPATH\\Controllers\\Tbuser.php', 427)
 2 SYSTEMPATH\CodeIgniter.php(904): App\Controllers\Tbuser->simpanakses()
 3 SYSTEMPATH\CodeIgniter.php(457): CodeIgniter\CodeIgniter->runController(Object(App\Controllers\Tbuser))
 4 SYSTEMPATH\CodeIgniter.php(340): CodeIgniter\CodeIgniter->handleRequest(null, Object(Config\Cache), false)
 5 FCPATH\index.php(67): CodeIgniter\CodeIgniter->run()
 6 SYSTEMPATH\Commands\Server\rewrite.php(43): require_once('FCPATH\\index.php')
CRITICAL - 2022-10-26 15:27:44 --> Trying to access array offset on value of type null
in APPPATH\Controllers\Tbuser.php on line 428.
 1 APPPATH\Controllers\Tbuser.php(428): CodeIgniter\Debug\Exceptions->errorHandler(2, 'Trying to access array offset on value of type null', 'APPPATH\\Controllers\\Tbuser.php', 428)
 2 SYSTEMPATH\CodeIgniter.php(904): App\Controllers\Tbuser->simpanakses()
 3 SYSTEMPATH\CodeIgniter.php(457): CodeIgniter\CodeIgniter->runController(Object(App\Controllers\Tbuser))
 4 SYSTEMPATH\CodeIgniter.php(340): CodeIgniter\CodeIgniter->handleRequest(null, Object(Config\Cache), false)
 5 FCPATH\index.php(67): CodeIgniter\CodeIgniter->run()
 6 SYSTEMPATH\Commands\Server\rewrite.php(43): require_once('FCPATH\\index.php')
CRITICAL - 2022-10-26 15:27:52 --> Trying to access array offset on value of type null
in APPPATH\Controllers\Tbuser.php on line 427.
 1 APPPATH\Controllers\Tbuser.php(427): CodeIgniter\Debug\Exceptions->errorHandler(2, 'Trying to access array offset on value of type null', 'APPPATH\\Controllers\\Tbuser.php', 427)
 2 SYSTEMPATH\CodeIgniter.php(904): App\Controllers\Tbuser->simpanakses()
 3 SYSTEMPATH\CodeIgniter.php(457): CodeIgniter\CodeIgniter->runController(Object(App\Controllers\Tbuser))
 4 SYSTEMPATH\CodeIgniter.php(340): CodeIgniter\CodeIgniter->handleRequest(null, Object(Config\Cache), false)
 5 FCPATH\index.php(67): CodeIgniter\CodeIgniter->run()
 6 SYSTEMPATH\Commands\Server\rewrite.php(43): require_once('FCPATH\\index.php')
CRITICAL - 2022-10-26 15:35:12 --> Trying to access array offset on value of type null
in APPPATH\Controllers\Tbuser.php on line 427.
 1 APPPATH\Controllers\Tbuser.php(427): CodeIgniter\Debug\Exceptions->errorHandler(2, 'Trying to access array offset on value of type null', 'APPPATH\\Controllers\\Tbuser.php', 427)
 2 SYSTEMPATH\CodeIgniter.php(904): App\Controllers\Tbuser->simpanakses()
 3 SYSTEMPATH\CodeIgniter.php(457): CodeIgniter\CodeIgniter->runController(Object(App\Controllers\Tbuser))
 4 SYSTEMPATH\CodeIgniter.php(340): CodeIgniter\CodeIgniter->handleRequest(null, Object(Config\Cache), false)
 5 FCPATH\index.php(67): CodeIgniter\CodeIgniter->run()
 6 SYSTEMPATH\Commands\Server\rewrite.php(43): require_once('FCPATH\\index.php')
CRITICAL - 2022-10-26 15:37:16 --> Trying to access array offset on value of type null
in APPPATH\Controllers\Tbuser.php on line 428.
 1 APPPATH\Controllers\Tbuser.php(428): CodeIgniter\Debug\Exceptions->errorHandler(2, 'Trying to access array offset on value of type null', 'APPPATH\\Controllers\\Tbuser.php', 428)
 2 SYSTEMPATH\CodeIgniter.php(904): App\Controllers\Tbuser->simpanakses()
 3 SYSTEMPATH\CodeIgniter.php(457): CodeIgniter\CodeIgniter->runController(Object(App\Controllers\Tbuser))
 4 SYSTEMPATH\CodeIgniter.php(340): CodeIgniter\CodeIgniter->handleRequest(null, Object(Config\Cache), false)
 5 FCPATH\index.php(67): CodeIgniter\CodeIgniter->run()
 6 SYSTEMPATH\Commands\Server\rewrite.php(43): require_once('FCPATH\\index.php')
CRITICAL - 2022-10-26 15:44:31 --> Trying to access array offset on value of type int
in APPPATH\Controllers\Tbuser.php on line 432.
 1 APPPATH\Controllers\Tbuser.php(432): CodeIgniter\Debug\Exceptions->errorHandler(2, 'Trying to access array offset on value of type int', 'APPPATH\\Controllers\\Tbuser.php', 432)
 2 SYSTEMPATH\CodeIgniter.php(904): App\Controllers\Tbuser->simpanakses()
 3 SYSTEMPATH\CodeIgniter.php(457): CodeIgniter\CodeIgniter->runController(Object(App\Controllers\Tbuser))
 4 SYSTEMPATH\CodeIgniter.php(340): CodeIgniter\CodeIgniter->handleRequest(null, Object(Config\Cache), false)
 5 FCPATH\index.php(67): CodeIgniter\CodeIgniter->run()
 6 SYSTEMPATH\Commands\Server\rewrite.php(43): require_once('FCPATH\\index.php')
CRITICAL - 2022-10-26 15:44:52 --> Trying to access array offset on value of type int
in APPPATH\Controllers\Tbuser.php on line 432.
 1 APPPATH\Controllers\Tbuser.php(432): CodeIgniter\Debug\Exceptions->errorHandler(2, 'Trying to access array offset on value of type int', 'APPPATH\\Controllers\\Tbuser.php', 432)
 2 SYSTEMPATH\CodeIgniter.php(904): App\Controllers\Tbuser->simpanakses()
 3 SYSTEMPATH\CodeIgniter.php(457): CodeIgniter\CodeIgniter->runController(Object(App\Controllers\Tbuser))
 4 SYSTEMPATH\CodeIgniter.php(340): CodeIgniter\CodeIgniter->handleRequest(null, Object(Config\Cache), false)
 5 FCPATH\index.php(67): CodeIgniter\CodeIgniter->run()
 6 SYSTEMPATH\Commands\Server\rewrite.php(43): require_once('FCPATH\\index.php')
CRITICAL - 2022-10-26 15:45:01 --> Trying to access array offset on value of type int
in APPPATH\Controllers\Tbuser.php on line 432.
 1 APPPATH\Controllers\Tbuser.php(432): CodeIgniter\Debug\Exceptions->errorHandler(2, 'Trying to access array offset on value of type int', 'APPPATH\\Controllers\\Tbuser.php', 432)
 2 SYSTEMPATH\CodeIgniter.php(904): App\Controllers\Tbuser->simpanakses()
 3 SYSTEMPATH\CodeIgniter.php(457): CodeIgniter\CodeIgniter->runController(Object(App\Controllers\Tbuser))
 4 SYSTEMPATH\CodeIgniter.php(340): CodeIgniter\CodeIgniter->handleRequest(null, Object(Config\Cache), false)
 5 FCPATH\index.php(67): CodeIgniter\CodeIgniter->run()
 6 SYSTEMPATH\Commands\Server\rewrite.php(43): require_once('FCPATH\\index.php')
CRITICAL - 2022-10-26 15:48:42 --> Undefined array key 1
in APPPATH\Controllers\Tbuser.php on line 427.
 1 APPPATH\Controllers\Tbuser.php(427): CodeIgniter\Debug\Exceptions->errorHandler(2, 'Undefined array key 1', 'APPPATH\\Controllers\\Tbuser.php', 427)
 2 SYSTEMPATH\CodeIgniter.php(904): App\Controllers\Tbuser->simpanakses()
 3 SYSTEMPATH\CodeIgniter.php(457): CodeIgniter\CodeIgniter->runController(Object(App\Controllers\Tbuser))
 4 SYSTEMPATH\CodeIgniter.php(340): CodeIgniter\CodeIgniter->handleRequest(null, Object(Config\Cache), false)
 5 FCPATH\index.php(67): CodeIgniter\CodeIgniter->run()
 6 SYSTEMPATH\Commands\Server\rewrite.php(43): require_once('FCPATH\\index.php')
CRITICAL - 2022-10-26 15:49:14 --> Undefined array key 3
in APPPATH\Controllers\Tbuser.php on line 427.
 1 APPPATH\Controllers\Tbuser.php(427): CodeIgniter\Debug\Exceptions->errorHandler(2, 'Undefined array key 3', 'APPPATH\\Controllers\\Tbuser.php', 427)
 2 SYSTEMPATH\CodeIgniter.php(904): App\Controllers\Tbuser->simpanakses()
 3 SYSTEMPATH\CodeIgniter.php(457): CodeIgniter\CodeIgniter->runController(Object(App\Controllers\Tbuser))
 4 SYSTEMPATH\CodeIgniter.php(340): CodeIgniter\CodeIgniter->handleRequest(null, Object(Config\Cache), false)
 5 FCPATH\index.php(67): CodeIgniter\CodeIgniter->run()
 6 SYSTEMPATH\Commands\Server\rewrite.php(43): require_once('FCPATH\\index.php')
CRITICAL - 2022-10-26 16:08:22 --> Undefined array key 46
in APPPATH\Controllers\Tbuser.php on line 427.
 1 APPPATH\Controllers\Tbuser.php(427): CodeIgniter\Debug\Exceptions->errorHandler(2, 'Undefined array key 46', 'APPPATH\\Controllers\\Tbuser.php', 427)
 2 SYSTEMPATH\CodeIgniter.php(904): App\Controllers\Tbuser->simpanakses()
 3 SYSTEMPATH\CodeIgniter.php(457): CodeIgniter\CodeIgniter->runController(Object(App\Controllers\Tbuser))
 4 SYSTEMPATH\CodeIgniter.php(340): CodeIgniter\CodeIgniter->handleRequest(null, Object(Config\Cache), false)
 5 FCPATH\index.php(67): CodeIgniter\CodeIgniter->run()
 6 SYSTEMPATH\Commands\Server\rewrite.php(43): require_once('FCPATH\\index.php')
CRITICAL - 2022-10-26 16:08:45 --> Undefined array key 45
in APPPATH\Controllers\Tbuser.php on line 427.
 1 APPPATH\Controllers\Tbuser.php(427): CodeIgniter\Debug\Exceptions->errorHandler(2, 'Undefined array key 45', 'APPPATH\\Controllers\\Tbuser.php', 427)
 2 SYSTEMPATH\CodeIgniter.php(904): App\Controllers\Tbuser->simpanakses()
 3 SYSTEMPATH\CodeIgniter.php(457): CodeIgniter\CodeIgniter->runController(Object(App\Controllers\Tbuser))
 4 SYSTEMPATH\CodeIgniter.php(340): CodeIgniter\CodeIgniter->handleRequest(null, Object(Config\Cache), false)
 5 FCPATH\index.php(67): CodeIgniter\CodeIgniter->run()
 6 SYSTEMPATH\Commands\Server\rewrite.php(43): require_once('FCPATH\\index.php')
CRITICAL - 2022-10-26 16:09:05 --> Undefined array key 46
in APPPATH\Controllers\Tbuser.php on line 427.
 1 APPPATH\Controllers\Tbuser.php(427): CodeIgniter\Debug\Exceptions->errorHandler(2, 'Undefined array key 46', 'APPPATH\\Controllers\\Tbuser.php', 427)
 2 SYSTEMPATH\CodeIgniter.php(904): App\Controllers\Tbuser->simpanakses()
 3 SYSTEMPATH\CodeIgniter.php(457): CodeIgniter\CodeIgniter->runController(Object(App\Controllers\Tbuser))
 4 SYSTEMPATH\CodeIgniter.php(340): CodeIgniter\CodeIgniter->handleRequest(null, Object(Config\Cache), false)
 5 FCPATH\index.php(67): CodeIgniter\CodeIgniter->run()
 6 SYSTEMPATH\Commands\Server\rewrite.php(43): require_once('FCPATH\\index.php')
CRITICAL - 2022-10-26 16:09:11 --> Undefined array key 46
in APPPATH\Controllers\Tbuser.php on line 427.
 1 APPPATH\Controllers\Tbuser.php(427): CodeIgniter\Debug\Exceptions->errorHandler(2, 'Undefined array key 46', 'APPPATH\\Controllers\\Tbuser.php', 427)
 2 SYSTEMPATH\CodeIgniter.php(904): App\Controllers\Tbuser->simpanakses()
 3 SYSTEMPATH\CodeIgniter.php(457): CodeIgniter\CodeIgniter->runController(Object(App\Controllers\Tbuser))
 4 SYSTEMPATH\CodeIgniter.php(340): CodeIgniter\CodeIgniter->handleRequest(null, Object(Config\Cache), false)
 5 FCPATH\index.php(67): CodeIgniter\CodeIgniter->run()
 6 SYSTEMPATH\Commands\Server\rewrite.php(43): require_once('FCPATH\\index.php')
CRITICAL - 2022-10-26 16:09:15 --> Undefined array key 45
in APPPATH\Controllers\Tbuser.php on line 427.
 1 APPPATH\Controllers\Tbuser.php(427): CodeIgniter\Debug\Exceptions->errorHandler(2, 'Undefined array key 45', 'APPPATH\\Controllers\\Tbuser.php', 427)
 2 SYSTEMPATH\CodeIgniter.php(904): App\Controllers\Tbuser->simpanakses()
 3 SYSTEMPATH\CodeIgniter.php(457): CodeIgniter\CodeIgniter->runController(Object(App\Controllers\Tbuser))
 4 SYSTEMPATH\CodeIgniter.php(340): CodeIgniter\CodeIgniter->handleRequest(null, Object(Config\Cache), false)
 5 FCPATH\index.php(67): CodeIgniter\CodeIgniter->run()
 6 SYSTEMPATH\Commands\Server\rewrite.php(43): require_once('FCPATH\\index.php')
CRITICAL - 2022-10-26 16:09:17 --> Undefined array key 44
in APPPATH\Controllers\Tbuser.php on line 427.
 1 APPPATH\Controllers\Tbuser.php(427): CodeIgniter\Debug\Exceptions->errorHandler(2, 'Undefined array key 44', 'APPPATH\\Controllers\\Tbuser.php', 427)
 2 SYSTEMPATH\CodeIgniter.php(904): App\Controllers\Tbuser->simpanakses()
 3 SYSTEMPATH\CodeIgniter.php(457): CodeIgniter\CodeIgniter->runController(Object(App\Controllers\Tbuser))
 4 SYSTEMPATH\CodeIgniter.php(340): CodeIgniter\CodeIgniter->handleRequest(null, Object(Config\Cache), false)
 5 FCPATH\index.php(67): CodeIgniter\CodeIgniter->run()
 6 SYSTEMPATH\Commands\Server\rewrite.php(43): require_once('FCPATH\\index.php')
CRITICAL - 2022-10-26 16:18:29 --> Undefined array key 46
in APPPATH\Controllers\Tbuser.php on line 427.
 1 APPPATH\Controllers\Tbuser.php(427): CodeIgniter\Debug\Exceptions->errorHandler(2, 'Undefined array key 46', 'APPPATH\\Controllers\\Tbuser.php', 427)
 2 SYSTEMPATH\CodeIgniter.php(904): App\Controllers\Tbuser->simpanakses()
 3 SYSTEMPATH\CodeIgniter.php(457): CodeIgniter\CodeIgniter->runController(Object(App\Controllers\Tbuser))
 4 SYSTEMPATH\CodeIgniter.php(340): CodeIgniter\CodeIgniter->handleRequest(null, Object(Config\Cache), false)
 5 FCPATH\index.php(67): CodeIgniter\CodeIgniter->run()
 6 SYSTEMPATH\Commands\Server\rewrite.php(43): require_once('FCPATH\\index.php')
CRITICAL - 2022-10-26 16:48:13 --> Trying to access array offset on value of type null
in APPPATH\Controllers\Tbuser.php on line 430.
 1 APPPATH\Controllers\Tbuser.php(430): CodeIgniter\Debug\Exceptions->errorHandler(2, 'Trying to access array offset on value of type null', 'APPPATH\\Controllers\\Tbuser.php', 430)
 2 SYSTEMPATH\CodeIgniter.php(904): App\Controllers\Tbuser->simpanakses()
 3 SYSTEMPATH\CodeIgniter.php(457): CodeIgniter\CodeIgniter->runController(Object(App\Controllers\Tbuser))
 4 SYSTEMPATH\CodeIgniter.php(340): CodeIgniter\CodeIgniter->handleRequest(null, Object(Config\Cache), false)
 5 FCPATH\index.php(67): CodeIgniter\CodeIgniter->run()
 6 SYSTEMPATH\Commands\Server\rewrite.php(43): require_once('FCPATH\\index.php')
CRITICAL - 2022-10-26 16:51:27 --> Trying to access array offset on value of type null
in APPPATH\Controllers\Tbuser.php on line 430.
 1 APPPATH\Controllers\Tbuser.php(430): CodeIgniter\Debug\Exceptions->errorHandler(2, 'Trying to access array offset on value of type null', 'APPPATH\\Controllers\\Tbuser.php', 430)
 2 SYSTEMPATH\CodeIgniter.php(904): App\Controllers\Tbuser->simpanakses()
 3 SYSTEMPATH\CodeIgniter.php(457): CodeIgniter\CodeIgniter->runController(Object(App\Controllers\Tbuser))
 4 SYSTEMPATH\CodeIgniter.php(340): CodeIgniter\CodeIgniter->handleRequest(null, Object(Config\Cache), false)
 5 FCPATH\index.php(67): CodeIgniter\CodeIgniter->run()
 6 SYSTEMPATH\Commands\Server\rewrite.php(43): require_once('FCPATH\\index.php')
CRITICAL - 2022-10-26 17:00:57 --> Trying to access array offset on value of type null
in APPPATH\Controllers\Tbuser.php on line 430.
 1 APPPATH\Controllers\Tbuser.php(430): CodeIgniter\Debug\Exceptions->errorHandler(2, 'Trying to access array offset on value of type null', 'APPPATH\\Controllers\\Tbuser.php', 430)
 2 SYSTEMPATH\CodeIgniter.php(904): App\Controllers\Tbuser->simpanakses()
 3 SYSTEMPATH\CodeIgniter.php(457): CodeIgniter\CodeIgniter->runController(Object(App\Controllers\Tbuser))
 4 SYSTEMPATH\CodeIgniter.php(340): CodeIgniter\CodeIgniter->handleRequest(null, Object(Config\Cache), false)
 5 FCPATH\index.php(67): CodeIgniter\CodeIgniter->run()
 6 SYSTEMPATH\Commands\Server\rewrite.php(43): require_once('FCPATH\\index.php')
CRITICAL - 2022-10-26 17:01:18 --> Trying to access array offset on value of type null
in APPPATH\Controllers\Tbuser.php on line 430.
 1 APPPATH\Controllers\Tbuser.php(430): CodeIgniter\Debug\Exceptions->errorHandler(2, 'Trying to access array offset on value of type null', 'APPPATH\\Controllers\\Tbuser.php', 430)
 2 SYSTEMPATH\CodeIgniter.php(904): App\Controllers\Tbuser->simpanakses()
 3 SYSTEMPATH\CodeIgniter.php(457): CodeIgniter\CodeIgniter->runController(Object(App\Controllers\Tbuser))
 4 SYSTEMPATH\CodeIgniter.php(340): CodeIgniter\CodeIgniter->handleRequest(null, Object(Config\Cache), false)
 5 FCPATH\index.php(67): CodeIgniter\CodeIgniter->run()
 6 SYSTEMPATH\Commands\Server\rewrite.php(43): require_once('FCPATH\\index.php')
CRITICAL - 2022-10-26 17:01:33 --> Trying to access array offset on value of type null
in APPPATH\Controllers\Tbuser.php on line 430.
 1 APPPATH\Controllers\Tbuser.php(430): CodeIgniter\Debug\Exceptions->errorHandler(2, 'Trying to access array offset on value of type null', 'APPPATH\\Controllers\\Tbuser.php', 430)
 2 SYSTEMPATH\CodeIgniter.php(904): App\Controllers\Tbuser->simpanakses()
 3 SYSTEMPATH\CodeIgniter.php(457): CodeIgniter\CodeIgniter->runController(Object(App\Controllers\Tbuser))
 4 SYSTEMPATH\CodeIgniter.php(340): CodeIgniter\CodeIgniter->handleRequest(null, Object(Config\Cache), false)
 5 FCPATH\index.php(67): CodeIgniter\CodeIgniter->run()
 6 SYSTEMPATH\Commands\Server\rewrite.php(43): require_once('FCPATH\\index.php')
CRITICAL - 2022-10-26 17:01:46 --> Trying to access array offset on value of type null
in APPPATH\Controllers\Tbuser.php on line 430.
 1 APPPATH\Controllers\Tbuser.php(430): CodeIgniter\Debug\Exceptions->errorHandler(2, 'Trying to access array offset on value of type null', 'APPPATH\\Controllers\\Tbuser.php', 430)
 2 SYSTEMPATH\CodeIgniter.php(904): App\Controllers\Tbuser->simpanakses()
 3 SYSTEMPATH\CodeIgniter.php(457): CodeIgniter\CodeIgniter->runController(Object(App\Controllers\Tbuser))
 4 SYSTEMPATH\CodeIgniter.php(340): CodeIgniter\CodeIgniter->handleRequest(null, Object(Config\Cache), false)
 5 FCPATH\index.php(67): CodeIgniter\CodeIgniter->run()
 6 SYSTEMPATH\Commands\Server\rewrite.php(43): require_once('FCPATH\\index.php')
CRITICAL - 2022-10-26 17:10:31 --> Trying to access array offset on value of type null
in APPPATH\Controllers\Tbuser.php on line 430.
 1 APPPATH\Controllers\Tbuser.php(430): CodeIgniter\Debug\Exceptions->errorHandler(2, 'Trying to access array offset on value of type null', 'APPPATH\\Controllers\\Tbuser.php', 430)
 2 SYSTEMPATH\CodeIgniter.php(904): App\Controllers\Tbuser->simpanakses()
 3 SYSTEMPATH\CodeIgniter.php(457): CodeIgniter\CodeIgniter->runController(Object(App\Controllers\Tbuser))
 4 SYSTEMPATH\CodeIgniter.php(340): CodeIgniter\CodeIgniter->handleRequest(null, Object(Config\Cache), false)
 5 FCPATH\index.php(67): CodeIgniter\CodeIgniter->run()
 6 SYSTEMPATH\Commands\Server\rewrite.php(43): require_once('FCPATH\\index.php')
CRITICAL - 2022-10-26 17:18:49 --> Undefined array key "nurut1"
in APPPATH\Views\tbuser\formakses.php on line 42.
 1 APPPATH\Views\tbuser\formakses.php(42): CodeIgniter\Debug\Exceptions->errorHandler(2, 'Undefined array key "nurut1"', 'APPPATH\\Views\\tbuser\\formakses.php', 42)
 2 SYSTEMPATH\View\View.php(213): include('APPPATH\\Views\\tbuser\\formakses.php')
 3 SYSTEMPATH\View\View.php(216): CodeIgniter\View\View->CodeIgniter\View\{closure}()
 4 SYSTEMPATH\Common.php(1142): CodeIgniter\View\View->render('tbuser/formakses', [], true)
 5 APPPATH\Controllers\Tbuser.php(393): view('tbuser/formakses', [...])
 6 SYSTEMPATH\CodeIgniter.php(904): App\Controllers\Tbuser->formakses()
 7 SYSTEMPATH\CodeIgniter.php(457): CodeIgniter\CodeIgniter->runController(Object(App\Controllers\Tbuser))
 8 SYSTEMPATH\CodeIgniter.php(340): CodeIgniter\CodeIgniter->handleRequest(null, Object(Config\Cache), false)
 9 FCPATH\index.php(67): CodeIgniter\CodeIgniter->run()
10 SYSTEMPATH\Commands\Server\rewrite.php(43): require_once('FCPATH\\index.php')
