CRITICAL - 2023-04-08 10:08:46 --> Undefined variable $nama_produk
in APPPATH\Views\memombr\cetakmemombr.php on line 64.
 1 APPPATH\Views\memombr\cetakmemombr.php(64): CodeIgniter\Debug\Exceptions->errorHandler(2, 'Undefined variable $nama_produk', 'APPPATH\\Views\\memombr\\cetakmemombr.php', 64)
 2 SYSTEMPATH\View\View.php(213): include('APPPATH\\Views\\memombr\\cetakmemombr.php')
 3 SYSTEMPATH\View\View.php(216): CodeIgniter\View\View->CodeIgniter\View\{closure}()
 4 SYSTEMPATH\Common.php(1142): CodeIgniter\View\View->render('memombr/cetakmemombr', [], true)
 5 APPPATH\Controllers\Memombr.php(627): view('memombr/cetakmemombr', [...])
 6 SYSTEMPATH\CodeIgniter.php(904): App\Controllers\Memombr->cetakmemombr('54')
 7 SYSTEMPATH\CodeIgniter.php(457): CodeIgniter\CodeIgniter->runController(Object(App\Controllers\Memombr))
 8 SYSTEMPATH\CodeIgniter.php(340): CodeIgniter\CodeIgniter->handleRequest(null, Object(Config\Cache), false)
 9 FCPATH\index.php(67): CodeIgniter\CodeIgniter->run()
10 SYSTEMPATH\Commands\Server\rewrite.php(43): require_once('FCPATH\\index.php')
CRITICAL - 2023-04-08 10:14:23 --> Undefined variable $jual
in APPPATH\Views\memombr\cetakmemombr.php on line 204.
 1 APPPATH\Views\memombr\cetakmemombr.php(204): CodeIgniter\Debug\Exceptions->errorHandler(2, 'Undefined variable $jual', 'APPPATH\\Views\\memombr\\cetakmemombr.php', 204)
 2 SYSTEMPATH\View\View.php(213): include('APPPATH\\Views\\memombr\\cetakmemombr.php')
 3 SYSTEMPATH\View\View.php(216): CodeIgniter\View\View->CodeIgniter\View\{closure}()
 4 SYSTEMPATH\Common.php(1142): CodeIgniter\View\View->render('memombr/cetakmemombr', [], true)
 5 APPPATH\Controllers\Memombr.php(627): view('memombr/cetakmemombr', [...])
 6 SYSTEMPATH\CodeIgniter.php(904): App\Controllers\Memombr->cetakmemombr('54')
 7 SYSTEMPATH\CodeIgniter.php(457): CodeIgniter\CodeIgniter->runController(Object(App\Controllers\Memombr))
 8 SYSTEMPATH\CodeIgniter.php(340): CodeIgniter\CodeIgniter->handleRequest(null, Object(Config\Cache), false)
 9 FCPATH\index.php(67): CodeIgniter\CodeIgniter->run()
10 SYSTEMPATH\Commands\Server\rewrite.php(43): require_once('FCPATH\\index.php')
CRITICAL - 2023-04-08 10:30:46 --> Undefined variable $nama_produk3
in APPPATH\Views\memombr\cetakmemombr.php on line 261.
 1 APPPATH\Views\memombr\cetakmemombr.php(261): CodeIgniter\Debug\Exceptions->errorHandler(2, 'Undefined variable $nama_produk3', 'APPPATH\\Views\\memombr\\cetakmemombr.php', 261)
 2 SYSTEMPATH\View\View.php(213): include('APPPATH\\Views\\memombr\\cetakmemombr.php')
 3 SYSTEMPATH\View\View.php(216): CodeIgniter\View\View->CodeIgniter\View\{closure}()
 4 SYSTEMPATH\Common.php(1142): CodeIgniter\View\View->render('memombr/cetakmemombr', [], true)
 5 APPPATH\Controllers\Memombr.php(627): view('memombr/cetakmemombr', [...])
 6 SYSTEMPATH\CodeIgniter.php(904): App\Controllers\Memombr->cetakmemombr('54')
 7 SYSTEMPATH\CodeIgniter.php(457): CodeIgniter\CodeIgniter->runController(Object(App\Controllers\Memombr))
 8 SYSTEMPATH\CodeIgniter.php(340): CodeIgniter\CodeIgniter->handleRequest(null, Object(Config\Cache), false)
 9 FCPATH\index.php(67): CodeIgniter\CodeIgniter->run()
10 SYSTEMPATH\Commands\Server\rewrite.php(43): require_once('FCPATH\\index.php')
CRITICAL - 2023-04-08 10:39:56 --> Undefined array key "kode_customer"
in APPPATH\Controllers\Memombr.php on line 919.
 1 APPPATH\Controllers\Memombr.php(919): CodeIgniter\Debug\Exceptions->errorHandler(2, 'Undefined array key "kode_customer"', 'APPPATH\\Controllers\\Memombr.php', 919)
 2 SYSTEMPATH\CodeIgniter.php(904): App\Controllers\Memombr->repl_customer_stnk()
 3 SYSTEMPATH\CodeIgniter.php(457): CodeIgniter\CodeIgniter->runController(Object(App\Controllers\Memombr))
 4 SYSTEMPATH\CodeIgniter.php(340): CodeIgniter\CodeIgniter->handleRequest(null, Object(Config\Cache), false)
 5 FCPATH\index.php(67): CodeIgniter\CodeIgniter->run()
 6 SYSTEMPATH\Commands\Server\rewrite.php(43): require_once('FCPATH\\index.php')
CRITICAL - 2023-04-08 11:03:08 --> Undefined array key "nik_customer"
in APPPATH\Views\memombr\modalcaricustomer.php on line 35.
 1 APPPATH\Views\memombr\modalcaricustomer.php(35): CodeIgniter\Debug\Exceptions->errorHandler(2, 'Undefined array key "nik_customer"', 'APPPATH\\Views\\memombr\\modalcaricustomer.php', 35)
 2 SYSTEMPATH\View\View.php(213): include('APPPATH\\Views\\memombr\\modalcaricustomer.php')
 3 SYSTEMPATH\View\View.php(216): CodeIgniter\View\View->CodeIgniter\View\{closure}()
 4 SYSTEMPATH\Common.php(1142): CodeIgniter\View\View->render('memombr/modalcaricustomer', [], true)
 5 APPPATH\Controllers\Memombr.php(876): view('memombr/modalcaricustomer', [...])
 6 SYSTEMPATH\CodeIgniter.php(904): App\Controllers\Memombr->cari_data_customer()
 7 SYSTEMPATH\CodeIgniter.php(457): CodeIgniter\CodeIgniter->runController(Object(App\Controllers\Memombr))
 8 SYSTEMPATH\CodeIgniter.php(340): CodeIgniter\CodeIgniter->handleRequest(null, Object(Config\Cache), false)
 9 FCPATH\index.php(67): CodeIgniter\CodeIgniter->run()
10 SYSTEMPATH\Commands\Server\rewrite.php(43): require_once('FCPATH\\index.php')
CRITICAL - 2023-04-08 11:25:36 --> Undefined variable $tbcustomer_stnkr
in APPPATH\Views\memombr\cetakmemombr.php on line 391.
 1 APPPATH\Views\memombr\cetakmemombr.php(391): CodeIgniter\Debug\Exceptions->errorHandler(2, 'Undefined variable $tbcustomer_stnkr', 'APPPATH\\Views\\memombr\\cetakmemombr.php', 391)
 2 SYSTEMPATH\View\View.php(213): include('APPPATH\\Views\\memombr\\cetakmemombr.php')
 3 SYSTEMPATH\View\View.php(216): CodeIgniter\View\View->CodeIgniter\View\{closure}()
 4 SYSTEMPATH\Common.php(1142): CodeIgniter\View\View->render('memombr/cetakmemombr', [], true)
 5 APPPATH\Controllers\Memombr.php(633): view('memombr/cetakmemombr', [...])
 6 SYSTEMPATH\CodeIgniter.php(904): App\Controllers\Memombr->cetakmemombr('54')
 7 SYSTEMPATH\CodeIgniter.php(457): CodeIgniter\CodeIgniter->runController(Object(App\Controllers\Memombr))
 8 SYSTEMPATH\CodeIgniter.php(340): CodeIgniter\CodeIgniter->handleRequest(null, Object(Config\Cache), false)
 9 FCPATH\index.php(67): CodeIgniter\CodeIgniter->run()
10 SYSTEMPATH\Commands\Server\rewrite.php(43): require_once('FCPATH\\index.php')
CRITICAL - 2023-04-08 11:32:27 --> Trying to access array offset on value of type null
in APPPATH\Views\memombr\cetakmemombr.php on line 391.
 1 APPPATH\Views\memombr\cetakmemombr.php(391): CodeIgniter\Debug\Exceptions->errorHandler(2, 'Trying to access array offset on value of type null', 'APPPATH\\Views\\memombr\\cetakmemombr.php', 391)
 2 SYSTEMPATH\View\View.php(213): include('APPPATH\\Views\\memombr\\cetakmemombr.php')
 3 SYSTEMPATH\View\View.php(216): CodeIgniter\View\View->CodeIgniter\View\{closure}()
 4 SYSTEMPATH\Common.php(1142): CodeIgniter\View\View->render('memombr/cetakmemombr', [], true)
 5 APPPATH\Controllers\Memombr.php(633): view('memombr/cetakmemombr', [...])
 6 SYSTEMPATH\CodeIgniter.php(904): App\Controllers\Memombr->cetakmemombr('54')
 7 SYSTEMPATH\CodeIgniter.php(457): CodeIgniter\CodeIgniter->runController(Object(App\Controllers\Memombr))
 8 SYSTEMPATH\CodeIgniter.php(340): CodeIgniter\CodeIgniter->handleRequest(null, Object(Config\Cache), false)
 9 FCPATH\index.php(67): CodeIgniter\CodeIgniter->run()
10 SYSTEMPATH\Commands\Server\rewrite.php(43): require_once('FCPATH\\index.php')
ERROR - 2023-04-08 11:56:30 --> mysqli_sql_exception: Unknown column 'tglapprov_dir' in 'field list' in D:\xampp\htdocs\hati\system\Database\MySQLi\Connection.php:292
Stack trace:
#0 D:\xampp\htdocs\hati\system\Database\MySQLi\Connection.php(292): mysqli->query('UPDATE `pengaju...', 0)
#1 D:\xampp\htdocs\hati\system\Database\BaseConnection.php(693): CodeIgniter\Database\MySQLi\Connection->execute('UPDATE `pengaju...')
#2 D:\xampp\htdocs\hati\system\Database\BaseConnection.php(620): CodeIgniter\Database\BaseConnection->simpleQuery('UPDATE `pengaju...')
#3 D:\xampp\htdocs\hati\system\Database\BaseBuilder.php(2078): CodeIgniter\Database\BaseConnection->query('UPDATE `pengaju...', Array, false)
#4 D:\xampp\htdocs\hati\system\Model.php(338): CodeIgniter\Database\BaseBuilder->update()
#5 D:\xampp\htdocs\hati\system\BaseModel.php(865): CodeIgniter\Model->doUpdate(Array, Array)
#6 D:\xampp\htdocs\hati\system\Model.php(693): CodeIgniter\BaseModel->update(Array, Array)
#7 D:\xampp\htdocs\hati\app\Controllers\Pengajuandiscount.php(418): CodeIgniter\Model->update('10', Array)
#8 D:\xampp\htdocs\hati\system\CodeIgniter.php(904): App\Controllers\Pengajuandiscount->simpanapprov_dir()
#9 D:\xampp\htdocs\hati\system\CodeIgniter.php(457): CodeIgniter\CodeIgniter->runController(Object(App\Controllers\Pengajuandiscount))
#10 D:\xampp\htdocs\hati\system\CodeIgniter.php(340): CodeIgniter\CodeIgniter->handleRequest(NULL, Object(Config\Cache), false)
#11 D:\xampp\htdocs\hati\public\index.php(67): CodeIgniter\CodeIgniter->run()
#12 D:\xampp\htdocs\hati\system\Commands\Server\rewrite.php(43): require_once('D:\\xampp\\htdocs...')
#13 {main}
CRITICAL - 2023-04-08 11:56:30 --> Unknown column 'tglapprov_dir' in 'field list'
in SYSTEMPATH\Database\MySQLi\Connection.php on line 292.
 1 SYSTEMPATH\Database\MySQLi\Connection.php(292): mysqli->query('UPDATE `pengajuandiscount` SET `status_approv_dir` = \'SETUJUI\', `approv_dir` = \'Murod\', `tglapprov_dir` = \'2023-04-08 11:56:30\', `ket_approv_dir` = \'\', `close` = \'Y\', `user` = \'Edit-Murod-08-04-2023 11:56:30\', `updated_at` = \'2023-04-08 11:56:30\'
WHERE `pengajuandiscount`.`id` IN (\'10\')', 0)
 2 SYSTEMPATH\Database\BaseConnection.php(693): CodeIgniter\Database\MySQLi\Connection->execute('UPDATE `pengajuandiscount` SET `status_approv_dir` = \'SETUJUI\', `approv_dir` = \'Murod\', `tglapprov_dir` = \'2023-04-08 11:56:30\', `ket_approv_dir` = \'\', `close` = \'Y\', `user` = \'Edit-Murod-08-04-2023 11:56:30\', `updated_at` = \'2023-04-08 11:56:30\'
WHERE `pengajuandiscount`.`id` IN (\'10\')')
 3 SYSTEMPATH\Database\BaseConnection.php(620): CodeIgniter\Database\BaseConnection->simpleQuery('UPDATE `pengajuandiscount` SET `status_approv_dir` = \'SETUJUI\', `approv_dir` = \'Murod\', `tglapprov_dir` = \'2023-04-08 11:56:30\', `ket_approv_dir` = \'\', `close` = \'Y\', `user` = \'Edit-Murod-08-04-2023 11:56:30\', `updated_at` = \'2023-04-08 11:56:30\'
WHERE `pengajuandiscount`.`id` IN (\'10\')')
 4 SYSTEMPATH\Database\BaseBuilder.php(2078): CodeIgniter\Database\BaseConnection->query('UPDATE `pengajuandiscount` SET `status_approv_dir` = :status_approv_dir:, `approv_dir` = :approv_dir:, `tglapprov_dir` = :tglapprov_dir:, `ket_approv_dir` = :ket_approv_dir:, `close` = :close:, `user` = :user:, `updated_at` = :updated_at:
WHERE `pengajuandiscount`.`id` IN :pengajuandiscount.id:', [...], false)
 5 SYSTEMPATH\Model.php(338): CodeIgniter\Database\BaseBuilder->update()
 6 SYSTEMPATH\BaseModel.php(865): CodeIgniter\Model->doUpdate([...], [...])
 7 SYSTEMPATH\Model.php(693): CodeIgniter\BaseModel->update([...], [...])
 8 APPPATH\Controllers\Pengajuandiscount.php(418): CodeIgniter\Model->update('10', [...])
 9 SYSTEMPATH\CodeIgniter.php(904): App\Controllers\Pengajuandiscount->simpanapprov_dir()
10 SYSTEMPATH\CodeIgniter.php(457): CodeIgniter\CodeIgniter->runController(Object(App\Controllers\Pengajuandiscount))
11 SYSTEMPATH\CodeIgniter.php(340): CodeIgniter\CodeIgniter->handleRequest(null, Object(Config\Cache), false)
12 FCPATH\index.php(67): CodeIgniter\CodeIgniter->run()
13 SYSTEMPATH\Commands\Server\rewrite.php(43): require_once('FCPATH\\index.php')
CRITICAL - 2023-04-08 14:06:19 --> Undefined array key "valid"
in APPPATH\Controllers\Memombr.php on line 1108.
 1 APPPATH\Controllers\Memombr.php(1108): CodeIgniter\Debug\Exceptions->errorHandler(2, 'Undefined array key "valid"', 'APPPATH\\Controllers\\Memombr.php', 1108)
 2 SYSTEMPATH\CodeIgniter.php(904): App\Controllers\Memombr->unproses('54')
 3 SYSTEMPATH\CodeIgniter.php(457): CodeIgniter\CodeIgniter->runController(Object(App\Controllers\Memombr))
 4 SYSTEMPATH\CodeIgniter.php(340): CodeIgniter\CodeIgniter->handleRequest(null, Object(Config\Cache), false)
 5 FCPATH\index.php(67): CodeIgniter\CodeIgniter->run()
 6 SYSTEMPATH\Commands\Server\rewrite.php(43): require_once('FCPATH\\index.php')
CRITICAL - 2023-04-08 14:06:22 --> Undefined array key "valid"
in APPPATH\Controllers\Memombr.php on line 1108.
 1 APPPATH\Controllers\Memombr.php(1108): CodeIgniter\Debug\Exceptions->errorHandler(2, 'Undefined array key "valid"', 'APPPATH\\Controllers\\Memombr.php', 1108)
 2 SYSTEMPATH\CodeIgniter.php(904): App\Controllers\Memombr->unproses('54')
 3 SYSTEMPATH\CodeIgniter.php(457): CodeIgniter\CodeIgniter->runController(Object(App\Controllers\Memombr))
 4 SYSTEMPATH\CodeIgniter.php(340): CodeIgniter\CodeIgniter->handleRequest(null, Object(Config\Cache), false)
 5 FCPATH\index.php(67): CodeIgniter\CodeIgniter->run()
 6 SYSTEMPATH\Commands\Server\rewrite.php(43): require_once('FCPATH\\index.php')
CRITICAL - 2023-04-08 14:06:24 --> Undefined array key "valid"
in APPPATH\Controllers\Memombr.php on line 1108.
 1 APPPATH\Controllers\Memombr.php(1108): CodeIgniter\Debug\Exceptions->errorHandler(2, 'Undefined array key "valid"', 'APPPATH\\Controllers\\Memombr.php', 1108)
 2 SYSTEMPATH\CodeIgniter.php(904): App\Controllers\Memombr->unproses('54')
 3 SYSTEMPATH\CodeIgniter.php(457): CodeIgniter\CodeIgniter->runController(Object(App\Controllers\Memombr))
 4 SYSTEMPATH\CodeIgniter.php(340): CodeIgniter\CodeIgniter->handleRequest(null, Object(Config\Cache), false)
 5 FCPATH\index.php(67): CodeIgniter\CodeIgniter->run()
 6 SYSTEMPATH\Commands\Server\rewrite.php(43): require_once('FCPATH\\index.php')
CRITICAL - 2023-04-08 14:06:45 --> Undefined array key "valid"
in APPPATH\Controllers\Memombr.php on line 1109.
 1 APPPATH\Controllers\Memombr.php(1109): CodeIgniter\Debug\Exceptions->errorHandler(2, 'Undefined array key "valid"', 'APPPATH\\Controllers\\Memombr.php', 1109)
 2 SYSTEMPATH\CodeIgniter.php(904): App\Controllers\Memombr->unproses('54')
 3 SYSTEMPATH\CodeIgniter.php(457): CodeIgniter\CodeIgniter->runController(Object(App\Controllers\Memombr))
 4 SYSTEMPATH\CodeIgniter.php(340): CodeIgniter\CodeIgniter->handleRequest(null, Object(Config\Cache), false)
 5 FCPATH\index.php(67): CodeIgniter\CodeIgniter->run()
 6 SYSTEMPATH\Commands\Server\rewrite.php(43): require_once('FCPATH\\index.php')
CRITICAL - 2023-04-08 14:06:50 --> Undefined array key "valid"
in APPPATH\Controllers\Memombr.php on line 1109.
 1 APPPATH\Controllers\Memombr.php(1109): CodeIgniter\Debug\Exceptions->errorHandler(2, 'Undefined array key "valid"', 'APPPATH\\Controllers\\Memombr.php', 1109)
 2 SYSTEMPATH\CodeIgniter.php(904): App\Controllers\Memombr->unproses('54')
 3 SYSTEMPATH\CodeIgniter.php(457): CodeIgniter\CodeIgniter->runController(Object(App\Controllers\Memombr))
 4 SYSTEMPATH\CodeIgniter.php(340): CodeIgniter\CodeIgniter->handleRequest(null, Object(Config\Cache), false)
 5 FCPATH\index.php(67): CodeIgniter\CodeIgniter->run()
 6 SYSTEMPATH\Commands\Server\rewrite.php(43): require_once('FCPATH\\index.php')
