CRITICAL - 2023-06-16 13:49:23 --> Invalid file: close_wo_bp/index.php
in SYSTEMPATH\Exceptions\FrameworkException.php on line 33.
 1 SYSTEMPATH\View\View.php(201): CodeIgniter\Exceptions\FrameworkException::forInvalidFile('close_wo_bp/index.php')
 2 SYSTEMPATH\Common.php(1142): CodeIgniter\View\View->render('close_wo_bp/index', [], true)
 3 APPPATH\Controllers\Close_wo_bp.php(86): view('close_wo_bp/index', [...])
 4 SYSTEMPATH\CodeIgniter.php(904): App\Controllers\Close_wo_bp->index()
 5 SYSTEMPATH\CodeIgniter.php(457): CodeIgniter\CodeIgniter->runController(Object(App\Controllers\Close_wo_bp))
 6 SYSTEMPATH\CodeIgniter.php(340): CodeIgniter\CodeIgniter->handleRequest(null, Object(Config\Cache), false)
 7 FCPATH\index.php(67): CodeIgniter\CodeIgniter->run()
 8 SYSTEMPATH\Commands\Server\rewrite.php(43): require_once('FCPATH\\index.php')
CRITICAL - 2023-06-16 13:51:17 --> Invalid file: close_wo_bp/index.php
in SYSTEMPATH\Exceptions\FrameworkException.php on line 33.
 1 SYSTEMPATH\View\View.php(201): CodeIgniter\Exceptions\FrameworkException::forInvalidFile('close_wo_bp/index.php')
 2 SYSTEMPATH\Common.php(1142): CodeIgniter\View\View->render('close_wo_bp/index', [], true)
 3 APPPATH\Controllers\Close_wo_bp.php(86): view('close_wo_bp/index', [...])
 4 SYSTEMPATH\CodeIgniter.php(904): App\Controllers\Close_wo_bp->index()
 5 SYSTEMPATH\CodeIgniter.php(457): CodeIgniter\CodeIgniter->runController(Object(App\Controllers\Close_wo_bp))
 6 SYSTEMPATH\CodeIgniter.php(340): CodeIgniter\CodeIgniter->handleRequest(null, Object(Config\Cache), false)
 7 FCPATH\index.php(67): CodeIgniter\CodeIgniter->run()
 8 SYSTEMPATH\Commands\Server\rewrite.php(43): require_once('FCPATH\\index.php')
CRITICAL - 2023-06-16 13:54:40 --> Undefined array key "nopolisi"
in APPPATH\Controllers\Close_wo_bp.php on line 686.
 1 APPPATH\Controllers\Close_wo_bp.php(686): CodeIgniter\Debug\Exceptions->errorHandler(2, 'Undefined array key "nopolisi"', 'APPPATH\\Controllers\\Close_wo_bp.php', 686)
 2 SYSTEMPATH\CodeIgniter.php(904): App\Controllers\Close_wo_bp->table_wo_bp()
 3 SYSTEMPATH\CodeIgniter.php(457): CodeIgniter\CodeIgniter->runController(Object(App\Controllers\Close_wo_bp))
 4 SYSTEMPATH\CodeIgniter.php(340): CodeIgniter\CodeIgniter->handleRequest(null, Object(Config\Cache), false)
 5 FCPATH\index.php(67): CodeIgniter\CodeIgniter->run()
 6 SYSTEMPATH\Commands\Server\rewrite.php(43): require_once('FCPATH\\index.php')
CRITICAL - 2023-06-16 14:07:18 --> explode(): Argument #2 ($string) must be of type string, CodeIgniter\HTTP\IncomingRequest given
in APPPATH\Models\Wo_bpModel.php on line 24.
 1 APPPATH\Models\Wo_bpModel.php(24): explode(' ', Object(CodeIgniter\HTTP\IncomingRequest))
 2 APPPATH\Controllers\Close_wo_bp.php(96): App\Models\Wo_bpModel->tampilData(Object(CodeIgniter\HTTP\IncomingRequest), 'ROOTPATH\\public', '0', '10')
 3 SYSTEMPATH\CodeIgniter.php(904): App\Controllers\Close_wo_bp->ajaxLoadData()
 4 SYSTEMPATH\CodeIgniter.php(457): CodeIgniter\CodeIgniter->runController(Object(App\Controllers\Close_wo_bp))
 5 SYSTEMPATH\CodeIgniter.php(340): CodeIgniter\CodeIgniter->handleRequest(null, Object(Config\Cache), false)
 6 FCPATH\index.php(67): CodeIgniter\CodeIgniter->run()
 7 SYSTEMPATH\Commands\Server\rewrite.php(43): require_once('FCPATH\\index.php')
CRITICAL - 2023-06-16 14:07:27 --> explode(): Argument #2 ($string) must be of type string, CodeIgniter\HTTP\IncomingRequest given
in APPPATH\Models\Wo_bpModel.php on line 24.
 1 APPPATH\Models\Wo_bpModel.php(24): explode(' ', Object(CodeIgniter\HTTP\IncomingRequest))
 2 APPPATH\Controllers\Close_wo_bp.php(96): App\Models\Wo_bpModel->tampilData(Object(CodeIgniter\HTTP\IncomingRequest), 'ROOTPATH\\public', '0', '10')
 3 SYSTEMPATH\CodeIgniter.php(904): App\Controllers\Close_wo_bp->ajaxLoadData()
 4 SYSTEMPATH\CodeIgniter.php(457): CodeIgniter\CodeIgniter->runController(Object(App\Controllers\Close_wo_bp))
 5 SYSTEMPATH\CodeIgniter.php(340): CodeIgniter\CodeIgniter->handleRequest(null, Object(Config\Cache), false)
 6 FCPATH\index.php(67): CodeIgniter\CodeIgniter->run()
 7 SYSTEMPATH\Commands\Server\rewrite.php(43): require_once('FCPATH\\index.php')
CRITICAL - 2023-06-16 14:09:14 --> explode(): Argument #2 ($string) must be of type string, CodeIgniter\HTTP\IncomingRequest given
in APPPATH\Models\Wo_bpModel.php on line 24.
 1 APPPATH\Models\Wo_bpModel.php(24): explode(' ', Object(CodeIgniter\HTTP\IncomingRequest))
 2 APPPATH\Controllers\Close_wo_bp.php(96): App\Models\Wo_bpModel->tampilData(Object(CodeIgniter\HTTP\IncomingRequest), 'ROOTPATH\\public', '0', '10')
 3 SYSTEMPATH\CodeIgniter.php(904): App\Controllers\Close_wo_bp->ajaxLoadData()
 4 SYSTEMPATH\CodeIgniter.php(457): CodeIgniter\CodeIgniter->runController(Object(App\Controllers\Close_wo_bp))
 5 SYSTEMPATH\CodeIgniter.php(340): CodeIgniter\CodeIgniter->handleRequest(null, Object(Config\Cache), false)
 6 FCPATH\index.php(67): CodeIgniter\CodeIgniter->run()
 7 SYSTEMPATH\Commands\Server\rewrite.php(43): require_once('FCPATH\\index.php')
CRITICAL - 2023-06-16 14:09:53 --> explode(): Argument #2 ($string) must be of type string, CodeIgniter\HTTP\IncomingRequest given
in APPPATH\Models\Wo_bpModel.php on line 24.
 1 APPPATH\Models\Wo_bpModel.php(24): explode(' ', Object(CodeIgniter\HTTP\IncomingRequest))
 2 APPPATH\Controllers\Close_wo_bp.php(96): App\Models\Wo_bpModel->tampilData(Object(CodeIgniter\HTTP\IncomingRequest), 'ROOTPATH\\public', '0', '10')
 3 SYSTEMPATH\CodeIgniter.php(904): App\Controllers\Close_wo_bp->ajaxLoadData()
 4 SYSTEMPATH\CodeIgniter.php(457): CodeIgniter\CodeIgniter->runController(Object(App\Controllers\Close_wo_bp))
 5 SYSTEMPATH\CodeIgniter.php(340): CodeIgniter\CodeIgniter->handleRequest(null, Object(Config\Cache), false)
 6 FCPATH\index.php(67): CodeIgniter\CodeIgniter->run()
 7 SYSTEMPATH\Commands\Server\rewrite.php(43): require_once('FCPATH\\index.php')
CRITICAL - 2023-06-16 14:10:41 --> explode(): Argument #2 ($string) must be of type string, CodeIgniter\HTTP\IncomingRequest given
in APPPATH\Models\Wo_bpModel.php on line 24.
 1 APPPATH\Models\Wo_bpModel.php(24): explode(' ', Object(CodeIgniter\HTTP\IncomingRequest))
 2 APPPATH\Controllers\Close_wo_bp.php(96): App\Models\Wo_bpModel->tampilData(Object(CodeIgniter\HTTP\IncomingRequest), 'ROOTPATH\\public', '0', '10')
 3 SYSTEMPATH\CodeIgniter.php(904): App\Controllers\Close_wo_bp->ajaxLoadData()
 4 SYSTEMPATH\CodeIgniter.php(457): CodeIgniter\CodeIgniter->runController(Object(App\Controllers\Close_wo_bp))
 5 SYSTEMPATH\CodeIgniter.php(340): CodeIgniter\CodeIgniter->handleRequest(null, Object(Config\Cache), false)
 6 FCPATH\index.php(67): CodeIgniter\CodeIgniter->run()
 7 SYSTEMPATH\Commands\Server\rewrite.php(43): require_once('FCPATH\\index.php')
CRITICAL - 2023-06-16 02:11:07 --> Class "App\Models\Wo_bpModel" not found
in APPPATH\Controllers\Estimasi_bp.php on line 50.
 1 SYSTEMPATH\CodeIgniter.php(866): App\Controllers\Estimasi_bp->__construct()
 2 SYSTEMPATH\CodeIgniter.php(448): CodeIgniter\CodeIgniter->createController()
 3 SYSTEMPATH\CodeIgniter.php(340): CodeIgniter\CodeIgniter->handleRequest(null, Object(Config\Cache), false)
 4 FCPATH\index.php(67): CodeIgniter\CodeIgniter->run()
 5 SYSTEMPATH\Commands\Server\rewrite.php(43): require_once('FCPATH\\index.php')
ERROR - 2023-06-16 15:02:26 --> mysqli_sql_exception: Unknown column 'kode' in 'order clause' in D:\xampp\htdocs\hati\system\Database\MySQLi\Connection.php:292
Stack trace:
#0 D:\xampp\htdocs\hati\system\Database\MySQLi\Connection.php(292): mysqli->query('SELECT *\nFROM `...', 0)
#1 D:\xampp\htdocs\hati\system\Database\BaseConnection.php(693): CodeIgniter\Database\MySQLi\Connection->execute('SELECT *\nFROM `...')
#2 D:\xampp\htdocs\hati\system\Database\BaseConnection.php(620): CodeIgniter\Database\BaseConnection->simpleQuery('SELECT *\nFROM `...')
#3 D:\xampp\htdocs\hati\system\Database\BaseBuilder.php(1585): CodeIgniter\Database\BaseConnection->query('SELECT *\nFROM `...', Array, false)
#4 D:\xampp\htdocs\hati\system\Model.php(772): CodeIgniter\Database\BaseBuilder->get()
#5 D:\xampp\htdocs\hati\app\Models\Wo_bpModel.php(58): CodeIgniter\Model->__call('get', Array)
#6 D:\xampp\htdocs\hati\app\Controllers\Close_wo_bp.php(96): App\Models\Wo_bpModel->tampilData(Object(CodeIgniter\HTTP\IncomingRequest), '1', '0', '10')
#7 D:\xampp\htdocs\hati\system\CodeIgniter.php(904): App\Controllers\Close_wo_bp->ajaxLoadData()
#8 D:\xampp\htdocs\hati\system\CodeIgniter.php(457): CodeIgniter\CodeIgniter->runController(Object(App\Controllers\Close_wo_bp))
#9 D:\xampp\htdocs\hati\system\CodeIgniter.php(340): CodeIgniter\CodeIgniter->handleRequest(NULL, Object(Config\Cache), false)
#10 D:\xampp\htdocs\hati\public\index.php(67): CodeIgniter\CodeIgniter->run()
#11 D:\xampp\htdocs\hati\system\Commands\Server\rewrite.php(43): require_once('D:\\xampp\\htdocs...')
#12 {main}
CRITICAL - 2023-06-16 15:02:26 --> Unknown column 'kode' in 'order clause'
in SYSTEMPATH\Database\MySQLi\Connection.php on line 292.
 1 SYSTEMPATH\Database\MySQLi\Connection.php(292): mysqli->query('SELECT *
FROM `wo_bp`
WHERE `nowo` LIKE \'%1%\' ESCAPE \'!\'
OR  `tanggal` LIKE \'%1%\' ESCAPE \'!\'
OR  `nopolisi` LIKE \'%1%\' ESCAPE \'!\'
OR  `norangka` LIKE \'%1%\' ESCAPE \'!\'
OR  `km` LIKE \'%1%\' ESCAPE \'!\'
OR  `total` LIKE \'%1%\' ESCAPE \'!\'
OR  `user` LIKE \'%1%\' ESCAPE \'!\'
ORDER BY `kode`, `nowo` ASC
 LIMIT 10', 0)
 2 SYSTEMPATH\Database\BaseConnection.php(693): CodeIgniter\Database\MySQLi\Connection->execute('SELECT *
FROM `wo_bp`
WHERE `nowo` LIKE \'%1%\' ESCAPE \'!\'
OR  `tanggal` LIKE \'%1%\' ESCAPE \'!\'
OR  `nopolisi` LIKE \'%1%\' ESCAPE \'!\'
OR  `norangka` LIKE \'%1%\' ESCAPE \'!\'
OR  `km` LIKE \'%1%\' ESCAPE \'!\'
OR  `total` LIKE \'%1%\' ESCAPE \'!\'
OR  `user` LIKE \'%1%\' ESCAPE \'!\'
ORDER BY `kode`, `nowo` ASC
 LIMIT 10')
 3 SYSTEMPATH\Database\BaseConnection.php(620): CodeIgniter\Database\BaseConnection->simpleQuery('SELECT *
FROM `wo_bp`
WHERE `nowo` LIKE \'%1%\' ESCAPE \'!\'
OR  `tanggal` LIKE \'%1%\' ESCAPE \'!\'
OR  `nopolisi` LIKE \'%1%\' ESCAPE \'!\'
OR  `norangka` LIKE \'%1%\' ESCAPE \'!\'
OR  `km` LIKE \'%1%\' ESCAPE \'!\'
OR  `total` LIKE \'%1%\' ESCAPE \'!\'
OR  `user` LIKE \'%1%\' ESCAPE \'!\'
ORDER BY `kode`, `nowo` ASC
 LIMIT 10')
 4 SYSTEMPATH\Database\BaseBuilder.php(1585): CodeIgniter\Database\BaseConnection->query('SELECT *
FROM `wo_bp`
WHERE `nowo` LIKE :nowo: ESCAPE \'!\'
OR  `tanggal` LIKE :tanggal: ESCAPE \'!\'
OR  `nopolisi` LIKE :nopolisi: ESCAPE \'!\'
OR  `norangka` LIKE :norangka: ESCAPE \'!\'
OR  `km` LIKE :km: ESCAPE \'!\'
OR  `total` LIKE :total: ESCAPE \'!\'
OR  `user` LIKE :user: ESCAPE \'!\'
ORDER BY `kode`, `nowo` ASC
 LIMIT 10', [...], false)
 5 SYSTEMPATH\Model.php(772): CodeIgniter\Database\BaseBuilder->get()
 6 APPPATH\Models\Wo_bpModel.php(58): CodeIgniter\Model->__call('get', [])
 7 APPPATH\Controllers\Close_wo_bp.php(96): App\Models\Wo_bpModel->tampilData(Object(CodeIgniter\HTTP\IncomingRequest), '1', '0', '10')
 8 SYSTEMPATH\CodeIgniter.php(904): App\Controllers\Close_wo_bp->ajaxLoadData()
 9 SYSTEMPATH\CodeIgniter.php(457): CodeIgniter\CodeIgniter->runController(Object(App\Controllers\Close_wo_bp))
10 SYSTEMPATH\CodeIgniter.php(340): CodeIgniter\CodeIgniter->handleRequest(null, Object(Config\Cache), false)
11 FCPATH\index.php(67): CodeIgniter\CodeIgniter->run()
12 SYSTEMPATH\Commands\Server\rewrite.php(43): require_once('FCPATH\\index.php')
ERROR - 2023-06-16 15:02:34 --> mysqli_sql_exception: Unknown column 'kode' in 'order clause' in D:\xampp\htdocs\hati\system\Database\MySQLi\Connection.php:292
Stack trace:
#0 D:\xampp\htdocs\hati\system\Database\MySQLi\Connection.php(292): mysqli->query('SELECT *\nFROM `...', 0)
#1 D:\xampp\htdocs\hati\system\Database\BaseConnection.php(693): CodeIgniter\Database\MySQLi\Connection->execute('SELECT *\nFROM `...')
#2 D:\xampp\htdocs\hati\system\Database\BaseConnection.php(620): CodeIgniter\Database\BaseConnection->simpleQuery('SELECT *\nFROM `...')
#3 D:\xampp\htdocs\hati\system\Database\BaseBuilder.php(1585): CodeIgniter\Database\BaseConnection->query('SELECT *\nFROM `...', Array, false)
#4 D:\xampp\htdocs\hati\system\Model.php(772): CodeIgniter\Database\BaseBuilder->get()
#5 D:\xampp\htdocs\hati\app\Models\Wo_bpModel.php(58): CodeIgniter\Model->__call('get', Array)
#6 D:\xampp\htdocs\hati\app\Controllers\Close_wo_bp.php(96): App\Models\Wo_bpModel->tampilData(Object(CodeIgniter\HTTP\IncomingRequest), 'b', '0', '10')
#7 D:\xampp\htdocs\hati\system\CodeIgniter.php(904): App\Controllers\Close_wo_bp->ajaxLoadData()
#8 D:\xampp\htdocs\hati\system\CodeIgniter.php(457): CodeIgniter\CodeIgniter->runController(Object(App\Controllers\Close_wo_bp))
#9 D:\xampp\htdocs\hati\system\CodeIgniter.php(340): CodeIgniter\CodeIgniter->handleRequest(NULL, Object(Config\Cache), false)
#10 D:\xampp\htdocs\hati\public\index.php(67): CodeIgniter\CodeIgniter->run()
#11 D:\xampp\htdocs\hati\system\Commands\Server\rewrite.php(43): require_once('D:\\xampp\\htdocs...')
#12 {main}
CRITICAL - 2023-06-16 15:02:34 --> Unknown column 'kode' in 'order clause'
in SYSTEMPATH\Database\MySQLi\Connection.php on line 292.
 1 SYSTEMPATH\Database\MySQLi\Connection.php(292): mysqli->query('SELECT *
FROM `wo_bp`
WHERE `nowo` LIKE \'%b%\' ESCAPE \'!\'
OR  `tanggal` LIKE \'%b%\' ESCAPE \'!\'
OR  `nopolisi` LIKE \'%b%\' ESCAPE \'!\'
OR  `norangka` LIKE \'%b%\' ESCAPE \'!\'
OR  `km` LIKE \'%b%\' ESCAPE \'!\'
OR  `total` LIKE \'%b%\' ESCAPE \'!\'
OR  `user` LIKE \'%b%\' ESCAPE \'!\'
ORDER BY `kode`, `nowo` ASC
 LIMIT 10', 0)
 2 SYSTEMPATH\Database\BaseConnection.php(693): CodeIgniter\Database\MySQLi\Connection->execute('SELECT *
FROM `wo_bp`
WHERE `nowo` LIKE \'%b%\' ESCAPE \'!\'
OR  `tanggal` LIKE \'%b%\' ESCAPE \'!\'
OR  `nopolisi` LIKE \'%b%\' ESCAPE \'!\'
OR  `norangka` LIKE \'%b%\' ESCAPE \'!\'
OR  `km` LIKE \'%b%\' ESCAPE \'!\'
OR  `total` LIKE \'%b%\' ESCAPE \'!\'
OR  `user` LIKE \'%b%\' ESCAPE \'!\'
ORDER BY `kode`, `nowo` ASC
 LIMIT 10')
 3 SYSTEMPATH\Database\BaseConnection.php(620): CodeIgniter\Database\BaseConnection->simpleQuery('SELECT *
FROM `wo_bp`
WHERE `nowo` LIKE \'%b%\' ESCAPE \'!\'
OR  `tanggal` LIKE \'%b%\' ESCAPE \'!\'
OR  `nopolisi` LIKE \'%b%\' ESCAPE \'!\'
OR  `norangka` LIKE \'%b%\' ESCAPE \'!\'
OR  `km` LIKE \'%b%\' ESCAPE \'!\'
OR  `total` LIKE \'%b%\' ESCAPE \'!\'
OR  `user` LIKE \'%b%\' ESCAPE \'!\'
ORDER BY `kode`, `nowo` ASC
 LIMIT 10')
 4 SYSTEMPATH\Database\BaseBuilder.php(1585): CodeIgniter\Database\BaseConnection->query('SELECT *
FROM `wo_bp`
WHERE `nowo` LIKE :nowo: ESCAPE \'!\'
OR  `tanggal` LIKE :tanggal: ESCAPE \'!\'
OR  `nopolisi` LIKE :nopolisi: ESCAPE \'!\'
OR  `norangka` LIKE :norangka: ESCAPE \'!\'
OR  `km` LIKE :km: ESCAPE \'!\'
OR  `total` LIKE :total: ESCAPE \'!\'
OR  `user` LIKE :user: ESCAPE \'!\'
ORDER BY `kode`, `nowo` ASC
 LIMIT 10', [...], false)
 5 SYSTEMPATH\Model.php(772): CodeIgniter\Database\BaseBuilder->get()
 6 APPPATH\Models\Wo_bpModel.php(58): CodeIgniter\Model->__call('get', [])
 7 APPPATH\Controllers\Close_wo_bp.php(96): App\Models\Wo_bpModel->tampilData(Object(CodeIgniter\HTTP\IncomingRequest), 'b', '0', '10')
 8 SYSTEMPATH\CodeIgniter.php(904): App\Controllers\Close_wo_bp->ajaxLoadData()
 9 SYSTEMPATH\CodeIgniter.php(457): CodeIgniter\CodeIgniter->runController(Object(App\Controllers\Close_wo_bp))
10 SYSTEMPATH\CodeIgniter.php(340): CodeIgniter\CodeIgniter->handleRequest(null, Object(Config\Cache), false)
11 FCPATH\index.php(67): CodeIgniter\CodeIgniter->run()
12 SYSTEMPATH\Commands\Server\rewrite.php(43): require_once('FCPATH\\index.php')
ERROR - 2023-06-16 15:02:53 --> mysqli_sql_exception: Unknown column 'kode' in 'order clause' in D:\xampp\htdocs\hati\system\Database\MySQLi\Connection.php:292
Stack trace:
#0 D:\xampp\htdocs\hati\system\Database\MySQLi\Connection.php(292): mysqli->query('SELECT *\nFROM `...', 0)
#1 D:\xampp\htdocs\hati\system\Database\BaseConnection.php(693): CodeIgniter\Database\MySQLi\Connection->execute('SELECT *\nFROM `...')
#2 D:\xampp\htdocs\hati\system\Database\BaseConnection.php(620): CodeIgniter\Database\BaseConnection->simpleQuery('SELECT *\nFROM `...')
#3 D:\xampp\htdocs\hati\system\Database\BaseBuilder.php(1585): CodeIgniter\Database\BaseConnection->query('SELECT *\nFROM `...', Array, false)
#4 D:\xampp\htdocs\hati\system\Model.php(772): CodeIgniter\Database\BaseBuilder->get()
#5 D:\xampp\htdocs\hati\app\Models\Wo_bpModel.php(58): CodeIgniter\Model->__call('get', Array)
#6 D:\xampp\htdocs\hati\app\Controllers\Close_wo_bp.php(96): App\Models\Wo_bpModel->tampilData(Object(CodeIgniter\HTTP\IncomingRequest), 'b', '0', '10')
#7 D:\xampp\htdocs\hati\system\CodeIgniter.php(904): App\Controllers\Close_wo_bp->ajaxLoadData()
#8 D:\xampp\htdocs\hati\system\CodeIgniter.php(457): CodeIgniter\CodeIgniter->runController(Object(App\Controllers\Close_wo_bp))
#9 D:\xampp\htdocs\hati\system\CodeIgniter.php(340): CodeIgniter\CodeIgniter->handleRequest(NULL, Object(Config\Cache), false)
#10 D:\xampp\htdocs\hati\public\index.php(67): CodeIgniter\CodeIgniter->run()
#11 D:\xampp\htdocs\hati\system\Commands\Server\rewrite.php(43): require_once('D:\\xampp\\htdocs...')
#12 {main}
CRITICAL - 2023-06-16 15:02:53 --> Unknown column 'kode' in 'order clause'
in SYSTEMPATH\Database\MySQLi\Connection.php on line 292.
 1 SYSTEMPATH\Database\MySQLi\Connection.php(292): mysqli->query('SELECT *
FROM `wo_bp`
WHERE `nowo` LIKE \'%b%\' ESCAPE \'!\'
OR  `tanggal` LIKE \'%b%\' ESCAPE \'!\'
OR  `nopolisi` LIKE \'%b%\' ESCAPE \'!\'
OR  `norangka` LIKE \'%b%\' ESCAPE \'!\'
OR  `km` LIKE \'%b%\' ESCAPE \'!\'
OR  `total` LIKE \'%b%\' ESCAPE \'!\'
OR  `user` LIKE \'%b%\' ESCAPE \'!\'
ORDER BY `kode`, `nowo` ASC
 LIMIT 10', 0)
 2 SYSTEMPATH\Database\BaseConnection.php(693): CodeIgniter\Database\MySQLi\Connection->execute('SELECT *
FROM `wo_bp`
WHERE `nowo` LIKE \'%b%\' ESCAPE \'!\'
OR  `tanggal` LIKE \'%b%\' ESCAPE \'!\'
OR  `nopolisi` LIKE \'%b%\' ESCAPE \'!\'
OR  `norangka` LIKE \'%b%\' ESCAPE \'!\'
OR  `km` LIKE \'%b%\' ESCAPE \'!\'
OR  `total` LIKE \'%b%\' ESCAPE \'!\'
OR  `user` LIKE \'%b%\' ESCAPE \'!\'
ORDER BY `kode`, `nowo` ASC
 LIMIT 10')
 3 SYSTEMPATH\Database\BaseConnection.php(620): CodeIgniter\Database\BaseConnection->simpleQuery('SELECT *
FROM `wo_bp`
WHERE `nowo` LIKE \'%b%\' ESCAPE \'!\'
OR  `tanggal` LIKE \'%b%\' ESCAPE \'!\'
OR  `nopolisi` LIKE \'%b%\' ESCAPE \'!\'
OR  `norangka` LIKE \'%b%\' ESCAPE \'!\'
OR  `km` LIKE \'%b%\' ESCAPE \'!\'
OR  `total` LIKE \'%b%\' ESCAPE \'!\'
OR  `user` LIKE \'%b%\' ESCAPE \'!\'
ORDER BY `kode`, `nowo` ASC
 LIMIT 10')
 4 SYSTEMPATH\Database\BaseBuilder.php(1585): CodeIgniter\Database\BaseConnection->query('SELECT *
FROM `wo_bp`
WHERE `nowo` LIKE :nowo: ESCAPE \'!\'
OR  `tanggal` LIKE :tanggal: ESCAPE \'!\'
OR  `nopolisi` LIKE :nopolisi: ESCAPE \'!\'
OR  `norangka` LIKE :norangka: ESCAPE \'!\'
OR  `km` LIKE :km: ESCAPE \'!\'
OR  `total` LIKE :total: ESCAPE \'!\'
OR  `user` LIKE :user: ESCAPE \'!\'
ORDER BY `kode`, `nowo` ASC
 LIMIT 10', [...], false)
 5 SYSTEMPATH\Model.php(772): CodeIgniter\Database\BaseBuilder->get()
 6 APPPATH\Models\Wo_bpModel.php(58): CodeIgniter\Model->__call('get', [])
 7 APPPATH\Controllers\Close_wo_bp.php(96): App\Models\Wo_bpModel->tampilData(Object(CodeIgniter\HTTP\IncomingRequest), 'b', '0', '10')
 8 SYSTEMPATH\CodeIgniter.php(904): App\Controllers\Close_wo_bp->ajaxLoadData()
 9 SYSTEMPATH\CodeIgniter.php(457): CodeIgniter\CodeIgniter->runController(Object(App\Controllers\Close_wo_bp))
10 SYSTEMPATH\CodeIgniter.php(340): CodeIgniter\CodeIgniter->handleRequest(null, Object(Config\Cache), false)
11 FCPATH\index.php(67): CodeIgniter\CodeIgniter->run()
12 SYSTEMPATH\Commands\Server\rewrite.php(43): require_once('FCPATH\\index.php')
CRITICAL - 2023-06-16 16:30:57 --> There is no data to update.
in SYSTEMPATH\BaseModel.php on line 846.
 1 SYSTEMPATH\BaseModel.php(846): CodeIgniter\Database\Exceptions\DataException::forEmptyDataset('update')
 2 SYSTEMPATH\Model.php(693): CodeIgniter\BaseModel->update([...], [])
 3 APPPATH\Controllers\Estimasi_bp.php(2350): CodeIgniter\Model->update('23', [...])
 4 SYSTEMPATH\CodeIgniter.php(904): App\Controllers\Estimasi_bp->proses_wo_bp()
 5 SYSTEMPATH\CodeIgniter.php(457): CodeIgniter\CodeIgniter->runController(Object(App\Controllers\Estimasi_bp))
 6 SYSTEMPATH\CodeIgniter.php(340): CodeIgniter\CodeIgniter->handleRequest(null, Object(Config\Cache), false)
 7 FCPATH\index.php(67): CodeIgniter\CodeIgniter->run()
 8 SYSTEMPATH\Commands\Server\rewrite.php(43): require_once('FCPATH\\index.php')
