CRITICAL - 2023-06-17 09:58:24 --> Undefined variable $kodecustomer
in APPPATH\Views\tbmekanik\modaltambah.php on line 40.
 1 APPPATH\Views\tbmekanik\modaltambah.php(40): CodeIgniter\Debug\Exceptions->errorHandler(2, 'Undefined variable $kodecustomer', 'APPPATH\\Views\\tbmekanik\\modaltambah.php', 40)
 2 SYSTEMPATH\View\View.php(213): include('APPPATH\\Views\\tbmekanik\\modaltambah.php')
 3 SYSTEMPATH\View\View.php(216): CodeIgniter\View\View->CodeIgniter\View\{closure}()
 4 SYSTEMPATH\Common.php(1142): CodeIgniter\View\View->render('tbmekanik/modaltambah', [], true)
 5 APPPATH\Controllers\Tbmekanik.php(82): view('tbmekanik/modaltambah', [...])
 6 SYSTEMPATH\CodeIgniter.php(904): App\Controllers\Tbmekanik->formtambah()
 7 SYSTEMPATH\CodeIgniter.php(457): CodeIgniter\CodeIgniter->runController(Object(App\Controllers\Tbmekanik))
 8 SYSTEMPATH\CodeIgniter.php(340): CodeIgniter\CodeIgniter->handleRequest(null, Object(Config\Cache), false)
 9 FCPATH\index.php(67): CodeIgniter\CodeIgniter->run()
10 SYSTEMPATH\Commands\Server\rewrite.php(43): require_once('FCPATH\\index.php')
ERROR - 2023-06-17 10:15:08 --> mysqli_sql_exception: Column 'kode_h3s' cannot be null in D:\xampp\htdocs\hati\system\Database\MySQLi\Connection.php:292
Stack trace:
#0 D:\xampp\htdocs\hati\system\Database\MySQLi\Connection.php(292): mysqli->query('INSERT INTO `tb...', 0)
#1 D:\xampp\htdocs\hati\system\Database\BaseConnection.php(693): CodeIgniter\Database\MySQLi\Connection->execute('INSERT INTO `tb...')
#2 D:\xampp\htdocs\hati\system\Database\BaseConnection.php(620): CodeIgniter\Database\BaseConnection->simpleQuery('INSERT INTO `tb...')
#3 D:\xampp\htdocs\hati\system\Database\BaseBuilder.php(1916): CodeIgniter\Database\BaseConnection->query('INSERT INTO `tb...', Array, false)
#4 D:\xampp\htdocs\hati\system\Model.php(279): CodeIgniter\Database\BaseBuilder->insert()
#5 D:\xampp\htdocs\hati\system\BaseModel.php(738): CodeIgniter\Model->doInsert(Array)
#6 D:\xampp\htdocs\hati\system\Model.php(667): CodeIgniter\BaseModel->insert(Array, true)
#7 D:\xampp\htdocs\hati\app\Controllers\Tbmekanik.php(160): CodeIgniter\Model->insert(Array)
#8 D:\xampp\htdocs\hati\system\CodeIgniter.php(904): App\Controllers\Tbmekanik->simpandata()
#9 D:\xampp\htdocs\hati\system\CodeIgniter.php(457): CodeIgniter\CodeIgniter->runController(Object(App\Controllers\Tbmekanik))
#10 D:\xampp\htdocs\hati\system\CodeIgniter.php(340): CodeIgniter\CodeIgniter->handleRequest(NULL, Object(Config\Cache), false)
#11 D:\xampp\htdocs\hati\public\index.php(67): CodeIgniter\CodeIgniter->run()
#12 D:\xampp\htdocs\hati\system\Commands\Server\rewrite.php(43): require_once('D:\\xampp\\htdocs...')
#13 {main}
CRITICAL - 2023-06-17 10:15:08 --> Column 'kode_h3s' cannot be null
in SYSTEMPATH\Database\MySQLi\Connection.php on line 292.
 1 SYSTEMPATH\Database\MySQLi\Connection.php(292): mysqli->query('INSERT INTO `tbmekanik` (`kode`, `kode_h3s`, `nama`, `alamat`, `kelurahan`, `kecamatan`, `kota`, `provinsi`, `kodepos`, `telp1`, `aktif`, `tgl_register`, `user`, `created_at`, `updated_at`) VALUES (\'MK20230600001\', NULL, \'ASAS\', \'\', \'\', \'\', \'\', \'\', \'\', \'\', \'N\', \'2023-06-17\', \'Edit-Murod-17-06-2023 10:15:08\', \'2023-06-17 10:15:08\', \'2023-06-17 10:15:08\')', 0)
 2 SYSTEMPATH\Database\BaseConnection.php(693): CodeIgniter\Database\MySQLi\Connection->execute('INSERT INTO `tbmekanik` (`kode`, `kode_h3s`, `nama`, `alamat`, `kelurahan`, `kecamatan`, `kota`, `provinsi`, `kodepos`, `telp1`, `aktif`, `tgl_register`, `user`, `created_at`, `updated_at`) VALUES (\'MK20230600001\', NULL, \'ASAS\', \'\', \'\', \'\', \'\', \'\', \'\', \'\', \'N\', \'2023-06-17\', \'Edit-Murod-17-06-2023 10:15:08\', \'2023-06-17 10:15:08\', \'2023-06-17 10:15:08\')')
 3 SYSTEMPATH\Database\BaseConnection.php(620): CodeIgniter\Database\BaseConnection->simpleQuery('INSERT INTO `tbmekanik` (`kode`, `kode_h3s`, `nama`, `alamat`, `kelurahan`, `kecamatan`, `kota`, `provinsi`, `kodepos`, `telp1`, `aktif`, `tgl_register`, `user`, `created_at`, `updated_at`) VALUES (\'MK20230600001\', NULL, \'ASAS\', \'\', \'\', \'\', \'\', \'\', \'\', \'\', \'N\', \'2023-06-17\', \'Edit-Murod-17-06-2023 10:15:08\', \'2023-06-17 10:15:08\', \'2023-06-17 10:15:08\')')
 4 SYSTEMPATH\Database\BaseBuilder.php(1916): CodeIgniter\Database\BaseConnection->query('INSERT INTO `tbmekanik` (`kode`, `kode_h3s`, `nama`, `alamat`, `kelurahan`, `kecamatan`, `kota`, `provinsi`, `kodepos`, `telp1`, `aktif`, `tgl_register`, `user`, `created_at`, `updated_at`) VALUES (:kode:, :kode_h3s:, :nama:, :alamat:, :kelurahan:, :kecamatan:, :kota:, :provinsi:, :kodepos:, :telp1:, :aktif:, :tgl_register:, :user:, :created_at:, :updated_at:)', [...], false)
 5 SYSTEMPATH\Model.php(279): CodeIgniter\Database\BaseBuilder->insert()
 6 SYSTEMPATH\BaseModel.php(738): CodeIgniter\Model->doInsert([...])
 7 SYSTEMPATH\Model.php(667): CodeIgniter\BaseModel->insert([...], true)
 8 APPPATH\Controllers\Tbmekanik.php(160): CodeIgniter\Model->insert([...])
 9 SYSTEMPATH\CodeIgniter.php(904): App\Controllers\Tbmekanik->simpandata()
10 SYSTEMPATH\CodeIgniter.php(457): CodeIgniter\CodeIgniter->runController(Object(App\Controllers\Tbmekanik))
11 SYSTEMPATH\CodeIgniter.php(340): CodeIgniter\CodeIgniter->handleRequest(null, Object(Config\Cache), false)
12 FCPATH\index.php(67): CodeIgniter\CodeIgniter->run()
13 SYSTEMPATH\Commands\Server\rewrite.php(43): require_once('FCPATH\\index.php')
CRITICAL - 2023-06-17 11:30:05 --> Invalid file: part_br/index.php
in SYSTEMPATH\Exceptions\FrameworkException.php on line 33.
 1 SYSTEMPATH\View\View.php(201): CodeIgniter\Exceptions\FrameworkException::forInvalidFile('part_br/index.php')
 2 SYSTEMPATH\Common.php(1142): CodeIgniter\View\View->render('part_br/index', [], true)
 3 APPPATH\Controllers\Part_br.php(86): view('part_br/index', [...])
 4 SYSTEMPATH\CodeIgniter.php(904): App\Controllers\Part_br->index()
 5 SYSTEMPATH\CodeIgniter.php(457): CodeIgniter\CodeIgniter->runController(Object(App\Controllers\Part_br))
 6 SYSTEMPATH\CodeIgniter.php(340): CodeIgniter\CodeIgniter->handleRequest(null, Object(Config\Cache), false)
 7 FCPATH\index.php(67): CodeIgniter\CodeIgniter->run()
 8 SYSTEMPATH\Commands\Server\rewrite.php(43): require_once('FCPATH\\index.php')
CRITICAL - 2023-06-17 11:43:57 --> Invalid file: part_bp/index.php
in SYSTEMPATH\Exceptions\FrameworkException.php on line 33.
 1 SYSTEMPATH\View\View.php(201): CodeIgniter\Exceptions\FrameworkException::forInvalidFile('part_bp/index.php')
 2 SYSTEMPATH\Common.php(1142): CodeIgniter\View\View->render('part_bp/index', [], true)
 3 APPPATH\Controllers\Part_bp.php(86): view('part_bp/index', [...])
 4 SYSTEMPATH\CodeIgniter.php(904): App\Controllers\Part_bp->index()
 5 SYSTEMPATH\CodeIgniter.php(457): CodeIgniter\CodeIgniter->runController(Object(App\Controllers\Part_bp))
 6 SYSTEMPATH\CodeIgniter.php(340): CodeIgniter\CodeIgniter->handleRequest(null, Object(Config\Cache), false)
 7 FCPATH\index.php(67): CodeIgniter\CodeIgniter->run()
 8 SYSTEMPATH\Commands\Server\rewrite.php(43): require_once('FCPATH\\index.php')
CRITICAL - 2023-06-17 12:16:50 --> Trying to access array offset on value of type null
in APPPATH\Controllers\Part_bp.php on line 140.
 1 APPPATH\Controllers\Part_bp.php(140): CodeIgniter\Debug\Exceptions->errorHandler(2, 'Trying to access array offset on value of type null', 'APPPATH\\Controllers\\Part_bp.php', 140)
 2 SYSTEMPATH\CodeIgniter.php(904): App\Controllers\Part_bp->input_part_bp()
 3 SYSTEMPATH\CodeIgniter.php(457): CodeIgniter\CodeIgniter->runController(Object(App\Controllers\Part_bp))
 4 SYSTEMPATH\CodeIgniter.php(340): CodeIgniter\CodeIgniter->handleRequest(null, Object(Config\Cache), false)
 5 FCPATH\index.php(67): CodeIgniter\CodeIgniter->run()
 6 SYSTEMPATH\Commands\Server\rewrite.php(43): require_once('FCPATH\\index.php')
CRITICAL - 2023-06-17 12:18:27 --> Invalid file: part_bp/input_part_bp.php
in SYSTEMPATH\Exceptions\FrameworkException.php on line 33.
 1 SYSTEMPATH\View\View.php(201): CodeIgniter\Exceptions\FrameworkException::forInvalidFile('part_bp/input_part_bp.php')
 2 SYSTEMPATH\Common.php(1142): CodeIgniter\View\View->render('part_bp/input_part_bp', [], true)
 3 APPPATH\Controllers\Part_bp.php(147): view('part_bp/input_part_bp', [...])
 4 SYSTEMPATH\CodeIgniter.php(904): App\Controllers\Part_bp->input_part_bp()
 5 SYSTEMPATH\CodeIgniter.php(457): CodeIgniter\CodeIgniter->runController(Object(App\Controllers\Part_bp))
 6 SYSTEMPATH\CodeIgniter.php(340): CodeIgniter\CodeIgniter->handleRequest(null, Object(Config\Cache), false)
 7 FCPATH\index.php(67): CodeIgniter\CodeIgniter->run()
 8 SYSTEMPATH\Commands\Server\rewrite.php(43): require_once('FCPATH\\index.php')
CRITICAL - 2023-06-17 12:18:36 --> Invalid file: part_bp/input_part_bp.php
in SYSTEMPATH\Exceptions\FrameworkException.php on line 33.
 1 SYSTEMPATH\View\View.php(201): CodeIgniter\Exceptions\FrameworkException::forInvalidFile('part_bp/input_part_bp.php')
 2 SYSTEMPATH\Common.php(1142): CodeIgniter\View\View->render('part_bp/input_part_bp', [], true)
 3 APPPATH\Controllers\Part_bp.php(147): view('part_bp/input_part_bp', [...])
 4 SYSTEMPATH\CodeIgniter.php(904): App\Controllers\Part_bp->input_part_bp()
 5 SYSTEMPATH\CodeIgniter.php(457): CodeIgniter\CodeIgniter->runController(Object(App\Controllers\Part_bp))
 6 SYSTEMPATH\CodeIgniter.php(340): CodeIgniter\CodeIgniter->handleRequest(null, Object(Config\Cache), false)
 7 FCPATH\index.php(67): CodeIgniter\CodeIgniter->run()
 8 SYSTEMPATH\Commands\Server\rewrite.php(43): require_once('FCPATH\\index.php')
CRITICAL - 2023-06-17 12:21:34 --> Undefined variable $tbmobil
in APPPATH\Views\part_bp\input_part_bp.php on line 50.
 1 APPPATH\Views\part_bp\input_part_bp.php(50): CodeIgniter\Debug\Exceptions->errorHandler(2, 'Undefined variable $tbmobil', 'APPPATH\\Views\\part_bp\\input_part_bp.php', 50)
 2 SYSTEMPATH\View\View.php(213): include('APPPATH\\Views\\part_bp\\input_part_bp.php')
 3 SYSTEMPATH\View\View.php(216): CodeIgniter\View\View->CodeIgniter\View\{closure}()
 4 SYSTEMPATH\Common.php(1142): CodeIgniter\View\View->render('part_bp/input_part_bp', [], true)
 5 APPPATH\Controllers\Part_bp.php(147): view('part_bp/input_part_bp', [...])
 6 SYSTEMPATH\CodeIgniter.php(904): App\Controllers\Part_bp->input_part_bp()
 7 SYSTEMPATH\CodeIgniter.php(457): CodeIgniter\CodeIgniter->runController(Object(App\Controllers\Part_bp))
 8 SYSTEMPATH\CodeIgniter.php(340): CodeIgniter\CodeIgniter->handleRequest(null, Object(Config\Cache), false)
 9 FCPATH\index.php(67): CodeIgniter\CodeIgniter->run()
10 SYSTEMPATH\Commands\Server\rewrite.php(43): require_once('FCPATH\\index.php')
CRITICAL - 2023-06-17 12:22:01 --> Undefined variable $tbmobil
in APPPATH\Views\part_bp\input_part_bp.php on line 50.
 1 APPPATH\Views\part_bp\input_part_bp.php(50): CodeIgniter\Debug\Exceptions->errorHandler(2, 'Undefined variable $tbmobil', 'APPPATH\\Views\\part_bp\\input_part_bp.php', 50)
 2 SYSTEMPATH\View\View.php(213): include('APPPATH\\Views\\part_bp\\input_part_bp.php')
 3 SYSTEMPATH\View\View.php(216): CodeIgniter\View\View->CodeIgniter\View\{closure}()
 4 SYSTEMPATH\Common.php(1142): CodeIgniter\View\View->render('part_bp/input_part_bp', [], true)
 5 APPPATH\Controllers\Part_bp.php(147): view('part_bp/input_part_bp', [...])
 6 SYSTEMPATH\CodeIgniter.php(904): App\Controllers\Part_bp->input_part_bp()
 7 SYSTEMPATH\CodeIgniter.php(457): CodeIgniter\CodeIgniter->runController(Object(App\Controllers\Part_bp))
 8 SYSTEMPATH\CodeIgniter.php(340): CodeIgniter\CodeIgniter->handleRequest(null, Object(Config\Cache), false)
 9 FCPATH\index.php(67): CodeIgniter\CodeIgniter->run()
10 SYSTEMPATH\Commands\Server\rewrite.php(43): require_once('FCPATH\\index.php')
CRITICAL - 2023-06-17 12:22:08 --> Undefined variable $tbmobil
in APPPATH\Views\part_bp\input_part_bp.php on line 50.
 1 APPPATH\Views\part_bp\input_part_bp.php(50): CodeIgniter\Debug\Exceptions->errorHandler(2, 'Undefined variable $tbmobil', 'APPPATH\\Views\\part_bp\\input_part_bp.php', 50)
 2 SYSTEMPATH\View\View.php(213): include('APPPATH\\Views\\part_bp\\input_part_bp.php')
 3 SYSTEMPATH\View\View.php(216): CodeIgniter\View\View->CodeIgniter\View\{closure}()
 4 SYSTEMPATH\Common.php(1142): CodeIgniter\View\View->render('part_bp/input_part_bp', [], true)
 5 APPPATH\Controllers\Part_bp.php(147): view('part_bp/input_part_bp', [...])
 6 SYSTEMPATH\CodeIgniter.php(904): App\Controllers\Part_bp->input_part_bp()
 7 SYSTEMPATH\CodeIgniter.php(457): CodeIgniter\CodeIgniter->runController(Object(App\Controllers\Part_bp))
 8 SYSTEMPATH\CodeIgniter.php(340): CodeIgniter\CodeIgniter->handleRequest(null, Object(Config\Cache), false)
 9 FCPATH\index.php(67): CodeIgniter\CodeIgniter->run()
10 SYSTEMPATH\Commands\Server\rewrite.php(43): require_once('FCPATH\\index.php')
CRITICAL - 2023-06-17 12:23:45 --> Undefined variable $tbmobil
in APPPATH\Views\part_bp\input_part_bp.php on line 50.
 1 APPPATH\Views\part_bp\input_part_bp.php(50): CodeIgniter\Debug\Exceptions->errorHandler(2, 'Undefined variable $tbmobil', 'APPPATH\\Views\\part_bp\\input_part_bp.php', 50)
 2 SYSTEMPATH\View\View.php(213): include('APPPATH\\Views\\part_bp\\input_part_bp.php')
 3 SYSTEMPATH\View\View.php(216): CodeIgniter\View\View->CodeIgniter\View\{closure}()
 4 SYSTEMPATH\Common.php(1142): CodeIgniter\View\View->render('part_bp/input_part_bp', [], true)
 5 APPPATH\Controllers\Part_bp.php(147): view('part_bp/input_part_bp', [...])
 6 SYSTEMPATH\CodeIgniter.php(904): App\Controllers\Part_bp->input_part_bp()
 7 SYSTEMPATH\CodeIgniter.php(457): CodeIgniter\CodeIgniter->runController(Object(App\Controllers\Part_bp))
 8 SYSTEMPATH\CodeIgniter.php(340): CodeIgniter\CodeIgniter->handleRequest(null, Object(Config\Cache), false)
 9 FCPATH\index.php(67): CodeIgniter\CodeIgniter->run()
10 SYSTEMPATH\Commands\Server\rewrite.php(43): require_once('FCPATH\\index.php')
CRITICAL - 2023-06-17 12:24:00 --> Undefined variable $tbmobil
in APPPATH\Views\part_bp\input_part_bp.php on line 50.
 1 APPPATH\Views\part_bp\input_part_bp.php(50): CodeIgniter\Debug\Exceptions->errorHandler(2, 'Undefined variable $tbmobil', 'APPPATH\\Views\\part_bp\\input_part_bp.php', 50)
 2 SYSTEMPATH\View\View.php(213): include('APPPATH\\Views\\part_bp\\input_part_bp.php')
 3 SYSTEMPATH\View\View.php(216): CodeIgniter\View\View->CodeIgniter\View\{closure}()
 4 SYSTEMPATH\Common.php(1142): CodeIgniter\View\View->render('part_bp/input_part_bp', [], true)
 5 APPPATH\Controllers\Part_bp.php(147): view('part_bp/input_part_bp', [...])
 6 SYSTEMPATH\CodeIgniter.php(904): App\Controllers\Part_bp->input_part_bp()
 7 SYSTEMPATH\CodeIgniter.php(457): CodeIgniter\CodeIgniter->runController(Object(App\Controllers\Part_bp))
 8 SYSTEMPATH\CodeIgniter.php(340): CodeIgniter\CodeIgniter->handleRequest(null, Object(Config\Cache), false)
 9 FCPATH\index.php(67): CodeIgniter\CodeIgniter->run()
10 SYSTEMPATH\Commands\Server\rewrite.php(43): require_once('FCPATH\\index.php')
CRITICAL - 2023-06-17 13:51:58 --> Undefined variable $tbmobil
in APPPATH\Views\part_bp\input_part_bp.php on line 45.
 1 APPPATH\Views\part_bp\input_part_bp.php(45): CodeIgniter\Debug\Exceptions->errorHandler(2, 'Undefined variable $tbmobil', 'APPPATH\\Views\\part_bp\\input_part_bp.php', 45)
 2 SYSTEMPATH\View\View.php(213): include('APPPATH\\Views\\part_bp\\input_part_bp.php')
 3 SYSTEMPATH\View\View.php(216): CodeIgniter\View\View->CodeIgniter\View\{closure}()
 4 SYSTEMPATH\Common.php(1142): CodeIgniter\View\View->render('part_bp/input_part_bp', [], true)
 5 APPPATH\Controllers\Part_bp.php(146): view('part_bp/input_part_bp', [...])
 6 SYSTEMPATH\CodeIgniter.php(904): App\Controllers\Part_bp->input_part_bp()
 7 SYSTEMPATH\CodeIgniter.php(457): CodeIgniter\CodeIgniter->runController(Object(App\Controllers\Part_bp))
 8 SYSTEMPATH\CodeIgniter.php(340): CodeIgniter\CodeIgniter->handleRequest(null, Object(Config\Cache), false)
 9 FCPATH\index.php(67): CodeIgniter\CodeIgniter->run()
10 SYSTEMPATH\Commands\Server\rewrite.php(43): require_once('FCPATH\\index.php')
CRITICAL - 2023-06-17 13:52:14 --> Undefined variable $tbmobil
in APPPATH\Views\part_bp\input_part_bp.php on line 45.
 1 APPPATH\Views\part_bp\input_part_bp.php(45): CodeIgniter\Debug\Exceptions->errorHandler(2, 'Undefined variable $tbmobil', 'APPPATH\\Views\\part_bp\\input_part_bp.php', 45)
 2 SYSTEMPATH\View\View.php(213): include('APPPATH\\Views\\part_bp\\input_part_bp.php')
 3 SYSTEMPATH\View\View.php(216): CodeIgniter\View\View->CodeIgniter\View\{closure}()
 4 SYSTEMPATH\Common.php(1142): CodeIgniter\View\View->render('part_bp/input_part_bp', [], true)
 5 APPPATH\Controllers\Part_bp.php(146): view('part_bp/input_part_bp', [...])
 6 SYSTEMPATH\CodeIgniter.php(904): App\Controllers\Part_bp->input_part_bp()
 7 SYSTEMPATH\CodeIgniter.php(457): CodeIgniter\CodeIgniter->runController(Object(App\Controllers\Part_bp))
 8 SYSTEMPATH\CodeIgniter.php(340): CodeIgniter\CodeIgniter->handleRequest(null, Object(Config\Cache), false)
 9 FCPATH\index.php(67): CodeIgniter\CodeIgniter->run()
10 SYSTEMPATH\Commands\Server\rewrite.php(43): require_once('FCPATH\\index.php')
CRITICAL - 2023-06-17 13:52:17 --> Undefined variable $tbmobil
in APPPATH\Views\part_bp\input_part_bp.php on line 45.
 1 APPPATH\Views\part_bp\input_part_bp.php(45): CodeIgniter\Debug\Exceptions->errorHandler(2, 'Undefined variable $tbmobil', 'APPPATH\\Views\\part_bp\\input_part_bp.php', 45)
 2 SYSTEMPATH\View\View.php(213): include('APPPATH\\Views\\part_bp\\input_part_bp.php')
 3 SYSTEMPATH\View\View.php(216): CodeIgniter\View\View->CodeIgniter\View\{closure}()
 4 SYSTEMPATH\Common.php(1142): CodeIgniter\View\View->render('part_bp/input_part_bp', [], true)
 5 APPPATH\Controllers\Part_bp.php(146): view('part_bp/input_part_bp', [...])
 6 SYSTEMPATH\CodeIgniter.php(904): App\Controllers\Part_bp->input_part_bp()
 7 SYSTEMPATH\CodeIgniter.php(457): CodeIgniter\CodeIgniter->runController(Object(App\Controllers\Part_bp))
 8 SYSTEMPATH\CodeIgniter.php(340): CodeIgniter\CodeIgniter->handleRequest(null, Object(Config\Cache), false)
 9 FCPATH\index.php(67): CodeIgniter\CodeIgniter->run()
10 SYSTEMPATH\Commands\Server\rewrite.php(43): require_once('FCPATH\\index.php')
CRITICAL - 2023-06-17 14:45:58 --> Call to a member function where() on null
in APPPATH\Controllers\Estimasi_bp.php on line 2273.
 1 SYSTEMPATH\CodeIgniter.php(904): App\Controllers\Estimasi_bp->caridatamekanik()
 2 SYSTEMPATH\CodeIgniter.php(457): CodeIgniter\CodeIgniter->runController(Object(App\Controllers\Estimasi_bp))
 3 SYSTEMPATH\CodeIgniter.php(340): CodeIgniter\CodeIgniter->handleRequest(null, Object(Config\Cache), false)
 4 FCPATH\index.php(67): CodeIgniter\CodeIgniter->run()
 5 SYSTEMPATH\Commands\Server\rewrite.php(43): require_once('FCPATH\\index.php')
CRITICAL - 2023-06-17 14:46:47 --> Call to a member function where() on null
in APPPATH\Controllers\Estimasi_bp.php on line 2273.
 1 SYSTEMPATH\CodeIgniter.php(904): App\Controllers\Estimasi_bp->caridatamekanik()
 2 SYSTEMPATH\CodeIgniter.php(457): CodeIgniter\CodeIgniter->runController(Object(App\Controllers\Estimasi_bp))
 3 SYSTEMPATH\CodeIgniter.php(340): CodeIgniter\CodeIgniter->handleRequest(null, Object(Config\Cache), false)
 4 FCPATH\index.php(67): CodeIgniter\CodeIgniter->run()
 5 SYSTEMPATH\Commands\Server\rewrite.php(43): require_once('FCPATH\\index.php')
CRITICAL - 2023-06-17 14:50:41 --> Invalid file: estimasi_bp/modalcarimekanik.php
in SYSTEMPATH\Exceptions\FrameworkException.php on line 33.
 1 SYSTEMPATH\View\View.php(201): CodeIgniter\Exceptions\FrameworkException::forInvalidFile('estimasi_bp/modalcarimekanik.php')
 2 SYSTEMPATH\Common.php(1142): CodeIgniter\View\View->render('estimasi_bp/modalcarimekanik', [], true)
 3 APPPATH\Controllers\Estimasi_bp.php(2277): view('estimasi_bp/modalcarimekanik', [...])
 4 SYSTEMPATH\CodeIgniter.php(904): App\Controllers\Estimasi_bp->caridatamekanik()
 5 SYSTEMPATH\CodeIgniter.php(457): CodeIgniter\CodeIgniter->runController(Object(App\Controllers\Estimasi_bp))
 6 SYSTEMPATH\CodeIgniter.php(340): CodeIgniter\CodeIgniter->handleRequest(null, Object(Config\Cache), false)
 7 FCPATH\index.php(67): CodeIgniter\CodeIgniter->run()
 8 SYSTEMPATH\Commands\Server\rewrite.php(43): require_once('FCPATH\\index.php')
ERROR - 2023-06-17 14:54:07 --> mysqli_sql_exception: Column 'pr_discount' cannot be null in D:\xampp\htdocs\hati\system\Database\MySQLi\Connection.php:292
Stack trace:
#0 D:\xampp\htdocs\hati\system\Database\MySQLi\Connection.php(292): mysqli->query('INSERT INTO `wo...', 0)
#1 D:\xampp\htdocs\hati\system\Database\BaseConnection.php(693): CodeIgniter\Database\MySQLi\Connection->execute('INSERT INTO `wo...')
#2 D:\xampp\htdocs\hati\system\Database\BaseConnection.php(620): CodeIgniter\Database\BaseConnection->simpleQuery('INSERT INTO `wo...')
#3 D:\xampp\htdocs\hati\system\Database\BaseBuilder.php(1916): CodeIgniter\Database\BaseConnection->query('INSERT INTO `wo...', Array, false)
#4 D:\xampp\htdocs\hati\system\Model.php(279): CodeIgniter\Database\BaseBuilder->insert()
#5 D:\xampp\htdocs\hati\system\BaseModel.php(738): CodeIgniter\Model->doInsert(Array)
#6 D:\xampp\htdocs\hati\system\Model.php(667): CodeIgniter\BaseModel->insert(Array, true)
#7 D:\xampp\htdocs\hati\app\Controllers\Estimasi_bp.php(1441): CodeIgniter\Model->insert(Array)
#8 D:\xampp\htdocs\hati\system\CodeIgniter.php(904): App\Controllers\Estimasi_bp->simpanpart_wo()
#9 D:\xampp\htdocs\hati\system\CodeIgniter.php(457): CodeIgniter\CodeIgniter->runController(Object(App\Controllers\Estimasi_bp))
#10 D:\xampp\htdocs\hati\system\CodeIgniter.php(340): CodeIgniter\CodeIgniter->handleRequest(NULL, Object(Config\Cache), false)
#11 D:\xampp\htdocs\hati\public\index.php(67): CodeIgniter\CodeIgniter->run()
#12 D:\xampp\htdocs\hati\system\Commands\Server\rewrite.php(43): require_once('D:\\xampp\\htdocs...')
#13 {main}
CRITICAL - 2023-06-17 14:54:07 --> Column 'pr_discount' cannot be null
in SYSTEMPATH\Database\MySQLi\Connection.php on line 292.
 1 SYSTEMPATH\Database\MySQLi\Connection.php(292): mysqli->query('INSERT INTO `wo_bp_detail` (`nowo`, `kode`, `nama`, `jenis`, `qty`, `harga`, `pr_discount`, `subtotal`, `user`, `created_at`, `updated_at`) VALUES (\'BW20230600005\', \'AB\', \'BARANG 3\', \'PART\', \'1\', \'250000\', NULL, \'0\', \'Tambah-Murod-17-06-2023 14:54:07\', \'2023-06-17 14:54:07\', \'2023-06-17 14:54:07\')', 0)
 2 SYSTEMPATH\Database\BaseConnection.php(693): CodeIgniter\Database\MySQLi\Connection->execute('INSERT INTO `wo_bp_detail` (`nowo`, `kode`, `nama`, `jenis`, `qty`, `harga`, `pr_discount`, `subtotal`, `user`, `created_at`, `updated_at`) VALUES (\'BW20230600005\', \'AB\', \'BARANG 3\', \'PART\', \'1\', \'250000\', NULL, \'0\', \'Tambah-Murod-17-06-2023 14:54:07\', \'2023-06-17 14:54:07\', \'2023-06-17 14:54:07\')')
 3 SYSTEMPATH\Database\BaseConnection.php(620): CodeIgniter\Database\BaseConnection->simpleQuery('INSERT INTO `wo_bp_detail` (`nowo`, `kode`, `nama`, `jenis`, `qty`, `harga`, `pr_discount`, `subtotal`, `user`, `created_at`, `updated_at`) VALUES (\'BW20230600005\', \'AB\', \'BARANG 3\', \'PART\', \'1\', \'250000\', NULL, \'0\', \'Tambah-Murod-17-06-2023 14:54:07\', \'2023-06-17 14:54:07\', \'2023-06-17 14:54:07\')')
 4 SYSTEMPATH\Database\BaseBuilder.php(1916): CodeIgniter\Database\BaseConnection->query('INSERT INTO `wo_bp_detail` (`nowo`, `kode`, `nama`, `jenis`, `qty`, `harga`, `pr_discount`, `subtotal`, `user`, `created_at`, `updated_at`) VALUES (:nowo:, :kode:, :nama:, :jenis:, :qty:, :harga:, :pr_discount:, :subtotal:, :user:, :created_at:, :updated_at:)', [...], false)
 5 SYSTEMPATH\Model.php(279): CodeIgniter\Database\BaseBuilder->insert()
 6 SYSTEMPATH\BaseModel.php(738): CodeIgniter\Model->doInsert([...])
 7 SYSTEMPATH\Model.php(667): CodeIgniter\BaseModel->insert([...], true)
 8 APPPATH\Controllers\Estimasi_bp.php(1441): CodeIgniter\Model->insert([...])
 9 SYSTEMPATH\CodeIgniter.php(904): App\Controllers\Estimasi_bp->simpanpart_wo()
10 SYSTEMPATH\CodeIgniter.php(457): CodeIgniter\CodeIgniter->runController(Object(App\Controllers\Estimasi_bp))
11 SYSTEMPATH\CodeIgniter.php(340): CodeIgniter\CodeIgniter->handleRequest(null, Object(Config\Cache), false)
12 FCPATH\index.php(67): CodeIgniter\CodeIgniter->run()
13 SYSTEMPATH\Commands\Server\rewrite.php(43): require_once('FCPATH\\index.php')
CRITICAL - 2023-06-17 15:08:39 --> Undefined variable $data
in APPPATH\Controllers\Estimasi_bp.php on line 781.
 1 APPPATH\Controllers\Estimasi_bp.php(781): CodeIgniter\Debug\Exceptions->errorHandler(2, 'Undefined variable $data', 'APPPATH\\Controllers\\Estimasi_bp.php', 781)
 2 SYSTEMPATH\CodeIgniter.php(904): App\Controllers\Estimasi_bp->editdetailwo_bp('561')
 3 SYSTEMPATH\CodeIgniter.php(457): CodeIgniter\CodeIgniter->runController(Object(App\Controllers\Estimasi_bp))
 4 SYSTEMPATH\CodeIgniter.php(340): CodeIgniter\CodeIgniter->handleRequest(null, Object(Config\Cache), false)
 5 FCPATH\index.php(67): CodeIgniter\CodeIgniter->run()
 6 SYSTEMPATH\Commands\Server\rewrite.php(43): require_once('FCPATH\\index.php')
CRITICAL - 2023-06-17 15:08:41 --> Undefined variable $data
in APPPATH\Controllers\Estimasi_bp.php on line 781.
 1 APPPATH\Controllers\Estimasi_bp.php(781): CodeIgniter\Debug\Exceptions->errorHandler(2, 'Undefined variable $data', 'APPPATH\\Controllers\\Estimasi_bp.php', 781)
 2 SYSTEMPATH\CodeIgniter.php(904): App\Controllers\Estimasi_bp->editdetailwo_bp('571')
 3 SYSTEMPATH\CodeIgniter.php(457): CodeIgniter\CodeIgniter->runController(Object(App\Controllers\Estimasi_bp))
 4 SYSTEMPATH\CodeIgniter.php(340): CodeIgniter\CodeIgniter->handleRequest(null, Object(Config\Cache), false)
 5 FCPATH\index.php(67): CodeIgniter\CodeIgniter->run()
 6 SYSTEMPATH\Commands\Server\rewrite.php(43): require_once('FCPATH\\index.php')
CRITICAL - 2023-06-17 15:08:41 --> Undefined variable $data
in APPPATH\Controllers\Estimasi_bp.php on line 781.
 1 APPPATH\Controllers\Estimasi_bp.php(781): CodeIgniter\Debug\Exceptions->errorHandler(2, 'Undefined variable $data', 'APPPATH\\Controllers\\Estimasi_bp.php', 781)
 2 SYSTEMPATH\CodeIgniter.php(904): App\Controllers\Estimasi_bp->editdetailwo_bp('561')
 3 SYSTEMPATH\CodeIgniter.php(457): CodeIgniter\CodeIgniter->runController(Object(App\Controllers\Estimasi_bp))
 4 SYSTEMPATH\CodeIgniter.php(340): CodeIgniter\CodeIgniter->handleRequest(null, Object(Config\Cache), false)
 5 FCPATH\index.php(67): CodeIgniter\CodeIgniter->run()
 6 SYSTEMPATH\Commands\Server\rewrite.php(43): require_once('FCPATH\\index.php')
CRITICAL - 2023-06-17 15:08:41 --> Undefined variable $data
in APPPATH\Controllers\Estimasi_bp.php on line 781.
 1 APPPATH\Controllers\Estimasi_bp.php(781): CodeIgniter\Debug\Exceptions->errorHandler(2, 'Undefined variable $data', 'APPPATH\\Controllers\\Estimasi_bp.php', 781)
 2 SYSTEMPATH\CodeIgniter.php(904): App\Controllers\Estimasi_bp->editdetailwo_bp('571')
 3 SYSTEMPATH\CodeIgniter.php(457): CodeIgniter\CodeIgniter->runController(Object(App\Controllers\Estimasi_bp))
 4 SYSTEMPATH\CodeIgniter.php(340): CodeIgniter\CodeIgniter->handleRequest(null, Object(Config\Cache), false)
 5 FCPATH\index.php(67): CodeIgniter\CodeIgniter->run()
 6 SYSTEMPATH\Commands\Server\rewrite.php(43): require_once('FCPATH\\index.php')
CRITICAL - 2023-06-17 15:08:42 --> Undefined variable $data
in APPPATH\Controllers\Estimasi_bp.php on line 781.
 1 APPPATH\Controllers\Estimasi_bp.php(781): CodeIgniter\Debug\Exceptions->errorHandler(2, 'Undefined variable $data', 'APPPATH\\Controllers\\Estimasi_bp.php', 781)
 2 SYSTEMPATH\CodeIgniter.php(904): App\Controllers\Estimasi_bp->editdetailwo_bp('561')
 3 SYSTEMPATH\CodeIgniter.php(457): CodeIgniter\CodeIgniter->runController(Object(App\Controllers\Estimasi_bp))
 4 SYSTEMPATH\CodeIgniter.php(340): CodeIgniter\CodeIgniter->handleRequest(null, Object(Config\Cache), false)
 5 FCPATH\index.php(67): CodeIgniter\CodeIgniter->run()
 6 SYSTEMPATH\Commands\Server\rewrite.php(43): require_once('FCPATH\\index.php')
CRITICAL - 2023-06-17 15:08:42 --> Undefined variable $data
in APPPATH\Controllers\Estimasi_bp.php on line 781.
 1 APPPATH\Controllers\Estimasi_bp.php(781): CodeIgniter\Debug\Exceptions->errorHandler(2, 'Undefined variable $data', 'APPPATH\\Controllers\\Estimasi_bp.php', 781)
 2 SYSTEMPATH\CodeIgniter.php(904): App\Controllers\Estimasi_bp->editdetailwo_bp('571')
 3 SYSTEMPATH\CodeIgniter.php(457): CodeIgniter\CodeIgniter->runController(Object(App\Controllers\Estimasi_bp))
 4 SYSTEMPATH\CodeIgniter.php(340): CodeIgniter\CodeIgniter->handleRequest(null, Object(Config\Cache), false)
 5 FCPATH\index.php(67): CodeIgniter\CodeIgniter->run()
 6 SYSTEMPATH\Commands\Server\rewrite.php(43): require_once('FCPATH\\index.php')
CRITICAL - 2023-06-17 15:08:43 --> Undefined variable $data
in APPPATH\Controllers\Estimasi_bp.php on line 781.
 1 APPPATH\Controllers\Estimasi_bp.php(781): CodeIgniter\Debug\Exceptions->errorHandler(2, 'Undefined variable $data', 'APPPATH\\Controllers\\Estimasi_bp.php', 781)
 2 SYSTEMPATH\CodeIgniter.php(904): App\Controllers\Estimasi_bp->editdetailwo_bp('561')
 3 SYSTEMPATH\CodeIgniter.php(457): CodeIgniter\CodeIgniter->runController(Object(App\Controllers\Estimasi_bp))
 4 SYSTEMPATH\CodeIgniter.php(340): CodeIgniter\CodeIgniter->handleRequest(null, Object(Config\Cache), false)
 5 FCPATH\index.php(67): CodeIgniter\CodeIgniter->run()
 6 SYSTEMPATH\Commands\Server\rewrite.php(43): require_once('FCPATH\\index.php')
CRITICAL - 2023-06-17 15:08:43 --> Undefined variable $data
in APPPATH\Controllers\Estimasi_bp.php on line 781.
 1 APPPATH\Controllers\Estimasi_bp.php(781): CodeIgniter\Debug\Exceptions->errorHandler(2, 'Undefined variable $data', 'APPPATH\\Controllers\\Estimasi_bp.php', 781)
 2 SYSTEMPATH\CodeIgniter.php(904): App\Controllers\Estimasi_bp->editdetailwo_bp('571')
 3 SYSTEMPATH\CodeIgniter.php(457): CodeIgniter\CodeIgniter->runController(Object(App\Controllers\Estimasi_bp))
 4 SYSTEMPATH\CodeIgniter.php(340): CodeIgniter\CodeIgniter->handleRequest(null, Object(Config\Cache), false)
 5 FCPATH\index.php(67): CodeIgniter\CodeIgniter->run()
 6 SYSTEMPATH\Commands\Server\rewrite.php(43): require_once('FCPATH\\index.php')
CRITICAL - 2023-06-17 15:08:44 --> Undefined variable $data
in APPPATH\Controllers\Estimasi_bp.php on line 781.
 1 APPPATH\Controllers\Estimasi_bp.php(781): CodeIgniter\Debug\Exceptions->errorHandler(2, 'Undefined variable $data', 'APPPATH\\Controllers\\Estimasi_bp.php', 781)
 2 SYSTEMPATH\CodeIgniter.php(904): App\Controllers\Estimasi_bp->editdetailwo_bp('561')
 3 SYSTEMPATH\CodeIgniter.php(457): CodeIgniter\CodeIgniter->runController(Object(App\Controllers\Estimasi_bp))
 4 SYSTEMPATH\CodeIgniter.php(340): CodeIgniter\CodeIgniter->handleRequest(null, Object(Config\Cache), false)
 5 FCPATH\index.php(67): CodeIgniter\CodeIgniter->run()
 6 SYSTEMPATH\Commands\Server\rewrite.php(43): require_once('FCPATH\\index.php')
CRITICAL - 2023-06-17 15:28:52 --> Call to undefined method App\Models\Estimasipart_bpModel::getid
in SYSTEMPATH\Model.php on line 774.
 1 APPPATH\Controllers\Estimasi_bp.php(749): CodeIgniter\Model->__call('getid', [...])
 2 SYSTEMPATH\CodeIgniter.php(904): App\Controllers\Estimasi_bp->tampildetailpart('561')
 3 SYSTEMPATH\CodeIgniter.php(457): CodeIgniter\CodeIgniter->runController(Object(App\Controllers\Estimasi_bp))
 4 SYSTEMPATH\CodeIgniter.php(340): CodeIgniter\CodeIgniter->handleRequest(null, Object(Config\Cache), false)
 5 FCPATH\index.php(67): CodeIgniter\CodeIgniter->run()
 6 SYSTEMPATH\Commands\Server\rewrite.php(43): require_once('FCPATH\\index.php')
CRITICAL - 2023-06-17 15:31:44 --> Call to undefined method App\Models\Wopart_bpModel::getid
in SYSTEMPATH\Model.php on line 774.
 1 APPPATH\Controllers\Estimasi_bp.php(749): CodeIgniter\Model->__call('getid', [...])
 2 SYSTEMPATH\CodeIgniter.php(904): App\Controllers\Estimasi_bp->tampildetailpartwo('561')
 3 SYSTEMPATH\CodeIgniter.php(457): CodeIgniter\CodeIgniter->runController(Object(App\Controllers\Estimasi_bp))
 4 SYSTEMPATH\CodeIgniter.php(340): CodeIgniter\CodeIgniter->handleRequest(null, Object(Config\Cache), false)
 5 FCPATH\index.php(67): CodeIgniter\CodeIgniter->run()
 6 SYSTEMPATH\Commands\Server\rewrite.php(43): require_once('FCPATH\\index.php')
CRITICAL - 2023-06-17 15:41:52 --> Call to undefined method App\Models\TbmekanikModel::getkode
in SYSTEMPATH\Model.php on line 774.
 1 APPPATH\Controllers\Estimasi_bp.php(2328): CodeIgniter\Model->__call('getkode', [...])
 2 SYSTEMPATH\CodeIgniter.php(904): App\Controllers\Estimasi_bp->replmekanik()
 3 SYSTEMPATH\CodeIgniter.php(457): CodeIgniter\CodeIgniter->runController(Object(App\Controllers\Estimasi_bp))
 4 SYSTEMPATH\CodeIgniter.php(340): CodeIgniter\CodeIgniter->handleRequest(null, Object(Config\Cache), false)
 5 FCPATH\index.php(67): CodeIgniter\CodeIgniter->run()
 6 SYSTEMPATH\Commands\Server\rewrite.php(43): require_once('FCPATH\\index.php')
