CRITICAL - 2023-02-20 10:22:09 --> Undefined variable $k
in APPPATH\Views\estimasi\tabel_estimasi.php on line 51.
 1 APPPATH\Views\estimasi\tabel_estimasi.php(51): CodeIgniter\Debug\Exceptions->errorHandler(2, 'Undefined variable $k', 'APPPATH\\Views\\estimasi\\tabel_estimasi.php', 51)
 2 SYSTEMPATH\View\View.php(213): include('APPPATH\\Views\\estimasi\\tabel_estimasi.php')
 3 SYSTEMPATH\View\View.php(216): CodeIgniter\View\View->CodeIgniter\View\{closure}()
 4 SYSTEMPATH\Common.php(1142): CodeIgniter\View\View->render('estimasi/tabel_estimasi', [], true)
 5 APPPATH\Controllers\Estimasi.php(409): view('estimasi/tabel_estimasi', [...])
 6 SYSTEMPATH\CodeIgniter.php(904): App\Controllers\Estimasi->table_estimasi()
 7 SYSTEMPATH\CodeIgniter.php(457): CodeIgniter\CodeIgniter->runController(Object(App\Controllers\Estimasi))
 8 SYSTEMPATH\CodeIgniter.php(340): CodeIgniter\CodeIgniter->handleRequest(null, Object(Config\Cache), false)
 9 FCPATH\index.php(67): CodeIgniter\CodeIgniter->run()
10 SYSTEMPATH\Commands\Server\rewrite.php(43): require_once('FCPATH\\index.php')
CRITICAL - 2023-02-20 10:22:13 --> Undefined variable $k
in APPPATH\Views\estimasi\tabel_estimasi.php on line 51.
 1 APPPATH\Views\estimasi\tabel_estimasi.php(51): CodeIgniter\Debug\Exceptions->errorHandler(2, 'Undefined variable $k', 'APPPATH\\Views\\estimasi\\tabel_estimasi.php', 51)
 2 SYSTEMPATH\View\View.php(213): include('APPPATH\\Views\\estimasi\\tabel_estimasi.php')
 3 SYSTEMPATH\View\View.php(216): CodeIgniter\View\View->CodeIgniter\View\{closure}()
 4 SYSTEMPATH\Common.php(1142): CodeIgniter\View\View->render('estimasi/tabel_estimasi', [], true)
 5 APPPATH\Controllers\Estimasi.php(409): view('estimasi/tabel_estimasi', [...])
 6 SYSTEMPATH\CodeIgniter.php(904): App\Controllers\Estimasi->table_estimasi()
 7 SYSTEMPATH\CodeIgniter.php(457): CodeIgniter\CodeIgniter->runController(Object(App\Controllers\Estimasi))
 8 SYSTEMPATH\CodeIgniter.php(340): CodeIgniter\CodeIgniter->handleRequest(null, Object(Config\Cache), false)
 9 FCPATH\index.php(67): CodeIgniter\CodeIgniter->run()
10 SYSTEMPATH\Commands\Server\rewrite.php(43): require_once('FCPATH\\index.php')
CRITICAL - 2023-02-20 10:22:23 --> Undefined variable $k
in APPPATH\Views\estimasi\tabel_estimasi.php on line 51.
 1 APPPATH\Views\estimasi\tabel_estimasi.php(51): CodeIgniter\Debug\Exceptions->errorHandler(2, 'Undefined variable $k', 'APPPATH\\Views\\estimasi\\tabel_estimasi.php', 51)
 2 SYSTEMPATH\View\View.php(213): include('APPPATH\\Views\\estimasi\\tabel_estimasi.php')
 3 SYSTEMPATH\View\View.php(216): CodeIgniter\View\View->CodeIgniter\View\{closure}()
 4 SYSTEMPATH\Common.php(1142): CodeIgniter\View\View->render('estimasi/tabel_estimasi', [], true)
 5 APPPATH\Controllers\Estimasi.php(409): view('estimasi/tabel_estimasi', [...])
 6 SYSTEMPATH\CodeIgniter.php(904): App\Controllers\Estimasi->table_estimasi()
 7 SYSTEMPATH\CodeIgniter.php(457): CodeIgniter\CodeIgniter->runController(Object(App\Controllers\Estimasi))
 8 SYSTEMPATH\CodeIgniter.php(340): CodeIgniter\CodeIgniter->handleRequest(null, Object(Config\Cache), false)
 9 FCPATH\index.php(67): CodeIgniter\CodeIgniter->run()
10 SYSTEMPATH\Commands\Server\rewrite.php(43): require_once('FCPATH\\index.php')
CRITICAL - 2023-02-20 10:22:54 --> Undefined variable $k
in APPPATH\Views\estimasi\tabel_estimasi.php on line 51.
 1 APPPATH\Views\estimasi\tabel_estimasi.php(51): CodeIgniter\Debug\Exceptions->errorHandler(2, 'Undefined variable $k', 'APPPATH\\Views\\estimasi\\tabel_estimasi.php', 51)
 2 SYSTEMPATH\View\View.php(213): include('APPPATH\\Views\\estimasi\\tabel_estimasi.php')
 3 SYSTEMPATH\View\View.php(216): CodeIgniter\View\View->CodeIgniter\View\{closure}()
 4 SYSTEMPATH\Common.php(1142): CodeIgniter\View\View->render('estimasi/tabel_estimasi', [], true)
 5 APPPATH\Controllers\Estimasi.php(409): view('estimasi/tabel_estimasi', [...])
 6 SYSTEMPATH\CodeIgniter.php(904): App\Controllers\Estimasi->table_estimasi()
 7 SYSTEMPATH\CodeIgniter.php(457): CodeIgniter\CodeIgniter->runController(Object(App\Controllers\Estimasi))
 8 SYSTEMPATH\CodeIgniter.php(340): CodeIgniter\CodeIgniter->handleRequest(null, Object(Config\Cache), false)
 9 FCPATH\index.php(67): CodeIgniter\CodeIgniter->run()
10 SYSTEMPATH\Commands\Server\rewrite.php(43): require_once('FCPATH\\index.php')
CRITICAL - 2023-02-20 10:22:57 --> Undefined variable $k
in APPPATH\Views\estimasi\tabel_estimasi.php on line 51.
 1 APPPATH\Views\estimasi\tabel_estimasi.php(51): CodeIgniter\Debug\Exceptions->errorHandler(2, 'Undefined variable $k', 'APPPATH\\Views\\estimasi\\tabel_estimasi.php', 51)
 2 SYSTEMPATH\View\View.php(213): include('APPPATH\\Views\\estimasi\\tabel_estimasi.php')
 3 SYSTEMPATH\View\View.php(216): CodeIgniter\View\View->CodeIgniter\View\{closure}()
 4 SYSTEMPATH\Common.php(1142): CodeIgniter\View\View->render('estimasi/tabel_estimasi', [], true)
 5 APPPATH\Controllers\Estimasi.php(409): view('estimasi/tabel_estimasi', [...])
 6 SYSTEMPATH\CodeIgniter.php(904): App\Controllers\Estimasi->table_estimasi()
 7 SYSTEMPATH\CodeIgniter.php(457): CodeIgniter\CodeIgniter->runController(Object(App\Controllers\Estimasi))
 8 SYSTEMPATH\CodeIgniter.php(340): CodeIgniter\CodeIgniter->handleRequest(null, Object(Config\Cache), false)
 9 FCPATH\index.php(67): CodeIgniter\CodeIgniter->run()
10 SYSTEMPATH\Commands\Server\rewrite.php(43): require_once('FCPATH\\index.php')
CRITICAL - 2023-02-20 10:23:17 --> Undefined variable $k
in APPPATH\Views\estimasi\tabel_estimasi.php on line 51.
 1 APPPATH\Views\estimasi\tabel_estimasi.php(51): CodeIgniter\Debug\Exceptions->errorHandler(2, 'Undefined variable $k', 'APPPATH\\Views\\estimasi\\tabel_estimasi.php', 51)
 2 SYSTEMPATH\View\View.php(213): include('APPPATH\\Views\\estimasi\\tabel_estimasi.php')
 3 SYSTEMPATH\View\View.php(216): CodeIgniter\View\View->CodeIgniter\View\{closure}()
 4 SYSTEMPATH\Common.php(1142): CodeIgniter\View\View->render('estimasi/tabel_estimasi', [], true)
 5 APPPATH\Controllers\Estimasi.php(409): view('estimasi/tabel_estimasi', [...])
 6 SYSTEMPATH\CodeIgniter.php(904): App\Controllers\Estimasi->table_estimasi()
 7 SYSTEMPATH\CodeIgniter.php(457): CodeIgniter\CodeIgniter->runController(Object(App\Controllers\Estimasi))
 8 SYSTEMPATH\CodeIgniter.php(340): CodeIgniter\CodeIgniter->handleRequest(null, Object(Config\Cache), false)
 9 FCPATH\index.php(67): CodeIgniter\CodeIgniter->run()
10 SYSTEMPATH\Commands\Server\rewrite.php(43): require_once('FCPATH\\index.php')
CRITICAL - 2023-02-20 10:23:18 --> Undefined variable $k
in APPPATH\Views\estimasi\tabel_estimasi.php on line 51.
 1 APPPATH\Views\estimasi\tabel_estimasi.php(51): CodeIgniter\Debug\Exceptions->errorHandler(2, 'Undefined variable $k', 'APPPATH\\Views\\estimasi\\tabel_estimasi.php', 51)
 2 SYSTEMPATH\View\View.php(213): include('APPPATH\\Views\\estimasi\\tabel_estimasi.php')
 3 SYSTEMPATH\View\View.php(216): CodeIgniter\View\View->CodeIgniter\View\{closure}()
 4 SYSTEMPATH\Common.php(1142): CodeIgniter\View\View->render('estimasi/tabel_estimasi', [], true)
 5 APPPATH\Controllers\Estimasi.php(409): view('estimasi/tabel_estimasi', [...])
 6 SYSTEMPATH\CodeIgniter.php(904): App\Controllers\Estimasi->table_estimasi()
 7 SYSTEMPATH\CodeIgniter.php(457): CodeIgniter\CodeIgniter->runController(Object(App\Controllers\Estimasi))
 8 SYSTEMPATH\CodeIgniter.php(340): CodeIgniter\CodeIgniter->handleRequest(null, Object(Config\Cache), false)
 9 FCPATH\index.php(67): CodeIgniter\CodeIgniter->run()
10 SYSTEMPATH\Commands\Server\rewrite.php(43): require_once('FCPATH\\index.php')
CRITICAL - 2023-02-20 10:23:20 --> Undefined variable $k
in APPPATH\Views\estimasi\tabel_estimasi.php on line 51.
 1 APPPATH\Views\estimasi\tabel_estimasi.php(51): CodeIgniter\Debug\Exceptions->errorHandler(2, 'Undefined variable $k', 'APPPATH\\Views\\estimasi\\tabel_estimasi.php', 51)
 2 SYSTEMPATH\View\View.php(213): include('APPPATH\\Views\\estimasi\\tabel_estimasi.php')
 3 SYSTEMPATH\View\View.php(216): CodeIgniter\View\View->CodeIgniter\View\{closure}()
 4 SYSTEMPATH\Common.php(1142): CodeIgniter\View\View->render('estimasi/tabel_estimasi', [], true)
 5 APPPATH\Controllers\Estimasi.php(409): view('estimasi/tabel_estimasi', [...])
 6 SYSTEMPATH\CodeIgniter.php(904): App\Controllers\Estimasi->table_estimasi()
 7 SYSTEMPATH\CodeIgniter.php(457): CodeIgniter\CodeIgniter->runController(Object(App\Controllers\Estimasi))
 8 SYSTEMPATH\CodeIgniter.php(340): CodeIgniter\CodeIgniter->handleRequest(null, Object(Config\Cache), false)
 9 FCPATH\index.php(67): CodeIgniter\CodeIgniter->run()
10 SYSTEMPATH\Commands\Server\rewrite.php(43): require_once('FCPATH\\index.php')
ERROR - 2023-02-20 11:02:02 --> mysqli_sql_exception: Unknown column 'aktif' in 'where clause' in D:\xampp\htdocs\bp\system\Database\MySQLi\Connection.php:292
Stack trace:
#0 D:\xampp\htdocs\bp\system\Database\MySQLi\Connection.php(292): mysqli->query('SELECT *\nFROM `...', 0)
#1 D:\xampp\htdocs\bp\system\Database\BaseConnection.php(693): CodeIgniter\Database\MySQLi\Connection->execute('SELECT *\nFROM `...')
#2 D:\xampp\htdocs\bp\system\Database\BaseConnection.php(620): CodeIgniter\Database\BaseConnection->simpleQuery('SELECT *\nFROM `...')
#3 D:\xampp\htdocs\bp\system\Database\BaseBuilder.php(1585): CodeIgniter\Database\BaseConnection->query('SELECT *\nFROM `...', Array, false)
#4 D:\xampp\htdocs\bp\system\Model.php(223): CodeIgniter\Database\BaseBuilder->get()
#5 D:\xampp\htdocs\bp\system\BaseModel.php(584): CodeIgniter\Model->doFindAll(0, 0)
#6 D:\xampp\htdocs\bp\app\Controllers\Tbbahan.php(292): CodeIgniter\BaseModel->findAll()
#7 D:\xampp\htdocs\bp\system\CodeIgniter.php(904): App\Controllers\Tbbahan->caridatasupplier()
#8 D:\xampp\htdocs\bp\system\CodeIgniter.php(457): CodeIgniter\CodeIgniter->runController(Object(App\Controllers\Tbbahan))
#9 D:\xampp\htdocs\bp\system\CodeIgniter.php(340): CodeIgniter\CodeIgniter->handleRequest(NULL, Object(Config\Cache), false)
#10 D:\xampp\htdocs\bp\public\index.php(67): CodeIgniter\CodeIgniter->run()
#11 D:\xampp\htdocs\bp\system\Commands\Server\rewrite.php(43): require_once('D:\\xampp\\htdocs...')
#12 {main}
CRITICAL - 2023-02-20 11:02:02 --> Unknown column 'aktif' in 'where clause'
in SYSTEMPATH\Database\MySQLi\Connection.php on line 292.
 1 SYSTEMPATH\Database\MySQLi\Connection.php(292): mysqli->query('SELECT *
FROM `tbsupplier`
WHERE `aktif` = \'Y\'
ORDER BY `kode` ASC', 0)
 2 SYSTEMPATH\Database\BaseConnection.php(693): CodeIgniter\Database\MySQLi\Connection->execute('SELECT *
FROM `tbsupplier`
WHERE `aktif` = \'Y\'
ORDER BY `kode` ASC')
 3 SYSTEMPATH\Database\BaseConnection.php(620): CodeIgniter\Database\BaseConnection->simpleQuery('SELECT *
FROM `tbsupplier`
WHERE `aktif` = \'Y\'
ORDER BY `kode` ASC')
 4 SYSTEMPATH\Database\BaseBuilder.php(1585): CodeIgniter\Database\BaseConnection->query('SELECT *
FROM `tbsupplier`
WHERE `aktif` = :aktif:
ORDER BY `kode` ASC', [...], false)
 5 SYSTEMPATH\Model.php(223): CodeIgniter\Database\BaseBuilder->get()
 6 SYSTEMPATH\BaseModel.php(584): CodeIgniter\Model->doFindAll(0, 0)
 7 APPPATH\Controllers\Tbbahan.php(292): CodeIgniter\BaseModel->findAll()
 8 SYSTEMPATH\CodeIgniter.php(904): App\Controllers\Tbbahan->caridatasupplier()
 9 SYSTEMPATH\CodeIgniter.php(457): CodeIgniter\CodeIgniter->runController(Object(App\Controllers\Tbbahan))
10 SYSTEMPATH\CodeIgniter.php(340): CodeIgniter\CodeIgniter->handleRequest(null, Object(Config\Cache), false)
11 FCPATH\index.php(67): CodeIgniter\CodeIgniter->run()
12 SYSTEMPATH\Commands\Server\rewrite.php(43): require_once('FCPATH\\index.php')
CRITICAL - 2023-02-20 11:02:38 --> Invalid file: tbbarang/modalcarisupplier.php
in SYSTEMPATH\Exceptions\FrameworkException.php on line 33.
 1 SYSTEMPATH\View\View.php(201): CodeIgniter\Exceptions\FrameworkException::forInvalidFile('tbbarang/modalcarisupplier.php')
 2 SYSTEMPATH\Common.php(1142): CodeIgniter\View\View->render('tbbarang/modalcarisupplier', [], true)
 3 APPPATH\Controllers\Tbbahan.php(295): view('tbbarang/modalcarisupplier', [...])
 4 SYSTEMPATH\CodeIgniter.php(904): App\Controllers\Tbbahan->caridatasupplier()
 5 SYSTEMPATH\CodeIgniter.php(457): CodeIgniter\CodeIgniter->runController(Object(App\Controllers\Tbbahan))
 6 SYSTEMPATH\CodeIgniter.php(340): CodeIgniter\CodeIgniter->handleRequest(null, Object(Config\Cache), false)
 7 FCPATH\index.php(67): CodeIgniter\CodeIgniter->run()
 8 SYSTEMPATH\Commands\Server\rewrite.php(43): require_once('FCPATH\\index.php')
CRITICAL - 2023-02-20 11:03:29 --> Invalid file: tbbahan/modalcarisupplier.php
in SYSTEMPATH\Exceptions\FrameworkException.php on line 33.
 1 SYSTEMPATH\View\View.php(201): CodeIgniter\Exceptions\FrameworkException::forInvalidFile('tbbahan/modalcarisupplier.php')
 2 SYSTEMPATH\Common.php(1142): CodeIgniter\View\View->render('tbbahan/modalcarisupplier', [], true)
 3 APPPATH\Controllers\Tbbahan.php(295): view('tbbahan/modalcarisupplier', [...])
 4 SYSTEMPATH\CodeIgniter.php(904): App\Controllers\Tbbahan->caridatasupplier()
 5 SYSTEMPATH\CodeIgniter.php(457): CodeIgniter\CodeIgniter->runController(Object(App\Controllers\Tbbahan))
 6 SYSTEMPATH\CodeIgniter.php(340): CodeIgniter\CodeIgniter->handleRequest(null, Object(Config\Cache), false)
 7 FCPATH\index.php(67): CodeIgniter\CodeIgniter->run()
 8 SYSTEMPATH\Commands\Server\rewrite.php(43): require_once('FCPATH\\index.php')
CRITICAL - 2023-02-20 11:03:32 --> Invalid file: tbbahan/modalcarisupplier.php
in SYSTEMPATH\Exceptions\FrameworkException.php on line 33.
 1 SYSTEMPATH\View\View.php(201): CodeIgniter\Exceptions\FrameworkException::forInvalidFile('tbbahan/modalcarisupplier.php')
 2 SYSTEMPATH\Common.php(1142): CodeIgniter\View\View->render('tbbahan/modalcarisupplier', [], true)
 3 APPPATH\Controllers\Tbbahan.php(295): view('tbbahan/modalcarisupplier', [...])
 4 SYSTEMPATH\CodeIgniter.php(904): App\Controllers\Tbbahan->caridatasupplier()
 5 SYSTEMPATH\CodeIgniter.php(457): CodeIgniter\CodeIgniter->runController(Object(App\Controllers\Tbbahan))
 6 SYSTEMPATH\CodeIgniter.php(340): CodeIgniter\CodeIgniter->handleRequest(null, Object(Config\Cache), false)
 7 FCPATH\index.php(67): CodeIgniter\CodeIgniter->run()
 8 SYSTEMPATH\Commands\Server\rewrite.php(43): require_once('FCPATH\\index.php')
CRITICAL - 2023-02-20 11:04:09 --> Invalid file: tbbahan/modalcaritbsupplier.php
in SYSTEMPATH\Exceptions\FrameworkException.php on line 33.
 1 SYSTEMPATH\View\View.php(201): CodeIgniter\Exceptions\FrameworkException::forInvalidFile('tbbahan/modalcaritbsupplier.php')
 2 SYSTEMPATH\Common.php(1142): CodeIgniter\View\View->render('tbbahan/modalcaritbsupplier', [], true)
 3 APPPATH\Controllers\Tbbahan.php(295): view('tbbahan/modalcaritbsupplier', [...])
 4 SYSTEMPATH\CodeIgniter.php(904): App\Controllers\Tbbahan->caridatasupplier()
 5 SYSTEMPATH\CodeIgniter.php(457): CodeIgniter\CodeIgniter->runController(Object(App\Controllers\Tbbahan))
 6 SYSTEMPATH\CodeIgniter.php(340): CodeIgniter\CodeIgniter->handleRequest(null, Object(Config\Cache), false)
 7 FCPATH\index.php(67): CodeIgniter\CodeIgniter->run()
 8 SYSTEMPATH\Commands\Server\rewrite.php(43): require_once('FCPATH\\index.php')
CRITICAL - 2023-02-20 11:04:13 --> Invalid file: tbbahan/modalcaritbsupplier.php
in SYSTEMPATH\Exceptions\FrameworkException.php on line 33.
 1 SYSTEMPATH\View\View.php(201): CodeIgniter\Exceptions\FrameworkException::forInvalidFile('tbbahan/modalcaritbsupplier.php')
 2 SYSTEMPATH\Common.php(1142): CodeIgniter\View\View->render('tbbahan/modalcaritbsupplier', [], true)
 3 APPPATH\Controllers\Tbbahan.php(295): view('tbbahan/modalcaritbsupplier', [...])
 4 SYSTEMPATH\CodeIgniter.php(904): App\Controllers\Tbbahan->caridatasupplier()
 5 SYSTEMPATH\CodeIgniter.php(457): CodeIgniter\CodeIgniter->runController(Object(App\Controllers\Tbbahan))
 6 SYSTEMPATH\CodeIgniter.php(340): CodeIgniter\CodeIgniter->handleRequest(null, Object(Config\Cache), false)
 7 FCPATH\index.php(67): CodeIgniter\CodeIgniter->run()
 8 SYSTEMPATH\Commands\Server\rewrite.php(43): require_once('FCPATH\\index.php')
CRITICAL - 2023-02-20 11:05:01 --> Invalid file: tbbahan/modalcaritbsupplier.php
in SYSTEMPATH\Exceptions\FrameworkException.php on line 33.
 1 SYSTEMPATH\View\View.php(201): CodeIgniter\Exceptions\FrameworkException::forInvalidFile('tbbahan/modalcaritbsupplier.php')
 2 SYSTEMPATH\Common.php(1142): CodeIgniter\View\View->render('tbbahan/modalcaritbsupplier', [], true)
 3 APPPATH\Controllers\Tbbahan.php(295): view('tbbahan/modalcaritbsupplier', [...])
 4 SYSTEMPATH\CodeIgniter.php(904): App\Controllers\Tbbahan->caridatasupplier()
 5 SYSTEMPATH\CodeIgniter.php(457): CodeIgniter\CodeIgniter->runController(Object(App\Controllers\Tbbahan))
 6 SYSTEMPATH\CodeIgniter.php(340): CodeIgniter\CodeIgniter->handleRequest(null, Object(Config\Cache), false)
 7 FCPATH\index.php(67): CodeIgniter\CodeIgniter->run()
 8 SYSTEMPATH\Commands\Server\rewrite.php(43): require_once('FCPATH\\index.php')
CRITICAL - 2023-02-20 11:06:59 --> Undefined variable $tbnegara
in APPPATH\Views\tbbahan\modalcarisupplier.php on line 23.
 1 APPPATH\Views\tbbahan\modalcarisupplier.php(23): CodeIgniter\Debug\Exceptions->errorHandler(2, 'Undefined variable $tbnegara', 'APPPATH\\Views\\tbbahan\\modalcarisupplier.php', 23)
 2 SYSTEMPATH\View\View.php(213): include('APPPATH\\Views\\tbbahan\\modalcarisupplier.php')
 3 SYSTEMPATH\View\View.php(216): CodeIgniter\View\View->CodeIgniter\View\{closure}()
 4 SYSTEMPATH\Common.php(1142): CodeIgniter\View\View->render('tbbahan/modalcarisupplier', [], true)
 5 APPPATH\Controllers\Tbbahan.php(295): view('tbbahan/modalcarisupplier', [...])
 6 SYSTEMPATH\CodeIgniter.php(904): App\Controllers\Tbbahan->caridatasupplier()
 7 SYSTEMPATH\CodeIgniter.php(457): CodeIgniter\CodeIgniter->runController(Object(App\Controllers\Tbbahan))
 8 SYSTEMPATH\CodeIgniter.php(340): CodeIgniter\CodeIgniter->handleRequest(null, Object(Config\Cache), false)
 9 FCPATH\index.php(67): CodeIgniter\CodeIgniter->run()
10 SYSTEMPATH\Commands\Server\rewrite.php(43): require_once('FCPATH\\index.php')
ERROR - 2023-02-20 11:21:20 --> mysqli_sql_exception: Unknown column 'harga_beli_lama' in 'field list' in D:\xampp\htdocs\bp\system\Database\MySQLi\Connection.php:292
Stack trace:
#0 D:\xampp\htdocs\bp\system\Database\MySQLi\Connection.php(292): mysqli->query('INSERT INTO `tb...', 0)
#1 D:\xampp\htdocs\bp\system\Database\BaseConnection.php(693): CodeIgniter\Database\MySQLi\Connection->execute('INSERT INTO `tb...')
#2 D:\xampp\htdocs\bp\system\Database\BaseConnection.php(620): CodeIgniter\Database\BaseConnection->simpleQuery('INSERT INTO `tb...')
#3 D:\xampp\htdocs\bp\system\Database\BaseBuilder.php(1916): CodeIgniter\Database\BaseConnection->query('INSERT INTO `tb...', Array, false)
#4 D:\xampp\htdocs\bp\system\Model.php(279): CodeIgniter\Database\BaseBuilder->insert()
#5 D:\xampp\htdocs\bp\system\BaseModel.php(738): CodeIgniter\Model->doInsert(Array)
#6 D:\xampp\htdocs\bp\system\Model.php(667): CodeIgniter\BaseModel->insert(Array, true)
#7 D:\xampp\htdocs\bp\app\Controllers\Tbbahan.php(162): CodeIgniter\Model->insert(Array)
#8 D:\xampp\htdocs\bp\system\CodeIgniter.php(904): App\Controllers\Tbbahan->simpandata()
#9 D:\xampp\htdocs\bp\system\CodeIgniter.php(457): CodeIgniter\CodeIgniter->runController(Object(App\Controllers\Tbbahan))
#10 D:\xampp\htdocs\bp\system\CodeIgniter.php(340): CodeIgniter\CodeIgniter->handleRequest(NULL, Object(Config\Cache), false)
#11 D:\xampp\htdocs\bp\public\index.php(67): CodeIgniter\CodeIgniter->run()
#12 D:\xampp\htdocs\bp\system\Commands\Server\rewrite.php(43): require_once('D:\\xampp\\htdocs...')
#13 {main}
CRITICAL - 2023-02-20 11:21:20 --> Unknown column 'harga_beli_lama' in 'field list'
in SYSTEMPATH\Database\MySQLi\Connection.php on line 292.
 1 SYSTEMPATH\Database\MySQLi\Connection.php(292): mysqli->query('INSERT INTO `tbbahan` (`kode`, `nama`, `harga_jual`, `harga_beli`, `harga_beli_lama`, `hpp`, `hpp_lama`, `user`, `aktif`, `created_at`, `updated_at`) VALUES (\'1\', \'1\', \'\', \'\', NULL, NULL, NULL, \'Edit-Murod-20-02-2023 11:21:20\', \'Y\', \'2023-02-20 11:21:20\', \'2023-02-20 11:21:20\')', 0)
 2 SYSTEMPATH\Database\BaseConnection.php(693): CodeIgniter\Database\MySQLi\Connection->execute('INSERT INTO `tbbahan` (`kode`, `nama`, `harga_jual`, `harga_beli`, `harga_beli_lama`, `hpp`, `hpp_lama`, `user`, `aktif`, `created_at`, `updated_at`) VALUES (\'1\', \'1\', \'\', \'\', NULL, NULL, NULL, \'Edit-Murod-20-02-2023 11:21:20\', \'Y\', \'2023-02-20 11:21:20\', \'2023-02-20 11:21:20\')')
 3 SYSTEMPATH\Database\BaseConnection.php(620): CodeIgniter\Database\BaseConnection->simpleQuery('INSERT INTO `tbbahan` (`kode`, `nama`, `harga_jual`, `harga_beli`, `harga_beli_lama`, `hpp`, `hpp_lama`, `user`, `aktif`, `created_at`, `updated_at`) VALUES (\'1\', \'1\', \'\', \'\', NULL, NULL, NULL, \'Edit-Murod-20-02-2023 11:21:20\', \'Y\', \'2023-02-20 11:21:20\', \'2023-02-20 11:21:20\')')
 4 SYSTEMPATH\Database\BaseBuilder.php(1916): CodeIgniter\Database\BaseConnection->query('INSERT INTO `tbbahan` (`kode`, `nama`, `harga_jual`, `harga_beli`, `harga_beli_lama`, `hpp`, `hpp_lama`, `user`, `aktif`, `created_at`, `updated_at`) VALUES (:kode:, :nama:, :harga_jual:, :harga_beli:, :harga_beli_lama:, :hpp:, :hpp_lama:, :user:, :aktif:, :created_at:, :updated_at:)', [...], false)
 5 SYSTEMPATH\Model.php(279): CodeIgniter\Database\BaseBuilder->insert()
 6 SYSTEMPATH\BaseModel.php(738): CodeIgniter\Model->doInsert([...])
 7 SYSTEMPATH\Model.php(667): CodeIgniter\BaseModel->insert([...], true)
 8 APPPATH\Controllers\Tbbahan.php(162): CodeIgniter\Model->insert([...])
 9 SYSTEMPATH\CodeIgniter.php(904): App\Controllers\Tbbahan->simpandata()
10 SYSTEMPATH\CodeIgniter.php(457): CodeIgniter\CodeIgniter->runController(Object(App\Controllers\Tbbahan))
11 SYSTEMPATH\CodeIgniter.php(340): CodeIgniter\CodeIgniter->handleRequest(null, Object(Config\Cache), false)
12 FCPATH\index.php(67): CodeIgniter\CodeIgniter->run()
13 SYSTEMPATH\Commands\Server\rewrite.php(43): require_once('FCPATH\\index.php')
CRITICAL - 2023-02-20 11:23:40 --> Undefined variable $tbbarang
in APPPATH\Views\tbbahan\modaldetail.php on line 14.
 1 APPPATH\Views\tbbahan\modaldetail.php(14): CodeIgniter\Debug\Exceptions->errorHandler(2, 'Undefined variable $tbbarang', 'APPPATH\\Views\\tbbahan\\modaldetail.php', 14)
 2 SYSTEMPATH\View\View.php(213): include('APPPATH\\Views\\tbbahan\\modaldetail.php')
 3 SYSTEMPATH\View\View.php(216): CodeIgniter\View\View->CodeIgniter\View\{closure}()
 4 SYSTEMPATH\Common.php(1142): CodeIgniter\View\View->render('tbbahan/modaldetail', [], true)
 5 APPPATH\Controllers\Tbbahan.php(84): view('tbbahan/modaldetail', [...])
 6 SYSTEMPATH\CodeIgniter.php(904): App\Controllers\Tbbahan->formdetail()
 7 SYSTEMPATH\CodeIgniter.php(457): CodeIgniter\CodeIgniter->runController(Object(App\Controllers\Tbbahan))
 8 SYSTEMPATH\CodeIgniter.php(340): CodeIgniter\CodeIgniter->handleRequest(null, Object(Config\Cache), false)
 9 FCPATH\index.php(67): CodeIgniter\CodeIgniter->run()
10 SYSTEMPATH\Commands\Server\rewrite.php(43): require_once('FCPATH\\index.php')
CRITICAL - 2023-02-20 11:25:11 --> Undefined variable $tbbarang
in APPPATH\Views\tbbahan\modaledit.php on line 10.
 1 APPPATH\Views\tbbahan\modaledit.php(10): CodeIgniter\Debug\Exceptions->errorHandler(2, 'Undefined variable $tbbarang', 'APPPATH\\Views\\tbbahan\\modaledit.php', 10)
 2 SYSTEMPATH\View\View.php(213): include('APPPATH\\Views\\tbbahan\\modaledit.php')
 3 SYSTEMPATH\View\View.php(216): CodeIgniter\View\View->CodeIgniter\View\{closure}()
 4 SYSTEMPATH\Common.php(1142): CodeIgniter\View\View->render('tbbahan/modaledit', [], true)
 5 APPPATH\Controllers\Tbbahan.php(175): view('tbbahan/modaledit', [...])
 6 SYSTEMPATH\CodeIgniter.php(904): App\Controllers\Tbbahan->formedit()
 7 SYSTEMPATH\CodeIgniter.php(457): CodeIgniter\CodeIgniter->runController(Object(App\Controllers\Tbbahan))
 8 SYSTEMPATH\CodeIgniter.php(340): CodeIgniter\CodeIgniter->handleRequest(null, Object(Config\Cache), false)
 9 FCPATH\index.php(67): CodeIgniter\CodeIgniter->run()
10 SYSTEMPATH\Commands\Server\rewrite.php(43): require_once('FCPATH\\index.php')
CRITICAL - 2023-02-20 13:37:53 --> Trying to access array offset on value of type null
in APPPATH\Views\tbbahan\modaledit.php on line 25.
 1 APPPATH\Views\tbbahan\modaledit.php(25): CodeIgniter\Debug\Exceptions->errorHandler(2, 'Trying to access array offset on value of type null', 'APPPATH\\Views\\tbbahan\\modaledit.php', 25)
 2 SYSTEMPATH\View\View.php(213): include('APPPATH\\Views\\tbbahan\\modaledit.php')
 3 SYSTEMPATH\View\View.php(216): CodeIgniter\View\View->CodeIgniter\View\{closure}()
 4 SYSTEMPATH\Common.php(1142): CodeIgniter\View\View->render('tbbahan/modaledit', [], true)
 5 APPPATH\Controllers\Tbbahan.php(177): view('tbbahan/modaledit', [...])
 6 SYSTEMPATH\CodeIgniter.php(904): App\Controllers\Tbbahan->formedit()
 7 SYSTEMPATH\CodeIgniter.php(457): CodeIgniter\CodeIgniter->runController(Object(App\Controllers\Tbbahan))
 8 SYSTEMPATH\CodeIgniter.php(340): CodeIgniter\CodeIgniter->handleRequest(null, Object(Config\Cache), false)
 9 FCPATH\index.php(67): CodeIgniter\CodeIgniter->run()
10 SYSTEMPATH\Commands\Server\rewrite.php(43): require_once('FCPATH\\index.php')
CRITICAL - 2023-02-20 13:38:05 --> Trying to access array offset on value of type null
in APPPATH\Views\tbbahan\modaledit.php on line 25.
 1 APPPATH\Views\tbbahan\modaledit.php(25): CodeIgniter\Debug\Exceptions->errorHandler(2, 'Trying to access array offset on value of type null', 'APPPATH\\Views\\tbbahan\\modaledit.php', 25)
 2 SYSTEMPATH\View\View.php(213): include('APPPATH\\Views\\tbbahan\\modaledit.php')
 3 SYSTEMPATH\View\View.php(216): CodeIgniter\View\View->CodeIgniter\View\{closure}()
 4 SYSTEMPATH\Common.php(1142): CodeIgniter\View\View->render('tbbahan/modaledit', [], true)
 5 APPPATH\Controllers\Tbbahan.php(177): view('tbbahan/modaledit', [...])
 6 SYSTEMPATH\CodeIgniter.php(904): App\Controllers\Tbbahan->formedit()
 7 SYSTEMPATH\CodeIgniter.php(457): CodeIgniter\CodeIgniter->runController(Object(App\Controllers\Tbbahan))
 8 SYSTEMPATH\CodeIgniter.php(340): CodeIgniter\CodeIgniter->handleRequest(null, Object(Config\Cache), false)
 9 FCPATH\index.php(67): CodeIgniter\CodeIgniter->run()
10 SYSTEMPATH\Commands\Server\rewrite.php(43): require_once('FCPATH\\index.php')
CRITICAL - 2023-02-20 13:39:43 --> Trying to access array offset on value of type null
in APPPATH\Views\tbbahan\modaledit.php on line 25.
 1 APPPATH\Views\tbbahan\modaledit.php(25): CodeIgniter\Debug\Exceptions->errorHandler(2, 'Trying to access array offset on value of type null', 'APPPATH\\Views\\tbbahan\\modaledit.php', 25)
 2 SYSTEMPATH\View\View.php(213): include('APPPATH\\Views\\tbbahan\\modaledit.php')
 3 SYSTEMPATH\View\View.php(216): CodeIgniter\View\View->CodeIgniter\View\{closure}()
 4 SYSTEMPATH\Common.php(1142): CodeIgniter\View\View->render('tbbahan/modaledit', [], true)
 5 APPPATH\Controllers\Tbbahan.php(177): view('tbbahan/modaledit', [...])
 6 SYSTEMPATH\CodeIgniter.php(904): App\Controllers\Tbbahan->formedit()
 7 SYSTEMPATH\CodeIgniter.php(457): CodeIgniter\CodeIgniter->runController(Object(App\Controllers\Tbbahan))
 8 SYSTEMPATH\CodeIgniter.php(340): CodeIgniter\CodeIgniter->handleRequest(null, Object(Config\Cache), false)
 9 FCPATH\index.php(67): CodeIgniter\CodeIgniter->run()
10 SYSTEMPATH\Commands\Server\rewrite.php(43): require_once('FCPATH\\index.php')
CRITICAL - 2023-02-20 13:40:37 --> Trying to access array offset on value of type null
in APPPATH\Views\tbbahan\modaledit.php on line 25.
 1 APPPATH\Views\tbbahan\modaledit.php(25): CodeIgniter\Debug\Exceptions->errorHandler(2, 'Trying to access array offset on value of type null', 'APPPATH\\Views\\tbbahan\\modaledit.php', 25)
 2 SYSTEMPATH\View\View.php(213): include('APPPATH\\Views\\tbbahan\\modaledit.php')
 3 SYSTEMPATH\View\View.php(216): CodeIgniter\View\View->CodeIgniter\View\{closure}()
 4 SYSTEMPATH\Common.php(1142): CodeIgniter\View\View->render('tbbahan/modaledit', [], true)
 5 APPPATH\Controllers\Tbbahan.php(177): view('tbbahan/modaledit', [...])
 6 SYSTEMPATH\CodeIgniter.php(904): App\Controllers\Tbbahan->formedit()
 7 SYSTEMPATH\CodeIgniter.php(457): CodeIgniter\CodeIgniter->runController(Object(App\Controllers\Tbbahan))
 8 SYSTEMPATH\CodeIgniter.php(340): CodeIgniter\CodeIgniter->handleRequest(null, Object(Config\Cache), false)
 9 FCPATH\index.php(67): CodeIgniter\CodeIgniter->run()
10 SYSTEMPATH\Commands\Server\rewrite.php(43): require_once('FCPATH\\index.php')
CRITICAL - 2023-02-20 13:43:02 --> Trying to access array offset on value of type null
in APPPATH\Views\tbbahan\modaledit.php on line 25.
 1 APPPATH\Views\tbbahan\modaledit.php(25): CodeIgniter\Debug\Exceptions->errorHandler(2, 'Trying to access array offset on value of type null', 'APPPATH\\Views\\tbbahan\\modaledit.php', 25)
 2 SYSTEMPATH\View\View.php(213): include('APPPATH\\Views\\tbbahan\\modaledit.php')
 3 SYSTEMPATH\View\View.php(216): CodeIgniter\View\View->CodeIgniter\View\{closure}()
 4 SYSTEMPATH\Common.php(1142): CodeIgniter\View\View->render('tbbahan/modaledit', [], true)
 5 APPPATH\Controllers\Tbbahan.php(178): view('tbbahan/modaledit', [...])
 6 SYSTEMPATH\CodeIgniter.php(904): App\Controllers\Tbbahan->formedit()
 7 SYSTEMPATH\CodeIgniter.php(457): CodeIgniter\CodeIgniter->runController(Object(App\Controllers\Tbbahan))
 8 SYSTEMPATH\CodeIgniter.php(340): CodeIgniter\CodeIgniter->handleRequest(null, Object(Config\Cache), false)
 9 FCPATH\index.php(67): CodeIgniter\CodeIgniter->run()
10 SYSTEMPATH\Commands\Server\rewrite.php(43): require_once('FCPATH\\index.php')
CRITICAL - 2023-02-20 13:43:57 --> Undefined array key "nmsupplier"
in APPPATH\Views\tbbahan\modaledit.php on line 25.
 1 APPPATH\Views\tbbahan\modaledit.php(25): CodeIgniter\Debug\Exceptions->errorHandler(2, 'Undefined array key "nmsupplier"', 'APPPATH\\Views\\tbbahan\\modaledit.php', 25)
 2 SYSTEMPATH\View\View.php(213): include('APPPATH\\Views\\tbbahan\\modaledit.php')
 3 SYSTEMPATH\View\View.php(216): CodeIgniter\View\View->CodeIgniter\View\{closure}()
 4 SYSTEMPATH\Common.php(1142): CodeIgniter\View\View->render('tbbahan/modaledit', [], true)
 5 APPPATH\Controllers\Tbbahan.php(177): view('tbbahan/modaledit', [...])
 6 SYSTEMPATH\CodeIgniter.php(904): App\Controllers\Tbbahan->formedit()
 7 SYSTEMPATH\CodeIgniter.php(457): CodeIgniter\CodeIgniter->runController(Object(App\Controllers\Tbbahan))
 8 SYSTEMPATH\CodeIgniter.php(340): CodeIgniter\CodeIgniter->handleRequest(null, Object(Config\Cache), false)
 9 FCPATH\index.php(67): CodeIgniter\CodeIgniter->run()
10 SYSTEMPATH\Commands\Server\rewrite.php(43): require_once('FCPATH\\index.php')
CRITICAL - 2023-02-20 13:44:02 --> Undefined array key "nmsupplier"
in APPPATH\Views\tbbahan\modaledit.php on line 25.
 1 APPPATH\Views\tbbahan\modaledit.php(25): CodeIgniter\Debug\Exceptions->errorHandler(2, 'Undefined array key "nmsupplier"', 'APPPATH\\Views\\tbbahan\\modaledit.php', 25)
 2 SYSTEMPATH\View\View.php(213): include('APPPATH\\Views\\tbbahan\\modaledit.php')
 3 SYSTEMPATH\View\View.php(216): CodeIgniter\View\View->CodeIgniter\View\{closure}()
 4 SYSTEMPATH\Common.php(1142): CodeIgniter\View\View->render('tbbahan/modaledit', [], true)
 5 APPPATH\Controllers\Tbbahan.php(177): view('tbbahan/modaledit', [...])
 6 SYSTEMPATH\CodeIgniter.php(904): App\Controllers\Tbbahan->formedit()
 7 SYSTEMPATH\CodeIgniter.php(457): CodeIgniter\CodeIgniter->runController(Object(App\Controllers\Tbbahan))
 8 SYSTEMPATH\CodeIgniter.php(340): CodeIgniter\CodeIgniter->handleRequest(null, Object(Config\Cache), false)
 9 FCPATH\index.php(67): CodeIgniter\CodeIgniter->run()
10 SYSTEMPATH\Commands\Server\rewrite.php(43): require_once('FCPATH\\index.php')
CRITICAL - 2023-02-20 13:44:52 --> Undefined array key "nmsupplier"
in APPPATH\Views\tbbahan\modaledit.php on line 25.
 1 APPPATH\Views\tbbahan\modaledit.php(25): CodeIgniter\Debug\Exceptions->errorHandler(2, 'Undefined array key "nmsupplier"', 'APPPATH\\Views\\tbbahan\\modaledit.php', 25)
 2 SYSTEMPATH\View\View.php(213): include('APPPATH\\Views\\tbbahan\\modaledit.php')
 3 SYSTEMPATH\View\View.php(216): CodeIgniter\View\View->CodeIgniter\View\{closure}()
 4 SYSTEMPATH\Common.php(1142): CodeIgniter\View\View->render('tbbahan/modaledit', [], true)
 5 APPPATH\Controllers\Tbbahan.php(178): view('tbbahan/modaledit', [...])
 6 SYSTEMPATH\CodeIgniter.php(904): App\Controllers\Tbbahan->formedit()
 7 SYSTEMPATH\CodeIgniter.php(457): CodeIgniter\CodeIgniter->runController(Object(App\Controllers\Tbbahan))
 8 SYSTEMPATH\CodeIgniter.php(340): CodeIgniter\CodeIgniter->handleRequest(null, Object(Config\Cache), false)
 9 FCPATH\index.php(67): CodeIgniter\CodeIgniter->run()
10 SYSTEMPATH\Commands\Server\rewrite.php(43): require_once('FCPATH\\index.php')
CRITICAL - 2023-02-20 14:02:35 --> Undefined array key "nama"
in APPPATH\Views\tbbahan\modaledit.php on line 26.
 1 APPPATH\Views\tbbahan\modaledit.php(26): CodeIgniter\Debug\Exceptions->errorHandler(2, 'Undefined array key "nama"', 'APPPATH\\Views\\tbbahan\\modaledit.php', 26)
 2 SYSTEMPATH\View\View.php(213): include('APPPATH\\Views\\tbbahan\\modaledit.php')
 3 SYSTEMPATH\View\View.php(216): CodeIgniter\View\View->CodeIgniter\View\{closure}()
 4 SYSTEMPATH\Common.php(1142): CodeIgniter\View\View->render('tbbahan/modaledit', [], true)
 5 APPPATH\Controllers\Tbbahan.php(177): view('tbbahan/modaledit', [...])
 6 SYSTEMPATH\CodeIgniter.php(904): App\Controllers\Tbbahan->formedit()
 7 SYSTEMPATH\CodeIgniter.php(457): CodeIgniter\CodeIgniter->runController(Object(App\Controllers\Tbbahan))
 8 SYSTEMPATH\CodeIgniter.php(340): CodeIgniter\CodeIgniter->handleRequest(null, Object(Config\Cache), false)
 9 FCPATH\index.php(67): CodeIgniter\CodeIgniter->run()
10 SYSTEMPATH\Commands\Server\rewrite.php(43): require_once('FCPATH\\index.php')
CRITICAL - 2023-02-20 14:03:00 --> Undefined array key "nama"
in APPPATH\Views\tbbahan\modaledit.php on line 26.
 1 APPPATH\Views\tbbahan\modaledit.php(26): CodeIgniter\Debug\Exceptions->errorHandler(2, 'Undefined array key "nama"', 'APPPATH\\Views\\tbbahan\\modaledit.php', 26)
 2 SYSTEMPATH\View\View.php(213): include('APPPATH\\Views\\tbbahan\\modaledit.php')
 3 SYSTEMPATH\View\View.php(216): CodeIgniter\View\View->CodeIgniter\View\{closure}()
 4 SYSTEMPATH\Common.php(1142): CodeIgniter\View\View->render('tbbahan/modaledit', [], true)
 5 APPPATH\Controllers\Tbbahan.php(177): view('tbbahan/modaledit', [...])
 6 SYSTEMPATH\CodeIgniter.php(904): App\Controllers\Tbbahan->formedit()
 7 SYSTEMPATH\CodeIgniter.php(457): CodeIgniter\CodeIgniter->runController(Object(App\Controllers\Tbbahan))
 8 SYSTEMPATH\CodeIgniter.php(340): CodeIgniter\CodeIgniter->handleRequest(null, Object(Config\Cache), false)
 9 FCPATH\index.php(67): CodeIgniter\CodeIgniter->run()
10 SYSTEMPATH\Commands\Server\rewrite.php(43): require_once('FCPATH\\index.php')
CRITICAL - 2023-02-20 14:04:03 --> Undefined array key "nama"
in APPPATH\Views\tbbahan\modaledit.php on line 27.
 1 APPPATH\Views\tbbahan\modaledit.php(27): CodeIgniter\Debug\Exceptions->errorHandler(2, 'Undefined array key "nama"', 'APPPATH\\Views\\tbbahan\\modaledit.php', 27)
 2 SYSTEMPATH\View\View.php(213): include('APPPATH\\Views\\tbbahan\\modaledit.php')
 3 SYSTEMPATH\View\View.php(216): CodeIgniter\View\View->CodeIgniter\View\{closure}()
 4 SYSTEMPATH\Common.php(1142): CodeIgniter\View\View->render('tbbahan/modaledit', [], true)
 5 APPPATH\Controllers\Tbbahan.php(177): view('tbbahan/modaledit', [...])
 6 SYSTEMPATH\CodeIgniter.php(904): App\Controllers\Tbbahan->formedit()
 7 SYSTEMPATH\CodeIgniter.php(457): CodeIgniter\CodeIgniter->runController(Object(App\Controllers\Tbbahan))
 8 SYSTEMPATH\CodeIgniter.php(340): CodeIgniter\CodeIgniter->handleRequest(null, Object(Config\Cache), false)
 9 FCPATH\index.php(67): CodeIgniter\CodeIgniter->run()
10 SYSTEMPATH\Commands\Server\rewrite.php(43): require_once('FCPATH\\index.php')
CRITICAL - 2023-02-20 14:04:21 --> Undefined array key "nama"
in APPPATH\Views\tbbahan\modaledit.php on line 27.
 1 APPPATH\Views\tbbahan\modaledit.php(27): CodeIgniter\Debug\Exceptions->errorHandler(2, 'Undefined array key "nama"', 'APPPATH\\Views\\tbbahan\\modaledit.php', 27)
 2 SYSTEMPATH\View\View.php(213): include('APPPATH\\Views\\tbbahan\\modaledit.php')
 3 SYSTEMPATH\View\View.php(216): CodeIgniter\View\View->CodeIgniter\View\{closure}()
 4 SYSTEMPATH\Common.php(1142): CodeIgniter\View\View->render('tbbahan/modaledit', [], true)
 5 APPPATH\Controllers\Tbbahan.php(177): view('tbbahan/modaledit', [...])
 6 SYSTEMPATH\CodeIgniter.php(904): App\Controllers\Tbbahan->formedit()
 7 SYSTEMPATH\CodeIgniter.php(457): CodeIgniter\CodeIgniter->runController(Object(App\Controllers\Tbbahan))
 8 SYSTEMPATH\CodeIgniter.php(340): CodeIgniter\CodeIgniter->handleRequest(null, Object(Config\Cache), false)
 9 FCPATH\index.php(67): CodeIgniter\CodeIgniter->run()
10 SYSTEMPATH\Commands\Server\rewrite.php(43): require_once('FCPATH\\index.php')
CRITICAL - 2023-02-20 14:06:57 --> Undefined array key "nama"
in APPPATH\Views\tbbahan\modaledit.php on line 27.
 1 APPPATH\Views\tbbahan\modaledit.php(27): CodeIgniter\Debug\Exceptions->errorHandler(2, 'Undefined array key "nama"', 'APPPATH\\Views\\tbbahan\\modaledit.php', 27)
 2 SYSTEMPATH\View\View.php(213): include('APPPATH\\Views\\tbbahan\\modaledit.php')
 3 SYSTEMPATH\View\View.php(216): CodeIgniter\View\View->CodeIgniter\View\{closure}()
 4 SYSTEMPATH\Common.php(1142): CodeIgniter\View\View->render('tbbahan/modaledit', [], true)
 5 APPPATH\Controllers\Tbbahan.php(178): view('tbbahan/modaledit', [...])
 6 SYSTEMPATH\CodeIgniter.php(904): App\Controllers\Tbbahan->formedit()
 7 SYSTEMPATH\CodeIgniter.php(457): CodeIgniter\CodeIgniter->runController(Object(App\Controllers\Tbbahan))
 8 SYSTEMPATH\CodeIgniter.php(340): CodeIgniter\CodeIgniter->handleRequest(null, Object(Config\Cache), false)
 9 FCPATH\index.php(67): CodeIgniter\CodeIgniter->run()
10 SYSTEMPATH\Commands\Server\rewrite.php(43): require_once('FCPATH\\index.php')
CRITICAL - 2023-02-20 14:08:55 --> Undefined array key "nama"
in APPPATH\Views\tbbahan\modaledit.php on line 27.
 1 APPPATH\Views\tbbahan\modaledit.php(27): CodeIgniter\Debug\Exceptions->errorHandler(2, 'Undefined array key "nama"', 'APPPATH\\Views\\tbbahan\\modaledit.php', 27)
 2 SYSTEMPATH\View\View.php(213): include('APPPATH\\Views\\tbbahan\\modaledit.php')
 3 SYSTEMPATH\View\View.php(216): CodeIgniter\View\View->CodeIgniter\View\{closure}()
 4 SYSTEMPATH\Common.php(1142): CodeIgniter\View\View->render('tbbahan/modaledit', [], true)
 5 APPPATH\Controllers\Tbbahan.php(180): view('tbbahan/modaledit', [...])
 6 SYSTEMPATH\CodeIgniter.php(904): App\Controllers\Tbbahan->formedit()
 7 SYSTEMPATH\CodeIgniter.php(457): CodeIgniter\CodeIgniter->runController(Object(App\Controllers\Tbbahan))
 8 SYSTEMPATH\CodeIgniter.php(340): CodeIgniter\CodeIgniter->handleRequest(null, Object(Config\Cache), false)
 9 FCPATH\index.php(67): CodeIgniter\CodeIgniter->run()
10 SYSTEMPATH\Commands\Server\rewrite.php(43): require_once('FCPATH\\index.php')
CRITICAL - 2023-02-20 14:09:03 --> Undefined array key "nama"
in APPPATH\Views\tbbahan\modaledit.php on line 27.
 1 APPPATH\Views\tbbahan\modaledit.php(27): CodeIgniter\Debug\Exceptions->errorHandler(2, 'Undefined array key "nama"', 'APPPATH\\Views\\tbbahan\\modaledit.php', 27)
 2 SYSTEMPATH\View\View.php(213): include('APPPATH\\Views\\tbbahan\\modaledit.php')
 3 SYSTEMPATH\View\View.php(216): CodeIgniter\View\View->CodeIgniter\View\{closure}()
 4 SYSTEMPATH\Common.php(1142): CodeIgniter\View\View->render('tbbahan/modaledit', [], true)
 5 APPPATH\Controllers\Tbbahan.php(180): view('tbbahan/modaledit', [...])
 6 SYSTEMPATH\CodeIgniter.php(904): App\Controllers\Tbbahan->formedit()
 7 SYSTEMPATH\CodeIgniter.php(457): CodeIgniter\CodeIgniter->runController(Object(App\Controllers\Tbbahan))
 8 SYSTEMPATH\CodeIgniter.php(340): CodeIgniter\CodeIgniter->handleRequest(null, Object(Config\Cache), false)
 9 FCPATH\index.php(67): CodeIgniter\CodeIgniter->run()
10 SYSTEMPATH\Commands\Server\rewrite.php(43): require_once('FCPATH\\index.php')
CRITICAL - 2023-02-20 14:09:28 --> Undefined array key "nama"
in APPPATH\Views\tbbahan\modaledit.php on line 27.
 1 APPPATH\Views\tbbahan\modaledit.php(27): CodeIgniter\Debug\Exceptions->errorHandler(2, 'Undefined array key "nama"', 'APPPATH\\Views\\tbbahan\\modaledit.php', 27)
 2 SYSTEMPATH\View\View.php(213): include('APPPATH\\Views\\tbbahan\\modaledit.php')
 3 SYSTEMPATH\View\View.php(216): CodeIgniter\View\View->CodeIgniter\View\{closure}()
 4 SYSTEMPATH\Common.php(1142): CodeIgniter\View\View->render('tbbahan/modaledit', [], true)
 5 APPPATH\Controllers\Tbbahan.php(180): view('tbbahan/modaledit', [...])
 6 SYSTEMPATH\CodeIgniter.php(904): App\Controllers\Tbbahan->formedit()
 7 SYSTEMPATH\CodeIgniter.php(457): CodeIgniter\CodeIgniter->runController(Object(App\Controllers\Tbbahan))
 8 SYSTEMPATH\CodeIgniter.php(340): CodeIgniter\CodeIgniter->handleRequest(null, Object(Config\Cache), false)
 9 FCPATH\index.php(67): CodeIgniter\CodeIgniter->run()
10 SYSTEMPATH\Commands\Server\rewrite.php(43): require_once('FCPATH\\index.php')
CRITICAL - 2023-02-20 14:09:35 --> Undefined array key "nama"
in APPPATH\Views\tbbahan\modaledit.php on line 27.
 1 APPPATH\Views\tbbahan\modaledit.php(27): CodeIgniter\Debug\Exceptions->errorHandler(2, 'Undefined array key "nama"', 'APPPATH\\Views\\tbbahan\\modaledit.php', 27)
 2 SYSTEMPATH\View\View.php(213): include('APPPATH\\Views\\tbbahan\\modaledit.php')
 3 SYSTEMPATH\View\View.php(216): CodeIgniter\View\View->CodeIgniter\View\{closure}()
 4 SYSTEMPATH\Common.php(1142): CodeIgniter\View\View->render('tbbahan/modaledit', [], true)
 5 APPPATH\Controllers\Tbbahan.php(180): view('tbbahan/modaledit', [...])
 6 SYSTEMPATH\CodeIgniter.php(904): App\Controllers\Tbbahan->formedit()
 7 SYSTEMPATH\CodeIgniter.php(457): CodeIgniter\CodeIgniter->runController(Object(App\Controllers\Tbbahan))
 8 SYSTEMPATH\CodeIgniter.php(340): CodeIgniter\CodeIgniter->handleRequest(null, Object(Config\Cache), false)
 9 FCPATH\index.php(67): CodeIgniter\CodeIgniter->run()
10 SYSTEMPATH\Commands\Server\rewrite.php(43): require_once('FCPATH\\index.php')
CRITICAL - 2023-02-20 14:23:36 --> Invalid file: tbsupplier/index.php
in SYSTEMPATH\Exceptions\FrameworkException.php on line 33.
 1 SYSTEMPATH\View\View.php(201): CodeIgniter\Exceptions\FrameworkException::forInvalidFile('tbsupplier/index.php')
 2 SYSTEMPATH\Common.php(1142): CodeIgniter\View\View->render('tbsupplier/index', [], true)
 3 APPPATH\Controllers\Tbsupplier.php(23): view('tbsupplier/index', [...])
 4 SYSTEMPATH\CodeIgniter.php(904): App\Controllers\tbsupplier->index()
 5 SYSTEMPATH\CodeIgniter.php(457): CodeIgniter\CodeIgniter->runController(Object(App\Controllers\tbsupplier))
 6 SYSTEMPATH\CodeIgniter.php(340): CodeIgniter\CodeIgniter->handleRequest(null, Object(Config\Cache), false)
 7 FCPATH\index.php(67): CodeIgniter\CodeIgniter->run()
 8 SYSTEMPATH\Commands\Server\rewrite.php(43): require_once('FCPATH\\index.php')
CRITICAL - 2023-02-20 14:49:55 --> Call to undefined method App\Models\TbsupplierModel::getkode
in SYSTEMPATH\Model.php on line 774.
 1 APPPATH\Controllers\Tbsupplier.php(260): CodeIgniter\Model->__call('getkode', [])
 2 SYSTEMPATH\CodeIgniter.php(904): App\Controllers\tbsupplier->table_supplier()
 3 SYSTEMPATH\CodeIgniter.php(457): CodeIgniter\CodeIgniter->runController(Object(App\Controllers\tbsupplier))
 4 SYSTEMPATH\CodeIgniter.php(340): CodeIgniter\CodeIgniter->handleRequest(null, Object(Config\Cache), false)
 5 FCPATH\index.php(67): CodeIgniter\CodeIgniter->run()
 6 SYSTEMPATH\Commands\Server\rewrite.php(43): require_once('FCPATH\\index.php')
CRITICAL - 2023-02-20 14:50:50 --> Call to a member function getPost() on string
in APPPATH\Models\TbsupplierModel.php on line 32.
 1 APPPATH\Controllers\Tbsupplier.php(34): App\Models\TbsupplierModel->tampilData('ROOTPATH\\public', '0', '10')
 2 SYSTEMPATH\CodeIgniter.php(904): App\Controllers\tbsupplier->ajaxLoadData()
 3 SYSTEMPATH\CodeIgniter.php(457): CodeIgniter\CodeIgniter->runController(Object(App\Controllers\tbsupplier))
 4 SYSTEMPATH\CodeIgniter.php(340): CodeIgniter\CodeIgniter->handleRequest(null, Object(Config\Cache), false)
 5 FCPATH\index.php(67): CodeIgniter\CodeIgniter->run()
 6 SYSTEMPATH\Commands\Server\rewrite.php(43): require_once('FCPATH\\index.php')
CRITICAL - 2023-02-20 14:54:40 --> Undefined variable $kodesupplier
in APPPATH\Views\tbsupplier\modaltambah.php on line 15.
 1 APPPATH\Views\tbsupplier\modaltambah.php(15): CodeIgniter\Debug\Exceptions->errorHandler(2, 'Undefined variable $kodesupplier', 'APPPATH\\Views\\tbsupplier\\modaltambah.php', 15)
 2 SYSTEMPATH\View\View.php(213): include('APPPATH\\Views\\tbsupplier\\modaltambah.php')
 3 SYSTEMPATH\View\View.php(216): CodeIgniter\View\View->CodeIgniter\View\{closure}()
 4 SYSTEMPATH\Common.php(1142): CodeIgniter\View\View->render('tbsupplier/modaltambah', [], true)
 5 APPPATH\Controllers\Tbsupplier.php(97): view('tbsupplier/modaltambah', [...])
 6 SYSTEMPATH\CodeIgniter.php(904): App\Controllers\tbsupplier->formtambah()
 7 SYSTEMPATH\CodeIgniter.php(457): CodeIgniter\CodeIgniter->runController(Object(App\Controllers\tbsupplier))
 8 SYSTEMPATH\CodeIgniter.php(340): CodeIgniter\CodeIgniter->handleRequest(null, Object(Config\Cache), false)
 9 FCPATH\index.php(67): CodeIgniter\CodeIgniter->run()
10 SYSTEMPATH\Commands\Server\rewrite.php(43): require_once('FCPATH\\index.php')
CRITICAL - 2023-02-20 14:54:47 --> Undefined variable $kodesupplier
in APPPATH\Views\tbsupplier\modaltambah.php on line 15.
 1 APPPATH\Views\tbsupplier\modaltambah.php(15): CodeIgniter\Debug\Exceptions->errorHandler(2, 'Undefined variable $kodesupplier', 'APPPATH\\Views\\tbsupplier\\modaltambah.php', 15)
 2 SYSTEMPATH\View\View.php(213): include('APPPATH\\Views\\tbsupplier\\modaltambah.php')
 3 SYSTEMPATH\View\View.php(216): CodeIgniter\View\View->CodeIgniter\View\{closure}()
 4 SYSTEMPATH\Common.php(1142): CodeIgniter\View\View->render('tbsupplier/modaltambah', [], true)
 5 APPPATH\Controllers\Tbsupplier.php(97): view('tbsupplier/modaltambah', [...])
 6 SYSTEMPATH\CodeIgniter.php(904): App\Controllers\tbsupplier->formtambah()
 7 SYSTEMPATH\CodeIgniter.php(457): CodeIgniter\CodeIgniter->runController(Object(App\Controllers\tbsupplier))
 8 SYSTEMPATH\CodeIgniter.php(340): CodeIgniter\CodeIgniter->handleRequest(null, Object(Config\Cache), false)
 9 FCPATH\index.php(67): CodeIgniter\CodeIgniter->run()
10 SYSTEMPATH\Commands\Server\rewrite.php(43): require_once('FCPATH\\index.php')
CRITICAL - 2023-02-20 14:55:07 --> Undefined variable $tbcustomer
in APPPATH\Views\tbsupplier\modaledit.php on line 11.
 1 APPPATH\Views\tbsupplier\modaledit.php(11): CodeIgniter\Debug\Exceptions->errorHandler(2, 'Undefined variable $tbcustomer', 'APPPATH\\Views\\tbsupplier\\modaledit.php', 11)
 2 SYSTEMPATH\View\View.php(213): include('APPPATH\\Views\\tbsupplier\\modaledit.php')
 3 SYSTEMPATH\View\View.php(216): CodeIgniter\View\View->CodeIgniter\View\{closure}()
 4 SYSTEMPATH\Common.php(1142): CodeIgniter\View\View->render('tbsupplier/modaledit', [], true)
 5 APPPATH\Controllers\Tbsupplier.php(176): view('tbsupplier/modaledit', [...])
 6 SYSTEMPATH\CodeIgniter.php(904): App\Controllers\tbsupplier->formedit()
 7 SYSTEMPATH\CodeIgniter.php(457): CodeIgniter\CodeIgniter->runController(Object(App\Controllers\tbsupplier))
 8 SYSTEMPATH\CodeIgniter.php(340): CodeIgniter\CodeIgniter->handleRequest(null, Object(Config\Cache), false)
 9 FCPATH\index.php(67): CodeIgniter\CodeIgniter->run()
10 SYSTEMPATH\Commands\Server\rewrite.php(43): require_once('FCPATH\\index.php')
CRITICAL - 2023-02-20 14:55:09 --> Undefined variable $kodesupplier
in APPPATH\Views\tbsupplier\modaltambah.php on line 15.
 1 APPPATH\Views\tbsupplier\modaltambah.php(15): CodeIgniter\Debug\Exceptions->errorHandler(2, 'Undefined variable $kodesupplier', 'APPPATH\\Views\\tbsupplier\\modaltambah.php', 15)
 2 SYSTEMPATH\View\View.php(213): include('APPPATH\\Views\\tbsupplier\\modaltambah.php')
 3 SYSTEMPATH\View\View.php(216): CodeIgniter\View\View->CodeIgniter\View\{closure}()
 4 SYSTEMPATH\Common.php(1142): CodeIgniter\View\View->render('tbsupplier/modaltambah', [], true)
 5 APPPATH\Controllers\Tbsupplier.php(97): view('tbsupplier/modaltambah', [...])
 6 SYSTEMPATH\CodeIgniter.php(904): App\Controllers\tbsupplier->formtambah()
 7 SYSTEMPATH\CodeIgniter.php(457): CodeIgniter\CodeIgniter->runController(Object(App\Controllers\tbsupplier))
 8 SYSTEMPATH\CodeIgniter.php(340): CodeIgniter\CodeIgniter->handleRequest(null, Object(Config\Cache), false)
 9 FCPATH\index.php(67): CodeIgniter\CodeIgniter->run()
10 SYSTEMPATH\Commands\Server\rewrite.php(43): require_once('FCPATH\\index.php')
CRITICAL - 2023-02-20 14:55:26 --> Undefined variable $kodesupplier
in APPPATH\Views\tbsupplier\modaltambah.php on line 15.
 1 APPPATH\Views\tbsupplier\modaltambah.php(15): CodeIgniter\Debug\Exceptions->errorHandler(2, 'Undefined variable $kodesupplier', 'APPPATH\\Views\\tbsupplier\\modaltambah.php', 15)
 2 SYSTEMPATH\View\View.php(213): include('APPPATH\\Views\\tbsupplier\\modaltambah.php')
 3 SYSTEMPATH\View\View.php(216): CodeIgniter\View\View->CodeIgniter\View\{closure}()
 4 SYSTEMPATH\Common.php(1142): CodeIgniter\View\View->render('tbsupplier/modaltambah', [], true)
 5 APPPATH\Controllers\Tbsupplier.php(97): view('tbsupplier/modaltambah', [...])
 6 SYSTEMPATH\CodeIgniter.php(904): App\Controllers\tbsupplier->formtambah()
 7 SYSTEMPATH\CodeIgniter.php(457): CodeIgniter\CodeIgniter->runController(Object(App\Controllers\tbsupplier))
 8 SYSTEMPATH\CodeIgniter.php(340): CodeIgniter\CodeIgniter->handleRequest(null, Object(Config\Cache), false)
 9 FCPATH\index.php(67): CodeIgniter\CodeIgniter->run()
10 SYSTEMPATH\Commands\Server\rewrite.php(43): require_once('FCPATH\\index.php')
CRITICAL - 2023-02-20 14:56:57 --> Undefined variable $kodesupplier
in APPPATH\Views\tbsupplier\modaltambah.php on line 15.
 1 APPPATH\Views\tbsupplier\modaltambah.php(15): CodeIgniter\Debug\Exceptions->errorHandler(2, 'Undefined variable $kodesupplier', 'APPPATH\\Views\\tbsupplier\\modaltambah.php', 15)
 2 SYSTEMPATH\View\View.php(213): include('APPPATH\\Views\\tbsupplier\\modaltambah.php')
 3 SYSTEMPATH\View\View.php(216): CodeIgniter\View\View->CodeIgniter\View\{closure}()
 4 SYSTEMPATH\Common.php(1142): CodeIgniter\View\View->render('tbsupplier/modaltambah', [], true)
 5 APPPATH\Controllers\Tbsupplier.php(97): view('tbsupplier/modaltambah', [...])
 6 SYSTEMPATH\CodeIgniter.php(904): App\Controllers\tbsupplier->formtambah()
 7 SYSTEMPATH\CodeIgniter.php(457): CodeIgniter\CodeIgniter->runController(Object(App\Controllers\tbsupplier))
 8 SYSTEMPATH\CodeIgniter.php(340): CodeIgniter\CodeIgniter->handleRequest(null, Object(Config\Cache), false)
 9 FCPATH\index.php(67): CodeIgniter\CodeIgniter->run()
10 SYSTEMPATH\Commands\Server\rewrite.php(43): require_once('FCPATH\\index.php')
CRITICAL - 2023-02-20 15:13:25 --> Undefined variable $tbcustomer
in APPPATH\Views\tbsupplier\modaledit.php on line 11.
 1 APPPATH\Views\tbsupplier\modaledit.php(11): CodeIgniter\Debug\Exceptions->errorHandler(2, 'Undefined variable $tbcustomer', 'APPPATH\\Views\\tbsupplier\\modaledit.php', 11)
 2 SYSTEMPATH\View\View.php(213): include('APPPATH\\Views\\tbsupplier\\modaledit.php')
 3 SYSTEMPATH\View\View.php(216): CodeIgniter\View\View->CodeIgniter\View\{closure}()
 4 SYSTEMPATH\Common.php(1142): CodeIgniter\View\View->render('tbsupplier/modaledit', [], true)
 5 APPPATH\Controllers\Tbsupplier.php(177): view('tbsupplier/modaledit', [...])
 6 SYSTEMPATH\CodeIgniter.php(904): App\Controllers\tbsupplier->formedit()
 7 SYSTEMPATH\CodeIgniter.php(457): CodeIgniter\CodeIgniter->runController(Object(App\Controllers\tbsupplier))
 8 SYSTEMPATH\CodeIgniter.php(340): CodeIgniter\CodeIgniter->handleRequest(null, Object(Config\Cache), false)
 9 FCPATH\index.php(67): CodeIgniter\CodeIgniter->run()
10 SYSTEMPATH\Commands\Server\rewrite.php(43): require_once('FCPATH\\index.php')
