CRITICAL - 2022-11-15 11:35:28 --> Undefined variable $tbcustomer
in APPPATH\Views\wo\modaldetail.php on line 10.
 1 APPPATH\Views\wo\modaldetail.php(10): CodeIgniter\Debug\Exceptions->errorHandler(2, 'Undefined variable $tbcustomer', 'APPPATH\\Views\\wo\\modaldetail.php', 10)
 2 SYSTEMPATH\View\View.php(213): include('APPPATH\\Views\\wo\\modaldetail.php')
 3 SYSTEMPATH\View\View.php(216): CodeIgniter\View\View->CodeIgniter\View\{closure}()
 4 SYSTEMPATH\Common.php(1142): CodeIgniter\View\View->render('wo/modaldetail', [], true)
 5 APPPATH\Controllers\Wo.php(80): view('wo/modaldetail', [...])
 6 SYSTEMPATH\CodeIgniter.php(904): App\Controllers\Wo->formdetail()
 7 SYSTEMPATH\CodeIgniter.php(457): CodeIgniter\CodeIgniter->runController(Object(App\Controllers\Wo))
 8 SYSTEMPATH\CodeIgniter.php(340): CodeIgniter\CodeIgniter->handleRequest(null, Object(Config\Cache), false)
 9 FCPATH\index.php(67): CodeIgniter\CodeIgniter->run()
10 SYSTEMPATH\Commands\Server\rewrite.php(43): require_once('FCPATH\\index.php')
CRITICAL - 2022-11-15 11:35:36 --> Trying to access array offset on value of type null
in APPPATH\Views\wo\modaledit.php on line 11.
 1 APPPATH\Views\wo\modaledit.php(11): CodeIgniter\Debug\Exceptions->errorHandler(2, 'Trying to access array offset on value of type null', 'APPPATH\\Views\\wo\\modaledit.php', 11)
 2 SYSTEMPATH\View\View.php(213): include('APPPATH\\Views\\wo\\modaledit.php')
 3 SYSTEMPATH\View\View.php(216): CodeIgniter\View\View->CodeIgniter\View\{closure}()
 4 SYSTEMPATH\Common.php(1142): CodeIgniter\View\View->render('wo/modaledit', [], true)
 5 APPPATH\Controllers\Wo.php(193): view('wo/modaledit', [...])
 6 SYSTEMPATH\CodeIgniter.php(904): App\Controllers\Wo->formedit()
 7 SYSTEMPATH\CodeIgniter.php(457): CodeIgniter\CodeIgniter->runController(Object(App\Controllers\Wo))
 8 SYSTEMPATH\CodeIgniter.php(340): CodeIgniter\CodeIgniter->handleRequest(null, Object(Config\Cache), false)
 9 FCPATH\index.php(67): CodeIgniter\CodeIgniter->run()
10 SYSTEMPATH\Commands\Server\rewrite.php(43): require_once('FCPATH\\index.php')
CRITICAL - 2022-11-15 11:35:45 --> Undefined variable $tbcustomer
in APPPATH\Views\wo\modaldetail.php on line 10.
 1 APPPATH\Views\wo\modaldetail.php(10): CodeIgniter\Debug\Exceptions->errorHandler(2, 'Undefined variable $tbcustomer', 'APPPATH\\Views\\wo\\modaldetail.php', 10)
 2 SYSTEMPATH\View\View.php(213): include('APPPATH\\Views\\wo\\modaldetail.php')
 3 SYSTEMPATH\View\View.php(216): CodeIgniter\View\View->CodeIgniter\View\{closure}()
 4 SYSTEMPATH\Common.php(1142): CodeIgniter\View\View->render('wo/modaldetail', [], true)
 5 APPPATH\Controllers\Wo.php(80): view('wo/modaldetail', [...])
 6 SYSTEMPATH\CodeIgniter.php(904): App\Controllers\Wo->formdetail()
 7 SYSTEMPATH\CodeIgniter.php(457): CodeIgniter\CodeIgniter->runController(Object(App\Controllers\Wo))
 8 SYSTEMPATH\CodeIgniter.php(340): CodeIgniter\CodeIgniter->handleRequest(null, Object(Config\Cache), false)
 9 FCPATH\index.php(67): CodeIgniter\CodeIgniter->run()
10 SYSTEMPATH\Commands\Server\rewrite.php(43): require_once('FCPATH\\index.php')
CRITICAL - 2022-11-15 11:35:56 --> Undefined variable $tbcustomer
in APPPATH\Views\wo\modaldetail.php on line 10.
 1 APPPATH\Views\wo\modaldetail.php(10): CodeIgniter\Debug\Exceptions->errorHandler(2, 'Undefined variable $tbcustomer', 'APPPATH\\Views\\wo\\modaldetail.php', 10)
 2 SYSTEMPATH\View\View.php(213): include('APPPATH\\Views\\wo\\modaldetail.php')
 3 SYSTEMPATH\View\View.php(216): CodeIgniter\View\View->CodeIgniter\View\{closure}()
 4 SYSTEMPATH\Common.php(1142): CodeIgniter\View\View->render('wo/modaldetail', [], true)
 5 APPPATH\Controllers\Wo.php(80): view('wo/modaldetail', [...])
 6 SYSTEMPATH\CodeIgniter.php(904): App\Controllers\Wo->formdetail()
 7 SYSTEMPATH\CodeIgniter.php(457): CodeIgniter\CodeIgniter->runController(Object(App\Controllers\Wo))
 8 SYSTEMPATH\CodeIgniter.php(340): CodeIgniter\CodeIgniter->handleRequest(null, Object(Config\Cache), false)
 9 FCPATH\index.php(67): CodeIgniter\CodeIgniter->run()
10 SYSTEMPATH\Commands\Server\rewrite.php(43): require_once('FCPATH\\index.php')
CRITICAL - 2022-11-15 11:36:26 --> Trying to access array offset on value of type null
in APPPATH\Views\wo\modaledit.php on line 11.
 1 APPPATH\Views\wo\modaledit.php(11): CodeIgniter\Debug\Exceptions->errorHandler(2, 'Trying to access array offset on value of type null', 'APPPATH\\Views\\wo\\modaledit.php', 11)
 2 SYSTEMPATH\View\View.php(213): include('APPPATH\\Views\\wo\\modaledit.php')
 3 SYSTEMPATH\View\View.php(216): CodeIgniter\View\View->CodeIgniter\View\{closure}()
 4 SYSTEMPATH\Common.php(1142): CodeIgniter\View\View->render('wo/modaledit', [], true)
 5 APPPATH\Controllers\Wo.php(193): view('wo/modaledit', [...])
 6 SYSTEMPATH\CodeIgniter.php(904): App\Controllers\Wo->formedit()
 7 SYSTEMPATH\CodeIgniter.php(457): CodeIgniter\CodeIgniter->runController(Object(App\Controllers\Wo))
 8 SYSTEMPATH\CodeIgniter.php(340): CodeIgniter\CodeIgniter->handleRequest(null, Object(Config\Cache), false)
 9 FCPATH\index.php(67): CodeIgniter\CodeIgniter->run()
10 SYSTEMPATH\Commands\Server\rewrite.php(43): require_once('FCPATH\\index.php')
CRITICAL - 2022-11-15 11:38:19 --> Undefined variable $tbcustomer
in APPPATH\Views\wo\modaldetail.php on line 10.
 1 APPPATH\Views\wo\modaldetail.php(10): CodeIgniter\Debug\Exceptions->errorHandler(2, 'Undefined variable $tbcustomer', 'APPPATH\\Views\\wo\\modaldetail.php', 10)
 2 SYSTEMPATH\View\View.php(213): include('APPPATH\\Views\\wo\\modaldetail.php')
 3 SYSTEMPATH\View\View.php(216): CodeIgniter\View\View->CodeIgniter\View\{closure}()
 4 SYSTEMPATH\Common.php(1142): CodeIgniter\View\View->render('wo/modaldetail', [], true)
 5 APPPATH\Controllers\Wo.php(80): view('wo/modaldetail', [...])
 6 SYSTEMPATH\CodeIgniter.php(904): App\Controllers\Wo->formdetail()
 7 SYSTEMPATH\CodeIgniter.php(457): CodeIgniter\CodeIgniter->runController(Object(App\Controllers\Wo))
 8 SYSTEMPATH\CodeIgniter.php(340): CodeIgniter\CodeIgniter->handleRequest(null, Object(Config\Cache), false)
 9 FCPATH\index.php(67): CodeIgniter\CodeIgniter->run()
10 SYSTEMPATH\Commands\Server\rewrite.php(43): require_once('FCPATH\\index.php')
CRITICAL - 2022-11-15 11:38:46 --> Undefined variable $tbcustomer
in APPPATH\Views\wo\modaldetail.php on line 10.
 1 APPPATH\Views\wo\modaldetail.php(10): CodeIgniter\Debug\Exceptions->errorHandler(2, 'Undefined variable $tbcustomer', 'APPPATH\\Views\\wo\\modaldetail.php', 10)
 2 SYSTEMPATH\View\View.php(213): include('APPPATH\\Views\\wo\\modaldetail.php')
 3 SYSTEMPATH\View\View.php(216): CodeIgniter\View\View->CodeIgniter\View\{closure}()
 4 SYSTEMPATH\Common.php(1142): CodeIgniter\View\View->render('wo/modaldetail', [], true)
 5 APPPATH\Controllers\Wo.php(80): view('wo/modaldetail', [...])
 6 SYSTEMPATH\CodeIgniter.php(904): App\Controllers\Wo->formdetail()
 7 SYSTEMPATH\CodeIgniter.php(457): CodeIgniter\CodeIgniter->runController(Object(App\Controllers\Wo))
 8 SYSTEMPATH\CodeIgniter.php(340): CodeIgniter\CodeIgniter->handleRequest(null, Object(Config\Cache), false)
 9 FCPATH\index.php(67): CodeIgniter\CodeIgniter->run()
10 SYSTEMPATH\Commands\Server\rewrite.php(43): require_once('FCPATH\\index.php')
CRITICAL - 2022-11-15 11:40:31 --> Undefined variable $tbcustomer
in APPPATH\Views\wo\modaldetail.php on line 10.
 1 APPPATH\Views\wo\modaldetail.php(10): CodeIgniter\Debug\Exceptions->errorHandler(2, 'Undefined variable $tbcustomer', 'APPPATH\\Views\\wo\\modaldetail.php', 10)
 2 SYSTEMPATH\View\View.php(213): include('APPPATH\\Views\\wo\\modaldetail.php')
 3 SYSTEMPATH\View\View.php(216): CodeIgniter\View\View->CodeIgniter\View\{closure}()
 4 SYSTEMPATH\Common.php(1142): CodeIgniter\View\View->render('wo/modaldetail', [], true)
 5 APPPATH\Controllers\Wo.php(80): view('wo/modaldetail', [...])
 6 SYSTEMPATH\CodeIgniter.php(904): App\Controllers\Wo->formdetail()
 7 SYSTEMPATH\CodeIgniter.php(457): CodeIgniter\CodeIgniter->runController(Object(App\Controllers\Wo))
 8 SYSTEMPATH\CodeIgniter.php(340): CodeIgniter\CodeIgniter->handleRequest(null, Object(Config\Cache), false)
 9 FCPATH\index.php(67): CodeIgniter\CodeIgniter->run()
10 SYSTEMPATH\Commands\Server\rewrite.php(43): require_once('FCPATH\\index.php')
CRITICAL - 2022-11-15 11:42:01 --> Undefined variable $tbmobil
in APPPATH\Views\tbmobil\modaldetail.php on line 14.
 1 APPPATH\Views\tbmobil\modaldetail.php(14): CodeIgniter\Debug\Exceptions->errorHandler(2, 'Undefined variable $tbmobil', 'APPPATH\\Views\\tbmobil\\modaldetail.php', 14)
 2 SYSTEMPATH\View\View.php(213): include('APPPATH\\Views\\tbmobil\\modaldetail.php')
 3 SYSTEMPATH\View\View.php(216): CodeIgniter\View\View->CodeIgniter\View\{closure}()
 4 SYSTEMPATH\Common.php(1142): CodeIgniter\View\View->render('tbmobil/modaldetail', [], true)
 5 APPPATH\Controllers\Wo.php(80): view('tbmobil/modaldetail', [...])
 6 SYSTEMPATH\CodeIgniter.php(904): App\Controllers\Wo->formdetail()
 7 SYSTEMPATH\CodeIgniter.php(457): CodeIgniter\CodeIgniter->runController(Object(App\Controllers\Wo))
 8 SYSTEMPATH\CodeIgniter.php(340): CodeIgniter\CodeIgniter->handleRequest(null, Object(Config\Cache), false)
 9 FCPATH\index.php(67): CodeIgniter\CodeIgniter->run()
10 SYSTEMPATH\Commands\Server\rewrite.php(43): require_once('FCPATH\\index.php')
CRITICAL - 2022-11-15 11:44:17 --> Undefined property: App\Controllers\Wo::$tbmerekModel
in APPPATH\Controllers\Wo.php on line 80.
 1 APPPATH\Controllers\Wo.php(80): CodeIgniter\Debug\Exceptions->errorHandler(2, 'Undefined property: App\\Controllers\\Wo::$tbmerekModel', 'APPPATH\\Controllers\\Wo.php', 80)
 2 SYSTEMPATH\CodeIgniter.php(904): App\Controllers\Wo->formdetail()
 3 SYSTEMPATH\CodeIgniter.php(457): CodeIgniter\CodeIgniter->runController(Object(App\Controllers\Wo))
 4 SYSTEMPATH\CodeIgniter.php(340): CodeIgniter\CodeIgniter->handleRequest(null, Object(Config\Cache), false)
 5 FCPATH\index.php(67): CodeIgniter\CodeIgniter->run()
 6 SYSTEMPATH\Commands\Server\rewrite.php(43): require_once('FCPATH\\index.php')
CRITICAL - 2022-11-15 11:49:06 --> Undefined property: App\Controllers\Wo::$tbmerekModel
in APPPATH\Controllers\Wo.php on line 80.
 1 APPPATH\Controllers\Wo.php(80): CodeIgniter\Debug\Exceptions->errorHandler(2, 'Undefined property: App\\Controllers\\Wo::$tbmerekModel', 'APPPATH\\Controllers\\Wo.php', 80)
 2 SYSTEMPATH\CodeIgniter.php(904): App\Controllers\Wo->formdetail()
 3 SYSTEMPATH\CodeIgniter.php(457): CodeIgniter\CodeIgniter->runController(Object(App\Controllers\Wo))
 4 SYSTEMPATH\CodeIgniter.php(340): CodeIgniter\CodeIgniter->handleRequest(null, Object(Config\Cache), false)
 5 FCPATH\index.php(67): CodeIgniter\CodeIgniter->run()
 6 SYSTEMPATH\Commands\Server\rewrite.php(43): require_once('FCPATH\\index.php')
CRITICAL - 2022-11-15 11:50:24 --> Trying to access array offset on value of type null
in APPPATH\Views\wo\modaledit.php on line 11.
 1 APPPATH\Views\wo\modaledit.php(11): CodeIgniter\Debug\Exceptions->errorHandler(2, 'Trying to access array offset on value of type null', 'APPPATH\\Views\\wo\\modaledit.php', 11)
 2 SYSTEMPATH\View\View.php(213): include('APPPATH\\Views\\wo\\modaledit.php')
 3 SYSTEMPATH\View\View.php(216): CodeIgniter\View\View->CodeIgniter\View\{closure}()
 4 SYSTEMPATH\Common.php(1142): CodeIgniter\View\View->render('wo/modaledit', [], true)
 5 APPPATH\Controllers\Wo.php(214): view('wo/modaledit', [...])
 6 SYSTEMPATH\CodeIgniter.php(904): App\Controllers\Wo->formedit()
 7 SYSTEMPATH\CodeIgniter.php(457): CodeIgniter\CodeIgniter->runController(Object(App\Controllers\Wo))
 8 SYSTEMPATH\CodeIgniter.php(340): CodeIgniter\CodeIgniter->handleRequest(null, Object(Config\Cache), false)
 9 FCPATH\index.php(67): CodeIgniter\CodeIgniter->run()
10 SYSTEMPATH\Commands\Server\rewrite.php(43): require_once('FCPATH\\index.php')
CRITICAL - 2022-11-15 11:51:33 --> Undefined array key "id"
in APPPATH\Views\tbmobil\modaledit.php on line 11.
 1 APPPATH\Views\tbmobil\modaledit.php(11): CodeIgniter\Debug\Exceptions->errorHandler(2, 'Undefined array key "id"', 'APPPATH\\Views\\tbmobil\\modaledit.php', 11)
 2 SYSTEMPATH\View\View.php(213): include('APPPATH\\Views\\tbmobil\\modaledit.php')
 3 SYSTEMPATH\View\View.php(216): CodeIgniter\View\View->CodeIgniter\View\{closure}()
 4 SYSTEMPATH\Common.php(1142): CodeIgniter\View\View->render('tbmobil/modaledit', [], true)
 5 APPPATH\Controllers\Wo.php(214): view('tbmobil/modaledit', [...])
 6 SYSTEMPATH\CodeIgniter.php(904): App\Controllers\Wo->formedit()
 7 SYSTEMPATH\CodeIgniter.php(457): CodeIgniter\CodeIgniter->runController(Object(App\Controllers\Wo))
 8 SYSTEMPATH\CodeIgniter.php(340): CodeIgniter\CodeIgniter->handleRequest(null, Object(Config\Cache), false)
 9 FCPATH\index.php(67): CodeIgniter\CodeIgniter->run()
10 SYSTEMPATH\Commands\Server\rewrite.php(43): require_once('FCPATH\\index.php')
CRITICAL - 2022-11-15 11:51:45 --> Undefined array key "id"
in APPPATH\Views\tbmobil\modaledit.php on line 11.
 1 APPPATH\Views\tbmobil\modaledit.php(11): CodeIgniter\Debug\Exceptions->errorHandler(2, 'Undefined array key "id"', 'APPPATH\\Views\\tbmobil\\modaledit.php', 11)
 2 SYSTEMPATH\View\View.php(213): include('APPPATH\\Views\\tbmobil\\modaledit.php')
 3 SYSTEMPATH\View\View.php(216): CodeIgniter\View\View->CodeIgniter\View\{closure}()
 4 SYSTEMPATH\Common.php(1142): CodeIgniter\View\View->render('tbmobil/modaledit', [], true)
 5 APPPATH\Controllers\Wo.php(214): view('tbmobil/modaledit', [...])
 6 SYSTEMPATH\CodeIgniter.php(904): App\Controllers\Wo->formedit()
 7 SYSTEMPATH\CodeIgniter.php(457): CodeIgniter\CodeIgniter->runController(Object(App\Controllers\Wo))
 8 SYSTEMPATH\CodeIgniter.php(340): CodeIgniter\CodeIgniter->handleRequest(null, Object(Config\Cache), false)
 9 FCPATH\index.php(67): CodeIgniter\CodeIgniter->run()
10 SYSTEMPATH\Commands\Server\rewrite.php(43): require_once('FCPATH\\index.php')
CRITICAL - 2022-11-15 11:52:34 --> Invalid file: tbmobil/modaledit1.php
in SYSTEMPATH\Exceptions\FrameworkException.php on line 33.
 1 SYSTEMPATH\View\View.php(201): CodeIgniter\Exceptions\FrameworkException::forInvalidFile('tbmobil/modaledit1.php')
 2 SYSTEMPATH\Common.php(1142): CodeIgniter\View\View->render('tbmobil/modaledit1', [], true)
 3 APPPATH\Controllers\Wo.php(214): view('tbmobil/modaledit1', [...])
 4 SYSTEMPATH\CodeIgniter.php(904): App\Controllers\Wo->formedit()
 5 SYSTEMPATH\CodeIgniter.php(457): CodeIgniter\CodeIgniter->runController(Object(App\Controllers\Wo))
 6 SYSTEMPATH\CodeIgniter.php(340): CodeIgniter\CodeIgniter->handleRequest(null, Object(Config\Cache), false)
 7 FCPATH\index.php(67): CodeIgniter\CodeIgniter->run()
 8 SYSTEMPATH\Commands\Server\rewrite.php(43): require_once('FCPATH\\index.php')
CRITICAL - 2022-11-15 13:38:39 --> Invalid file: tbmobil/modaledit1.php
in SYSTEMPATH\Exceptions\FrameworkException.php on line 33.
 1 SYSTEMPATH\View\View.php(201): CodeIgniter\Exceptions\FrameworkException::forInvalidFile('tbmobil/modaledit1.php')
 2 SYSTEMPATH\Common.php(1142): CodeIgniter\View\View->render('tbmobil/modaledit1', [], true)
 3 APPPATH\Controllers\Tbmobil.php(206): view('tbmobil/modaledit1', [...])
 4 SYSTEMPATH\CodeIgniter.php(904): App\Controllers\tbmobil->formedit()
 5 SYSTEMPATH\CodeIgniter.php(457): CodeIgniter\CodeIgniter->runController(Object(App\Controllers\tbmobil))
 6 SYSTEMPATH\CodeIgniter.php(340): CodeIgniter\CodeIgniter->handleRequest(null, Object(Config\Cache), false)
 7 FCPATH\index.php(67): CodeIgniter\CodeIgniter->run()
 8 SYSTEMPATH\Commands\Server\rewrite.php(43): require_once('FCPATH\\index.php')
CRITICAL - 2022-11-15 13:55:47 --> Invalid file: wo/table_wo.php
in SYSTEMPATH\Exceptions\FrameworkException.php on line 33.
 1 SYSTEMPATH\View\View.php(201): CodeIgniter\Exceptions\FrameworkException::forInvalidFile('wo/table_wo.php')
 2 SYSTEMPATH\Common.php(1142): CodeIgniter\View\View->render('wo/table_wo', [], true)
 3 APPPATH\Controllers\Wo.php(490): view('wo/table_wo', [...])
 4 SYSTEMPATH\CodeIgniter.php(904): App\Controllers\Wo->formwo()
 5 SYSTEMPATH\CodeIgniter.php(457): CodeIgniter\CodeIgniter->runController(Object(App\Controllers\Wo))
 6 SYSTEMPATH\CodeIgniter.php(340): CodeIgniter\CodeIgniter->handleRequest(null, Object(Config\Cache), false)
 7 FCPATH\index.php(67): CodeIgniter\CodeIgniter->run()
 8 SYSTEMPATH\Commands\Server\rewrite.php(43): require_once('FCPATH\\index.php')
CRITICAL - 2022-11-15 13:58:23 --> Undefined variable $tbcustomer
in APPPATH\Views\wo\modalwo.php on line 10.
 1 APPPATH\Views\wo\modalwo.php(10): CodeIgniter\Debug\Exceptions->errorHandler(2, 'Undefined variable $tbcustomer', 'APPPATH\\Views\\wo\\modalwo.php', 10)
 2 SYSTEMPATH\View\View.php(213): include('APPPATH\\Views\\wo\\modalwo.php')
 3 SYSTEMPATH\View\View.php(216): CodeIgniter\View\View->CodeIgniter\View\{closure}()
 4 SYSTEMPATH\Common.php(1142): CodeIgniter\View\View->render('wo/modalwo', [], true)
 5 APPPATH\Controllers\Wo.php(490): view('wo/modalwo', [...])
 6 SYSTEMPATH\CodeIgniter.php(904): App\Controllers\Wo->formwo()
 7 SYSTEMPATH\CodeIgniter.php(457): CodeIgniter\CodeIgniter->runController(Object(App\Controllers\Wo))
 8 SYSTEMPATH\CodeIgniter.php(340): CodeIgniter\CodeIgniter->handleRequest(null, Object(Config\Cache), false)
 9 FCPATH\index.php(67): CodeIgniter\CodeIgniter->run()
10 SYSTEMPATH\Commands\Server\rewrite.php(43): require_once('FCPATH\\index.php')
CRITICAL - 2022-11-15 14:00:15 --> Undefined variable $tbcustomer
in APPPATH\Views\wo\modalwo.php on line 10.
 1 APPPATH\Views\wo\modalwo.php(10): CodeIgniter\Debug\Exceptions->errorHandler(2, 'Undefined variable $tbcustomer', 'APPPATH\\Views\\wo\\modalwo.php', 10)
 2 SYSTEMPATH\View\View.php(213): include('APPPATH\\Views\\wo\\modalwo.php')
 3 SYSTEMPATH\View\View.php(216): CodeIgniter\View\View->CodeIgniter\View\{closure}()
 4 SYSTEMPATH\Common.php(1142): CodeIgniter\View\View->render('wo/modalwo', [], true)
 5 APPPATH\Controllers\Wo.php(494): view('wo/modalwo', [...])
 6 SYSTEMPATH\CodeIgniter.php(904): App\Controllers\Wo->formwo()
 7 SYSTEMPATH\CodeIgniter.php(457): CodeIgniter\CodeIgniter->runController(Object(App\Controllers\Wo))
 8 SYSTEMPATH\CodeIgniter.php(340): CodeIgniter\CodeIgniter->handleRequest(null, Object(Config\Cache), false)
 9 FCPATH\index.php(67): CodeIgniter\CodeIgniter->run()
10 SYSTEMPATH\Commands\Server\rewrite.php(43): require_once('FCPATH\\index.php')
CRITICAL - 2022-11-15 14:04:15 --> Undefined variable $tbcustomer
in APPPATH\Views\wo\modalwo.php on line 10.
 1 APPPATH\Views\wo\modalwo.php(10): CodeIgniter\Debug\Exceptions->errorHandler(2, 'Undefined variable $tbcustomer', 'APPPATH\\Views\\wo\\modalwo.php', 10)
 2 SYSTEMPATH\View\View.php(213): include('APPPATH\\Views\\wo\\modalwo.php')
 3 SYSTEMPATH\View\View.php(216): CodeIgniter\View\View->CodeIgniter\View\{closure}()
 4 SYSTEMPATH\Common.php(1142): CodeIgniter\View\View->render('wo/modalwo', [], true)
 5 APPPATH\Controllers\Wo.php(491): view('wo/modalwo', [...])
 6 SYSTEMPATH\CodeIgniter.php(904): App\Controllers\Wo->formwo()
 7 SYSTEMPATH\CodeIgniter.php(457): CodeIgniter\CodeIgniter->runController(Object(App\Controllers\Wo))
 8 SYSTEMPATH\CodeIgniter.php(340): CodeIgniter\CodeIgniter->handleRequest(null, Object(Config\Cache), false)
 9 FCPATH\index.php(67): CodeIgniter\CodeIgniter->run()
10 SYSTEMPATH\Commands\Server\rewrite.php(43): require_once('FCPATH\\index.php')
CRITICAL - 2022-11-15 14:06:23 --> Call to undefined method App\Models\TbcustomerModel::getkode
in SYSTEMPATH\Model.php on line 774.
 1 APPPATH\Controllers\Wo.php(490): CodeIgniter\Model->__call('getkode', [...])
 2 SYSTEMPATH\CodeIgniter.php(904): App\Controllers\Wo->formwo()
 3 SYSTEMPATH\CodeIgniter.php(457): CodeIgniter\CodeIgniter->runController(Object(App\Controllers\Wo))
 4 SYSTEMPATH\CodeIgniter.php(340): CodeIgniter\CodeIgniter->handleRequest(null, Object(Config\Cache), false)
 5 FCPATH\index.php(67): CodeIgniter\CodeIgniter->run()
 6 SYSTEMPATH\Commands\Server\rewrite.php(43): require_once('FCPATH\\index.php')
CRITICAL - 2022-11-15 14:07:27 --> Undefined array key "id"
in APPPATH\Views\wo\modalwo.php on line 10.
 1 APPPATH\Views\wo\modalwo.php(10): CodeIgniter\Debug\Exceptions->errorHandler(2, 'Undefined array key "id"', 'APPPATH\\Views\\wo\\modalwo.php', 10)
 2 SYSTEMPATH\View\View.php(213): include('APPPATH\\Views\\wo\\modalwo.php')
 3 SYSTEMPATH\View\View.php(216): CodeIgniter\View\View->CodeIgniter\View\{closure}()
 4 SYSTEMPATH\Common.php(1142): CodeIgniter\View\View->render('wo/modalwo', [], true)
 5 APPPATH\Controllers\Wo.php(493): view('wo/modalwo', [...])
 6 SYSTEMPATH\CodeIgniter.php(904): App\Controllers\Wo->formwo()
 7 SYSTEMPATH\CodeIgniter.php(457): CodeIgniter\CodeIgniter->runController(Object(App\Controllers\Wo))
 8 SYSTEMPATH\CodeIgniter.php(340): CodeIgniter\CodeIgniter->handleRequest(null, Object(Config\Cache), false)
 9 FCPATH\index.php(67): CodeIgniter\CodeIgniter->run()
10 SYSTEMPATH\Commands\Server\rewrite.php(43): require_once('FCPATH\\index.php')
CRITICAL - 2022-11-15 14:09:36 --> Undefined array key "id"
in APPPATH\Views\wo\modalwo.php on line 10.
 1 APPPATH\Views\wo\modalwo.php(10): CodeIgniter\Debug\Exceptions->errorHandler(2, 'Undefined array key "id"', 'APPPATH\\Views\\wo\\modalwo.php', 10)
 2 SYSTEMPATH\View\View.php(213): include('APPPATH\\Views\\wo\\modalwo.php')
 3 SYSTEMPATH\View\View.php(216): CodeIgniter\View\View->CodeIgniter\View\{closure}()
 4 SYSTEMPATH\Common.php(1142): CodeIgniter\View\View->render('wo/modalwo', [], true)
 5 APPPATH\Controllers\Wo.php(494): view('wo/modalwo', [...])
 6 SYSTEMPATH\CodeIgniter.php(904): App\Controllers\Wo->formwo()
 7 SYSTEMPATH\CodeIgniter.php(457): CodeIgniter\CodeIgniter->runController(Object(App\Controllers\Wo))
 8 SYSTEMPATH\CodeIgniter.php(340): CodeIgniter\CodeIgniter->handleRequest(null, Object(Config\Cache), false)
 9 FCPATH\index.php(67): CodeIgniter\CodeIgniter->run()
10 SYSTEMPATH\Commands\Server\rewrite.php(43): require_once('FCPATH\\index.php')
CRITICAL - 2022-11-15 14:09:42 --> Undefined array key "id"
in APPPATH\Views\wo\modalwo.php on line 10.
 1 APPPATH\Views\wo\modalwo.php(10): CodeIgniter\Debug\Exceptions->errorHandler(2, 'Undefined array key "id"', 'APPPATH\\Views\\wo\\modalwo.php', 10)
 2 SYSTEMPATH\View\View.php(213): include('APPPATH\\Views\\wo\\modalwo.php')
 3 SYSTEMPATH\View\View.php(216): CodeIgniter\View\View->CodeIgniter\View\{closure}()
 4 SYSTEMPATH\Common.php(1142): CodeIgniter\View\View->render('wo/modalwo', [], true)
 5 APPPATH\Controllers\Wo.php(494): view('wo/modalwo', [...])
 6 SYSTEMPATH\CodeIgniter.php(904): App\Controllers\Wo->formwo()
 7 SYSTEMPATH\CodeIgniter.php(457): CodeIgniter\CodeIgniter->runController(Object(App\Controllers\Wo))
 8 SYSTEMPATH\CodeIgniter.php(340): CodeIgniter\CodeIgniter->handleRequest(null, Object(Config\Cache), false)
 9 FCPATH\index.php(67): CodeIgniter\CodeIgniter->run()
10 SYSTEMPATH\Commands\Server\rewrite.php(43): require_once('FCPATH\\index.php')
CRITICAL - 2022-11-15 14:10:03 --> Undefined array key "id"
in APPPATH\Views\wo\modalwo.php on line 10.
 1 APPPATH\Views\wo\modalwo.php(10): CodeIgniter\Debug\Exceptions->errorHandler(2, 'Undefined array key "id"', 'APPPATH\\Views\\wo\\modalwo.php', 10)
 2 SYSTEMPATH\View\View.php(213): include('APPPATH\\Views\\wo\\modalwo.php')
 3 SYSTEMPATH\View\View.php(216): CodeIgniter\View\View->CodeIgniter\View\{closure}()
 4 SYSTEMPATH\Common.php(1142): CodeIgniter\View\View->render('wo/modalwo', [], true)
 5 APPPATH\Controllers\Wo.php(494): view('wo/modalwo', [...])
 6 SYSTEMPATH\CodeIgniter.php(904): App\Controllers\Wo->formwo()
 7 SYSTEMPATH\CodeIgniter.php(457): CodeIgniter\CodeIgniter->runController(Object(App\Controllers\Wo))
 8 SYSTEMPATH\CodeIgniter.php(340): CodeIgniter\CodeIgniter->handleRequest(null, Object(Config\Cache), false)
 9 FCPATH\index.php(67): CodeIgniter\CodeIgniter->run()
10 SYSTEMPATH\Commands\Server\rewrite.php(43): require_once('FCPATH\\index.php')
CRITICAL - 2022-11-15 14:11:40 --> Undefined array key "id"
in APPPATH\Views\wo\modalwo.php on line 10.
 1 APPPATH\Views\wo\modalwo.php(10): CodeIgniter\Debug\Exceptions->errorHandler(2, 'Undefined array key "id"', 'APPPATH\\Views\\wo\\modalwo.php', 10)
 2 SYSTEMPATH\View\View.php(213): include('APPPATH\\Views\\wo\\modalwo.php')
 3 SYSTEMPATH\View\View.php(216): CodeIgniter\View\View->CodeIgniter\View\{closure}()
 4 SYSTEMPATH\Common.php(1142): CodeIgniter\View\View->render('wo/modalwo', [], true)
 5 APPPATH\Controllers\Wo.php(493): view('wo/modalwo', [...])
 6 SYSTEMPATH\CodeIgniter.php(904): App\Controllers\Wo->formwo()
 7 SYSTEMPATH\CodeIgniter.php(457): CodeIgniter\CodeIgniter->runController(Object(App\Controllers\Wo))
 8 SYSTEMPATH\CodeIgniter.php(340): CodeIgniter\CodeIgniter->handleRequest(null, Object(Config\Cache), false)
 9 FCPATH\index.php(67): CodeIgniter\CodeIgniter->run()
10 SYSTEMPATH\Commands\Server\rewrite.php(43): require_once('FCPATH\\index.php')
CRITICAL - 2022-11-15 14:11:55 --> Undefined array key "id"
in APPPATH\Views\wo\modalwo.php on line 10.
 1 APPPATH\Views\wo\modalwo.php(10): CodeIgniter\Debug\Exceptions->errorHandler(2, 'Undefined array key "id"', 'APPPATH\\Views\\wo\\modalwo.php', 10)
 2 SYSTEMPATH\View\View.php(213): include('APPPATH\\Views\\wo\\modalwo.php')
 3 SYSTEMPATH\View\View.php(216): CodeIgniter\View\View->CodeIgniter\View\{closure}()
 4 SYSTEMPATH\Common.php(1142): CodeIgniter\View\View->render('wo/modalwo', [], true)
 5 APPPATH\Controllers\Wo.php(493): view('wo/modalwo', [...])
 6 SYSTEMPATH\CodeIgniter.php(904): App\Controllers\Wo->formwo()
 7 SYSTEMPATH\CodeIgniter.php(457): CodeIgniter\CodeIgniter->runController(Object(App\Controllers\Wo))
 8 SYSTEMPATH\CodeIgniter.php(340): CodeIgniter\CodeIgniter->handleRequest(null, Object(Config\Cache), false)
 9 FCPATH\index.php(67): CodeIgniter\CodeIgniter->run()
10 SYSTEMPATH\Commands\Server\rewrite.php(43): require_once('FCPATH\\index.php')
CRITICAL - 2022-11-15 14:30:05 --> Undefined variable $tbmobil
in APPPATH\Views\wo\modalwo.php on line 14.
 1 APPPATH\Views\wo\modalwo.php(14): CodeIgniter\Debug\Exceptions->errorHandler(2, 'Undefined variable $tbmobil', 'APPPATH\\Views\\wo\\modalwo.php', 14)
 2 SYSTEMPATH\View\View.php(213): include('APPPATH\\Views\\wo\\modalwo.php')
 3 SYSTEMPATH\View\View.php(216): CodeIgniter\View\View->CodeIgniter\View\{closure}()
 4 SYSTEMPATH\Common.php(1142): CodeIgniter\View\View->render('wo/modalwo', [], true)
 5 APPPATH\Controllers\Wo.php(496): view('wo/modalwo', [...])
 6 SYSTEMPATH\CodeIgniter.php(904): App\Controllers\Wo->formwo()
 7 SYSTEMPATH\CodeIgniter.php(457): CodeIgniter\CodeIgniter->runController(Object(App\Controllers\Wo))
 8 SYSTEMPATH\CodeIgniter.php(340): CodeIgniter\CodeIgniter->handleRequest(null, Object(Config\Cache), false)
 9 FCPATH\index.php(67): CodeIgniter\CodeIgniter->run()
10 SYSTEMPATH\Commands\Server\rewrite.php(43): require_once('FCPATH\\index.php')
CRITICAL - 2022-11-15 14:31:10 --> Undefined array key "nopolisi"
in APPPATH\Views\wo\modalwo.php on line 14.
 1 APPPATH\Views\wo\modalwo.php(14): CodeIgniter\Debug\Exceptions->errorHandler(2, 'Undefined array key "nopolisi"', 'APPPATH\\Views\\wo\\modalwo.php', 14)
 2 SYSTEMPATH\View\View.php(213): include('APPPATH\\Views\\wo\\modalwo.php')
 3 SYSTEMPATH\View\View.php(216): CodeIgniter\View\View->CodeIgniter\View\{closure}()
 4 SYSTEMPATH\Common.php(1142): CodeIgniter\View\View->render('wo/modalwo', [], true)
 5 APPPATH\Controllers\Wo.php(497): view('wo/modalwo', [...])
 6 SYSTEMPATH\CodeIgniter.php(904): App\Controllers\Wo->formwo()
 7 SYSTEMPATH\CodeIgniter.php(457): CodeIgniter\CodeIgniter->runController(Object(App\Controllers\Wo))
 8 SYSTEMPATH\CodeIgniter.php(340): CodeIgniter\CodeIgniter->handleRequest(null, Object(Config\Cache), false)
 9 FCPATH\index.php(67): CodeIgniter\CodeIgniter->run()
10 SYSTEMPATH\Commands\Server\rewrite.php(43): require_once('FCPATH\\index.php')
CRITICAL - 2022-11-15 14:31:19 --> Undefined array key "nopolisi"
in APPPATH\Views\wo\modalwo.php on line 14.
 1 APPPATH\Views\wo\modalwo.php(14): CodeIgniter\Debug\Exceptions->errorHandler(2, 'Undefined array key "nopolisi"', 'APPPATH\\Views\\wo\\modalwo.php', 14)
 2 SYSTEMPATH\View\View.php(213): include('APPPATH\\Views\\wo\\modalwo.php')
 3 SYSTEMPATH\View\View.php(216): CodeIgniter\View\View->CodeIgniter\View\{closure}()
 4 SYSTEMPATH\Common.php(1142): CodeIgniter\View\View->render('wo/modalwo', [], true)
 5 APPPATH\Controllers\Wo.php(497): view('wo/modalwo', [...])
 6 SYSTEMPATH\CodeIgniter.php(904): App\Controllers\Wo->formwo()
 7 SYSTEMPATH\CodeIgniter.php(457): CodeIgniter\CodeIgniter->runController(Object(App\Controllers\Wo))
 8 SYSTEMPATH\CodeIgniter.php(340): CodeIgniter\CodeIgniter->handleRequest(null, Object(Config\Cache), false)
 9 FCPATH\index.php(67): CodeIgniter\CodeIgniter->run()
10 SYSTEMPATH\Commands\Server\rewrite.php(43): require_once('FCPATH\\index.php')
CRITICAL - 2022-11-15 14:32:02 --> Undefined array key "nopolisi"
in APPPATH\Views\wo\modalwo.php on line 14.
 1 APPPATH\Views\wo\modalwo.php(14): CodeIgniter\Debug\Exceptions->errorHandler(2, 'Undefined array key "nopolisi"', 'APPPATH\\Views\\wo\\modalwo.php', 14)
 2 SYSTEMPATH\View\View.php(213): include('APPPATH\\Views\\wo\\modalwo.php')
 3 SYSTEMPATH\View\View.php(216): CodeIgniter\View\View->CodeIgniter\View\{closure}()
 4 SYSTEMPATH\Common.php(1142): CodeIgniter\View\View->render('wo/modalwo', [], true)
 5 APPPATH\Controllers\Wo.php(497): view('wo/modalwo', [...])
 6 SYSTEMPATH\CodeIgniter.php(904): App\Controllers\Wo->formwo()
 7 SYSTEMPATH\CodeIgniter.php(457): CodeIgniter\CodeIgniter->runController(Object(App\Controllers\Wo))
 8 SYSTEMPATH\CodeIgniter.php(340): CodeIgniter\CodeIgniter->handleRequest(null, Object(Config\Cache), false)
 9 FCPATH\index.php(67): CodeIgniter\CodeIgniter->run()
10 SYSTEMPATH\Commands\Server\rewrite.php(43): require_once('FCPATH\\index.php')
CRITICAL - 2022-11-15 14:32:57 --> Undefined variable $tbmerek
in APPPATH\Views\wo\modalwo.php on line 27.
 1 APPPATH\Views\wo\modalwo.php(27): CodeIgniter\Debug\Exceptions->errorHandler(2, 'Undefined variable $tbmerek', 'APPPATH\\Views\\wo\\modalwo.php', 27)
 2 SYSTEMPATH\View\View.php(213): include('APPPATH\\Views\\wo\\modalwo.php')
 3 SYSTEMPATH\View\View.php(216): CodeIgniter\View\View->CodeIgniter\View\{closure}()
 4 SYSTEMPATH\Common.php(1142): CodeIgniter\View\View->render('wo/modalwo', [], true)
 5 APPPATH\Controllers\Wo.php(497): view('wo/modalwo', [...])
 6 SYSTEMPATH\CodeIgniter.php(904): App\Controllers\Wo->formwo()
 7 SYSTEMPATH\CodeIgniter.php(457): CodeIgniter\CodeIgniter->runController(Object(App\Controllers\Wo))
 8 SYSTEMPATH\CodeIgniter.php(340): CodeIgniter\CodeIgniter->handleRequest(null, Object(Config\Cache), false)
 9 FCPATH\index.php(67): CodeIgniter\CodeIgniter->run()
10 SYSTEMPATH\Commands\Server\rewrite.php(43): require_once('FCPATH\\index.php')
CRITICAL - 2022-11-15 14:33:17 --> Undefined variable $tbmerek
in APPPATH\Views\wo\modalwo.php on line 27.
 1 APPPATH\Views\wo\modalwo.php(27): CodeIgniter\Debug\Exceptions->errorHandler(2, 'Undefined variable $tbmerek', 'APPPATH\\Views\\wo\\modalwo.php', 27)
 2 SYSTEMPATH\View\View.php(213): include('APPPATH\\Views\\wo\\modalwo.php')
 3 SYSTEMPATH\View\View.php(216): CodeIgniter\View\View->CodeIgniter\View\{closure}()
 4 SYSTEMPATH\Common.php(1142): CodeIgniter\View\View->render('wo/modalwo', [], true)
 5 APPPATH\Controllers\Wo.php(497): view('wo/modalwo', [...])
 6 SYSTEMPATH\CodeIgniter.php(904): App\Controllers\Wo->formwo()
 7 SYSTEMPATH\CodeIgniter.php(457): CodeIgniter\CodeIgniter->runController(Object(App\Controllers\Wo))
 8 SYSTEMPATH\CodeIgniter.php(340): CodeIgniter\CodeIgniter->handleRequest(null, Object(Config\Cache), false)
 9 FCPATH\index.php(67): CodeIgniter\CodeIgniter->run()
10 SYSTEMPATH\Commands\Server\rewrite.php(43): require_once('FCPATH\\index.php')
