CRITICAL - 2023-03-23 11:57:54 --> Undefined variable $tbmerek
in APPPATH\Views\memombr\modaltambah.php on line 40.
 1 APPPATH\Views\memombr\modaltambah.php(40): CodeIgniter\Debug\Exceptions->errorHandler(2, 'Undefined variable $tbmerek', 'APPPATH\\Views\\memombr\\modaltambah.php', 40)
 2 SYSTEMPATH\View\View.php(213): include('APPPATH\\Views\\memombr\\modaltambah.php')
 3 SYSTEMPATH\View\View.php(216): CodeIgniter\View\View->CodeIgniter\View\{closure}()
 4 SYSTEMPATH\Common.php(1142): CodeIgniter\View\View->render('memombr/modaltambah', [], true)
 5 APPPATH\Controllers\Memombr.php(94): view('memombr/modaltambah', [...])
 6 SYSTEMPATH\CodeIgniter.php(904): App\Controllers\Memombr->formtambah()
 7 SYSTEMPATH\CodeIgniter.php(457): CodeIgniter\CodeIgniter->runController(Object(App\Controllers\Memombr))
 8 SYSTEMPATH\CodeIgniter.php(340): CodeIgniter\CodeIgniter->handleRequest(null, Object(Config\Cache), false)
 9 FCPATH\index.php(67): CodeIgniter\CodeIgniter->run()
10 SYSTEMPATH\Commands\Server\rewrite.php(43): require_once('FCPATH\\index.php')
CRITICAL - 2023-03-23 11:58:48 --> Call to a member function getNama() on null
in APPPATH\Controllers\Memombr.php on line 92.
 1 SYSTEMPATH\CodeIgniter.php(904): App\Controllers\Memombr->formtambah()
 2 SYSTEMPATH\CodeIgniter.php(457): CodeIgniter\CodeIgniter->runController(Object(App\Controllers\Memombr))
 3 SYSTEMPATH\CodeIgniter.php(340): CodeIgniter\CodeIgniter->handleRequest(null, Object(Config\Cache), false)
 4 FCPATH\index.php(67): CodeIgniter\CodeIgniter->run()
 5 SYSTEMPATH\Commands\Server\rewrite.php(43): require_once('FCPATH\\index.php')
CRITICAL - 2023-03-23 11:58:53 --> Call to a member function getNama() on null
in APPPATH\Controllers\Memombr.php on line 92.
 1 SYSTEMPATH\CodeIgniter.php(904): App\Controllers\Memombr->formtambah()
 2 SYSTEMPATH\CodeIgniter.php(457): CodeIgniter\CodeIgniter->runController(Object(App\Controllers\Memombr))
 3 SYSTEMPATH\CodeIgniter.php(340): CodeIgniter\CodeIgniter->handleRequest(null, Object(Config\Cache), false)
 4 FCPATH\index.php(67): CodeIgniter\CodeIgniter->run()
 5 SYSTEMPATH\Commands\Server\rewrite.php(43): require_once('FCPATH\\index.php')
CRITICAL - 2023-03-23 11:59:29 --> Call to a member function getkode() on null
in APPPATH\Controllers\Memombr.php on line 92.
 1 SYSTEMPATH\CodeIgniter.php(904): App\Controllers\Memombr->formtambah()
 2 SYSTEMPATH\CodeIgniter.php(457): CodeIgniter\CodeIgniter->runController(Object(App\Controllers\Memombr))
 3 SYSTEMPATH\CodeIgniter.php(340): CodeIgniter\CodeIgniter->handleRequest(null, Object(Config\Cache), false)
 4 FCPATH\index.php(67): CodeIgniter\CodeIgniter->run()
 5 SYSTEMPATH\Commands\Server\rewrite.php(43): require_once('FCPATH\\index.php')
CRITICAL - 2023-03-23 12:00:20 --> Call to a member function getnama() on null
in APPPATH\Controllers\Memombr.php on line 92.
 1 SYSTEMPATH\CodeIgniter.php(904): App\Controllers\Memombr->formtambah()
 2 SYSTEMPATH\CodeIgniter.php(457): CodeIgniter\CodeIgniter->runController(Object(App\Controllers\Memombr))
 3 SYSTEMPATH\CodeIgniter.php(340): CodeIgniter\CodeIgniter->handleRequest(null, Object(Config\Cache), false)
 4 FCPATH\index.php(67): CodeIgniter\CodeIgniter->run()
 5 SYSTEMPATH\Commands\Server\rewrite.php(43): require_once('FCPATH\\index.php')
ERROR - 2023-03-23 13:26:35 --> mysqli_sql_exception: Unknown column 'cash_kredit' in 'field list' in D:\xampp\htdocs\bp\system\Database\MySQLi\Connection.php:292
Stack trace:
#0 D:\xampp\htdocs\bp\system\Database\MySQLi\Connection.php(292): mysqli->query('INSERT INTO `me...', 0)
#1 D:\xampp\htdocs\bp\system\Database\BaseConnection.php(693): CodeIgniter\Database\MySQLi\Connection->execute('INSERT INTO `me...')
#2 D:\xampp\htdocs\bp\system\Database\BaseConnection.php(620): CodeIgniter\Database\BaseConnection->simpleQuery('INSERT INTO `me...')
#3 D:\xampp\htdocs\bp\system\Database\BaseBuilder.php(1916): CodeIgniter\Database\BaseConnection->query('INSERT INTO `me...', Array, false)
#4 D:\xampp\htdocs\bp\system\Model.php(279): CodeIgniter\Database\BaseBuilder->insert()
#5 D:\xampp\htdocs\bp\system\BaseModel.php(738): CodeIgniter\Model->doInsert(Array)
#6 D:\xampp\htdocs\bp\system\Model.php(667): CodeIgniter\BaseModel->insert(Array, true)
#7 D:\xampp\htdocs\bp\app\Controllers\Memombr.php(202): CodeIgniter\Model->insert(Array)
#8 D:\xampp\htdocs\bp\system\CodeIgniter.php(904): App\Controllers\Memombr->simpandata()
#9 D:\xampp\htdocs\bp\system\CodeIgniter.php(457): CodeIgniter\CodeIgniter->runController(Object(App\Controllers\Memombr))
#10 D:\xampp\htdocs\bp\system\CodeIgniter.php(340): CodeIgniter\CodeIgniter->handleRequest(NULL, Object(Config\Cache), false)
#11 D:\xampp\htdocs\bp\public\index.php(67): CodeIgniter\CodeIgniter->run()
#12 D:\xampp\htdocs\bp\system\Commands\Server\rewrite.php(43): require_once('D:\\xampp\\htdocs...')
#13 {main}
CRITICAL - 2023-03-23 13:26:35 --> Unknown column 'cash_kredit' in 'field list'
in SYSTEMPATH\Database\MySQLi\Connection.php on line 292.
 1 SYSTEMPATH\Database\MySQLi\Connection.php(292): mysqli->query('INSERT INTO `memombr` (`nomemo`, `tanggal`, `nospk`, `norangka`, `nomesin`, `kdmerek`, `kdmodel`, `kdtipe`, `nmtipe`, `kdwarna`, `tahun`, `pembayaran`, `kdkreditur`, `lama_kredit`, `asuransi`, `pembeli`, `penjualan`, `disc_team_harga`, `booking_fee`, `kaca_film`, `faktur_pajak`, `kdsales`, `status_sales`, `kdspv`, `sales_mgr`, `kdcust`, `alamat`, `kelurahan`, `kecamatan`, `kota`, `provinsi`, `kdpos`, `stnk`, `alm_stnk`, `kel_stnk`, `kec_stnk`, `kota_stnk`, `provinsi_stnk`, `nama_stnk`, `tipe_unit_warna`, `cash_kredit`, `beli_asuransi`, `beli_aksesoris`, `valid`, `batal`, `user`, `created_at`, `updated_at`) VALUES (\'MM20230300003\', \'2023-03-23T13:26:11\', \'2023-03-23T13:26:11\', \'2023-03-23T13:26:11\', \'2023-03-23T13:26:11\', \'2023-03-23T13:26:11\', \'2023-03-23T13:26:11\', \'2023-03-23T13:26:11\', \'2023-03-23T13:26:11\', \'2023-03-23T13:26:11\', \'2023-03-23T13:26:11\', \'2023-03-23T13:26:11\', \'2023-03-23T13:26:11\', \'2023-03-23T13:26:11\', \'2023-03-23T13:26:11\', \'2023-03-23T13:26:11\', \'2023-03-23T13:26:11\', \'2023-03-23T13:26:11\', \'2023-03-23T13:26:11\', \'2023-03-23T13:26:11\', \'2023-03-23T13:26:11\', \'2023-03-23T13:26:11\', \'2023-03-23T13:26:11\', \'2023-03-23T13:26:11\', \'2023-03-23T13:26:11\', \'2023-03-23T13:26:11\', \'2023-03-23T13:26:11\', \'2023-03-23T13:26:11\', \'2023-03-23T13:26:11\', \'2023-03-23T13:26:11\', \'2023-03-23T13:26:11\', \'2023-03-23T13:26:11\', \'2023-03-23T13:26:11\', \'2023-03-23T13:26:11\', \'2023-03-23T13:26:11\', \'2023-03-23T13:26:11\', \'2023-03-23T13:26:11\', \'2023-03-23T13:26:11\', \'2023-03-23T13:26:11\', \'2023-03-23T13:26:11\', \'2023-03-23T13:26:11\', \'2023-03-23T13:26:11\', \'2023-03-23T13:26:11\', \'2023-03-23T13:26:11\', \'2023-03-23T13:26:11\', \'Edit-Murod-23-03-2023 13:26:35\', \'2023-03-23 13:26:35\', \'2023-03-23 13:26:35\')', 0)
 2 SYSTEMPATH\Database\BaseConnection.php(693): CodeIgniter\Database\MySQLi\Connection->execute('INSERT INTO `memombr` (`nomemo`, `tanggal`, `nospk`, `norangka`, `nomesin`, `kdmerek`, `kdmodel`, `kdtipe`, `nmtipe`, `kdwarna`, `tahun`, `pembayaran`, `kdkreditur`, `lama_kredit`, `asuransi`, `pembeli`, `penjualan`, `disc_team_harga`, `booking_fee`, `kaca_film`, `faktur_pajak`, `kdsales`, `status_sales`, `kdspv`, `sales_mgr`, `kdcust`, `alamat`, `kelurahan`, `kecamatan`, `kota`, `provinsi`, `kdpos`, `stnk`, `alm_stnk`, `kel_stnk`, `kec_stnk`, `kota_stnk`, `provinsi_stnk`, `nama_stnk`, `tipe_unit_warna`, `cash_kredit`, `beli_asuransi`, `beli_aksesoris`, `valid`, `batal`, `user`, `created_at`, `updated_at`) VALUES (\'MM20230300003\', \'2023-03-23T13:26:11\', \'2023-03-23T13:26:11\', \'2023-03-23T13:26:11\', \'2023-03-23T13:26:11\', \'2023-03-23T13:26:11\', \'2023-03-23T13:26:11\', \'2023-03-23T13:26:11\', \'2023-03-23T13:26:11\', \'2023-03-23T13:26:11\', \'2023-03-23T13:26:11\', \'2023-03-23T13:26:11\', \'2023-03-23T13:26:11\', \'2023-03-23T13:26:11\', \'2023-03-23T13:26:11\', \'2023-03-23T13:26:11\', \'2023-03-23T13:26:11\', \'2023-03-23T13:26:11\', \'2023-03-23T13:26:11\', \'2023-03-23T13:26:11\', \'2023-03-23T13:26:11\', \'2023-03-23T13:26:11\', \'2023-03-23T13:26:11\', \'2023-03-23T13:26:11\', \'2023-03-23T13:26:11\', \'2023-03-23T13:26:11\', \'2023-03-23T13:26:11\', \'2023-03-23T13:26:11\', \'2023-03-23T13:26:11\', \'2023-03-23T13:26:11\', \'2023-03-23T13:26:11\', \'2023-03-23T13:26:11\', \'2023-03-23T13:26:11\', \'2023-03-23T13:26:11\', \'2023-03-23T13:26:11\', \'2023-03-23T13:26:11\', \'2023-03-23T13:26:11\', \'2023-03-23T13:26:11\', \'2023-03-23T13:26:11\', \'2023-03-23T13:26:11\', \'2023-03-23T13:26:11\', \'2023-03-23T13:26:11\', \'2023-03-23T13:26:11\', \'2023-03-23T13:26:11\', \'2023-03-23T13:26:11\', \'Edit-Murod-23-03-2023 13:26:35\', \'2023-03-23 13:26:35\', \'2023-03-23 13:26:35\')')
 3 SYSTEMPATH\Database\BaseConnection.php(620): CodeIgniter\Database\BaseConnection->simpleQuery('INSERT INTO `memombr` (`nomemo`, `tanggal`, `nospk`, `norangka`, `nomesin`, `kdmerek`, `kdmodel`, `kdtipe`, `nmtipe`, `kdwarna`, `tahun`, `pembayaran`, `kdkreditur`, `lama_kredit`, `asuransi`, `pembeli`, `penjualan`, `disc_team_harga`, `booking_fee`, `kaca_film`, `faktur_pajak`, `kdsales`, `status_sales`, `kdspv`, `sales_mgr`, `kdcust`, `alamat`, `kelurahan`, `kecamatan`, `kota`, `provinsi`, `kdpos`, `stnk`, `alm_stnk`, `kel_stnk`, `kec_stnk`, `kota_stnk`, `provinsi_stnk`, `nama_stnk`, `tipe_unit_warna`, `cash_kredit`, `beli_asuransi`, `beli_aksesoris`, `valid`, `batal`, `user`, `created_at`, `updated_at`) VALUES (\'MM20230300003\', \'2023-03-23T13:26:11\', \'2023-03-23T13:26:11\', \'2023-03-23T13:26:11\', \'2023-03-23T13:26:11\', \'2023-03-23T13:26:11\', \'2023-03-23T13:26:11\', \'2023-03-23T13:26:11\', \'2023-03-23T13:26:11\', \'2023-03-23T13:26:11\', \'2023-03-23T13:26:11\', \'2023-03-23T13:26:11\', \'2023-03-23T13:26:11\', \'2023-03-23T13:26:11\', \'2023-03-23T13:26:11\', \'2023-03-23T13:26:11\', \'2023-03-23T13:26:11\', \'2023-03-23T13:26:11\', \'2023-03-23T13:26:11\', \'2023-03-23T13:26:11\', \'2023-03-23T13:26:11\', \'2023-03-23T13:26:11\', \'2023-03-23T13:26:11\', \'2023-03-23T13:26:11\', \'2023-03-23T13:26:11\', \'2023-03-23T13:26:11\', \'2023-03-23T13:26:11\', \'2023-03-23T13:26:11\', \'2023-03-23T13:26:11\', \'2023-03-23T13:26:11\', \'2023-03-23T13:26:11\', \'2023-03-23T13:26:11\', \'2023-03-23T13:26:11\', \'2023-03-23T13:26:11\', \'2023-03-23T13:26:11\', \'2023-03-23T13:26:11\', \'2023-03-23T13:26:11\', \'2023-03-23T13:26:11\', \'2023-03-23T13:26:11\', \'2023-03-23T13:26:11\', \'2023-03-23T13:26:11\', \'2023-03-23T13:26:11\', \'2023-03-23T13:26:11\', \'2023-03-23T13:26:11\', \'2023-03-23T13:26:11\', \'Edit-Murod-23-03-2023 13:26:35\', \'2023-03-23 13:26:35\', \'2023-03-23 13:26:35\')')
 4 SYSTEMPATH\Database\BaseBuilder.php(1916): CodeIgniter\Database\BaseConnection->query('INSERT INTO `memombr` (`nomemo`, `tanggal`, `nospk`, `norangka`, `nomesin`, `kdmerek`, `kdmodel`, `kdtipe`, `nmtipe`, `kdwarna`, `tahun`, `pembayaran`, `kdkreditur`, `lama_kredit`, `asuransi`, `pembeli`, `penjualan`, `disc_team_harga`, `booking_fee`, `kaca_film`, `faktur_pajak`, `kdsales`, `status_sales`, `kdspv`, `sales_mgr`, `kdcust`, `alamat`, `kelurahan`, `kecamatan`, `kota`, `provinsi`, `kdpos`, `stnk`, `alm_stnk`, `kel_stnk`, `kec_stnk`, `kota_stnk`, `provinsi_stnk`, `nama_stnk`, `tipe_unit_warna`, `cash_kredit`, `beli_asuransi`, `beli_aksesoris`, `valid`, `batal`, `user`, `created_at`, `updated_at`) VALUES (:nomemo:, :tanggal:, :nospk:, :norangka:, :nomesin:, :kdmerek:, :kdmodel:, :kdtipe:, :nmtipe:, :kdwarna:, :tahun:, :pembayaran:, :kdkreditur:, :lama_kredit:, :asuransi:, :pembeli:, :penjualan:, :disc_team_harga:, :booking_fee:, :kaca_film:, :faktur_pajak:, :kdsales:, :status_sales:, :kdspv:, :sales_mgr:, :kdcust:, :alamat:, :kelurahan:, :kecamatan:, :kota:, :provinsi:, :kdpos:, :stnk:, :alm_stnk:, :kel_stnk:, :kec_stnk:, :kota_stnk:, :provinsi_stnk:, :nama_stnk:, :tipe_unit_warna:, :cash_kredit:, :beli_asuransi:, :beli_aksesoris:, :valid:, :batal:, :user:, :created_at:, :updated_at:)', [...], false)
 5 SYSTEMPATH\Model.php(279): CodeIgniter\Database\BaseBuilder->insert()
 6 SYSTEMPATH\BaseModel.php(738): CodeIgniter\Model->doInsert([...])
 7 SYSTEMPATH\Model.php(667): CodeIgniter\BaseModel->insert([...], true)
 8 APPPATH\Controllers\Memombr.php(202): CodeIgniter\Model->insert([...])
 9 SYSTEMPATH\CodeIgniter.php(904): App\Controllers\Memombr->simpandata()
10 SYSTEMPATH\CodeIgniter.php(457): CodeIgniter\CodeIgniter->runController(Object(App\Controllers\Memombr))
11 SYSTEMPATH\CodeIgniter.php(340): CodeIgniter\CodeIgniter->handleRequest(null, Object(Config\Cache), false)
12 FCPATH\index.php(67): CodeIgniter\CodeIgniter->run()
13 SYSTEMPATH\Commands\Server\rewrite.php(43): require_once('FCPATH\\index.php')
ERROR - 2023-03-23 13:26:50 --> mysqli_sql_exception: Unknown column 'cash_kredit' in 'field list' in D:\xampp\htdocs\bp\system\Database\MySQLi\Connection.php:292
Stack trace:
#0 D:\xampp\htdocs\bp\system\Database\MySQLi\Connection.php(292): mysqli->query('INSERT INTO `me...', 0)
#1 D:\xampp\htdocs\bp\system\Database\BaseConnection.php(693): CodeIgniter\Database\MySQLi\Connection->execute('INSERT INTO `me...')
#2 D:\xampp\htdocs\bp\system\Database\BaseConnection.php(620): CodeIgniter\Database\BaseConnection->simpleQuery('INSERT INTO `me...')
#3 D:\xampp\htdocs\bp\system\Database\BaseBuilder.php(1916): CodeIgniter\Database\BaseConnection->query('INSERT INTO `me...', Array, false)
#4 D:\xampp\htdocs\bp\system\Model.php(279): CodeIgniter\Database\BaseBuilder->insert()
#5 D:\xampp\htdocs\bp\system\BaseModel.php(738): CodeIgniter\Model->doInsert(Array)
#6 D:\xampp\htdocs\bp\system\Model.php(667): CodeIgniter\BaseModel->insert(Array, true)
#7 D:\xampp\htdocs\bp\app\Controllers\Memombr.php(202): CodeIgniter\Model->insert(Array)
#8 D:\xampp\htdocs\bp\system\CodeIgniter.php(904): App\Controllers\Memombr->simpandata()
#9 D:\xampp\htdocs\bp\system\CodeIgniter.php(457): CodeIgniter\CodeIgniter->runController(Object(App\Controllers\Memombr))
#10 D:\xampp\htdocs\bp\system\CodeIgniter.php(340): CodeIgniter\CodeIgniter->handleRequest(NULL, Object(Config\Cache), false)
#11 D:\xampp\htdocs\bp\public\index.php(67): CodeIgniter\CodeIgniter->run()
#12 D:\xampp\htdocs\bp\system\Commands\Server\rewrite.php(43): require_once('D:\\xampp\\htdocs...')
#13 {main}
CRITICAL - 2023-03-23 13:26:50 --> Unknown column 'cash_kredit' in 'field list'
in SYSTEMPATH\Database\MySQLi\Connection.php on line 292.
 1 SYSTEMPATH\Database\MySQLi\Connection.php(292): mysqli->query('INSERT INTO `memombr` (`nomemo`, `tanggal`, `nospk`, `norangka`, `nomesin`, `kdmerek`, `kdmodel`, `kdtipe`, `nmtipe`, `kdwarna`, `tahun`, `pembayaran`, `kdkreditur`, `lama_kredit`, `asuransi`, `pembeli`, `penjualan`, `disc_team_harga`, `booking_fee`, `kaca_film`, `faktur_pajak`, `kdsales`, `status_sales`, `kdspv`, `sales_mgr`, `kdcust`, `alamat`, `kelurahan`, `kecamatan`, `kota`, `provinsi`, `kdpos`, `stnk`, `alm_stnk`, `kel_stnk`, `kec_stnk`, `kota_stnk`, `provinsi_stnk`, `nama_stnk`, `tipe_unit_warna`, `cash_kredit`, `beli_asuransi`, `beli_aksesoris`, `valid`, `batal`, `user`, `created_at`, `updated_at`) VALUES (\'MM20230300003\', \'2023-03-23T13:26:11\', \'2023-03-23T13:26:11\', \'2023-03-23T13:26:11\', \'2023-03-23T13:26:11\', \'2023-03-23T13:26:11\', \'2023-03-23T13:26:11\', \'2023-03-23T13:26:11\', \'2023-03-23T13:26:11\', \'2023-03-23T13:26:11\', \'2023-03-23T13:26:11\', \'2023-03-23T13:26:11\', \'2023-03-23T13:26:11\', \'2023-03-23T13:26:11\', \'2023-03-23T13:26:11\', \'2023-03-23T13:26:11\', \'2023-03-23T13:26:11\', \'2023-03-23T13:26:11\', \'2023-03-23T13:26:11\', \'2023-03-23T13:26:11\', \'2023-03-23T13:26:11\', \'2023-03-23T13:26:11\', \'2023-03-23T13:26:11\', \'2023-03-23T13:26:11\', \'2023-03-23T13:26:11\', \'2023-03-23T13:26:11\', \'2023-03-23T13:26:11\', \'2023-03-23T13:26:11\', \'2023-03-23T13:26:11\', \'2023-03-23T13:26:11\', \'2023-03-23T13:26:11\', \'2023-03-23T13:26:11\', \'2023-03-23T13:26:11\', \'2023-03-23T13:26:11\', \'2023-03-23T13:26:11\', \'2023-03-23T13:26:11\', \'2023-03-23T13:26:11\', \'2023-03-23T13:26:11\', \'2023-03-23T13:26:11\', \'2023-03-23T13:26:11\', \'2023-03-23T13:26:11\', \'2023-03-23T13:26:11\', \'2023-03-23T13:26:11\', \'2023-03-23T13:26:11\', \'2023-03-23T13:26:11\', \'Edit-Murod-23-03-2023 13:26:50\', \'2023-03-23 13:26:50\', \'2023-03-23 13:26:50\')', 0)
 2 SYSTEMPATH\Database\BaseConnection.php(693): CodeIgniter\Database\MySQLi\Connection->execute('INSERT INTO `memombr` (`nomemo`, `tanggal`, `nospk`, `norangka`, `nomesin`, `kdmerek`, `kdmodel`, `kdtipe`, `nmtipe`, `kdwarna`, `tahun`, `pembayaran`, `kdkreditur`, `lama_kredit`, `asuransi`, `pembeli`, `penjualan`, `disc_team_harga`, `booking_fee`, `kaca_film`, `faktur_pajak`, `kdsales`, `status_sales`, `kdspv`, `sales_mgr`, `kdcust`, `alamat`, `kelurahan`, `kecamatan`, `kota`, `provinsi`, `kdpos`, `stnk`, `alm_stnk`, `kel_stnk`, `kec_stnk`, `kota_stnk`, `provinsi_stnk`, `nama_stnk`, `tipe_unit_warna`, `cash_kredit`, `beli_asuransi`, `beli_aksesoris`, `valid`, `batal`, `user`, `created_at`, `updated_at`) VALUES (\'MM20230300003\', \'2023-03-23T13:26:11\', \'2023-03-23T13:26:11\', \'2023-03-23T13:26:11\', \'2023-03-23T13:26:11\', \'2023-03-23T13:26:11\', \'2023-03-23T13:26:11\', \'2023-03-23T13:26:11\', \'2023-03-23T13:26:11\', \'2023-03-23T13:26:11\', \'2023-03-23T13:26:11\', \'2023-03-23T13:26:11\', \'2023-03-23T13:26:11\', \'2023-03-23T13:26:11\', \'2023-03-23T13:26:11\', \'2023-03-23T13:26:11\', \'2023-03-23T13:26:11\', \'2023-03-23T13:26:11\', \'2023-03-23T13:26:11\', \'2023-03-23T13:26:11\', \'2023-03-23T13:26:11\', \'2023-03-23T13:26:11\', \'2023-03-23T13:26:11\', \'2023-03-23T13:26:11\', \'2023-03-23T13:26:11\', \'2023-03-23T13:26:11\', \'2023-03-23T13:26:11\', \'2023-03-23T13:26:11\', \'2023-03-23T13:26:11\', \'2023-03-23T13:26:11\', \'2023-03-23T13:26:11\', \'2023-03-23T13:26:11\', \'2023-03-23T13:26:11\', \'2023-03-23T13:26:11\', \'2023-03-23T13:26:11\', \'2023-03-23T13:26:11\', \'2023-03-23T13:26:11\', \'2023-03-23T13:26:11\', \'2023-03-23T13:26:11\', \'2023-03-23T13:26:11\', \'2023-03-23T13:26:11\', \'2023-03-23T13:26:11\', \'2023-03-23T13:26:11\', \'2023-03-23T13:26:11\', \'2023-03-23T13:26:11\', \'Edit-Murod-23-03-2023 13:26:50\', \'2023-03-23 13:26:50\', \'2023-03-23 13:26:50\')')
 3 SYSTEMPATH\Database\BaseConnection.php(620): CodeIgniter\Database\BaseConnection->simpleQuery('INSERT INTO `memombr` (`nomemo`, `tanggal`, `nospk`, `norangka`, `nomesin`, `kdmerek`, `kdmodel`, `kdtipe`, `nmtipe`, `kdwarna`, `tahun`, `pembayaran`, `kdkreditur`, `lama_kredit`, `asuransi`, `pembeli`, `penjualan`, `disc_team_harga`, `booking_fee`, `kaca_film`, `faktur_pajak`, `kdsales`, `status_sales`, `kdspv`, `sales_mgr`, `kdcust`, `alamat`, `kelurahan`, `kecamatan`, `kota`, `provinsi`, `kdpos`, `stnk`, `alm_stnk`, `kel_stnk`, `kec_stnk`, `kota_stnk`, `provinsi_stnk`, `nama_stnk`, `tipe_unit_warna`, `cash_kredit`, `beli_asuransi`, `beli_aksesoris`, `valid`, `batal`, `user`, `created_at`, `updated_at`) VALUES (\'MM20230300003\', \'2023-03-23T13:26:11\', \'2023-03-23T13:26:11\', \'2023-03-23T13:26:11\', \'2023-03-23T13:26:11\', \'2023-03-23T13:26:11\', \'2023-03-23T13:26:11\', \'2023-03-23T13:26:11\', \'2023-03-23T13:26:11\', \'2023-03-23T13:26:11\', \'2023-03-23T13:26:11\', \'2023-03-23T13:26:11\', \'2023-03-23T13:26:11\', \'2023-03-23T13:26:11\', \'2023-03-23T13:26:11\', \'2023-03-23T13:26:11\', \'2023-03-23T13:26:11\', \'2023-03-23T13:26:11\', \'2023-03-23T13:26:11\', \'2023-03-23T13:26:11\', \'2023-03-23T13:26:11\', \'2023-03-23T13:26:11\', \'2023-03-23T13:26:11\', \'2023-03-23T13:26:11\', \'2023-03-23T13:26:11\', \'2023-03-23T13:26:11\', \'2023-03-23T13:26:11\', \'2023-03-23T13:26:11\', \'2023-03-23T13:26:11\', \'2023-03-23T13:26:11\', \'2023-03-23T13:26:11\', \'2023-03-23T13:26:11\', \'2023-03-23T13:26:11\', \'2023-03-23T13:26:11\', \'2023-03-23T13:26:11\', \'2023-03-23T13:26:11\', \'2023-03-23T13:26:11\', \'2023-03-23T13:26:11\', \'2023-03-23T13:26:11\', \'2023-03-23T13:26:11\', \'2023-03-23T13:26:11\', \'2023-03-23T13:26:11\', \'2023-03-23T13:26:11\', \'2023-03-23T13:26:11\', \'2023-03-23T13:26:11\', \'Edit-Murod-23-03-2023 13:26:50\', \'2023-03-23 13:26:50\', \'2023-03-23 13:26:50\')')
 4 SYSTEMPATH\Database\BaseBuilder.php(1916): CodeIgniter\Database\BaseConnection->query('INSERT INTO `memombr` (`nomemo`, `tanggal`, `nospk`, `norangka`, `nomesin`, `kdmerek`, `kdmodel`, `kdtipe`, `nmtipe`, `kdwarna`, `tahun`, `pembayaran`, `kdkreditur`, `lama_kredit`, `asuransi`, `pembeli`, `penjualan`, `disc_team_harga`, `booking_fee`, `kaca_film`, `faktur_pajak`, `kdsales`, `status_sales`, `kdspv`, `sales_mgr`, `kdcust`, `alamat`, `kelurahan`, `kecamatan`, `kota`, `provinsi`, `kdpos`, `stnk`, `alm_stnk`, `kel_stnk`, `kec_stnk`, `kota_stnk`, `provinsi_stnk`, `nama_stnk`, `tipe_unit_warna`, `cash_kredit`, `beli_asuransi`, `beli_aksesoris`, `valid`, `batal`, `user`, `created_at`, `updated_at`) VALUES (:nomemo:, :tanggal:, :nospk:, :norangka:, :nomesin:, :kdmerek:, :kdmodel:, :kdtipe:, :nmtipe:, :kdwarna:, :tahun:, :pembayaran:, :kdkreditur:, :lama_kredit:, :asuransi:, :pembeli:, :penjualan:, :disc_team_harga:, :booking_fee:, :kaca_film:, :faktur_pajak:, :kdsales:, :status_sales:, :kdspv:, :sales_mgr:, :kdcust:, :alamat:, :kelurahan:, :kecamatan:, :kota:, :provinsi:, :kdpos:, :stnk:, :alm_stnk:, :kel_stnk:, :kec_stnk:, :kota_stnk:, :provinsi_stnk:, :nama_stnk:, :tipe_unit_warna:, :cash_kredit:, :beli_asuransi:, :beli_aksesoris:, :valid:, :batal:, :user:, :created_at:, :updated_at:)', [...], false)
 5 SYSTEMPATH\Model.php(279): CodeIgniter\Database\BaseBuilder->insert()
 6 SYSTEMPATH\BaseModel.php(738): CodeIgniter\Model->doInsert([...])
 7 SYSTEMPATH\Model.php(667): CodeIgniter\BaseModel->insert([...], true)
 8 APPPATH\Controllers\Memombr.php(202): CodeIgniter\Model->insert([...])
 9 SYSTEMPATH\CodeIgniter.php(904): App\Controllers\Memombr->simpandata()
10 SYSTEMPATH\CodeIgniter.php(457): CodeIgniter\CodeIgniter->runController(Object(App\Controllers\Memombr))
11 SYSTEMPATH\CodeIgniter.php(340): CodeIgniter\CodeIgniter->handleRequest(null, Object(Config\Cache), false)
12 FCPATH\index.php(67): CodeIgniter\CodeIgniter->run()
13 SYSTEMPATH\Commands\Server\rewrite.php(43): require_once('FCPATH\\index.php')
ERROR - 2023-03-23 13:45:14 --> mysqli_sql_exception: Column 'norangka' cannot be null in D:\xampp\htdocs\bp\system\Database\MySQLi\Connection.php:292
Stack trace:
#0 D:\xampp\htdocs\bp\system\Database\MySQLi\Connection.php(292): mysqli->query('INSERT INTO `me...', 0)
#1 D:\xampp\htdocs\bp\system\Database\BaseConnection.php(693): CodeIgniter\Database\MySQLi\Connection->execute('INSERT INTO `me...')
#2 D:\xampp\htdocs\bp\system\Database\BaseConnection.php(620): CodeIgniter\Database\BaseConnection->simpleQuery('INSERT INTO `me...')
#3 D:\xampp\htdocs\bp\system\Database\BaseBuilder.php(1916): CodeIgniter\Database\BaseConnection->query('INSERT INTO `me...', Array, false)
#4 D:\xampp\htdocs\bp\system\Model.php(279): CodeIgniter\Database\BaseBuilder->insert()
#5 D:\xampp\htdocs\bp\system\BaseModel.php(738): CodeIgniter\Model->doInsert(Array)
#6 D:\xampp\htdocs\bp\system\Model.php(667): CodeIgniter\BaseModel->insert(Array, true)
#7 D:\xampp\htdocs\bp\app\Controllers\Memombr.php(202): CodeIgniter\Model->insert(Array)
#8 D:\xampp\htdocs\bp\system\CodeIgniter.php(904): App\Controllers\Memombr->simpandata()
#9 D:\xampp\htdocs\bp\system\CodeIgniter.php(457): CodeIgniter\CodeIgniter->runController(Object(App\Controllers\Memombr))
#10 D:\xampp\htdocs\bp\system\CodeIgniter.php(340): CodeIgniter\CodeIgniter->handleRequest(NULL, Object(Config\Cache), false)
#11 D:\xampp\htdocs\bp\public\index.php(67): CodeIgniter\CodeIgniter->run()
#12 D:\xampp\htdocs\bp\system\Commands\Server\rewrite.php(43): require_once('D:\\xampp\\htdocs...')
#13 {main}
CRITICAL - 2023-03-23 13:45:14 --> Column 'norangka' cannot be null
in SYSTEMPATH\Database\MySQLi\Connection.php on line 292.
 1 SYSTEMPATH\Database\MySQLi\Connection.php(292): mysqli->query('INSERT INTO `memombr` (`nomemo`, `tanggal`, `nospk`, `norangka`, `nomesin`, `kdmerek`, `kdmodel`, `kdtipe`, `nmtipe`, `kdwarna`, `tahun`, `pembayaran`, `kdkreditur`, `lama_kredit`, `asuransi`, `user`, `created_at`, `updated_at`) VALUES (\'MM20230300004\', \'2023-03-23T13:45:09\', \'\', NULL, NULL, \'\', \'\', \'\', NULL, \'\', \'\', \'\', \'\', \'\', \'NO COVER\', \'Edit-Murod-23-03-2023 13:45:14\', \'2023-03-23 13:45:14\', \'2023-03-23 13:45:14\')', 0)
 2 SYSTEMPATH\Database\BaseConnection.php(693): CodeIgniter\Database\MySQLi\Connection->execute('INSERT INTO `memombr` (`nomemo`, `tanggal`, `nospk`, `norangka`, `nomesin`, `kdmerek`, `kdmodel`, `kdtipe`, `nmtipe`, `kdwarna`, `tahun`, `pembayaran`, `kdkreditur`, `lama_kredit`, `asuransi`, `user`, `created_at`, `updated_at`) VALUES (\'MM20230300004\', \'2023-03-23T13:45:09\', \'\', NULL, NULL, \'\', \'\', \'\', NULL, \'\', \'\', \'\', \'\', \'\', \'NO COVER\', \'Edit-Murod-23-03-2023 13:45:14\', \'2023-03-23 13:45:14\', \'2023-03-23 13:45:14\')')
 3 SYSTEMPATH\Database\BaseConnection.php(620): CodeIgniter\Database\BaseConnection->simpleQuery('INSERT INTO `memombr` (`nomemo`, `tanggal`, `nospk`, `norangka`, `nomesin`, `kdmerek`, `kdmodel`, `kdtipe`, `nmtipe`, `kdwarna`, `tahun`, `pembayaran`, `kdkreditur`, `lama_kredit`, `asuransi`, `user`, `created_at`, `updated_at`) VALUES (\'MM20230300004\', \'2023-03-23T13:45:09\', \'\', NULL, NULL, \'\', \'\', \'\', NULL, \'\', \'\', \'\', \'\', \'\', \'NO COVER\', \'Edit-Murod-23-03-2023 13:45:14\', \'2023-03-23 13:45:14\', \'2023-03-23 13:45:14\')')
 4 SYSTEMPATH\Database\BaseBuilder.php(1916): CodeIgniter\Database\BaseConnection->query('INSERT INTO `memombr` (`nomemo`, `tanggal`, `nospk`, `norangka`, `nomesin`, `kdmerek`, `kdmodel`, `kdtipe`, `nmtipe`, `kdwarna`, `tahun`, `pembayaran`, `kdkreditur`, `lama_kredit`, `asuransi`, `user`, `created_at`, `updated_at`) VALUES (:nomemo:, :tanggal:, :nospk:, :norangka:, :nomesin:, :kdmerek:, :kdmodel:, :kdtipe:, :nmtipe:, :kdwarna:, :tahun:, :pembayaran:, :kdkreditur:, :lama_kredit:, :asuransi:, :user:, :created_at:, :updated_at:)', [...], false)
 5 SYSTEMPATH\Model.php(279): CodeIgniter\Database\BaseBuilder->insert()
 6 SYSTEMPATH\BaseModel.php(738): CodeIgniter\Model->doInsert([...])
 7 SYSTEMPATH\Model.php(667): CodeIgniter\BaseModel->insert([...], true)
 8 APPPATH\Controllers\Memombr.php(202): CodeIgniter\Model->insert([...])
 9 SYSTEMPATH\CodeIgniter.php(904): App\Controllers\Memombr->simpandata()
10 SYSTEMPATH\CodeIgniter.php(457): CodeIgniter\CodeIgniter->runController(Object(App\Controllers\Memombr))
11 SYSTEMPATH\CodeIgniter.php(340): CodeIgniter\CodeIgniter->handleRequest(null, Object(Config\Cache), false)
12 FCPATH\index.php(67): CodeIgniter\CodeIgniter->run()
13 SYSTEMPATH\Commands\Server\rewrite.php(43): require_once('FCPATH\\index.php')
ERROR - 2023-03-23 13:45:58 --> mysqli_sql_exception: Column 'nmtipe' cannot be null in D:\xampp\htdocs\bp\system\Database\MySQLi\Connection.php:292
Stack trace:
#0 D:\xampp\htdocs\bp\system\Database\MySQLi\Connection.php(292): mysqli->query('INSERT INTO `me...', 0)
#1 D:\xampp\htdocs\bp\system\Database\BaseConnection.php(693): CodeIgniter\Database\MySQLi\Connection->execute('INSERT INTO `me...')
#2 D:\xampp\htdocs\bp\system\Database\BaseConnection.php(620): CodeIgniter\Database\BaseConnection->simpleQuery('INSERT INTO `me...')
#3 D:\xampp\htdocs\bp\system\Database\BaseBuilder.php(1916): CodeIgniter\Database\BaseConnection->query('INSERT INTO `me...', Array, false)
#4 D:\xampp\htdocs\bp\system\Model.php(279): CodeIgniter\Database\BaseBuilder->insert()
#5 D:\xampp\htdocs\bp\system\BaseModel.php(738): CodeIgniter\Model->doInsert(Array)
#6 D:\xampp\htdocs\bp\system\Model.php(667): CodeIgniter\BaseModel->insert(Array, true)
#7 D:\xampp\htdocs\bp\app\Controllers\Memombr.php(202): CodeIgniter\Model->insert(Array)
#8 D:\xampp\htdocs\bp\system\CodeIgniter.php(904): App\Controllers\Memombr->simpandata()
#9 D:\xampp\htdocs\bp\system\CodeIgniter.php(457): CodeIgniter\CodeIgniter->runController(Object(App\Controllers\Memombr))
#10 D:\xampp\htdocs\bp\system\CodeIgniter.php(340): CodeIgniter\CodeIgniter->handleRequest(NULL, Object(Config\Cache), false)
#11 D:\xampp\htdocs\bp\public\index.php(67): CodeIgniter\CodeIgniter->run()
#12 D:\xampp\htdocs\bp\system\Commands\Server\rewrite.php(43): require_once('D:\\xampp\\htdocs...')
#13 {main}
CRITICAL - 2023-03-23 13:45:58 --> Column 'nmtipe' cannot be null
in SYSTEMPATH\Database\MySQLi\Connection.php on line 292.
 1 SYSTEMPATH\Database\MySQLi\Connection.php(292): mysqli->query('INSERT INTO `memombr` (`nomemo`, `tanggal`, `nospk`, `norangka`, `nomesin`, `kdmerek`, `kdmodel`, `kdtipe`, `nmtipe`, `kdwarna`, `tahun`, `pembayaran`, `kdkreditur`, `lama_kredit`, `asuransi`, `user`, `created_at`, `updated_at`) VALUES (\'MM20230300004\', \'2023-03-23T13:45:55\', \'\', \'\', \'\', \'\', \'\', \'\', NULL, \'\', \'\', \'\', \'\', \'\', \'NO COVER\', \'Edit-Murod-23-03-2023 13:45:58\', \'2023-03-23 13:45:58\', \'2023-03-23 13:45:58\')', 0)
 2 SYSTEMPATH\Database\BaseConnection.php(693): CodeIgniter\Database\MySQLi\Connection->execute('INSERT INTO `memombr` (`nomemo`, `tanggal`, `nospk`, `norangka`, `nomesin`, `kdmerek`, `kdmodel`, `kdtipe`, `nmtipe`, `kdwarna`, `tahun`, `pembayaran`, `kdkreditur`, `lama_kredit`, `asuransi`, `user`, `created_at`, `updated_at`) VALUES (\'MM20230300004\', \'2023-03-23T13:45:55\', \'\', \'\', \'\', \'\', \'\', \'\', NULL, \'\', \'\', \'\', \'\', \'\', \'NO COVER\', \'Edit-Murod-23-03-2023 13:45:58\', \'2023-03-23 13:45:58\', \'2023-03-23 13:45:58\')')
 3 SYSTEMPATH\Database\BaseConnection.php(620): CodeIgniter\Database\BaseConnection->simpleQuery('INSERT INTO `memombr` (`nomemo`, `tanggal`, `nospk`, `norangka`, `nomesin`, `kdmerek`, `kdmodel`, `kdtipe`, `nmtipe`, `kdwarna`, `tahun`, `pembayaran`, `kdkreditur`, `lama_kredit`, `asuransi`, `user`, `created_at`, `updated_at`) VALUES (\'MM20230300004\', \'2023-03-23T13:45:55\', \'\', \'\', \'\', \'\', \'\', \'\', NULL, \'\', \'\', \'\', \'\', \'\', \'NO COVER\', \'Edit-Murod-23-03-2023 13:45:58\', \'2023-03-23 13:45:58\', \'2023-03-23 13:45:58\')')
 4 SYSTEMPATH\Database\BaseBuilder.php(1916): CodeIgniter\Database\BaseConnection->query('INSERT INTO `memombr` (`nomemo`, `tanggal`, `nospk`, `norangka`, `nomesin`, `kdmerek`, `kdmodel`, `kdtipe`, `nmtipe`, `kdwarna`, `tahun`, `pembayaran`, `kdkreditur`, `lama_kredit`, `asuransi`, `user`, `created_at`, `updated_at`) VALUES (:nomemo:, :tanggal:, :nospk:, :norangka:, :nomesin:, :kdmerek:, :kdmodel:, :kdtipe:, :nmtipe:, :kdwarna:, :tahun:, :pembayaran:, :kdkreditur:, :lama_kredit:, :asuransi:, :user:, :created_at:, :updated_at:)', [...], false)
 5 SYSTEMPATH\Model.php(279): CodeIgniter\Database\BaseBuilder->insert()
 6 SYSTEMPATH\BaseModel.php(738): CodeIgniter\Model->doInsert([...])
 7 SYSTEMPATH\Model.php(667): CodeIgniter\BaseModel->insert([...], true)
 8 APPPATH\Controllers\Memombr.php(202): CodeIgniter\Model->insert([...])
 9 SYSTEMPATH\CodeIgniter.php(904): App\Controllers\Memombr->simpandata()
10 SYSTEMPATH\CodeIgniter.php(457): CodeIgniter\CodeIgniter->runController(Object(App\Controllers\Memombr))
11 SYSTEMPATH\CodeIgniter.php(340): CodeIgniter\CodeIgniter->handleRequest(null, Object(Config\Cache), false)
12 FCPATH\index.php(67): CodeIgniter\CodeIgniter->run()
13 SYSTEMPATH\Commands\Server\rewrite.php(43): require_once('FCPATH\\index.php')
CRITICAL - 2023-03-23 14:48:44 --> Invalid file: memombr/modalcari_kreditur.php
in SYSTEMPATH\Exceptions\FrameworkException.php on line 33.
 1 SYSTEMPATH\View\View.php(201): CodeIgniter\Exceptions\FrameworkException::forInvalidFile('memombr/modalcari_kreditur.php')
 2 SYSTEMPATH\Common.php(1142): CodeIgniter\View\View->render('memombr/modalcari_kreditur', [], true)
 3 APPPATH\Controllers\Memombr.php(775): view('memombr/modalcari_kreditur', [...])
 4 SYSTEMPATH\CodeIgniter.php(904): App\Controllers\Memombr->cari_data_kreditur()
 5 SYSTEMPATH\CodeIgniter.php(457): CodeIgniter\CodeIgniter->runController(Object(App\Controllers\Memombr))
 6 SYSTEMPATH\CodeIgniter.php(340): CodeIgniter\CodeIgniter->handleRequest(null, Object(Config\Cache), false)
 7 FCPATH\index.php(67): CodeIgniter\CodeIgniter->run()
 8 SYSTEMPATH\Commands\Server\rewrite.php(43): require_once('FCPATH\\index.php')
CRITICAL - 2023-03-23 14:49:55 --> Invalid file: memombr/modalcari_kreditur.php
in SYSTEMPATH\Exceptions\FrameworkException.php on line 33.
 1 SYSTEMPATH\View\View.php(201): CodeIgniter\Exceptions\FrameworkException::forInvalidFile('memombr/modalcari_kreditur.php')
 2 SYSTEMPATH\Common.php(1142): CodeIgniter\View\View->render('memombr/modalcari_kreditur', [], true)
 3 APPPATH\Controllers\Memombr.php(775): view('memombr/modalcari_kreditur', [...])
 4 SYSTEMPATH\CodeIgniter.php(904): App\Controllers\Memombr->cari_data_kreditur()
 5 SYSTEMPATH\CodeIgniter.php(457): CodeIgniter\CodeIgniter->runController(Object(App\Controllers\Memombr))
 6 SYSTEMPATH\CodeIgniter.php(340): CodeIgniter\CodeIgniter->handleRequest(null, Object(Config\Cache), false)
 7 FCPATH\index.php(67): CodeIgniter\CodeIgniter->run()
 8 SYSTEMPATH\Commands\Server\rewrite.php(43): require_once('FCPATH\\index.php')
CRITICAL - 2023-03-23 14:50:02 --> Invalid file: memombr/modalcari_kreditur.php
in SYSTEMPATH\Exceptions\FrameworkException.php on line 33.
 1 SYSTEMPATH\View\View.php(201): CodeIgniter\Exceptions\FrameworkException::forInvalidFile('memombr/modalcari_kreditur.php')
 2 SYSTEMPATH\Common.php(1142): CodeIgniter\View\View->render('memombr/modalcari_kreditur', [], true)
 3 APPPATH\Controllers\Memombr.php(775): view('memombr/modalcari_kreditur', [...])
 4 SYSTEMPATH\CodeIgniter.php(904): App\Controllers\Memombr->cari_data_kreditur()
 5 SYSTEMPATH\CodeIgniter.php(457): CodeIgniter\CodeIgniter->runController(Object(App\Controllers\Memombr))
 6 SYSTEMPATH\CodeIgniter.php(340): CodeIgniter\CodeIgniter->handleRequest(null, Object(Config\Cache), false)
 7 FCPATH\index.php(67): CodeIgniter\CodeIgniter->run()
 8 SYSTEMPATH\Commands\Server\rewrite.php(43): require_once('FCPATH\\index.php')
CRITICAL - 2023-03-23 14:50:32 --> Invalid file: memombr/modalcari_kreditur.php
in SYSTEMPATH\Exceptions\FrameworkException.php on line 33.
 1 SYSTEMPATH\View\View.php(201): CodeIgniter\Exceptions\FrameworkException::forInvalidFile('memombr/modalcari_kreditur.php')
 2 SYSTEMPATH\Common.php(1142): CodeIgniter\View\View->render('memombr/modalcari_kreditur', [], true)
 3 APPPATH\Controllers\Memombr.php(775): view('memombr/modalcari_kreditur', [...])
 4 SYSTEMPATH\CodeIgniter.php(904): App\Controllers\Memombr->cari_data_kreditur()
 5 SYSTEMPATH\CodeIgniter.php(457): CodeIgniter\CodeIgniter->runController(Object(App\Controllers\Memombr))
 6 SYSTEMPATH\CodeIgniter.php(340): CodeIgniter\CodeIgniter->handleRequest(null, Object(Config\Cache), false)
 7 FCPATH\index.php(67): CodeIgniter\CodeIgniter->run()
 8 SYSTEMPATH\Commands\Server\rewrite.php(43): require_once('FCPATH\\index.php')
CRITICAL - 2023-03-23 14:50:47 --> Invalid file: memombr/modalcari_kreditur.php
in SYSTEMPATH\Exceptions\FrameworkException.php on line 33.
 1 SYSTEMPATH\View\View.php(201): CodeIgniter\Exceptions\FrameworkException::forInvalidFile('memombr/modalcari_kreditur.php')
 2 SYSTEMPATH\Common.php(1142): CodeIgniter\View\View->render('memombr/modalcari_kreditur', [], true)
 3 APPPATH\Controllers\Memombr.php(775): view('memombr/modalcari_kreditur', [...])
 4 SYSTEMPATH\CodeIgniter.php(904): App\Controllers\Memombr->cari_data_kreditur()
 5 SYSTEMPATH\CodeIgniter.php(457): CodeIgniter\CodeIgniter->runController(Object(App\Controllers\Memombr))
 6 SYSTEMPATH\CodeIgniter.php(340): CodeIgniter\CodeIgniter->handleRequest(null, Object(Config\Cache), false)
 7 FCPATH\index.php(67): CodeIgniter\CodeIgniter->run()
 8 SYSTEMPATH\Commands\Server\rewrite.php(43): require_once('FCPATH\\index.php')
CRITICAL - 2023-03-23 14:52:04 --> Undefined variable $tbleasing
in APPPATH\Views\memombr\modalcarikreditur.php on line 23.
 1 APPPATH\Views\memombr\modalcarikreditur.php(23): CodeIgniter\Debug\Exceptions->errorHandler(2, 'Undefined variable $tbleasing', 'APPPATH\\Views\\memombr\\modalcarikreditur.php', 23)
 2 SYSTEMPATH\View\View.php(213): include('APPPATH\\Views\\memombr\\modalcarikreditur.php')
 3 SYSTEMPATH\View\View.php(216): CodeIgniter\View\View->CodeIgniter\View\{closure}()
 4 SYSTEMPATH\Common.php(1142): CodeIgniter\View\View->render('memombr/modalcarikreditur', [], true)
 5 APPPATH\Controllers\Memombr.php(775): view('memombr/modalcarikreditur', [...])
 6 SYSTEMPATH\CodeIgniter.php(904): App\Controllers\Memombr->cari_data_kreditur()
 7 SYSTEMPATH\CodeIgniter.php(457): CodeIgniter\CodeIgniter->runController(Object(App\Controllers\Memombr))
 8 SYSTEMPATH\CodeIgniter.php(340): CodeIgniter\CodeIgniter->handleRequest(null, Object(Config\Cache), false)
 9 FCPATH\index.php(67): CodeIgniter\CodeIgniter->run()
10 SYSTEMPATH\Commands\Server\rewrite.php(43): require_once('FCPATH\\index.php')
CRITICAL - 2023-03-23 17:11:52 --> Undefined variable $tbmobil
in APPPATH\Views\memombr\modaltambah.php on line 27.
 1 APPPATH\Views\memombr\modaltambah.php(27): CodeIgniter\Debug\Exceptions->errorHandler(2, 'Undefined variable $tbmobil', 'APPPATH\\Views\\memombr\\modaltambah.php', 27)
 2 SYSTEMPATH\View\View.php(213): include('APPPATH\\Views\\memombr\\modaltambah.php')
 3 SYSTEMPATH\View\View.php(216): CodeIgniter\View\View->CodeIgniter\View\{closure}()
 4 SYSTEMPATH\Common.php(1142): CodeIgniter\View\View->render('memombr/modaltambah', [], true)
 5 APPPATH\Controllers\Memombr.php(106): view('memombr/modaltambah', [...])
 6 SYSTEMPATH\CodeIgniter.php(904): App\Controllers\Memombr->formtambah()
 7 SYSTEMPATH\CodeIgniter.php(457): CodeIgniter\CodeIgniter->runController(Object(App\Controllers\Memombr))
 8 SYSTEMPATH\CodeIgniter.php(340): CodeIgniter\CodeIgniter->handleRequest(null, Object(Config\Cache), false)
 9 FCPATH\index.php(67): CodeIgniter\CodeIgniter->run()
10 SYSTEMPATH\Commands\Server\rewrite.php(43): require_once('FCPATH\\index.php')
CRITICAL - 2023-03-23 17:11:55 --> Undefined variable $tbmobil
in APPPATH\Views\memombr\modaltambah.php on line 27.
 1 APPPATH\Views\memombr\modaltambah.php(27): CodeIgniter\Debug\Exceptions->errorHandler(2, 'Undefined variable $tbmobil', 'APPPATH\\Views\\memombr\\modaltambah.php', 27)
 2 SYSTEMPATH\View\View.php(213): include('APPPATH\\Views\\memombr\\modaltambah.php')
 3 SYSTEMPATH\View\View.php(216): CodeIgniter\View\View->CodeIgniter\View\{closure}()
 4 SYSTEMPATH\Common.php(1142): CodeIgniter\View\View->render('memombr/modaltambah', [], true)
 5 APPPATH\Controllers\Memombr.php(106): view('memombr/modaltambah', [...])
 6 SYSTEMPATH\CodeIgniter.php(904): App\Controllers\Memombr->formtambah()
 7 SYSTEMPATH\CodeIgniter.php(457): CodeIgniter\CodeIgniter->runController(Object(App\Controllers\Memombr))
 8 SYSTEMPATH\CodeIgniter.php(340): CodeIgniter\CodeIgniter->handleRequest(null, Object(Config\Cache), false)
 9 FCPATH\index.php(67): CodeIgniter\CodeIgniter->run()
10 SYSTEMPATH\Commands\Server\rewrite.php(43): require_once('FCPATH\\index.php')
CRITICAL - 2023-03-23 22:50:39 --> Class "App\Models\TbsalesModel" not found
in APPPATH\Controllers\Tbsales.php on line 13.
 1 SYSTEMPATH\CodeIgniter.php(866): App\Controllers\Tbsales->__construct()
 2 SYSTEMPATH\CodeIgniter.php(448): CodeIgniter\CodeIgniter->createController()
 3 SYSTEMPATH\CodeIgniter.php(340): CodeIgniter\CodeIgniter->handleRequest(null, Object(Config\Cache), false)
 4 FCPATH\index.php(67): CodeIgniter\CodeIgniter->run()
 5 SYSTEMPATH\Commands\Server\rewrite.php(43): require_once('FCPATH\\index.php')
