CRITICAL - 2023-05-05 16:34:48 --> Undefined array key "kode"
in APPPATH\Controllers\Mohfaktur.php on line 1050.
 1 APPPATH\Controllers\Mohfaktur.php(1050): CodeIgniter\Debug\Exceptions->errorHandler(2, 'Undefined array key "kode"', 'APPPATH\\Controllers\\Mohfaktur.php', 1050)
 2 SYSTEMPATH\CodeIgniter.php(904): App\Controllers\mohfaktur->repl_sales()
 3 SYSTEMPATH\CodeIgniter.php(457): CodeIgniter\CodeIgniter->runController(Object(App\Controllers\mohfaktur))
 4 SYSTEMPATH\CodeIgniter.php(340): CodeIgniter\CodeIgniter->handleRequest(null, Object(Config\Cache), false)
 5 FCPATH\index.php(67): CodeIgniter\CodeIgniter->run()
 6 SYSTEMPATH\Commands\Server\rewrite.php(43): require_once('FCPATH\\index.php')
CRITICAL - 2023-05-05 16:34:49 --> Undefined array key "kode"
in APPPATH\Controllers\Mohfaktur.php on line 1116.
 1 APPPATH\Controllers\Mohfaktur.php(1116): CodeIgniter\Debug\Exceptions->errorHandler(2, 'Undefined array key "kode"', 'APPPATH\\Controllers\\Mohfaktur.php', 1116)
 2 SYSTEMPATH\CodeIgniter.php(904): App\Controllers\mohfaktur->repl_nmstnk()
 3 SYSTEMPATH\CodeIgniter.php(457): CodeIgniter\CodeIgniter->runController(Object(App\Controllers\mohfaktur))
 4 SYSTEMPATH\CodeIgniter.php(340): CodeIgniter\CodeIgniter->handleRequest(null, Object(Config\Cache), false)
 5 FCPATH\index.php(67): CodeIgniter\CodeIgniter->run()
 6 SYSTEMPATH\Commands\Server\rewrite.php(43): require_once('FCPATH\\index.php')
CRITICAL - 2023-05-05 16:34:49 --> Undefined array key "kode"
in APPPATH\Controllers\Mohfaktur.php on line 1050.
 1 APPPATH\Controllers\Mohfaktur.php(1050): CodeIgniter\Debug\Exceptions->errorHandler(2, 'Undefined array key "kode"', 'APPPATH\\Controllers\\Mohfaktur.php', 1050)
 2 SYSTEMPATH\CodeIgniter.php(904): App\Controllers\mohfaktur->repl_sales()
 3 SYSTEMPATH\CodeIgniter.php(457): CodeIgniter\CodeIgniter->runController(Object(App\Controllers\mohfaktur))
 4 SYSTEMPATH\CodeIgniter.php(340): CodeIgniter\CodeIgniter->handleRequest(null, Object(Config\Cache), false)
 5 FCPATH\index.php(67): CodeIgniter\CodeIgniter->run()
 6 SYSTEMPATH\Commands\Server\rewrite.php(43): require_once('FCPATH\\index.php')
CRITICAL - 2023-05-05 16:37:15 --> Undefined array key "kode"
in APPPATH\Controllers\Mohfaktur.php on line 1050.
 1 APPPATH\Controllers\Mohfaktur.php(1050): CodeIgniter\Debug\Exceptions->errorHandler(2, 'Undefined array key "kode"', 'APPPATH\\Controllers\\Mohfaktur.php', 1050)
 2 SYSTEMPATH\CodeIgniter.php(904): App\Controllers\mohfaktur->repl_sales()
 3 SYSTEMPATH\CodeIgniter.php(457): CodeIgniter\CodeIgniter->runController(Object(App\Controllers\mohfaktur))
 4 SYSTEMPATH\CodeIgniter.php(340): CodeIgniter\CodeIgniter->handleRequest(null, Object(Config\Cache), false)
 5 FCPATH\index.php(67): CodeIgniter\CodeIgniter->run()
 6 SYSTEMPATH\Commands\Server\rewrite.php(43): require_once('FCPATH\\index.php')
CRITICAL - 2023-05-05 16:37:15 --> Undefined array key "kode"
in APPPATH\Controllers\Mohfaktur.php on line 1050.
 1 APPPATH\Controllers\Mohfaktur.php(1050): CodeIgniter\Debug\Exceptions->errorHandler(2, 'Undefined array key "kode"', 'APPPATH\\Controllers\\Mohfaktur.php', 1050)
 2 SYSTEMPATH\CodeIgniter.php(904): App\Controllers\mohfaktur->repl_sales()
 3 SYSTEMPATH\CodeIgniter.php(457): CodeIgniter\CodeIgniter->runController(Object(App\Controllers\mohfaktur))
 4 SYSTEMPATH\CodeIgniter.php(340): CodeIgniter\CodeIgniter->handleRequest(null, Object(Config\Cache), false)
 5 FCPATH\index.php(67): CodeIgniter\CodeIgniter->run()
 6 SYSTEMPATH\Commands\Server\rewrite.php(43): require_once('FCPATH\\index.php')
CRITICAL - 2023-05-05 16:37:15 --> Undefined array key "kode"
in APPPATH\Controllers\Mohfaktur.php on line 1116.
 1 APPPATH\Controllers\Mohfaktur.php(1116): CodeIgniter\Debug\Exceptions->errorHandler(2, 'Undefined array key "kode"', 'APPPATH\\Controllers\\Mohfaktur.php', 1116)
 2 SYSTEMPATH\CodeIgniter.php(904): App\Controllers\mohfaktur->repl_nmstnk()
 3 SYSTEMPATH\CodeIgniter.php(457): CodeIgniter\CodeIgniter->runController(Object(App\Controllers\mohfaktur))
 4 SYSTEMPATH\CodeIgniter.php(340): CodeIgniter\CodeIgniter->handleRequest(null, Object(Config\Cache), false)
 5 FCPATH\index.php(67): CodeIgniter\CodeIgniter->run()
 6 SYSTEMPATH\Commands\Server\rewrite.php(43): require_once('FCPATH\\index.php')
CRITICAL - 2023-05-05 16:38:16 --> Undefined array key "kode"
in APPPATH\Controllers\Mohfaktur.php on line 1050.
 1 APPPATH\Controllers\Mohfaktur.php(1050): CodeIgniter\Debug\Exceptions->errorHandler(2, 'Undefined array key "kode"', 'APPPATH\\Controllers\\Mohfaktur.php', 1050)
 2 SYSTEMPATH\CodeIgniter.php(904): App\Controllers\mohfaktur->repl_sales()
 3 SYSTEMPATH\CodeIgniter.php(457): CodeIgniter\CodeIgniter->runController(Object(App\Controllers\mohfaktur))
 4 SYSTEMPATH\CodeIgniter.php(340): CodeIgniter\CodeIgniter->handleRequest(null, Object(Config\Cache), false)
 5 FCPATH\index.php(67): CodeIgniter\CodeIgniter->run()
 6 SYSTEMPATH\Commands\Server\rewrite.php(43): require_once('FCPATH\\index.php')
CRITICAL - 2023-05-05 16:38:16 --> Undefined array key "kode"
in APPPATH\Controllers\Mohfaktur.php on line 1050.
 1 APPPATH\Controllers\Mohfaktur.php(1050): CodeIgniter\Debug\Exceptions->errorHandler(2, 'Undefined array key "kode"', 'APPPATH\\Controllers\\Mohfaktur.php', 1050)
 2 SYSTEMPATH\CodeIgniter.php(904): App\Controllers\mohfaktur->repl_sales()
 3 SYSTEMPATH\CodeIgniter.php(457): CodeIgniter\CodeIgniter->runController(Object(App\Controllers\mohfaktur))
 4 SYSTEMPATH\CodeIgniter.php(340): CodeIgniter\CodeIgniter->handleRequest(null, Object(Config\Cache), false)
 5 FCPATH\index.php(67): CodeIgniter\CodeIgniter->run()
 6 SYSTEMPATH\Commands\Server\rewrite.php(43): require_once('FCPATH\\index.php')
CRITICAL - 2023-05-05 16:38:16 --> Undefined array key "kode"
in APPPATH\Controllers\Mohfaktur.php on line 1116.
 1 APPPATH\Controllers\Mohfaktur.php(1116): CodeIgniter\Debug\Exceptions->errorHandler(2, 'Undefined array key "kode"', 'APPPATH\\Controllers\\Mohfaktur.php', 1116)
 2 SYSTEMPATH\CodeIgniter.php(904): App\Controllers\mohfaktur->repl_nmstnk()
 3 SYSTEMPATH\CodeIgniter.php(457): CodeIgniter\CodeIgniter->runController(Object(App\Controllers\mohfaktur))
 4 SYSTEMPATH\CodeIgniter.php(340): CodeIgniter\CodeIgniter->handleRequest(null, Object(Config\Cache), false)
 5 FCPATH\index.php(67): CodeIgniter\CodeIgniter->run()
 6 SYSTEMPATH\Commands\Server\rewrite.php(43): require_once('FCPATH\\index.php')
CRITICAL - 2023-05-05 16:40:12 --> Undefined array key "kode"
in APPPATH\Controllers\Mohfaktur.php on line 1050.
 1 APPPATH\Controllers\Mohfaktur.php(1050): CodeIgniter\Debug\Exceptions->errorHandler(2, 'Undefined array key "kode"', 'APPPATH\\Controllers\\Mohfaktur.php', 1050)
 2 SYSTEMPATH\CodeIgniter.php(904): App\Controllers\mohfaktur->repl_sales()
 3 SYSTEMPATH\CodeIgniter.php(457): CodeIgniter\CodeIgniter->runController(Object(App\Controllers\mohfaktur))
 4 SYSTEMPATH\CodeIgniter.php(340): CodeIgniter\CodeIgniter->handleRequest(null, Object(Config\Cache), false)
 5 FCPATH\index.php(67): CodeIgniter\CodeIgniter->run()
 6 SYSTEMPATH\Commands\Server\rewrite.php(43): require_once('FCPATH\\index.php')
CRITICAL - 2023-05-05 16:40:12 --> Undefined array key "kode"
in APPPATH\Controllers\Mohfaktur.php on line 1050.
 1 APPPATH\Controllers\Mohfaktur.php(1050): CodeIgniter\Debug\Exceptions->errorHandler(2, 'Undefined array key "kode"', 'APPPATH\\Controllers\\Mohfaktur.php', 1050)
 2 SYSTEMPATH\CodeIgniter.php(904): App\Controllers\mohfaktur->repl_sales()
 3 SYSTEMPATH\CodeIgniter.php(457): CodeIgniter\CodeIgniter->runController(Object(App\Controllers\mohfaktur))
 4 SYSTEMPATH\CodeIgniter.php(340): CodeIgniter\CodeIgniter->handleRequest(null, Object(Config\Cache), false)
 5 FCPATH\index.php(67): CodeIgniter\CodeIgniter->run()
 6 SYSTEMPATH\Commands\Server\rewrite.php(43): require_once('FCPATH\\index.php')
CRITICAL - 2023-05-05 16:40:13 --> Undefined array key "kode"
in APPPATH\Controllers\Mohfaktur.php on line 1116.
 1 APPPATH\Controllers\Mohfaktur.php(1116): CodeIgniter\Debug\Exceptions->errorHandler(2, 'Undefined array key "kode"', 'APPPATH\\Controllers\\Mohfaktur.php', 1116)
 2 SYSTEMPATH\CodeIgniter.php(904): App\Controllers\mohfaktur->repl_nmstnk()
 3 SYSTEMPATH\CodeIgniter.php(457): CodeIgniter\CodeIgniter->runController(Object(App\Controllers\mohfaktur))
 4 SYSTEMPATH\CodeIgniter.php(340): CodeIgniter\CodeIgniter->handleRequest(null, Object(Config\Cache), false)
 5 FCPATH\index.php(67): CodeIgniter\CodeIgniter->run()
 6 SYSTEMPATH\Commands\Server\rewrite.php(43): require_once('FCPATH\\index.php')
CRITICAL - 2023-05-05 16:40:31 --> Undefined array key "kode"
in APPPATH\Controllers\Mohfaktur.php on line 1050.
 1 APPPATH\Controllers\Mohfaktur.php(1050): CodeIgniter\Debug\Exceptions->errorHandler(2, 'Undefined array key "kode"', 'APPPATH\\Controllers\\Mohfaktur.php', 1050)
 2 SYSTEMPATH\CodeIgniter.php(904): App\Controllers\mohfaktur->repl_sales()
 3 SYSTEMPATH\CodeIgniter.php(457): CodeIgniter\CodeIgniter->runController(Object(App\Controllers\mohfaktur))
 4 SYSTEMPATH\CodeIgniter.php(340): CodeIgniter\CodeIgniter->handleRequest(null, Object(Config\Cache), false)
 5 FCPATH\index.php(67): CodeIgniter\CodeIgniter->run()
 6 SYSTEMPATH\Commands\Server\rewrite.php(43): require_once('FCPATH\\index.php')
CRITICAL - 2023-05-05 16:40:31 --> Undefined array key "kode"
in APPPATH\Controllers\Mohfaktur.php on line 1116.
 1 APPPATH\Controllers\Mohfaktur.php(1116): CodeIgniter\Debug\Exceptions->errorHandler(2, 'Undefined array key "kode"', 'APPPATH\\Controllers\\Mohfaktur.php', 1116)
 2 SYSTEMPATH\CodeIgniter.php(904): App\Controllers\mohfaktur->repl_nmstnk()
 3 SYSTEMPATH\CodeIgniter.php(457): CodeIgniter\CodeIgniter->runController(Object(App\Controllers\mohfaktur))
 4 SYSTEMPATH\CodeIgniter.php(340): CodeIgniter\CodeIgniter->handleRequest(null, Object(Config\Cache), false)
 5 FCPATH\index.php(67): CodeIgniter\CodeIgniter->run()
 6 SYSTEMPATH\Commands\Server\rewrite.php(43): require_once('FCPATH\\index.php')
CRITICAL - 2023-05-05 16:40:31 --> Undefined array key "kode"
in APPPATH\Controllers\Mohfaktur.php on line 1050.
 1 APPPATH\Controllers\Mohfaktur.php(1050): CodeIgniter\Debug\Exceptions->errorHandler(2, 'Undefined array key "kode"', 'APPPATH\\Controllers\\Mohfaktur.php', 1050)
 2 SYSTEMPATH\CodeIgniter.php(904): App\Controllers\mohfaktur->repl_sales()
 3 SYSTEMPATH\CodeIgniter.php(457): CodeIgniter\CodeIgniter->runController(Object(App\Controllers\mohfaktur))
 4 SYSTEMPATH\CodeIgniter.php(340): CodeIgniter\CodeIgniter->handleRequest(null, Object(Config\Cache), false)
 5 FCPATH\index.php(67): CodeIgniter\CodeIgniter->run()
 6 SYSTEMPATH\Commands\Server\rewrite.php(43): require_once('FCPATH\\index.php')
CRITICAL - 2023-05-05 16:41:13 --> Undefined array key "kode"
in APPPATH\Controllers\Mohfaktur.php on line 1050.
 1 APPPATH\Controllers\Mohfaktur.php(1050): CodeIgniter\Debug\Exceptions->errorHandler(2, 'Undefined array key "kode"', 'APPPATH\\Controllers\\Mohfaktur.php', 1050)
 2 SYSTEMPATH\CodeIgniter.php(904): App\Controllers\mohfaktur->repl_sales()
 3 SYSTEMPATH\CodeIgniter.php(457): CodeIgniter\CodeIgniter->runController(Object(App\Controllers\mohfaktur))
 4 SYSTEMPATH\CodeIgniter.php(340): CodeIgniter\CodeIgniter->handleRequest(null, Object(Config\Cache), false)
 5 FCPATH\index.php(67): CodeIgniter\CodeIgniter->run()
 6 SYSTEMPATH\Commands\Server\rewrite.php(43): require_once('FCPATH\\index.php')
CRITICAL - 2023-05-05 16:41:13 --> Undefined array key "kode"
in APPPATH\Controllers\Mohfaktur.php on line 1116.
 1 APPPATH\Controllers\Mohfaktur.php(1116): CodeIgniter\Debug\Exceptions->errorHandler(2, 'Undefined array key "kode"', 'APPPATH\\Controllers\\Mohfaktur.php', 1116)
 2 SYSTEMPATH\CodeIgniter.php(904): App\Controllers\mohfaktur->repl_nmstnk()
 3 SYSTEMPATH\CodeIgniter.php(457): CodeIgniter\CodeIgniter->runController(Object(App\Controllers\mohfaktur))
 4 SYSTEMPATH\CodeIgniter.php(340): CodeIgniter\CodeIgniter->handleRequest(null, Object(Config\Cache), false)
 5 FCPATH\index.php(67): CodeIgniter\CodeIgniter->run()
 6 SYSTEMPATH\Commands\Server\rewrite.php(43): require_once('FCPATH\\index.php')
CRITICAL - 2023-05-05 16:41:14 --> Undefined array key "kode"
in APPPATH\Controllers\Mohfaktur.php on line 1094.
 1 APPPATH\Controllers\Mohfaktur.php(1094): CodeIgniter\Debug\Exceptions->errorHandler(2, 'Undefined array key "kode"', 'APPPATH\\Controllers\\Mohfaktur.php', 1094)
 2 SYSTEMPATH\CodeIgniter.php(904): App\Controllers\mohfaktur->repl_sm()
 3 SYSTEMPATH\CodeIgniter.php(457): CodeIgniter\CodeIgniter->runController(Object(App\Controllers\mohfaktur))
 4 SYSTEMPATH\CodeIgniter.php(340): CodeIgniter\CodeIgniter->handleRequest(null, Object(Config\Cache), false)
 5 FCPATH\index.php(67): CodeIgniter\CodeIgniter->run()
 6 SYSTEMPATH\Commands\Server\rewrite.php(43): require_once('FCPATH\\index.php')
CRITICAL - 2023-05-05 16:41:14 --> Undefined array key "kode"
in APPPATH\Controllers\Mohfaktur.php on line 1072.
 1 APPPATH\Controllers\Mohfaktur.php(1072): CodeIgniter\Debug\Exceptions->errorHandler(2, 'Undefined array key "kode"', 'APPPATH\\Controllers\\Mohfaktur.php', 1072)
 2 SYSTEMPATH\CodeIgniter.php(904): App\Controllers\mohfaktur->repl_model()
 3 SYSTEMPATH\CodeIgniter.php(457): CodeIgniter\CodeIgniter->runController(Object(App\Controllers\mohfaktur))
 4 SYSTEMPATH\CodeIgniter.php(340): CodeIgniter\CodeIgniter->handleRequest(null, Object(Config\Cache), false)
 5 FCPATH\index.php(67): CodeIgniter\CodeIgniter->run()
 6 SYSTEMPATH\Commands\Server\rewrite.php(43): require_once('FCPATH\\index.php')
CRITICAL - 2023-05-05 16:41:14 --> Undefined array key "kode"
in APPPATH\Controllers\Mohfaktur.php on line 1050.
 1 APPPATH\Controllers\Mohfaktur.php(1050): CodeIgniter\Debug\Exceptions->errorHandler(2, 'Undefined array key "kode"', 'APPPATH\\Controllers\\Mohfaktur.php', 1050)
 2 SYSTEMPATH\CodeIgniter.php(904): App\Controllers\mohfaktur->repl_sales()
 3 SYSTEMPATH\CodeIgniter.php(457): CodeIgniter\CodeIgniter->runController(Object(App\Controllers\mohfaktur))
 4 SYSTEMPATH\CodeIgniter.php(340): CodeIgniter\CodeIgniter->handleRequest(null, Object(Config\Cache), false)
 5 FCPATH\index.php(67): CodeIgniter\CodeIgniter->run()
 6 SYSTEMPATH\Commands\Server\rewrite.php(43): require_once('FCPATH\\index.php')
CRITICAL - 2023-05-05 16:43:22 --> Undefined array key "nmcustoemr"
in APPPATH\Views\penerimaankasir\modaledit.php on line 58.
 1 APPPATH\Views\penerimaankasir\modaledit.php(58): CodeIgniter\Debug\Exceptions->errorHandler(2, 'Undefined array key "nmcustoemr"', 'APPPATH\\Views\\penerimaankasir\\modaledit.php', 58)
 2 SYSTEMPATH\View\View.php(213): include('APPPATH\\Views\\penerimaankasir\\modaledit.php')
 3 SYSTEMPATH\View\View.php(216): CodeIgniter\View\View->CodeIgniter\View\{closure}()
 4 SYSTEMPATH\Common.php(1142): CodeIgniter\View\View->render('penerimaankasir/modaledit', [], true)
 5 APPPATH\Controllers\Penerimaankasir.php(193): view('penerimaankasir/modaledit', [...])
 6 SYSTEMPATH\CodeIgniter.php(904): App\Controllers\Penerimaankasir->formedit()
 7 SYSTEMPATH\CodeIgniter.php(457): CodeIgniter\CodeIgniter->runController(Object(App\Controllers\Penerimaankasir))
 8 SYSTEMPATH\CodeIgniter.php(340): CodeIgniter\CodeIgniter->handleRequest(null, Object(Config\Cache), false)
 9 FCPATH\index.php(67): CodeIgniter\CodeIgniter->run()
10 SYSTEMPATH\Commands\Server\rewrite.php(43): require_once('FCPATH\\index.php')
CRITICAL - 2023-05-05 16:43:57 --> Undefined array key "nmcustoemr"
in APPPATH\Views\penerimaankasir\modaledit.php on line 58.
 1 APPPATH\Views\penerimaankasir\modaledit.php(58): CodeIgniter\Debug\Exceptions->errorHandler(2, 'Undefined array key "nmcustoemr"', 'APPPATH\\Views\\penerimaankasir\\modaledit.php', 58)
 2 SYSTEMPATH\View\View.php(213): include('APPPATH\\Views\\penerimaankasir\\modaledit.php')
 3 SYSTEMPATH\View\View.php(216): CodeIgniter\View\View->CodeIgniter\View\{closure}()
 4 SYSTEMPATH\Common.php(1142): CodeIgniter\View\View->render('penerimaankasir/modaledit', [], true)
 5 APPPATH\Controllers\Penerimaankasir.php(193): view('penerimaankasir/modaledit', [...])
 6 SYSTEMPATH\CodeIgniter.php(904): App\Controllers\Penerimaankasir->formedit()
 7 SYSTEMPATH\CodeIgniter.php(457): CodeIgniter\CodeIgniter->runController(Object(App\Controllers\Penerimaankasir))
 8 SYSTEMPATH\CodeIgniter.php(340): CodeIgniter\CodeIgniter->handleRequest(null, Object(Config\Cache), false)
 9 FCPATH\index.php(67): CodeIgniter\CodeIgniter->run()
10 SYSTEMPATH\Commands\Server\rewrite.php(43): require_once('FCPATH\\index.php')
CRITICAL - 2023-05-05 16:44:13 --> Undefined array key "nmcustoemr"
in APPPATH\Views\penerimaankasir\modaledit.php on line 58.
 1 APPPATH\Views\penerimaankasir\modaledit.php(58): CodeIgniter\Debug\Exceptions->errorHandler(2, 'Undefined array key "nmcustoemr"', 'APPPATH\\Views\\penerimaankasir\\modaledit.php', 58)
 2 SYSTEMPATH\View\View.php(213): include('APPPATH\\Views\\penerimaankasir\\modaledit.php')
 3 SYSTEMPATH\View\View.php(216): CodeIgniter\View\View->CodeIgniter\View\{closure}()
 4 SYSTEMPATH\Common.php(1142): CodeIgniter\View\View->render('penerimaankasir/modaledit', [], true)
 5 APPPATH\Controllers\Penerimaankasir.php(193): view('penerimaankasir/modaledit', [...])
 6 SYSTEMPATH\CodeIgniter.php(904): App\Controllers\Penerimaankasir->formedit()
 7 SYSTEMPATH\CodeIgniter.php(457): CodeIgniter\CodeIgniter->runController(Object(App\Controllers\Penerimaankasir))
 8 SYSTEMPATH\CodeIgniter.php(340): CodeIgniter\CodeIgniter->handleRequest(null, Object(Config\Cache), false)
 9 FCPATH\index.php(67): CodeIgniter\CodeIgniter->run()
10 SYSTEMPATH\Commands\Server\rewrite.php(43): require_once('FCPATH\\index.php')
CRITICAL - 2023-05-05 16:44:50 --> Undefined array key "kode"
in APPPATH\Controllers\Mohfaktur.php on line 1050.
 1 APPPATH\Controllers\Mohfaktur.php(1050): CodeIgniter\Debug\Exceptions->errorHandler(2, 'Undefined array key "kode"', 'APPPATH\\Controllers\\Mohfaktur.php', 1050)
 2 SYSTEMPATH\CodeIgniter.php(904): App\Controllers\mohfaktur->repl_sales()
 3 SYSTEMPATH\CodeIgniter.php(457): CodeIgniter\CodeIgniter->runController(Object(App\Controllers\mohfaktur))
 4 SYSTEMPATH\CodeIgniter.php(340): CodeIgniter\CodeIgniter->handleRequest(null, Object(Config\Cache), false)
 5 FCPATH\index.php(67): CodeIgniter\CodeIgniter->run()
 6 SYSTEMPATH\Commands\Server\rewrite.php(43): require_once('FCPATH\\index.php')
CRITICAL - 2023-05-05 16:44:50 --> Undefined array key "kode"
in APPPATH\Controllers\Mohfaktur.php on line 1050.
 1 APPPATH\Controllers\Mohfaktur.php(1050): CodeIgniter\Debug\Exceptions->errorHandler(2, 'Undefined array key "kode"', 'APPPATH\\Controllers\\Mohfaktur.php', 1050)
 2 SYSTEMPATH\CodeIgniter.php(904): App\Controllers\mohfaktur->repl_sales()
 3 SYSTEMPATH\CodeIgniter.php(457): CodeIgniter\CodeIgniter->runController(Object(App\Controllers\mohfaktur))
 4 SYSTEMPATH\CodeIgniter.php(340): CodeIgniter\CodeIgniter->handleRequest(null, Object(Config\Cache), false)
 5 FCPATH\index.php(67): CodeIgniter\CodeIgniter->run()
 6 SYSTEMPATH\Commands\Server\rewrite.php(43): require_once('FCPATH\\index.php')
CRITICAL - 2023-05-05 16:44:50 --> Undefined array key "kode"
in APPPATH\Controllers\Mohfaktur.php on line 1072.
 1 APPPATH\Controllers\Mohfaktur.php(1072): CodeIgniter\Debug\Exceptions->errorHandler(2, 'Undefined array key "kode"', 'APPPATH\\Controllers\\Mohfaktur.php', 1072)
 2 SYSTEMPATH\CodeIgniter.php(904): App\Controllers\mohfaktur->repl_model()
 3 SYSTEMPATH\CodeIgniter.php(457): CodeIgniter\CodeIgniter->runController(Object(App\Controllers\mohfaktur))
 4 SYSTEMPATH\CodeIgniter.php(340): CodeIgniter\CodeIgniter->handleRequest(null, Object(Config\Cache), false)
 5 FCPATH\index.php(67): CodeIgniter\CodeIgniter->run()
 6 SYSTEMPATH\Commands\Server\rewrite.php(43): require_once('FCPATH\\index.php')
CRITICAL - 2023-05-05 16:44:51 --> Undefined array key "kode"
in APPPATH\Controllers\Mohfaktur.php on line 1094.
 1 APPPATH\Controllers\Mohfaktur.php(1094): CodeIgniter\Debug\Exceptions->errorHandler(2, 'Undefined array key "kode"', 'APPPATH\\Controllers\\Mohfaktur.php', 1094)
 2 SYSTEMPATH\CodeIgniter.php(904): App\Controllers\mohfaktur->repl_sm()
 3 SYSTEMPATH\CodeIgniter.php(457): CodeIgniter\CodeIgniter->runController(Object(App\Controllers\mohfaktur))
 4 SYSTEMPATH\CodeIgniter.php(340): CodeIgniter\CodeIgniter->handleRequest(null, Object(Config\Cache), false)
 5 FCPATH\index.php(67): CodeIgniter\CodeIgniter->run()
 6 SYSTEMPATH\Commands\Server\rewrite.php(43): require_once('FCPATH\\index.php')
CRITICAL - 2023-05-05 16:44:51 --> Undefined array key "kode"
in APPPATH\Controllers\Mohfaktur.php on line 1116.
 1 APPPATH\Controllers\Mohfaktur.php(1116): CodeIgniter\Debug\Exceptions->errorHandler(2, 'Undefined array key "kode"', 'APPPATH\\Controllers\\Mohfaktur.php', 1116)
 2 SYSTEMPATH\CodeIgniter.php(904): App\Controllers\mohfaktur->repl_nmstnk()
 3 SYSTEMPATH\CodeIgniter.php(457): CodeIgniter\CodeIgniter->runController(Object(App\Controllers\mohfaktur))
 4 SYSTEMPATH\CodeIgniter.php(340): CodeIgniter\CodeIgniter->handleRequest(null, Object(Config\Cache), false)
 5 FCPATH\index.php(67): CodeIgniter\CodeIgniter->run()
 6 SYSTEMPATH\Commands\Server\rewrite.php(43): require_once('FCPATH\\index.php')
CRITICAL - 2023-05-05 16:52:14 --> Undefined array key "kode"
in APPPATH\Controllers\Mohfaktur.php on line 1050.
 1 APPPATH\Controllers\Mohfaktur.php(1050): CodeIgniter\Debug\Exceptions->errorHandler(2, 'Undefined array key "kode"', 'APPPATH\\Controllers\\Mohfaktur.php', 1050)
 2 SYSTEMPATH\CodeIgniter.php(904): App\Controllers\mohfaktur->repl_sales()
 3 SYSTEMPATH\CodeIgniter.php(457): CodeIgniter\CodeIgniter->runController(Object(App\Controllers\mohfaktur))
 4 SYSTEMPATH\CodeIgniter.php(340): CodeIgniter\CodeIgniter->handleRequest(null, Object(Config\Cache), false)
 5 FCPATH\index.php(67): CodeIgniter\CodeIgniter->run()
 6 SYSTEMPATH\Commands\Server\rewrite.php(43): require_once('FCPATH\\index.php')
CRITICAL - 2023-05-05 16:52:14 --> Undefined array key "kode"
in APPPATH\Controllers\Mohfaktur.php on line 1050.
 1 APPPATH\Controllers\Mohfaktur.php(1050): CodeIgniter\Debug\Exceptions->errorHandler(2, 'Undefined array key "kode"', 'APPPATH\\Controllers\\Mohfaktur.php', 1050)
 2 SYSTEMPATH\CodeIgniter.php(904): App\Controllers\mohfaktur->repl_sales()
 3 SYSTEMPATH\CodeIgniter.php(457): CodeIgniter\CodeIgniter->runController(Object(App\Controllers\mohfaktur))
 4 SYSTEMPATH\CodeIgniter.php(340): CodeIgniter\CodeIgniter->handleRequest(null, Object(Config\Cache), false)
 5 FCPATH\index.php(67): CodeIgniter\CodeIgniter->run()
 6 SYSTEMPATH\Commands\Server\rewrite.php(43): require_once('FCPATH\\index.php')
CRITICAL - 2023-05-05 16:52:14 --> Undefined array key "kode"
in APPPATH\Controllers\Mohfaktur.php on line 1072.
 1 APPPATH\Controllers\Mohfaktur.php(1072): CodeIgniter\Debug\Exceptions->errorHandler(2, 'Undefined array key "kode"', 'APPPATH\\Controllers\\Mohfaktur.php', 1072)
 2 SYSTEMPATH\CodeIgniter.php(904): App\Controllers\mohfaktur->repl_model()
 3 SYSTEMPATH\CodeIgniter.php(457): CodeIgniter\CodeIgniter->runController(Object(App\Controllers\mohfaktur))
 4 SYSTEMPATH\CodeIgniter.php(340): CodeIgniter\CodeIgniter->handleRequest(null, Object(Config\Cache), false)
 5 FCPATH\index.php(67): CodeIgniter\CodeIgniter->run()
 6 SYSTEMPATH\Commands\Server\rewrite.php(43): require_once('FCPATH\\index.php')
CRITICAL - 2023-05-05 16:52:14 --> Undefined array key "kode"
in APPPATH\Controllers\Mohfaktur.php on line 1094.
 1 APPPATH\Controllers\Mohfaktur.php(1094): CodeIgniter\Debug\Exceptions->errorHandler(2, 'Undefined array key "kode"', 'APPPATH\\Controllers\\Mohfaktur.php', 1094)
 2 SYSTEMPATH\CodeIgniter.php(904): App\Controllers\mohfaktur->repl_sm()
 3 SYSTEMPATH\CodeIgniter.php(457): CodeIgniter\CodeIgniter->runController(Object(App\Controllers\mohfaktur))
 4 SYSTEMPATH\CodeIgniter.php(340): CodeIgniter\CodeIgniter->handleRequest(null, Object(Config\Cache), false)
 5 FCPATH\index.php(67): CodeIgniter\CodeIgniter->run()
 6 SYSTEMPATH\Commands\Server\rewrite.php(43): require_once('FCPATH\\index.php')
CRITICAL - 2023-05-05 16:52:14 --> Undefined array key "kode"
in APPPATH\Controllers\Mohfaktur.php on line 1116.
 1 APPPATH\Controllers\Mohfaktur.php(1116): CodeIgniter\Debug\Exceptions->errorHandler(2, 'Undefined array key "kode"', 'APPPATH\\Controllers\\Mohfaktur.php', 1116)
 2 SYSTEMPATH\CodeIgniter.php(904): App\Controllers\mohfaktur->repl_nmstnk()
 3 SYSTEMPATH\CodeIgniter.php(457): CodeIgniter\CodeIgniter->runController(Object(App\Controllers\mohfaktur))
 4 SYSTEMPATH\CodeIgniter.php(340): CodeIgniter\CodeIgniter->handleRequest(null, Object(Config\Cache), false)
 5 FCPATH\index.php(67): CodeIgniter\CodeIgniter->run()
 6 SYSTEMPATH\Commands\Server\rewrite.php(43): require_once('FCPATH\\index.php')
CRITICAL - 2023-05-05 16:52:54 --> Undefined array key "kode"
in APPPATH\Controllers\Mohfaktur.php on line 1050.
 1 APPPATH\Controllers\Mohfaktur.php(1050): CodeIgniter\Debug\Exceptions->errorHandler(2, 'Undefined array key "kode"', 'APPPATH\\Controllers\\Mohfaktur.php', 1050)
 2 SYSTEMPATH\CodeIgniter.php(904): App\Controllers\mohfaktur->repl_sales()
 3 SYSTEMPATH\CodeIgniter.php(457): CodeIgniter\CodeIgniter->runController(Object(App\Controllers\mohfaktur))
 4 SYSTEMPATH\CodeIgniter.php(340): CodeIgniter\CodeIgniter->handleRequest(null, Object(Config\Cache), false)
 5 FCPATH\index.php(67): CodeIgniter\CodeIgniter->run()
 6 SYSTEMPATH\Commands\Server\rewrite.php(43): require_once('FCPATH\\index.php')
CRITICAL - 2023-05-05 16:52:54 --> Undefined array key "kode"
in APPPATH\Controllers\Mohfaktur.php on line 1050.
 1 APPPATH\Controllers\Mohfaktur.php(1050): CodeIgniter\Debug\Exceptions->errorHandler(2, 'Undefined array key "kode"', 'APPPATH\\Controllers\\Mohfaktur.php', 1050)
 2 SYSTEMPATH\CodeIgniter.php(904): App\Controllers\mohfaktur->repl_sales()
 3 SYSTEMPATH\CodeIgniter.php(457): CodeIgniter\CodeIgniter->runController(Object(App\Controllers\mohfaktur))
 4 SYSTEMPATH\CodeIgniter.php(340): CodeIgniter\CodeIgniter->handleRequest(null, Object(Config\Cache), false)
 5 FCPATH\index.php(67): CodeIgniter\CodeIgniter->run()
 6 SYSTEMPATH\Commands\Server\rewrite.php(43): require_once('FCPATH\\index.php')
CRITICAL - 2023-05-05 16:52:54 --> Undefined array key "kode"
in APPPATH\Controllers\Mohfaktur.php on line 1072.
 1 APPPATH\Controllers\Mohfaktur.php(1072): CodeIgniter\Debug\Exceptions->errorHandler(2, 'Undefined array key "kode"', 'APPPATH\\Controllers\\Mohfaktur.php', 1072)
 2 SYSTEMPATH\CodeIgniter.php(904): App\Controllers\mohfaktur->repl_model()
 3 SYSTEMPATH\CodeIgniter.php(457): CodeIgniter\CodeIgniter->runController(Object(App\Controllers\mohfaktur))
 4 SYSTEMPATH\CodeIgniter.php(340): CodeIgniter\CodeIgniter->handleRequest(null, Object(Config\Cache), false)
 5 FCPATH\index.php(67): CodeIgniter\CodeIgniter->run()
 6 SYSTEMPATH\Commands\Server\rewrite.php(43): require_once('FCPATH\\index.php')
CRITICAL - 2023-05-05 16:52:54 --> Undefined array key "kode"
in APPPATH\Controllers\Mohfaktur.php on line 1094.
 1 APPPATH\Controllers\Mohfaktur.php(1094): CodeIgniter\Debug\Exceptions->errorHandler(2, 'Undefined array key "kode"', 'APPPATH\\Controllers\\Mohfaktur.php', 1094)
 2 SYSTEMPATH\CodeIgniter.php(904): App\Controllers\mohfaktur->repl_sm()
 3 SYSTEMPATH\CodeIgniter.php(457): CodeIgniter\CodeIgniter->runController(Object(App\Controllers\mohfaktur))
 4 SYSTEMPATH\CodeIgniter.php(340): CodeIgniter\CodeIgniter->handleRequest(null, Object(Config\Cache), false)
 5 FCPATH\index.php(67): CodeIgniter\CodeIgniter->run()
 6 SYSTEMPATH\Commands\Server\rewrite.php(43): require_once('FCPATH\\index.php')
CRITICAL - 2023-05-05 16:52:54 --> Undefined array key "kode"
in APPPATH\Controllers\Mohfaktur.php on line 1116.
 1 APPPATH\Controllers\Mohfaktur.php(1116): CodeIgniter\Debug\Exceptions->errorHandler(2, 'Undefined array key "kode"', 'APPPATH\\Controllers\\Mohfaktur.php', 1116)
 2 SYSTEMPATH\CodeIgniter.php(904): App\Controllers\mohfaktur->repl_nmstnk()
 3 SYSTEMPATH\CodeIgniter.php(457): CodeIgniter\CodeIgniter->runController(Object(App\Controllers\mohfaktur))
 4 SYSTEMPATH\CodeIgniter.php(340): CodeIgniter\CodeIgniter->handleRequest(null, Object(Config\Cache), false)
 5 FCPATH\index.php(67): CodeIgniter\CodeIgniter->run()
 6 SYSTEMPATH\Commands\Server\rewrite.php(43): require_once('FCPATH\\index.php')
CRITICAL - 2023-05-05 16:54:10 --> Undefined array key "kode"
in APPPATH\Controllers\Mohfaktur.php on line 1050.
 1 APPPATH\Controllers\Mohfaktur.php(1050): CodeIgniter\Debug\Exceptions->errorHandler(2, 'Undefined array key "kode"', 'APPPATH\\Controllers\\Mohfaktur.php', 1050)
 2 SYSTEMPATH\CodeIgniter.php(904): App\Controllers\mohfaktur->repl_sales()
 3 SYSTEMPATH\CodeIgniter.php(457): CodeIgniter\CodeIgniter->runController(Object(App\Controllers\mohfaktur))
 4 SYSTEMPATH\CodeIgniter.php(340): CodeIgniter\CodeIgniter->handleRequest(null, Object(Config\Cache), false)
 5 FCPATH\index.php(67): CodeIgniter\CodeIgniter->run()
 6 SYSTEMPATH\Commands\Server\rewrite.php(43): require_once('FCPATH\\index.php')
CRITICAL - 2023-05-05 16:54:11 --> Undefined array key "kode"
in APPPATH\Controllers\Mohfaktur.php on line 1050.
 1 APPPATH\Controllers\Mohfaktur.php(1050): CodeIgniter\Debug\Exceptions->errorHandler(2, 'Undefined array key "kode"', 'APPPATH\\Controllers\\Mohfaktur.php', 1050)
 2 SYSTEMPATH\CodeIgniter.php(904): App\Controllers\mohfaktur->repl_sales()
 3 SYSTEMPATH\CodeIgniter.php(457): CodeIgniter\CodeIgniter->runController(Object(App\Controllers\mohfaktur))
 4 SYSTEMPATH\CodeIgniter.php(340): CodeIgniter\CodeIgniter->handleRequest(null, Object(Config\Cache), false)
 5 FCPATH\index.php(67): CodeIgniter\CodeIgniter->run()
 6 SYSTEMPATH\Commands\Server\rewrite.php(43): require_once('FCPATH\\index.php')
CRITICAL - 2023-05-05 16:54:11 --> Undefined array key "kode"
in APPPATH\Controllers\Mohfaktur.php on line 1094.
 1 APPPATH\Controllers\Mohfaktur.php(1094): CodeIgniter\Debug\Exceptions->errorHandler(2, 'Undefined array key "kode"', 'APPPATH\\Controllers\\Mohfaktur.php', 1094)
 2 SYSTEMPATH\CodeIgniter.php(904): App\Controllers\mohfaktur->repl_sm()
 3 SYSTEMPATH\CodeIgniter.php(457): CodeIgniter\CodeIgniter->runController(Object(App\Controllers\mohfaktur))
 4 SYSTEMPATH\CodeIgniter.php(340): CodeIgniter\CodeIgniter->handleRequest(null, Object(Config\Cache), false)
 5 FCPATH\index.php(67): CodeIgniter\CodeIgniter->run()
 6 SYSTEMPATH\Commands\Server\rewrite.php(43): require_once('FCPATH\\index.php')
CRITICAL - 2023-05-05 16:54:11 --> Undefined array key "kode"
in APPPATH\Controllers\Mohfaktur.php on line 1072.
 1 APPPATH\Controllers\Mohfaktur.php(1072): CodeIgniter\Debug\Exceptions->errorHandler(2, 'Undefined array key "kode"', 'APPPATH\\Controllers\\Mohfaktur.php', 1072)
 2 SYSTEMPATH\CodeIgniter.php(904): App\Controllers\mohfaktur->repl_model()
 3 SYSTEMPATH\CodeIgniter.php(457): CodeIgniter\CodeIgniter->runController(Object(App\Controllers\mohfaktur))
 4 SYSTEMPATH\CodeIgniter.php(340): CodeIgniter\CodeIgniter->handleRequest(null, Object(Config\Cache), false)
 5 FCPATH\index.php(67): CodeIgniter\CodeIgniter->run()
 6 SYSTEMPATH\Commands\Server\rewrite.php(43): require_once('FCPATH\\index.php')
CRITICAL - 2023-05-05 16:54:11 --> Undefined array key "kode"
in APPPATH\Controllers\Mohfaktur.php on line 1116.
 1 APPPATH\Controllers\Mohfaktur.php(1116): CodeIgniter\Debug\Exceptions->errorHandler(2, 'Undefined array key "kode"', 'APPPATH\\Controllers\\Mohfaktur.php', 1116)
 2 SYSTEMPATH\CodeIgniter.php(904): App\Controllers\mohfaktur->repl_nmstnk()
 3 SYSTEMPATH\CodeIgniter.php(457): CodeIgniter\CodeIgniter->runController(Object(App\Controllers\mohfaktur))
 4 SYSTEMPATH\CodeIgniter.php(340): CodeIgniter\CodeIgniter->handleRequest(null, Object(Config\Cache), false)
 5 FCPATH\index.php(67): CodeIgniter\CodeIgniter->run()
 6 SYSTEMPATH\Commands\Server\rewrite.php(43): require_once('FCPATH\\index.php')
CRITICAL - 2023-05-05 16:54:31 --> Undefined array key "kode"
in APPPATH\Controllers\Mohfaktur.php on line 1050.
 1 APPPATH\Controllers\Mohfaktur.php(1050): CodeIgniter\Debug\Exceptions->errorHandler(2, 'Undefined array key "kode"', 'APPPATH\\Controllers\\Mohfaktur.php', 1050)
 2 SYSTEMPATH\CodeIgniter.php(904): App\Controllers\mohfaktur->repl_sales()
 3 SYSTEMPATH\CodeIgniter.php(457): CodeIgniter\CodeIgniter->runController(Object(App\Controllers\mohfaktur))
 4 SYSTEMPATH\CodeIgniter.php(340): CodeIgniter\CodeIgniter->handleRequest(null, Object(Config\Cache), false)
 5 FCPATH\index.php(67): CodeIgniter\CodeIgniter->run()
 6 SYSTEMPATH\Commands\Server\rewrite.php(43): require_once('FCPATH\\index.php')
CRITICAL - 2023-05-05 16:54:32 --> Undefined array key "kode"
in APPPATH\Controllers\Mohfaktur.php on line 1050.
 1 APPPATH\Controllers\Mohfaktur.php(1050): CodeIgniter\Debug\Exceptions->errorHandler(2, 'Undefined array key "kode"', 'APPPATH\\Controllers\\Mohfaktur.php', 1050)
 2 SYSTEMPATH\CodeIgniter.php(904): App\Controllers\mohfaktur->repl_sales()
 3 SYSTEMPATH\CodeIgniter.php(457): CodeIgniter\CodeIgniter->runController(Object(App\Controllers\mohfaktur))
 4 SYSTEMPATH\CodeIgniter.php(340): CodeIgniter\CodeIgniter->handleRequest(null, Object(Config\Cache), false)
 5 FCPATH\index.php(67): CodeIgniter\CodeIgniter->run()
 6 SYSTEMPATH\Commands\Server\rewrite.php(43): require_once('FCPATH\\index.php')
CRITICAL - 2023-05-05 16:54:32 --> Undefined array key "kode"
in APPPATH\Controllers\Mohfaktur.php on line 1072.
 1 APPPATH\Controllers\Mohfaktur.php(1072): CodeIgniter\Debug\Exceptions->errorHandler(2, 'Undefined array key "kode"', 'APPPATH\\Controllers\\Mohfaktur.php', 1072)
 2 SYSTEMPATH\CodeIgniter.php(904): App\Controllers\mohfaktur->repl_model()
 3 SYSTEMPATH\CodeIgniter.php(457): CodeIgniter\CodeIgniter->runController(Object(App\Controllers\mohfaktur))
 4 SYSTEMPATH\CodeIgniter.php(340): CodeIgniter\CodeIgniter->handleRequest(null, Object(Config\Cache), false)
 5 FCPATH\index.php(67): CodeIgniter\CodeIgniter->run()
 6 SYSTEMPATH\Commands\Server\rewrite.php(43): require_once('FCPATH\\index.php')
CRITICAL - 2023-05-05 16:54:32 --> Undefined array key "kode"
in APPPATH\Controllers\Mohfaktur.php on line 1094.
 1 APPPATH\Controllers\Mohfaktur.php(1094): CodeIgniter\Debug\Exceptions->errorHandler(2, 'Undefined array key "kode"', 'APPPATH\\Controllers\\Mohfaktur.php', 1094)
 2 SYSTEMPATH\CodeIgniter.php(904): App\Controllers\mohfaktur->repl_sm()
 3 SYSTEMPATH\CodeIgniter.php(457): CodeIgniter\CodeIgniter->runController(Object(App\Controllers\mohfaktur))
 4 SYSTEMPATH\CodeIgniter.php(340): CodeIgniter\CodeIgniter->handleRequest(null, Object(Config\Cache), false)
 5 FCPATH\index.php(67): CodeIgniter\CodeIgniter->run()
 6 SYSTEMPATH\Commands\Server\rewrite.php(43): require_once('FCPATH\\index.php')
CRITICAL - 2023-05-05 16:54:32 --> Undefined array key "kode"
in APPPATH\Controllers\Mohfaktur.php on line 1116.
 1 APPPATH\Controllers\Mohfaktur.php(1116): CodeIgniter\Debug\Exceptions->errorHandler(2, 'Undefined array key "kode"', 'APPPATH\\Controllers\\Mohfaktur.php', 1116)
 2 SYSTEMPATH\CodeIgniter.php(904): App\Controllers\mohfaktur->repl_nmstnk()
 3 SYSTEMPATH\CodeIgniter.php(457): CodeIgniter\CodeIgniter->runController(Object(App\Controllers\mohfaktur))
 4 SYSTEMPATH\CodeIgniter.php(340): CodeIgniter\CodeIgniter->handleRequest(null, Object(Config\Cache), false)
 5 FCPATH\index.php(67): CodeIgniter\CodeIgniter->run()
 6 SYSTEMPATH\Commands\Server\rewrite.php(43): require_once('FCPATH\\index.php')
