CRITICAL - 2023-02-14 11:56:20 --> Undefined variable $tbagama
in APPPATH\Views\tbbarang\modaledit.php on line 10.
 1 APPPATH\Views\tbbarang\modaledit.php(10): CodeIgniter\Debug\Exceptions->errorHandler(2, 'Undefined variable $tbagama', 'APPPATH\\Views\\tbbarang\\modaledit.php', 10)
 2 SYSTEMPATH\View\View.php(213): include('APPPATH\\Views\\tbbarang\\modaledit.php')
 3 SYSTEMPATH\View\View.php(216): CodeIgniter\View\View->CodeIgniter\View\{closure}()
 4 SYSTEMPATH\Common.php(1142): CodeIgniter\View\View->render('tbbarang/modaledit', [], true)
 5 APPPATH\Controllers\Tbbarang.php(198): view('tbbarang/modaledit', [...])
 6 SYSTEMPATH\CodeIgniter.php(904): App\Controllers\Tbbarang->formedit()
 7 SYSTEMPATH\CodeIgniter.php(457): CodeIgniter\CodeIgniter->runController(Object(App\Controllers\Tbbarang))
 8 SYSTEMPATH\CodeIgniter.php(340): CodeIgniter\CodeIgniter->handleRequest(null, Object(Config\Cache), false)
 9 FCPATH\index.php(67): CodeIgniter\CodeIgniter->run()
10 SYSTEMPATH\Commands\Server\rewrite.php(43): require_once('FCPATH\\index.php')
CRITICAL - 2023-02-14 11:56:24 --> Undefined variable $tbagama
in APPPATH\Views\tbbarang\modaledit.php on line 10.
 1 APPPATH\Views\tbbarang\modaledit.php(10): CodeIgniter\Debug\Exceptions->errorHandler(2, 'Undefined variable $tbagama', 'APPPATH\\Views\\tbbarang\\modaledit.php', 10)
 2 SYSTEMPATH\View\View.php(213): include('APPPATH\\Views\\tbbarang\\modaledit.php')
 3 SYSTEMPATH\View\View.php(216): CodeIgniter\View\View->CodeIgniter\View\{closure}()
 4 SYSTEMPATH\Common.php(1142): CodeIgniter\View\View->render('tbbarang/modaledit', [], true)
 5 APPPATH\Controllers\Tbbarang.php(198): view('tbbarang/modaledit', [...])
 6 SYSTEMPATH\CodeIgniter.php(904): App\Controllers\Tbbarang->formedit()
 7 SYSTEMPATH\CodeIgniter.php(457): CodeIgniter\CodeIgniter->runController(Object(App\Controllers\Tbbarang))
 8 SYSTEMPATH\CodeIgniter.php(340): CodeIgniter\CodeIgniter->handleRequest(null, Object(Config\Cache), false)
 9 FCPATH\index.php(67): CodeIgniter\CodeIgniter->run()
10 SYSTEMPATH\Commands\Server\rewrite.php(43): require_once('FCPATH\\index.php')
CRITICAL - 2023-02-14 11:56:27 --> Undefined variable $tbagama
in APPPATH\Views\tbbarang\modaldetail.php on line 10.
 1 APPPATH\Views\tbbarang\modaldetail.php(10): CodeIgniter\Debug\Exceptions->errorHandler(2, 'Undefined variable $tbagama', 'APPPATH\\Views\\tbbarang\\modaldetail.php', 10)
 2 SYSTEMPATH\View\View.php(213): include('APPPATH\\Views\\tbbarang\\modaldetail.php')
 3 SYSTEMPATH\View\View.php(216): CodeIgniter\View\View->CodeIgniter\View\{closure}()
 4 SYSTEMPATH\Common.php(1142): CodeIgniter\View\View->render('tbbarang/modaldetail', [], true)
 5 APPPATH\Controllers\Tbbarang.php(89): view('tbbarang/modaldetail', [...])
 6 SYSTEMPATH\CodeIgniter.php(904): App\Controllers\Tbbarang->formdetail()
 7 SYSTEMPATH\CodeIgniter.php(457): CodeIgniter\CodeIgniter->runController(Object(App\Controllers\Tbbarang))
 8 SYSTEMPATH\CodeIgniter.php(340): CodeIgniter\CodeIgniter->handleRequest(null, Object(Config\Cache), false)
 9 FCPATH\index.php(67): CodeIgniter\CodeIgniter->run()
10 SYSTEMPATH\Commands\Server\rewrite.php(43): require_once('FCPATH\\index.php')
CRITICAL - 2023-02-14 14:04:26 --> Undefined variable $tbagama
in APPPATH\Views\tbbarang\modaldetail.php on line 10.
 1 APPPATH\Views\tbbarang\modaldetail.php(10): CodeIgniter\Debug\Exceptions->errorHandler(2, 'Undefined variable $tbagama', 'APPPATH\\Views\\tbbarang\\modaldetail.php', 10)
 2 SYSTEMPATH\View\View.php(213): include('APPPATH\\Views\\tbbarang\\modaldetail.php')
 3 SYSTEMPATH\View\View.php(216): CodeIgniter\View\View->CodeIgniter\View\{closure}()
 4 SYSTEMPATH\Common.php(1142): CodeIgniter\View\View->render('tbbarang/modaldetail', [], true)
 5 APPPATH\Controllers\Tbbarang.php(89): view('tbbarang/modaldetail', [...])
 6 SYSTEMPATH\CodeIgniter.php(904): App\Controllers\Tbbarang->formdetail()
 7 SYSTEMPATH\CodeIgniter.php(457): CodeIgniter\CodeIgniter->runController(Object(App\Controllers\Tbbarang))
 8 SYSTEMPATH\CodeIgniter.php(340): CodeIgniter\CodeIgniter->handleRequest(null, Object(Config\Cache), false)
 9 FCPATH\index.php(67): CodeIgniter\CodeIgniter->run()
10 SYSTEMPATH\Commands\Server\rewrite.php(43): require_once('FCPATH\\index.php')
CRITICAL - 2023-02-14 14:17:45 --> Undefined array key "aktif"
in APPPATH\Views\tbcabang\tabel_cabang.php on line 51.
 1 APPPATH\Views\tbcabang\tabel_cabang.php(51): CodeIgniter\Debug\Exceptions->errorHandler(2, 'Undefined array key "aktif"', 'APPPATH\\Views\\tbcabang\\tabel_cabang.php', 51)
 2 SYSTEMPATH\View\View.php(213): include('APPPATH\\Views\\tbcabang\\tabel_cabang.php')
 3 SYSTEMPATH\View\View.php(216): CodeIgniter\View\View->CodeIgniter\View\{closure}()
 4 SYSTEMPATH\Common.php(1142): CodeIgniter\View\View->render('tbcabang/tabel_cabang', [], true)
 5 APPPATH\Controllers\Tbcabang.php(261): view('tbcabang/tabel_cabang', [...])
 6 SYSTEMPATH\CodeIgniter.php(904): App\Controllers\Tbcabang->table_cabang()
 7 SYSTEMPATH\CodeIgniter.php(457): CodeIgniter\CodeIgniter->runController(Object(App\Controllers\Tbcabang))
 8 SYSTEMPATH\CodeIgniter.php(340): CodeIgniter\CodeIgniter->handleRequest(null, Object(Config\Cache), false)
 9 FCPATH\index.php(67): CodeIgniter\CodeIgniter->run()
10 SYSTEMPATH\Commands\Server\rewrite.php(43): require_once('FCPATH\\index.php')
CRITICAL - 2023-02-14 15:25:35 --> Undefined array key "aktif"
in APPPATH\Views\tbdivisi\tabel_divisi.php on line 51.
 1 APPPATH\Views\tbdivisi\tabel_divisi.php(51): CodeIgniter\Debug\Exceptions->errorHandler(2, 'Undefined array key "aktif"', 'APPPATH\\Views\\tbdivisi\\tabel_divisi.php', 51)
 2 SYSTEMPATH\View\View.php(213): include('APPPATH\\Views\\tbdivisi\\tabel_divisi.php')
 3 SYSTEMPATH\View\View.php(216): CodeIgniter\View\View->CodeIgniter\View\{closure}()
 4 SYSTEMPATH\Common.php(1142): CodeIgniter\View\View->render('tbdivisi/tabel_divisi', [], true)
 5 APPPATH\Controllers\Tbdivisi.php(260): view('tbdivisi/tabel_divisi', [...])
 6 SYSTEMPATH\CodeIgniter.php(904): App\Controllers\Tbdivisi->table_divisi()
 7 SYSTEMPATH\CodeIgniter.php(457): CodeIgniter\CodeIgniter->runController(Object(App\Controllers\Tbdivisi))
 8 SYSTEMPATH\CodeIgniter.php(340): CodeIgniter\CodeIgniter->handleRequest(null, Object(Config\Cache), false)
 9 FCPATH\index.php(67): CodeIgniter\CodeIgniter->run()
10 SYSTEMPATH\Commands\Server\rewrite.php(43): require_once('FCPATH\\index.php')
CRITICAL - 2023-02-14 15:26:46 --> Undefined array key "aktif"
in APPPATH\Views\tbdivisi\tabel_divisi.php on line 51.
 1 APPPATH\Views\tbdivisi\tabel_divisi.php(51): CodeIgniter\Debug\Exceptions->errorHandler(2, 'Undefined array key "aktif"', 'APPPATH\\Views\\tbdivisi\\tabel_divisi.php', 51)
 2 SYSTEMPATH\View\View.php(213): include('APPPATH\\Views\\tbdivisi\\tabel_divisi.php')
 3 SYSTEMPATH\View\View.php(216): CodeIgniter\View\View->CodeIgniter\View\{closure}()
 4 SYSTEMPATH\Common.php(1142): CodeIgniter\View\View->render('tbdivisi/tabel_divisi', [], true)
 5 APPPATH\Controllers\Tbdivisi.php(260): view('tbdivisi/tabel_divisi', [...])
 6 SYSTEMPATH\CodeIgniter.php(904): App\Controllers\Tbdivisi->table_divisi()
 7 SYSTEMPATH\CodeIgniter.php(457): CodeIgniter\CodeIgniter->runController(Object(App\Controllers\Tbdivisi))
 8 SYSTEMPATH\CodeIgniter.php(340): CodeIgniter\CodeIgniter->handleRequest(null, Object(Config\Cache), false)
 9 FCPATH\index.php(67): CodeIgniter\CodeIgniter->run()
10 SYSTEMPATH\Commands\Server\rewrite.php(43): require_once('FCPATH\\index.php')
CRITICAL - 2023-02-14 02:32:53 --> Class "App\Models\TbmoveModel" not found
in APPPATH\Controllers\Tbmove.php on line 13.
 1 SYSTEMPATH\CodeIgniter.php(866): App\Controllers\Tbmove->__construct()
 2 SYSTEMPATH\CodeIgniter.php(448): CodeIgniter\CodeIgniter->createController()
 3 SYSTEMPATH\CodeIgniter.php(340): CodeIgniter\CodeIgniter->handleRequest(null, Object(Config\Cache), false)
 4 FCPATH\index.php(67): CodeIgniter\CodeIgniter->run()
 5 SYSTEMPATH\Commands\Server\rewrite.php(43): require_once('FCPATH\\index.php')
CRITICAL - 2023-02-14 15:33:03 --> Undefined array key "aktif"
in APPPATH\Views\tbdivisi\tabel_divisi.php on line 51.
 1 APPPATH\Views\tbdivisi\tabel_divisi.php(51): CodeIgniter\Debug\Exceptions->errorHandler(2, 'Undefined array key "aktif"', 'APPPATH\\Views\\tbdivisi\\tabel_divisi.php', 51)
 2 SYSTEMPATH\View\View.php(213): include('APPPATH\\Views\\tbdivisi\\tabel_divisi.php')
 3 SYSTEMPATH\View\View.php(216): CodeIgniter\View\View->CodeIgniter\View\{closure}()
 4 SYSTEMPATH\Common.php(1142): CodeIgniter\View\View->render('tbdivisi/tabel_divisi', [], true)
 5 APPPATH\Controllers\Tbdivisi.php(260): view('tbdivisi/tabel_divisi', [...])
 6 SYSTEMPATH\CodeIgniter.php(904): App\Controllers\Tbdivisi->table_divisi()
 7 SYSTEMPATH\CodeIgniter.php(457): CodeIgniter\CodeIgniter->runController(Object(App\Controllers\Tbdivisi))
 8 SYSTEMPATH\CodeIgniter.php(340): CodeIgniter\CodeIgniter->handleRequest(null, Object(Config\Cache), false)
 9 FCPATH\index.php(67): CodeIgniter\CodeIgniter->run()
10 SYSTEMPATH\Commands\Server\rewrite.php(43): require_once('FCPATH\\index.php')
CRITICAL - 2023-02-14 15:33:21 --> Undefined array key "aktif"
in APPPATH\Views\tbdivisi\tabel_divisi.php on line 51.
 1 APPPATH\Views\tbdivisi\tabel_divisi.php(51): CodeIgniter\Debug\Exceptions->errorHandler(2, 'Undefined array key "aktif"', 'APPPATH\\Views\\tbdivisi\\tabel_divisi.php', 51)
 2 SYSTEMPATH\View\View.php(213): include('APPPATH\\Views\\tbdivisi\\tabel_divisi.php')
 3 SYSTEMPATH\View\View.php(216): CodeIgniter\View\View->CodeIgniter\View\{closure}()
 4 SYSTEMPATH\Common.php(1142): CodeIgniter\View\View->render('tbdivisi/tabel_divisi', [], true)
 5 APPPATH\Controllers\Tbdivisi.php(260): view('tbdivisi/tabel_divisi', [...])
 6 SYSTEMPATH\CodeIgniter.php(904): App\Controllers\Tbdivisi->table_divisi()
 7 SYSTEMPATH\CodeIgniter.php(457): CodeIgniter\CodeIgniter->runController(Object(App\Controllers\Tbdivisi))
 8 SYSTEMPATH\CodeIgniter.php(340): CodeIgniter\CodeIgniter->handleRequest(null, Object(Config\Cache), false)
 9 FCPATH\index.php(67): CodeIgniter\CodeIgniter->run()
10 SYSTEMPATH\Commands\Server\rewrite.php(43): require_once('FCPATH\\index.php')
CRITICAL - 2023-02-14 15:35:21 --> Undefined array key "aktif"
in APPPATH\Views\tbdivisi\modaldetail.php on line 25.
 1 APPPATH\Views\tbdivisi\modaldetail.php(25): CodeIgniter\Debug\Exceptions->errorHandler(2, 'Undefined array key "aktif"', 'APPPATH\\Views\\tbdivisi\\modaldetail.php', 25)
 2 SYSTEMPATH\View\View.php(213): include('APPPATH\\Views\\tbdivisi\\modaldetail.php')
 3 SYSTEMPATH\View\View.php(216): CodeIgniter\View\View->CodeIgniter\View\{closure}()
 4 SYSTEMPATH\Common.php(1142): CodeIgniter\View\View->render('tbdivisi/modaldetail', [], true)
 5 APPPATH\Controllers\Tbdivisi.php(41): view('tbdivisi/modaldetail', [...])
 6 SYSTEMPATH\CodeIgniter.php(904): App\Controllers\Tbdivisi->formdetail()
 7 SYSTEMPATH\CodeIgniter.php(457): CodeIgniter\CodeIgniter->runController(Object(App\Controllers\Tbdivisi))
 8 SYSTEMPATH\CodeIgniter.php(340): CodeIgniter\CodeIgniter->handleRequest(null, Object(Config\Cache), false)
 9 FCPATH\index.php(67): CodeIgniter\CodeIgniter->run()
10 SYSTEMPATH\Commands\Server\rewrite.php(43): require_once('FCPATH\\index.php')
