CRITICAL - 2023-03-14 11:58:04 --> Undefined variable $customer
in APPPATH\Views\estimasi\cetakestimasi.php on line 35.
 1 APPPATH\Views\estimasi\cetakestimasi.php(35): CodeIgniter\Debug\Exceptions->errorHandler(2, 'Undefined variable $customer', 'APPPATH\\Views\\estimasi\\cetakestimasi.php', 35)
 2 SYSTEMPATH\View\View.php(213): include('APPPATH\\Views\\estimasi\\cetakestimasi.php')
 3 SYSTEMPATH\View\View.php(216): CodeIgniter\View\View->CodeIgniter\View\{closure}()
 4 SYSTEMPATH\Common.php(1142): CodeIgniter\View\View->render('estimasi/cetakestimasi', [], true)
 5 APPPATH\Controllers\Estimasi.php(635): view('estimasi/cetakestimasi', [...])
 6 SYSTEMPATH\CodeIgniter.php(904): App\Controllers\Estimasi->cetakestimasi('266')
 7 SYSTEMPATH\CodeIgniter.php(457): CodeIgniter\CodeIgniter->runController(Object(App\Controllers\Estimasi))
 8 SYSTEMPATH\CodeIgniter.php(340): CodeIgniter\CodeIgniter->handleRequest(null, Object(Config\Cache), false)
 9 FCPATH\index.php(67): CodeIgniter\CodeIgniter->run()
10 SYSTEMPATH\Commands\Server\rewrite.php(43): require_once('FCPATH\\index.php')
CRITICAL - 2023-03-14 11:58:22 --> Undefined array key "no_contact_pic"
in APPPATH\Views\estimasi\cetakestimasi.php on line 43.
 1 APPPATH\Views\estimasi\cetakestimasi.php(43): CodeIgniter\Debug\Exceptions->errorHandler(2, 'Undefined array key "no_contact_pic"', 'APPPATH\\Views\\estimasi\\cetakestimasi.php', 43)
 2 SYSTEMPATH\View\View.php(213): include('APPPATH\\Views\\estimasi\\cetakestimasi.php')
 3 SYSTEMPATH\View\View.php(216): CodeIgniter\View\View->CodeIgniter\View\{closure}()
 4 SYSTEMPATH\Common.php(1142): CodeIgniter\View\View->render('estimasi/cetakestimasi', [], true)
 5 APPPATH\Controllers\Estimasi.php(635): view('estimasi/cetakestimasi', [...])
 6 SYSTEMPATH\CodeIgniter.php(904): App\Controllers\Estimasi->cetakestimasi('266')
 7 SYSTEMPATH\CodeIgniter.php(457): CodeIgniter\CodeIgniter->runController(Object(App\Controllers\Estimasi))
 8 SYSTEMPATH\CodeIgniter.php(340): CodeIgniter\CodeIgniter->handleRequest(null, Object(Config\Cache), false)
 9 FCPATH\index.php(67): CodeIgniter\CodeIgniter->run()
10 SYSTEMPATH\Commands\Server\rewrite.php(43): require_once('FCPATH\\index.php')
CRITICAL - 2023-03-14 13:21:19 --> Undefined variable $discount
in APPPATH\Views\estimasi\cetakestimasi.php on line 74.
 1 APPPATH\Views\estimasi\cetakestimasi.php(74): CodeIgniter\Debug\Exceptions->errorHandler(2, 'Undefined variable $discount', 'APPPATH\\Views\\estimasi\\cetakestimasi.php', 74)
 2 SYSTEMPATH\View\View.php(213): include('APPPATH\\Views\\estimasi\\cetakestimasi.php')
 3 SYSTEMPATH\View\View.php(216): CodeIgniter\View\View->CodeIgniter\View\{closure}()
 4 SYSTEMPATH\Common.php(1142): CodeIgniter\View\View->render('estimasi/cetakestimasi', [], true)
 5 APPPATH\Controllers\Estimasi.php(635): view('estimasi/cetakestimasi', [...])
 6 SYSTEMPATH\CodeIgniter.php(904): App\Controllers\Estimasi->cetakestimasi('266')
 7 SYSTEMPATH\CodeIgniter.php(457): CodeIgniter\CodeIgniter->runController(Object(App\Controllers\Estimasi))
 8 SYSTEMPATH\CodeIgniter.php(340): CodeIgniter\CodeIgniter->handleRequest(null, Object(Config\Cache), false)
 9 FCPATH\index.php(67): CodeIgniter\CodeIgniter->run()
10 SYSTEMPATH\Commands\Server\rewrite.php(43): require_once('FCPATH\\index.php')
CRITICAL - 2023-03-14 13:24:37 --> Undefined array key "contact_person"
in APPPATH\Views\estimasi\cetakestimasi.php on line 39.
 1 APPPATH\Views\estimasi\cetakestimasi.php(39): CodeIgniter\Debug\Exceptions->errorHandler(2, 'Undefined array key "contact_person"', 'APPPATH\\Views\\estimasi\\cetakestimasi.php', 39)
 2 SYSTEMPATH\View\View.php(213): include('APPPATH\\Views\\estimasi\\cetakestimasi.php')
 3 SYSTEMPATH\View\View.php(216): CodeIgniter\View\View->CodeIgniter\View\{closure}()
 4 SYSTEMPATH\Common.php(1142): CodeIgniter\View\View->render('estimasi/cetakestimasi', [], true)
 5 APPPATH\Controllers\Estimasi.php(635): view('estimasi/cetakestimasi', [...])
 6 SYSTEMPATH\CodeIgniter.php(904): App\Controllers\Estimasi->cetakestimasi('209')
 7 SYSTEMPATH\CodeIgniter.php(457): CodeIgniter\CodeIgniter->runController(Object(App\Controllers\Estimasi))
 8 SYSTEMPATH\CodeIgniter.php(340): CodeIgniter\CodeIgniter->handleRequest(null, Object(Config\Cache), false)
 9 FCPATH\index.php(67): CodeIgniter\CodeIgniter->run()
10 SYSTEMPATH\Commands\Server\rewrite.php(43): require_once('FCPATH\\index.php')
CRITICAL - 2023-03-14 13:26:42 --> Undefined array key "contact_person"
in APPPATH\Views\estimasi\cetakestimasi.php on line 39.
 1 APPPATH\Views\estimasi\cetakestimasi.php(39): CodeIgniter\Debug\Exceptions->errorHandler(2, 'Undefined array key "contact_person"', 'APPPATH\\Views\\estimasi\\cetakestimasi.php', 39)
 2 SYSTEMPATH\View\View.php(213): include('APPPATH\\Views\\estimasi\\cetakestimasi.php')
 3 SYSTEMPATH\View\View.php(216): CodeIgniter\View\View->CodeIgniter\View\{closure}()
 4 SYSTEMPATH\Common.php(1142): CodeIgniter\View\View->render('estimasi/cetakestimasi', [], true)
 5 APPPATH\Controllers\Estimasi.php(635): view('estimasi/cetakestimasi', [...])
 6 SYSTEMPATH\CodeIgniter.php(904): App\Controllers\Estimasi->cetakestimasi('209')
 7 SYSTEMPATH\CodeIgniter.php(457): CodeIgniter\CodeIgniter->runController(Object(App\Controllers\Estimasi))
 8 SYSTEMPATH\CodeIgniter.php(340): CodeIgniter\CodeIgniter->handleRequest(null, Object(Config\Cache), false)
 9 FCPATH\index.php(67): CodeIgniter\CodeIgniter->run()
10 SYSTEMPATH\Commands\Server\rewrite.php(43): require_once('FCPATH\\index.php')
CRITICAL - 2023-03-14 14:20:36 --> A non-numeric value encountered
in VENDORPATH\dompdf\dompdf\src\Css\AttributeTranslator.php on line 486.
 1 VENDORPATH\dompdf\dompdf\src\Css\AttributeTranslator.php(486): CodeIgniter\Debug\Exceptions->errorHandler(2, 'A non-numeric value encountered', 'VENDORPATH\\dompdf\\dompdf\\src\\Css\\AttributeTranslator.php', 486)
 2 VENDORPATH\dompdf\dompdf\src\Css\AttributeTranslator.php(263): Dompdf\Css\AttributeTranslator::_set_hr_size(Object(DOMElement), '10px')
 3 VENDORPATH\dompdf\dompdf\src\Css\AttributeTranslator.php(243): Dompdf\Css\AttributeTranslator::_resolve_target(Object(DOMElement), '_set_hr_size', '10px')
 4 VENDORPATH\dompdf\dompdf\src\Css\Stylesheet.php(1040): Dompdf\Css\AttributeTranslator::translate_attributes(Object(Dompdf\Frame))
 5 VENDORPATH\dompdf\dompdf\src\Dompdf.php(695): Dompdf\Css\Stylesheet->apply_styles(Object(Dompdf\Frame\FrameTree))
 6 APPPATH\Controllers\Estimasi.php(638): Dompdf\Dompdf->render()
 7 SYSTEMPATH\CodeIgniter.php(904): App\Controllers\Estimasi->cetakestimasi('209')
 8 SYSTEMPATH\CodeIgniter.php(457): CodeIgniter\CodeIgniter->runController(Object(App\Controllers\Estimasi))
 9 SYSTEMPATH\CodeIgniter.php(340): CodeIgniter\CodeIgniter->handleRequest(null, Object(Config\Cache), false)
10 FCPATH\index.php(67): CodeIgniter\CodeIgniter->run()
11 SYSTEMPATH\Commands\Server\rewrite.php(43): require_once('FCPATH\\index.php')
CRITICAL - 2023-03-14 14:20:45 --> Allowed memory size of 536870912 bytes exhausted (tried to allocate 262148096 bytes)
in APPPATH\Views\errors\html\error_exception.php on line 96.
 1 [internal function]: CodeIgniter\Debug\Exceptions->shutdownHandler()
CRITICAL - 2023-03-14 14:20:58 --> A non-numeric value encountered
in VENDORPATH\dompdf\dompdf\src\Css\AttributeTranslator.php on line 486.
 1 VENDORPATH\dompdf\dompdf\src\Css\AttributeTranslator.php(486): CodeIgniter\Debug\Exceptions->errorHandler(2, 'A non-numeric value encountered', 'VENDORPATH\\dompdf\\dompdf\\src\\Css\\AttributeTranslator.php', 486)
 2 VENDORPATH\dompdf\dompdf\src\Css\AttributeTranslator.php(263): Dompdf\Css\AttributeTranslator::_set_hr_size(Object(DOMElement), '10px')
 3 VENDORPATH\dompdf\dompdf\src\Css\AttributeTranslator.php(243): Dompdf\Css\AttributeTranslator::_resolve_target(Object(DOMElement), '_set_hr_size', '10px')
 4 VENDORPATH\dompdf\dompdf\src\Css\Stylesheet.php(1040): Dompdf\Css\AttributeTranslator::translate_attributes(Object(Dompdf\Frame))
 5 VENDORPATH\dompdf\dompdf\src\Dompdf.php(695): Dompdf\Css\Stylesheet->apply_styles(Object(Dompdf\Frame\FrameTree))
 6 APPPATH\Controllers\Estimasi.php(638): Dompdf\Dompdf->render()
 7 SYSTEMPATH\CodeIgniter.php(904): App\Controllers\Estimasi->cetakestimasi('209')
 8 SYSTEMPATH\CodeIgniter.php(457): CodeIgniter\CodeIgniter->runController(Object(App\Controllers\Estimasi))
 9 SYSTEMPATH\CodeIgniter.php(340): CodeIgniter\CodeIgniter->handleRequest(null, Object(Config\Cache), false)
10 FCPATH\index.php(67): CodeIgniter\CodeIgniter->run()
11 SYSTEMPATH\Commands\Server\rewrite.php(43): require_once('FCPATH\\index.php')
CRITICAL - 2023-03-14 14:21:07 --> Allowed memory size of 536870912 bytes exhausted (tried to allocate 262148096 bytes)
in APPPATH\Views\errors\html\error_exception.php on line 96.
 1 [internal function]: CodeIgniter\Debug\Exceptions->shutdownHandler()
CRITICAL - 2023-03-14 14:21:38 --> A non-numeric value encountered
in VENDORPATH\dompdf\dompdf\src\Css\AttributeTranslator.php on line 486.
 1 VENDORPATH\dompdf\dompdf\src\Css\AttributeTranslator.php(486): CodeIgniter\Debug\Exceptions->errorHandler(2, 'A non-numeric value encountered', 'VENDORPATH\\dompdf\\dompdf\\src\\Css\\AttributeTranslator.php', 486)
 2 VENDORPATH\dompdf\dompdf\src\Css\AttributeTranslator.php(263): Dompdf\Css\AttributeTranslator::_set_hr_size(Object(DOMElement), '10px')
 3 VENDORPATH\dompdf\dompdf\src\Css\AttributeTranslator.php(243): Dompdf\Css\AttributeTranslator::_resolve_target(Object(DOMElement), '_set_hr_size', '10px')
 4 VENDORPATH\dompdf\dompdf\src\Css\Stylesheet.php(1040): Dompdf\Css\AttributeTranslator::translate_attributes(Object(Dompdf\Frame))
 5 VENDORPATH\dompdf\dompdf\src\Dompdf.php(695): Dompdf\Css\Stylesheet->apply_styles(Object(Dompdf\Frame\FrameTree))
 6 APPPATH\Controllers\Estimasi.php(638): Dompdf\Dompdf->render()
 7 SYSTEMPATH\CodeIgniter.php(904): App\Controllers\Estimasi->cetakestimasi('209')
 8 SYSTEMPATH\CodeIgniter.php(457): CodeIgniter\CodeIgniter->runController(Object(App\Controllers\Estimasi))
 9 SYSTEMPATH\CodeIgniter.php(340): CodeIgniter\CodeIgniter->handleRequest(null, Object(Config\Cache), false)
10 FCPATH\index.php(67): CodeIgniter\CodeIgniter->run()
11 SYSTEMPATH\Commands\Server\rewrite.php(43): require_once('FCPATH\\index.php')
CRITICAL - 2023-03-14 14:21:47 --> Allowed memory size of 536870912 bytes exhausted (tried to allocate 262148096 bytes)
in APPPATH\Views\errors\html\error_exception.php on line 96.
 1 [internal function]: CodeIgniter\Debug\Exceptions->shutdownHandler()
CRITICAL - 2023-03-14 14:22:13 --> A non-numeric value encountered
in VENDORPATH\dompdf\dompdf\src\Css\AttributeTranslator.php on line 486.
 1 VENDORPATH\dompdf\dompdf\src\Css\AttributeTranslator.php(486): CodeIgniter\Debug\Exceptions->errorHandler(2, 'A non-numeric value encountered', 'VENDORPATH\\dompdf\\dompdf\\src\\Css\\AttributeTranslator.php', 486)
 2 VENDORPATH\dompdf\dompdf\src\Css\AttributeTranslator.php(263): Dompdf\Css\AttributeTranslator::_set_hr_size(Object(DOMElement), '1px')
 3 VENDORPATH\dompdf\dompdf\src\Css\AttributeTranslator.php(243): Dompdf\Css\AttributeTranslator::_resolve_target(Object(DOMElement), '_set_hr_size', '1px')
 4 VENDORPATH\dompdf\dompdf\src\Css\Stylesheet.php(1040): Dompdf\Css\AttributeTranslator::translate_attributes(Object(Dompdf\Frame))
 5 VENDORPATH\dompdf\dompdf\src\Dompdf.php(695): Dompdf\Css\Stylesheet->apply_styles(Object(Dompdf\Frame\FrameTree))
 6 APPPATH\Controllers\Estimasi.php(638): Dompdf\Dompdf->render()
 7 SYSTEMPATH\CodeIgniter.php(904): App\Controllers\Estimasi->cetakestimasi('209')
 8 SYSTEMPATH\CodeIgniter.php(457): CodeIgniter\CodeIgniter->runController(Object(App\Controllers\Estimasi))
 9 SYSTEMPATH\CodeIgniter.php(340): CodeIgniter\CodeIgniter->handleRequest(null, Object(Config\Cache), false)
10 FCPATH\index.php(67): CodeIgniter\CodeIgniter->run()
11 SYSTEMPATH\Commands\Server\rewrite.php(43): require_once('FCPATH\\index.php')
CRITICAL - 2023-03-14 14:22:21 --> Allowed memory size of 536870912 bytes exhausted (tried to allocate 262148096 bytes)
in APPPATH\Views\errors\html\error_exception.php on line 96.
 1 [internal function]: CodeIgniter\Debug\Exceptions->shutdownHandler()
CRITICAL - 2023-03-14 14:29:06 --> Call to a member function get_cellmap() on null
in VENDORPATH\dompdf\dompdf\src\FrameReflower\TableRow.php on line 68.
 1 VENDORPATH\dompdf\dompdf\src\FrameDecorator\AbstractFrameDecorator.php(913): Dompdf\FrameReflower\TableRow->reflow(Object(Dompdf\FrameDecorator\Block))
 2 VENDORPATH\dompdf\dompdf\src\FrameReflower\Block.php(865): Dompdf\FrameDecorator\AbstractFrameDecorator->reflow(Object(Dompdf\FrameDecorator\Block))
 3 VENDORPATH\dompdf\dompdf\src\FrameDecorator\AbstractFrameDecorator.php(913): Dompdf\FrameReflower\Block->reflow(Object(Dompdf\FrameDecorator\Block))
 4 VENDORPATH\dompdf\dompdf\src\FrameReflower\Block.php(865): Dompdf\FrameDecorator\AbstractFrameDecorator->reflow(Object(Dompdf\FrameDecorator\Block))
 5 VENDORPATH\dompdf\dompdf\src\FrameDecorator\AbstractFrameDecorator.php(913): Dompdf\FrameReflower\Block->reflow(Object(Dompdf\FrameDecorator\Block))
 6 VENDORPATH\dompdf\dompdf\src\FrameReflower\Block.php(865): Dompdf\FrameDecorator\AbstractFrameDecorator->reflow(Object(Dompdf\FrameDecorator\Block))
 7 VENDORPATH\dompdf\dompdf\src\FrameDecorator\AbstractFrameDecorator.php(913): Dompdf\FrameReflower\Block->reflow(null)
 8 VENDORPATH\dompdf\dompdf\src\FrameReflower\Page.php(142): Dompdf\FrameDecorator\AbstractFrameDecorator->reflow()
 9 VENDORPATH\dompdf\dompdf\src\FrameDecorator\AbstractFrameDecorator.php(913): Dompdf\FrameReflower\Page->reflow(null)
10 VENDORPATH\dompdf\dompdf\src\Dompdf.php(765): Dompdf\FrameDecorator\AbstractFrameDecorator->reflow()
11 APPPATH\Controllers\Estimasi.php(638): Dompdf\Dompdf->render()
12 SYSTEMPATH\CodeIgniter.php(904): App\Controllers\Estimasi->cetakestimasi('209')
13 SYSTEMPATH\CodeIgniter.php(457): CodeIgniter\CodeIgniter->runController(Object(App\Controllers\Estimasi))
14 SYSTEMPATH\CodeIgniter.php(340): CodeIgniter\CodeIgniter->handleRequest(null, Object(Config\Cache), false)
15 FCPATH\index.php(67): CodeIgniter\CodeIgniter->run()
16 SYSTEMPATH\Commands\Server\rewrite.php(43): require_once('FCPATH\\index.php')
CRITICAL - 2023-03-14 14:29:15 --> Allowed memory size of 536870912 bytes exhausted (tried to allocate 260050944 bytes)
in APPPATH\Views\errors\html\error_exception.php on line 96.
 1 [internal function]: CodeIgniter\Debug\Exceptions->shutdownHandler()
CRITICAL - 2023-03-14 14:40:56 --> Call to a member function get_cellmap() on null
in VENDORPATH\dompdf\dompdf\src\FrameReflower\TableCell.php on line 40.
 1 VENDORPATH\dompdf\dompdf\src\FrameDecorator\AbstractFrameDecorator.php(913): Dompdf\FrameReflower\TableCell->reflow(null)
 2 VENDORPATH\dompdf\dompdf\src\FrameReflower\TableRow.php(56): Dompdf\FrameDecorator\AbstractFrameDecorator->reflow()
 3 VENDORPATH\dompdf\dompdf\src\FrameDecorator\AbstractFrameDecorator.php(913): Dompdf\FrameReflower\TableRow->reflow(Object(Dompdf\FrameDecorator\Block))
 4 VENDORPATH\dompdf\dompdf\src\FrameReflower\Block.php(865): Dompdf\FrameDecorator\AbstractFrameDecorator->reflow(Object(Dompdf\FrameDecorator\Block))
 5 VENDORPATH\dompdf\dompdf\src\FrameDecorator\AbstractFrameDecorator.php(913): Dompdf\FrameReflower\Block->reflow(Object(Dompdf\FrameDecorator\Block))
 6 VENDORPATH\dompdf\dompdf\src\FrameReflower\Block.php(865): Dompdf\FrameDecorator\AbstractFrameDecorator->reflow(Object(Dompdf\FrameDecorator\Block))
 7 VENDORPATH\dompdf\dompdf\src\FrameDecorator\AbstractFrameDecorator.php(913): Dompdf\FrameReflower\Block->reflow(Object(Dompdf\FrameDecorator\Block))
 8 VENDORPATH\dompdf\dompdf\src\FrameReflower\Block.php(865): Dompdf\FrameDecorator\AbstractFrameDecorator->reflow(Object(Dompdf\FrameDecorator\Block))
 9 VENDORPATH\dompdf\dompdf\src\FrameDecorator\AbstractFrameDecorator.php(913): Dompdf\FrameReflower\Block->reflow(null)
10 VENDORPATH\dompdf\dompdf\src\FrameReflower\Page.php(142): Dompdf\FrameDecorator\AbstractFrameDecorator->reflow()
11 VENDORPATH\dompdf\dompdf\src\FrameDecorator\AbstractFrameDecorator.php(913): Dompdf\FrameReflower\Page->reflow(null)
12 VENDORPATH\dompdf\dompdf\src\Dompdf.php(765): Dompdf\FrameDecorator\AbstractFrameDecorator->reflow()
13 APPPATH\Controllers\Estimasi.php(638): Dompdf\Dompdf->render()
14 SYSTEMPATH\CodeIgniter.php(904): App\Controllers\Estimasi->cetakestimasi('209')
15 SYSTEMPATH\CodeIgniter.php(457): CodeIgniter\CodeIgniter->runController(Object(App\Controllers\Estimasi))
16 SYSTEMPATH\CodeIgniter.php(340): CodeIgniter\CodeIgniter->handleRequest(null, Object(Config\Cache), false)
17 FCPATH\index.php(67): CodeIgniter\CodeIgniter->run()
18 SYSTEMPATH\Commands\Server\rewrite.php(43): require_once('FCPATH\\index.php')
CRITICAL - 2023-03-14 14:41:05 --> Allowed memory size of 536870912 bytes exhausted (tried to allocate 260050944 bytes)
in APPPATH\Views\errors\html\error_exception.php on line 96.
 1 [internal function]: CodeIgniter\Debug\Exceptions->shutdownHandler()
CRITICAL - 2023-03-14 14:41:32 --> Call to a member function get_cellmap() on null
in VENDORPATH\dompdf\dompdf\src\FrameReflower\TableCell.php on line 40.
 1 VENDORPATH\dompdf\dompdf\src\FrameDecorator\AbstractFrameDecorator.php(913): Dompdf\FrameReflower\TableCell->reflow(null)
 2 VENDORPATH\dompdf\dompdf\src\FrameReflower\TableRow.php(56): Dompdf\FrameDecorator\AbstractFrameDecorator->reflow()
 3 VENDORPATH\dompdf\dompdf\src\FrameDecorator\AbstractFrameDecorator.php(913): Dompdf\FrameReflower\TableRow->reflow(Object(Dompdf\FrameDecorator\Block))
 4 VENDORPATH\dompdf\dompdf\src\FrameReflower\Block.php(865): Dompdf\FrameDecorator\AbstractFrameDecorator->reflow(Object(Dompdf\FrameDecorator\Block))
 5 VENDORPATH\dompdf\dompdf\src\FrameDecorator\AbstractFrameDecorator.php(913): Dompdf\FrameReflower\Block->reflow(Object(Dompdf\FrameDecorator\Block))
 6 VENDORPATH\dompdf\dompdf\src\FrameReflower\Block.php(865): Dompdf\FrameDecorator\AbstractFrameDecorator->reflow(Object(Dompdf\FrameDecorator\Block))
 7 VENDORPATH\dompdf\dompdf\src\FrameDecorator\AbstractFrameDecorator.php(913): Dompdf\FrameReflower\Block->reflow(Object(Dompdf\FrameDecorator\Block))
 8 VENDORPATH\dompdf\dompdf\src\FrameReflower\Block.php(865): Dompdf\FrameDecorator\AbstractFrameDecorator->reflow(Object(Dompdf\FrameDecorator\Block))
 9 VENDORPATH\dompdf\dompdf\src\FrameDecorator\AbstractFrameDecorator.php(913): Dompdf\FrameReflower\Block->reflow(null)
10 VENDORPATH\dompdf\dompdf\src\FrameReflower\Page.php(142): Dompdf\FrameDecorator\AbstractFrameDecorator->reflow()
11 VENDORPATH\dompdf\dompdf\src\FrameDecorator\AbstractFrameDecorator.php(913): Dompdf\FrameReflower\Page->reflow(null)
12 VENDORPATH\dompdf\dompdf\src\Dompdf.php(765): Dompdf\FrameDecorator\AbstractFrameDecorator->reflow()
13 APPPATH\Controllers\Estimasi.php(638): Dompdf\Dompdf->render()
14 SYSTEMPATH\CodeIgniter.php(904): App\Controllers\Estimasi->cetakestimasi('209')
15 SYSTEMPATH\CodeIgniter.php(457): CodeIgniter\CodeIgniter->runController(Object(App\Controllers\Estimasi))
16 SYSTEMPATH\CodeIgniter.php(340): CodeIgniter\CodeIgniter->handleRequest(null, Object(Config\Cache), false)
17 FCPATH\index.php(67): CodeIgniter\CodeIgniter->run()
18 SYSTEMPATH\Commands\Server\rewrite.php(43): require_once('FCPATH\\index.php')
CRITICAL - 2023-03-14 14:41:41 --> Allowed memory size of 536870912 bytes exhausted (tried to allocate 260050944 bytes)
in APPPATH\Views\errors\html\error_exception.php on line 96.
 1 [internal function]: CodeIgniter\Debug\Exceptions->shutdownHandler()
CRITICAL - 2023-03-14 15:50:17 --> substr(): Passing null to parameter #1 ($string) of type string is deprecated
in APPPATH\Views\tbasuransi\modaltambah.php on line 16.
 1 [internal function]: CodeIgniter\Debug\Exceptions->errorHandler(8192, 'substr(): Passing null to parameter #1 ($string) of type string is deprecated', 'APPPATH\\Views\\tbasuransi\\modaltambah.php', 16)
 2 APPPATH\Views\tbasuransi\modaltambah.php(16): substr(null, -5)
 3 SYSTEMPATH\View\View.php(213): include('APPPATH\\Views\\tbasuransi\\modaltambah.php')
 4 SYSTEMPATH\View\View.php(216): CodeIgniter\View\View->CodeIgniter\View\{closure}()
 5 SYSTEMPATH\Common.php(1142): CodeIgniter\View\View->render('tbasuransi/modaltambah', [], true)
 6 APPPATH\Controllers\Tbasuransi.php(98): view('tbasuransi/modaltambah', [...])
 7 SYSTEMPATH\CodeIgniter.php(904): App\Controllers\tbasuransi->formtambah()
 8 SYSTEMPATH\CodeIgniter.php(457): CodeIgniter\CodeIgniter->runController(Object(App\Controllers\tbasuransi))
 9 SYSTEMPATH\CodeIgniter.php(340): CodeIgniter\CodeIgniter->handleRequest(null, Object(Config\Cache), false)
10 FCPATH\index.php(67): CodeIgniter\CodeIgniter->run()
11 SYSTEMPATH\Commands\Server\rewrite.php(43): require_once('FCPATH\\index.php')
CRITICAL - 2023-03-14 15:50:28 --> substr(): Passing null to parameter #1 ($string) of type string is deprecated
in APPPATH\Views\tbasuransi\modaltambah.php on line 16.
 1 [internal function]: CodeIgniter\Debug\Exceptions->errorHandler(8192, 'substr(): Passing null to parameter #1 ($string) of type string is deprecated', 'APPPATH\\Views\\tbasuransi\\modaltambah.php', 16)
 2 APPPATH\Views\tbasuransi\modaltambah.php(16): substr(null, -5)
 3 SYSTEMPATH\View\View.php(213): include('APPPATH\\Views\\tbasuransi\\modaltambah.php')
 4 SYSTEMPATH\View\View.php(216): CodeIgniter\View\View->CodeIgniter\View\{closure}()
 5 SYSTEMPATH\Common.php(1142): CodeIgniter\View\View->render('tbasuransi/modaltambah', [], true)
 6 APPPATH\Controllers\Tbasuransi.php(98): view('tbasuransi/modaltambah', [...])
 7 SYSTEMPATH\CodeIgniter.php(904): App\Controllers\tbasuransi->formtambah()
 8 SYSTEMPATH\CodeIgniter.php(457): CodeIgniter\CodeIgniter->runController(Object(App\Controllers\tbasuransi))
 9 SYSTEMPATH\CodeIgniter.php(340): CodeIgniter\CodeIgniter->handleRequest(null, Object(Config\Cache), false)
10 FCPATH\index.php(67): CodeIgniter\CodeIgniter->run()
11 SYSTEMPATH\Commands\Server\rewrite.php(43): require_once('FCPATH\\index.php')
CRITICAL - 2023-03-14 15:52:14 --> substr(): Passing null to parameter #1 ($string) of type string is deprecated
in APPPATH\Views\tbasuransi\modaltambah.php on line 16.
 1 [internal function]: CodeIgniter\Debug\Exceptions->errorHandler(8192, 'substr(): Passing null to parameter #1 ($string) of type string is deprecated', 'APPPATH\\Views\\tbasuransi\\modaltambah.php', 16)
 2 APPPATH\Views\tbasuransi\modaltambah.php(16): substr(null, -5)
 3 SYSTEMPATH\View\View.php(213): include('APPPATH\\Views\\tbasuransi\\modaltambah.php')
 4 SYSTEMPATH\View\View.php(216): CodeIgniter\View\View->CodeIgniter\View\{closure}()
 5 SYSTEMPATH\Common.php(1142): CodeIgniter\View\View->render('tbasuransi/modaltambah', [], true)
 6 APPPATH\Controllers\Tbasuransi.php(98): view('tbasuransi/modaltambah', [...])
 7 SYSTEMPATH\CodeIgniter.php(904): App\Controllers\tbasuransi->formtambah()
 8 SYSTEMPATH\CodeIgniter.php(457): CodeIgniter\CodeIgniter->runController(Object(App\Controllers\tbasuransi))
 9 SYSTEMPATH\CodeIgniter.php(340): CodeIgniter\CodeIgniter->handleRequest(null, Object(Config\Cache), false)
10 FCPATH\index.php(67): CodeIgniter\CodeIgniter->run()
11 SYSTEMPATH\Commands\Server\rewrite.php(43): require_once('FCPATH\\index.php')
CRITICAL - 2023-03-14 15:52:19 --> substr(): Passing null to parameter #1 ($string) of type string is deprecated
in APPPATH\Views\tbasuransi\modaltambah.php on line 16.
 1 [internal function]: CodeIgniter\Debug\Exceptions->errorHandler(8192, 'substr(): Passing null to parameter #1 ($string) of type string is deprecated', 'APPPATH\\Views\\tbasuransi\\modaltambah.php', 16)
 2 APPPATH\Views\tbasuransi\modaltambah.php(16): substr(null, -5)
 3 SYSTEMPATH\View\View.php(213): include('APPPATH\\Views\\tbasuransi\\modaltambah.php')
 4 SYSTEMPATH\View\View.php(216): CodeIgniter\View\View->CodeIgniter\View\{closure}()
 5 SYSTEMPATH\Common.php(1142): CodeIgniter\View\View->render('tbasuransi/modaltambah', [], true)
 6 APPPATH\Controllers\Tbasuransi.php(98): view('tbasuransi/modaltambah', [...])
 7 SYSTEMPATH\CodeIgniter.php(904): App\Controllers\tbasuransi->formtambah()
 8 SYSTEMPATH\CodeIgniter.php(457): CodeIgniter\CodeIgniter->runController(Object(App\Controllers\tbasuransi))
 9 SYSTEMPATH\CodeIgniter.php(340): CodeIgniter\CodeIgniter->handleRequest(null, Object(Config\Cache), false)
10 FCPATH\index.php(67): CodeIgniter\CodeIgniter->run()
11 SYSTEMPATH\Commands\Server\rewrite.php(43): require_once('FCPATH\\index.php')
CRITICAL - 2023-03-14 15:54:19 --> substr(): Passing null to parameter #1 ($string) of type string is deprecated
in APPPATH\Views\tbasuransi\modaltambah.php on line 16.
 1 [internal function]: CodeIgniter\Debug\Exceptions->errorHandler(8192, 'substr(): Passing null to parameter #1 ($string) of type string is deprecated', 'APPPATH\\Views\\tbasuransi\\modaltambah.php', 16)
 2 APPPATH\Views\tbasuransi\modaltambah.php(16): substr(null, -5)
 3 SYSTEMPATH\View\View.php(213): include('APPPATH\\Views\\tbasuransi\\modaltambah.php')
 4 SYSTEMPATH\View\View.php(216): CodeIgniter\View\View->CodeIgniter\View\{closure}()
 5 SYSTEMPATH\Common.php(1142): CodeIgniter\View\View->render('tbasuransi/modaltambah', [], true)
 6 APPPATH\Controllers\Tbasuransi.php(99): view('tbasuransi/modaltambah', [...])
 7 SYSTEMPATH\CodeIgniter.php(904): App\Controllers\tbasuransi->formtambah()
 8 SYSTEMPATH\CodeIgniter.php(457): CodeIgniter\CodeIgniter->runController(Object(App\Controllers\tbasuransi))
 9 SYSTEMPATH\CodeIgniter.php(340): CodeIgniter\CodeIgniter->handleRequest(null, Object(Config\Cache), false)
10 FCPATH\index.php(67): CodeIgniter\CodeIgniter->run()
11 SYSTEMPATH\Commands\Server\rewrite.php(43): require_once('FCPATH\\index.php')
CRITICAL - 2023-03-14 15:55:26 --> substr(): Passing null to parameter #1 ($string) of type string is deprecated
in APPPATH\Views\tbasuransi\modaltambah.php on line 17.
 1 [internal function]: CodeIgniter\Debug\Exceptions->errorHandler(8192, 'substr(): Passing null to parameter #1 ($string) of type string is deprecated', 'APPPATH\\Views\\tbasuransi\\modaltambah.php', 17)
 2 APPPATH\Views\tbasuransi\modaltambah.php(17): substr(null, -5)
 3 SYSTEMPATH\View\View.php(213): include('APPPATH\\Views\\tbasuransi\\modaltambah.php')
 4 SYSTEMPATH\View\View.php(216): CodeIgniter\View\View->CodeIgniter\View\{closure}()
 5 SYSTEMPATH\Common.php(1142): CodeIgniter\View\View->render('tbasuransi/modaltambah', [], true)
 6 APPPATH\Controllers\Tbasuransi.php(99): view('tbasuransi/modaltambah', [...])
 7 SYSTEMPATH\CodeIgniter.php(904): App\Controllers\tbasuransi->formtambah()
 8 SYSTEMPATH\CodeIgniter.php(457): CodeIgniter\CodeIgniter->runController(Object(App\Controllers\tbasuransi))
 9 SYSTEMPATH\CodeIgniter.php(340): CodeIgniter\CodeIgniter->handleRequest(null, Object(Config\Cache), false)
10 FCPATH\index.php(67): CodeIgniter\CodeIgniter->run()
11 SYSTEMPATH\Commands\Server\rewrite.php(43): require_once('FCPATH\\index.php')
CRITICAL - 2023-03-14 15:55:35 --> substr(): Passing null to parameter #1 ($string) of type string is deprecated
in APPPATH\Views\tbasuransi\modaltambah.php on line 17.
 1 [internal function]: CodeIgniter\Debug\Exceptions->errorHandler(8192, 'substr(): Passing null to parameter #1 ($string) of type string is deprecated', 'APPPATH\\Views\\tbasuransi\\modaltambah.php', 17)
 2 APPPATH\Views\tbasuransi\modaltambah.php(17): substr(null, -5)
 3 SYSTEMPATH\View\View.php(213): include('APPPATH\\Views\\tbasuransi\\modaltambah.php')
 4 SYSTEMPATH\View\View.php(216): CodeIgniter\View\View->CodeIgniter\View\{closure}()
 5 SYSTEMPATH\Common.php(1142): CodeIgniter\View\View->render('tbasuransi/modaltambah', [], true)
 6 APPPATH\Controllers\Tbasuransi.php(99): view('tbasuransi/modaltambah', [...])
 7 SYSTEMPATH\CodeIgniter.php(904): App\Controllers\tbasuransi->formtambah()
 8 SYSTEMPATH\CodeIgniter.php(457): CodeIgniter\CodeIgniter->runController(Object(App\Controllers\tbasuransi))
 9 SYSTEMPATH\CodeIgniter.php(340): CodeIgniter\CodeIgniter->handleRequest(null, Object(Config\Cache), false)
10 FCPATH\index.php(67): CodeIgniter\CodeIgniter->run()
11 SYSTEMPATH\Commands\Server\rewrite.php(43): require_once('FCPATH\\index.php')
CRITICAL - 2023-03-14 15:56:04 --> substr(): Passing null to parameter #1 ($string) of type string is deprecated
in APPPATH\Views\tbasuransi\modaltambah.php on line 17.
 1 [internal function]: CodeIgniter\Debug\Exceptions->errorHandler(8192, 'substr(): Passing null to parameter #1 ($string) of type string is deprecated', 'APPPATH\\Views\\tbasuransi\\modaltambah.php', 17)
 2 APPPATH\Views\tbasuransi\modaltambah.php(17): substr(null, -5)
 3 SYSTEMPATH\View\View.php(213): include('APPPATH\\Views\\tbasuransi\\modaltambah.php')
 4 SYSTEMPATH\View\View.php(216): CodeIgniter\View\View->CodeIgniter\View\{closure}()
 5 SYSTEMPATH\Common.php(1142): CodeIgniter\View\View->render('tbasuransi/modaltambah', [], true)
 6 APPPATH\Controllers\Tbasuransi.php(99): view('tbasuransi/modaltambah', [...])
 7 SYSTEMPATH\CodeIgniter.php(904): App\Controllers\tbasuransi->formtambah()
 8 SYSTEMPATH\CodeIgniter.php(457): CodeIgniter\CodeIgniter->runController(Object(App\Controllers\tbasuransi))
 9 SYSTEMPATH\CodeIgniter.php(340): CodeIgniter\CodeIgniter->handleRequest(null, Object(Config\Cache), false)
10 FCPATH\index.php(67): CodeIgniter\CodeIgniter->run()
11 SYSTEMPATH\Commands\Server\rewrite.php(43): require_once('FCPATH\\index.php')
CRITICAL - 2023-03-14 15:58:34 --> substr(): Passing null to parameter #1 ($string) of type string is deprecated
in APPPATH\Views\tbasuransi\modaltambah.php on line 17.
 1 [internal function]: CodeIgniter\Debug\Exceptions->errorHandler(8192, 'substr(): Passing null to parameter #1 ($string) of type string is deprecated', 'APPPATH\\Views\\tbasuransi\\modaltambah.php', 17)
 2 APPPATH\Views\tbasuransi\modaltambah.php(17): substr(null, -5)
 3 SYSTEMPATH\View\View.php(213): include('APPPATH\\Views\\tbasuransi\\modaltambah.php')
 4 SYSTEMPATH\View\View.php(216): CodeIgniter\View\View->CodeIgniter\View\{closure}()
 5 SYSTEMPATH\Common.php(1142): CodeIgniter\View\View->render('tbasuransi/modaltambah', [], true)
 6 APPPATH\Controllers\Tbasuransi.php(99): view('tbasuransi/modaltambah', [...])
 7 SYSTEMPATH\CodeIgniter.php(904): App\Controllers\tbasuransi->formtambah()
 8 SYSTEMPATH\CodeIgniter.php(457): CodeIgniter\CodeIgniter->runController(Object(App\Controllers\tbasuransi))
 9 SYSTEMPATH\CodeIgniter.php(340): CodeIgniter\CodeIgniter->handleRequest(null, Object(Config\Cache), false)
10 FCPATH\index.php(67): CodeIgniter\CodeIgniter->run()
11 SYSTEMPATH\Commands\Server\rewrite.php(43): require_once('FCPATH\\index.php')
ERROR - 2023-03-14 16:00:09 --> mysqli_sql_exception: Unknown column 'kelompok' in 'field list' in D:\xampp\htdocs\bp\system\Database\MySQLi\Connection.php:292
Stack trace:
#0 D:\xampp\htdocs\bp\system\Database\MySQLi\Connection.php(292): mysqli->query('INSERT INTO `tb...', 0)
#1 D:\xampp\htdocs\bp\system\Database\BaseConnection.php(693): CodeIgniter\Database\MySQLi\Connection->execute('INSERT INTO `tb...')
#2 D:\xampp\htdocs\bp\system\Database\BaseConnection.php(620): CodeIgniter\Database\BaseConnection->simpleQuery('INSERT INTO `tb...')
#3 D:\xampp\htdocs\bp\system\Database\BaseBuilder.php(1916): CodeIgniter\Database\BaseConnection->query('INSERT INTO `tb...', Array, false)
#4 D:\xampp\htdocs\bp\system\Model.php(279): CodeIgniter\Database\BaseBuilder->insert()
#5 D:\xampp\htdocs\bp\system\BaseModel.php(738): CodeIgniter\Model->doInsert(Array)
#6 D:\xampp\htdocs\bp\system\Model.php(667): CodeIgniter\BaseModel->insert(Array, true)
#7 D:\xampp\htdocs\bp\app\Controllers\Tbasuransi.php(152): CodeIgniter\Model->insert(Array)
#8 D:\xampp\htdocs\bp\system\CodeIgniter.php(904): App\Controllers\tbasuransi->simpandata()
#9 D:\xampp\htdocs\bp\system\CodeIgniter.php(457): CodeIgniter\CodeIgniter->runController(Object(App\Controllers\tbasuransi))
#10 D:\xampp\htdocs\bp\system\CodeIgniter.php(340): CodeIgniter\CodeIgniter->handleRequest(NULL, Object(Config\Cache), false)
#11 D:\xampp\htdocs\bp\public\index.php(67): CodeIgniter\CodeIgniter->run()
#12 D:\xampp\htdocs\bp\system\Commands\Server\rewrite.php(43): require_once('D:\\xampp\\htdocs...')
#13 {main}
CRITICAL - 2023-03-14 16:00:09 --> Unknown column 'kelompok' in 'field list'
in SYSTEMPATH\Database\MySQLi\Connection.php on line 292.
 1 SYSTEMPATH\Database\MySQLi\Connection.php(292): mysqli->query('INSERT INTO `tbasuransi` (`kode`, `nama`, `kelompok`, `aktif`, `user`, `created_at`, `updated_at`) VALUES (\'S20230300001\', \'aaa\', NULL, \'Y\', \'Edit-Murod-14-03-2023 16:00:09\', \'2023-03-14 16:00:09\', \'2023-03-14 16:00:09\')', 0)
 2 SYSTEMPATH\Database\BaseConnection.php(693): CodeIgniter\Database\MySQLi\Connection->execute('INSERT INTO `tbasuransi` (`kode`, `nama`, `kelompok`, `aktif`, `user`, `created_at`, `updated_at`) VALUES (\'S20230300001\', \'aaa\', NULL, \'Y\', \'Edit-Murod-14-03-2023 16:00:09\', \'2023-03-14 16:00:09\', \'2023-03-14 16:00:09\')')
 3 SYSTEMPATH\Database\BaseConnection.php(620): CodeIgniter\Database\BaseConnection->simpleQuery('INSERT INTO `tbasuransi` (`kode`, `nama`, `kelompok`, `aktif`, `user`, `created_at`, `updated_at`) VALUES (\'S20230300001\', \'aaa\', NULL, \'Y\', \'Edit-Murod-14-03-2023 16:00:09\', \'2023-03-14 16:00:09\', \'2023-03-14 16:00:09\')')
 4 SYSTEMPATH\Database\BaseBuilder.php(1916): CodeIgniter\Database\BaseConnection->query('INSERT INTO `tbasuransi` (`kode`, `nama`, `kelompok`, `aktif`, `user`, `created_at`, `updated_at`) VALUES (:kode:, :nama:, :kelompok:, :aktif:, :user:, :created_at:, :updated_at:)', [...], false)
 5 SYSTEMPATH\Model.php(279): CodeIgniter\Database\BaseBuilder->insert()
 6 SYSTEMPATH\BaseModel.php(738): CodeIgniter\Model->doInsert([...])
 7 SYSTEMPATH\Model.php(667): CodeIgniter\BaseModel->insert([...], true)
 8 APPPATH\Controllers\Tbasuransi.php(152): CodeIgniter\Model->insert([...])
 9 SYSTEMPATH\CodeIgniter.php(904): App\Controllers\tbasuransi->simpandata()
10 SYSTEMPATH\CodeIgniter.php(457): CodeIgniter\CodeIgniter->runController(Object(App\Controllers\tbasuransi))
11 SYSTEMPATH\CodeIgniter.php(340): CodeIgniter\CodeIgniter->handleRequest(null, Object(Config\Cache), false)
12 FCPATH\index.php(67): CodeIgniter\CodeIgniter->run()
13 SYSTEMPATH\Commands\Server\rewrite.php(43): require_once('FCPATH\\index.php')
CRITICAL - 2023-03-14 16:04:12 --> Call to a member function getasuransi() on null
in APPPATH\Controllers\Tbasuransi.php on line 265.
 1 SYSTEMPATH\CodeIgniter.php(904): App\Controllers\tbasuransi->hapus('2')
 2 SYSTEMPATH\CodeIgniter.php(457): CodeIgniter\CodeIgniter->runController(Object(App\Controllers\tbasuransi))
 3 SYSTEMPATH\CodeIgniter.php(340): CodeIgniter\CodeIgniter->handleRequest(null, Object(Config\Cache), false)
 4 FCPATH\index.php(67): CodeIgniter\CodeIgniter->run()
 5 SYSTEMPATH\Commands\Server\rewrite.php(43): require_once('FCPATH\\index.php')
CRITICAL - 2023-03-14 16:04:38 --> Call to a member function getasuransi() on null
in APPPATH\Controllers\Tbasuransi.php on line 265.
 1 SYSTEMPATH\CodeIgniter.php(904): App\Controllers\tbasuransi->hapus('2')
 2 SYSTEMPATH\CodeIgniter.php(457): CodeIgniter\CodeIgniter->runController(Object(App\Controllers\tbasuransi))
 3 SYSTEMPATH\CodeIgniter.php(340): CodeIgniter\CodeIgniter->handleRequest(null, Object(Config\Cache), false)
 4 FCPATH\index.php(67): CodeIgniter\CodeIgniter->run()
 5 SYSTEMPATH\Commands\Server\rewrite.php(43): require_once('FCPATH\\index.php')
CRITICAL - 2023-03-14 16:04:50 --> Call to a member function getasuransi() on null
in APPPATH\Controllers\Tbasuransi.php on line 265.
 1 SYSTEMPATH\CodeIgniter.php(904): App\Controllers\tbasuransi->hapus('2')
 2 SYSTEMPATH\CodeIgniter.php(457): CodeIgniter\CodeIgniter->runController(Object(App\Controllers\tbasuransi))
 3 SYSTEMPATH\CodeIgniter.php(340): CodeIgniter\CodeIgniter->handleRequest(null, Object(Config\Cache), false)
 4 FCPATH\index.php(67): CodeIgniter\CodeIgniter->run()
 5 SYSTEMPATH\Commands\Server\rewrite.php(43): require_once('FCPATH\\index.php')
CRITICAL - 2023-03-14 16:06:54 --> Call to undefined method App\Models\EstimasiModel::getasuransi
in SYSTEMPATH\Model.php on line 774.
 1 APPPATH\Controllers\Tbasuransi.php(267): CodeIgniter\Model->__call('getasuransi', [...])
 2 SYSTEMPATH\CodeIgniter.php(904): App\Controllers\tbasuransi->hapus('3')
 3 SYSTEMPATH\CodeIgniter.php(457): CodeIgniter\CodeIgniter->runController(Object(App\Controllers\tbasuransi))
 4 SYSTEMPATH\CodeIgniter.php(340): CodeIgniter\CodeIgniter->handleRequest(null, Object(Config\Cache), false)
 5 FCPATH\index.php(67): CodeIgniter\CodeIgniter->run()
 6 SYSTEMPATH\Commands\Server\rewrite.php(43): require_once('FCPATH\\index.php')
CRITICAL - 2023-03-14 16:07:03 --> Call to undefined method App\Models\EstimasiModel::getasuransi
in SYSTEMPATH\Model.php on line 774.
 1 APPPATH\Controllers\Tbasuransi.php(267): CodeIgniter\Model->__call('getasuransi', [...])
 2 SYSTEMPATH\CodeIgniter.php(904): App\Controllers\tbasuransi->hapus('3')
 3 SYSTEMPATH\CodeIgniter.php(457): CodeIgniter\CodeIgniter->runController(Object(App\Controllers\tbasuransi))
 4 SYSTEMPATH\CodeIgniter.php(340): CodeIgniter\CodeIgniter->handleRequest(null, Object(Config\Cache), false)
 5 FCPATH\index.php(67): CodeIgniter\CodeIgniter->run()
 6 SYSTEMPATH\Commands\Server\rewrite.php(43): require_once('FCPATH\\index.php')
CRITICAL - 2023-03-14 16:15:04 --> Undefined array key "kelompok"
in APPPATH\Views\tbasuransi\modaledit.php on line 26.
 1 APPPATH\Views\tbasuransi\modaledit.php(26): CodeIgniter\Debug\Exceptions->errorHandler(2, 'Undefined array key "kelompok"', 'APPPATH\\Views\\tbasuransi\\modaledit.php', 26)
 2 SYSTEMPATH\View\View.php(213): include('APPPATH\\Views\\tbasuransi\\modaledit.php')
 3 SYSTEMPATH\View\View.php(216): CodeIgniter\View\View->CodeIgniter\View\{closure}()
 4 SYSTEMPATH\Common.php(1142): CodeIgniter\View\View->render('tbasuransi/modaledit', [], true)
 5 APPPATH\Controllers\Tbasuransi.php(180): view('tbasuransi/modaledit', [...])
 6 SYSTEMPATH\CodeIgniter.php(904): App\Controllers\tbasuransi->formedit()
 7 SYSTEMPATH\CodeIgniter.php(457): CodeIgniter\CodeIgniter->runController(Object(App\Controllers\tbasuransi))
 8 SYSTEMPATH\CodeIgniter.php(340): CodeIgniter\CodeIgniter->handleRequest(null, Object(Config\Cache), false)
 9 FCPATH\index.php(67): CodeIgniter\CodeIgniter->run()
10 SYSTEMPATH\Commands\Server\rewrite.php(43): require_once('FCPATH\\index.php')
ERROR - 2023-03-14 16:19:43 --> mysqli_sql_exception: Column 'kredit_limit' cannot be null in D:\xampp\htdocs\bp\system\Database\MySQLi\Connection.php:292
Stack trace:
#0 D:\xampp\htdocs\bp\system\Database\MySQLi\Connection.php(292): mysqli->query('INSERT INTO `tb...', 0)
#1 D:\xampp\htdocs\bp\system\Database\BaseConnection.php(693): CodeIgniter\Database\MySQLi\Connection->execute('INSERT INTO `tb...')
#2 D:\xampp\htdocs\bp\system\Database\BaseConnection.php(620): CodeIgniter\Database\BaseConnection->simpleQuery('INSERT INTO `tb...')
#3 D:\xampp\htdocs\bp\system\Database\BaseBuilder.php(1916): CodeIgniter\Database\BaseConnection->query('INSERT INTO `tb...', Array, false)
#4 D:\xampp\htdocs\bp\system\Model.php(279): CodeIgniter\Database\BaseBuilder->insert()
#5 D:\xampp\htdocs\bp\system\BaseModel.php(738): CodeIgniter\Model->doInsert(Array)
#6 D:\xampp\htdocs\bp\system\Model.php(667): CodeIgniter\BaseModel->insert(Array, true)
#7 D:\xampp\htdocs\bp\app\Controllers\Tbasuransi.php(171): CodeIgniter\Model->insert(Array)
#8 D:\xampp\htdocs\bp\system\CodeIgniter.php(904): App\Controllers\tbasuransi->simpandata()
#9 D:\xampp\htdocs\bp\system\CodeIgniter.php(457): CodeIgniter\CodeIgniter->runController(Object(App\Controllers\tbasuransi))
#10 D:\xampp\htdocs\bp\system\CodeIgniter.php(340): CodeIgniter\CodeIgniter->handleRequest(NULL, Object(Config\Cache), false)
#11 D:\xampp\htdocs\bp\public\index.php(67): CodeIgniter\CodeIgniter->run()
#12 D:\xampp\htdocs\bp\system\Commands\Server\rewrite.php(43): require_once('D:\\xampp\\htdocs...')
#13 {main}
CRITICAL - 2023-03-14 16:19:43 --> Column 'kredit_limit' cannot be null
in SYSTEMPATH\Database\MySQLi\Connection.php on line 292.
 1 SYSTEMPATH\Database\MySQLi\Connection.php(292): mysqli->query('INSERT INTO `tbasuransi` (`kode`, `nama`, `alamat`, `kota`, `telp`, `fax`, `npwp`, `nama_npwp`, `nppkp`, `email`, `top`, `kredit_limit`, `disc_part`, `disc_jasa`, `disc_bahan`, `pph_jasa`, `pph_material`, `aktif`, `user`, `created_at`, `updated_at`) VALUES (\'S20230300001\', \'a\', \'aaaa\', \'\', \'\', \'\', \'\', \'\', \'\', \'\', \'\', NULL, \'\', \'\', \'\', NULL, \'\', \'Y\', \'Edit-Murod-14-03-2023 16:19:43\', \'2023-03-14 16:19:43\', \'2023-03-14 16:19:43\')', 0)
 2 SYSTEMPATH\Database\BaseConnection.php(693): CodeIgniter\Database\MySQLi\Connection->execute('INSERT INTO `tbasuransi` (`kode`, `nama`, `alamat`, `kota`, `telp`, `fax`, `npwp`, `nama_npwp`, `nppkp`, `email`, `top`, `kredit_limit`, `disc_part`, `disc_jasa`, `disc_bahan`, `pph_jasa`, `pph_material`, `aktif`, `user`, `created_at`, `updated_at`) VALUES (\'S20230300001\', \'a\', \'aaaa\', \'\', \'\', \'\', \'\', \'\', \'\', \'\', \'\', NULL, \'\', \'\', \'\', NULL, \'\', \'Y\', \'Edit-Murod-14-03-2023 16:19:43\', \'2023-03-14 16:19:43\', \'2023-03-14 16:19:43\')')
 3 SYSTEMPATH\Database\BaseConnection.php(620): CodeIgniter\Database\BaseConnection->simpleQuery('INSERT INTO `tbasuransi` (`kode`, `nama`, `alamat`, `kota`, `telp`, `fax`, `npwp`, `nama_npwp`, `nppkp`, `email`, `top`, `kredit_limit`, `disc_part`, `disc_jasa`, `disc_bahan`, `pph_jasa`, `pph_material`, `aktif`, `user`, `created_at`, `updated_at`) VALUES (\'S20230300001\', \'a\', \'aaaa\', \'\', \'\', \'\', \'\', \'\', \'\', \'\', \'\', NULL, \'\', \'\', \'\', NULL, \'\', \'Y\', \'Edit-Murod-14-03-2023 16:19:43\', \'2023-03-14 16:19:43\', \'2023-03-14 16:19:43\')')
 4 SYSTEMPATH\Database\BaseBuilder.php(1916): CodeIgniter\Database\BaseConnection->query('INSERT INTO `tbasuransi` (`kode`, `nama`, `alamat`, `kota`, `telp`, `fax`, `npwp`, `nama_npwp`, `nppkp`, `email`, `top`, `kredit_limit`, `disc_part`, `disc_jasa`, `disc_bahan`, `pph_jasa`, `pph_material`, `aktif`, `user`, `created_at`, `updated_at`) VALUES (:kode:, :nama:, :alamat:, :kota:, :telp:, :fax:, :npwp:, :nama_npwp:, :nppkp:, :email:, :top:, :kredit_limit:, :disc_part:, :disc_jasa:, :disc_bahan:, :pph_jasa:, :pph_material:, :aktif:, :user:, :created_at:, :updated_at:)', [...], false)
 5 SYSTEMPATH\Model.php(279): CodeIgniter\Database\BaseBuilder->insert()
 6 SYSTEMPATH\BaseModel.php(738): CodeIgniter\Model->doInsert([...])
 7 SYSTEMPATH\Model.php(667): CodeIgniter\BaseModel->insert([...], true)
 8 APPPATH\Controllers\Tbasuransi.php(171): CodeIgniter\Model->insert([...])
 9 SYSTEMPATH\CodeIgniter.php(904): App\Controllers\tbasuransi->simpandata()
10 SYSTEMPATH\CodeIgniter.php(457): CodeIgniter\CodeIgniter->runController(Object(App\Controllers\tbasuransi))
11 SYSTEMPATH\CodeIgniter.php(340): CodeIgniter\CodeIgniter->handleRequest(null, Object(Config\Cache), false)
12 FCPATH\index.php(67): CodeIgniter\CodeIgniter->run()
13 SYSTEMPATH\Commands\Server\rewrite.php(43): require_once('FCPATH\\index.php')
ERROR - 2023-03-14 16:20:15 --> mysqli_sql_exception: Column 'pph_jasa' cannot be null in D:\xampp\htdocs\bp\system\Database\MySQLi\Connection.php:292
Stack trace:
#0 D:\xampp\htdocs\bp\system\Database\MySQLi\Connection.php(292): mysqli->query('INSERT INTO `tb...', 0)
#1 D:\xampp\htdocs\bp\system\Database\BaseConnection.php(693): CodeIgniter\Database\MySQLi\Connection->execute('INSERT INTO `tb...')
#2 D:\xampp\htdocs\bp\system\Database\BaseConnection.php(620): CodeIgniter\Database\BaseConnection->simpleQuery('INSERT INTO `tb...')
#3 D:\xampp\htdocs\bp\system\Database\BaseBuilder.php(1916): CodeIgniter\Database\BaseConnection->query('INSERT INTO `tb...', Array, false)
#4 D:\xampp\htdocs\bp\system\Model.php(279): CodeIgniter\Database\BaseBuilder->insert()
#5 D:\xampp\htdocs\bp\system\BaseModel.php(738): CodeIgniter\Model->doInsert(Array)
#6 D:\xampp\htdocs\bp\system\Model.php(667): CodeIgniter\BaseModel->insert(Array, true)
#7 D:\xampp\htdocs\bp\app\Controllers\Tbasuransi.php(171): CodeIgniter\Model->insert(Array)
#8 D:\xampp\htdocs\bp\system\CodeIgniter.php(904): App\Controllers\tbasuransi->simpandata()
#9 D:\xampp\htdocs\bp\system\CodeIgniter.php(457): CodeIgniter\CodeIgniter->runController(Object(App\Controllers\tbasuransi))
#10 D:\xampp\htdocs\bp\system\CodeIgniter.php(340): CodeIgniter\CodeIgniter->handleRequest(NULL, Object(Config\Cache), false)
#11 D:\xampp\htdocs\bp\public\index.php(67): CodeIgniter\CodeIgniter->run()
#12 D:\xampp\htdocs\bp\system\Commands\Server\rewrite.php(43): require_once('D:\\xampp\\htdocs...')
#13 {main}
CRITICAL - 2023-03-14 16:20:15 --> Column 'pph_jasa' cannot be null
in SYSTEMPATH\Database\MySQLi\Connection.php on line 292.
 1 SYSTEMPATH\Database\MySQLi\Connection.php(292): mysqli->query('INSERT INTO `tbasuransi` (`kode`, `nama`, `alamat`, `kota`, `telp`, `fax`, `npwp`, `nama_npwp`, `nppkp`, `email`, `top`, `kredit_limit`, `disc_part`, `disc_jasa`, `disc_bahan`, `pph_jasa`, `pph_material`, `aktif`, `user`, `created_at`, `updated_at`) VALUES (\'S20230300001\', \'aa\', \'\', \'\', \'\', \'\', \'\', \'\', \'\', \'\', \'\', \'\', \'\', \'\', \'\', NULL, \'\', \'Y\', \'Edit-Murod-14-03-2023 16:20:15\', \'2023-03-14 16:20:15\', \'2023-03-14 16:20:15\')', 0)
 2 SYSTEMPATH\Database\BaseConnection.php(693): CodeIgniter\Database\MySQLi\Connection->execute('INSERT INTO `tbasuransi` (`kode`, `nama`, `alamat`, `kota`, `telp`, `fax`, `npwp`, `nama_npwp`, `nppkp`, `email`, `top`, `kredit_limit`, `disc_part`, `disc_jasa`, `disc_bahan`, `pph_jasa`, `pph_material`, `aktif`, `user`, `created_at`, `updated_at`) VALUES (\'S20230300001\', \'aa\', \'\', \'\', \'\', \'\', \'\', \'\', \'\', \'\', \'\', \'\', \'\', \'\', \'\', NULL, \'\', \'Y\', \'Edit-Murod-14-03-2023 16:20:15\', \'2023-03-14 16:20:15\', \'2023-03-14 16:20:15\')')
 3 SYSTEMPATH\Database\BaseConnection.php(620): CodeIgniter\Database\BaseConnection->simpleQuery('INSERT INTO `tbasuransi` (`kode`, `nama`, `alamat`, `kota`, `telp`, `fax`, `npwp`, `nama_npwp`, `nppkp`, `email`, `top`, `kredit_limit`, `disc_part`, `disc_jasa`, `disc_bahan`, `pph_jasa`, `pph_material`, `aktif`, `user`, `created_at`, `updated_at`) VALUES (\'S20230300001\', \'aa\', \'\', \'\', \'\', \'\', \'\', \'\', \'\', \'\', \'\', \'\', \'\', \'\', \'\', NULL, \'\', \'Y\', \'Edit-Murod-14-03-2023 16:20:15\', \'2023-03-14 16:20:15\', \'2023-03-14 16:20:15\')')
 4 SYSTEMPATH\Database\BaseBuilder.php(1916): CodeIgniter\Database\BaseConnection->query('INSERT INTO `tbasuransi` (`kode`, `nama`, `alamat`, `kota`, `telp`, `fax`, `npwp`, `nama_npwp`, `nppkp`, `email`, `top`, `kredit_limit`, `disc_part`, `disc_jasa`, `disc_bahan`, `pph_jasa`, `pph_material`, `aktif`, `user`, `created_at`, `updated_at`) VALUES (:kode:, :nama:, :alamat:, :kota:, :telp:, :fax:, :npwp:, :nama_npwp:, :nppkp:, :email:, :top:, :kredit_limit:, :disc_part:, :disc_jasa:, :disc_bahan:, :pph_jasa:, :pph_material:, :aktif:, :user:, :created_at:, :updated_at:)', [...], false)
 5 SYSTEMPATH\Model.php(279): CodeIgniter\Database\BaseBuilder->insert()
 6 SYSTEMPATH\BaseModel.php(738): CodeIgniter\Model->doInsert([...])
 7 SYSTEMPATH\Model.php(667): CodeIgniter\BaseModel->insert([...], true)
 8 APPPATH\Controllers\Tbasuransi.php(171): CodeIgniter\Model->insert([...])
 9 SYSTEMPATH\CodeIgniter.php(904): App\Controllers\tbasuransi->simpandata()
10 SYSTEMPATH\CodeIgniter.php(457): CodeIgniter\CodeIgniter->runController(Object(App\Controllers\tbasuransi))
11 SYSTEMPATH\CodeIgniter.php(340): CodeIgniter\CodeIgniter->handleRequest(null, Object(Config\Cache), false)
12 FCPATH\index.php(67): CodeIgniter\CodeIgniter->run()
13 SYSTEMPATH\Commands\Server\rewrite.php(43): require_once('FCPATH\\index.php')
ERROR - 2023-03-14 16:20:24 --> mysqli_sql_exception: Column 'pph_jasa' cannot be null in D:\xampp\htdocs\bp\system\Database\MySQLi\Connection.php:292
Stack trace:
#0 D:\xampp\htdocs\bp\system\Database\MySQLi\Connection.php(292): mysqli->query('INSERT INTO `tb...', 0)
#1 D:\xampp\htdocs\bp\system\Database\BaseConnection.php(693): CodeIgniter\Database\MySQLi\Connection->execute('INSERT INTO `tb...')
#2 D:\xampp\htdocs\bp\system\Database\BaseConnection.php(620): CodeIgniter\Database\BaseConnection->simpleQuery('INSERT INTO `tb...')
#3 D:\xampp\htdocs\bp\system\Database\BaseBuilder.php(1916): CodeIgniter\Database\BaseConnection->query('INSERT INTO `tb...', Array, false)
#4 D:\xampp\htdocs\bp\system\Model.php(279): CodeIgniter\Database\BaseBuilder->insert()
#5 D:\xampp\htdocs\bp\system\BaseModel.php(738): CodeIgniter\Model->doInsert(Array)
#6 D:\xampp\htdocs\bp\system\Model.php(667): CodeIgniter\BaseModel->insert(Array, true)
#7 D:\xampp\htdocs\bp\app\Controllers\Tbasuransi.php(171): CodeIgniter\Model->insert(Array)
#8 D:\xampp\htdocs\bp\system\CodeIgniter.php(904): App\Controllers\tbasuransi->simpandata()
#9 D:\xampp\htdocs\bp\system\CodeIgniter.php(457): CodeIgniter\CodeIgniter->runController(Object(App\Controllers\tbasuransi))
#10 D:\xampp\htdocs\bp\system\CodeIgniter.php(340): CodeIgniter\CodeIgniter->handleRequest(NULL, Object(Config\Cache), false)
#11 D:\xampp\htdocs\bp\public\index.php(67): CodeIgniter\CodeIgniter->run()
#12 D:\xampp\htdocs\bp\system\Commands\Server\rewrite.php(43): require_once('D:\\xampp\\htdocs...')
#13 {main}
CRITICAL - 2023-03-14 16:20:24 --> Column 'pph_jasa' cannot be null
in SYSTEMPATH\Database\MySQLi\Connection.php on line 292.
 1 SYSTEMPATH\Database\MySQLi\Connection.php(292): mysqli->query('INSERT INTO `tbasuransi` (`kode`, `nama`, `alamat`, `kota`, `telp`, `fax`, `npwp`, `nama_npwp`, `nppkp`, `email`, `top`, `kredit_limit`, `disc_part`, `disc_jasa`, `disc_bahan`, `pph_jasa`, `pph_material`, `aktif`, `user`, `created_at`, `updated_at`) VALUES (\'S20230300001\', \'aa\', \'\', \'\', \'\', \'\', \'\', \'\', \'\', \'\', \'\', \'\', \'\', \'\', \'\', NULL, \'\', \'Y\', \'Edit-Murod-14-03-2023 16:20:24\', \'2023-03-14 16:20:24\', \'2023-03-14 16:20:24\')', 0)
 2 SYSTEMPATH\Database\BaseConnection.php(693): CodeIgniter\Database\MySQLi\Connection->execute('INSERT INTO `tbasuransi` (`kode`, `nama`, `alamat`, `kota`, `telp`, `fax`, `npwp`, `nama_npwp`, `nppkp`, `email`, `top`, `kredit_limit`, `disc_part`, `disc_jasa`, `disc_bahan`, `pph_jasa`, `pph_material`, `aktif`, `user`, `created_at`, `updated_at`) VALUES (\'S20230300001\', \'aa\', \'\', \'\', \'\', \'\', \'\', \'\', \'\', \'\', \'\', \'\', \'\', \'\', \'\', NULL, \'\', \'Y\', \'Edit-Murod-14-03-2023 16:20:24\', \'2023-03-14 16:20:24\', \'2023-03-14 16:20:24\')')
 3 SYSTEMPATH\Database\BaseConnection.php(620): CodeIgniter\Database\BaseConnection->simpleQuery('INSERT INTO `tbasuransi` (`kode`, `nama`, `alamat`, `kota`, `telp`, `fax`, `npwp`, `nama_npwp`, `nppkp`, `email`, `top`, `kredit_limit`, `disc_part`, `disc_jasa`, `disc_bahan`, `pph_jasa`, `pph_material`, `aktif`, `user`, `created_at`, `updated_at`) VALUES (\'S20230300001\', \'aa\', \'\', \'\', \'\', \'\', \'\', \'\', \'\', \'\', \'\', \'\', \'\', \'\', \'\', NULL, \'\', \'Y\', \'Edit-Murod-14-03-2023 16:20:24\', \'2023-03-14 16:20:24\', \'2023-03-14 16:20:24\')')
 4 SYSTEMPATH\Database\BaseBuilder.php(1916): CodeIgniter\Database\BaseConnection->query('INSERT INTO `tbasuransi` (`kode`, `nama`, `alamat`, `kota`, `telp`, `fax`, `npwp`, `nama_npwp`, `nppkp`, `email`, `top`, `kredit_limit`, `disc_part`, `disc_jasa`, `disc_bahan`, `pph_jasa`, `pph_material`, `aktif`, `user`, `created_at`, `updated_at`) VALUES (:kode:, :nama:, :alamat:, :kota:, :telp:, :fax:, :npwp:, :nama_npwp:, :nppkp:, :email:, :top:, :kredit_limit:, :disc_part:, :disc_jasa:, :disc_bahan:, :pph_jasa:, :pph_material:, :aktif:, :user:, :created_at:, :updated_at:)', [...], false)
 5 SYSTEMPATH\Model.php(279): CodeIgniter\Database\BaseBuilder->insert()
 6 SYSTEMPATH\BaseModel.php(738): CodeIgniter\Model->doInsert([...])
 7 SYSTEMPATH\Model.php(667): CodeIgniter\BaseModel->insert([...], true)
 8 APPPATH\Controllers\Tbasuransi.php(171): CodeIgniter\Model->insert([...])
 9 SYSTEMPATH\CodeIgniter.php(904): App\Controllers\tbasuransi->simpandata()
10 SYSTEMPATH\CodeIgniter.php(457): CodeIgniter\CodeIgniter->runController(Object(App\Controllers\tbasuransi))
11 SYSTEMPATH\CodeIgniter.php(340): CodeIgniter\CodeIgniter->handleRequest(null, Object(Config\Cache), false)
12 FCPATH\index.php(67): CodeIgniter\CodeIgniter->run()
13 SYSTEMPATH\Commands\Server\rewrite.php(43): require_once('FCPATH\\index.php')
CRITICAL - 2023-03-14 17:17:08 --> Undefined variable $tbsa
in APPPATH\Views\estimasi\modalcariasuransi.php on line 23.
 1 APPPATH\Views\estimasi\modalcariasuransi.php(23): CodeIgniter\Debug\Exceptions->errorHandler(2, 'Undefined variable $tbsa', 'APPPATH\\Views\\estimasi\\modalcariasuransi.php', 23)
 2 SYSTEMPATH\View\View.php(213): include('APPPATH\\Views\\estimasi\\modalcariasuransi.php')
 3 SYSTEMPATH\View\View.php(216): CodeIgniter\View\View->CodeIgniter\View\{closure}()
 4 SYSTEMPATH\Common.php(1142): CodeIgniter\View\View->render('estimasi/modalcariasuransi', [], true)
 5 APPPATH\Controllers\Estimasi.php(1612): view('estimasi/modalcariasuransi', [...])
 6 SYSTEMPATH\CodeIgniter.php(904): App\Controllers\Estimasi->caridataasuransi()
 7 SYSTEMPATH\CodeIgniter.php(457): CodeIgniter\CodeIgniter->runController(Object(App\Controllers\Estimasi))
 8 SYSTEMPATH\CodeIgniter.php(340): CodeIgniter\CodeIgniter->handleRequest(null, Object(Config\Cache), false)
 9 FCPATH\index.php(67): CodeIgniter\CodeIgniter->run()
10 SYSTEMPATH\Commands\Server\rewrite.php(43): require_once('FCPATH\\index.php')
