CRITICAL - 2023-06-14 10:57:39 --> Undefined array key "wo"
in APPPATH\Views\estimasi_bp\detail_wo_bp.php on line 40.
 1 APPPATH\Views\estimasi_bp\detail_wo_bp.php(40): CodeIgniter\Debug\Exceptions->errorHandler(2, 'Undefined array key "wo"', 'APPPATH\\Views\\estimasi_bp\\detail_wo_bp.php', 40)
 2 SYSTEMPATH\View\View.php(213): include('APPPATH\\Views\\estimasi_bp\\detail_wo_bp.php')
 3 SYSTEMPATH\View\View.php(216): CodeIgniter\View\View->CodeIgniter\View\{closure}()
 4 SYSTEMPATH\Common.php(1142): CodeIgniter\View\View->render('estimasi_bp/detail_wo_bp', [], true)
 5 APPPATH\Controllers\Estimasi_bp.php(240): view('estimasi_bp/detail_wo_bp', [...])
 6 SYSTEMPATH\CodeIgniter.php(904): App\Controllers\Estimasi_bp->detail_wo_bp()
 7 SYSTEMPATH\CodeIgniter.php(457): CodeIgniter\CodeIgniter->runController(Object(App\Controllers\Estimasi_bp))
 8 SYSTEMPATH\CodeIgniter.php(340): CodeIgniter\CodeIgniter->handleRequest(null, Object(Config\Cache), false)
 9 FCPATH\index.php(67): CodeIgniter\CodeIgniter->run()
10 SYSTEMPATH\Commands\Server\rewrite.php(43): require_once('FCPATH\\index.php')
CRITICAL - 2023-06-14 10:57:44 --> Undefined array key "wo"
in APPPATH\Views\estimasi_bp\detail_wo_bp.php on line 40.
 1 APPPATH\Views\estimasi_bp\detail_wo_bp.php(40): CodeIgniter\Debug\Exceptions->errorHandler(2, 'Undefined array key "wo"', 'APPPATH\\Views\\estimasi_bp\\detail_wo_bp.php', 40)
 2 SYSTEMPATH\View\View.php(213): include('APPPATH\\Views\\estimasi_bp\\detail_wo_bp.php')
 3 SYSTEMPATH\View\View.php(216): CodeIgniter\View\View->CodeIgniter\View\{closure}()
 4 SYSTEMPATH\Common.php(1142): CodeIgniter\View\View->render('estimasi_bp/detail_wo_bp', [], true)
 5 APPPATH\Controllers\Estimasi_bp.php(240): view('estimasi_bp/detail_wo_bp', [...])
 6 SYSTEMPATH\CodeIgniter.php(904): App\Controllers\Estimasi_bp->detail_wo_bp()
 7 SYSTEMPATH\CodeIgniter.php(457): CodeIgniter\CodeIgniter->runController(Object(App\Controllers\Estimasi_bp))
 8 SYSTEMPATH\CodeIgniter.php(340): CodeIgniter\CodeIgniter->handleRequest(null, Object(Config\Cache), false)
 9 FCPATH\index.php(67): CodeIgniter\CodeIgniter->run()
10 SYSTEMPATH\Commands\Server\rewrite.php(43): require_once('FCPATH\\index.php')
CRITICAL - 2023-06-14 11:05:32 --> Undefined array key "noestimasi"
in APPPATH\Controllers\Estimasi_bp.php on line 1792.
 1 APPPATH\Controllers\Estimasi_bp.php(1792): CodeIgniter\Debug\Exceptions->errorHandler(2, 'Undefined array key "noestimasi"', 'APPPATH\\Controllers\\Estimasi_bp.php', 1792)
 2 SYSTEMPATH\CodeIgniter.php(904): App\Controllers\Estimasi_bp->summary()
 3 SYSTEMPATH\CodeIgniter.php(457): CodeIgniter\CodeIgniter->runController(Object(App\Controllers\Estimasi_bp))
 4 SYSTEMPATH\CodeIgniter.php(340): CodeIgniter\CodeIgniter->handleRequest(null, Object(Config\Cache), false)
 5 FCPATH\index.php(67): CodeIgniter\CodeIgniter->run()
 6 SYSTEMPATH\Commands\Server\rewrite.php(43): require_once('FCPATH\\index.php')
CRITICAL - 2023-06-14 11:07:06 --> Call to undefined method App\Models\Wo_bpModel::getnowo
in SYSTEMPATH\Model.php on line 774.
 1 APPPATH\Controllers\Estimasi_bp.php(1793): CodeIgniter\Model->__call('getnowo', [...])
 2 SYSTEMPATH\CodeIgniter.php(904): App\Controllers\Estimasi_bp->summary()
 3 SYSTEMPATH\CodeIgniter.php(457): CodeIgniter\CodeIgniter->runController(Object(App\Controllers\Estimasi_bp))
 4 SYSTEMPATH\CodeIgniter.php(340): CodeIgniter\CodeIgniter->handleRequest(null, Object(Config\Cache), false)
 5 FCPATH\index.php(67): CodeIgniter\CodeIgniter->run()
 6 SYSTEMPATH\Commands\Server\rewrite.php(43): require_once('FCPATH\\index.php')
CRITICAL - 2023-06-14 11:09:28 --> Call to undefined method App\Models\Wo_bpModel::getnowo
in SYSTEMPATH\Model.php on line 774.
 1 APPPATH\Controllers\Estimasi_bp.php(1793): CodeIgniter\Model->__call('getnowo', [...])
 2 SYSTEMPATH\CodeIgniter.php(904): App\Controllers\Estimasi_bp->summary()
 3 SYSTEMPATH\CodeIgniter.php(457): CodeIgniter\CodeIgniter->runController(Object(App\Controllers\Estimasi_bp))
 4 SYSTEMPATH\CodeIgniter.php(340): CodeIgniter\CodeIgniter->handleRequest(null, Object(Config\Cache), false)
 5 FCPATH\index.php(67): CodeIgniter\CodeIgniter->run()
 6 SYSTEMPATH\Commands\Server\rewrite.php(43): require_once('FCPATH\\index.php')
CRITICAL - 2023-06-14 11:10:30 --> Cannot use object of type mysqli as array
in APPPATH\Controllers\Estimasi_bp.php on line 1795.
 1 SYSTEMPATH\CodeIgniter.php(904): App\Controllers\Estimasi_bp->summary()
 2 SYSTEMPATH\CodeIgniter.php(457): CodeIgniter\CodeIgniter->runController(Object(App\Controllers\Estimasi_bp))
 3 SYSTEMPATH\CodeIgniter.php(340): CodeIgniter\CodeIgniter->handleRequest(null, Object(Config\Cache), false)
 4 FCPATH\index.php(67): CodeIgniter\CodeIgniter->run()
 5 SYSTEMPATH\Commands\Server\rewrite.php(43): require_once('FCPATH\\index.php')
CRITICAL - 2023-06-14 11:11:12 --> Cannot use object of type mysqli as array
in APPPATH\Controllers\Estimasi_bp.php on line 1796.
 1 SYSTEMPATH\CodeIgniter.php(904): App\Controllers\Estimasi_bp->summary()
 2 SYSTEMPATH\CodeIgniter.php(457): CodeIgniter\CodeIgniter->runController(Object(App\Controllers\Estimasi_bp))
 3 SYSTEMPATH\CodeIgniter.php(340): CodeIgniter\CodeIgniter->handleRequest(null, Object(Config\Cache), false)
 4 FCPATH\index.php(67): CodeIgniter\CodeIgniter->run()
 5 SYSTEMPATH\Commands\Server\rewrite.php(43): require_once('FCPATH\\index.php')
CRITICAL - 2023-06-14 11:11:54 --> Cannot use object of type mysqli as array
in APPPATH\Controllers\Estimasi_bp.php on line 1796.
 1 SYSTEMPATH\CodeIgniter.php(904): App\Controllers\Estimasi_bp->summary()
 2 SYSTEMPATH\CodeIgniter.php(457): CodeIgniter\CodeIgniter->runController(Object(App\Controllers\Estimasi_bp))
 3 SYSTEMPATH\CodeIgniter.php(340): CodeIgniter\CodeIgniter->handleRequest(null, Object(Config\Cache), false)
 4 FCPATH\index.php(67): CodeIgniter\CodeIgniter->run()
 5 SYSTEMPATH\Commands\Server\rewrite.php(43): require_once('FCPATH\\index.php')
CRITICAL - 2023-06-14 11:12:36 --> Cannot use object of type mysqli as array
in APPPATH\Controllers\Estimasi_bp.php on line 1796.
 1 SYSTEMPATH\CodeIgniter.php(904): App\Controllers\Estimasi_bp->summary()
 2 SYSTEMPATH\CodeIgniter.php(457): CodeIgniter\CodeIgniter->runController(Object(App\Controllers\Estimasi_bp))
 3 SYSTEMPATH\CodeIgniter.php(340): CodeIgniter\CodeIgniter->handleRequest(null, Object(Config\Cache), false)
 4 FCPATH\index.php(67): CodeIgniter\CodeIgniter->run()
 5 SYSTEMPATH\Commands\Server\rewrite.php(43): require_once('FCPATH\\index.php')
CRITICAL - 2023-06-14 11:14:02 --> Call to undefined method App\Models\Wo_bpModel::getnowo
in SYSTEMPATH\Model.php on line 774.
 1 APPPATH\Controllers\Estimasi_bp.php(1793): CodeIgniter\Model->__call('getnowo', [...])
 2 SYSTEMPATH\CodeIgniter.php(904): App\Controllers\Estimasi_bp->summary()
 3 SYSTEMPATH\CodeIgniter.php(457): CodeIgniter\CodeIgniter->runController(Object(App\Controllers\Estimasi_bp))
 4 SYSTEMPATH\CodeIgniter.php(340): CodeIgniter\CodeIgniter->handleRequest(null, Object(Config\Cache), false)
 5 FCPATH\index.php(67): CodeIgniter\CodeIgniter->run()
 6 SYSTEMPATH\Commands\Server\rewrite.php(43): require_once('FCPATH\\index.php')
CRITICAL - 2023-06-14 11:14:35 --> Call to undefined method CodeIgniter\Database\MySQLi\Result::first()
in APPPATH\Models\Wo_bpModel.php on line 52.
 1 APPPATH\Controllers\Estimasi_bp.php(1793): App\Models\Wo_bpModel->getnowo('BW20230600001')
 2 SYSTEMPATH\CodeIgniter.php(904): App\Controllers\Estimasi_bp->summary()
 3 SYSTEMPATH\CodeIgniter.php(457): CodeIgniter\CodeIgniter->runController(Object(App\Controllers\Estimasi_bp))
 4 SYSTEMPATH\CodeIgniter.php(340): CodeIgniter\CodeIgniter->handleRequest(null, Object(Config\Cache), false)
 5 FCPATH\index.php(67): CodeIgniter\CodeIgniter->run()
 6 SYSTEMPATH\Commands\Server\rewrite.php(43): require_once('FCPATH\\index.php')
CRITICAL - 2023-06-14 11:15:05 --> Call to undefined method CodeIgniter\Database\MySQLi\Result::findAll()
in APPPATH\Models\Wo_bpModel.php on line 52.
 1 APPPATH\Controllers\Estimasi_bp.php(1793): App\Models\Wo_bpModel->getnowo('BW20230600001')
 2 SYSTEMPATH\CodeIgniter.php(904): App\Controllers\Estimasi_bp->summary()
 3 SYSTEMPATH\CodeIgniter.php(457): CodeIgniter\CodeIgniter->runController(Object(App\Controllers\Estimasi_bp))
 4 SYSTEMPATH\CodeIgniter.php(340): CodeIgniter\CodeIgniter->handleRequest(null, Object(Config\Cache), false)
 5 FCPATH\index.php(67): CodeIgniter\CodeIgniter->run()
 6 SYSTEMPATH\Commands\Server\rewrite.php(43): require_once('FCPATH\\index.php')
CRITICAL - 2023-06-14 11:16:10 --> Undefined variable $estimasi_bp
in APPPATH\Views\estimasi_bp\summary.php on line 10.
 1 APPPATH\Views\estimasi_bp\summary.php(10): CodeIgniter\Debug\Exceptions->errorHandler(2, 'Undefined variable $estimasi_bp', 'APPPATH\\Views\\estimasi_bp\\summary.php', 10)
 2 SYSTEMPATH\View\View.php(213): include('APPPATH\\Views\\estimasi_bp\\summary.php')
 3 SYSTEMPATH\View\View.php(216): CodeIgniter\View\View->CodeIgniter\View\{closure}()
 4 SYSTEMPATH\Common.php(1142): CodeIgniter\View\View->render('estimasi_bp/summary', [], true)
 5 APPPATH\Controllers\Estimasi_bp.php(1846): view('estimasi_bp/summary', [...])
 6 SYSTEMPATH\CodeIgniter.php(904): App\Controllers\Estimasi_bp->summary()
 7 SYSTEMPATH\CodeIgniter.php(457): CodeIgniter\CodeIgniter->runController(Object(App\Controllers\Estimasi_bp))
 8 SYSTEMPATH\CodeIgniter.php(340): CodeIgniter\CodeIgniter->handleRequest(null, Object(Config\Cache), false)
 9 FCPATH\index.php(67): CodeIgniter\CodeIgniter->run()
10 SYSTEMPATH\Commands\Server\rewrite.php(43): require_once('FCPATH\\index.php')
CRITICAL - 2023-06-14 11:18:06 --> Undefined variable $estimasi_bp
in APPPATH\Views\estimasi_bp\summary.php on line 10.
 1 APPPATH\Views\estimasi_bp\summary.php(10): CodeIgniter\Debug\Exceptions->errorHandler(2, 'Undefined variable $estimasi_bp', 'APPPATH\\Views\\estimasi_bp\\summary.php', 10)
 2 SYSTEMPATH\View\View.php(213): include('APPPATH\\Views\\estimasi_bp\\summary.php')
 3 SYSTEMPATH\View\View.php(216): CodeIgniter\View\View->CodeIgniter\View\{closure}()
 4 SYSTEMPATH\Common.php(1142): CodeIgniter\View\View->render('estimasi_bp/summary', [], true)
 5 APPPATH\Controllers\Estimasi_bp.php(1846): view('estimasi_bp/summary', [...])
 6 SYSTEMPATH\CodeIgniter.php(904): App\Controllers\Estimasi_bp->summary()
 7 SYSTEMPATH\CodeIgniter.php(457): CodeIgniter\CodeIgniter->runController(Object(App\Controllers\Estimasi_bp))
 8 SYSTEMPATH\CodeIgniter.php(340): CodeIgniter\CodeIgniter->handleRequest(null, Object(Config\Cache), false)
 9 FCPATH\index.php(67): CodeIgniter\CodeIgniter->run()
10 SYSTEMPATH\Commands\Server\rewrite.php(43): require_once('FCPATH\\index.php')
CRITICAL - 2023-06-14 11:34:58 --> Undefined array key "noestimasi"
in APPPATH\Controllers\Estimasi_bp.php on line 1792.
 1 APPPATH\Controllers\Estimasi_bp.php(1792): CodeIgniter\Debug\Exceptions->errorHandler(2, 'Undefined array key "noestimasi"', 'APPPATH\\Controllers\\Estimasi_bp.php', 1792)
 2 SYSTEMPATH\CodeIgniter.php(904): App\Controllers\Estimasi_bp->summary()
 3 SYSTEMPATH\CodeIgniter.php(457): CodeIgniter\CodeIgniter->runController(Object(App\Controllers\Estimasi_bp))
 4 SYSTEMPATH\CodeIgniter.php(340): CodeIgniter\CodeIgniter->handleRequest(null, Object(Config\Cache), false)
 5 FCPATH\index.php(67): CodeIgniter\CodeIgniter->run()
 6 SYSTEMPATH\Commands\Server\rewrite.php(43): require_once('FCPATH\\index.php')
CRITICAL - 2023-06-14 11:44:52 --> Invalid file: estimasi_bp/tbl_wo_part.php
in SYSTEMPATH\Exceptions\FrameworkException.php on line 33.
 1 SYSTEMPATH\View\View.php(201): CodeIgniter\Exceptions\FrameworkException::forInvalidFile('estimasi_bp/tbl_wo_part.php')
 2 SYSTEMPATH\Common.php(1142): CodeIgniter\View\View->render('estimasi_bp/tbl_wo_part', [], true)
 3 APPPATH\Controllers\Estimasi_bp.php(1358): view('estimasi_bp/tbl_wo_part', [...])
 4 SYSTEMPATH\CodeIgniter.php(904): App\Controllers\Estimasi_bp->table_wo_bp_part()
 5 SYSTEMPATH\CodeIgniter.php(457): CodeIgniter\CodeIgniter->runController(Object(App\Controllers\Estimasi_bp))
 6 SYSTEMPATH\CodeIgniter.php(340): CodeIgniter\CodeIgniter->handleRequest(null, Object(Config\Cache), false)
 7 FCPATH\index.php(67): CodeIgniter\CodeIgniter->run()
 8 SYSTEMPATH\Commands\Server\rewrite.php(43): require_once('FCPATH\\index.php')
CRITICAL - 2023-06-14 11:48:36 --> Invalid file: estimasi_bp/tbl_wo_opl.php
in SYSTEMPATH\Exceptions\FrameworkException.php on line 33.
 1 SYSTEMPATH\View\View.php(201): CodeIgniter\Exceptions\FrameworkException::forInvalidFile('estimasi_bp/tbl_wo_opl.php')
 2 SYSTEMPATH\Common.php(1142): CodeIgniter\View\View->render('estimasi_bp/tbl_wo_opl', [], true)
 3 APPPATH\Controllers\Estimasi_bp.php(1570): view('estimasi_bp/tbl_wo_opl', [...])
 4 SYSTEMPATH\CodeIgniter.php(904): App\Controllers\Estimasi_bp->table_wo_bp_opl()
 5 SYSTEMPATH\CodeIgniter.php(457): CodeIgniter\CodeIgniter->runController(Object(App\Controllers\Estimasi_bp))
 6 SYSTEMPATH\CodeIgniter.php(340): CodeIgniter\CodeIgniter->handleRequest(null, Object(Config\Cache), false)
 7 FCPATH\index.php(67): CodeIgniter\CodeIgniter->run()
 8 SYSTEMPATH\Commands\Server\rewrite.php(43): require_once('FCPATH\\index.php')
CRITICAL - 2023-06-14 13:55:53 --> Undefined array key "alamat_asuransi"
in APPPATH\Controllers\Estimasi_bp.php on line 1993.
 1 APPPATH\Controllers\Estimasi_bp.php(1993): CodeIgniter\Debug\Exceptions->errorHandler(2, 'Undefined array key "alamat_asuransi"', 'APPPATH\\Controllers\\Estimasi_bp.php', 1993)
 2 SYSTEMPATH\CodeIgniter.php(904): App\Controllers\Estimasi_bp->simpankewo()
 3 SYSTEMPATH\CodeIgniter.php(457): CodeIgniter\CodeIgniter->runController(Object(App\Controllers\Estimasi_bp))
 4 SYSTEMPATH\CodeIgniter.php(340): CodeIgniter\CodeIgniter->handleRequest(null, Object(Config\Cache), false)
 5 FCPATH\index.php(67): CodeIgniter\CodeIgniter->run()
 6 SYSTEMPATH\Commands\Server\rewrite.php(43): require_once('FCPATH\\index.php')
CRITICAL - 2023-06-14 16:03:34 --> Invalid file: estimasi_bp/batal_wo.php
in SYSTEMPATH\Exceptions\FrameworkException.php on line 33.
 1 SYSTEMPATH\View\View.php(201): CodeIgniter\Exceptions\FrameworkException::forInvalidFile('estimasi_bp/batal_wo.php')
 2 SYSTEMPATH\Common.php(1142): CodeIgniter\View\View->render('estimasi_bp/batal_wo', [], true)
 3 APPPATH\Controllers\Estimasi_bp.php(714): view('estimasi_bp/batal_wo', [...])
 4 SYSTEMPATH\CodeIgniter.php(904): App\Controllers\Estimasi_bp->batal_wo()
 5 SYSTEMPATH\CodeIgniter.php(457): CodeIgniter\CodeIgniter->runController(Object(App\Controllers\Estimasi_bp))
 6 SYSTEMPATH\CodeIgniter.php(340): CodeIgniter\CodeIgniter->handleRequest(null, Object(Config\Cache), false)
 7 FCPATH\index.php(67): CodeIgniter\CodeIgniter->run()
 8 SYSTEMPATH\Commands\Server\rewrite.php(43): require_once('FCPATH\\index.php')
CRITICAL - 2023-06-14 16:10:30 --> Cannot use object of type CodeIgniter\Database\MySQLi\Result as array
in APPPATH\Views\estimasi_bp\modalbatal_wo.php on line 12.
 1 SYSTEMPATH\View\View.php(213): include()
 2 SYSTEMPATH\View\View.php(216): CodeIgniter\View\View->CodeIgniter\View\{closure}()
 3 SYSTEMPATH\Common.php(1142): CodeIgniter\View\View->render('estimasi_bp/modalbatal_wo', [], true)
 4 APPPATH\Controllers\Estimasi_bp.php(715): view('estimasi_bp/modalbatal_wo', [...])
 5 SYSTEMPATH\CodeIgniter.php(904): App\Controllers\Estimasi_bp->batal_wo()
 6 SYSTEMPATH\CodeIgniter.php(457): CodeIgniter\CodeIgniter->runController(Object(App\Controllers\Estimasi_bp))
 7 SYSTEMPATH\CodeIgniter.php(340): CodeIgniter\CodeIgniter->handleRequest(null, Object(Config\Cache), false)
 8 FCPATH\index.php(67): CodeIgniter\CodeIgniter->run()
 9 SYSTEMPATH\Commands\Server\rewrite.php(43): require_once('FCPATH\\index.php')
CRITICAL - 2023-06-14 16:10:55 --> Cannot use object of type CodeIgniter\Database\MySQLi\Result as array
in APPPATH\Views\estimasi_bp\modalbatal_wo.php on line 12.
 1 SYSTEMPATH\View\View.php(213): include()
 2 SYSTEMPATH\View\View.php(216): CodeIgniter\View\View->CodeIgniter\View\{closure}()
 3 SYSTEMPATH\Common.php(1142): CodeIgniter\View\View->render('estimasi_bp/modalbatal_wo', [], true)
 4 APPPATH\Controllers\Estimasi_bp.php(715): view('estimasi_bp/modalbatal_wo', [...])
 5 SYSTEMPATH\CodeIgniter.php(904): App\Controllers\Estimasi_bp->batal_wo()
 6 SYSTEMPATH\CodeIgniter.php(457): CodeIgniter\CodeIgniter->runController(Object(App\Controllers\Estimasi_bp))
 7 SYSTEMPATH\CodeIgniter.php(340): CodeIgniter\CodeIgniter->handleRequest(null, Object(Config\Cache), false)
 8 FCPATH\index.php(67): CodeIgniter\CodeIgniter->run()
 9 SYSTEMPATH\Commands\Server\rewrite.php(43): require_once('FCPATH\\index.php')
CRITICAL - 2023-06-14 16:11:26 --> Undefined variable $nowo
in APPPATH\Views\estimasi_bp\modalbatal_wo.php on line 12.
 1 APPPATH\Views\estimasi_bp\modalbatal_wo.php(12): CodeIgniter\Debug\Exceptions->errorHandler(2, 'Undefined variable $nowo', 'APPPATH\\Views\\estimasi_bp\\modalbatal_wo.php', 12)
 2 SYSTEMPATH\View\View.php(213): include('APPPATH\\Views\\estimasi_bp\\modalbatal_wo.php')
 3 SYSTEMPATH\View\View.php(216): CodeIgniter\View\View->CodeIgniter\View\{closure}()
 4 SYSTEMPATH\Common.php(1142): CodeIgniter\View\View->render('estimasi_bp/modalbatal_wo', [], true)
 5 APPPATH\Controllers\Estimasi_bp.php(715): view('estimasi_bp/modalbatal_wo', [...])
 6 SYSTEMPATH\CodeIgniter.php(904): App\Controllers\Estimasi_bp->batal_wo()
 7 SYSTEMPATH\CodeIgniter.php(457): CodeIgniter\CodeIgniter->runController(Object(App\Controllers\Estimasi_bp))
 8 SYSTEMPATH\CodeIgniter.php(340): CodeIgniter\CodeIgniter->handleRequest(null, Object(Config\Cache), false)
 9 FCPATH\index.php(67): CodeIgniter\CodeIgniter->run()
10 SYSTEMPATH\Commands\Server\rewrite.php(43): require_once('FCPATH\\index.php')
CRITICAL - 2023-06-14 16:12:07 --> Cannot use object of type CodeIgniter\Database\MySQLi\Result as array
in APPPATH\Views\estimasi_bp\modalbatal_wo.php on line 12.
 1 SYSTEMPATH\View\View.php(213): include()
 2 SYSTEMPATH\View\View.php(216): CodeIgniter\View\View->CodeIgniter\View\{closure}()
 3 SYSTEMPATH\Common.php(1142): CodeIgniter\View\View->render('estimasi_bp/modalbatal_wo', [], true)
 4 APPPATH\Controllers\Estimasi_bp.php(716): view('estimasi_bp/modalbatal_wo', [...])
 5 SYSTEMPATH\CodeIgniter.php(904): App\Controllers\Estimasi_bp->batal_wo()
 6 SYSTEMPATH\CodeIgniter.php(457): CodeIgniter\CodeIgniter->runController(Object(App\Controllers\Estimasi_bp))
 7 SYSTEMPATH\CodeIgniter.php(340): CodeIgniter\CodeIgniter->handleRequest(null, Object(Config\Cache), false)
 8 FCPATH\index.php(67): CodeIgniter\CodeIgniter->run()
 9 SYSTEMPATH\Commands\Server\rewrite.php(43): require_once('FCPATH\\index.php')
CRITICAL - 2023-06-14 16:14:44 --> Cannot use object of type CodeIgniter\Database\MySQLi\Result as array
in APPPATH\Views\estimasi_bp\modalbatal_wo.php on line 12.
 1 SYSTEMPATH\View\View.php(213): include()
 2 SYSTEMPATH\View\View.php(216): CodeIgniter\View\View->CodeIgniter\View\{closure}()
 3 SYSTEMPATH\Common.php(1142): CodeIgniter\View\View->render('estimasi_bp/modalbatal_wo', [], true)
 4 APPPATH\Controllers\Estimasi_bp.php(718): view('estimasi_bp/modalbatal_wo', [...])
 5 SYSTEMPATH\CodeIgniter.php(904): App\Controllers\Estimasi_bp->batal_wo()
 6 SYSTEMPATH\CodeIgniter.php(457): CodeIgniter\CodeIgniter->runController(Object(App\Controllers\Estimasi_bp))
 7 SYSTEMPATH\CodeIgniter.php(340): CodeIgniter\CodeIgniter->handleRequest(null, Object(Config\Cache), false)
 8 FCPATH\index.php(67): CodeIgniter\CodeIgniter->run()
 9 SYSTEMPATH\Commands\Server\rewrite.php(43): require_once('FCPATH\\index.php')
CRITICAL - 2023-06-14 16:14:50 --> Cannot use object of type CodeIgniter\Database\MySQLi\Result as array
in APPPATH\Views\estimasi_bp\modalbatal_wo.php on line 12.
 1 SYSTEMPATH\View\View.php(213): include()
 2 SYSTEMPATH\View\View.php(216): CodeIgniter\View\View->CodeIgniter\View\{closure}()
 3 SYSTEMPATH\Common.php(1142): CodeIgniter\View\View->render('estimasi_bp/modalbatal_wo', [], true)
 4 APPPATH\Controllers\Estimasi_bp.php(718): view('estimasi_bp/modalbatal_wo', [...])
 5 SYSTEMPATH\CodeIgniter.php(904): App\Controllers\Estimasi_bp->batal_wo()
 6 SYSTEMPATH\CodeIgniter.php(457): CodeIgniter\CodeIgniter->runController(Object(App\Controllers\Estimasi_bp))
 7 SYSTEMPATH\CodeIgniter.php(340): CodeIgniter\CodeIgniter->handleRequest(null, Object(Config\Cache), false)
 8 FCPATH\index.php(67): CodeIgniter\CodeIgniter->run()
 9 SYSTEMPATH\Commands\Server\rewrite.php(43): require_once('FCPATH\\index.php')
CRITICAL - 2023-06-14 16:15:02 --> Cannot use object of type CodeIgniter\Database\MySQLi\Result as array
in APPPATH\Views\estimasi_bp\modalbatal_wo.php on line 12.
 1 SYSTEMPATH\View\View.php(213): include()
 2 SYSTEMPATH\View\View.php(216): CodeIgniter\View\View->CodeIgniter\View\{closure}()
 3 SYSTEMPATH\Common.php(1142): CodeIgniter\View\View->render('estimasi_bp/modalbatal_wo', [], true)
 4 APPPATH\Controllers\Estimasi_bp.php(720): view('estimasi_bp/modalbatal_wo', [...])
 5 SYSTEMPATH\CodeIgniter.php(904): App\Controllers\Estimasi_bp->batal_wo()
 6 SYSTEMPATH\CodeIgniter.php(457): CodeIgniter\CodeIgniter->runController(Object(App\Controllers\Estimasi_bp))
 7 SYSTEMPATH\CodeIgniter.php(340): CodeIgniter\CodeIgniter->handleRequest(null, Object(Config\Cache), false)
 8 FCPATH\index.php(67): CodeIgniter\CodeIgniter->run()
 9 SYSTEMPATH\Commands\Server\rewrite.php(43): require_once('FCPATH\\index.php')
CRITICAL - 2023-06-14 16:15:56 --> Cannot use object of type CodeIgniter\Database\MySQLi\Result as array
in APPPATH\Views\estimasi_bp\modalbatal_wo.php on line 12.
 1 SYSTEMPATH\View\View.php(213): include()
 2 SYSTEMPATH\View\View.php(216): CodeIgniter\View\View->CodeIgniter\View\{closure}()
 3 SYSTEMPATH\Common.php(1142): CodeIgniter\View\View->render('estimasi_bp/modalbatal_wo', [], true)
 4 APPPATH\Controllers\Estimasi_bp.php(718): view('estimasi_bp/modalbatal_wo', [...])
 5 SYSTEMPATH\CodeIgniter.php(904): App\Controllers\Estimasi_bp->batal_wo()
 6 SYSTEMPATH\CodeIgniter.php(457): CodeIgniter\CodeIgniter->runController(Object(App\Controllers\Estimasi_bp))
 7 SYSTEMPATH\CodeIgniter.php(340): CodeIgniter\CodeIgniter->handleRequest(null, Object(Config\Cache), false)
 8 FCPATH\index.php(67): CodeIgniter\CodeIgniter->run()
 9 SYSTEMPATH\Commands\Server\rewrite.php(43): require_once('FCPATH\\index.php')
CRITICAL - 2023-06-14 16:17:18 --> Cannot use object of type CodeIgniter\Database\MySQLi\Result as array
in APPPATH\Views\estimasi_bp\modalbatal_wo.php on line 12.
 1 SYSTEMPATH\View\View.php(213): include()
 2 SYSTEMPATH\View\View.php(216): CodeIgniter\View\View->CodeIgniter\View\{closure}()
 3 SYSTEMPATH\Common.php(1142): CodeIgniter\View\View->render('estimasi_bp/modalbatal_wo', [], true)
 4 APPPATH\Controllers\Estimasi_bp.php(719): view('estimasi_bp/modalbatal_wo', [...])
 5 SYSTEMPATH\CodeIgniter.php(904): App\Controllers\Estimasi_bp->batal_wo()
 6 SYSTEMPATH\CodeIgniter.php(457): CodeIgniter\CodeIgniter->runController(Object(App\Controllers\Estimasi_bp))
 7 SYSTEMPATH\CodeIgniter.php(340): CodeIgniter\CodeIgniter->handleRequest(null, Object(Config\Cache), false)
 8 FCPATH\index.php(67): CodeIgniter\CodeIgniter->run()
 9 SYSTEMPATH\Commands\Server\rewrite.php(43): require_once('FCPATH\\index.php')
CRITICAL - 2023-06-14 16:17:36 --> Cannot use object of type CodeIgniter\Database\MySQLi\Result as array
in APPPATH\Views\estimasi_bp\modalbatal_wo.php on line 12.
 1 SYSTEMPATH\View\View.php(213): include()
 2 SYSTEMPATH\View\View.php(216): CodeIgniter\View\View->CodeIgniter\View\{closure}()
 3 SYSTEMPATH\Common.php(1142): CodeIgniter\View\View->render('estimasi_bp/modalbatal_wo', [], true)
 4 APPPATH\Controllers\Estimasi_bp.php(719): view('estimasi_bp/modalbatal_wo', [...])
 5 SYSTEMPATH\CodeIgniter.php(904): App\Controllers\Estimasi_bp->batal_wo()
 6 SYSTEMPATH\CodeIgniter.php(457): CodeIgniter\CodeIgniter->runController(Object(App\Controllers\Estimasi_bp))
 7 SYSTEMPATH\CodeIgniter.php(340): CodeIgniter\CodeIgniter->handleRequest(null, Object(Config\Cache), false)
 8 FCPATH\index.php(67): CodeIgniter\CodeIgniter->run()
 9 SYSTEMPATH\Commands\Server\rewrite.php(43): require_once('FCPATH\\index.php')
CRITICAL - 2023-06-14 16:18:27 --> Cannot use object of type CodeIgniter\Database\MySQLi\Result as array
in APPPATH\Views\estimasi_bp\modalbatal_wo.php on line 12.
 1 SYSTEMPATH\View\View.php(213): include()
 2 SYSTEMPATH\View\View.php(216): CodeIgniter\View\View->CodeIgniter\View\{closure}()
 3 SYSTEMPATH\Common.php(1142): CodeIgniter\View\View->render('estimasi_bp/modalbatal_wo', [], true)
 4 APPPATH\Controllers\Estimasi_bp.php(719): view('estimasi_bp/modalbatal_wo', [...])
 5 SYSTEMPATH\CodeIgniter.php(904): App\Controllers\Estimasi_bp->batal_wo()
 6 SYSTEMPATH\CodeIgniter.php(457): CodeIgniter\CodeIgniter->runController(Object(App\Controllers\Estimasi_bp))
 7 SYSTEMPATH\CodeIgniter.php(340): CodeIgniter\CodeIgniter->handleRequest(null, Object(Config\Cache), false)
 8 FCPATH\index.php(67): CodeIgniter\CodeIgniter->run()
 9 SYSTEMPATH\Commands\Server\rewrite.php(43): require_once('FCPATH\\index.php')
CRITICAL - 2023-06-14 16:18:42 --> Cannot use object of type CodeIgniter\Database\MySQLi\Result as array
in APPPATH\Views\estimasi_bp\modalbatal_wo.php on line 12.
 1 SYSTEMPATH\View\View.php(213): include()
 2 SYSTEMPATH\View\View.php(216): CodeIgniter\View\View->CodeIgniter\View\{closure}()
 3 SYSTEMPATH\Common.php(1142): CodeIgniter\View\View->render('estimasi_bp/modalbatal_wo', [], true)
 4 APPPATH\Controllers\Estimasi_bp.php(718): view('estimasi_bp/modalbatal_wo', [...])
 5 SYSTEMPATH\CodeIgniter.php(904): App\Controllers\Estimasi_bp->batal_wo()
 6 SYSTEMPATH\CodeIgniter.php(457): CodeIgniter\CodeIgniter->runController(Object(App\Controllers\Estimasi_bp))
 7 SYSTEMPATH\CodeIgniter.php(340): CodeIgniter\CodeIgniter->handleRequest(null, Object(Config\Cache), false)
 8 FCPATH\index.php(67): CodeIgniter\CodeIgniter->run()
 9 SYSTEMPATH\Commands\Server\rewrite.php(43): require_once('FCPATH\\index.php')
CRITICAL - 2023-06-14 16:26:09 --> Trying to access array offset on value of type null
in APPPATH\Controllers\Estimasi_bp.php on line 714.
 1 APPPATH\Controllers\Estimasi_bp.php(714): CodeIgniter\Debug\Exceptions->errorHandler(2, 'Trying to access array offset on value of type null', 'APPPATH\\Controllers\\Estimasi_bp.php', 714)
 2 SYSTEMPATH\CodeIgniter.php(904): App\Controllers\Estimasi_bp->batal_wo()
 3 SYSTEMPATH\CodeIgniter.php(457): CodeIgniter\CodeIgniter->runController(Object(App\Controllers\Estimasi_bp))
 4 SYSTEMPATH\CodeIgniter.php(340): CodeIgniter\CodeIgniter->handleRequest(null, Object(Config\Cache), false)
 5 FCPATH\index.php(67): CodeIgniter\CodeIgniter->run()
 6 SYSTEMPATH\Commands\Server\rewrite.php(43): require_once('FCPATH\\index.php')
CRITICAL - 2023-06-14 16:26:42 --> Undefined array key "nowo"
in APPPATH\Views\estimasi_bp\modalbatal_wo.php on line 12.
 1 APPPATH\Views\estimasi_bp\modalbatal_wo.php(12): CodeIgniter\Debug\Exceptions->errorHandler(2, 'Undefined array key "nowo"', 'APPPATH\\Views\\estimasi_bp\\modalbatal_wo.php', 12)
 2 SYSTEMPATH\View\View.php(213): include('APPPATH\\Views\\estimasi_bp\\modalbatal_wo.php')
 3 SYSTEMPATH\View\View.php(216): CodeIgniter\View\View->CodeIgniter\View\{closure}()
 4 SYSTEMPATH\Common.php(1142): CodeIgniter\View\View->render('estimasi_bp/modalbatal_wo', [], true)
 5 APPPATH\Controllers\Estimasi_bp.php(718): view('estimasi_bp/modalbatal_wo', [...])
 6 SYSTEMPATH\CodeIgniter.php(904): App\Controllers\Estimasi_bp->batal_wo()
 7 SYSTEMPATH\CodeIgniter.php(457): CodeIgniter\CodeIgniter->runController(Object(App\Controllers\Estimasi_bp))
 8 SYSTEMPATH\CodeIgniter.php(340): CodeIgniter\CodeIgniter->handleRequest(null, Object(Config\Cache), false)
 9 FCPATH\index.php(67): CodeIgniter\CodeIgniter->run()
10 SYSTEMPATH\Commands\Server\rewrite.php(43): require_once('FCPATH\\index.php')
CRITICAL - 2023-06-14 16:27:17 --> Undefined array key "nowo"
in APPPATH\Views\estimasi_bp\modalbatal_wo.php on line 12.
 1 APPPATH\Views\estimasi_bp\modalbatal_wo.php(12): CodeIgniter\Debug\Exceptions->errorHandler(2, 'Undefined array key "nowo"', 'APPPATH\\Views\\estimasi_bp\\modalbatal_wo.php', 12)
 2 SYSTEMPATH\View\View.php(213): include('APPPATH\\Views\\estimasi_bp\\modalbatal_wo.php')
 3 SYSTEMPATH\View\View.php(216): CodeIgniter\View\View->CodeIgniter\View\{closure}()
 4 SYSTEMPATH\Common.php(1142): CodeIgniter\View\View->render('estimasi_bp/modalbatal_wo', [], true)
 5 APPPATH\Controllers\Estimasi_bp.php(718): view('estimasi_bp/modalbatal_wo', [...])
 6 SYSTEMPATH\CodeIgniter.php(904): App\Controllers\Estimasi_bp->batal_wo()
 7 SYSTEMPATH\CodeIgniter.php(457): CodeIgniter\CodeIgniter->runController(Object(App\Controllers\Estimasi_bp))
 8 SYSTEMPATH\CodeIgniter.php(340): CodeIgniter\CodeIgniter->handleRequest(null, Object(Config\Cache), false)
 9 FCPATH\index.php(67): CodeIgniter\CodeIgniter->run()
10 SYSTEMPATH\Commands\Server\rewrite.php(43): require_once('FCPATH\\index.php')
CRITICAL - 2023-06-14 16:27:41 --> Undefined array key "nowo"
in APPPATH\Views\estimasi_bp\modalbatal_wo.php on line 12.
 1 APPPATH\Views\estimasi_bp\modalbatal_wo.php(12): CodeIgniter\Debug\Exceptions->errorHandler(2, 'Undefined array key "nowo"', 'APPPATH\\Views\\estimasi_bp\\modalbatal_wo.php', 12)
 2 SYSTEMPATH\View\View.php(213): include('APPPATH\\Views\\estimasi_bp\\modalbatal_wo.php')
 3 SYSTEMPATH\View\View.php(216): CodeIgniter\View\View->CodeIgniter\View\{closure}()
 4 SYSTEMPATH\Common.php(1142): CodeIgniter\View\View->render('estimasi_bp/modalbatal_wo', [], true)
 5 APPPATH\Controllers\Estimasi_bp.php(719): view('estimasi_bp/modalbatal_wo', [...])
 6 SYSTEMPATH\CodeIgniter.php(904): App\Controllers\Estimasi_bp->batal_wo()
 7 SYSTEMPATH\CodeIgniter.php(457): CodeIgniter\CodeIgniter->runController(Object(App\Controllers\Estimasi_bp))
 8 SYSTEMPATH\CodeIgniter.php(340): CodeIgniter\CodeIgniter->handleRequest(null, Object(Config\Cache), false)
 9 FCPATH\index.php(67): CodeIgniter\CodeIgniter->run()
10 SYSTEMPATH\Commands\Server\rewrite.php(43): require_once('FCPATH\\index.php')
CRITICAL - 2023-06-14 16:28:37 --> Cannot use object of type CodeIgniter\Database\MySQLi\Result as array
in APPPATH\Views\estimasi_bp\modalbatal_wo.php on line 12.
 1 SYSTEMPATH\View\View.php(213): include()
 2 SYSTEMPATH\View\View.php(216): CodeIgniter\View\View->CodeIgniter\View\{closure}()
 3 SYSTEMPATH\Common.php(1142): CodeIgniter\View\View->render('estimasi_bp/modalbatal_wo', [], true)
 4 APPPATH\Controllers\Estimasi_bp.php(719): view('estimasi_bp/modalbatal_wo', [...])
 5 SYSTEMPATH\CodeIgniter.php(904): App\Controllers\Estimasi_bp->batal_wo()
 6 SYSTEMPATH\CodeIgniter.php(457): CodeIgniter\CodeIgniter->runController(Object(App\Controllers\Estimasi_bp))
 7 SYSTEMPATH\CodeIgniter.php(340): CodeIgniter\CodeIgniter->handleRequest(null, Object(Config\Cache), false)
 8 FCPATH\index.php(67): CodeIgniter\CodeIgniter->run()
 9 SYSTEMPATH\Commands\Server\rewrite.php(43): require_once('FCPATH\\index.php')
CRITICAL - 2023-06-14 16:28:50 --> Cannot use object of type CodeIgniter\Database\MySQLi\Result as array
in APPPATH\Views\estimasi_bp\modalbatal_wo.php on line 12.
 1 SYSTEMPATH\View\View.php(213): include()
 2 SYSTEMPATH\View\View.php(216): CodeIgniter\View\View->CodeIgniter\View\{closure}()
 3 SYSTEMPATH\Common.php(1142): CodeIgniter\View\View->render('estimasi_bp/modalbatal_wo', [], true)
 4 APPPATH\Controllers\Estimasi_bp.php(718): view('estimasi_bp/modalbatal_wo', [...])
 5 SYSTEMPATH\CodeIgniter.php(904): App\Controllers\Estimasi_bp->batal_wo()
 6 SYSTEMPATH\CodeIgniter.php(457): CodeIgniter\CodeIgniter->runController(Object(App\Controllers\Estimasi_bp))
 7 SYSTEMPATH\CodeIgniter.php(340): CodeIgniter\CodeIgniter->handleRequest(null, Object(Config\Cache), false)
 8 FCPATH\index.php(67): CodeIgniter\CodeIgniter->run()
 9 SYSTEMPATH\Commands\Server\rewrite.php(43): require_once('FCPATH\\index.php')
CRITICAL - 2023-06-14 16:29:29 --> Cannot use object of type CodeIgniter\Database\MySQLi\Result as array
in APPPATH\Views\estimasi_bp\modalbatal_wo.php on line 12.
 1 SYSTEMPATH\View\View.php(213): include()
 2 SYSTEMPATH\View\View.php(216): CodeIgniter\View\View->CodeIgniter\View\{closure}()
 3 SYSTEMPATH\Common.php(1142): CodeIgniter\View\View->render('estimasi_bp/modalbatal_wo', [], true)
 4 APPPATH\Controllers\Estimasi_bp.php(718): view('estimasi_bp/modalbatal_wo', [...])
 5 SYSTEMPATH\CodeIgniter.php(904): App\Controllers\Estimasi_bp->batal_wo()
 6 SYSTEMPATH\CodeIgniter.php(457): CodeIgniter\CodeIgniter->runController(Object(App\Controllers\Estimasi_bp))
 7 SYSTEMPATH\CodeIgniter.php(340): CodeIgniter\CodeIgniter->handleRequest(null, Object(Config\Cache), false)
 8 FCPATH\index.php(67): CodeIgniter\CodeIgniter->run()
 9 SYSTEMPATH\Commands\Server\rewrite.php(43): require_once('FCPATH\\index.php')
CRITICAL - 2023-06-14 16:31:06 --> Cannot use object of type CodeIgniter\Database\MySQLi\Result as array
in APPPATH\Views\estimasi_bp\modalbatal_wo.php on line 12.
 1 SYSTEMPATH\View\View.php(213): include()
 2 SYSTEMPATH\View\View.php(216): CodeIgniter\View\View->CodeIgniter\View\{closure}()
 3 SYSTEMPATH\Common.php(1142): CodeIgniter\View\View->render('estimasi_bp/modalbatal_wo', [], true)
 4 APPPATH\Controllers\Estimasi_bp.php(718): view('estimasi_bp/modalbatal_wo', [...])
 5 SYSTEMPATH\CodeIgniter.php(904): App\Controllers\Estimasi_bp->batal_wo()
 6 SYSTEMPATH\CodeIgniter.php(457): CodeIgniter\CodeIgniter->runController(Object(App\Controllers\Estimasi_bp))
 7 SYSTEMPATH\CodeIgniter.php(340): CodeIgniter\CodeIgniter->handleRequest(null, Object(Config\Cache), false)
 8 FCPATH\index.php(67): CodeIgniter\CodeIgniter->run()
 9 SYSTEMPATH\Commands\Server\rewrite.php(43): require_once('FCPATH\\index.php')
CRITICAL - 2023-06-14 16:32:12 --> Undefined array key "nowo"
in APPPATH\Views\estimasi_bp\modalbatal_wo.php on line 12.
 1 APPPATH\Views\estimasi_bp\modalbatal_wo.php(12): CodeIgniter\Debug\Exceptions->errorHandler(2, 'Undefined array key "nowo"', 'APPPATH\\Views\\estimasi_bp\\modalbatal_wo.php', 12)
 2 SYSTEMPATH\View\View.php(213): include('APPPATH\\Views\\estimasi_bp\\modalbatal_wo.php')
 3 SYSTEMPATH\View\View.php(216): CodeIgniter\View\View->CodeIgniter\View\{closure}()
 4 SYSTEMPATH\Common.php(1142): CodeIgniter\View\View->render('estimasi_bp/modalbatal_wo', [], true)
 5 APPPATH\Controllers\Estimasi_bp.php(719): view('estimasi_bp/modalbatal_wo', [...])
 6 SYSTEMPATH\CodeIgniter.php(904): App\Controllers\Estimasi_bp->batal_wo()
 7 SYSTEMPATH\CodeIgniter.php(457): CodeIgniter\CodeIgniter->runController(Object(App\Controllers\Estimasi_bp))
 8 SYSTEMPATH\CodeIgniter.php(340): CodeIgniter\CodeIgniter->handleRequest(null, Object(Config\Cache), false)
 9 FCPATH\index.php(67): CodeIgniter\CodeIgniter->run()
10 SYSTEMPATH\Commands\Server\rewrite.php(43): require_once('FCPATH\\index.php')
CRITICAL - 2023-06-14 16:32:25 --> Undefined array key "nowo"
in APPPATH\Views\estimasi_bp\modalbatal_wo.php on line 12.
 1 APPPATH\Views\estimasi_bp\modalbatal_wo.php(12): CodeIgniter\Debug\Exceptions->errorHandler(2, 'Undefined array key "nowo"', 'APPPATH\\Views\\estimasi_bp\\modalbatal_wo.php', 12)
 2 SYSTEMPATH\View\View.php(213): include('APPPATH\\Views\\estimasi_bp\\modalbatal_wo.php')
 3 SYSTEMPATH\View\View.php(216): CodeIgniter\View\View->CodeIgniter\View\{closure}()
 4 SYSTEMPATH\Common.php(1142): CodeIgniter\View\View->render('estimasi_bp/modalbatal_wo', [], true)
 5 APPPATH\Controllers\Estimasi_bp.php(719): view('estimasi_bp/modalbatal_wo', [...])
 6 SYSTEMPATH\CodeIgniter.php(904): App\Controllers\Estimasi_bp->batal_wo()
 7 SYSTEMPATH\CodeIgniter.php(457): CodeIgniter\CodeIgniter->runController(Object(App\Controllers\Estimasi_bp))
 8 SYSTEMPATH\CodeIgniter.php(340): CodeIgniter\CodeIgniter->handleRequest(null, Object(Config\Cache), false)
 9 FCPATH\index.php(67): CodeIgniter\CodeIgniter->run()
10 SYSTEMPATH\Commands\Server\rewrite.php(43): require_once('FCPATH\\index.php')
CRITICAL - 2023-06-14 16:32:43 --> Undefined array key "nowo"
in APPPATH\Views\estimasi_bp\modalbatal_wo.php on line 12.
 1 APPPATH\Views\estimasi_bp\modalbatal_wo.php(12): CodeIgniter\Debug\Exceptions->errorHandler(2, 'Undefined array key "nowo"', 'APPPATH\\Views\\estimasi_bp\\modalbatal_wo.php', 12)
 2 SYSTEMPATH\View\View.php(213): include('APPPATH\\Views\\estimasi_bp\\modalbatal_wo.php')
 3 SYSTEMPATH\View\View.php(216): CodeIgniter\View\View->CodeIgniter\View\{closure}()
 4 SYSTEMPATH\Common.php(1142): CodeIgniter\View\View->render('estimasi_bp/modalbatal_wo', [], true)
 5 APPPATH\Controllers\Estimasi_bp.php(719): view('estimasi_bp/modalbatal_wo', [...])
 6 SYSTEMPATH\CodeIgniter.php(904): App\Controllers\Estimasi_bp->batal_wo()
 7 SYSTEMPATH\CodeIgniter.php(457): CodeIgniter\CodeIgniter->runController(Object(App\Controllers\Estimasi_bp))
 8 SYSTEMPATH\CodeIgniter.php(340): CodeIgniter\CodeIgniter->handleRequest(null, Object(Config\Cache), false)
 9 FCPATH\index.php(67): CodeIgniter\CodeIgniter->run()
10 SYSTEMPATH\Commands\Server\rewrite.php(43): require_once('FCPATH\\index.php')
CRITICAL - 2023-06-14 16:33:20 --> Undefined variable $nowo
in APPPATH\Views\estimasi_bp\modalbatal_wo.php on line 12.
 1 APPPATH\Views\estimasi_bp\modalbatal_wo.php(12): CodeIgniter\Debug\Exceptions->errorHandler(2, 'Undefined variable $nowo', 'APPPATH\\Views\\estimasi_bp\\modalbatal_wo.php', 12)
 2 SYSTEMPATH\View\View.php(213): include('APPPATH\\Views\\estimasi_bp\\modalbatal_wo.php')
 3 SYSTEMPATH\View\View.php(216): CodeIgniter\View\View->CodeIgniter\View\{closure}()
 4 SYSTEMPATH\Common.php(1142): CodeIgniter\View\View->render('estimasi_bp/modalbatal_wo', [], true)
 5 APPPATH\Controllers\Estimasi_bp.php(719): view('estimasi_bp/modalbatal_wo', [...])
 6 SYSTEMPATH\CodeIgniter.php(904): App\Controllers\Estimasi_bp->batal_wo()
 7 SYSTEMPATH\CodeIgniter.php(457): CodeIgniter\CodeIgniter->runController(Object(App\Controllers\Estimasi_bp))
 8 SYSTEMPATH\CodeIgniter.php(340): CodeIgniter\CodeIgniter->handleRequest(null, Object(Config\Cache), false)
 9 FCPATH\index.php(67): CodeIgniter\CodeIgniter->run()
10 SYSTEMPATH\Commands\Server\rewrite.php(43): require_once('FCPATH\\index.php')
CRITICAL - 2023-06-14 16:33:32 --> Undefined variable $nowo
in APPPATH\Views\estimasi_bp\modalbatal_wo.php on line 12.
 1 APPPATH\Views\estimasi_bp\modalbatal_wo.php(12): CodeIgniter\Debug\Exceptions->errorHandler(2, 'Undefined variable $nowo', 'APPPATH\\Views\\estimasi_bp\\modalbatal_wo.php', 12)
 2 SYSTEMPATH\View\View.php(213): include('APPPATH\\Views\\estimasi_bp\\modalbatal_wo.php')
 3 SYSTEMPATH\View\View.php(216): CodeIgniter\View\View->CodeIgniter\View\{closure}()
 4 SYSTEMPATH\Common.php(1142): CodeIgniter\View\View->render('estimasi_bp/modalbatal_wo', [], true)
 5 APPPATH\Controllers\Estimasi_bp.php(719): view('estimasi_bp/modalbatal_wo', [...])
 6 SYSTEMPATH\CodeIgniter.php(904): App\Controllers\Estimasi_bp->batal_wo()
 7 SYSTEMPATH\CodeIgniter.php(457): CodeIgniter\CodeIgniter->runController(Object(App\Controllers\Estimasi_bp))
 8 SYSTEMPATH\CodeIgniter.php(340): CodeIgniter\CodeIgniter->handleRequest(null, Object(Config\Cache), false)
 9 FCPATH\index.php(67): CodeIgniter\CodeIgniter->run()
10 SYSTEMPATH\Commands\Server\rewrite.php(43): require_once('FCPATH\\index.php')
CRITICAL - 2023-06-14 16:34:46 --> Undefined array key "nowo"
in APPPATH\Views\estimasi_bp\modalbatal_wo.php on line 12.
 1 APPPATH\Views\estimasi_bp\modalbatal_wo.php(12): CodeIgniter\Debug\Exceptions->errorHandler(2, 'Undefined array key "nowo"', 'APPPATH\\Views\\estimasi_bp\\modalbatal_wo.php', 12)
 2 SYSTEMPATH\View\View.php(213): include('APPPATH\\Views\\estimasi_bp\\modalbatal_wo.php')
 3 SYSTEMPATH\View\View.php(216): CodeIgniter\View\View->CodeIgniter\View\{closure}()
 4 SYSTEMPATH\Common.php(1142): CodeIgniter\View\View->render('estimasi_bp/modalbatal_wo', [], true)
 5 APPPATH\Controllers\Estimasi_bp.php(719): view('estimasi_bp/modalbatal_wo', [...])
 6 SYSTEMPATH\CodeIgniter.php(904): App\Controllers\Estimasi_bp->batal_wo()
 7 SYSTEMPATH\CodeIgniter.php(457): CodeIgniter\CodeIgniter->runController(Object(App\Controllers\Estimasi_bp))
 8 SYSTEMPATH\CodeIgniter.php(340): CodeIgniter\CodeIgniter->handleRequest(null, Object(Config\Cache), false)
 9 FCPATH\index.php(67): CodeIgniter\CodeIgniter->run()
10 SYSTEMPATH\Commands\Server\rewrite.php(43): require_once('FCPATH\\index.php')
CRITICAL - 2023-06-14 16:37:15 --> Undefined array key "nowo"
in APPPATH\Views\estimasi_bp\modalbatal_wo.php on line 12.
 1 APPPATH\Views\estimasi_bp\modalbatal_wo.php(12): CodeIgniter\Debug\Exceptions->errorHandler(2, 'Undefined array key "nowo"', 'APPPATH\\Views\\estimasi_bp\\modalbatal_wo.php', 12)
 2 SYSTEMPATH\View\View.php(213): include('APPPATH\\Views\\estimasi_bp\\modalbatal_wo.php')
 3 SYSTEMPATH\View\View.php(216): CodeIgniter\View\View->CodeIgniter\View\{closure}()
 4 SYSTEMPATH\Common.php(1142): CodeIgniter\View\View->render('estimasi_bp/modalbatal_wo', [], true)
 5 APPPATH\Controllers\Estimasi_bp.php(719): view('estimasi_bp/modalbatal_wo', [...])
 6 SYSTEMPATH\CodeIgniter.php(904): App\Controllers\Estimasi_bp->batal_wo()
 7 SYSTEMPATH\CodeIgniter.php(457): CodeIgniter\CodeIgniter->runController(Object(App\Controllers\Estimasi_bp))
 8 SYSTEMPATH\CodeIgniter.php(340): CodeIgniter\CodeIgniter->handleRequest(null, Object(Config\Cache), false)
 9 FCPATH\index.php(67): CodeIgniter\CodeIgniter->run()
10 SYSTEMPATH\Commands\Server\rewrite.php(43): require_once('FCPATH\\index.php')
CRITICAL - 2023-06-14 16:37:28 --> Undefined array key "nowo"
in APPPATH\Views\estimasi_bp\modalbatal_wo.php on line 12.
 1 APPPATH\Views\estimasi_bp\modalbatal_wo.php(12): CodeIgniter\Debug\Exceptions->errorHandler(2, 'Undefined array key "nowo"', 'APPPATH\\Views\\estimasi_bp\\modalbatal_wo.php', 12)
 2 SYSTEMPATH\View\View.php(213): include('APPPATH\\Views\\estimasi_bp\\modalbatal_wo.php')
 3 SYSTEMPATH\View\View.php(216): CodeIgniter\View\View->CodeIgniter\View\{closure}()
 4 SYSTEMPATH\Common.php(1142): CodeIgniter\View\View->render('estimasi_bp/modalbatal_wo', [], true)
 5 APPPATH\Controllers\Estimasi_bp.php(719): view('estimasi_bp/modalbatal_wo', [...])
 6 SYSTEMPATH\CodeIgniter.php(904): App\Controllers\Estimasi_bp->batal_wo()
 7 SYSTEMPATH\CodeIgniter.php(457): CodeIgniter\CodeIgniter->runController(Object(App\Controllers\Estimasi_bp))
 8 SYSTEMPATH\CodeIgniter.php(340): CodeIgniter\CodeIgniter->handleRequest(null, Object(Config\Cache), false)
 9 FCPATH\index.php(67): CodeIgniter\CodeIgniter->run()
10 SYSTEMPATH\Commands\Server\rewrite.php(43): require_once('FCPATH\\index.php')
CRITICAL - 2023-06-14 16:38:43 --> Undefined array key "nowo"
in APPPATH\Views\estimasi_bp\modalbatal_wo.php on line 12.
 1 APPPATH\Views\estimasi_bp\modalbatal_wo.php(12): CodeIgniter\Debug\Exceptions->errorHandler(2, 'Undefined array key "nowo"', 'APPPATH\\Views\\estimasi_bp\\modalbatal_wo.php', 12)
 2 SYSTEMPATH\View\View.php(213): include('APPPATH\\Views\\estimasi_bp\\modalbatal_wo.php')
 3 SYSTEMPATH\View\View.php(216): CodeIgniter\View\View->CodeIgniter\View\{closure}()
 4 SYSTEMPATH\Common.php(1142): CodeIgniter\View\View->render('estimasi_bp/modalbatal_wo', [], true)
 5 APPPATH\Controllers\Estimasi_bp.php(719): view('estimasi_bp/modalbatal_wo', [...])
 6 SYSTEMPATH\CodeIgniter.php(904): App\Controllers\Estimasi_bp->batal_wo()
 7 SYSTEMPATH\CodeIgniter.php(457): CodeIgniter\CodeIgniter->runController(Object(App\Controllers\Estimasi_bp))
 8 SYSTEMPATH\CodeIgniter.php(340): CodeIgniter\CodeIgniter->handleRequest(null, Object(Config\Cache), false)
 9 FCPATH\index.php(67): CodeIgniter\CodeIgniter->run()
10 SYSTEMPATH\Commands\Server\rewrite.php(43): require_once('FCPATH\\index.php')
