ERROR - 2023-04-10 11:50:49 --> mysqli_sql_exception: Table 'hati.mohfaktur' doesn't exist in D:\xampp\htdocs\hati\system\Database\MySQLi\Connection.php:292
Stack trace:
#0 D:\xampp\htdocs\hati\system\Database\MySQLi\Connection.php(292): mysqli->query('SELECT *\nFROM `...', 0)
#1 D:\xampp\htdocs\hati\system\Database\BaseConnection.php(693): CodeIgniter\Database\MySQLi\Connection->execute('SELECT *\nFROM `...')
#2 D:\xampp\htdocs\hati\system\Database\BaseConnection.php(620): CodeIgniter\Database\BaseConnection->simpleQuery('SELECT *\nFROM `...')
#3 D:\xampp\htdocs\hati\system\Database\BaseBuilder.php(1585): CodeIgniter\Database\BaseConnection->query('SELECT *\nFROM `...', Array, false)
#4 D:\xampp\htdocs\hati\system\Model.php(223): CodeIgniter\Database\BaseBuilder->get()
#5 D:\xampp\htdocs\hati\system\BaseModel.php(584): CodeIgniter\Model->doFindAll(0, 0)
#6 D:\xampp\htdocs\hati\app\Controllers\Mohfaktur.php(22): CodeIgniter\BaseModel->findAll()
#7 D:\xampp\htdocs\hati\system\CodeIgniter.php(904): App\Controllers\mohfaktur->index()
#8 D:\xampp\htdocs\hati\system\CodeIgniter.php(457): CodeIgniter\CodeIgniter->runController(Object(App\Controllers\mohfaktur))
#9 D:\xampp\htdocs\hati\system\CodeIgniter.php(340): CodeIgniter\CodeIgniter->handleRequest(NULL, Object(Config\Cache), false)
#10 D:\xampp\htdocs\hati\public\index.php(67): CodeIgniter\CodeIgniter->run()
#11 D:\xampp\htdocs\hati\system\Commands\Server\rewrite.php(43): require_once('D:\\xampp\\htdocs...')
#12 {main}
CRITICAL - 2023-04-10 11:50:49 --> Table 'hati.mohfaktur' doesn't exist
in SYSTEMPATH\Database\MySQLi\Connection.php on line 292.
 1 SYSTEMPATH\Database\MySQLi\Connection.php(292): mysqli->query('SELECT *
FROM `mohfaktur`
ORDER BY `nomemo` DESC', 0)
 2 SYSTEMPATH\Database\BaseConnection.php(693): CodeIgniter\Database\MySQLi\Connection->execute('SELECT *
FROM `mohfaktur`
ORDER BY `nomemo` DESC')
 3 SYSTEMPATH\Database\BaseConnection.php(620): CodeIgniter\Database\BaseConnection->simpleQuery('SELECT *
FROM `mohfaktur`
ORDER BY `nomemo` DESC')
 4 SYSTEMPATH\Database\BaseBuilder.php(1585): CodeIgniter\Database\BaseConnection->query('SELECT *
FROM `mohfaktur`
ORDER BY `nomemo` DESC', [], false)
 5 SYSTEMPATH\Model.php(223): CodeIgniter\Database\BaseBuilder->get()
 6 SYSTEMPATH\BaseModel.php(584): CodeIgniter\Model->doFindAll(0, 0)
 7 APPPATH\Controllers\Mohfaktur.php(22): CodeIgniter\BaseModel->findAll()
 8 SYSTEMPATH\CodeIgniter.php(904): App\Controllers\mohfaktur->index()
 9 SYSTEMPATH\CodeIgniter.php(457): CodeIgniter\CodeIgniter->runController(Object(App\Controllers\mohfaktur))
10 SYSTEMPATH\CodeIgniter.php(340): CodeIgniter\CodeIgniter->handleRequest(null, Object(Config\Cache), false)
11 FCPATH\index.php(67): CodeIgniter\CodeIgniter->run()
12 SYSTEMPATH\Commands\Server\rewrite.php(43): require_once('FCPATH\\index.php')
ERROR - 2023-04-10 13:41:06 --> mysqli_sql_exception: Unknown column 'nomemo' in 'order clause' in D:\xampp\htdocs\hati\system\Database\MySQLi\Connection.php:292
Stack trace:
#0 D:\xampp\htdocs\hati\system\Database\MySQLi\Connection.php(292): mysqli->query('SELECT *\nFROM `...', 0)
#1 D:\xampp\htdocs\hati\system\Database\BaseConnection.php(693): CodeIgniter\Database\MySQLi\Connection->execute('SELECT *\nFROM `...')
#2 D:\xampp\htdocs\hati\system\Database\BaseConnection.php(620): CodeIgniter\Database\BaseConnection->simpleQuery('SELECT *\nFROM `...')
#3 D:\xampp\htdocs\hati\system\Database\BaseBuilder.php(1585): CodeIgniter\Database\BaseConnection->query('SELECT *\nFROM `...', Array, false)
#4 D:\xampp\htdocs\hati\system\Model.php(223): CodeIgniter\Database\BaseBuilder->get()
#5 D:\xampp\htdocs\hati\system\BaseModel.php(584): CodeIgniter\Model->doFindAll(0, 0)
#6 D:\xampp\htdocs\hati\app\Controllers\Mohfaktur.php(22): CodeIgniter\BaseModel->findAll()
#7 D:\xampp\htdocs\hati\system\CodeIgniter.php(904): App\Controllers\mohfaktur->index()
#8 D:\xampp\htdocs\hati\system\CodeIgniter.php(457): CodeIgniter\CodeIgniter->runController(Object(App\Controllers\mohfaktur))
#9 D:\xampp\htdocs\hati\system\CodeIgniter.php(340): CodeIgniter\CodeIgniter->handleRequest(NULL, Object(Config\Cache), false)
#10 D:\xampp\htdocs\hati\public\index.php(67): CodeIgniter\CodeIgniter->run()
#11 D:\xampp\htdocs\hati\system\Commands\Server\rewrite.php(43): require_once('D:\\xampp\\htdocs...')
#12 {main}
CRITICAL - 2023-04-10 13:41:06 --> Unknown column 'nomemo' in 'order clause'
in SYSTEMPATH\Database\MySQLi\Connection.php on line 292.
 1 SYSTEMPATH\Database\MySQLi\Connection.php(292): mysqli->query('SELECT *
FROM `mohfaktur`
ORDER BY `nomemo` DESC', 0)
 2 SYSTEMPATH\Database\BaseConnection.php(693): CodeIgniter\Database\MySQLi\Connection->execute('SELECT *
FROM `mohfaktur`
ORDER BY `nomemo` DESC')
 3 SYSTEMPATH\Database\BaseConnection.php(620): CodeIgniter\Database\BaseConnection->simpleQuery('SELECT *
FROM `mohfaktur`
ORDER BY `nomemo` DESC')
 4 SYSTEMPATH\Database\BaseBuilder.php(1585): CodeIgniter\Database\BaseConnection->query('SELECT *
FROM `mohfaktur`
ORDER BY `nomemo` DESC', [], false)
 5 SYSTEMPATH\Model.php(223): CodeIgniter\Database\BaseBuilder->get()
 6 SYSTEMPATH\BaseModel.php(584): CodeIgniter\Model->doFindAll(0, 0)
 7 APPPATH\Controllers\Mohfaktur.php(22): CodeIgniter\BaseModel->findAll()
 8 SYSTEMPATH\CodeIgniter.php(904): App\Controllers\mohfaktur->index()
 9 SYSTEMPATH\CodeIgniter.php(457): CodeIgniter\CodeIgniter->runController(Object(App\Controllers\mohfaktur))
10 SYSTEMPATH\CodeIgniter.php(340): CodeIgniter\CodeIgniter->handleRequest(null, Object(Config\Cache), false)
11 FCPATH\index.php(67): CodeIgniter\CodeIgniter->run()
12 SYSTEMPATH\Commands\Server\rewrite.php(43): require_once('FCPATH\\index.php')
CRITICAL - 2023-04-10 13:43:36 --> Invalid file: mohfaktur/index.php
in SYSTEMPATH\Exceptions\FrameworkException.php on line 33.
 1 SYSTEMPATH\View\View.php(201): CodeIgniter\Exceptions\FrameworkException::forInvalidFile('mohfaktur/index.php')
 2 SYSTEMPATH\Common.php(1142): CodeIgniter\View\View->render('mohfaktur/index', [], true)
 3 APPPATH\Controllers\Mohfaktur.php(24): view('mohfaktur/index', [...])
 4 SYSTEMPATH\CodeIgniter.php(904): App\Controllers\mohfaktur->index()
 5 SYSTEMPATH\CodeIgniter.php(457): CodeIgniter\CodeIgniter->runController(Object(App\Controllers\mohfaktur))
 6 SYSTEMPATH\CodeIgniter.php(340): CodeIgniter\CodeIgniter->handleRequest(null, Object(Config\Cache), false)
 7 FCPATH\index.php(67): CodeIgniter\CodeIgniter->run()
 8 SYSTEMPATH\Commands\Server\rewrite.php(43): require_once('FCPATH\\index.php')
CRITICAL - 2023-04-10 15:08:01 --> Undefined array key "nomemo"
in APPPATH\Controllers\Mohfaktur.php on line 168.
 1 APPPATH\Controllers\Mohfaktur.php(168): CodeIgniter\Debug\Exceptions->errorHandler(2, 'Undefined array key "nomemo"', 'APPPATH\\Controllers\\Mohfaktur.php', 168)
 2 SYSTEMPATH\CodeIgniter.php(904): App\Controllers\mohfaktur->formedit()
 3 SYSTEMPATH\CodeIgniter.php(457): CodeIgniter\CodeIgniter->runController(Object(App\Controllers\mohfaktur))
 4 SYSTEMPATH\CodeIgniter.php(340): CodeIgniter\CodeIgniter->handleRequest(null, Object(Config\Cache), false)
 5 FCPATH\index.php(67): CodeIgniter\CodeIgniter->run()
 6 SYSTEMPATH\Commands\Server\rewrite.php(43): require_once('FCPATH\\index.php')
CRITICAL - 2023-04-10 15:08:10 --> Undefined array key "nomemo"
in APPPATH\Controllers\Mohfaktur.php on line 168.
 1 APPPATH\Controllers\Mohfaktur.php(168): CodeIgniter\Debug\Exceptions->errorHandler(2, 'Undefined array key "nomemo"', 'APPPATH\\Controllers\\Mohfaktur.php', 168)
 2 SYSTEMPATH\CodeIgniter.php(904): App\Controllers\mohfaktur->formedit()
 3 SYSTEMPATH\CodeIgniter.php(457): CodeIgniter\CodeIgniter->runController(Object(App\Controllers\mohfaktur))
 4 SYSTEMPATH\CodeIgniter.php(340): CodeIgniter\CodeIgniter->handleRequest(null, Object(Config\Cache), false)
 5 FCPATH\index.php(67): CodeIgniter\CodeIgniter->run()
 6 SYSTEMPATH\Commands\Server\rewrite.php(43): require_once('FCPATH\\index.php')
CRITICAL - 2023-04-10 15:08:16 --> Undefined array key "nomemo"
in APPPATH\Controllers\Mohfaktur.php on line 168.
 1 APPPATH\Controllers\Mohfaktur.php(168): CodeIgniter\Debug\Exceptions->errorHandler(2, 'Undefined array key "nomemo"', 'APPPATH\\Controllers\\Mohfaktur.php', 168)
 2 SYSTEMPATH\CodeIgniter.php(904): App\Controllers\mohfaktur->formedit()
 3 SYSTEMPATH\CodeIgniter.php(457): CodeIgniter\CodeIgniter->runController(Object(App\Controllers\mohfaktur))
 4 SYSTEMPATH\CodeIgniter.php(340): CodeIgniter\CodeIgniter->handleRequest(null, Object(Config\Cache), false)
 5 FCPATH\index.php(67): CodeIgniter\CodeIgniter->run()
 6 SYSTEMPATH\Commands\Server\rewrite.php(43): require_once('FCPATH\\index.php')
CRITICAL - 2023-04-10 15:10:20 --> Undefined array key "nomemo"
in APPPATH\Controllers\Mohfaktur.php on line 168.
 1 APPPATH\Controllers\Mohfaktur.php(168): CodeIgniter\Debug\Exceptions->errorHandler(2, 'Undefined array key "nomemo"', 'APPPATH\\Controllers\\Mohfaktur.php', 168)
 2 SYSTEMPATH\CodeIgniter.php(904): App\Controllers\mohfaktur->formedit()
 3 SYSTEMPATH\CodeIgniter.php(457): CodeIgniter\CodeIgniter->runController(Object(App\Controllers\mohfaktur))
 4 SYSTEMPATH\CodeIgniter.php(340): CodeIgniter\CodeIgniter->handleRequest(null, Object(Config\Cache), false)
 5 FCPATH\index.php(67): CodeIgniter\CodeIgniter->run()
 6 SYSTEMPATH\Commands\Server\rewrite.php(43): require_once('FCPATH\\index.php')
CRITICAL - 2023-04-10 15:10:48 --> Undefined variable $memombr
in APPPATH\Views\mohfaktur\modaledit.php on line 34.
 1 APPPATH\Views\mohfaktur\modaledit.php(34): CodeIgniter\Debug\Exceptions->errorHandler(2, 'Undefined variable $memombr', 'APPPATH\\Views\\mohfaktur\\modaledit.php', 34)
 2 SYSTEMPATH\View\View.php(213): include('APPPATH\\Views\\mohfaktur\\modaledit.php')
 3 SYSTEMPATH\View\View.php(216): CodeIgniter\View\View->CodeIgniter\View\{closure}()
 4 SYSTEMPATH\Common.php(1142): CodeIgniter\View\View->render('mohfaktur/modaledit', [], true)
 5 APPPATH\Controllers\Mohfaktur.php(175): view('mohfaktur/modaledit', [...])
 6 SYSTEMPATH\CodeIgniter.php(904): App\Controllers\mohfaktur->formedit()
 7 SYSTEMPATH\CodeIgniter.php(457): CodeIgniter\CodeIgniter->runController(Object(App\Controllers\mohfaktur))
 8 SYSTEMPATH\CodeIgniter.php(340): CodeIgniter\CodeIgniter->handleRequest(null, Object(Config\Cache), false)
 9 FCPATH\index.php(67): CodeIgniter\CodeIgniter->run()
10 SYSTEMPATH\Commands\Server\rewrite.php(43): require_once('FCPATH\\index.php')
CRITICAL - 2023-04-10 15:11:13 --> Undefined variable $memombr
in APPPATH\Views\mohfaktur\modaledit.php on line 34.
 1 APPPATH\Views\mohfaktur\modaledit.php(34): CodeIgniter\Debug\Exceptions->errorHandler(2, 'Undefined variable $memombr', 'APPPATH\\Views\\mohfaktur\\modaledit.php', 34)
 2 SYSTEMPATH\View\View.php(213): include('APPPATH\\Views\\mohfaktur\\modaledit.php')
 3 SYSTEMPATH\View\View.php(216): CodeIgniter\View\View->CodeIgniter\View\{closure}()
 4 SYSTEMPATH\Common.php(1142): CodeIgniter\View\View->render('mohfaktur/modaledit', [], true)
 5 APPPATH\Controllers\Mohfaktur.php(175): view('mohfaktur/modaledit', [...])
 6 SYSTEMPATH\CodeIgniter.php(904): App\Controllers\mohfaktur->formedit()
 7 SYSTEMPATH\CodeIgniter.php(457): CodeIgniter\CodeIgniter->runController(Object(App\Controllers\mohfaktur))
 8 SYSTEMPATH\CodeIgniter.php(340): CodeIgniter\CodeIgniter->handleRequest(null, Object(Config\Cache), false)
 9 FCPATH\index.php(67): CodeIgniter\CodeIgniter->run()
10 SYSTEMPATH\Commands\Server\rewrite.php(43): require_once('FCPATH\\index.php')
CRITICAL - 2023-04-10 15:11:25 --> Undefined variable $memombr
in APPPATH\Views\mohfaktur\modaledit.php on line 34.
 1 APPPATH\Views\mohfaktur\modaledit.php(34): CodeIgniter\Debug\Exceptions->errorHandler(2, 'Undefined variable $memombr', 'APPPATH\\Views\\mohfaktur\\modaledit.php', 34)
 2 SYSTEMPATH\View\View.php(213): include('APPPATH\\Views\\mohfaktur\\modaledit.php')
 3 SYSTEMPATH\View\View.php(216): CodeIgniter\View\View->CodeIgniter\View\{closure}()
 4 SYSTEMPATH\Common.php(1142): CodeIgniter\View\View->render('mohfaktur/modaledit', [], true)
 5 APPPATH\Controllers\Mohfaktur.php(175): view('mohfaktur/modaledit', [...])
 6 SYSTEMPATH\CodeIgniter.php(904): App\Controllers\mohfaktur->formedit()
 7 SYSTEMPATH\CodeIgniter.php(457): CodeIgniter\CodeIgniter->runController(Object(App\Controllers\mohfaktur))
 8 SYSTEMPATH\CodeIgniter.php(340): CodeIgniter\CodeIgniter->handleRequest(null, Object(Config\Cache), false)
 9 FCPATH\index.php(67): CodeIgniter\CodeIgniter->run()
10 SYSTEMPATH\Commands\Server\rewrite.php(43): require_once('FCPATH\\index.php')
CRITICAL - 2023-04-10 15:12:54 --> Undefined variable $memombr
in APPPATH\Views\mohfaktur\modaldetail.php on line 14.
 1 APPPATH\Views\mohfaktur\modaldetail.php(14): CodeIgniter\Debug\Exceptions->errorHandler(2, 'Undefined variable $memombr', 'APPPATH\\Views\\mohfaktur\\modaldetail.php', 14)
 2 SYSTEMPATH\View\View.php(213): include('APPPATH\\Views\\mohfaktur\\modaldetail.php')
 3 SYSTEMPATH\View\View.php(216): CodeIgniter\View\View->CodeIgniter\View\{closure}()
 4 SYSTEMPATH\Common.php(1142): CodeIgniter\View\View->render('mohfaktur/modaldetail', [], true)
 5 APPPATH\Controllers\Mohfaktur.php(65): view('mohfaktur/modaldetail', [...])
 6 SYSTEMPATH\CodeIgniter.php(904): App\Controllers\mohfaktur->formdetail()
 7 SYSTEMPATH\CodeIgniter.php(457): CodeIgniter\CodeIgniter->runController(Object(App\Controllers\mohfaktur))
 8 SYSTEMPATH\CodeIgniter.php(340): CodeIgniter\CodeIgniter->handleRequest(null, Object(Config\Cache), false)
 9 FCPATH\index.php(67): CodeIgniter\CodeIgniter->run()
10 SYSTEMPATH\Commands\Server\rewrite.php(43): require_once('FCPATH\\index.php')
CRITICAL - 2023-04-10 15:14:08 --> Undefined array key "tanggal"
in APPPATH\Views\mohfaktur\modaledit.php on line 34.
 1 APPPATH\Views\mohfaktur\modaledit.php(34): CodeIgniter\Debug\Exceptions->errorHandler(2, 'Undefined array key "tanggal"', 'APPPATH\\Views\\mohfaktur\\modaledit.php', 34)
 2 SYSTEMPATH\View\View.php(213): include('APPPATH\\Views\\mohfaktur\\modaledit.php')
 3 SYSTEMPATH\View\View.php(216): CodeIgniter\View\View->CodeIgniter\View\{closure}()
 4 SYSTEMPATH\Common.php(1142): CodeIgniter\View\View->render('mohfaktur/modaledit', [], true)
 5 APPPATH\Controllers\Mohfaktur.php(177): view('mohfaktur/modaledit', [...])
 6 SYSTEMPATH\CodeIgniter.php(904): App\Controllers\mohfaktur->formedit()
 7 SYSTEMPATH\CodeIgniter.php(457): CodeIgniter\CodeIgniter->runController(Object(App\Controllers\mohfaktur))
 8 SYSTEMPATH\CodeIgniter.php(340): CodeIgniter\CodeIgniter->handleRequest(null, Object(Config\Cache), false)
 9 FCPATH\index.php(67): CodeIgniter\CodeIgniter->run()
10 SYSTEMPATH\Commands\Server\rewrite.php(43): require_once('FCPATH\\index.php')
CRITICAL - 2023-04-10 15:14:20 --> Undefined array key "tanggal"
in APPPATH\Views\mohfaktur\modaledit.php on line 34.
 1 APPPATH\Views\mohfaktur\modaledit.php(34): CodeIgniter\Debug\Exceptions->errorHandler(2, 'Undefined array key "tanggal"', 'APPPATH\\Views\\mohfaktur\\modaledit.php', 34)
 2 SYSTEMPATH\View\View.php(213): include('APPPATH\\Views\\mohfaktur\\modaledit.php')
 3 SYSTEMPATH\View\View.php(216): CodeIgniter\View\View->CodeIgniter\View\{closure}()
 4 SYSTEMPATH\Common.php(1142): CodeIgniter\View\View->render('mohfaktur/modaledit', [], true)
 5 APPPATH\Controllers\Mohfaktur.php(177): view('mohfaktur/modaledit', [...])
 6 SYSTEMPATH\CodeIgniter.php(904): App\Controllers\mohfaktur->formedit()
 7 SYSTEMPATH\CodeIgniter.php(457): CodeIgniter\CodeIgniter->runController(Object(App\Controllers\mohfaktur))
 8 SYSTEMPATH\CodeIgniter.php(340): CodeIgniter\CodeIgniter->handleRequest(null, Object(Config\Cache), false)
 9 FCPATH\index.php(67): CodeIgniter\CodeIgniter->run()
10 SYSTEMPATH\Commands\Server\rewrite.php(43): require_once('FCPATH\\index.php')
CRITICAL - 2023-04-10 15:15:12 --> Undefined variable $memombr
in APPPATH\Views\mohfaktur\modaldetail.php on line 14.
 1 APPPATH\Views\mohfaktur\modaldetail.php(14): CodeIgniter\Debug\Exceptions->errorHandler(2, 'Undefined variable $memombr', 'APPPATH\\Views\\mohfaktur\\modaldetail.php', 14)
 2 SYSTEMPATH\View\View.php(213): include('APPPATH\\Views\\mohfaktur\\modaldetail.php')
 3 SYSTEMPATH\View\View.php(216): CodeIgniter\View\View->CodeIgniter\View\{closure}()
 4 SYSTEMPATH\Common.php(1142): CodeIgniter\View\View->render('mohfaktur/modaldetail', [], true)
 5 APPPATH\Controllers\Mohfaktur.php(67): view('mohfaktur/modaldetail', [...])
 6 SYSTEMPATH\CodeIgniter.php(904): App\Controllers\mohfaktur->formdetail()
 7 SYSTEMPATH\CodeIgniter.php(457): CodeIgniter\CodeIgniter->runController(Object(App\Controllers\mohfaktur))
 8 SYSTEMPATH\CodeIgniter.php(340): CodeIgniter\CodeIgniter->handleRequest(null, Object(Config\Cache), false)
 9 FCPATH\index.php(67): CodeIgniter\CodeIgniter->run()
10 SYSTEMPATH\Commands\Server\rewrite.php(43): require_once('FCPATH\\index.php')
CRITICAL - 2023-04-10 15:18:11 --> Undefined array key "nomemo"
in APPPATH\Controllers\Mohfaktur.php on line 170.
 1 APPPATH\Controllers\Mohfaktur.php(170): CodeIgniter\Debug\Exceptions->errorHandler(2, 'Undefined array key "nomemo"', 'APPPATH\\Controllers\\Mohfaktur.php', 170)
 2 SYSTEMPATH\CodeIgniter.php(904): App\Controllers\mohfaktur->formedit()
 3 SYSTEMPATH\CodeIgniter.php(457): CodeIgniter\CodeIgniter->runController(Object(App\Controllers\mohfaktur))
 4 SYSTEMPATH\CodeIgniter.php(340): CodeIgniter\CodeIgniter->handleRequest(null, Object(Config\Cache), false)
 5 FCPATH\index.php(67): CodeIgniter\CodeIgniter->run()
 6 SYSTEMPATH\Commands\Server\rewrite.php(43): require_once('FCPATH\\index.php')
CRITICAL - 2023-04-10 15:18:52 --> Undefined array key "nomemo"
in APPPATH\Controllers\Mohfaktur.php on line 170.
 1 APPPATH\Controllers\Mohfaktur.php(170): CodeIgniter\Debug\Exceptions->errorHandler(2, 'Undefined array key "nomemo"', 'APPPATH\\Controllers\\Mohfaktur.php', 170)
 2 SYSTEMPATH\CodeIgniter.php(904): App\Controllers\mohfaktur->formedit()
 3 SYSTEMPATH\CodeIgniter.php(457): CodeIgniter\CodeIgniter->runController(Object(App\Controllers\mohfaktur))
 4 SYSTEMPATH\CodeIgniter.php(340): CodeIgniter\CodeIgniter->handleRequest(null, Object(Config\Cache), false)
 5 FCPATH\index.php(67): CodeIgniter\CodeIgniter->run()
 6 SYSTEMPATH\Commands\Server\rewrite.php(43): require_once('FCPATH\\index.php')
CRITICAL - 2023-04-10 15:19:36 --> Undefined variable $memombr
in APPPATH\Views\mohfaktur\modalcarimemo.php on line 24.
 1 APPPATH\Views\mohfaktur\modalcarimemo.php(24): CodeIgniter\Debug\Exceptions->errorHandler(2, 'Undefined variable $memombr', 'APPPATH\\Views\\mohfaktur\\modalcarimemo.php', 24)
 2 SYSTEMPATH\View\View.php(213): include('APPPATH\\Views\\mohfaktur\\modalcarimemo.php')
 3 SYSTEMPATH\View\View.php(216): CodeIgniter\View\View->CodeIgniter\View\{closure}()
 4 SYSTEMPATH\Common.php(1142): CodeIgniter\View\View->render('mohfaktur/modalcarimemo', [], true)
 5 APPPATH\Controllers\Mohfaktur.php(561): view('mohfaktur/modalcarimemo', [...])
 6 SYSTEMPATH\CodeIgniter.php(904): App\Controllers\mohfaktur->cari_data_memo()
 7 SYSTEMPATH\CodeIgniter.php(457): CodeIgniter\CodeIgniter->runController(Object(App\Controllers\mohfaktur))
 8 SYSTEMPATH\CodeIgniter.php(340): CodeIgniter\CodeIgniter->handleRequest(null, Object(Config\Cache), false)
 9 FCPATH\index.php(67): CodeIgniter\CodeIgniter->run()
10 SYSTEMPATH\Commands\Server\rewrite.php(43): require_once('FCPATH\\index.php')
CRITICAL - 2023-04-10 16:45:04 --> Undefined variable $memombr
in APPPATH\Views\mohfaktur\modalcarimemo.php on line 24.
 1 APPPATH\Views\mohfaktur\modalcarimemo.php(24): CodeIgniter\Debug\Exceptions->errorHandler(2, 'Undefined variable $memombr', 'APPPATH\\Views\\mohfaktur\\modalcarimemo.php', 24)
 2 SYSTEMPATH\View\View.php(213): include('APPPATH\\Views\\mohfaktur\\modalcarimemo.php')
 3 SYSTEMPATH\View\View.php(216): CodeIgniter\View\View->CodeIgniter\View\{closure}()
 4 SYSTEMPATH\Common.php(1142): CodeIgniter\View\View->render('mohfaktur/modalcarimemo', [], true)
 5 APPPATH\Controllers\Mohfaktur.php(532): view('mohfaktur/modalcarimemo', [...])
 6 SYSTEMPATH\CodeIgniter.php(904): App\Controllers\mohfaktur->cari_data_memo()
 7 SYSTEMPATH\CodeIgniter.php(457): CodeIgniter\CodeIgniter->runController(Object(App\Controllers\mohfaktur))
 8 SYSTEMPATH\CodeIgniter.php(340): CodeIgniter\CodeIgniter->handleRequest(null, Object(Config\Cache), false)
 9 FCPATH\index.php(67): CodeIgniter\CodeIgniter->run()
10 SYSTEMPATH\Commands\Server\rewrite.php(43): require_once('FCPATH\\index.php')
CRITICAL - 2023-04-10 16:56:50 --> Undefined variable $memombr
in APPPATH\Views\mohfaktur\modalcarimemo.php on line 24.
 1 APPPATH\Views\mohfaktur\modalcarimemo.php(24): CodeIgniter\Debug\Exceptions->errorHandler(2, 'Undefined variable $memombr', 'APPPATH\\Views\\mohfaktur\\modalcarimemo.php', 24)
 2 SYSTEMPATH\View\View.php(213): include('APPPATH\\Views\\mohfaktur\\modalcarimemo.php')
 3 SYSTEMPATH\View\View.php(216): CodeIgniter\View\View->CodeIgniter\View\{closure}()
 4 SYSTEMPATH\Common.php(1142): CodeIgniter\View\View->render('mohfaktur/modalcarimemo', [], true)
 5 APPPATH\Controllers\Mohfaktur.php(532): view('mohfaktur/modalcarimemo', [...])
 6 SYSTEMPATH\CodeIgniter.php(904): App\Controllers\mohfaktur->cari_data_memo()
 7 SYSTEMPATH\CodeIgniter.php(457): CodeIgniter\CodeIgniter->runController(Object(App\Controllers\mohfaktur))
 8 SYSTEMPATH\CodeIgniter.php(340): CodeIgniter\CodeIgniter->handleRequest(null, Object(Config\Cache), false)
 9 FCPATH\index.php(67): CodeIgniter\CodeIgniter->run()
10 SYSTEMPATH\Commands\Server\rewrite.php(43): require_once('FCPATH\\index.php')
