CRITICAL - 2023-03-06 09:44:14 --> Undefined array key "kdsupplier"
in APPPATH\Controllers\Tbjasa.php on line 169.
 1 APPPATH\Controllers\Tbjasa.php(169): CodeIgniter\Debug\Exceptions->errorHandler(2, 'Undefined array key "kdsupplier"', 'APPPATH\\Controllers\\Tbjasa.php', 169)
 2 SYSTEMPATH\CodeIgniter.php(904): App\Controllers\Tbjasa->formedit()
 3 SYSTEMPATH\CodeIgniter.php(457): CodeIgniter\CodeIgniter->runController(Object(App\Controllers\Tbjasa))
 4 SYSTEMPATH\CodeIgniter.php(340): CodeIgniter\CodeIgniter->handleRequest(null, Object(Config\Cache), false)
 5 FCPATH\index.php(67): CodeIgniter\CodeIgniter->run()
 6 SYSTEMPATH\Commands\Server\rewrite.php(43): require_once('FCPATH\\index.php')
CRITICAL - 2023-03-06 11:21:50 --> Undefined constant "row"
in APPPATH\Views\tbjasa\tabel_jasa.php on line 184.
 1 SYSTEMPATH\View\View.php(213): include()
 2 SYSTEMPATH\View\View.php(216): CodeIgniter\View\View->CodeIgniter\View\{closure}()
 3 SYSTEMPATH\Common.php(1142): CodeIgniter\View\View->render('tbjasa/tabel_jasa', [], true)
 4 APPPATH\Controllers\Tbjasa.php(270): view('tbjasa/tabel_jasa', [...])
 5 SYSTEMPATH\CodeIgniter.php(904): App\Controllers\Tbjasa->table_jasa()
 6 SYSTEMPATH\CodeIgniter.php(457): CodeIgniter\CodeIgniter->runController(Object(App\Controllers\Tbjasa))
 7 SYSTEMPATH\CodeIgniter.php(340): CodeIgniter\CodeIgniter->handleRequest(null, Object(Config\Cache), false)
 8 FCPATH\index.php(67): CodeIgniter\CodeIgniter->run()
 9 SYSTEMPATH\Commands\Server\rewrite.php(43): require_once('FCPATH\\index.php')
CRITICAL - 2023-03-06 11:22:27 --> Cannot use object of type stdClass as array
in APPPATH\Views\tbjasa\tabel_jasa.php on line 184.
 1 SYSTEMPATH\View\View.php(213): include()
 2 SYSTEMPATH\View\View.php(216): CodeIgniter\View\View->CodeIgniter\View\{closure}()
 3 SYSTEMPATH\Common.php(1142): CodeIgniter\View\View->render('tbjasa/tabel_jasa', [], true)
 4 APPPATH\Controllers\Tbjasa.php(270): view('tbjasa/tabel_jasa', [...])
 5 SYSTEMPATH\CodeIgniter.php(904): App\Controllers\Tbjasa->table_jasa()
 6 SYSTEMPATH\CodeIgniter.php(457): CodeIgniter\CodeIgniter->runController(Object(App\Controllers\Tbjasa))
 7 SYSTEMPATH\CodeIgniter.php(340): CodeIgniter\CodeIgniter->handleRequest(null, Object(Config\Cache), false)
 8 FCPATH\index.php(67): CodeIgniter\CodeIgniter->run()
 9 SYSTEMPATH\Commands\Server\rewrite.php(43): require_once('FCPATH\\index.php')
CRITICAL - 2023-03-06 11:22:29 --> Cannot use object of type stdClass as array
in APPPATH\Views\tbjasa\tabel_jasa.php on line 184.
 1 SYSTEMPATH\View\View.php(213): include()
 2 SYSTEMPATH\View\View.php(216): CodeIgniter\View\View->CodeIgniter\View\{closure}()
 3 SYSTEMPATH\Common.php(1142): CodeIgniter\View\View->render('tbjasa/tabel_jasa', [], true)
 4 APPPATH\Controllers\Tbjasa.php(270): view('tbjasa/tabel_jasa', [...])
 5 SYSTEMPATH\CodeIgniter.php(904): App\Controllers\Tbjasa->table_jasa()
 6 SYSTEMPATH\CodeIgniter.php(457): CodeIgniter\CodeIgniter->runController(Object(App\Controllers\Tbjasa))
 7 SYSTEMPATH\CodeIgniter.php(340): CodeIgniter\CodeIgniter->handleRequest(null, Object(Config\Cache), false)
 8 FCPATH\index.php(67): CodeIgniter\CodeIgniter->run()
 9 SYSTEMPATH\Commands\Server\rewrite.php(43): require_once('FCPATH\\index.php')
CRITICAL - 2023-03-06 11:22:30 --> Cannot use object of type stdClass as array
in APPPATH\Views\tbjasa\tabel_jasa.php on line 184.
 1 SYSTEMPATH\View\View.php(213): include()
 2 SYSTEMPATH\View\View.php(216): CodeIgniter\View\View->CodeIgniter\View\{closure}()
 3 SYSTEMPATH\Common.php(1142): CodeIgniter\View\View->render('tbjasa/tabel_jasa', [], true)
 4 APPPATH\Controllers\Tbjasa.php(270): view('tbjasa/tabel_jasa', [...])
 5 SYSTEMPATH\CodeIgniter.php(904): App\Controllers\Tbjasa->table_jasa()
 6 SYSTEMPATH\CodeIgniter.php(457): CodeIgniter\CodeIgniter->runController(Object(App\Controllers\Tbjasa))
 7 SYSTEMPATH\CodeIgniter.php(340): CodeIgniter\CodeIgniter->handleRequest(null, Object(Config\Cache), false)
 8 FCPATH\index.php(67): CodeIgniter\CodeIgniter->run()
 9 SYSTEMPATH\Commands\Server\rewrite.php(43): require_once('FCPATH\\index.php')
CRITICAL - 2023-03-06 11:23:02 --> Undefined variable $data
in APPPATH\Views\tbjasa\tabel_jasa.php on line 184.
 1 APPPATH\Views\tbjasa\tabel_jasa.php(184): CodeIgniter\Debug\Exceptions->errorHandler(2, 'Undefined variable $data', 'APPPATH\\Views\\tbjasa\\tabel_jasa.php', 184)
 2 SYSTEMPATH\View\View.php(213): include('APPPATH\\Views\\tbjasa\\tabel_jasa.php')
 3 SYSTEMPATH\View\View.php(216): CodeIgniter\View\View->CodeIgniter\View\{closure}()
 4 SYSTEMPATH\Common.php(1142): CodeIgniter\View\View->render('tbjasa/tabel_jasa', [], true)
 5 APPPATH\Controllers\Tbjasa.php(270): view('tbjasa/tabel_jasa', [...])
 6 SYSTEMPATH\CodeIgniter.php(904): App\Controllers\Tbjasa->table_jasa()
 7 SYSTEMPATH\CodeIgniter.php(457): CodeIgniter\CodeIgniter->runController(Object(App\Controllers\Tbjasa))
 8 SYSTEMPATH\CodeIgniter.php(340): CodeIgniter\CodeIgniter->handleRequest(null, Object(Config\Cache), false)
 9 FCPATH\index.php(67): CodeIgniter\CodeIgniter->run()
10 SYSTEMPATH\Commands\Server\rewrite.php(43): require_once('FCPATH\\index.php')
CRITICAL - 2023-03-06 11:23:11 --> Undefined variable $data
in APPPATH\Views\tbjasa\tabel_jasa.php on line 184.
 1 APPPATH\Views\tbjasa\tabel_jasa.php(184): CodeIgniter\Debug\Exceptions->errorHandler(2, 'Undefined variable $data', 'APPPATH\\Views\\tbjasa\\tabel_jasa.php', 184)
 2 SYSTEMPATH\View\View.php(213): include('APPPATH\\Views\\tbjasa\\tabel_jasa.php')
 3 SYSTEMPATH\View\View.php(216): CodeIgniter\View\View->CodeIgniter\View\{closure}()
 4 SYSTEMPATH\Common.php(1142): CodeIgniter\View\View->render('tbjasa/tabel_jasa', [], true)
 5 APPPATH\Controllers\Tbjasa.php(270): view('tbjasa/tabel_jasa', [...])
 6 SYSTEMPATH\CodeIgniter.php(904): App\Controllers\Tbjasa->table_jasa()
 7 SYSTEMPATH\CodeIgniter.php(457): CodeIgniter\CodeIgniter->runController(Object(App\Controllers\Tbjasa))
 8 SYSTEMPATH\CodeIgniter.php(340): CodeIgniter\CodeIgniter->handleRequest(null, Object(Config\Cache), false)
 9 FCPATH\index.php(67): CodeIgniter\CodeIgniter->run()
10 SYSTEMPATH\Commands\Server\rewrite.php(43): require_once('FCPATH\\index.php')
CRITICAL - 2023-03-06 11:23:52 --> Undefined variable $aktif
in APPPATH\Views\tbjasa\tabel_jasa.php on line 184.
 1 APPPATH\Views\tbjasa\tabel_jasa.php(184): CodeIgniter\Debug\Exceptions->errorHandler(2, 'Undefined variable $aktif', 'APPPATH\\Views\\tbjasa\\tabel_jasa.php', 184)
 2 SYSTEMPATH\View\View.php(213): include('APPPATH\\Views\\tbjasa\\tabel_jasa.php')
 3 SYSTEMPATH\View\View.php(216): CodeIgniter\View\View->CodeIgniter\View\{closure}()
 4 SYSTEMPATH\Common.php(1142): CodeIgniter\View\View->render('tbjasa/tabel_jasa', [], true)
 5 APPPATH\Controllers\Tbjasa.php(270): view('tbjasa/tabel_jasa', [...])
 6 SYSTEMPATH\CodeIgniter.php(904): App\Controllers\Tbjasa->table_jasa()
 7 SYSTEMPATH\CodeIgniter.php(457): CodeIgniter\CodeIgniter->runController(Object(App\Controllers\Tbjasa))
 8 SYSTEMPATH\CodeIgniter.php(340): CodeIgniter\CodeIgniter->handleRequest(null, Object(Config\Cache), false)
 9 FCPATH\index.php(67): CodeIgniter\CodeIgniter->run()
10 SYSTEMPATH\Commands\Server\rewrite.php(43): require_once('FCPATH\\index.php')
CRITICAL - 2023-03-06 11:30:21 --> Undefined variable $aktif
in APPPATH\Views\tbjasa\tabel_jasa.php on line 184.
 1 APPPATH\Views\tbjasa\tabel_jasa.php(184): CodeIgniter\Debug\Exceptions->errorHandler(2, 'Undefined variable $aktif', 'APPPATH\\Views\\tbjasa\\tabel_jasa.php', 184)
 2 SYSTEMPATH\View\View.php(213): include('APPPATH\\Views\\tbjasa\\tabel_jasa.php')
 3 SYSTEMPATH\View\View.php(216): CodeIgniter\View\View->CodeIgniter\View\{closure}()
 4 SYSTEMPATH\Common.php(1142): CodeIgniter\View\View->render('tbjasa/tabel_jasa', [], true)
 5 APPPATH\Controllers\Tbjasa.php(270): view('tbjasa/tabel_jasa', [...])
 6 SYSTEMPATH\CodeIgniter.php(904): App\Controllers\Tbjasa->table_jasa()
 7 SYSTEMPATH\CodeIgniter.php(457): CodeIgniter\CodeIgniter->runController(Object(App\Controllers\Tbjasa))
 8 SYSTEMPATH\CodeIgniter.php(340): CodeIgniter\CodeIgniter->handleRequest(null, Object(Config\Cache), false)
 9 FCPATH\index.php(67): CodeIgniter\CodeIgniter->run()
10 SYSTEMPATH\Commands\Server\rewrite.php(43): require_once('FCPATH\\index.php')
CRITICAL - 2023-03-06 11:36:02 --> Undefined variable $a
in APPPATH\Views\tbjasa\tabel_jasa.php on line 184.
 1 APPPATH\Views\tbjasa\tabel_jasa.php(184): CodeIgniter\Debug\Exceptions->errorHandler(2, 'Undefined variable $a', 'APPPATH\\Views\\tbjasa\\tabel_jasa.php', 184)
 2 SYSTEMPATH\View\View.php(213): include('APPPATH\\Views\\tbjasa\\tabel_jasa.php')
 3 SYSTEMPATH\View\View.php(216): CodeIgniter\View\View->CodeIgniter\View\{closure}()
 4 SYSTEMPATH\Common.php(1142): CodeIgniter\View\View->render('tbjasa/tabel_jasa', [], true)
 5 APPPATH\Controllers\Tbjasa.php(270): view('tbjasa/tabel_jasa', [...])
 6 SYSTEMPATH\CodeIgniter.php(904): App\Controllers\Tbjasa->table_jasa()
 7 SYSTEMPATH\CodeIgniter.php(457): CodeIgniter\CodeIgniter->runController(Object(App\Controllers\Tbjasa))
 8 SYSTEMPATH\CodeIgniter.php(340): CodeIgniter\CodeIgniter->handleRequest(null, Object(Config\Cache), false)
 9 FCPATH\index.php(67): CodeIgniter\CodeIgniter->run()
10 SYSTEMPATH\Commands\Server\rewrite.php(43): require_once('FCPATH\\index.php')
CRITICAL - 2023-03-06 11:36:50 --> Undefined variable $sa
in APPPATH\Views\tbjasa\tabel_jasa.php on line 184.
 1 APPPATH\Views\tbjasa\tabel_jasa.php(184): CodeIgniter\Debug\Exceptions->errorHandler(2, 'Undefined variable $sa', 'APPPATH\\Views\\tbjasa\\tabel_jasa.php', 184)
 2 SYSTEMPATH\View\View.php(213): include('APPPATH\\Views\\tbjasa\\tabel_jasa.php')
 3 SYSTEMPATH\View\View.php(216): CodeIgniter\View\View->CodeIgniter\View\{closure}()
 4 SYSTEMPATH\Common.php(1142): CodeIgniter\View\View->render('tbjasa/tabel_jasa', [], true)
 5 APPPATH\Controllers\Tbjasa.php(270): view('tbjasa/tabel_jasa', [...])
 6 SYSTEMPATH\CodeIgniter.php(904): App\Controllers\Tbjasa->table_jasa()
 7 SYSTEMPATH\CodeIgniter.php(457): CodeIgniter\CodeIgniter->runController(Object(App\Controllers\Tbjasa))
 8 SYSTEMPATH\CodeIgniter.php(340): CodeIgniter\CodeIgniter->handleRequest(null, Object(Config\Cache), false)
 9 FCPATH\index.php(67): CodeIgniter\CodeIgniter->run()
10 SYSTEMPATH\Commands\Server\rewrite.php(43): require_once('FCPATH\\index.php')
CRITICAL - 2023-03-06 11:42:13 --> Undefined constant "row"
in APPPATH\Views\tbjasa\tabel_jasa.php on line 184.
 1 SYSTEMPATH\View\View.php(213): include()
 2 SYSTEMPATH\View\View.php(216): CodeIgniter\View\View->CodeIgniter\View\{closure}()
 3 SYSTEMPATH\Common.php(1142): CodeIgniter\View\View->render('tbjasa/tabel_jasa', [], true)
 4 APPPATH\Controllers\Tbjasa.php(270): view('tbjasa/tabel_jasa', [...])
 5 SYSTEMPATH\CodeIgniter.php(904): App\Controllers\Tbjasa->table_jasa()
 6 SYSTEMPATH\CodeIgniter.php(457): CodeIgniter\CodeIgniter->runController(Object(App\Controllers\Tbjasa))
 7 SYSTEMPATH\CodeIgniter.php(340): CodeIgniter\CodeIgniter->handleRequest(null, Object(Config\Cache), false)
 8 FCPATH\index.php(67): CodeIgniter\CodeIgniter->run()
 9 SYSTEMPATH\Commands\Server\rewrite.php(43): require_once('FCPATH\\index.php')
CRITICAL - 2023-03-06 11:42:58 --> Undefined constant "row"
in APPPATH\Views\tbjasa\tabel_jasa.php on line 184.
 1 SYSTEMPATH\View\View.php(213): include()
 2 SYSTEMPATH\View\View.php(216): CodeIgniter\View\View->CodeIgniter\View\{closure}()
 3 SYSTEMPATH\Common.php(1142): CodeIgniter\View\View->render('tbjasa/tabel_jasa', [], true)
 4 APPPATH\Controllers\Tbjasa.php(270): view('tbjasa/tabel_jasa', [...])
 5 SYSTEMPATH\CodeIgniter.php(904): App\Controllers\Tbjasa->table_jasa()
 6 SYSTEMPATH\CodeIgniter.php(457): CodeIgniter\CodeIgniter->runController(Object(App\Controllers\Tbjasa))
 7 SYSTEMPATH\CodeIgniter.php(340): CodeIgniter\CodeIgniter->handleRequest(null, Object(Config\Cache), false)
 8 FCPATH\index.php(67): CodeIgniter\CodeIgniter->run()
 9 SYSTEMPATH\Commands\Server\rewrite.php(43): require_once('FCPATH\\index.php')
CRITICAL - 2023-03-06 11:43:06 --> Undefined constant "row"
in APPPATH\Views\tbjasa\tabel_jasa.php on line 184.
 1 SYSTEMPATH\View\View.php(213): include()
 2 SYSTEMPATH\View\View.php(216): CodeIgniter\View\View->CodeIgniter\View\{closure}()
 3 SYSTEMPATH\Common.php(1142): CodeIgniter\View\View->render('tbjasa/tabel_jasa', [], true)
 4 APPPATH\Controllers\Tbjasa.php(270): view('tbjasa/tabel_jasa', [...])
 5 SYSTEMPATH\CodeIgniter.php(904): App\Controllers\Tbjasa->table_jasa()
 6 SYSTEMPATH\CodeIgniter.php(457): CodeIgniter\CodeIgniter->runController(Object(App\Controllers\Tbjasa))
 7 SYSTEMPATH\CodeIgniter.php(340): CodeIgniter\CodeIgniter->handleRequest(null, Object(Config\Cache), false)
 8 FCPATH\index.php(67): CodeIgniter\CodeIgniter->run()
 9 SYSTEMPATH\Commands\Server\rewrite.php(43): require_once('FCPATH\\index.php')
CRITICAL - 2023-03-06 11:54:02 --> Undefined array key "kdsupplier"
in APPPATH\Controllers\Tbjasa.php on line 74.
 1 APPPATH\Controllers\Tbjasa.php(74): CodeIgniter\Debug\Exceptions->errorHandler(2, 'Undefined array key "kdsupplier"', 'APPPATH\\Controllers\\Tbjasa.php', 74)
 2 SYSTEMPATH\CodeIgniter.php(904): App\Controllers\Tbjasa->formdetail()
 3 SYSTEMPATH\CodeIgniter.php(457): CodeIgniter\CodeIgniter->runController(Object(App\Controllers\Tbjasa))
 4 SYSTEMPATH\CodeIgniter.php(340): CodeIgniter\CodeIgniter->handleRequest(null, Object(Config\Cache), false)
 5 FCPATH\index.php(67): CodeIgniter\CodeIgniter->run()
 6 SYSTEMPATH\Commands\Server\rewrite.php(43): require_once('FCPATH\\index.php')
ERROR - 2023-03-06 13:16:41 --> mysqli_sql_exception: Unknown column 'harga_beli' in 'order clause' in D:\xampp\htdocs\bp\system\Database\MySQLi\Connection.php:292
Stack trace:
#0 D:\xampp\htdocs\bp\system\Database\MySQLi\Connection.php(292): mysqli->query('SELECT *\nFROM `...', 0)
#1 D:\xampp\htdocs\bp\system\Database\BaseConnection.php(693): CodeIgniter\Database\MySQLi\Connection->execute('SELECT *\nFROM `...')
#2 D:\xampp\htdocs\bp\system\Database\BaseConnection.php(620): CodeIgniter\Database\BaseConnection->simpleQuery('SELECT *\nFROM `...')
#3 D:\xampp\htdocs\bp\system\Database\BaseBuilder.php(1585): CodeIgniter\Database\BaseConnection->query('SELECT *\nFROM `...', Array, false)
#4 D:\xampp\htdocs\bp\system\Model.php(772): CodeIgniter\Database\BaseBuilder->get()
#5 D:\xampp\htdocs\bp\app\Models\TbjasaModel.php(51): CodeIgniter\Model->__call('get', Array)
#6 D:\xampp\htdocs\bp\app\Controllers\Tbjasa.php(58): App\Models\TbjasaModel->tampilData(Object(CodeIgniter\HTTP\IncomingRequest), '', '0', '5')
#7 D:\xampp\htdocs\bp\system\CodeIgniter.php(904): App\Controllers\Tbjasa->ajaxLoadData()
#8 D:\xampp\htdocs\bp\system\CodeIgniter.php(457): CodeIgniter\CodeIgniter->runController(Object(App\Controllers\Tbjasa))
#9 D:\xampp\htdocs\bp\system\CodeIgniter.php(340): CodeIgniter\CodeIgniter->handleRequest(NULL, Object(Config\Cache), false)
#10 D:\xampp\htdocs\bp\public\index.php(67): CodeIgniter\CodeIgniter->run()
#11 D:\xampp\htdocs\bp\system\Commands\Server\rewrite.php(43): require_once('D:\\xampp\\htdocs...')
#12 {main}
CRITICAL - 2023-03-06 13:16:41 --> Unknown column 'harga_beli' in 'order clause'
in SYSTEMPATH\Database\MySQLi\Connection.php on line 292.
 1 SYSTEMPATH\Database\MySQLi\Connection.php(292): mysqli->query('SELECT *
FROM `tbjasa`
ORDER BY `harga_beli` ASC
 LIMIT 5', 0)
 2 SYSTEMPATH\Database\BaseConnection.php(693): CodeIgniter\Database\MySQLi\Connection->execute('SELECT *
FROM `tbjasa`
ORDER BY `harga_beli` ASC
 LIMIT 5')
 3 SYSTEMPATH\Database\BaseConnection.php(620): CodeIgniter\Database\BaseConnection->simpleQuery('SELECT *
FROM `tbjasa`
ORDER BY `harga_beli` ASC
 LIMIT 5')
 4 SYSTEMPATH\Database\BaseBuilder.php(1585): CodeIgniter\Database\BaseConnection->query('SELECT *
FROM `tbjasa`
ORDER BY `harga_beli` ASC
 LIMIT 5', [], false)
 5 SYSTEMPATH\Model.php(772): CodeIgniter\Database\BaseBuilder->get()
 6 APPPATH\Models\TbjasaModel.php(51): CodeIgniter\Model->__call('get', [])
 7 APPPATH\Controllers\Tbjasa.php(58): App\Models\TbjasaModel->tampilData(Object(CodeIgniter\HTTP\IncomingRequest), 'ROOTPATH\\public', '0', '5')
 8 SYSTEMPATH\CodeIgniter.php(904): App\Controllers\Tbjasa->ajaxLoadData()
 9 SYSTEMPATH\CodeIgniter.php(457): CodeIgniter\CodeIgniter->runController(Object(App\Controllers\Tbjasa))
10 SYSTEMPATH\CodeIgniter.php(340): CodeIgniter\CodeIgniter->handleRequest(null, Object(Config\Cache), false)
11 FCPATH\index.php(67): CodeIgniter\CodeIgniter->run()
12 SYSTEMPATH\Commands\Server\rewrite.php(43): require_once('FCPATH\\index.php')
ERROR - 2023-03-06 13:16:44 --> mysqli_sql_exception: Unknown column 'harga_beli' in 'order clause' in D:\xampp\htdocs\bp\system\Database\MySQLi\Connection.php:292
Stack trace:
#0 D:\xampp\htdocs\bp\system\Database\MySQLi\Connection.php(292): mysqli->query('SELECT *\nFROM `...', 0)
#1 D:\xampp\htdocs\bp\system\Database\BaseConnection.php(693): CodeIgniter\Database\MySQLi\Connection->execute('SELECT *\nFROM `...')
#2 D:\xampp\htdocs\bp\system\Database\BaseConnection.php(620): CodeIgniter\Database\BaseConnection->simpleQuery('SELECT *\nFROM `...')
#3 D:\xampp\htdocs\bp\system\Database\BaseBuilder.php(1585): CodeIgniter\Database\BaseConnection->query('SELECT *\nFROM `...', Array, false)
#4 D:\xampp\htdocs\bp\system\Model.php(772): CodeIgniter\Database\BaseBuilder->get()
#5 D:\xampp\htdocs\bp\app\Models\TbjasaModel.php(51): CodeIgniter\Model->__call('get', Array)
#6 D:\xampp\htdocs\bp\app\Controllers\Tbjasa.php(58): App\Models\TbjasaModel->tampilData(Object(CodeIgniter\HTTP\IncomingRequest), '', '0', '5')
#7 D:\xampp\htdocs\bp\system\CodeIgniter.php(904): App\Controllers\Tbjasa->ajaxLoadData()
#8 D:\xampp\htdocs\bp\system\CodeIgniter.php(457): CodeIgniter\CodeIgniter->runController(Object(App\Controllers\Tbjasa))
#9 D:\xampp\htdocs\bp\system\CodeIgniter.php(340): CodeIgniter\CodeIgniter->handleRequest(NULL, Object(Config\Cache), false)
#10 D:\xampp\htdocs\bp\public\index.php(67): CodeIgniter\CodeIgniter->run()
#11 D:\xampp\htdocs\bp\system\Commands\Server\rewrite.php(43): require_once('D:\\xampp\\htdocs...')
#12 {main}
CRITICAL - 2023-03-06 13:16:44 --> Unknown column 'harga_beli' in 'order clause'
in SYSTEMPATH\Database\MySQLi\Connection.php on line 292.
 1 SYSTEMPATH\Database\MySQLi\Connection.php(292): mysqli->query('SELECT *
FROM `tbjasa`
ORDER BY `harga_beli` DESC
 LIMIT 5', 0)
 2 SYSTEMPATH\Database\BaseConnection.php(693): CodeIgniter\Database\MySQLi\Connection->execute('SELECT *
FROM `tbjasa`
ORDER BY `harga_beli` DESC
 LIMIT 5')
 3 SYSTEMPATH\Database\BaseConnection.php(620): CodeIgniter\Database\BaseConnection->simpleQuery('SELECT *
FROM `tbjasa`
ORDER BY `harga_beli` DESC
 LIMIT 5')
 4 SYSTEMPATH\Database\BaseBuilder.php(1585): CodeIgniter\Database\BaseConnection->query('SELECT *
FROM `tbjasa`
ORDER BY `harga_beli` DESC
 LIMIT 5', [], false)
 5 SYSTEMPATH\Model.php(772): CodeIgniter\Database\BaseBuilder->get()
 6 APPPATH\Models\TbjasaModel.php(51): CodeIgniter\Model->__call('get', [])
 7 APPPATH\Controllers\Tbjasa.php(58): App\Models\TbjasaModel->tampilData(Object(CodeIgniter\HTTP\IncomingRequest), 'ROOTPATH\\public', '0', '5')
 8 SYSTEMPATH\CodeIgniter.php(904): App\Controllers\Tbjasa->ajaxLoadData()
 9 SYSTEMPATH\CodeIgniter.php(457): CodeIgniter\CodeIgniter->runController(Object(App\Controllers\Tbjasa))
10 SYSTEMPATH\CodeIgniter.php(340): CodeIgniter\CodeIgniter->handleRequest(null, Object(Config\Cache), false)
11 FCPATH\index.php(67): CodeIgniter\CodeIgniter->run()
12 SYSTEMPATH\Commands\Server\rewrite.php(43): require_once('FCPATH\\index.php')
ERROR - 2023-03-06 13:16:47 --> mysqli_sql_exception: Unknown column 'harga_beli' in 'order clause' in D:\xampp\htdocs\bp\system\Database\MySQLi\Connection.php:292
Stack trace:
#0 D:\xampp\htdocs\bp\system\Database\MySQLi\Connection.php(292): mysqli->query('SELECT *\nFROM `...', 0)
#1 D:\xampp\htdocs\bp\system\Database\BaseConnection.php(693): CodeIgniter\Database\MySQLi\Connection->execute('SELECT *\nFROM `...')
#2 D:\xampp\htdocs\bp\system\Database\BaseConnection.php(620): CodeIgniter\Database\BaseConnection->simpleQuery('SELECT *\nFROM `...')
#3 D:\xampp\htdocs\bp\system\Database\BaseBuilder.php(1585): CodeIgniter\Database\BaseConnection->query('SELECT *\nFROM `...', Array, false)
#4 D:\xampp\htdocs\bp\system\Model.php(772): CodeIgniter\Database\BaseBuilder->get()
#5 D:\xampp\htdocs\bp\app\Models\TbjasaModel.php(51): CodeIgniter\Model->__call('get', Array)
#6 D:\xampp\htdocs\bp\app\Controllers\Tbjasa.php(58): App\Models\TbjasaModel->tampilData(Object(CodeIgniter\HTTP\IncomingRequest), '', '0', '5')
#7 D:\xampp\htdocs\bp\system\CodeIgniter.php(904): App\Controllers\Tbjasa->ajaxLoadData()
#8 D:\xampp\htdocs\bp\system\CodeIgniter.php(457): CodeIgniter\CodeIgniter->runController(Object(App\Controllers\Tbjasa))
#9 D:\xampp\htdocs\bp\system\CodeIgniter.php(340): CodeIgniter\CodeIgniter->handleRequest(NULL, Object(Config\Cache), false)
#10 D:\xampp\htdocs\bp\public\index.php(67): CodeIgniter\CodeIgniter->run()
#11 D:\xampp\htdocs\bp\system\Commands\Server\rewrite.php(43): require_once('D:\\xampp\\htdocs...')
#12 {main}
CRITICAL - 2023-03-06 13:16:47 --> Unknown column 'harga_beli' in 'order clause'
in SYSTEMPATH\Database\MySQLi\Connection.php on line 292.
 1 SYSTEMPATH\Database\MySQLi\Connection.php(292): mysqli->query('SELECT *
FROM `tbjasa`
ORDER BY `harga_beli` ASC
 LIMIT 5', 0)
 2 SYSTEMPATH\Database\BaseConnection.php(693): CodeIgniter\Database\MySQLi\Connection->execute('SELECT *
FROM `tbjasa`
ORDER BY `harga_beli` ASC
 LIMIT 5')
 3 SYSTEMPATH\Database\BaseConnection.php(620): CodeIgniter\Database\BaseConnection->simpleQuery('SELECT *
FROM `tbjasa`
ORDER BY `harga_beli` ASC
 LIMIT 5')
 4 SYSTEMPATH\Database\BaseBuilder.php(1585): CodeIgniter\Database\BaseConnection->query('SELECT *
FROM `tbjasa`
ORDER BY `harga_beli` ASC
 LIMIT 5', [], false)
 5 SYSTEMPATH\Model.php(772): CodeIgniter\Database\BaseBuilder->get()
 6 APPPATH\Models\TbjasaModel.php(51): CodeIgniter\Model->__call('get', [])
 7 APPPATH\Controllers\Tbjasa.php(58): App\Models\TbjasaModel->tampilData(Object(CodeIgniter\HTTP\IncomingRequest), 'ROOTPATH\\public', '0', '5')
 8 SYSTEMPATH\CodeIgniter.php(904): App\Controllers\Tbjasa->ajaxLoadData()
 9 SYSTEMPATH\CodeIgniter.php(457): CodeIgniter\CodeIgniter->runController(Object(App\Controllers\Tbjasa))
10 SYSTEMPATH\CodeIgniter.php(340): CodeIgniter\CodeIgniter->handleRequest(null, Object(Config\Cache), false)
11 FCPATH\index.php(67): CodeIgniter\CodeIgniter->run()
12 SYSTEMPATH\Commands\Server\rewrite.php(43): require_once('FCPATH\\index.php')
ERROR - 2023-03-06 13:17:48 --> mysqli_sql_exception: Unknown column 'harga_beli' in 'order clause' in D:\xampp\htdocs\bp\system\Database\MySQLi\Connection.php:292
Stack trace:
#0 D:\xampp\htdocs\bp\system\Database\MySQLi\Connection.php(292): mysqli->query('SELECT *\nFROM `...', 0)
#1 D:\xampp\htdocs\bp\system\Database\BaseConnection.php(693): CodeIgniter\Database\MySQLi\Connection->execute('SELECT *\nFROM `...')
#2 D:\xampp\htdocs\bp\system\Database\BaseConnection.php(620): CodeIgniter\Database\BaseConnection->simpleQuery('SELECT *\nFROM `...')
#3 D:\xampp\htdocs\bp\system\Database\BaseBuilder.php(1585): CodeIgniter\Database\BaseConnection->query('SELECT *\nFROM `...', Array, false)
#4 D:\xampp\htdocs\bp\system\Model.php(772): CodeIgniter\Database\BaseBuilder->get()
#5 D:\xampp\htdocs\bp\app\Models\TbjasaModel.php(51): CodeIgniter\Model->__call('get', Array)
#6 D:\xampp\htdocs\bp\app\Controllers\Tbjasa.php(58): App\Models\TbjasaModel->tampilData(Object(CodeIgniter\HTTP\IncomingRequest), '', '0', '5')
#7 D:\xampp\htdocs\bp\system\CodeIgniter.php(904): App\Controllers\Tbjasa->ajaxLoadData()
#8 D:\xampp\htdocs\bp\system\CodeIgniter.php(457): CodeIgniter\CodeIgniter->runController(Object(App\Controllers\Tbjasa))
#9 D:\xampp\htdocs\bp\system\CodeIgniter.php(340): CodeIgniter\CodeIgniter->handleRequest(NULL, Object(Config\Cache), false)
#10 D:\xampp\htdocs\bp\public\index.php(67): CodeIgniter\CodeIgniter->run()
#11 D:\xampp\htdocs\bp\system\Commands\Server\rewrite.php(43): require_once('D:\\xampp\\htdocs...')
#12 {main}
CRITICAL - 2023-03-06 13:17:48 --> Unknown column 'harga_beli' in 'order clause'
in SYSTEMPATH\Database\MySQLi\Connection.php on line 292.
 1 SYSTEMPATH\Database\MySQLi\Connection.php(292): mysqli->query('SELECT *
FROM `tbjasa`
ORDER BY `harga_beli` ASC
 LIMIT 5', 0)
 2 SYSTEMPATH\Database\BaseConnection.php(693): CodeIgniter\Database\MySQLi\Connection->execute('SELECT *
FROM `tbjasa`
ORDER BY `harga_beli` ASC
 LIMIT 5')
 3 SYSTEMPATH\Database\BaseConnection.php(620): CodeIgniter\Database\BaseConnection->simpleQuery('SELECT *
FROM `tbjasa`
ORDER BY `harga_beli` ASC
 LIMIT 5')
 4 SYSTEMPATH\Database\BaseBuilder.php(1585): CodeIgniter\Database\BaseConnection->query('SELECT *
FROM `tbjasa`
ORDER BY `harga_beli` ASC
 LIMIT 5', [], false)
 5 SYSTEMPATH\Model.php(772): CodeIgniter\Database\BaseBuilder->get()
 6 APPPATH\Models\TbjasaModel.php(51): CodeIgniter\Model->__call('get', [])
 7 APPPATH\Controllers\Tbjasa.php(58): App\Models\TbjasaModel->tampilData(Object(CodeIgniter\HTTP\IncomingRequest), 'ROOTPATH\\public', '0', '5')
 8 SYSTEMPATH\CodeIgniter.php(904): App\Controllers\Tbjasa->ajaxLoadData()
 9 SYSTEMPATH\CodeIgniter.php(457): CodeIgniter\CodeIgniter->runController(Object(App\Controllers\Tbjasa))
10 SYSTEMPATH\CodeIgniter.php(340): CodeIgniter\CodeIgniter->handleRequest(null, Object(Config\Cache), false)
11 FCPATH\index.php(67): CodeIgniter\CodeIgniter->run()
12 SYSTEMPATH\Commands\Server\rewrite.php(43): require_once('FCPATH\\index.php')
CRITICAL - 2023-03-06 16:30:52 --> Undefined variable $tbsupplier
in APPPATH\Views\tbopl\modalcarisupplier.php on line 23.
 1 APPPATH\Views\tbopl\modalcarisupplier.php(23): CodeIgniter\Debug\Exceptions->errorHandler(2, 'Undefined variable $tbsupplier', 'APPPATH\\Views\\tbopl\\modalcarisupplier.php', 23)
 2 SYSTEMPATH\View\View.php(213): include('APPPATH\\Views\\tbopl\\modalcarisupplier.php')
 3 SYSTEMPATH\View\View.php(216): CodeIgniter\View\View->CodeIgniter\View\{closure}()
 4 SYSTEMPATH\Common.php(1142): CodeIgniter\View\View->render('tbopl/modalcarisupplier', [], true)
 5 APPPATH\Controllers\Tbjasa.php(300): view('tbopl/modalcarisupplier', [...])
 6 SYSTEMPATH\CodeIgniter.php(904): App\Controllers\Tbjasa->cariparent()
 7 SYSTEMPATH\CodeIgniter.php(457): CodeIgniter\CodeIgniter->runController(Object(App\Controllers\Tbjasa))
 8 SYSTEMPATH\CodeIgniter.php(340): CodeIgniter\CodeIgniter->handleRequest(null, Object(Config\Cache), false)
 9 FCPATH\index.php(67): CodeIgniter\CodeIgniter->run()
10 SYSTEMPATH\Commands\Server\rewrite.php(43): require_once('FCPATH\\index.php')
CRITICAL - 2023-03-06 16:31:08 --> Undefined variable $tbsupplier
in APPPATH\Views\tbopl\modalcarisupplier.php on line 23.
 1 APPPATH\Views\tbopl\modalcarisupplier.php(23): CodeIgniter\Debug\Exceptions->errorHandler(2, 'Undefined variable $tbsupplier', 'APPPATH\\Views\\tbopl\\modalcarisupplier.php', 23)
 2 SYSTEMPATH\View\View.php(213): include('APPPATH\\Views\\tbopl\\modalcarisupplier.php')
 3 SYSTEMPATH\View\View.php(216): CodeIgniter\View\View->CodeIgniter\View\{closure}()
 4 SYSTEMPATH\Common.php(1142): CodeIgniter\View\View->render('tbopl/modalcarisupplier', [], true)
 5 APPPATH\Controllers\Tbjasa.php(300): view('tbopl/modalcarisupplier', [...])
 6 SYSTEMPATH\CodeIgniter.php(904): App\Controllers\Tbjasa->cariparent()
 7 SYSTEMPATH\CodeIgniter.php(457): CodeIgniter\CodeIgniter->runController(Object(App\Controllers\Tbjasa))
 8 SYSTEMPATH\CodeIgniter.php(340): CodeIgniter\CodeIgniter->handleRequest(null, Object(Config\Cache), false)
 9 FCPATH\index.php(67): CodeIgniter\CodeIgniter->run()
10 SYSTEMPATH\Commands\Server\rewrite.php(43): require_once('FCPATH\\index.php')
CRITICAL - 2023-03-06 16:40:08 --> Undefined array key "kdsupplier"
in APPPATH\Controllers\Tbjasa.php on line 169.
 1 APPPATH\Controllers\Tbjasa.php(169): CodeIgniter\Debug\Exceptions->errorHandler(2, 'Undefined array key "kdsupplier"', 'APPPATH\\Controllers\\Tbjasa.php', 169)
 2 SYSTEMPATH\CodeIgniter.php(904): App\Controllers\Tbjasa->formedit()
 3 SYSTEMPATH\CodeIgniter.php(457): CodeIgniter\CodeIgniter->runController(Object(App\Controllers\Tbjasa))
 4 SYSTEMPATH\CodeIgniter.php(340): CodeIgniter\CodeIgniter->handleRequest(null, Object(Config\Cache), false)
 5 FCPATH\index.php(67): CodeIgniter\CodeIgniter->run()
 6 SYSTEMPATH\Commands\Server\rewrite.php(43): require_once('FCPATH\\index.php')
ERROR - 2023-03-06 16:43:33 --> mysqli_sql_exception: Column 'parent' cannot be null in D:\xampp\htdocs\bp\system\Database\MySQLi\Connection.php:292
Stack trace:
#0 D:\xampp\htdocs\bp\system\Database\MySQLi\Connection.php(292): mysqli->query('INSERT INTO `tb...', 0)
#1 D:\xampp\htdocs\bp\system\Database\BaseConnection.php(693): CodeIgniter\Database\MySQLi\Connection->execute('INSERT INTO `tb...')
#2 D:\xampp\htdocs\bp\system\Database\BaseConnection.php(620): CodeIgniter\Database\BaseConnection->simpleQuery('INSERT INTO `tb...')
#3 D:\xampp\htdocs\bp\system\Database\BaseBuilder.php(1916): CodeIgniter\Database\BaseConnection->query('INSERT INTO `tb...', Array, false)
#4 D:\xampp\htdocs\bp\system\Model.php(279): CodeIgniter\Database\BaseBuilder->insert()
#5 D:\xampp\htdocs\bp\system\BaseModel.php(738): CodeIgniter\Model->doInsert(Array)
#6 D:\xampp\htdocs\bp\system\Model.php(667): CodeIgniter\BaseModel->insert(Array, true)
#7 D:\xampp\htdocs\bp\app\Controllers\Tbjasa.php(154): CodeIgniter\Model->insert(Array)
#8 D:\xampp\htdocs\bp\system\CodeIgniter.php(904): App\Controllers\Tbjasa->simpandata()
#9 D:\xampp\htdocs\bp\system\CodeIgniter.php(457): CodeIgniter\CodeIgniter->runController(Object(App\Controllers\Tbjasa))
#10 D:\xampp\htdocs\bp\system\CodeIgniter.php(340): CodeIgniter\CodeIgniter->handleRequest(NULL, Object(Config\Cache), false)
#11 D:\xampp\htdocs\bp\public\index.php(67): CodeIgniter\CodeIgniter->run()
#12 D:\xampp\htdocs\bp\system\Commands\Server\rewrite.php(43): require_once('D:\\xampp\\htdocs...')
#13 {main}
CRITICAL - 2023-03-06 16:43:33 --> Column 'parent' cannot be null
in SYSTEMPATH\Database\MySQLi\Connection.php on line 292.
 1 SYSTEMPATH\Database\MySQLi\Connection.php(292): mysqli->query('INSERT INTO `tbjasa` (`kode`, `nama`, `parent`, `parent_id`, `jam`, `frt`, `harga`, `user`, `aktif`, `created_at`, `updated_at`) VALUES (\'OPL3\', \'TAMBAH\', NULL, \'OPL\', \'\', \'\', \'\', \'Edit-Murod-06-03-2023 16:43:33\', \'Y\', \'2023-03-06 16:43:33\', \'2023-03-06 16:43:33\')', 0)
 2 SYSTEMPATH\Database\BaseConnection.php(693): CodeIgniter\Database\MySQLi\Connection->execute('INSERT INTO `tbjasa` (`kode`, `nama`, `parent`, `parent_id`, `jam`, `frt`, `harga`, `user`, `aktif`, `created_at`, `updated_at`) VALUES (\'OPL3\', \'TAMBAH\', NULL, \'OPL\', \'\', \'\', \'\', \'Edit-Murod-06-03-2023 16:43:33\', \'Y\', \'2023-03-06 16:43:33\', \'2023-03-06 16:43:33\')')
 3 SYSTEMPATH\Database\BaseConnection.php(620): CodeIgniter\Database\BaseConnection->simpleQuery('INSERT INTO `tbjasa` (`kode`, `nama`, `parent`, `parent_id`, `jam`, `frt`, `harga`, `user`, `aktif`, `created_at`, `updated_at`) VALUES (\'OPL3\', \'TAMBAH\', NULL, \'OPL\', \'\', \'\', \'\', \'Edit-Murod-06-03-2023 16:43:33\', \'Y\', \'2023-03-06 16:43:33\', \'2023-03-06 16:43:33\')')
 4 SYSTEMPATH\Database\BaseBuilder.php(1916): CodeIgniter\Database\BaseConnection->query('INSERT INTO `tbjasa` (`kode`, `nama`, `parent`, `parent_id`, `jam`, `frt`, `harga`, `user`, `aktif`, `created_at`, `updated_at`) VALUES (:kode:, :nama:, :parent:, :parent_id:, :jam:, :frt:, :harga:, :user:, :aktif:, :created_at:, :updated_at:)', [...], false)
 5 SYSTEMPATH\Model.php(279): CodeIgniter\Database\BaseBuilder->insert()
 6 SYSTEMPATH\BaseModel.php(738): CodeIgniter\Model->doInsert([...])
 7 SYSTEMPATH\Model.php(667): CodeIgniter\BaseModel->insert([...], true)
 8 APPPATH\Controllers\Tbjasa.php(154): CodeIgniter\Model->insert([...])
 9 SYSTEMPATH\CodeIgniter.php(904): App\Controllers\Tbjasa->simpandata()
10 SYSTEMPATH\CodeIgniter.php(457): CodeIgniter\CodeIgniter->runController(Object(App\Controllers\Tbjasa))
11 SYSTEMPATH\CodeIgniter.php(340): CodeIgniter\CodeIgniter->handleRequest(null, Object(Config\Cache), false)
12 FCPATH\index.php(67): CodeIgniter\CodeIgniter->run()
13 SYSTEMPATH\Commands\Server\rewrite.php(43): require_once('FCPATH\\index.php')
ERROR - 2023-03-06 16:47:51 --> mysqli_sql_exception: Column 'parent_id' cannot be null in D:\xampp\htdocs\bp\system\Database\MySQLi\Connection.php:292
Stack trace:
#0 D:\xampp\htdocs\bp\system\Database\MySQLi\Connection.php(292): mysqli->query('INSERT INTO `tb...', 0)
#1 D:\xampp\htdocs\bp\system\Database\BaseConnection.php(693): CodeIgniter\Database\MySQLi\Connection->execute('INSERT INTO `tb...')
#2 D:\xampp\htdocs\bp\system\Database\BaseConnection.php(620): CodeIgniter\Database\BaseConnection->simpleQuery('INSERT INTO `tb...')
#3 D:\xampp\htdocs\bp\system\Database\BaseBuilder.php(1916): CodeIgniter\Database\BaseConnection->query('INSERT INTO `tb...', Array, false)
#4 D:\xampp\htdocs\bp\system\Model.php(279): CodeIgniter\Database\BaseBuilder->insert()
#5 D:\xampp\htdocs\bp\system\BaseModel.php(738): CodeIgniter\Model->doInsert(Array)
#6 D:\xampp\htdocs\bp\system\Model.php(667): CodeIgniter\BaseModel->insert(Array, true)
#7 D:\xampp\htdocs\bp\app\Controllers\Tbjasa.php(155): CodeIgniter\Model->insert(Array)
#8 D:\xampp\htdocs\bp\system\CodeIgniter.php(904): App\Controllers\Tbjasa->simpandata()
#9 D:\xampp\htdocs\bp\system\CodeIgniter.php(457): CodeIgniter\CodeIgniter->runController(Object(App\Controllers\Tbjasa))
#10 D:\xampp\htdocs\bp\system\CodeIgniter.php(340): CodeIgniter\CodeIgniter->handleRequest(NULL, Object(Config\Cache), false)
#11 D:\xampp\htdocs\bp\public\index.php(67): CodeIgniter\CodeIgniter->run()
#12 D:\xampp\htdocs\bp\system\Commands\Server\rewrite.php(43): require_once('D:\\xampp\\htdocs...')
#13 {main}
CRITICAL - 2023-03-06 16:47:51 --> Column 'parent_id' cannot be null
in SYSTEMPATH\Database\MySQLi\Connection.php on line 292.
 1 SYSTEMPATH\Database\MySQLi\Connection.php(292): mysqli->query('INSERT INTO `tbjasa` (`kode`, `nama`, `parent_id`, `jam`, `frt`, `harga`, `user`, `aktif`, `created_at`, `updated_at`) VALUES (\'PM\', \'PERIODICAL MAINTENANCE\', NULL, NULL, NULL, NULL, \'Edit-Murod-06-03-2023 16:47:51\', \'Y\', \'2023-03-06 16:47:51\', \'2023-03-06 16:47:51\')', 0)
 2 SYSTEMPATH\Database\BaseConnection.php(693): CodeIgniter\Database\MySQLi\Connection->execute('INSERT INTO `tbjasa` (`kode`, `nama`, `parent_id`, `jam`, `frt`, `harga`, `user`, `aktif`, `created_at`, `updated_at`) VALUES (\'PM\', \'PERIODICAL MAINTENANCE\', NULL, NULL, NULL, NULL, \'Edit-Murod-06-03-2023 16:47:51\', \'Y\', \'2023-03-06 16:47:51\', \'2023-03-06 16:47:51\')')
 3 SYSTEMPATH\Database\BaseConnection.php(620): CodeIgniter\Database\BaseConnection->simpleQuery('INSERT INTO `tbjasa` (`kode`, `nama`, `parent_id`, `jam`, `frt`, `harga`, `user`, `aktif`, `created_at`, `updated_at`) VALUES (\'PM\', \'PERIODICAL MAINTENANCE\', NULL, NULL, NULL, NULL, \'Edit-Murod-06-03-2023 16:47:51\', \'Y\', \'2023-03-06 16:47:51\', \'2023-03-06 16:47:51\')')
 4 SYSTEMPATH\Database\BaseBuilder.php(1916): CodeIgniter\Database\BaseConnection->query('INSERT INTO `tbjasa` (`kode`, `nama`, `parent_id`, `jam`, `frt`, `harga`, `user`, `aktif`, `created_at`, `updated_at`) VALUES (:kode:, :nama:, :parent_id:, :jam:, :frt:, :harga:, :user:, :aktif:, :created_at:, :updated_at:)', [...], false)
 5 SYSTEMPATH\Model.php(279): CodeIgniter\Database\BaseBuilder->insert()
 6 SYSTEMPATH\BaseModel.php(738): CodeIgniter\Model->doInsert([...])
 7 SYSTEMPATH\Model.php(667): CodeIgniter\BaseModel->insert([...], true)
 8 APPPATH\Controllers\Tbjasa.php(155): CodeIgniter\Model->insert([...])
 9 SYSTEMPATH\CodeIgniter.php(904): App\Controllers\Tbjasa->simpandata()
10 SYSTEMPATH\CodeIgniter.php(457): CodeIgniter\CodeIgniter->runController(Object(App\Controllers\Tbjasa))
11 SYSTEMPATH\CodeIgniter.php(340): CodeIgniter\CodeIgniter->handleRequest(null, Object(Config\Cache), false)
12 FCPATH\index.php(67): CodeIgniter\CodeIgniter->run()
13 SYSTEMPATH\Commands\Server\rewrite.php(43): require_once('FCPATH\\index.php')
ERROR - 2023-03-06 16:48:17 --> mysqli_sql_exception: Column 'parent_id' cannot be null in D:\xampp\htdocs\bp\system\Database\MySQLi\Connection.php:292
Stack trace:
#0 D:\xampp\htdocs\bp\system\Database\MySQLi\Connection.php(292): mysqli->query('INSERT INTO `tb...', 0)
#1 D:\xampp\htdocs\bp\system\Database\BaseConnection.php(693): CodeIgniter\Database\MySQLi\Connection->execute('INSERT INTO `tb...')
#2 D:\xampp\htdocs\bp\system\Database\BaseConnection.php(620): CodeIgniter\Database\BaseConnection->simpleQuery('INSERT INTO `tb...')
#3 D:\xampp\htdocs\bp\system\Database\BaseBuilder.php(1916): CodeIgniter\Database\BaseConnection->query('INSERT INTO `tb...', Array, false)
#4 D:\xampp\htdocs\bp\system\Model.php(279): CodeIgniter\Database\BaseBuilder->insert()
#5 D:\xampp\htdocs\bp\system\BaseModel.php(738): CodeIgniter\Model->doInsert(Array)
#6 D:\xampp\htdocs\bp\system\Model.php(667): CodeIgniter\BaseModel->insert(Array, true)
#7 D:\xampp\htdocs\bp\app\Controllers\Tbjasa.php(155): CodeIgniter\Model->insert(Array)
#8 D:\xampp\htdocs\bp\system\CodeIgniter.php(904): App\Controllers\Tbjasa->simpandata()
#9 D:\xampp\htdocs\bp\system\CodeIgniter.php(457): CodeIgniter\CodeIgniter->runController(Object(App\Controllers\Tbjasa))
#10 D:\xampp\htdocs\bp\system\CodeIgniter.php(340): CodeIgniter\CodeIgniter->handleRequest(NULL, Object(Config\Cache), false)
#11 D:\xampp\htdocs\bp\public\index.php(67): CodeIgniter\CodeIgniter->run()
#12 D:\xampp\htdocs\bp\system\Commands\Server\rewrite.php(43): require_once('D:\\xampp\\htdocs...')
#13 {main}
CRITICAL - 2023-03-06 16:48:17 --> Column 'parent_id' cannot be null
in SYSTEMPATH\Database\MySQLi\Connection.php on line 292.
 1 SYSTEMPATH\Database\MySQLi\Connection.php(292): mysqli->query('INSERT INTO `tbjasa` (`kode`, `nama`, `parent`, `parent_id`, `jam`, `frt`, `harga`, `user`, `aktif`, `created_at`, `updated_at`) VALUES (\'PM\', \'PERIODICAL MAINTENANCE\', \'option1\', NULL, NULL, NULL, NULL, \'Edit-Murod-06-03-2023 16:48:17\', \'Y\', \'2023-03-06 16:48:17\', \'2023-03-06 16:48:17\')', 0)
 2 SYSTEMPATH\Database\BaseConnection.php(693): CodeIgniter\Database\MySQLi\Connection->execute('INSERT INTO `tbjasa` (`kode`, `nama`, `parent`, `parent_id`, `jam`, `frt`, `harga`, `user`, `aktif`, `created_at`, `updated_at`) VALUES (\'PM\', \'PERIODICAL MAINTENANCE\', \'option1\', NULL, NULL, NULL, NULL, \'Edit-Murod-06-03-2023 16:48:17\', \'Y\', \'2023-03-06 16:48:17\', \'2023-03-06 16:48:17\')')
 3 SYSTEMPATH\Database\BaseConnection.php(620): CodeIgniter\Database\BaseConnection->simpleQuery('INSERT INTO `tbjasa` (`kode`, `nama`, `parent`, `parent_id`, `jam`, `frt`, `harga`, `user`, `aktif`, `created_at`, `updated_at`) VALUES (\'PM\', \'PERIODICAL MAINTENANCE\', \'option1\', NULL, NULL, NULL, NULL, \'Edit-Murod-06-03-2023 16:48:17\', \'Y\', \'2023-03-06 16:48:17\', \'2023-03-06 16:48:17\')')
 4 SYSTEMPATH\Database\BaseBuilder.php(1916): CodeIgniter\Database\BaseConnection->query('INSERT INTO `tbjasa` (`kode`, `nama`, `parent`, `parent_id`, `jam`, `frt`, `harga`, `user`, `aktif`, `created_at`, `updated_at`) VALUES (:kode:, :nama:, :parent:, :parent_id:, :jam:, :frt:, :harga:, :user:, :aktif:, :created_at:, :updated_at:)', [...], false)
 5 SYSTEMPATH\Model.php(279): CodeIgniter\Database\BaseBuilder->insert()
 6 SYSTEMPATH\BaseModel.php(738): CodeIgniter\Model->doInsert([...])
 7 SYSTEMPATH\Model.php(667): CodeIgniter\BaseModel->insert([...], true)
 8 APPPATH\Controllers\Tbjasa.php(155): CodeIgniter\Model->insert([...])
 9 SYSTEMPATH\CodeIgniter.php(904): App\Controllers\Tbjasa->simpandata()
10 SYSTEMPATH\CodeIgniter.php(457): CodeIgniter\CodeIgniter->runController(Object(App\Controllers\Tbjasa))
11 SYSTEMPATH\CodeIgniter.php(340): CodeIgniter\CodeIgniter->handleRequest(null, Object(Config\Cache), false)
12 FCPATH\index.php(67): CodeIgniter\CodeIgniter->run()
13 SYSTEMPATH\Commands\Server\rewrite.php(43): require_once('FCPATH\\index.php')
ERROR - 2023-03-06 16:48:32 --> mysqli_sql_exception: Column 'parent_id' cannot be null in D:\xampp\htdocs\bp\system\Database\MySQLi\Connection.php:292
Stack trace:
#0 D:\xampp\htdocs\bp\system\Database\MySQLi\Connection.php(292): mysqli->query('INSERT INTO `tb...', 0)
#1 D:\xampp\htdocs\bp\system\Database\BaseConnection.php(693): CodeIgniter\Database\MySQLi\Connection->execute('INSERT INTO `tb...')
#2 D:\xampp\htdocs\bp\system\Database\BaseConnection.php(620): CodeIgniter\Database\BaseConnection->simpleQuery('INSERT INTO `tb...')
#3 D:\xampp\htdocs\bp\system\Database\BaseBuilder.php(1916): CodeIgniter\Database\BaseConnection->query('INSERT INTO `tb...', Array, false)
#4 D:\xampp\htdocs\bp\system\Model.php(279): CodeIgniter\Database\BaseBuilder->insert()
#5 D:\xampp\htdocs\bp\system\BaseModel.php(738): CodeIgniter\Model->doInsert(Array)
#6 D:\xampp\htdocs\bp\system\Model.php(667): CodeIgniter\BaseModel->insert(Array, true)
#7 D:\xampp\htdocs\bp\app\Controllers\Tbjasa.php(155): CodeIgniter\Model->insert(Array)
#8 D:\xampp\htdocs\bp\system\CodeIgniter.php(904): App\Controllers\Tbjasa->simpandata()
#9 D:\xampp\htdocs\bp\system\CodeIgniter.php(457): CodeIgniter\CodeIgniter->runController(Object(App\Controllers\Tbjasa))
#10 D:\xampp\htdocs\bp\system\CodeIgniter.php(340): CodeIgniter\CodeIgniter->handleRequest(NULL, Object(Config\Cache), false)
#11 D:\xampp\htdocs\bp\public\index.php(67): CodeIgniter\CodeIgniter->run()
#12 D:\xampp\htdocs\bp\system\Commands\Server\rewrite.php(43): require_once('D:\\xampp\\htdocs...')
#13 {main}
CRITICAL - 2023-03-06 16:48:32 --> Column 'parent_id' cannot be null
in SYSTEMPATH\Database\MySQLi\Connection.php on line 292.
 1 SYSTEMPATH\Database\MySQLi\Connection.php(292): mysqli->query('INSERT INTO `tbjasa` (`kode`, `nama`, `parent`, `parent_id`, `jam`, `frt`, `harga`, `user`, `aktif`, `created_at`, `updated_at`) VALUES (\'PM\', \'PERIODICAL MAINTENANCE\', \'option1\', NULL, NULL, NULL, NULL, \'Edit-Murod-06-03-2023 16:48:32\', \'Y\', \'2023-03-06 16:48:32\', \'2023-03-06 16:48:32\')', 0)
 2 SYSTEMPATH\Database\BaseConnection.php(693): CodeIgniter\Database\MySQLi\Connection->execute('INSERT INTO `tbjasa` (`kode`, `nama`, `parent`, `parent_id`, `jam`, `frt`, `harga`, `user`, `aktif`, `created_at`, `updated_at`) VALUES (\'PM\', \'PERIODICAL MAINTENANCE\', \'option1\', NULL, NULL, NULL, NULL, \'Edit-Murod-06-03-2023 16:48:32\', \'Y\', \'2023-03-06 16:48:32\', \'2023-03-06 16:48:32\')')
 3 SYSTEMPATH\Database\BaseConnection.php(620): CodeIgniter\Database\BaseConnection->simpleQuery('INSERT INTO `tbjasa` (`kode`, `nama`, `parent`, `parent_id`, `jam`, `frt`, `harga`, `user`, `aktif`, `created_at`, `updated_at`) VALUES (\'PM\', \'PERIODICAL MAINTENANCE\', \'option1\', NULL, NULL, NULL, NULL, \'Edit-Murod-06-03-2023 16:48:32\', \'Y\', \'2023-03-06 16:48:32\', \'2023-03-06 16:48:32\')')
 4 SYSTEMPATH\Database\BaseBuilder.php(1916): CodeIgniter\Database\BaseConnection->query('INSERT INTO `tbjasa` (`kode`, `nama`, `parent`, `parent_id`, `jam`, `frt`, `harga`, `user`, `aktif`, `created_at`, `updated_at`) VALUES (:kode:, :nama:, :parent:, :parent_id:, :jam:, :frt:, :harga:, :user:, :aktif:, :created_at:, :updated_at:)', [...], false)
 5 SYSTEMPATH\Model.php(279): CodeIgniter\Database\BaseBuilder->insert()
 6 SYSTEMPATH\BaseModel.php(738): CodeIgniter\Model->doInsert([...])
 7 SYSTEMPATH\Model.php(667): CodeIgniter\BaseModel->insert([...], true)
 8 APPPATH\Controllers\Tbjasa.php(155): CodeIgniter\Model->insert([...])
 9 SYSTEMPATH\CodeIgniter.php(904): App\Controllers\Tbjasa->simpandata()
10 SYSTEMPATH\CodeIgniter.php(457): CodeIgniter\CodeIgniter->runController(Object(App\Controllers\Tbjasa))
11 SYSTEMPATH\CodeIgniter.php(340): CodeIgniter\CodeIgniter->handleRequest(null, Object(Config\Cache), false)
12 FCPATH\index.php(67): CodeIgniter\CodeIgniter->run()
13 SYSTEMPATH\Commands\Server\rewrite.php(43): require_once('FCPATH\\index.php')
CRITICAL - 2023-03-06 16:57:12 --> Call to undefined method App\Models\EstimasiModel::getkode
in SYSTEMPATH\Model.php on line 774.
 1 APPPATH\Controllers\Tbjasa.php(257): CodeIgniter\Model->__call('getkode', [...])
 2 SYSTEMPATH\CodeIgniter.php(904): App\Controllers\Tbjasa->hapus('7')
 3 SYSTEMPATH\CodeIgniter.php(457): CodeIgniter\CodeIgniter->runController(Object(App\Controllers\Tbjasa))
 4 SYSTEMPATH\CodeIgniter.php(340): CodeIgniter\CodeIgniter->handleRequest(null, Object(Config\Cache), false)
 5 FCPATH\index.php(67): CodeIgniter\CodeIgniter->run()
 6 SYSTEMPATH\Commands\Server\rewrite.php(43): require_once('FCPATH\\index.php')
CRITICAL - 2023-03-06 16:59:49 --> Call to undefined method App\Models\EstimasiModel::getkode
in SYSTEMPATH\Model.php on line 774.
 1 APPPATH\Controllers\Tbjasa.php(262): CodeIgniter\Model->__call('getkode', [...])
 2 SYSTEMPATH\CodeIgniter.php(904): App\Controllers\Tbjasa->hapus('9')
 3 SYSTEMPATH\CodeIgniter.php(457): CodeIgniter\CodeIgniter->runController(Object(App\Controllers\Tbjasa))
 4 SYSTEMPATH\CodeIgniter.php(340): CodeIgniter\CodeIgniter->handleRequest(null, Object(Config\Cache), false)
 5 FCPATH\index.php(67): CodeIgniter\CodeIgniter->run()
 6 SYSTEMPATH\Commands\Server\rewrite.php(43): require_once('FCPATH\\index.php')
CRITICAL - 2023-03-06 17:01:32 --> Call to undefined method App\Models\EstimasiModel::getkode
in SYSTEMPATH\Model.php on line 774.
 1 APPPATH\Controllers\Tbjasa.php(262): CodeIgniter\Model->__call('getkode', [...])
 2 SYSTEMPATH\CodeIgniter.php(904): App\Controllers\Tbjasa->hapus('8')
 3 SYSTEMPATH\CodeIgniter.php(457): CodeIgniter\CodeIgniter->runController(Object(App\Controllers\Tbjasa))
 4 SYSTEMPATH\CodeIgniter.php(340): CodeIgniter\CodeIgniter->handleRequest(null, Object(Config\Cache), false)
 5 FCPATH\index.php(67): CodeIgniter\CodeIgniter->run()
 6 SYSTEMPATH\Commands\Server\rewrite.php(43): require_once('FCPATH\\index.php')
