CRITICAL - 2023-04-12 10:14:09 --> Undefined array key "no_spk"
in APPPATH\Views\mohfaktur\modaledit.php on line 34.
 1 APPPATH\Views\mohfaktur\modaledit.php(34): CodeIgniter\Debug\Exceptions->errorHandler(2, 'Undefined array key "no_spk"', 'APPPATH\\Views\\mohfaktur\\modaledit.php', 34)
 2 SYSTEMPATH\View\View.php(213): include('APPPATH\\Views\\mohfaktur\\modaledit.php')
 3 SYSTEMPATH\View\View.php(216): CodeIgniter\View\View->CodeIgniter\View\{closure}()
 4 SYSTEMPATH\Common.php(1142): CodeIgniter\View\View->render('mohfaktur/modaledit', [], true)
 5 APPPATH\Controllers\Mohfaktur.php(269): view('mohfaktur/modaledit', [...])
 6 SYSTEMPATH\CodeIgniter.php(904): App\Controllers\mohfaktur->formedit()
 7 SYSTEMPATH\CodeIgniter.php(457): CodeIgniter\CodeIgniter->runController(Object(App\Controllers\mohfaktur))
 8 SYSTEMPATH\CodeIgniter.php(340): CodeIgniter\CodeIgniter->handleRequest(null, Object(Config\Cache), false)
 9 FCPATH\index.php(67): CodeIgniter\CodeIgniter->run()
10 SYSTEMPATH\Commands\Server\rewrite.php(43): require_once('FCPATH\\index.php')
CRITICAL - 2023-04-12 10:14:12 --> Undefined variable $memombr
in APPPATH\Views\mohfaktur\modaldetail.php on line 14.
 1 APPPATH\Views\mohfaktur\modaldetail.php(14): CodeIgniter\Debug\Exceptions->errorHandler(2, 'Undefined variable $memombr', 'APPPATH\\Views\\mohfaktur\\modaldetail.php', 14)
 2 SYSTEMPATH\View\View.php(213): include('APPPATH\\Views\\mohfaktur\\modaldetail.php')
 3 SYSTEMPATH\View\View.php(216): CodeIgniter\View\View->CodeIgniter\View\{closure}()
 4 SYSTEMPATH\Common.php(1142): CodeIgniter\View\View->render('mohfaktur/modaldetail', [], true)
 5 APPPATH\Controllers\Mohfaktur.php(73): view('mohfaktur/modaldetail', [...])
 6 SYSTEMPATH\CodeIgniter.php(904): App\Controllers\mohfaktur->formdetail()
 7 SYSTEMPATH\CodeIgniter.php(457): CodeIgniter\CodeIgniter->runController(Object(App\Controllers\mohfaktur))
 8 SYSTEMPATH\CodeIgniter.php(340): CodeIgniter\CodeIgniter->handleRequest(null, Object(Config\Cache), false)
 9 FCPATH\index.php(67): CodeIgniter\CodeIgniter->run()
10 SYSTEMPATH\Commands\Server\rewrite.php(43): require_once('FCPATH\\index.php')
CRITICAL - 2023-04-12 13:35:09 --> Undefined variable $tbagama
in APPPATH\Views\mohfaktur\modaledit.php on line 427.
 1 APPPATH\Views\mohfaktur\modaledit.php(427): CodeIgniter\Debug\Exceptions->errorHandler(2, 'Undefined variable $tbagama', 'APPPATH\\Views\\mohfaktur\\modaledit.php', 427)
 2 SYSTEMPATH\View\View.php(213): include('APPPATH\\Views\\mohfaktur\\modaledit.php')
 3 SYSTEMPATH\View\View.php(216): CodeIgniter\View\View->CodeIgniter\View\{closure}()
 4 SYSTEMPATH\Common.php(1142): CodeIgniter\View\View->render('mohfaktur/modaledit', [], true)
 5 APPPATH\Controllers\Mohfaktur.php(269): view('mohfaktur/modaledit', [...])
 6 SYSTEMPATH\CodeIgniter.php(904): App\Controllers\mohfaktur->formedit()
 7 SYSTEMPATH\CodeIgniter.php(457): CodeIgniter\CodeIgniter->runController(Object(App\Controllers\mohfaktur))
 8 SYSTEMPATH\CodeIgniter.php(340): CodeIgniter\CodeIgniter->handleRequest(null, Object(Config\Cache), false)
 9 FCPATH\index.php(67): CodeIgniter\CodeIgniter->run()
10 SYSTEMPATH\Commands\Server\rewrite.php(43): require_once('FCPATH\\index.php')
ERROR - 2023-04-12 14:14:55 --> mysqli_sql_exception: Column 'tipe_pelanggan' cannot be null in D:\xampp\htdocs\hati\system\Database\MySQLi\Connection.php:292
Stack trace:
#0 D:\xampp\htdocs\hati\system\Database\MySQLi\Connection.php(292): mysqli->query('INSERT INTO `mo...', 0)
#1 D:\xampp\htdocs\hati\system\Database\BaseConnection.php(693): CodeIgniter\Database\MySQLi\Connection->execute('INSERT INTO `mo...')
#2 D:\xampp\htdocs\hati\system\Database\BaseConnection.php(620): CodeIgniter\Database\BaseConnection->simpleQuery('INSERT INTO `mo...')
#3 D:\xampp\htdocs\hati\system\Database\BaseBuilder.php(1916): CodeIgniter\Database\BaseConnection->query('INSERT INTO `mo...', Array, false)
#4 D:\xampp\htdocs\hati\system\Model.php(279): CodeIgniter\Database\BaseBuilder->insert()
#5 D:\xampp\htdocs\hati\system\BaseModel.php(738): CodeIgniter\Model->doInsert(Array)
#6 D:\xampp\htdocs\hati\system\Model.php(667): CodeIgniter\BaseModel->insert(Array, true)
#7 D:\xampp\htdocs\hati\app\Controllers\Mohfaktur.php(248): CodeIgniter\Model->insert(Array)
#8 D:\xampp\htdocs\hati\system\CodeIgniter.php(904): App\Controllers\mohfaktur->simpandata()
#9 D:\xampp\htdocs\hati\system\CodeIgniter.php(457): CodeIgniter\CodeIgniter->runController(Object(App\Controllers\mohfaktur))
#10 D:\xampp\htdocs\hati\system\CodeIgniter.php(340): CodeIgniter\CodeIgniter->handleRequest(NULL, Object(Config\Cache), false)
#11 D:\xampp\htdocs\hati\public\index.php(67): CodeIgniter\CodeIgniter->run()
#12 D:\xampp\htdocs\hati\system\Commands\Server\rewrite.php(43): require_once('D:\\xampp\\htdocs...')
#13 {main}
CRITICAL - 2023-04-12 14:14:55 --> Column 'tipe_pelanggan' cannot be null
in SYSTEMPATH\Database\MySQLi\Connection.php on line 292.
 1 SYSTEMPATH\Database\MySQLi\Connection.php(292): mysqli->query('INSERT INTO `mohfaktur` (`nomor`, `tanggal`, `nomemo`, `tglmemo`, `nospk`, `tglspk`, `sama_spk`, `tipe_faktur`, `tipe_pelanggan`, `status_pelanggan`, `kdpemesan`, `nmpemesan`, `kdsales`, `nmsales`, `kdspv`, `nmspv`, `kel_pemesan`, `kec_pemesan`, `kota_pemesan`, `provinsi_pemesan`, `sama_pemesan`, `kdstnk`, `nmstnk`, `kel_stnk`, `kec_stnk`, `kota_stnk`, `provinsi_stnk`, `kdmodel`, `nmmodel`, `kdtipe`, `nmtipe`, `norangka`, `nomesin`, `kdwarna`, `nmwarna`, `accessories`, `harga`, `dp`, `tgl_dp`, `eta`, `etd`, `paket`, `jekel`, `tgllahir`, `jumlah_keluarga`, `agama`, `pekerjaan`, `metode_pembelian`, `tambah_honda`, `tambah_nonhonda`, `ganti_honda`, `ganti_nonhonda`, `metode_pembayaran`, `leasing`, `tenor`, `bulan`, `kdsm`, `nmsm`, `admin`, `user`, `created_at`, `updated_at`) VALUES (\'F20230400002\', \'2023-04-12\', \'\', \'2023-04-12\', \'\', \'\', \'N\', \'Company\', NULL, \'Lama\', \'\', \'\', \'\', \'\', \'\', \'\', \'\', \'\', \'\', \'\', \'N\', \'\', \'\', \'\', \'\', \'\', \'\', \'\', \'\', \'\', \'\', \'\', \'\', \'\', \'\', \'\', \'0\', \'0\', \'\', \'\', \'\', \'Pahe 1\', \'Pria\', \'\', \'1\', \'\', \'\', \'Mobil Pertama\', \'N\', \'N\', \'N\', \'N\', \'Cash\', \'\', \'\', \'\', \'\', \'\', \'\', \'Edit-Murod-12-04-2023 14:14:55\', \'2023-04-12 14:14:55\', \'2023-04-12 14:14:55\')', 0)
 2 SYSTEMPATH\Database\BaseConnection.php(693): CodeIgniter\Database\MySQLi\Connection->execute('INSERT INTO `mohfaktur` (`nomor`, `tanggal`, `nomemo`, `tglmemo`, `nospk`, `tglspk`, `sama_spk`, `tipe_faktur`, `tipe_pelanggan`, `status_pelanggan`, `kdpemesan`, `nmpemesan`, `kdsales`, `nmsales`, `kdspv`, `nmspv`, `kel_pemesan`, `kec_pemesan`, `kota_pemesan`, `provinsi_pemesan`, `sama_pemesan`, `kdstnk`, `nmstnk`, `kel_stnk`, `kec_stnk`, `kota_stnk`, `provinsi_stnk`, `kdmodel`, `nmmodel`, `kdtipe`, `nmtipe`, `norangka`, `nomesin`, `kdwarna`, `nmwarna`, `accessories`, `harga`, `dp`, `tgl_dp`, `eta`, `etd`, `paket`, `jekel`, `tgllahir`, `jumlah_keluarga`, `agama`, `pekerjaan`, `metode_pembelian`, `tambah_honda`, `tambah_nonhonda`, `ganti_honda`, `ganti_nonhonda`, `metode_pembayaran`, `leasing`, `tenor`, `bulan`, `kdsm`, `nmsm`, `admin`, `user`, `created_at`, `updated_at`) VALUES (\'F20230400002\', \'2023-04-12\', \'\', \'2023-04-12\', \'\', \'\', \'N\', \'Company\', NULL, \'Lama\', \'\', \'\', \'\', \'\', \'\', \'\', \'\', \'\', \'\', \'\', \'N\', \'\', \'\', \'\', \'\', \'\', \'\', \'\', \'\', \'\', \'\', \'\', \'\', \'\', \'\', \'\', \'0\', \'0\', \'\', \'\', \'\', \'Pahe 1\', \'Pria\', \'\', \'1\', \'\', \'\', \'Mobil Pertama\', \'N\', \'N\', \'N\', \'N\', \'Cash\', \'\', \'\', \'\', \'\', \'\', \'\', \'Edit-Murod-12-04-2023 14:14:55\', \'2023-04-12 14:14:55\', \'2023-04-12 14:14:55\')')
 3 SYSTEMPATH\Database\BaseConnection.php(620): CodeIgniter\Database\BaseConnection->simpleQuery('INSERT INTO `mohfaktur` (`nomor`, `tanggal`, `nomemo`, `tglmemo`, `nospk`, `tglspk`, `sama_spk`, `tipe_faktur`, `tipe_pelanggan`, `status_pelanggan`, `kdpemesan`, `nmpemesan`, `kdsales`, `nmsales`, `kdspv`, `nmspv`, `kel_pemesan`, `kec_pemesan`, `kota_pemesan`, `provinsi_pemesan`, `sama_pemesan`, `kdstnk`, `nmstnk`, `kel_stnk`, `kec_stnk`, `kota_stnk`, `provinsi_stnk`, `kdmodel`, `nmmodel`, `kdtipe`, `nmtipe`, `norangka`, `nomesin`, `kdwarna`, `nmwarna`, `accessories`, `harga`, `dp`, `tgl_dp`, `eta`, `etd`, `paket`, `jekel`, `tgllahir`, `jumlah_keluarga`, `agama`, `pekerjaan`, `metode_pembelian`, `tambah_honda`, `tambah_nonhonda`, `ganti_honda`, `ganti_nonhonda`, `metode_pembayaran`, `leasing`, `tenor`, `bulan`, `kdsm`, `nmsm`, `admin`, `user`, `created_at`, `updated_at`) VALUES (\'F20230400002\', \'2023-04-12\', \'\', \'2023-04-12\', \'\', \'\', \'N\', \'Company\', NULL, \'Lama\', \'\', \'\', \'\', \'\', \'\', \'\', \'\', \'\', \'\', \'\', \'N\', \'\', \'\', \'\', \'\', \'\', \'\', \'\', \'\', \'\', \'\', \'\', \'\', \'\', \'\', \'\', \'0\', \'0\', \'\', \'\', \'\', \'Pahe 1\', \'Pria\', \'\', \'1\', \'\', \'\', \'Mobil Pertama\', \'N\', \'N\', \'N\', \'N\', \'Cash\', \'\', \'\', \'\', \'\', \'\', \'\', \'Edit-Murod-12-04-2023 14:14:55\', \'2023-04-12 14:14:55\', \'2023-04-12 14:14:55\')')
 4 SYSTEMPATH\Database\BaseBuilder.php(1916): CodeIgniter\Database\BaseConnection->query('INSERT INTO `mohfaktur` (`nomor`, `tanggal`, `nomemo`, `tglmemo`, `nospk`, `tglspk`, `sama_spk`, `tipe_faktur`, `tipe_pelanggan`, `status_pelanggan`, `kdpemesan`, `nmpemesan`, `kdsales`, `nmsales`, `kdspv`, `nmspv`, `kel_pemesan`, `kec_pemesan`, `kota_pemesan`, `provinsi_pemesan`, `sama_pemesan`, `kdstnk`, `nmstnk`, `kel_stnk`, `kec_stnk`, `kota_stnk`, `provinsi_stnk`, `kdmodel`, `nmmodel`, `kdtipe`, `nmtipe`, `norangka`, `nomesin`, `kdwarna`, `nmwarna`, `accessories`, `harga`, `dp`, `tgl_dp`, `eta`, `etd`, `paket`, `jekel`, `tgllahir`, `jumlah_keluarga`, `agama`, `pekerjaan`, `metode_pembelian`, `tambah_honda`, `tambah_nonhonda`, `ganti_honda`, `ganti_nonhonda`, `metode_pembayaran`, `leasing`, `tenor`, `bulan`, `kdsm`, `nmsm`, `admin`, `user`, `created_at`, `updated_at`) VALUES (:nomor:, :tanggal:, :nomemo:, :tglmemo:, :nospk:, :tglspk:, :sama_spk:, :tipe_faktur:, :tipe_pelanggan:, :status_pelanggan:, :kdpemesan:, :nmpemesan:, :kdsales:, :nmsales:, :kdspv:, :nmspv:, :kel_pemesan:, :kec_pemesan:, :kota_pemesan:, :provinsi_pemesan:, :sama_pemesan:, :kdstnk:, :nmstnk:, :kel_stnk:, :kec_stnk:, :kota_stnk:, :provinsi_stnk:, :kdmodel:, :nmmodel:, :kdtipe:, :nmtipe:, :norangka:, :nomesin:, :kdwarna:, :nmwarna:, :accessories:, :harga:, :dp:, :tgl_dp:, :eta:, :etd:, :paket:, :jekel:, :tgllahir:, :jumlah_keluarga:, :agama:, :pekerjaan:, :metode_pembelian:, :tambah_honda:, :tambah_nonhonda:, :ganti_honda:, :ganti_nonhonda:, :metode_pembayaran:, :leasing:, :tenor:, :bulan:, :kdsm:, :nmsm:, :admin:, :user:, :created_at:, :updated_at:)', [...], false)
 5 SYSTEMPATH\Model.php(279): CodeIgniter\Database\BaseBuilder->insert()
 6 SYSTEMPATH\BaseModel.php(738): CodeIgniter\Model->doInsert([...])
 7 SYSTEMPATH\Model.php(667): CodeIgniter\BaseModel->insert([...], true)
 8 APPPATH\Controllers\Mohfaktur.php(248): CodeIgniter\Model->insert([...])
 9 SYSTEMPATH\CodeIgniter.php(904): App\Controllers\mohfaktur->simpandata()
10 SYSTEMPATH\CodeIgniter.php(457): CodeIgniter\CodeIgniter->runController(Object(App\Controllers\mohfaktur))
11 SYSTEMPATH\CodeIgniter.php(340): CodeIgniter\CodeIgniter->handleRequest(null, Object(Config\Cache), false)
12 FCPATH\index.php(67): CodeIgniter\CodeIgniter->run()
13 SYSTEMPATH\Commands\Server\rewrite.php(43): require_once('FCPATH\\index.php')
CRITICAL - 2023-04-12 14:44:50 --> Undefined array key "nik"
in APPPATH\Views\mohfaktur\modaledit.php on line 190.
 1 APPPATH\Views\mohfaktur\modaledit.php(190): CodeIgniter\Debug\Exceptions->errorHandler(2, 'Undefined array key "nik"', 'APPPATH\\Views\\mohfaktur\\modaledit.php', 190)
 2 SYSTEMPATH\View\View.php(213): include('APPPATH\\Views\\mohfaktur\\modaledit.php')
 3 SYSTEMPATH\View\View.php(216): CodeIgniter\View\View->CodeIgniter\View\{closure}()
 4 SYSTEMPATH\Common.php(1142): CodeIgniter\View\View->render('mohfaktur/modaledit', [], true)
 5 APPPATH\Controllers\Mohfaktur.php(272): view('mohfaktur/modaledit', [...])
 6 SYSTEMPATH\CodeIgniter.php(904): App\Controllers\mohfaktur->formedit()
 7 SYSTEMPATH\CodeIgniter.php(457): CodeIgniter\CodeIgniter->runController(Object(App\Controllers\mohfaktur))
 8 SYSTEMPATH\CodeIgniter.php(340): CodeIgniter\CodeIgniter->handleRequest(null, Object(Config\Cache), false)
 9 FCPATH\index.php(67): CodeIgniter\CodeIgniter->run()
10 SYSTEMPATH\Commands\Server\rewrite.php(43): require_once('FCPATH\\index.php')
CRITICAL - 2023-04-12 14:45:02 --> Undefined array key "nik"
in APPPATH\Views\mohfaktur\modaledit.php on line 190.
 1 APPPATH\Views\mohfaktur\modaledit.php(190): CodeIgniter\Debug\Exceptions->errorHandler(2, 'Undefined array key "nik"', 'APPPATH\\Views\\mohfaktur\\modaledit.php', 190)
 2 SYSTEMPATH\View\View.php(213): include('APPPATH\\Views\\mohfaktur\\modaledit.php')
 3 SYSTEMPATH\View\View.php(216): CodeIgniter\View\View->CodeIgniter\View\{closure}()
 4 SYSTEMPATH\Common.php(1142): CodeIgniter\View\View->render('mohfaktur/modaledit', [], true)
 5 APPPATH\Controllers\Mohfaktur.php(272): view('mohfaktur/modaledit', [...])
 6 SYSTEMPATH\CodeIgniter.php(904): App\Controllers\mohfaktur->formedit()
 7 SYSTEMPATH\CodeIgniter.php(457): CodeIgniter\CodeIgniter->runController(Object(App\Controllers\mohfaktur))
 8 SYSTEMPATH\CodeIgniter.php(340): CodeIgniter\CodeIgniter->handleRequest(null, Object(Config\Cache), false)
 9 FCPATH\index.php(67): CodeIgniter\CodeIgniter->run()
10 SYSTEMPATH\Commands\Server\rewrite.php(43): require_once('FCPATH\\index.php')
