ERROR - 2023-03-04 13:45:38 --> mysqli_sql_exception: Column 'cmainmenu' cannot be null in D:\xampp\htdocs\bp\system\Database\MySQLi\Connection.php:292
Stack trace:
#0 D:\xampp\htdocs\bp\system\Database\MySQLi\Connection.php(292): mysqli->query('INSERT INTO `tb...', 0)
#1 D:\xampp\htdocs\bp\system\Database\BaseConnection.php(693): CodeIgniter\Database\MySQLi\Connection->execute('INSERT INTO `tb...')
#2 D:\xampp\htdocs\bp\system\Database\BaseConnection.php(620): CodeIgniter\Database\BaseConnection->simpleQuery('INSERT INTO `tb...')
#3 D:\xampp\htdocs\bp\system\Database\BaseBuilder.php(1916): CodeIgniter\Database\BaseConnection->query('INSERT INTO `tb...', Array, false)
#4 D:\xampp\htdocs\bp\system\Model.php(279): CodeIgniter\Database\BaseBuilder->insert()
#5 D:\xampp\htdocs\bp\system\BaseModel.php(738): CodeIgniter\Model->doInsert(Array)
#6 D:\xampp\htdocs\bp\system\Model.php(667): CodeIgniter\BaseModel->insert(Array, true)
#7 D:\xampp\htdocs\bp\app\Controllers\Tbmodule.php(155): CodeIgniter\Model->insert(Array)
#8 D:\xampp\htdocs\bp\system\CodeIgniter.php(904): App\Controllers\Tbmodule->simpandata()
#9 D:\xampp\htdocs\bp\system\CodeIgniter.php(457): CodeIgniter\CodeIgniter->runController(Object(App\Controllers\Tbmodule))
#10 D:\xampp\htdocs\bp\system\CodeIgniter.php(340): CodeIgniter\CodeIgniter->handleRequest(NULL, Object(Config\Cache), false)
#11 D:\xampp\htdocs\bp\public\index.php(67): CodeIgniter\CodeIgniter->run()
#12 D:\xampp\htdocs\bp\system\Commands\Server\rewrite.php(43): require_once('D:\\xampp\\htdocs...')
#13 {main}
CRITICAL - 2023-03-04 13:45:38 --> Column 'cmainmenu' cannot be null
in SYSTEMPATH\Database\MySQLi\Connection.php on line 292.
 1 SYSTEMPATH\Database\MySQLi\Connection.php(292): mysqli->query('INSERT INTO `tbmodule` (`nurut`, `cmodule`, `cmenu`, `clokasi_menu`, `cmainmenu`, `nlevel`, `created_at`, `updated_at`) VALUES (\'22\', \'asasa\', \'\', \'\', NULL, \'\', \'2023-03-04 13:45:38\', \'2023-03-04 13:45:38\')', 0)
 2 SYSTEMPATH\Database\BaseConnection.php(693): CodeIgniter\Database\MySQLi\Connection->execute('INSERT INTO `tbmodule` (`nurut`, `cmodule`, `cmenu`, `clokasi_menu`, `cmainmenu`, `nlevel`, `created_at`, `updated_at`) VALUES (\'22\', \'asasa\', \'\', \'\', NULL, \'\', \'2023-03-04 13:45:38\', \'2023-03-04 13:45:38\')')
 3 SYSTEMPATH\Database\BaseConnection.php(620): CodeIgniter\Database\BaseConnection->simpleQuery('INSERT INTO `tbmodule` (`nurut`, `cmodule`, `cmenu`, `clokasi_menu`, `cmainmenu`, `nlevel`, `created_at`, `updated_at`) VALUES (\'22\', \'asasa\', \'\', \'\', NULL, \'\', \'2023-03-04 13:45:38\', \'2023-03-04 13:45:38\')')
 4 SYSTEMPATH\Database\BaseBuilder.php(1916): CodeIgniter\Database\BaseConnection->query('INSERT INTO `tbmodule` (`nurut`, `cmodule`, `cmenu`, `clokasi_menu`, `cmainmenu`, `nlevel`, `created_at`, `updated_at`) VALUES (:nurut:, :cmodule:, :cmenu:, :clokasi_menu:, :cmainmenu:, :nlevel:, :created_at:, :updated_at:)', [...], false)
 5 SYSTEMPATH\Model.php(279): CodeIgniter\Database\BaseBuilder->insert()
 6 SYSTEMPATH\BaseModel.php(738): CodeIgniter\Model->doInsert([...])
 7 SYSTEMPATH\Model.php(667): CodeIgniter\BaseModel->insert([...], true)
 8 APPPATH\Controllers\Tbmodule.php(155): CodeIgniter\Model->insert([...])
 9 SYSTEMPATH\CodeIgniter.php(904): App\Controllers\Tbmodule->simpandata()
10 SYSTEMPATH\CodeIgniter.php(457): CodeIgniter\CodeIgniter->runController(Object(App\Controllers\Tbmodule))
11 SYSTEMPATH\CodeIgniter.php(340): CodeIgniter\CodeIgniter->handleRequest(null, Object(Config\Cache), false)
12 FCPATH\index.php(67): CodeIgniter\CodeIgniter->run()
13 SYSTEMPATH\Commands\Server\rewrite.php(43): require_once('FCPATH\\index.php')
ERROR - 2023-03-04 13:48:09 --> mysqli_sql_exception: Column 'cmainmenu' cannot be null in D:\xampp\htdocs\bp\system\Database\MySQLi\Connection.php:292
Stack trace:
#0 D:\xampp\htdocs\bp\system\Database\MySQLi\Connection.php(292): mysqli->query('INSERT INTO `tb...', 0)
#1 D:\xampp\htdocs\bp\system\Database\BaseConnection.php(693): CodeIgniter\Database\MySQLi\Connection->execute('INSERT INTO `tb...')
#2 D:\xampp\htdocs\bp\system\Database\BaseConnection.php(620): CodeIgniter\Database\BaseConnection->simpleQuery('INSERT INTO `tb...')
#3 D:\xampp\htdocs\bp\system\Database\BaseBuilder.php(1916): CodeIgniter\Database\BaseConnection->query('INSERT INTO `tb...', Array, false)
#4 D:\xampp\htdocs\bp\system\Model.php(279): CodeIgniter\Database\BaseBuilder->insert()
#5 D:\xampp\htdocs\bp\system\BaseModel.php(738): CodeIgniter\Model->doInsert(Array)
#6 D:\xampp\htdocs\bp\system\Model.php(667): CodeIgniter\BaseModel->insert(Array, true)
#7 D:\xampp\htdocs\bp\app\Controllers\Tbmodule.php(155): CodeIgniter\Model->insert(Array)
#8 D:\xampp\htdocs\bp\system\CodeIgniter.php(904): App\Controllers\Tbmodule->simpandata()
#9 D:\xampp\htdocs\bp\system\CodeIgniter.php(457): CodeIgniter\CodeIgniter->runController(Object(App\Controllers\Tbmodule))
#10 D:\xampp\htdocs\bp\system\CodeIgniter.php(340): CodeIgniter\CodeIgniter->handleRequest(NULL, Object(Config\Cache), false)
#11 D:\xampp\htdocs\bp\public\index.php(67): CodeIgniter\CodeIgniter->run()
#12 D:\xampp\htdocs\bp\system\Commands\Server\rewrite.php(43): require_once('D:\\xampp\\htdocs...')
#13 {main}
CRITICAL - 2023-03-04 13:48:09 --> Column 'cmainmenu' cannot be null
in SYSTEMPATH\Database\MySQLi\Connection.php on line 292.
 1 SYSTEMPATH\Database\MySQLi\Connection.php(292): mysqli->query('INSERT INTO `tbmodule` (`nurut`, `cmodule`, `cmenu`, `clokasi_menu`, `cmainmenu`, `nlevel`, `created_at`, `updated_at`) VALUES (\'22\', \'asasa\', \'\', \'\', NULL, \'\', \'2023-03-04 13:48:09\', \'2023-03-04 13:48:09\')', 0)
 2 SYSTEMPATH\Database\BaseConnection.php(693): CodeIgniter\Database\MySQLi\Connection->execute('INSERT INTO `tbmodule` (`nurut`, `cmodule`, `cmenu`, `clokasi_menu`, `cmainmenu`, `nlevel`, `created_at`, `updated_at`) VALUES (\'22\', \'asasa\', \'\', \'\', NULL, \'\', \'2023-03-04 13:48:09\', \'2023-03-04 13:48:09\')')
 3 SYSTEMPATH\Database\BaseConnection.php(620): CodeIgniter\Database\BaseConnection->simpleQuery('INSERT INTO `tbmodule` (`nurut`, `cmodule`, `cmenu`, `clokasi_menu`, `cmainmenu`, `nlevel`, `created_at`, `updated_at`) VALUES (\'22\', \'asasa\', \'\', \'\', NULL, \'\', \'2023-03-04 13:48:09\', \'2023-03-04 13:48:09\')')
 4 SYSTEMPATH\Database\BaseBuilder.php(1916): CodeIgniter\Database\BaseConnection->query('INSERT INTO `tbmodule` (`nurut`, `cmodule`, `cmenu`, `clokasi_menu`, `cmainmenu`, `nlevel`, `created_at`, `updated_at`) VALUES (:nurut:, :cmodule:, :cmenu:, :clokasi_menu:, :cmainmenu:, :nlevel:, :created_at:, :updated_at:)', [...], false)
 5 SYSTEMPATH\Model.php(279): CodeIgniter\Database\BaseBuilder->insert()
 6 SYSTEMPATH\BaseModel.php(738): CodeIgniter\Model->doInsert([...])
 7 SYSTEMPATH\Model.php(667): CodeIgniter\BaseModel->insert([...], true)
 8 APPPATH\Controllers\Tbmodule.php(155): CodeIgniter\Model->insert([...])
 9 SYSTEMPATH\CodeIgniter.php(904): App\Controllers\Tbmodule->simpandata()
10 SYSTEMPATH\CodeIgniter.php(457): CodeIgniter\CodeIgniter->runController(Object(App\Controllers\Tbmodule))
11 SYSTEMPATH\CodeIgniter.php(340): CodeIgniter\CodeIgniter->handleRequest(null, Object(Config\Cache), false)
12 FCPATH\index.php(67): CodeIgniter\CodeIgniter->run()
13 SYSTEMPATH\Commands\Server\rewrite.php(43): require_once('FCPATH\\index.php')
ERROR - 2023-03-04 13:48:43 --> mysqli_sql_exception: Column 'cmainmenu' cannot be null in D:\xampp\htdocs\bp\system\Database\MySQLi\Connection.php:292
Stack trace:
#0 D:\xampp\htdocs\bp\system\Database\MySQLi\Connection.php(292): mysqli->query('INSERT INTO `tb...', 0)
#1 D:\xampp\htdocs\bp\system\Database\BaseConnection.php(693): CodeIgniter\Database\MySQLi\Connection->execute('INSERT INTO `tb...')
#2 D:\xampp\htdocs\bp\system\Database\BaseConnection.php(620): CodeIgniter\Database\BaseConnection->simpleQuery('INSERT INTO `tb...')
#3 D:\xampp\htdocs\bp\system\Database\BaseBuilder.php(1916): CodeIgniter\Database\BaseConnection->query('INSERT INTO `tb...', Array, false)
#4 D:\xampp\htdocs\bp\system\Model.php(279): CodeIgniter\Database\BaseBuilder->insert()
#5 D:\xampp\htdocs\bp\system\BaseModel.php(738): CodeIgniter\Model->doInsert(Array)
#6 D:\xampp\htdocs\bp\system\Model.php(667): CodeIgniter\BaseModel->insert(Array, true)
#7 D:\xampp\htdocs\bp\app\Controllers\Tbmodule.php(155): CodeIgniter\Model->insert(Array)
#8 D:\xampp\htdocs\bp\system\CodeIgniter.php(904): App\Controllers\Tbmodule->simpandata()
#9 D:\xampp\htdocs\bp\system\CodeIgniter.php(457): CodeIgniter\CodeIgniter->runController(Object(App\Controllers\Tbmodule))
#10 D:\xampp\htdocs\bp\system\CodeIgniter.php(340): CodeIgniter\CodeIgniter->handleRequest(NULL, Object(Config\Cache), false)
#11 D:\xampp\htdocs\bp\public\index.php(67): CodeIgniter\CodeIgniter->run()
#12 D:\xampp\htdocs\bp\system\Commands\Server\rewrite.php(43): require_once('D:\\xampp\\htdocs...')
#13 {main}
CRITICAL - 2023-03-04 13:48:43 --> Column 'cmainmenu' cannot be null
in SYSTEMPATH\Database\MySQLi\Connection.php on line 292.
 1 SYSTEMPATH\Database\MySQLi\Connection.php(292): mysqli->query('INSERT INTO `tbmodule` (`nurut`, `cmodule`, `cmenu`, `clokasi_menu`, `cmainmenu`, `nlevel`, `created_at`, `updated_at`) VALUES (\'22\', \'asasas\', \'\', \'\', NULL, \'\', \'2023-03-04 13:48:43\', \'2023-03-04 13:48:43\')', 0)
 2 SYSTEMPATH\Database\BaseConnection.php(693): CodeIgniter\Database\MySQLi\Connection->execute('INSERT INTO `tbmodule` (`nurut`, `cmodule`, `cmenu`, `clokasi_menu`, `cmainmenu`, `nlevel`, `created_at`, `updated_at`) VALUES (\'22\', \'asasas\', \'\', \'\', NULL, \'\', \'2023-03-04 13:48:43\', \'2023-03-04 13:48:43\')')
 3 SYSTEMPATH\Database\BaseConnection.php(620): CodeIgniter\Database\BaseConnection->simpleQuery('INSERT INTO `tbmodule` (`nurut`, `cmodule`, `cmenu`, `clokasi_menu`, `cmainmenu`, `nlevel`, `created_at`, `updated_at`) VALUES (\'22\', \'asasas\', \'\', \'\', NULL, \'\', \'2023-03-04 13:48:43\', \'2023-03-04 13:48:43\')')
 4 SYSTEMPATH\Database\BaseBuilder.php(1916): CodeIgniter\Database\BaseConnection->query('INSERT INTO `tbmodule` (`nurut`, `cmodule`, `cmenu`, `clokasi_menu`, `cmainmenu`, `nlevel`, `created_at`, `updated_at`) VALUES (:nurut:, :cmodule:, :cmenu:, :clokasi_menu:, :cmainmenu:, :nlevel:, :created_at:, :updated_at:)', [...], false)
 5 SYSTEMPATH\Model.php(279): CodeIgniter\Database\BaseBuilder->insert()
 6 SYSTEMPATH\BaseModel.php(738): CodeIgniter\Model->doInsert([...])
 7 SYSTEMPATH\Model.php(667): CodeIgniter\BaseModel->insert([...], true)
 8 APPPATH\Controllers\Tbmodule.php(155): CodeIgniter\Model->insert([...])
 9 SYSTEMPATH\CodeIgniter.php(904): App\Controllers\Tbmodule->simpandata()
10 SYSTEMPATH\CodeIgniter.php(457): CodeIgniter\CodeIgniter->runController(Object(App\Controllers\Tbmodule))
11 SYSTEMPATH\CodeIgniter.php(340): CodeIgniter\CodeIgniter->handleRequest(null, Object(Config\Cache), false)
12 FCPATH\index.php(67): CodeIgniter\CodeIgniter->run()
13 SYSTEMPATH\Commands\Server\rewrite.php(43): require_once('FCPATH\\index.php')
CRITICAL - 2023-03-04 14:59:38 --> Cannot use object of type stdClass as array
in APPPATH\Views\tbjasa\tabel_jasa.php on line 61.
 1 SYSTEMPATH\View\View.php(213): include()
 2 SYSTEMPATH\View\View.php(216): CodeIgniter\View\View->CodeIgniter\View\{closure}()
 3 SYSTEMPATH\Common.php(1142): CodeIgniter\View\View->render('tbjasa/tabel_jasa', [], true)
 4 APPPATH\Controllers\Tbjasa.php(270): view('tbjasa/tabel_jasa', [...])
 5 SYSTEMPATH\CodeIgniter.php(904): App\Controllers\Tbjasa->table_jasa()
 6 SYSTEMPATH\CodeIgniter.php(457): CodeIgniter\CodeIgniter->runController(Object(App\Controllers\Tbjasa))
 7 SYSTEMPATH\CodeIgniter.php(340): CodeIgniter\CodeIgniter->handleRequest(null, Object(Config\Cache), false)
 8 FCPATH\index.php(67): CodeIgniter\CodeIgniter->run()
 9 SYSTEMPATH\Commands\Server\rewrite.php(43): require_once('FCPATH\\index.php')
CRITICAL - 2023-03-04 14:59:48 --> Cannot use object of type stdClass as array
in APPPATH\Views\tbjasa\tabel_jasa.php on line 61.
 1 SYSTEMPATH\View\View.php(213): include()
 2 SYSTEMPATH\View\View.php(216): CodeIgniter\View\View->CodeIgniter\View\{closure}()
 3 SYSTEMPATH\Common.php(1142): CodeIgniter\View\View->render('tbjasa/tabel_jasa', [], true)
 4 APPPATH\Controllers\Tbjasa.php(270): view('tbjasa/tabel_jasa', [...])
 5 SYSTEMPATH\CodeIgniter.php(904): App\Controllers\Tbjasa->table_jasa()
 6 SYSTEMPATH\CodeIgniter.php(457): CodeIgniter\CodeIgniter->runController(Object(App\Controllers\Tbjasa))
 7 SYSTEMPATH\CodeIgniter.php(340): CodeIgniter\CodeIgniter->handleRequest(null, Object(Config\Cache), false)
 8 FCPATH\index.php(67): CodeIgniter\CodeIgniter->run()
 9 SYSTEMPATH\Commands\Server\rewrite.php(43): require_once('FCPATH\\index.php')
CRITICAL - 2023-03-04 14:59:50 --> Cannot use object of type stdClass as array
in APPPATH\Views\tbjasa\tabel_jasa.php on line 61.
 1 SYSTEMPATH\View\View.php(213): include()
 2 SYSTEMPATH\View\View.php(216): CodeIgniter\View\View->CodeIgniter\View\{closure}()
 3 SYSTEMPATH\Common.php(1142): CodeIgniter\View\View->render('tbjasa/tabel_jasa', [], true)
 4 APPPATH\Controllers\Tbjasa.php(270): view('tbjasa/tabel_jasa', [...])
 5 SYSTEMPATH\CodeIgniter.php(904): App\Controllers\Tbjasa->table_jasa()
 6 SYSTEMPATH\CodeIgniter.php(457): CodeIgniter\CodeIgniter->runController(Object(App\Controllers\Tbjasa))
 7 SYSTEMPATH\CodeIgniter.php(340): CodeIgniter\CodeIgniter->handleRequest(null, Object(Config\Cache), false)
 8 FCPATH\index.php(67): CodeIgniter\CodeIgniter->run()
 9 SYSTEMPATH\Commands\Server\rewrite.php(43): require_once('FCPATH\\index.php')
CRITICAL - 2023-03-04 15:00:35 --> Cannot use object of type stdClass as array
in APPPATH\Views\tbjasa\tabel_jasa.php on line 61.
 1 SYSTEMPATH\View\View.php(213): include()
 2 SYSTEMPATH\View\View.php(216): CodeIgniter\View\View->CodeIgniter\View\{closure}()
 3 SYSTEMPATH\Common.php(1142): CodeIgniter\View\View->render('tbjasa/tabel_jasa', [], true)
 4 APPPATH\Controllers\Tbjasa.php(270): view('tbjasa/tabel_jasa', [...])
 5 SYSTEMPATH\CodeIgniter.php(904): App\Controllers\Tbjasa->table_jasa()
 6 SYSTEMPATH\CodeIgniter.php(457): CodeIgniter\CodeIgniter->runController(Object(App\Controllers\Tbjasa))
 7 SYSTEMPATH\CodeIgniter.php(340): CodeIgniter\CodeIgniter->handleRequest(null, Object(Config\Cache), false)
 8 FCPATH\index.php(67): CodeIgniter\CodeIgniter->run()
 9 SYSTEMPATH\Commands\Server\rewrite.php(43): require_once('FCPATH\\index.php')
CRITICAL - 2023-03-04 15:01:30 --> Cannot use object of type stdClass as array
in APPPATH\Views\tbjasa\tabel_jasa.php on line 63.
 1 SYSTEMPATH\View\View.php(213): include()
 2 SYSTEMPATH\View\View.php(216): CodeIgniter\View\View->CodeIgniter\View\{closure}()
 3 SYSTEMPATH\Common.php(1142): CodeIgniter\View\View->render('tbjasa/tabel_jasa', [], true)
 4 APPPATH\Controllers\Tbjasa.php(270): view('tbjasa/tabel_jasa', [...])
 5 SYSTEMPATH\CodeIgniter.php(904): App\Controllers\Tbjasa->table_jasa()
 6 SYSTEMPATH\CodeIgniter.php(457): CodeIgniter\CodeIgniter->runController(Object(App\Controllers\Tbjasa))
 7 SYSTEMPATH\CodeIgniter.php(340): CodeIgniter\CodeIgniter->handleRequest(null, Object(Config\Cache), false)
 8 FCPATH\index.php(67): CodeIgniter\CodeIgniter->run()
 9 SYSTEMPATH\Commands\Server\rewrite.php(43): require_once('FCPATH\\index.php')
