CRITICAL - 2023-07-07 09:41:31 --> Undefined array key "kdsatuan"
in APPPATH\Views\beli_part\modalcaripo.php on line 33.
 1 APPPATH\Views\beli_part\modalcaripo.php(33): CodeIgniter\Debug\Exceptions->errorHandler(2, 'Undefined array key "kdsatuan"', 'APPPATH\\Views\\beli_part\\modalcaripo.php', 33)
 2 SYSTEMPATH\View\View.php(213): include('APPPATH\\Views\\beli_part\\modalcaripo.php')
 3 SYSTEMPATH\View\View.php(216): CodeIgniter\View\View->CodeIgniter\View\{closure}()
 4 SYSTEMPATH\Common.php(1142): CodeIgniter\View\View->render('beli_part/modalcaripo', [], true)
 5 APPPATH\Controllers\Beli_part.php(539): view('beli_part/modalcaripo', [...])
 6 SYSTEMPATH\CodeIgniter.php(904): App\Controllers\Beli_part->caridatapo()
 7 SYSTEMPATH\CodeIgniter.php(457): CodeIgniter\CodeIgniter->runController(Object(App\Controllers\Beli_part))
 8 SYSTEMPATH\CodeIgniter.php(340): CodeIgniter\CodeIgniter->handleRequest(null, Object(Config\Cache), false)
 9 FCPATH\index.php(67): CodeIgniter\CodeIgniter->run()
10 SYSTEMPATH\Commands\Server\rewrite.php(43): require_once('FCPATH\\index.php')
CRITICAL - 2023-07-07 09:41:40 --> Undefined array key "kdsatuan"
in APPPATH\Views\beli_part\modalcaripo.php on line 33.
 1 APPPATH\Views\beli_part\modalcaripo.php(33): CodeIgniter\Debug\Exceptions->errorHandler(2, 'Undefined array key "kdsatuan"', 'APPPATH\\Views\\beli_part\\modalcaripo.php', 33)
 2 SYSTEMPATH\View\View.php(213): include('APPPATH\\Views\\beli_part\\modalcaripo.php')
 3 SYSTEMPATH\View\View.php(216): CodeIgniter\View\View->CodeIgniter\View\{closure}()
 4 SYSTEMPATH\Common.php(1142): CodeIgniter\View\View->render('beli_part/modalcaripo', [], true)
 5 APPPATH\Controllers\Beli_part.php(539): view('beli_part/modalcaripo', [...])
 6 SYSTEMPATH\CodeIgniter.php(904): App\Controllers\Beli_part->caridatapo()
 7 SYSTEMPATH\CodeIgniter.php(457): CodeIgniter\CodeIgniter->runController(Object(App\Controllers\Beli_part))
 8 SYSTEMPATH\CodeIgniter.php(340): CodeIgniter\CodeIgniter->handleRequest(null, Object(Config\Cache), false)
 9 FCPATH\index.php(67): CodeIgniter\CodeIgniter->run()
10 SYSTEMPATH\Commands\Server\rewrite.php(43): require_once('FCPATH\\index.php')
CRITICAL - 2023-07-07 10:52:09 --> Undefined array key "nopo"
in APPPATH\Controllers\Beli_part.php on line 555.
 1 APPPATH\Controllers\Beli_part.php(555): CodeIgniter\Debug\Exceptions->errorHandler(2, 'Undefined array key "nopo"', 'APPPATH\\Controllers\\Beli_part.php', 555)
 2 SYSTEMPATH\CodeIgniter.php(904): App\Controllers\Beli_part->replpo()
 3 SYSTEMPATH\CodeIgniter.php(457): CodeIgniter\CodeIgniter->runController(Object(App\Controllers\Beli_part))
 4 SYSTEMPATH\CodeIgniter.php(340): CodeIgniter\CodeIgniter->handleRequest(null, Object(Config\Cache), false)
 5 FCPATH\index.php(67): CodeIgniter\CodeIgniter->run()
 6 SYSTEMPATH\Commands\Server\rewrite.php(43): require_once('FCPATH\\index.php')
CRITICAL - 2023-07-07 11:02:42 --> Undefined array key "nopo"
in APPPATH\Controllers\Beli_part.php on line 555.
 1 APPPATH\Controllers\Beli_part.php(555): CodeIgniter\Debug\Exceptions->errorHandler(2, 'Undefined array key "nopo"', 'APPPATH\\Controllers\\Beli_part.php', 555)
 2 SYSTEMPATH\CodeIgniter.php(904): App\Controllers\Beli_part->replpo()
 3 SYSTEMPATH\CodeIgniter.php(457): CodeIgniter\CodeIgniter->runController(Object(App\Controllers\Beli_part))
 4 SYSTEMPATH\CodeIgniter.php(340): CodeIgniter\CodeIgniter->handleRequest(null, Object(Config\Cache), false)
 5 FCPATH\index.php(67): CodeIgniter\CodeIgniter->run()
 6 SYSTEMPATH\Commands\Server\rewrite.php(43): require_once('FCPATH\\index.php')
CRITICAL - 2023-07-07 11:03:02 --> Undefined array key "nopo"
in APPPATH\Controllers\Beli_part.php on line 555.
 1 APPPATH\Controllers\Beli_part.php(555): CodeIgniter\Debug\Exceptions->errorHandler(2, 'Undefined array key "nopo"', 'APPPATH\\Controllers\\Beli_part.php', 555)
 2 SYSTEMPATH\CodeIgniter.php(904): App\Controllers\Beli_part->replpo()
 3 SYSTEMPATH\CodeIgniter.php(457): CodeIgniter\CodeIgniter->runController(Object(App\Controllers\Beli_part))
 4 SYSTEMPATH\CodeIgniter.php(340): CodeIgniter\CodeIgniter->handleRequest(null, Object(Config\Cache), false)
 5 FCPATH\index.php(67): CodeIgniter\CodeIgniter->run()
 6 SYSTEMPATH\Commands\Server\rewrite.php(43): require_once('FCPATH\\index.php')
CRITICAL - 2023-07-07 11:03:09 --> Undefined array key "nopo"
in APPPATH\Controllers\Beli_part.php on line 555.
 1 APPPATH\Controllers\Beli_part.php(555): CodeIgniter\Debug\Exceptions->errorHandler(2, 'Undefined array key "nopo"', 'APPPATH\\Controllers\\Beli_part.php', 555)
 2 SYSTEMPATH\CodeIgniter.php(904): App\Controllers\Beli_part->replpo()
 3 SYSTEMPATH\CodeIgniter.php(457): CodeIgniter\CodeIgniter->runController(Object(App\Controllers\Beli_part))
 4 SYSTEMPATH\CodeIgniter.php(340): CodeIgniter\CodeIgniter->handleRequest(null, Object(Config\Cache), false)
 5 FCPATH\index.php(67): CodeIgniter\CodeIgniter->run()
 6 SYSTEMPATH\Commands\Server\rewrite.php(43): require_once('FCPATH\\index.php')
CRITICAL - 2023-07-07 11:04:07 --> Undefined array key "nopo"
in APPPATH\Controllers\Beli_part.php on line 555.
 1 APPPATH\Controllers\Beli_part.php(555): CodeIgniter\Debug\Exceptions->errorHandler(2, 'Undefined array key "nopo"', 'APPPATH\\Controllers\\Beli_part.php', 555)
 2 SYSTEMPATH\CodeIgniter.php(904): App\Controllers\Beli_part->replpo()
 3 SYSTEMPATH\CodeIgniter.php(457): CodeIgniter\CodeIgniter->runController(Object(App\Controllers\Beli_part))
 4 SYSTEMPATH\CodeIgniter.php(340): CodeIgniter\CodeIgniter->handleRequest(null, Object(Config\Cache), false)
 5 FCPATH\index.php(67): CodeIgniter\CodeIgniter->run()
 6 SYSTEMPATH\Commands\Server\rewrite.php(43): require_once('FCPATH\\index.php')
CRITICAL - 2023-07-07 11:05:35 --> Undefined array key "nopo"
in APPPATH\Controllers\Beli_part.php on line 555.
 1 APPPATH\Controllers\Beli_part.php(555): CodeIgniter\Debug\Exceptions->errorHandler(2, 'Undefined array key "nopo"', 'APPPATH\\Controllers\\Beli_part.php', 555)
 2 SYSTEMPATH\CodeIgniter.php(904): App\Controllers\Beli_part->replpo()
 3 SYSTEMPATH\CodeIgniter.php(457): CodeIgniter\CodeIgniter->runController(Object(App\Controllers\Beli_part))
 4 SYSTEMPATH\CodeIgniter.php(340): CodeIgniter\CodeIgniter->handleRequest(null, Object(Config\Cache), false)
 5 FCPATH\index.php(67): CodeIgniter\CodeIgniter->run()
 6 SYSTEMPATH\Commands\Server\rewrite.php(43): require_once('FCPATH\\index.php')
CRITICAL - 2023-07-07 11:06:52 --> Undefined array key "tglpo"
in APPPATH\Controllers\Beli_part.php on line 556.
 1 APPPATH\Controllers\Beli_part.php(556): CodeIgniter\Debug\Exceptions->errorHandler(2, 'Undefined array key "tglpo"', 'APPPATH\\Controllers\\Beli_part.php', 556)
 2 SYSTEMPATH\CodeIgniter.php(904): App\Controllers\Beli_part->replpo()
 3 SYSTEMPATH\CodeIgniter.php(457): CodeIgniter\CodeIgniter->runController(Object(App\Controllers\Beli_part))
 4 SYSTEMPATH\CodeIgniter.php(340): CodeIgniter\CodeIgniter->handleRequest(null, Object(Config\Cache), false)
 5 FCPATH\index.php(67): CodeIgniter\CodeIgniter->run()
 6 SYSTEMPATH\Commands\Server\rewrite.php(43): require_once('FCPATH\\index.php')
CRITICAL - 2023-07-07 11:11:15 --> Cannot access offset of type string on string
in APPPATH\Controllers\Po_part.php on line 338.
 1 SYSTEMPATH\CodeIgniter.php(904): App\Controllers\Po_part->simpan_po_partd()
 2 SYSTEMPATH\CodeIgniter.php(457): CodeIgniter\CodeIgniter->runController(Object(App\Controllers\Po_part))
 3 SYSTEMPATH\CodeIgniter.php(340): CodeIgniter\CodeIgniter->handleRequest(null, Object(Config\Cache), false)
 4 FCPATH\index.php(67): CodeIgniter\CodeIgniter->run()
 5 SYSTEMPATH\Commands\Server\rewrite.php(43): require_once('FCPATH\\index.php')
CRITICAL - 2023-07-07 11:11:49 --> Cannot access offset of type string on string
in APPPATH\Controllers\Po_part.php on line 456.
 1 SYSTEMPATH\CodeIgniter.php(904): App\Controllers\Po_part->hitung_summary_po()
 2 SYSTEMPATH\CodeIgniter.php(457): CodeIgniter\CodeIgniter->runController(Object(App\Controllers\Po_part))
 3 SYSTEMPATH\CodeIgniter.php(340): CodeIgniter\CodeIgniter->handleRequest(null, Object(Config\Cache), false)
 4 FCPATH\index.php(67): CodeIgniter\CodeIgniter->run()
 5 SYSTEMPATH\Commands\Server\rewrite.php(43): require_once('FCPATH\\index.php')
CRITICAL - 2023-07-07 11:15:40 --> Cannot access offset of type string on string
in APPPATH\Controllers\Po_part.php on line 338.
 1 SYSTEMPATH\CodeIgniter.php(904): App\Controllers\Po_part->simpan_po_partd()
 2 SYSTEMPATH\CodeIgniter.php(457): CodeIgniter\CodeIgniter->runController(Object(App\Controllers\Po_part))
 3 SYSTEMPATH\CodeIgniter.php(340): CodeIgniter\CodeIgniter->handleRequest(null, Object(Config\Cache), false)
 4 FCPATH\index.php(67): CodeIgniter\CodeIgniter->run()
 5 SYSTEMPATH\Commands\Server\rewrite.php(43): require_once('FCPATH\\index.php')
CRITICAL - 2023-07-07 11:26:00 --> Undefined array key "close"
in APPPATH\Controllers\Po_part.php on line 616.
 1 APPPATH\Controllers\Po_part.php(616): CodeIgniter\Debug\Exceptions->errorHandler(2, 'Undefined array key "close"', 'APPPATH\\Controllers\\Po_part.php', 616)
 2 SYSTEMPATH\CodeIgniter.php(904): App\Controllers\Po_part->hapus_po_partd()
 3 SYSTEMPATH\CodeIgniter.php(457): CodeIgniter\CodeIgniter->runController(Object(App\Controllers\Po_part))
 4 SYSTEMPATH\CodeIgniter.php(340): CodeIgniter\CodeIgniter->handleRequest(null, Object(Config\Cache), false)
 5 FCPATH\index.php(67): CodeIgniter\CodeIgniter->run()
 6 SYSTEMPATH\Commands\Server\rewrite.php(43): require_once('FCPATH\\index.php')
CRITICAL - 2023-07-07 11:26:03 --> Undefined array key "close"
in APPPATH\Controllers\Po_part.php on line 616.
 1 APPPATH\Controllers\Po_part.php(616): CodeIgniter\Debug\Exceptions->errorHandler(2, 'Undefined array key "close"', 'APPPATH\\Controllers\\Po_part.php', 616)
 2 SYSTEMPATH\CodeIgniter.php(904): App\Controllers\Po_part->hapus_po_partd()
 3 SYSTEMPATH\CodeIgniter.php(457): CodeIgniter\CodeIgniter->runController(Object(App\Controllers\Po_part))
 4 SYSTEMPATH\CodeIgniter.php(340): CodeIgniter\CodeIgniter->handleRequest(null, Object(Config\Cache), false)
 5 FCPATH\index.php(67): CodeIgniter\CodeIgniter->run()
 6 SYSTEMPATH\Commands\Server\rewrite.php(43): require_once('FCPATH\\index.php')
CRITICAL - 2023-07-07 11:26:37 --> Undefined array key "close"
in APPPATH\Controllers\Po_part.php on line 616.
 1 APPPATH\Controllers\Po_part.php(616): CodeIgniter\Debug\Exceptions->errorHandler(2, 'Undefined array key "close"', 'APPPATH\\Controllers\\Po_part.php', 616)
 2 SYSTEMPATH\CodeIgniter.php(904): App\Controllers\Po_part->hapus_po_partd()
 3 SYSTEMPATH\CodeIgniter.php(457): CodeIgniter\CodeIgniter->runController(Object(App\Controllers\Po_part))
 4 SYSTEMPATH\CodeIgniter.php(340): CodeIgniter\CodeIgniter->handleRequest(null, Object(Config\Cache), false)
 5 FCPATH\index.php(67): CodeIgniter\CodeIgniter->run()
 6 SYSTEMPATH\Commands\Server\rewrite.php(43): require_once('FCPATH\\index.php')
CRITICAL - 2023-07-07 11:26:45 --> Undefined array key "close"
in APPPATH\Controllers\Po_part.php on line 616.
 1 APPPATH\Controllers\Po_part.php(616): CodeIgniter\Debug\Exceptions->errorHandler(2, 'Undefined array key "close"', 'APPPATH\\Controllers\\Po_part.php', 616)
 2 SYSTEMPATH\CodeIgniter.php(904): App\Controllers\Po_part->hapus_po_partd()
 3 SYSTEMPATH\CodeIgniter.php(457): CodeIgniter\CodeIgniter->runController(Object(App\Controllers\Po_part))
 4 SYSTEMPATH\CodeIgniter.php(340): CodeIgniter\CodeIgniter->handleRequest(null, Object(Config\Cache), false)
 5 FCPATH\index.php(67): CodeIgniter\CodeIgniter->run()
 6 SYSTEMPATH\Commands\Server\rewrite.php(43): require_once('FCPATH\\index.php')
CRITICAL - 2023-07-07 11:28:17 --> Undefined array key "close"
in APPPATH\Controllers\Po_part.php on line 617.
 1 APPPATH\Controllers\Po_part.php(617): CodeIgniter\Debug\Exceptions->errorHandler(2, 'Undefined array key "close"', 'APPPATH\\Controllers\\Po_part.php', 617)
 2 SYSTEMPATH\CodeIgniter.php(904): App\Controllers\Po_part->hapus_po_partd()
 3 SYSTEMPATH\CodeIgniter.php(457): CodeIgniter\CodeIgniter->runController(Object(App\Controllers\Po_part))
 4 SYSTEMPATH\CodeIgniter.php(340): CodeIgniter\CodeIgniter->handleRequest(null, Object(Config\Cache), false)
 5 FCPATH\index.php(67): CodeIgniter\CodeIgniter->run()
 6 SYSTEMPATH\Commands\Server\rewrite.php(43): require_once('FCPATH\\index.php')
CRITICAL - 2023-07-07 11:28:55 --> Undefined array key "close"
in APPPATH\Controllers\Po_part.php on line 617.
 1 APPPATH\Controllers\Po_part.php(617): CodeIgniter\Debug\Exceptions->errorHandler(2, 'Undefined array key "close"', 'APPPATH\\Controllers\\Po_part.php', 617)
 2 SYSTEMPATH\CodeIgniter.php(904): App\Controllers\Po_part->hapus_po_partd()
 3 SYSTEMPATH\CodeIgniter.php(457): CodeIgniter\CodeIgniter->runController(Object(App\Controllers\Po_part))
 4 SYSTEMPATH\CodeIgniter.php(340): CodeIgniter\CodeIgniter->handleRequest(null, Object(Config\Cache), false)
 5 FCPATH\index.php(67): CodeIgniter\CodeIgniter->run()
 6 SYSTEMPATH\Commands\Server\rewrite.php(43): require_once('FCPATH\\index.php')
CRITICAL - 2023-07-07 11:29:51 --> Undefined array key "close"
in APPPATH\Controllers\Po_part.php on line 617.
 1 APPPATH\Controllers\Po_part.php(617): CodeIgniter\Debug\Exceptions->errorHandler(2, 'Undefined array key "close"', 'APPPATH\\Controllers\\Po_part.php', 617)
 2 SYSTEMPATH\CodeIgniter.php(904): App\Controllers\Po_part->hapus_po_partd()
 3 SYSTEMPATH\CodeIgniter.php(457): CodeIgniter\CodeIgniter->runController(Object(App\Controllers\Po_part))
 4 SYSTEMPATH\CodeIgniter.php(340): CodeIgniter\CodeIgniter->handleRequest(null, Object(Config\Cache), false)
 5 FCPATH\index.php(67): CodeIgniter\CodeIgniter->run()
 6 SYSTEMPATH\Commands\Server\rewrite.php(43): require_once('FCPATH\\index.php')
CRITICAL - 2023-07-07 11:32:02 --> Undefined array key "close"
in APPPATH\Controllers\Po_part.php on line 614.
 1 APPPATH\Controllers\Po_part.php(614): CodeIgniter\Debug\Exceptions->errorHandler(2, 'Undefined array key "close"', 'APPPATH\\Controllers\\Po_part.php', 614)
 2 SYSTEMPATH\CodeIgniter.php(904): App\Controllers\Po_part->hapus_po_partd()
 3 SYSTEMPATH\CodeIgniter.php(457): CodeIgniter\CodeIgniter->runController(Object(App\Controllers\Po_part))
 4 SYSTEMPATH\CodeIgniter.php(340): CodeIgniter\CodeIgniter->handleRequest(null, Object(Config\Cache), false)
 5 FCPATH\index.php(67): CodeIgniter\CodeIgniter->run()
 6 SYSTEMPATH\Commands\Server\rewrite.php(43): require_once('FCPATH\\index.php')
CRITICAL - 2023-07-07 11:32:35 --> Undefined array key "close"
in APPPATH\Controllers\Po_part.php on line 614.
 1 APPPATH\Controllers\Po_part.php(614): CodeIgniter\Debug\Exceptions->errorHandler(2, 'Undefined array key "close"', 'APPPATH\\Controllers\\Po_part.php', 614)
 2 SYSTEMPATH\CodeIgniter.php(904): App\Controllers\Po_part->hapus_po_partd()
 3 SYSTEMPATH\CodeIgniter.php(457): CodeIgniter\CodeIgniter->runController(Object(App\Controllers\Po_part))
 4 SYSTEMPATH\CodeIgniter.php(340): CodeIgniter\CodeIgniter->handleRequest(null, Object(Config\Cache), false)
 5 FCPATH\index.php(67): CodeIgniter\CodeIgniter->run()
 6 SYSTEMPATH\Commands\Server\rewrite.php(43): require_once('FCPATH\\index.php')
CRITICAL - 2023-07-07 14:00:17 --> preg_replace(): Passing null to parameter #3 ($subject) of type array|string is deprecated
in APPPATH\Controllers\Po_part.php on line 264.
 1 [internal function]: CodeIgniter\Debug\Exceptions->errorHandler(8192, 'preg_replace(): Passing null to parameter #3 ($subject) of type array|string is deprecated', 'APPPATH\\Controllers\\Po_part.php', 264)
 2 APPPATH\Controllers\Po_part.php(264): preg_replace('/[^a-zA-Z0-9]/', 'ROOTPATH\\public', null)
 3 SYSTEMPATH\CodeIgniter.php(904): App\Controllers\Po_part->update_po_part()
 4 SYSTEMPATH\CodeIgniter.php(457): CodeIgniter\CodeIgniter->runController(Object(App\Controllers\Po_part))
 5 SYSTEMPATH\CodeIgniter.php(340): CodeIgniter\CodeIgniter->handleRequest(null, Object(Config\Cache), false)
 6 FCPATH\index.php(67): CodeIgniter\CodeIgniter->run()
 7 SYSTEMPATH\Commands\Server\rewrite.php(43): require_once('FCPATH\\index.php')
CRITICAL - 2023-07-07 14:01:08 --> preg_replace(): Passing null to parameter #3 ($subject) of type array|string is deprecated
in APPPATH\Controllers\Po_part.php on line 264.
 1 [internal function]: CodeIgniter\Debug\Exceptions->errorHandler(8192, 'preg_replace(): Passing null to parameter #3 ($subject) of type array|string is deprecated', 'APPPATH\\Controllers\\Po_part.php', 264)
 2 APPPATH\Controllers\Po_part.php(264): preg_replace('/[^a-zA-Z0-9]/', 'ROOTPATH\\public', null)
 3 SYSTEMPATH\CodeIgniter.php(904): App\Controllers\Po_part->update_po_part()
 4 SYSTEMPATH\CodeIgniter.php(457): CodeIgniter\CodeIgniter->runController(Object(App\Controllers\Po_part))
 5 SYSTEMPATH\CodeIgniter.php(340): CodeIgniter\CodeIgniter->handleRequest(null, Object(Config\Cache), false)
 6 FCPATH\index.php(67): CodeIgniter\CodeIgniter->run()
 7 SYSTEMPATH\Commands\Server\rewrite.php(43): require_once('FCPATH\\index.php')
CRITICAL - 2023-07-07 14:44:04 --> Undefined property: stdClass::$noBLli
in APPPATH\Controllers\Beli_part.php on line 137.
 1 APPPATH\Controllers\Beli_part.php(137): CodeIgniter\Debug\Exceptions->errorHandler(2, 'Undefined property: stdClass::$noBLli', 'APPPATH\\Controllers\\Beli_part.php', 137)
 2 SYSTEMPATH\CodeIgniter.php(904): App\Controllers\Beli_part->simpanbeli_part()
 3 SYSTEMPATH\CodeIgniter.php(457): CodeIgniter\CodeIgniter->runController(Object(App\Controllers\Beli_part))
 4 SYSTEMPATH\CodeIgniter.php(340): CodeIgniter\CodeIgniter->handleRequest(null, Object(Config\Cache), false)
 5 FCPATH\index.php(67): CodeIgniter\CodeIgniter->run()
 6 SYSTEMPATH\Commands\Server\rewrite.php(43): require_once('FCPATH\\index.php')
CRITICAL - 2023-07-07 15:10:18 --> Undefined variable $session
in APPPATH\Views\po_part\modaldetail.php on line 5.
 1 APPPATH\Views\po_part\modaldetail.php(5): CodeIgniter\Debug\Exceptions->errorHandler(2, 'Undefined variable $session', 'APPPATH\\Views\\po_part\\modaldetail.php', 5)
 2 SYSTEMPATH\View\View.php(213): include('APPPATH\\Views\\po_part\\modaldetail.php')
 3 SYSTEMPATH\View\View.php(216): CodeIgniter\View\View->CodeIgniter\View\{closure}()
 4 SYSTEMPATH\Common.php(1142): CodeIgniter\View\View->render('po_part/modaldetail', [], true)
 5 APPPATH\Controllers\Po_part.php(102): view('po_part/modaldetail', [...])
 6 SYSTEMPATH\CodeIgniter.php(904): App\Controllers\Po_part->formdetail()
 7 SYSTEMPATH\CodeIgniter.php(457): CodeIgniter\CodeIgniter->runController(Object(App\Controllers\Po_part))
 8 SYSTEMPATH\CodeIgniter.php(340): CodeIgniter\CodeIgniter->handleRequest(null, Object(Config\Cache), false)
 9 FCPATH\index.php(67): CodeIgniter\CodeIgniter->run()
10 SYSTEMPATH\Commands\Server\rewrite.php(43): require_once('FCPATH\\index.php')
CRITICAL - 2023-07-07 15:10:37 --> Undefined variable $edit
in APPPATH\Views\po_part\modaldetail.php on line 20.
 1 APPPATH\Views\po_part\modaldetail.php(20): CodeIgniter\Debug\Exceptions->errorHandler(2, 'Undefined variable $edit', 'APPPATH\\Views\\po_part\\modaldetail.php', 20)
 2 SYSTEMPATH\View\View.php(213): include('APPPATH\\Views\\po_part\\modaldetail.php')
 3 SYSTEMPATH\View\View.php(216): CodeIgniter\View\View->CodeIgniter\View\{closure}()
 4 SYSTEMPATH\Common.php(1142): CodeIgniter\View\View->render('po_part/modaldetail', [], true)
 5 APPPATH\Controllers\Po_part.php(102): view('po_part/modaldetail', [...])
 6 SYSTEMPATH\CodeIgniter.php(904): App\Controllers\Po_part->formdetail()
 7 SYSTEMPATH\CodeIgniter.php(457): CodeIgniter\CodeIgniter->runController(Object(App\Controllers\Po_part))
 8 SYSTEMPATH\CodeIgniter.php(340): CodeIgniter\CodeIgniter->handleRequest(null, Object(Config\Cache), false)
 9 FCPATH\index.php(67): CodeIgniter\CodeIgniter->run()
10 SYSTEMPATH\Commands\Server\rewrite.php(43): require_once('FCPATH\\index.php')
CRITICAL - 2023-07-07 15:17:24 --> Undefined variable $edit
in APPPATH\Views\po_part\modaldetail.php on line 21.
 1 APPPATH\Views\po_part\modaldetail.php(21): CodeIgniter\Debug\Exceptions->errorHandler(2, 'Undefined variable $edit', 'APPPATH\\Views\\po_part\\modaldetail.php', 21)
 2 SYSTEMPATH\View\View.php(213): include('APPPATH\\Views\\po_part\\modaldetail.php')
 3 SYSTEMPATH\View\View.php(216): CodeIgniter\View\View->CodeIgniter\View\{closure}()
 4 SYSTEMPATH\Common.php(1142): CodeIgniter\View\View->render('po_part/modaldetail', [], true)
 5 APPPATH\Controllers\Po_part.php(102): view('po_part/modaldetail', [...])
 6 SYSTEMPATH\CodeIgniter.php(904): App\Controllers\Po_part->formdetail()
 7 SYSTEMPATH\CodeIgniter.php(457): CodeIgniter\CodeIgniter->runController(Object(App\Controllers\Po_part))
 8 SYSTEMPATH\CodeIgniter.php(340): CodeIgniter\CodeIgniter->handleRequest(null, Object(Config\Cache), false)
 9 FCPATH\index.php(67): CodeIgniter\CodeIgniter->run()
10 SYSTEMPATH\Commands\Server\rewrite.php(43): require_once('FCPATH\\index.php')
CRITICAL - 2023-07-07 15:20:58 --> Undefined variable $nmform
in APPPATH\Views\po_part\tabel_po_partd.php on line 49.
 1 APPPATH\Views\po_part\tabel_po_partd.php(49): CodeIgniter\Debug\Exceptions->errorHandler(2, 'Undefined variable $nmform', 'APPPATH\\Views\\po_part\\tabel_po_partd.php', 49)
 2 SYSTEMPATH\View\View.php(213): include('APPPATH\\Views\\po_part\\tabel_po_partd.php')
 3 SYSTEMPATH\View\View.php(216): CodeIgniter\View\View->CodeIgniter\View\{closure}()
 4 SYSTEMPATH\Common.php(1142): CodeIgniter\View\View->render('po_part/tabel_po_partd', [], true)
 5 APPPATH\Controllers\Po_part.php(649): view('po_part/tabel_po_partd', [...])
 6 SYSTEMPATH\CodeIgniter.php(904): App\Controllers\Po_part->table_po_partd()
 7 SYSTEMPATH\CodeIgniter.php(457): CodeIgniter\CodeIgniter->runController(Object(App\Controllers\Po_part))
 8 SYSTEMPATH\CodeIgniter.php(340): CodeIgniter\CodeIgniter->handleRequest(null, Object(Config\Cache), false)
 9 FCPATH\index.php(67): CodeIgniter\CodeIgniter->run()
10 SYSTEMPATH\Commands\Server\rewrite.php(43): require_once('FCPATH\\index.php')
CRITICAL - 2023-07-07 15:21:03 --> Undefined variable $nmform
in APPPATH\Views\po_part\tabel_po_partd.php on line 49.
 1 APPPATH\Views\po_part\tabel_po_partd.php(49): CodeIgniter\Debug\Exceptions->errorHandler(2, 'Undefined variable $nmform', 'APPPATH\\Views\\po_part\\tabel_po_partd.php', 49)
 2 SYSTEMPATH\View\View.php(213): include('APPPATH\\Views\\po_part\\tabel_po_partd.php')
 3 SYSTEMPATH\View\View.php(216): CodeIgniter\View\View->CodeIgniter\View\{closure}()
 4 SYSTEMPATH\Common.php(1142): CodeIgniter\View\View->render('po_part/tabel_po_partd', [], true)
 5 APPPATH\Controllers\Po_part.php(649): view('po_part/tabel_po_partd', [...])
 6 SYSTEMPATH\CodeIgniter.php(904): App\Controllers\Po_part->table_po_partd()
 7 SYSTEMPATH\CodeIgniter.php(457): CodeIgniter\CodeIgniter->runController(Object(App\Controllers\Po_part))
 8 SYSTEMPATH\CodeIgniter.php(340): CodeIgniter\CodeIgniter->handleRequest(null, Object(Config\Cache), false)
 9 FCPATH\index.php(67): CodeIgniter\CodeIgniter->run()
10 SYSTEMPATH\Commands\Server\rewrite.php(43): require_once('FCPATH\\index.php')
CRITICAL - 2023-07-07 16:02:52 --> Call to undefined method App\Models\Beli_partdModel::getnopo
in SYSTEMPATH\Model.php on line 774.
 1 APPPATH\Controllers\Beli_part.php(714): CodeIgniter\Model->__call('getnopo', [...])
 2 SYSTEMPATH\CodeIgniter.php(904): App\Controllers\Beli_part->table_beli_partd()
 3 SYSTEMPATH\CodeIgniter.php(457): CodeIgniter\CodeIgniter->runController(Object(App\Controllers\Beli_part))
 4 SYSTEMPATH\CodeIgniter.php(340): CodeIgniter\CodeIgniter->handleRequest(null, Object(Config\Cache), false)
 5 FCPATH\index.php(67): CodeIgniter\CodeIgniter->run()
 6 SYSTEMPATH\Commands\Server\rewrite.php(43): require_once('FCPATH\\index.php')
CRITICAL - 2023-07-07 16:04:33 --> Call to undefined method App\Models\Beli_partdModel::getnopo
in SYSTEMPATH\Model.php on line 774.
 1 APPPATH\Controllers\Beli_part.php(714): CodeIgniter\Model->__call('getnopo', [...])
 2 SYSTEMPATH\CodeIgniter.php(904): App\Controllers\Beli_part->table_beli_partd()
 3 SYSTEMPATH\CodeIgniter.php(457): CodeIgniter\CodeIgniter->runController(Object(App\Controllers\Beli_part))
 4 SYSTEMPATH\CodeIgniter.php(340): CodeIgniter\CodeIgniter->handleRequest(null, Object(Config\Cache), false)
 5 FCPATH\index.php(67): CodeIgniter\CodeIgniter->run()
 6 SYSTEMPATH\Commands\Server\rewrite.php(43): require_once('FCPATH\\index.php')
CRITICAL - 2023-07-07 16:09:40 --> Undefined array key "nobeli"
in APPPATH\Controllers\Beli_part.php on line 710.
 1 APPPATH\Controllers\Beli_part.php(710): CodeIgniter\Debug\Exceptions->errorHandler(2, 'Undefined array key "nobeli"', 'APPPATH\\Controllers\\Beli_part.php', 710)
 2 SYSTEMPATH\CodeIgniter.php(904): App\Controllers\Beli_part->table_beli_partd()
 3 SYSTEMPATH\CodeIgniter.php(457): CodeIgniter\CodeIgniter->runController(Object(App\Controllers\Beli_part))
 4 SYSTEMPATH\CodeIgniter.php(340): CodeIgniter\CodeIgniter->handleRequest(null, Object(Config\Cache), false)
 5 FCPATH\index.php(67): CodeIgniter\CodeIgniter->run()
 6 SYSTEMPATH\Commands\Server\rewrite.php(43): require_once('FCPATH\\index.php')
CRITICAL - 2023-07-07 16:11:00 --> Undefined array key "nobeli"
in APPPATH\Controllers\Beli_part.php on line 710.
 1 APPPATH\Controllers\Beli_part.php(710): CodeIgniter\Debug\Exceptions->errorHandler(2, 'Undefined array key "nobeli"', 'APPPATH\\Controllers\\Beli_part.php', 710)
 2 SYSTEMPATH\CodeIgniter.php(904): App\Controllers\Beli_part->table_beli_partd()
 3 SYSTEMPATH\CodeIgniter.php(457): CodeIgniter\CodeIgniter->runController(Object(App\Controllers\Beli_part))
 4 SYSTEMPATH\CodeIgniter.php(340): CodeIgniter\CodeIgniter->handleRequest(null, Object(Config\Cache), false)
 5 FCPATH\index.php(67): CodeIgniter\CodeIgniter->run()
 6 SYSTEMPATH\Commands\Server\rewrite.php(43): require_once('FCPATH\\index.php')
CRITICAL - 2023-07-07 16:48:58 --> Call to undefined method App\Models\Po_partdModel::getnopo1
in SYSTEMPATH\Model.php on line 774.
 1 APPPATH\Controllers\Beli_part.php(172): CodeIgniter\Model->__call('getnopo1', [...])
 2 SYSTEMPATH\CodeIgniter.php(904): App\Controllers\Beli_part->simpanbeli_part()
 3 SYSTEMPATH\CodeIgniter.php(457): CodeIgniter\CodeIgniter->runController(Object(App\Controllers\Beli_part))
 4 SYSTEMPATH\CodeIgniter.php(340): CodeIgniter\CodeIgniter->handleRequest(null, Object(Config\Cache), false)
 5 FCPATH\index.php(67): CodeIgniter\CodeIgniter->run()
 6 SYSTEMPATH\Commands\Server\rewrite.php(43): require_once('FCPATH\\index.php')
CRITICAL - 2023-07-07 16:56:30 --> Undefined array key "proses"
in APPPATH\Controllers\Po_part.php on line 612.
 1 APPPATH\Controllers\Po_part.php(612): CodeIgniter\Debug\Exceptions->errorHandler(2, 'Undefined array key "proses"', 'APPPATH\\Controllers\\Po_part.php', 612)
 2 SYSTEMPATH\CodeIgniter.php(904): App\Controllers\Po_part->hapus_po_part()
 3 SYSTEMPATH\CodeIgniter.php(457): CodeIgniter\CodeIgniter->runController(Object(App\Controllers\Po_part))
 4 SYSTEMPATH\CodeIgniter.php(340): CodeIgniter\CodeIgniter->handleRequest(null, Object(Config\Cache), false)
 5 FCPATH\index.php(67): CodeIgniter\CodeIgniter->run()
 6 SYSTEMPATH\Commands\Server\rewrite.php(43): require_once('FCPATH\\index.php')
CRITICAL - 2023-07-07 16:59:05 --> Trying to access array offset on value of type null
in APPPATH\Controllers\Po_part.php on line 612.
 1 APPPATH\Controllers\Po_part.php(612): CodeIgniter\Debug\Exceptions->errorHandler(2, 'Trying to access array offset on value of type null', 'APPPATH\\Controllers\\Po_part.php', 612)
 2 SYSTEMPATH\CodeIgniter.php(904): App\Controllers\Po_part->hapus_po_part()
 3 SYSTEMPATH\CodeIgniter.php(457): CodeIgniter\CodeIgniter->runController(Object(App\Controllers\Po_part))
 4 SYSTEMPATH\CodeIgniter.php(340): CodeIgniter\CodeIgniter->handleRequest(null, Object(Config\Cache), false)
 5 FCPATH\index.php(67): CodeIgniter\CodeIgniter->run()
 6 SYSTEMPATH\Commands\Server\rewrite.php(43): require_once('FCPATH\\index.php')
CRITICAL - 2023-07-07 16:59:52 --> Trying to access array offset on value of type null
in APPPATH\Controllers\Po_part.php on line 612.
 1 APPPATH\Controllers\Po_part.php(612): CodeIgniter\Debug\Exceptions->errorHandler(2, 'Trying to access array offset on value of type null', 'APPPATH\\Controllers\\Po_part.php', 612)
 2 SYSTEMPATH\CodeIgniter.php(904): App\Controllers\Po_part->hapus_po_part()
 3 SYSTEMPATH\CodeIgniter.php(457): CodeIgniter\CodeIgniter->runController(Object(App\Controllers\Po_part))
 4 SYSTEMPATH\CodeIgniter.php(340): CodeIgniter\CodeIgniter->handleRequest(null, Object(Config\Cache), false)
 5 FCPATH\index.php(67): CodeIgniter\CodeIgniter->run()
 6 SYSTEMPATH\Commands\Server\rewrite.php(43): require_once('FCPATH\\index.php')
CRITICAL - 2023-07-07 17:02:06 --> Trying to access array offset on value of type null
in APPPATH\Controllers\Po_part.php on line 612.
 1 APPPATH\Controllers\Po_part.php(612): CodeIgniter\Debug\Exceptions->errorHandler(2, 'Trying to access array offset on value of type null', 'APPPATH\\Controllers\\Po_part.php', 612)
 2 SYSTEMPATH\CodeIgniter.php(904): App\Controllers\Po_part->hapus_po_part()
 3 SYSTEMPATH\CodeIgniter.php(457): CodeIgniter\CodeIgniter->runController(Object(App\Controllers\Po_part))
 4 SYSTEMPATH\CodeIgniter.php(340): CodeIgniter\CodeIgniter->handleRequest(null, Object(Config\Cache), false)
 5 FCPATH\index.php(67): CodeIgniter\CodeIgniter->run()
 6 SYSTEMPATH\Commands\Server\rewrite.php(43): require_once('FCPATH\\index.php')
