CRITICAL - 2023-02-28 04:06:10 --> Class "App\Models\EstimasibahanModel" not found
in APPPATH\Controllers\Estimasi.php on line 32.
 1 SYSTEMPATH\CodeIgniter.php(866): App\Controllers\Estimasi->__construct()
 2 SYSTEMPATH\CodeIgniter.php(448): CodeIgniter\CodeIgniter->createController()
 3 SYSTEMPATH\CodeIgniter.php(340): CodeIgniter\CodeIgniter->handleRequest(null, Object(Config\Cache), false)
 4 FCPATH\index.php(67): CodeIgniter\CodeIgniter->run()
 5 SYSTEMPATH\Commands\Server\rewrite.php(43): require_once('FCPATH\\index.php')
CRITICAL - 2023-02-28 17:06:55 --> Call to undefined method App\Models\EstimasioplModel::getnoestimasixxx
in SYSTEMPATH\Model.php on line 774.
 1 APPPATH\Controllers\Estimasi.php(915): CodeIgniter\Model->__call('getnoestimasixxx', [...])
 2 SYSTEMPATH\CodeIgniter.php(904): App\Controllers\Estimasi->table_estimasi_bahan()
 3 SYSTEMPATH\CodeIgniter.php(457): CodeIgniter\CodeIgniter->runController(Object(App\Controllers\Estimasi))
 4 SYSTEMPATH\CodeIgniter.php(340): CodeIgniter\CodeIgniter->handleRequest(null, Object(Config\Cache), false)
 5 FCPATH\index.php(67): CodeIgniter\CodeIgniter->run()
 6 SYSTEMPATH\Commands\Server\rewrite.php(43): require_once('FCPATH\\index.php')
CRITICAL - 2023-02-28 17:10:50 --> Undefined variable $summary_opl
in APPPATH\Views\estimasi\summary.php on line 18.
 1 APPPATH\Views\estimasi\summary.php(18): CodeIgniter\Debug\Exceptions->errorHandler(2, 'Undefined variable $summary_opl', 'APPPATH\\Views\\estimasi\\summary.php', 18)
 2 SYSTEMPATH\View\View.php(213): include('APPPATH\\Views\\estimasi\\summary.php')
 3 SYSTEMPATH\View\View.php(216): CodeIgniter\View\View->CodeIgniter\View\{closure}()
 4 SYSTEMPATH\Common.php(1142): CodeIgniter\View\View->render('estimasi/summary', [], true)
 5 APPPATH\Controllers\Estimasi.php(1141): view('estimasi/summary', [...])
 6 SYSTEMPATH\CodeIgniter.php(904): App\Controllers\Estimasi->summary()
 7 SYSTEMPATH\CodeIgniter.php(457): CodeIgniter\CodeIgniter->runController(Object(App\Controllers\Estimasi))
 8 SYSTEMPATH\CodeIgniter.php(340): CodeIgniter\CodeIgniter->handleRequest(null, Object(Config\Cache), false)
 9 FCPATH\index.php(67): CodeIgniter\CodeIgniter->run()
10 SYSTEMPATH\Commands\Server\rewrite.php(43): require_once('FCPATH\\index.php')
