ERROR - 2023-02-23 10:32:07 --> mysqli_sql_exception: Unknown column 'kelurahan' in 'field list' in D:\xampp\htdocs\bp\system\Database\MySQLi\Connection.php:292
Stack trace:
#0 D:\xampp\htdocs\bp\system\Database\MySQLi\Connection.php(292): mysqli->query('INSERT INTO `tb...', 0)
#1 D:\xampp\htdocs\bp\system\Database\BaseConnection.php(693): CodeIgniter\Database\MySQLi\Connection->execute('INSERT INTO `tb...')
#2 D:\xampp\htdocs\bp\system\Database\BaseConnection.php(620): CodeIgniter\Database\BaseConnection->simpleQuery('INSERT INTO `tb...')
#3 D:\xampp\htdocs\bp\system\Database\BaseBuilder.php(1916): CodeIgniter\Database\BaseConnection->query('INSERT INTO `tb...', Array, false)
#4 D:\xampp\htdocs\bp\system\Model.php(279): CodeIgniter\Database\BaseBuilder->insert()
#5 D:\xampp\htdocs\bp\system\BaseModel.php(738): CodeIgniter\Model->doInsert(Array)
#6 D:\xampp\htdocs\bp\system\Model.php(667): CodeIgniter\BaseModel->insert(Array, true)
#7 D:\xampp\htdocs\bp\app\Controllers\Tbsa.php(172): CodeIgniter\Model->insert(Array)
#8 D:\xampp\htdocs\bp\system\CodeIgniter.php(904): App\Controllers\Tbsa->simpandata()
#9 D:\xampp\htdocs\bp\system\CodeIgniter.php(457): CodeIgniter\CodeIgniter->runController(Object(App\Controllers\Tbsa))
#10 D:\xampp\htdocs\bp\system\CodeIgniter.php(340): CodeIgniter\CodeIgniter->handleRequest(NULL, Object(Config\Cache), false)
#11 D:\xampp\htdocs\bp\public\index.php(67): CodeIgniter\CodeIgniter->run()
#12 D:\xampp\htdocs\bp\system\Commands\Server\rewrite.php(43): require_once('D:\\xampp\\htdocs...')
#13 {main}
CRITICAL - 2023-02-23 10:32:07 --> Unknown column 'kelurahan' in 'field list'
in SYSTEMPATH\Database\MySQLi\Connection.php on line 292.
 1 SYSTEMPATH\Database\MySQLi\Connection.php(292): mysqli->query('INSERT INTO `tbsa` (`kdsa`, `nama`, `alamat`, `kelurahan`, `kota`, `kdsapos`, `nohp`, `aktif`, `user`, `created_at`, `updated_at`) VALUES (\'03\', \'3\', \'3\', \'3\', \'3\', \'3\', \'3\', \'Y\', \'Edit-Murod-23-02-2023 10:32:07\', \'2023-02-23 10:32:07\', \'2023-02-23 10:32:07\')', 0)
 2 SYSTEMPATH\Database\BaseConnection.php(693): CodeIgniter\Database\MySQLi\Connection->execute('INSERT INTO `tbsa` (`kdsa`, `nama`, `alamat`, `kelurahan`, `kota`, `kdsapos`, `nohp`, `aktif`, `user`, `created_at`, `updated_at`) VALUES (\'03\', \'3\', \'3\', \'3\', \'3\', \'3\', \'3\', \'Y\', \'Edit-Murod-23-02-2023 10:32:07\', \'2023-02-23 10:32:07\', \'2023-02-23 10:32:07\')')
 3 SYSTEMPATH\Database\BaseConnection.php(620): CodeIgniter\Database\BaseConnection->simpleQuery('INSERT INTO `tbsa` (`kdsa`, `nama`, `alamat`, `kelurahan`, `kota`, `kdsapos`, `nohp`, `aktif`, `user`, `created_at`, `updated_at`) VALUES (\'03\', \'3\', \'3\', \'3\', \'3\', \'3\', \'3\', \'Y\', \'Edit-Murod-23-02-2023 10:32:07\', \'2023-02-23 10:32:07\', \'2023-02-23 10:32:07\')')
 4 SYSTEMPATH\Database\BaseBuilder.php(1916): CodeIgniter\Database\BaseConnection->query('INSERT INTO `tbsa` (`kdsa`, `nama`, `alamat`, `kelurahan`, `kota`, `kdsapos`, `nohp`, `aktif`, `user`, `created_at`, `updated_at`) VALUES (:kdsa:, :nama:, :alamat:, :kelurahan:, :kota:, :kdsapos:, :nohp:, :aktif:, :user:, :created_at:, :updated_at:)', [...], false)
 5 SYSTEMPATH\Model.php(279): CodeIgniter\Database\BaseBuilder->insert()
 6 SYSTEMPATH\BaseModel.php(738): CodeIgniter\Model->doInsert([...])
 7 SYSTEMPATH\Model.php(667): CodeIgniter\BaseModel->insert([...], true)
 8 APPPATH\Controllers\Tbsa.php(172): CodeIgniter\Model->insert([...])
 9 SYSTEMPATH\CodeIgniter.php(904): App\Controllers\Tbsa->simpandata()
10 SYSTEMPATH\CodeIgniter.php(457): CodeIgniter\CodeIgniter->runController(Object(App\Controllers\Tbsa))
11 SYSTEMPATH\CodeIgniter.php(340): CodeIgniter\CodeIgniter->handleRequest(null, Object(Config\Cache), false)
12 FCPATH\index.php(67): CodeIgniter\CodeIgniter->run()
13 SYSTEMPATH\Commands\Server\rewrite.php(43): require_once('FCPATH\\index.php')
ERROR - 2023-02-23 10:32:30 --> mysqli_sql_exception: Unknown column 'kdsapos' in 'field list' in D:\xampp\htdocs\bp\system\Database\MySQLi\Connection.php:292
Stack trace:
#0 D:\xampp\htdocs\bp\system\Database\MySQLi\Connection.php(292): mysqli->query('INSERT INTO `tb...', 0)
#1 D:\xampp\htdocs\bp\system\Database\BaseConnection.php(693): CodeIgniter\Database\MySQLi\Connection->execute('INSERT INTO `tb...')
#2 D:\xampp\htdocs\bp\system\Database\BaseConnection.php(620): CodeIgniter\Database\BaseConnection->simpleQuery('INSERT INTO `tb...')
#3 D:\xampp\htdocs\bp\system\Database\BaseBuilder.php(1916): CodeIgniter\Database\BaseConnection->query('INSERT INTO `tb...', Array, false)
#4 D:\xampp\htdocs\bp\system\Model.php(279): CodeIgniter\Database\BaseBuilder->insert()
#5 D:\xampp\htdocs\bp\system\BaseModel.php(738): CodeIgniter\Model->doInsert(Array)
#6 D:\xampp\htdocs\bp\system\Model.php(667): CodeIgniter\BaseModel->insert(Array, true)
#7 D:\xampp\htdocs\bp\app\Controllers\Tbsa.php(172): CodeIgniter\Model->insert(Array)
#8 D:\xampp\htdocs\bp\system\CodeIgniter.php(904): App\Controllers\Tbsa->simpandata()
#9 D:\xampp\htdocs\bp\system\CodeIgniter.php(457): CodeIgniter\CodeIgniter->runController(Object(App\Controllers\Tbsa))
#10 D:\xampp\htdocs\bp\system\CodeIgniter.php(340): CodeIgniter\CodeIgniter->handleRequest(NULL, Object(Config\Cache), false)
#11 D:\xampp\htdocs\bp\public\index.php(67): CodeIgniter\CodeIgniter->run()
#12 D:\xampp\htdocs\bp\system\Commands\Server\rewrite.php(43): require_once('D:\\xampp\\htdocs...')
#13 {main}
CRITICAL - 2023-02-23 10:32:30 --> Unknown column 'kdsapos' in 'field list'
in SYSTEMPATH\Database\MySQLi\Connection.php on line 292.
 1 SYSTEMPATH\Database\MySQLi\Connection.php(292): mysqli->query('INSERT INTO `tbsa` (`kdsa`, `nama`, `alamat`, `kelurahan`, `kota`, `kdsapos`, `nohp`, `aktif`, `user`, `created_at`, `updated_at`) VALUES (\'03\', \'3\', \'3\', \'3\', \'3\', \'3\', \'3\', \'Y\', \'Edit-Murod-23-02-2023 10:32:30\', \'2023-02-23 10:32:30\', \'2023-02-23 10:32:30\')', 0)
 2 SYSTEMPATH\Database\BaseConnection.php(693): CodeIgniter\Database\MySQLi\Connection->execute('INSERT INTO `tbsa` (`kdsa`, `nama`, `alamat`, `kelurahan`, `kota`, `kdsapos`, `nohp`, `aktif`, `user`, `created_at`, `updated_at`) VALUES (\'03\', \'3\', \'3\', \'3\', \'3\', \'3\', \'3\', \'Y\', \'Edit-Murod-23-02-2023 10:32:30\', \'2023-02-23 10:32:30\', \'2023-02-23 10:32:30\')')
 3 SYSTEMPATH\Database\BaseConnection.php(620): CodeIgniter\Database\BaseConnection->simpleQuery('INSERT INTO `tbsa` (`kdsa`, `nama`, `alamat`, `kelurahan`, `kota`, `kdsapos`, `nohp`, `aktif`, `user`, `created_at`, `updated_at`) VALUES (\'03\', \'3\', \'3\', \'3\', \'3\', \'3\', \'3\', \'Y\', \'Edit-Murod-23-02-2023 10:32:30\', \'2023-02-23 10:32:30\', \'2023-02-23 10:32:30\')')
 4 SYSTEMPATH\Database\BaseBuilder.php(1916): CodeIgniter\Database\BaseConnection->query('INSERT INTO `tbsa` (`kdsa`, `nama`, `alamat`, `kelurahan`, `kota`, `kdsapos`, `nohp`, `aktif`, `user`, `created_at`, `updated_at`) VALUES (:kdsa:, :nama:, :alamat:, :kelurahan:, :kota:, :kdsapos:, :nohp:, :aktif:, :user:, :created_at:, :updated_at:)', [...], false)
 5 SYSTEMPATH\Model.php(279): CodeIgniter\Database\BaseBuilder->insert()
 6 SYSTEMPATH\BaseModel.php(738): CodeIgniter\Model->doInsert([...])
 7 SYSTEMPATH\Model.php(667): CodeIgniter\BaseModel->insert([...], true)
 8 APPPATH\Controllers\Tbsa.php(172): CodeIgniter\Model->insert([...])
 9 SYSTEMPATH\CodeIgniter.php(904): App\Controllers\Tbsa->simpandata()
10 SYSTEMPATH\CodeIgniter.php(457): CodeIgniter\CodeIgniter->runController(Object(App\Controllers\Tbsa))
11 SYSTEMPATH\CodeIgniter.php(340): CodeIgniter\CodeIgniter->handleRequest(null, Object(Config\Cache), false)
12 FCPATH\index.php(67): CodeIgniter\CodeIgniter->run()
13 SYSTEMPATH\Commands\Server\rewrite.php(43): require_once('FCPATH\\index.php')
CRITICAL - 2023-02-23 15:06:20 --> Undefined variable $tbsa
in APPPATH\Views\estimasi\editestimasi.php on line 69.
 1 APPPATH\Views\estimasi\editestimasi.php(69): CodeIgniter\Debug\Exceptions->errorHandler(2, 'Undefined variable $tbsa', 'APPPATH\\Views\\estimasi\\editestimasi.php', 69)
 2 SYSTEMPATH\View\View.php(213): include('APPPATH\\Views\\estimasi\\editestimasi.php')
 3 SYSTEMPATH\View\View.php(216): CodeIgniter\View\View->CodeIgniter\View\{closure}()
 4 SYSTEMPATH\Common.php(1142): CodeIgniter\View\View->render('estimasi/editestimasi', [], true)
 5 APPPATH\Controllers\Estimasi.php(314): view('estimasi/editestimasi', [...])
 6 SYSTEMPATH\CodeIgniter.php(904): App\Controllers\Estimasi->editestimasi()
 7 SYSTEMPATH\CodeIgniter.php(457): CodeIgniter\CodeIgniter->runController(Object(App\Controllers\Estimasi))
 8 SYSTEMPATH\CodeIgniter.php(340): CodeIgniter\CodeIgniter->handleRequest(null, Object(Config\Cache), false)
 9 FCPATH\index.php(67): CodeIgniter\CodeIgniter->run()
10 SYSTEMPATH\Commands\Server\rewrite.php(43): require_once('FCPATH\\index.php')
CRITICAL - 2023-02-23 15:08:52 --> Undefined variable $tbsa
in APPPATH\Views\estimasi\editestimasi.php on line 69.
 1 APPPATH\Views\estimasi\editestimasi.php(69): CodeIgniter\Debug\Exceptions->errorHandler(2, 'Undefined variable $tbsa', 'APPPATH\\Views\\estimasi\\editestimasi.php', 69)
 2 SYSTEMPATH\View\View.php(213): include('APPPATH\\Views\\estimasi\\editestimasi.php')
 3 SYSTEMPATH\View\View.php(216): CodeIgniter\View\View->CodeIgniter\View\{closure}()
 4 SYSTEMPATH\Common.php(1142): CodeIgniter\View\View->render('estimasi/editestimasi', [], true)
 5 APPPATH\Controllers\Estimasi.php(322): view('estimasi/editestimasi', [...])
 6 SYSTEMPATH\CodeIgniter.php(904): App\Controllers\Estimasi->editestimasi()
 7 SYSTEMPATH\CodeIgniter.php(457): CodeIgniter\CodeIgniter->runController(Object(App\Controllers\Estimasi))
 8 SYSTEMPATH\CodeIgniter.php(340): CodeIgniter\CodeIgniter->handleRequest(null, Object(Config\Cache), false)
 9 FCPATH\index.php(67): CodeIgniter\CodeIgniter->run()
10 SYSTEMPATH\Commands\Server\rewrite.php(43): require_once('FCPATH\\index.php')
CRITICAL - 2023-02-23 15:08:57 --> Undefined variable $tbsa
in APPPATH\Views\estimasi\editestimasi.php on line 69.
 1 APPPATH\Views\estimasi\editestimasi.php(69): CodeIgniter\Debug\Exceptions->errorHandler(2, 'Undefined variable $tbsa', 'APPPATH\\Views\\estimasi\\editestimasi.php', 69)
 2 SYSTEMPATH\View\View.php(213): include('APPPATH\\Views\\estimasi\\editestimasi.php')
 3 SYSTEMPATH\View\View.php(216): CodeIgniter\View\View->CodeIgniter\View\{closure}()
 4 SYSTEMPATH\Common.php(1142): CodeIgniter\View\View->render('estimasi/editestimasi', [], true)
 5 APPPATH\Controllers\Estimasi.php(322): view('estimasi/editestimasi', [...])
 6 SYSTEMPATH\CodeIgniter.php(904): App\Controllers\Estimasi->editestimasi()
 7 SYSTEMPATH\CodeIgniter.php(457): CodeIgniter\CodeIgniter->runController(Object(App\Controllers\Estimasi))
 8 SYSTEMPATH\CodeIgniter.php(340): CodeIgniter\CodeIgniter->handleRequest(null, Object(Config\Cache), false)
 9 FCPATH\index.php(67): CodeIgniter\CodeIgniter->run()
10 SYSTEMPATH\Commands\Server\rewrite.php(43): require_once('FCPATH\\index.php')
ERROR - 2023-02-23 15:22:50 --> mysqli_sql_exception: Unknown column 'kode' in 'order clause' in D:\xampp\htdocs\bp\system\Database\MySQLi\Connection.php:292
Stack trace:
#0 D:\xampp\htdocs\bp\system\Database\MySQLi\Connection.php(292): mysqli->query('SELECT *\nFROM `...', 0)
#1 D:\xampp\htdocs\bp\system\Database\BaseConnection.php(693): CodeIgniter\Database\MySQLi\Connection->execute('SELECT *\nFROM `...')
#2 D:\xampp\htdocs\bp\system\Database\BaseConnection.php(620): CodeIgniter\Database\BaseConnection->simpleQuery('SELECT *\nFROM `...')
#3 D:\xampp\htdocs\bp\system\Database\BaseBuilder.php(1585): CodeIgniter\Database\BaseConnection->query('SELECT *\nFROM `...', Array, false)
#4 D:\xampp\htdocs\bp\system\Model.php(223): CodeIgniter\Database\BaseBuilder->get()
#5 D:\xampp\htdocs\bp\system\BaseModel.php(584): CodeIgniter\Model->doFindAll(0, 0)
#6 D:\xampp\htdocs\bp\app\Controllers\Estimasi.php(951): CodeIgniter\BaseModel->findAll()
#7 D:\xampp\htdocs\bp\system\CodeIgniter.php(904): App\Controllers\Estimasi->caridatasa()
#8 D:\xampp\htdocs\bp\system\CodeIgniter.php(457): CodeIgniter\CodeIgniter->runController(Object(App\Controllers\Estimasi))
#9 D:\xampp\htdocs\bp\system\CodeIgniter.php(340): CodeIgniter\CodeIgniter->handleRequest(NULL, Object(Config\Cache), false)
#10 D:\xampp\htdocs\bp\public\index.php(67): CodeIgniter\CodeIgniter->run()
#11 D:\xampp\htdocs\bp\system\Commands\Server\rewrite.php(43): require_once('D:\\xampp\\htdocs...')
#12 {main}
CRITICAL - 2023-02-23 15:22:50 --> Unknown column 'kode' in 'order clause'
in SYSTEMPATH\Database\MySQLi\Connection.php on line 292.
 1 SYSTEMPATH\Database\MySQLi\Connection.php(292): mysqli->query('SELECT *
FROM `tbsa`
WHERE `aktif` = \'Y\'
ORDER BY `kode` ASC', 0)
 2 SYSTEMPATH\Database\BaseConnection.php(693): CodeIgniter\Database\MySQLi\Connection->execute('SELECT *
FROM `tbsa`
WHERE `aktif` = \'Y\'
ORDER BY `kode` ASC')
 3 SYSTEMPATH\Database\BaseConnection.php(620): CodeIgniter\Database\BaseConnection->simpleQuery('SELECT *
FROM `tbsa`
WHERE `aktif` = \'Y\'
ORDER BY `kode` ASC')
 4 SYSTEMPATH\Database\BaseBuilder.php(1585): CodeIgniter\Database\BaseConnection->query('SELECT *
FROM `tbsa`
WHERE `aktif` = :aktif:
ORDER BY `kode` ASC', [...], false)
 5 SYSTEMPATH\Model.php(223): CodeIgniter\Database\BaseBuilder->get()
 6 SYSTEMPATH\BaseModel.php(584): CodeIgniter\Model->doFindAll(0, 0)
 7 APPPATH\Controllers\Estimasi.php(951): CodeIgniter\BaseModel->findAll()
 8 SYSTEMPATH\CodeIgniter.php(904): App\Controllers\Estimasi->caridatasa()
 9 SYSTEMPATH\CodeIgniter.php(457): CodeIgniter\CodeIgniter->runController(Object(App\Controllers\Estimasi))
10 SYSTEMPATH\CodeIgniter.php(340): CodeIgniter\CodeIgniter->handleRequest(null, Object(Config\Cache), false)
11 FCPATH\index.php(67): CodeIgniter\CodeIgniter->run()
12 SYSTEMPATH\Commands\Server\rewrite.php(43): require_once('FCPATH\\index.php')
CRITICAL - 2023-02-23 15:23:25 --> Invalid file: tbopl/modalcarisa.php
in SYSTEMPATH\Exceptions\FrameworkException.php on line 33.
 1 SYSTEMPATH\View\View.php(201): CodeIgniter\Exceptions\FrameworkException::forInvalidFile('tbopl/modalcarisa.php')
 2 SYSTEMPATH\Common.php(1142): CodeIgniter\View\View->render('tbopl/modalcarisa', [], true)
 3 APPPATH\Controllers\Estimasi.php(954): view('tbopl/modalcarisa', [...])
 4 SYSTEMPATH\CodeIgniter.php(904): App\Controllers\Estimasi->caridatasa()
 5 SYSTEMPATH\CodeIgniter.php(457): CodeIgniter\CodeIgniter->runController(Object(App\Controllers\Estimasi))
 6 SYSTEMPATH\CodeIgniter.php(340): CodeIgniter\CodeIgniter->handleRequest(null, Object(Config\Cache), false)
 7 FCPATH\index.php(67): CodeIgniter\CodeIgniter->run()
 8 SYSTEMPATH\Commands\Server\rewrite.php(43): require_once('FCPATH\\index.php')
CRITICAL - 2023-02-23 15:27:58 --> Call to undefined method App\Models\TbsaModel::getkode
in SYSTEMPATH\Model.php on line 774.
 1 APPPATH\Controllers\Estimasi.php(965): CodeIgniter\Model->__call('getkode', [...])
 2 SYSTEMPATH\CodeIgniter.php(904): App\Controllers\Estimasi->replsa()
 3 SYSTEMPATH\CodeIgniter.php(457): CodeIgniter\CodeIgniter->runController(Object(App\Controllers\Estimasi))
 4 SYSTEMPATH\CodeIgniter.php(340): CodeIgniter\CodeIgniter->handleRequest(null, Object(Config\Cache), false)
 5 FCPATH\index.php(67): CodeIgniter\CodeIgniter->run()
 6 SYSTEMPATH\Commands\Server\rewrite.php(43): require_once('FCPATH\\index.php')
CRITICAL - 2023-02-23 15:28:06 --> Call to undefined method App\Models\TbsaModel::getkode
in SYSTEMPATH\Model.php on line 774.
 1 APPPATH\Controllers\Estimasi.php(965): CodeIgniter\Model->__call('getkode', [...])
 2 SYSTEMPATH\CodeIgniter.php(904): App\Controllers\Estimasi->replsa()
 3 SYSTEMPATH\CodeIgniter.php(457): CodeIgniter\CodeIgniter->runController(Object(App\Controllers\Estimasi))
 4 SYSTEMPATH\CodeIgniter.php(340): CodeIgniter\CodeIgniter->handleRequest(null, Object(Config\Cache), false)
 5 FCPATH\index.php(67): CodeIgniter\CodeIgniter->run()
 6 SYSTEMPATH\Commands\Server\rewrite.php(43): require_once('FCPATH\\index.php')
CRITICAL - 2023-02-23 15:29:50 --> Call to undefined method App\Models\TbsaModel::getkode
in SYSTEMPATH\Model.php on line 774.
 1 APPPATH\Controllers\Estimasi.php(965): CodeIgniter\Model->__call('getkode', [...])
 2 SYSTEMPATH\CodeIgniter.php(904): App\Controllers\Estimasi->replsa()
 3 SYSTEMPATH\CodeIgniter.php(457): CodeIgniter\CodeIgniter->runController(Object(App\Controllers\Estimasi))
 4 SYSTEMPATH\CodeIgniter.php(340): CodeIgniter\CodeIgniter->handleRequest(null, Object(Config\Cache), false)
 5 FCPATH\index.php(67): CodeIgniter\CodeIgniter->run()
 6 SYSTEMPATH\Commands\Server\rewrite.php(43): require_once('FCPATH\\index.php')
CRITICAL - 2023-02-23 15:30:00 --> Call to undefined method App\Models\TbsaModel::getkode
in SYSTEMPATH\Model.php on line 774.
 1 APPPATH\Controllers\Estimasi.php(965): CodeIgniter\Model->__call('getkode', [...])
 2 SYSTEMPATH\CodeIgniter.php(904): App\Controllers\Estimasi->replsa()
 3 SYSTEMPATH\CodeIgniter.php(457): CodeIgniter\CodeIgniter->runController(Object(App\Controllers\Estimasi))
 4 SYSTEMPATH\CodeIgniter.php(340): CodeIgniter\CodeIgniter->handleRequest(null, Object(Config\Cache), false)
 5 FCPATH\index.php(67): CodeIgniter\CodeIgniter->run()
 6 SYSTEMPATH\Commands\Server\rewrite.php(43): require_once('FCPATH\\index.php')
CRITICAL - 2023-02-23 15:30:05 --> Call to undefined method App\Models\TbsaModel::getkode
in SYSTEMPATH\Model.php on line 774.
 1 APPPATH\Controllers\Estimasi.php(965): CodeIgniter\Model->__call('getkode', [...])
 2 SYSTEMPATH\CodeIgniter.php(904): App\Controllers\Estimasi->replsa()
 3 SYSTEMPATH\CodeIgniter.php(457): CodeIgniter\CodeIgniter->runController(Object(App\Controllers\Estimasi))
 4 SYSTEMPATH\CodeIgniter.php(340): CodeIgniter\CodeIgniter->handleRequest(null, Object(Config\Cache), false)
 5 FCPATH\index.php(67): CodeIgniter\CodeIgniter->run()
 6 SYSTEMPATH\Commands\Server\rewrite.php(43): require_once('FCPATH\\index.php')
CRITICAL - 2023-02-23 15:30:08 --> Call to undefined method App\Models\TbsaModel::getkode
in SYSTEMPATH\Model.php on line 774.
 1 APPPATH\Controllers\Estimasi.php(323): CodeIgniter\Model->__call('getkode', [...])
 2 SYSTEMPATH\CodeIgniter.php(904): App\Controllers\Estimasi->editestimasi()
 3 SYSTEMPATH\CodeIgniter.php(457): CodeIgniter\CodeIgniter->runController(Object(App\Controllers\Estimasi))
 4 SYSTEMPATH\CodeIgniter.php(340): CodeIgniter\CodeIgniter->handleRequest(null, Object(Config\Cache), false)
 5 FCPATH\index.php(67): CodeIgniter\CodeIgniter->run()
 6 SYSTEMPATH\Commands\Server\rewrite.php(43): require_once('FCPATH\\index.php')
