CRITICAL - 2022-11-21 09:49:21 --> Undefined variable $kodepart
in APPPATH\Views\wo\modalwo.php on line 536.
 1 APPPATH\Views\wo\modalwo.php(536): CodeIgniter\Debug\Exceptions->errorHandler(2, 'Undefined variable $kodepart', 'APPPATH\\Views\\wo\\modalwo.php', 536)
 2 SYSTEMPATH\View\View.php(213): include('APPPATH\\Views\\wo\\modalwo.php')
 3 SYSTEMPATH\View\View.php(216): CodeIgniter\View\View->CodeIgniter\View\{closure}()
 4 SYSTEMPATH\Common.php(1142): CodeIgniter\View\View->render('wo/modalwo', [], true)
 5 APPPATH\Controllers\Wo.php(502): view('wo/modalwo', [...])
 6 SYSTEMPATH\CodeIgniter.php(904): App\Controllers\Wo->formwo()
 7 SYSTEMPATH\CodeIgniter.php(457): CodeIgniter\CodeIgniter->runController(Object(App\Controllers\Wo))
 8 SYSTEMPATH\CodeIgniter.php(340): CodeIgniter\CodeIgniter->handleRequest(null, Object(Config\Cache), false)
 9 FCPATH\index.php(67): CodeIgniter\CodeIgniter->run()
10 SYSTEMPATH\Commands\Server\rewrite.php(43): require_once('FCPATH\\index.php')
CRITICAL - 2022-11-21 09:49:31 --> Undefined variable $kodepart
in APPPATH\Views\wo\modalwo.php on line 536.
 1 APPPATH\Views\wo\modalwo.php(536): CodeIgniter\Debug\Exceptions->errorHandler(2, 'Undefined variable $kodepart', 'APPPATH\\Views\\wo\\modalwo.php', 536)
 2 SYSTEMPATH\View\View.php(213): include('APPPATH\\Views\\wo\\modalwo.php')
 3 SYSTEMPATH\View\View.php(216): CodeIgniter\View\View->CodeIgniter\View\{closure}()
 4 SYSTEMPATH\Common.php(1142): CodeIgniter\View\View->render('wo/modalwo', [], true)
 5 APPPATH\Controllers\Wo.php(502): view('wo/modalwo', [...])
 6 SYSTEMPATH\CodeIgniter.php(904): App\Controllers\Wo->formwo()
 7 SYSTEMPATH\CodeIgniter.php(457): CodeIgniter\CodeIgniter->runController(Object(App\Controllers\Wo))
 8 SYSTEMPATH\CodeIgniter.php(340): CodeIgniter\CodeIgniter->handleRequest(null, Object(Config\Cache), false)
 9 FCPATH\index.php(67): CodeIgniter\CodeIgniter->run()
10 SYSTEMPATH\Commands\Server\rewrite.php(43): require_once('FCPATH\\index.php')
CRITICAL - 2022-11-21 09:50:35 --> Undefined variable $kodepart
in APPPATH\Views\wo\modalwo.php on line 536.
 1 APPPATH\Views\wo\modalwo.php(536): CodeIgniter\Debug\Exceptions->errorHandler(2, 'Undefined variable $kodepart', 'APPPATH\\Views\\wo\\modalwo.php', 536)
 2 SYSTEMPATH\View\View.php(213): include('APPPATH\\Views\\wo\\modalwo.php')
 3 SYSTEMPATH\View\View.php(216): CodeIgniter\View\View->CodeIgniter\View\{closure}()
 4 SYSTEMPATH\Common.php(1142): CodeIgniter\View\View->render('wo/modalwo', [], true)
 5 APPPATH\Controllers\Wo.php(502): view('wo/modalwo', [...])
 6 SYSTEMPATH\CodeIgniter.php(904): App\Controllers\Wo->formwo()
 7 SYSTEMPATH\CodeIgniter.php(457): CodeIgniter\CodeIgniter->runController(Object(App\Controllers\Wo))
 8 SYSTEMPATH\CodeIgniter.php(340): CodeIgniter\CodeIgniter->handleRequest(null, Object(Config\Cache), false)
 9 FCPATH\index.php(67): CodeIgniter\CodeIgniter->run()
10 SYSTEMPATH\Commands\Server\rewrite.php(43): require_once('FCPATH\\index.php')
CRITICAL - 2022-11-21 09:50:44 --> Undefined variable $kodepart
in APPPATH\Views\wo\modalwo.php on line 536.
 1 APPPATH\Views\wo\modalwo.php(536): CodeIgniter\Debug\Exceptions->errorHandler(2, 'Undefined variable $kodepart', 'APPPATH\\Views\\wo\\modalwo.php', 536)
 2 SYSTEMPATH\View\View.php(213): include('APPPATH\\Views\\wo\\modalwo.php')
 3 SYSTEMPATH\View\View.php(216): CodeIgniter\View\View->CodeIgniter\View\{closure}()
 4 SYSTEMPATH\Common.php(1142): CodeIgniter\View\View->render('wo/modalwo', [], true)
 5 APPPATH\Controllers\Wo.php(502): view('wo/modalwo', [...])
 6 SYSTEMPATH\CodeIgniter.php(904): App\Controllers\Wo->formwo()
 7 SYSTEMPATH\CodeIgniter.php(457): CodeIgniter\CodeIgniter->runController(Object(App\Controllers\Wo))
 8 SYSTEMPATH\CodeIgniter.php(340): CodeIgniter\CodeIgniter->handleRequest(null, Object(Config\Cache), false)
 9 FCPATH\index.php(67): CodeIgniter\CodeIgniter->run()
10 SYSTEMPATH\Commands\Server\rewrite.php(43): require_once('FCPATH\\index.php')
CRITICAL - 2022-11-21 09:51:10 --> Undefined variable $kodepart
in APPPATH\Views\wo\modalwo.php on line 536.
 1 APPPATH\Views\wo\modalwo.php(536): CodeIgniter\Debug\Exceptions->errorHandler(2, 'Undefined variable $kodepart', 'APPPATH\\Views\\wo\\modalwo.php', 536)
 2 SYSTEMPATH\View\View.php(213): include('APPPATH\\Views\\wo\\modalwo.php')
 3 SYSTEMPATH\View\View.php(216): CodeIgniter\View\View->CodeIgniter\View\{closure}()
 4 SYSTEMPATH\Common.php(1142): CodeIgniter\View\View->render('wo/modalwo', [], true)
 5 APPPATH\Controllers\Wo.php(502): view('wo/modalwo', [...])
 6 SYSTEMPATH\CodeIgniter.php(904): App\Controllers\Wo->formwo()
 7 SYSTEMPATH\CodeIgniter.php(457): CodeIgniter\CodeIgniter->runController(Object(App\Controllers\Wo))
 8 SYSTEMPATH\CodeIgniter.php(340): CodeIgniter\CodeIgniter->handleRequest(null, Object(Config\Cache), false)
 9 FCPATH\index.php(67): CodeIgniter\CodeIgniter->run()
10 SYSTEMPATH\Commands\Server\rewrite.php(43): require_once('FCPATH\\index.php')
CRITICAL - 2022-11-21 09:52:24 --> Undefined variable $kodepart
in APPPATH\Views\wo\modalwo.php on line 536.
 1 APPPATH\Views\wo\modalwo.php(536): CodeIgniter\Debug\Exceptions->errorHandler(2, 'Undefined variable $kodepart', 'APPPATH\\Views\\wo\\modalwo.php', 536)
 2 SYSTEMPATH\View\View.php(213): include('APPPATH\\Views\\wo\\modalwo.php')
 3 SYSTEMPATH\View\View.php(216): CodeIgniter\View\View->CodeIgniter\View\{closure}()
 4 SYSTEMPATH\Common.php(1142): CodeIgniter\View\View->render('wo/modalwo', [], true)
 5 APPPATH\Controllers\Wo.php(502): view('wo/modalwo', [...])
 6 SYSTEMPATH\CodeIgniter.php(904): App\Controllers\Wo->formwo()
 7 SYSTEMPATH\CodeIgniter.php(457): CodeIgniter\CodeIgniter->runController(Object(App\Controllers\Wo))
 8 SYSTEMPATH\CodeIgniter.php(340): CodeIgniter\CodeIgniter->handleRequest(null, Object(Config\Cache), false)
 9 FCPATH\index.php(67): CodeIgniter\CodeIgniter->run()
10 SYSTEMPATH\Commands\Server\rewrite.php(43): require_once('FCPATH\\index.php')
CRITICAL - 2022-11-21 10:00:56 --> Undefined variable $kodepart
in APPPATH\Views\wo\modalwo.php on line 536.
 1 APPPATH\Views\wo\modalwo.php(536): CodeIgniter\Debug\Exceptions->errorHandler(2, 'Undefined variable $kodepart', 'APPPATH\\Views\\wo\\modalwo.php', 536)
 2 SYSTEMPATH\View\View.php(213): include('APPPATH\\Views\\wo\\modalwo.php')
 3 SYSTEMPATH\View\View.php(216): CodeIgniter\View\View->CodeIgniter\View\{closure}()
 4 SYSTEMPATH\Common.php(1142): CodeIgniter\View\View->render('wo/modalwo', [], true)
 5 APPPATH\Controllers\Wo.php(502): view('wo/modalwo', [...])
 6 SYSTEMPATH\CodeIgniter.php(904): App\Controllers\Wo->formwo()
 7 SYSTEMPATH\CodeIgniter.php(457): CodeIgniter\CodeIgniter->runController(Object(App\Controllers\Wo))
 8 SYSTEMPATH\CodeIgniter.php(340): CodeIgniter\CodeIgniter->handleRequest(null, Object(Config\Cache), false)
 9 FCPATH\index.php(67): CodeIgniter\CodeIgniter->run()
10 SYSTEMPATH\Commands\Server\rewrite.php(43): require_once('FCPATH\\index.php')
CRITICAL - 2022-11-21 10:02:20 --> Undefined constant "kodepart"
in APPPATH\Views\wo\modalwo.php on line 536.
 1 SYSTEMPATH\View\View.php(213): include()
 2 SYSTEMPATH\View\View.php(216): CodeIgniter\View\View->CodeIgniter\View\{closure}()
 3 SYSTEMPATH\Common.php(1142): CodeIgniter\View\View->render('wo/modalwo', [], true)
 4 APPPATH\Controllers\Wo.php(502): view('wo/modalwo', [...])
 5 SYSTEMPATH\CodeIgniter.php(904): App\Controllers\Wo->formwo()
 6 SYSTEMPATH\CodeIgniter.php(457): CodeIgniter\CodeIgniter->runController(Object(App\Controllers\Wo))
 7 SYSTEMPATH\CodeIgniter.php(340): CodeIgniter\CodeIgniter->handleRequest(null, Object(Config\Cache), false)
 8 FCPATH\index.php(67): CodeIgniter\CodeIgniter->run()
 9 SYSTEMPATH\Commands\Server\rewrite.php(43): require_once('FCPATH\\index.php')
CRITICAL - 2022-11-21 10:19:50 --> Undefined variable $kodepart
in APPPATH\Views\wo\modalwo.php on line 536.
 1 APPPATH\Views\wo\modalwo.php(536): CodeIgniter\Debug\Exceptions->errorHandler(2, 'Undefined variable $kodepart', 'APPPATH\\Views\\wo\\modalwo.php', 536)
 2 SYSTEMPATH\View\View.php(213): include('APPPATH\\Views\\wo\\modalwo.php')
 3 SYSTEMPATH\View\View.php(216): CodeIgniter\View\View->CodeIgniter\View\{closure}()
 4 SYSTEMPATH\Common.php(1142): CodeIgniter\View\View->render('wo/modalwo', [], true)
 5 APPPATH\Controllers\Wo.php(502): view('wo/modalwo', [...])
 6 SYSTEMPATH\CodeIgniter.php(904): App\Controllers\Wo->formwo()
 7 SYSTEMPATH\CodeIgniter.php(457): CodeIgniter\CodeIgniter->runController(Object(App\Controllers\Wo))
 8 SYSTEMPATH\CodeIgniter.php(340): CodeIgniter\CodeIgniter->handleRequest(null, Object(Config\Cache), false)
 9 FCPATH\index.php(67): CodeIgniter\CodeIgniter->run()
10 SYSTEMPATH\Commands\Server\rewrite.php(43): require_once('FCPATH\\index.php')
CRITICAL - 2022-11-21 10:20:05 --> Undefined variable $kodepart
in APPPATH\Views\wo\modalwo.php on line 536.
 1 APPPATH\Views\wo\modalwo.php(536): CodeIgniter\Debug\Exceptions->errorHandler(2, 'Undefined variable $kodepart', 'APPPATH\\Views\\wo\\modalwo.php', 536)
 2 SYSTEMPATH\View\View.php(213): include('APPPATH\\Views\\wo\\modalwo.php')
 3 SYSTEMPATH\View\View.php(216): CodeIgniter\View\View->CodeIgniter\View\{closure}()
 4 SYSTEMPATH\Common.php(1142): CodeIgniter\View\View->render('wo/modalwo', [], true)
 5 APPPATH\Controllers\Wo.php(502): view('wo/modalwo', [...])
 6 SYSTEMPATH\CodeIgniter.php(904): App\Controllers\Wo->formwo()
 7 SYSTEMPATH\CodeIgniter.php(457): CodeIgniter\CodeIgniter->runController(Object(App\Controllers\Wo))
 8 SYSTEMPATH\CodeIgniter.php(340): CodeIgniter\CodeIgniter->handleRequest(null, Object(Config\Cache), false)
 9 FCPATH\index.php(67): CodeIgniter\CodeIgniter->run()
10 SYSTEMPATH\Commands\Server\rewrite.php(43): require_once('FCPATH\\index.php')
CRITICAL - 2022-11-21 10:20:10 --> Undefined variable $kodepart
in APPPATH\Views\wo\modalwo.php on line 536.
 1 APPPATH\Views\wo\modalwo.php(536): CodeIgniter\Debug\Exceptions->errorHandler(2, 'Undefined variable $kodepart', 'APPPATH\\Views\\wo\\modalwo.php', 536)
 2 SYSTEMPATH\View\View.php(213): include('APPPATH\\Views\\wo\\modalwo.php')
 3 SYSTEMPATH\View\View.php(216): CodeIgniter\View\View->CodeIgniter\View\{closure}()
 4 SYSTEMPATH\Common.php(1142): CodeIgniter\View\View->render('wo/modalwo', [], true)
 5 APPPATH\Controllers\Wo.php(502): view('wo/modalwo', [...])
 6 SYSTEMPATH\CodeIgniter.php(904): App\Controllers\Wo->formwo()
 7 SYSTEMPATH\CodeIgniter.php(457): CodeIgniter\CodeIgniter->runController(Object(App\Controllers\Wo))
 8 SYSTEMPATH\CodeIgniter.php(340): CodeIgniter\CodeIgniter->handleRequest(null, Object(Config\Cache), false)
 9 FCPATH\index.php(67): CodeIgniter\CodeIgniter->run()
10 SYSTEMPATH\Commands\Server\rewrite.php(43): require_once('FCPATH\\index.php')
CRITICAL - 2022-11-21 10:20:18 --> Undefined variable $kodepart
in APPPATH\Views\wo\modalwo.php on line 536.
 1 APPPATH\Views\wo\modalwo.php(536): CodeIgniter\Debug\Exceptions->errorHandler(2, 'Undefined variable $kodepart', 'APPPATH\\Views\\wo\\modalwo.php', 536)
 2 SYSTEMPATH\View\View.php(213): include('APPPATH\\Views\\wo\\modalwo.php')
 3 SYSTEMPATH\View\View.php(216): CodeIgniter\View\View->CodeIgniter\View\{closure}()
 4 SYSTEMPATH\Common.php(1142): CodeIgniter\View\View->render('wo/modalwo', [], true)
 5 APPPATH\Controllers\Wo.php(502): view('wo/modalwo', [...])
 6 SYSTEMPATH\CodeIgniter.php(904): App\Controllers\Wo->formwo()
 7 SYSTEMPATH\CodeIgniter.php(457): CodeIgniter\CodeIgniter->runController(Object(App\Controllers\Wo))
 8 SYSTEMPATH\CodeIgniter.php(340): CodeIgniter\CodeIgniter->handleRequest(null, Object(Config\Cache), false)
 9 FCPATH\index.php(67): CodeIgniter\CodeIgniter->run()
10 SYSTEMPATH\Commands\Server\rewrite.php(43): require_once('FCPATH\\index.php')
CRITICAL - 2022-11-21 10:21:40 --> Undefined variable $kodepart
in APPPATH\Views\wo\modalwo.php on line 536.
 1 APPPATH\Views\wo\modalwo.php(536): CodeIgniter\Debug\Exceptions->errorHandler(2, 'Undefined variable $kodepart', 'APPPATH\\Views\\wo\\modalwo.php', 536)
 2 SYSTEMPATH\View\View.php(213): include('APPPATH\\Views\\wo\\modalwo.php')
 3 SYSTEMPATH\View\View.php(216): CodeIgniter\View\View->CodeIgniter\View\{closure}()
 4 SYSTEMPATH\Common.php(1142): CodeIgniter\View\View->render('wo/modalwo', [], true)
 5 APPPATH\Controllers\Wo.php(502): view('wo/modalwo', [...])
 6 SYSTEMPATH\CodeIgniter.php(904): App\Controllers\Wo->formwo()
 7 SYSTEMPATH\CodeIgniter.php(457): CodeIgniter\CodeIgniter->runController(Object(App\Controllers\Wo))
 8 SYSTEMPATH\CodeIgniter.php(340): CodeIgniter\CodeIgniter->handleRequest(null, Object(Config\Cache), false)
 9 FCPATH\index.php(67): CodeIgniter\CodeIgniter->run()
10 SYSTEMPATH\Commands\Server\rewrite.php(43): require_once('FCPATH\\index.php')
CRITICAL - 2022-11-21 10:21:47 --> Undefined variable $kodepart
in APPPATH\Views\wo\modalwo.php on line 536.
 1 APPPATH\Views\wo\modalwo.php(536): CodeIgniter\Debug\Exceptions->errorHandler(2, 'Undefined variable $kodepart', 'APPPATH\\Views\\wo\\modalwo.php', 536)
 2 SYSTEMPATH\View\View.php(213): include('APPPATH\\Views\\wo\\modalwo.php')
 3 SYSTEMPATH\View\View.php(216): CodeIgniter\View\View->CodeIgniter\View\{closure}()
 4 SYSTEMPATH\Common.php(1142): CodeIgniter\View\View->render('wo/modalwo', [], true)
 5 APPPATH\Controllers\Wo.php(502): view('wo/modalwo', [...])
 6 SYSTEMPATH\CodeIgniter.php(904): App\Controllers\Wo->formwo()
 7 SYSTEMPATH\CodeIgniter.php(457): CodeIgniter\CodeIgniter->runController(Object(App\Controllers\Wo))
 8 SYSTEMPATH\CodeIgniter.php(340): CodeIgniter\CodeIgniter->handleRequest(null, Object(Config\Cache), false)
 9 FCPATH\index.php(67): CodeIgniter\CodeIgniter->run()
10 SYSTEMPATH\Commands\Server\rewrite.php(43): require_once('FCPATH\\index.php')
CRITICAL - 2022-11-21 10:21:53 --> Undefined variable $kodepart
in APPPATH\Views\wo\modalwo.php on line 536.
 1 APPPATH\Views\wo\modalwo.php(536): CodeIgniter\Debug\Exceptions->errorHandler(2, 'Undefined variable $kodepart', 'APPPATH\\Views\\wo\\modalwo.php', 536)
 2 SYSTEMPATH\View\View.php(213): include('APPPATH\\Views\\wo\\modalwo.php')
 3 SYSTEMPATH\View\View.php(216): CodeIgniter\View\View->CodeIgniter\View\{closure}()
 4 SYSTEMPATH\Common.php(1142): CodeIgniter\View\View->render('wo/modalwo', [], true)
 5 APPPATH\Controllers\Wo.php(502): view('wo/modalwo', [...])
 6 SYSTEMPATH\CodeIgniter.php(904): App\Controllers\Wo->formwo()
 7 SYSTEMPATH\CodeIgniter.php(457): CodeIgniter\CodeIgniter->runController(Object(App\Controllers\Wo))
 8 SYSTEMPATH\CodeIgniter.php(340): CodeIgniter\CodeIgniter->handleRequest(null, Object(Config\Cache), false)
 9 FCPATH\index.php(67): CodeIgniter\CodeIgniter->run()
10 SYSTEMPATH\Commands\Server\rewrite.php(43): require_once('FCPATH\\index.php')
CRITICAL - 2022-11-21 10:22:06 --> Undefined variable $kodepart
in APPPATH\Views\wo\modalwo.php on line 536.
 1 APPPATH\Views\wo\modalwo.php(536): CodeIgniter\Debug\Exceptions->errorHandler(2, 'Undefined variable $kodepart', 'APPPATH\\Views\\wo\\modalwo.php', 536)
 2 SYSTEMPATH\View\View.php(213): include('APPPATH\\Views\\wo\\modalwo.php')
 3 SYSTEMPATH\View\View.php(216): CodeIgniter\View\View->CodeIgniter\View\{closure}()
 4 SYSTEMPATH\Common.php(1142): CodeIgniter\View\View->render('wo/modalwo', [], true)
 5 APPPATH\Controllers\Wo.php(502): view('wo/modalwo', [...])
 6 SYSTEMPATH\CodeIgniter.php(904): App\Controllers\Wo->formwo()
 7 SYSTEMPATH\CodeIgniter.php(457): CodeIgniter\CodeIgniter->runController(Object(App\Controllers\Wo))
 8 SYSTEMPATH\CodeIgniter.php(340): CodeIgniter\CodeIgniter->handleRequest(null, Object(Config\Cache), false)
 9 FCPATH\index.php(67): CodeIgniter\CodeIgniter->run()
10 SYSTEMPATH\Commands\Server\rewrite.php(43): require_once('FCPATH\\index.php')
CRITICAL - 2022-11-21 10:39:07 --> Undefined variable $kodepart
in APPPATH\Views\wo\modalwo.php on line 534.
 1 APPPATH\Views\wo\modalwo.php(534): CodeIgniter\Debug\Exceptions->errorHandler(2, 'Undefined variable $kodepart', 'APPPATH\\Views\\wo\\modalwo.php', 534)
 2 SYSTEMPATH\View\View.php(213): include('APPPATH\\Views\\wo\\modalwo.php')
 3 SYSTEMPATH\View\View.php(216): CodeIgniter\View\View->CodeIgniter\View\{closure}()
 4 SYSTEMPATH\Common.php(1142): CodeIgniter\View\View->render('wo/modalwo', [], true)
 5 APPPATH\Controllers\Wo.php(502): view('wo/modalwo', [...])
 6 SYSTEMPATH\CodeIgniter.php(904): App\Controllers\Wo->formwo()
 7 SYSTEMPATH\CodeIgniter.php(457): CodeIgniter\CodeIgniter->runController(Object(App\Controllers\Wo))
 8 SYSTEMPATH\CodeIgniter.php(340): CodeIgniter\CodeIgniter->handleRequest(null, Object(Config\Cache), false)
 9 FCPATH\index.php(67): CodeIgniter\CodeIgniter->run()
10 SYSTEMPATH\Commands\Server\rewrite.php(43): require_once('FCPATH\\index.php')
CRITICAL - 2022-11-21 13:47:51 --> Undefined property: stdClass::$nonowo
in APPPATH\Controllers\Wo.php on line 542.
 1 APPPATH\Controllers\Wo.php(542): CodeIgniter\Debug\Exceptions->errorHandler(2, 'Undefined property: stdClass::$nonowo', 'APPPATH\\Controllers\\Wo.php', 542)
 2 SYSTEMPATH\CodeIgniter.php(904): App\Controllers\Wo->simpanwo()
 3 SYSTEMPATH\CodeIgniter.php(457): CodeIgniter\CodeIgniter->runController(Object(App\Controllers\Wo))
 4 SYSTEMPATH\CodeIgniter.php(340): CodeIgniter\CodeIgniter->handleRequest(null, Object(Config\Cache), false)
 5 FCPATH\index.php(67): CodeIgniter\CodeIgniter->run()
 6 SYSTEMPATH\Commands\Server\rewrite.php(43): require_once('FCPATH\\index.php')
CRITICAL - 2022-11-21 13:47:57 --> Undefined property: stdClass::$nonowo
in APPPATH\Controllers\Wo.php on line 542.
 1 APPPATH\Controllers\Wo.php(542): CodeIgniter\Debug\Exceptions->errorHandler(2, 'Undefined property: stdClass::$nonowo', 'APPPATH\\Controllers\\Wo.php', 542)
 2 SYSTEMPATH\CodeIgniter.php(904): App\Controllers\Wo->simpanwo()
 3 SYSTEMPATH\CodeIgniter.php(457): CodeIgniter\CodeIgniter->runController(Object(App\Controllers\Wo))
 4 SYSTEMPATH\CodeIgniter.php(340): CodeIgniter\CodeIgniter->handleRequest(null, Object(Config\Cache), false)
 5 FCPATH\index.php(67): CodeIgniter\CodeIgniter->run()
 6 SYSTEMPATH\Commands\Server\rewrite.php(43): require_once('FCPATH\\index.php')
CRITICAL - 2022-11-21 13:48:23 --> Undefined property: stdClass::$nonowo
in APPPATH\Controllers\Wo.php on line 542.
 1 APPPATH\Controllers\Wo.php(542): CodeIgniter\Debug\Exceptions->errorHandler(2, 'Undefined property: stdClass::$nonowo', 'APPPATH\\Controllers\\Wo.php', 542)
 2 SYSTEMPATH\CodeIgniter.php(904): App\Controllers\Wo->simpanwo()
 3 SYSTEMPATH\CodeIgniter.php(457): CodeIgniter\CodeIgniter->runController(Object(App\Controllers\Wo))
 4 SYSTEMPATH\CodeIgniter.php(340): CodeIgniter\CodeIgniter->handleRequest(null, Object(Config\Cache), false)
 5 FCPATH\index.php(67): CodeIgniter\CodeIgniter->run()
 6 SYSTEMPATH\Commands\Server\rewrite.php(43): require_once('FCPATH\\index.php')
CRITICAL - 2022-11-21 13:50:04 --> Undefined property: stdClass::$nonowo
in APPPATH\Controllers\Wo.php on line 542.
 1 APPPATH\Controllers\Wo.php(542): CodeIgniter\Debug\Exceptions->errorHandler(2, 'Undefined property: stdClass::$nonowo', 'APPPATH\\Controllers\\Wo.php', 542)
 2 SYSTEMPATH\CodeIgniter.php(904): App\Controllers\Wo->simpanwo()
 3 SYSTEMPATH\CodeIgniter.php(457): CodeIgniter\CodeIgniter->runController(Object(App\Controllers\Wo))
 4 SYSTEMPATH\CodeIgniter.php(340): CodeIgniter\CodeIgniter->handleRequest(null, Object(Config\Cache), false)
 5 FCPATH\index.php(67): CodeIgniter\CodeIgniter->run()
 6 SYSTEMPATH\Commands\Server\rewrite.php(43): require_once('FCPATH\\index.php')
CRITICAL - 2022-11-21 14:02:29 --> Undefined array key "nopolisi"
in APPPATH\Views\wo\modalestimasi.php on line 68.
 1 APPPATH\Views\wo\modalestimasi.php(68): CodeIgniter\Debug\Exceptions->errorHandler(2, 'Undefined array key "nopolisi"', 'APPPATH\\Views\\wo\\modalestimasi.php', 68)
 2 SYSTEMPATH\View\View.php(213): include('APPPATH\\Views\\wo\\modalestimasi.php')
 3 SYSTEMPATH\View\View.php(216): CodeIgniter\View\View->CodeIgniter\View\{closure}()
 4 SYSTEMPATH\Common.php(1142): CodeIgniter\View\View->render('wo/modalestimasi', [], true)
 5 APPPATH\Controllers\Wo.php(135): view('wo/modalestimasi', [...])
 6 SYSTEMPATH\CodeIgniter.php(904): App\Controllers\Wo->formestimasi()
 7 SYSTEMPATH\CodeIgniter.php(457): CodeIgniter\CodeIgniter->runController(Object(App\Controllers\Wo))
 8 SYSTEMPATH\CodeIgniter.php(340): CodeIgniter\CodeIgniter->handleRequest(null, Object(Config\Cache), false)
 9 FCPATH\index.php(67): CodeIgniter\CodeIgniter->run()
10 SYSTEMPATH\Commands\Server\rewrite.php(43): require_once('FCPATH\\index.php')
CRITICAL - 2022-11-21 14:07:31 --> Undefined array key "nopolisi"
in APPPATH\Views\wo\modalestimasi.php on line 54.
 1 APPPATH\Views\wo\modalestimasi.php(54): CodeIgniter\Debug\Exceptions->errorHandler(2, 'Undefined array key "nopolisi"', 'APPPATH\\Views\\wo\\modalestimasi.php', 54)
 2 SYSTEMPATH\View\View.php(213): include('APPPATH\\Views\\wo\\modalestimasi.php')
 3 SYSTEMPATH\View\View.php(216): CodeIgniter\View\View->CodeIgniter\View\{closure}()
 4 SYSTEMPATH\Common.php(1142): CodeIgniter\View\View->render('wo/modalestimasi', [], true)
 5 APPPATH\Controllers\Wo.php(135): view('wo/modalestimasi', [...])
 6 SYSTEMPATH\CodeIgniter.php(904): App\Controllers\Wo->formestimasi()
 7 SYSTEMPATH\CodeIgniter.php(457): CodeIgniter\CodeIgniter->runController(Object(App\Controllers\Wo))
 8 SYSTEMPATH\CodeIgniter.php(340): CodeIgniter\CodeIgniter->handleRequest(null, Object(Config\Cache), false)
 9 FCPATH\index.php(67): CodeIgniter\CodeIgniter->run()
10 SYSTEMPATH\Commands\Server\rewrite.php(43): require_once('FCPATH\\index.php')
CRITICAL - 2022-11-21 14:07:39 --> Undefined array key "nopolisi"
in APPPATH\Views\wo\modalestimasi.php on line 54.
 1 APPPATH\Views\wo\modalestimasi.php(54): CodeIgniter\Debug\Exceptions->errorHandler(2, 'Undefined array key "nopolisi"', 'APPPATH\\Views\\wo\\modalestimasi.php', 54)
 2 SYSTEMPATH\View\View.php(213): include('APPPATH\\Views\\wo\\modalestimasi.php')
 3 SYSTEMPATH\View\View.php(216): CodeIgniter\View\View->CodeIgniter\View\{closure}()
 4 SYSTEMPATH\Common.php(1142): CodeIgniter\View\View->render('wo/modalestimasi', [], true)
 5 APPPATH\Controllers\Wo.php(135): view('wo/modalestimasi', [...])
 6 SYSTEMPATH\CodeIgniter.php(904): App\Controllers\Wo->formestimasi()
 7 SYSTEMPATH\CodeIgniter.php(457): CodeIgniter\CodeIgniter->runController(Object(App\Controllers\Wo))
 8 SYSTEMPATH\CodeIgniter.php(340): CodeIgniter\CodeIgniter->handleRequest(null, Object(Config\Cache), false)
 9 FCPATH\index.php(67): CodeIgniter\CodeIgniter->run()
10 SYSTEMPATH\Commands\Server\rewrite.php(43): require_once('FCPATH\\index.php')
CRITICAL - 2022-11-21 14:09:03 --> Undefined array key "nopolisi"
in APPPATH\Views\wo\modalestimasi.php on line 54.
 1 APPPATH\Views\wo\modalestimasi.php(54): CodeIgniter\Debug\Exceptions->errorHandler(2, 'Undefined array key "nopolisi"', 'APPPATH\\Views\\wo\\modalestimasi.php', 54)
 2 SYSTEMPATH\View\View.php(213): include('APPPATH\\Views\\wo\\modalestimasi.php')
 3 SYSTEMPATH\View\View.php(216): CodeIgniter\View\View->CodeIgniter\View\{closure}()
 4 SYSTEMPATH\Common.php(1142): CodeIgniter\View\View->render('wo/modalestimasi', [], true)
 5 APPPATH\Controllers\Wo.php(135): view('wo/modalestimasi', [...])
 6 SYSTEMPATH\CodeIgniter.php(904): App\Controllers\Wo->formestimasi()
 7 SYSTEMPATH\CodeIgniter.php(457): CodeIgniter\CodeIgniter->runController(Object(App\Controllers\Wo))
 8 SYSTEMPATH\CodeIgniter.php(340): CodeIgniter\CodeIgniter->handleRequest(null, Object(Config\Cache), false)
 9 FCPATH\index.php(67): CodeIgniter\CodeIgniter->run()
10 SYSTEMPATH\Commands\Server\rewrite.php(43): require_once('FCPATH\\index.php')
CRITICAL - 2022-11-21 14:11:53 --> Undefined array key "kdpemilik"
in APPPATH\Views\wo\modalestimasi.php on line 52.
 1 APPPATH\Views\wo\modalestimasi.php(52): CodeIgniter\Debug\Exceptions->errorHandler(2, 'Undefined array key "kdpemilik"', 'APPPATH\\Views\\wo\\modalestimasi.php', 52)
 2 SYSTEMPATH\View\View.php(213): include('APPPATH\\Views\\wo\\modalestimasi.php')
 3 SYSTEMPATH\View\View.php(216): CodeIgniter\View\View->CodeIgniter\View\{closure}()
 4 SYSTEMPATH\Common.php(1142): CodeIgniter\View\View->render('wo/modalestimasi', [], true)
 5 APPPATH\Controllers\Wo.php(135): view('wo/modalestimasi', [...])
 6 SYSTEMPATH\CodeIgniter.php(904): App\Controllers\Wo->formestimasi()
 7 SYSTEMPATH\CodeIgniter.php(457): CodeIgniter\CodeIgniter->runController(Object(App\Controllers\Wo))
 8 SYSTEMPATH\CodeIgniter.php(340): CodeIgniter\CodeIgniter->handleRequest(null, Object(Config\Cache), false)
 9 FCPATH\index.php(67): CodeIgniter\CodeIgniter->run()
10 SYSTEMPATH\Commands\Server\rewrite.php(43): require_once('FCPATH\\index.php')
CRITICAL - 2022-11-21 14:12:00 --> Undefined array key "kdpemilik"
in APPPATH\Views\wo\modalestimasi.php on line 52.
 1 APPPATH\Views\wo\modalestimasi.php(52): CodeIgniter\Debug\Exceptions->errorHandler(2, 'Undefined array key "kdpemilik"', 'APPPATH\\Views\\wo\\modalestimasi.php', 52)
 2 SYSTEMPATH\View\View.php(213): include('APPPATH\\Views\\wo\\modalestimasi.php')
 3 SYSTEMPATH\View\View.php(216): CodeIgniter\View\View->CodeIgniter\View\{closure}()
 4 SYSTEMPATH\Common.php(1142): CodeIgniter\View\View->render('wo/modalestimasi', [], true)
 5 APPPATH\Controllers\Wo.php(135): view('wo/modalestimasi', [...])
 6 SYSTEMPATH\CodeIgniter.php(904): App\Controllers\Wo->formestimasi()
 7 SYSTEMPATH\CodeIgniter.php(457): CodeIgniter\CodeIgniter->runController(Object(App\Controllers\Wo))
 8 SYSTEMPATH\CodeIgniter.php(340): CodeIgniter\CodeIgniter->handleRequest(null, Object(Config\Cache), false)
 9 FCPATH\index.php(67): CodeIgniter\CodeIgniter->run()
10 SYSTEMPATH\Commands\Server\rewrite.php(43): require_once('FCPATH\\index.php')
CRITICAL - 2022-11-21 14:13:05 --> Attempt to read property "kdpemilik" on array
in APPPATH\Views\wo\modalestimasi.php on line 52.
 1 APPPATH\Views\wo\modalestimasi.php(52): CodeIgniter\Debug\Exceptions->errorHandler(2, 'Attempt to read property "kdpemilik" on array', 'APPPATH\\Views\\wo\\modalestimasi.php', 52)
 2 SYSTEMPATH\View\View.php(213): include('APPPATH\\Views\\wo\\modalestimasi.php')
 3 SYSTEMPATH\View\View.php(216): CodeIgniter\View\View->CodeIgniter\View\{closure}()
 4 SYSTEMPATH\Common.php(1142): CodeIgniter\View\View->render('wo/modalestimasi', [], true)
 5 APPPATH\Controllers\Wo.php(135): view('wo/modalestimasi', [...])
 6 SYSTEMPATH\CodeIgniter.php(904): App\Controllers\Wo->formestimasi()
 7 SYSTEMPATH\CodeIgniter.php(457): CodeIgniter\CodeIgniter->runController(Object(App\Controllers\Wo))
 8 SYSTEMPATH\CodeIgniter.php(340): CodeIgniter\CodeIgniter->handleRequest(null, Object(Config\Cache), false)
 9 FCPATH\index.php(67): CodeIgniter\CodeIgniter->run()
10 SYSTEMPATH\Commands\Server\rewrite.php(43): require_once('FCPATH\\index.php')
CRITICAL - 2022-11-21 14:13:10 --> Attempt to read property "kdpemilik" on array
in APPPATH\Views\wo\modalestimasi.php on line 52.
 1 APPPATH\Views\wo\modalestimasi.php(52): CodeIgniter\Debug\Exceptions->errorHandler(2, 'Attempt to read property "kdpemilik" on array', 'APPPATH\\Views\\wo\\modalestimasi.php', 52)
 2 SYSTEMPATH\View\View.php(213): include('APPPATH\\Views\\wo\\modalestimasi.php')
 3 SYSTEMPATH\View\View.php(216): CodeIgniter\View\View->CodeIgniter\View\{closure}()
 4 SYSTEMPATH\Common.php(1142): CodeIgniter\View\View->render('wo/modalestimasi', [], true)
 5 APPPATH\Controllers\Wo.php(135): view('wo/modalestimasi', [...])
 6 SYSTEMPATH\CodeIgniter.php(904): App\Controllers\Wo->formestimasi()
 7 SYSTEMPATH\CodeIgniter.php(457): CodeIgniter\CodeIgniter->runController(Object(App\Controllers\Wo))
 8 SYSTEMPATH\CodeIgniter.php(340): CodeIgniter\CodeIgniter->handleRequest(null, Object(Config\Cache), false)
 9 FCPATH\index.php(67): CodeIgniter\CodeIgniter->run()
10 SYSTEMPATH\Commands\Server\rewrite.php(43): require_once('FCPATH\\index.php')
CRITICAL - 2022-11-21 14:13:54 --> Attempt to read property "nopolisi" on array
in APPPATH\Views\wo\modalestimasi.php on line 52.
 1 APPPATH\Views\wo\modalestimasi.php(52): CodeIgniter\Debug\Exceptions->errorHandler(2, 'Attempt to read property "nopolisi" on array', 'APPPATH\\Views\\wo\\modalestimasi.php', 52)
 2 SYSTEMPATH\View\View.php(213): include('APPPATH\\Views\\wo\\modalestimasi.php')
 3 SYSTEMPATH\View\View.php(216): CodeIgniter\View\View->CodeIgniter\View\{closure}()
 4 SYSTEMPATH\Common.php(1142): CodeIgniter\View\View->render('wo/modalestimasi', [], true)
 5 APPPATH\Controllers\Wo.php(135): view('wo/modalestimasi', [...])
 6 SYSTEMPATH\CodeIgniter.php(904): App\Controllers\Wo->formestimasi()
 7 SYSTEMPATH\CodeIgniter.php(457): CodeIgniter\CodeIgniter->runController(Object(App\Controllers\Wo))
 8 SYSTEMPATH\CodeIgniter.php(340): CodeIgniter\CodeIgniter->handleRequest(null, Object(Config\Cache), false)
 9 FCPATH\index.php(67): CodeIgniter\CodeIgniter->run()
10 SYSTEMPATH\Commands\Server\rewrite.php(43): require_once('FCPATH\\index.php')
CRITICAL - 2022-11-21 14:14:12 --> Undefined array key "nopolisi"
in APPPATH\Views\wo\modalestimasi.php on line 52.
 1 APPPATH\Views\wo\modalestimasi.php(52): CodeIgniter\Debug\Exceptions->errorHandler(2, 'Undefined array key "nopolisi"', 'APPPATH\\Views\\wo\\modalestimasi.php', 52)
 2 SYSTEMPATH\View\View.php(213): include('APPPATH\\Views\\wo\\modalestimasi.php')
 3 SYSTEMPATH\View\View.php(216): CodeIgniter\View\View->CodeIgniter\View\{closure}()
 4 SYSTEMPATH\Common.php(1142): CodeIgniter\View\View->render('wo/modalestimasi', [], true)
 5 APPPATH\Controllers\Wo.php(135): view('wo/modalestimasi', [...])
 6 SYSTEMPATH\CodeIgniter.php(904): App\Controllers\Wo->formestimasi()
 7 SYSTEMPATH\CodeIgniter.php(457): CodeIgniter\CodeIgniter->runController(Object(App\Controllers\Wo))
 8 SYSTEMPATH\CodeIgniter.php(340): CodeIgniter\CodeIgniter->handleRequest(null, Object(Config\Cache), false)
 9 FCPATH\index.php(67): CodeIgniter\CodeIgniter->run()
10 SYSTEMPATH\Commands\Server\rewrite.php(43): require_once('FCPATH\\index.php')
CRITICAL - 2022-11-21 14:15:01 --> Undefined array key "nopolisi"
in APPPATH\Views\wo\modalestimasi.php on line 52.
 1 APPPATH\Views\wo\modalestimasi.php(52): CodeIgniter\Debug\Exceptions->errorHandler(2, 'Undefined array key "nopolisi"', 'APPPATH\\Views\\wo\\modalestimasi.php', 52)
 2 SYSTEMPATH\View\View.php(213): include('APPPATH\\Views\\wo\\modalestimasi.php')
 3 SYSTEMPATH\View\View.php(216): CodeIgniter\View\View->CodeIgniter\View\{closure}()
 4 SYSTEMPATH\Common.php(1142): CodeIgniter\View\View->render('wo/modalestimasi', [], true)
 5 APPPATH\Controllers\Wo.php(134): view('wo/modalestimasi', [...])
 6 SYSTEMPATH\CodeIgniter.php(904): App\Controllers\Wo->formestimasi()
 7 SYSTEMPATH\CodeIgniter.php(457): CodeIgniter\CodeIgniter->runController(Object(App\Controllers\Wo))
 8 SYSTEMPATH\CodeIgniter.php(340): CodeIgniter\CodeIgniter->handleRequest(null, Object(Config\Cache), false)
 9 FCPATH\index.php(67): CodeIgniter\CodeIgniter->run()
10 SYSTEMPATH\Commands\Server\rewrite.php(43): require_once('FCPATH\\index.php')
CRITICAL - 2022-11-21 14:15:36 --> Undefined array key "nopolisi"
in APPPATH\Views\wo\modalestimasi.php on line 52.
 1 APPPATH\Views\wo\modalestimasi.php(52): CodeIgniter\Debug\Exceptions->errorHandler(2, 'Undefined array key "nopolisi"', 'APPPATH\\Views\\wo\\modalestimasi.php', 52)
 2 SYSTEMPATH\View\View.php(213): include('APPPATH\\Views\\wo\\modalestimasi.php')
 3 SYSTEMPATH\View\View.php(216): CodeIgniter\View\View->CodeIgniter\View\{closure}()
 4 SYSTEMPATH\Common.php(1142): CodeIgniter\View\View->render('wo/modalestimasi', [], true)
 5 APPPATH\Controllers\Wo.php(134): view('wo/modalestimasi', [...])
 6 SYSTEMPATH\CodeIgniter.php(904): App\Controllers\Wo->formestimasi()
 7 SYSTEMPATH\CodeIgniter.php(457): CodeIgniter\CodeIgniter->runController(Object(App\Controllers\Wo))
 8 SYSTEMPATH\CodeIgniter.php(340): CodeIgniter\CodeIgniter->handleRequest(null, Object(Config\Cache), false)
 9 FCPATH\index.php(67): CodeIgniter\CodeIgniter->run()
10 SYSTEMPATH\Commands\Server\rewrite.php(43): require_once('FCPATH\\index.php')
CRITICAL - 2022-11-21 01:16:48 --> syntax error, unexpected token ";", expecting "]"
in APPPATH\Controllers\Wo.php on line 130.
 1 SYSTEMPATH\Autoloader\Autoloader.php(259): CodeIgniter\Autoloader\Autoloader->includeFile('APPPATH\\Controllers\\Wo.php')
 2 SYSTEMPATH\Autoloader\Autoloader.php(237): CodeIgniter\Autoloader\Autoloader->loadInNamespace('App\\Controllers\\wo')
 3 [internal function]: CodeIgniter\Autoloader\Autoloader->loadClass('App\\Controllers\\wo')
 4 SYSTEMPATH\CodeIgniter.php(854): class_exists('\\App\\Controllers\\wo', true)
 5 SYSTEMPATH\CodeIgniter.php(444): CodeIgniter\CodeIgniter->startController()
 6 SYSTEMPATH\CodeIgniter.php(340): CodeIgniter\CodeIgniter->handleRequest(null, Object(Config\Cache), false)
 7 FCPATH\index.php(67): CodeIgniter\CodeIgniter->run()
 8 SYSTEMPATH\Commands\Server\rewrite.php(43): require_once('FCPATH\\index.php')
CRITICAL - 2022-11-21 01:16:50 --> syntax error, unexpected token ";", expecting "]"
in APPPATH\Controllers\Wo.php on line 130.
 1 SYSTEMPATH\Autoloader\Autoloader.php(259): CodeIgniter\Autoloader\Autoloader->includeFile('APPPATH\\Controllers\\Wo.php')
 2 SYSTEMPATH\Autoloader\Autoloader.php(237): CodeIgniter\Autoloader\Autoloader->loadInNamespace('App\\Controllers\\wo')
 3 [internal function]: CodeIgniter\Autoloader\Autoloader->loadClass('App\\Controllers\\wo')
 4 SYSTEMPATH\CodeIgniter.php(854): class_exists('\\App\\Controllers\\wo', true)
 5 SYSTEMPATH\CodeIgniter.php(444): CodeIgniter\CodeIgniter->startController()
 6 SYSTEMPATH\CodeIgniter.php(340): CodeIgniter\CodeIgniter->handleRequest(null, Object(Config\Cache), false)
 7 FCPATH\index.php(67): CodeIgniter\CodeIgniter->run()
 8 SYSTEMPATH\Commands\Server\rewrite.php(43): require_once('FCPATH\\index.php')
CRITICAL - 2022-11-21 14:17:13 --> Undefined array key "nopolisi"
in APPPATH\Views\wo\modalestimasi.php on line 52.
 1 APPPATH\Views\wo\modalestimasi.php(52): CodeIgniter\Debug\Exceptions->errorHandler(2, 'Undefined array key "nopolisi"', 'APPPATH\\Views\\wo\\modalestimasi.php', 52)
 2 SYSTEMPATH\View\View.php(213): include('APPPATH\\Views\\wo\\modalestimasi.php')
 3 SYSTEMPATH\View\View.php(216): CodeIgniter\View\View->CodeIgniter\View\{closure}()
 4 SYSTEMPATH\Common.php(1142): CodeIgniter\View\View->render('wo/modalestimasi', [], true)
 5 APPPATH\Controllers\Wo.php(134): view('wo/modalestimasi', [...])
 6 SYSTEMPATH\CodeIgniter.php(904): App\Controllers\Wo->formestimasi()
 7 SYSTEMPATH\CodeIgniter.php(457): CodeIgniter\CodeIgniter->runController(Object(App\Controllers\Wo))
 8 SYSTEMPATH\CodeIgniter.php(340): CodeIgniter\CodeIgniter->handleRequest(null, Object(Config\Cache), false)
 9 FCPATH\index.php(67): CodeIgniter\CodeIgniter->run()
10 SYSTEMPATH\Commands\Server\rewrite.php(43): require_once('FCPATH\\index.php')
CRITICAL - 2022-11-21 14:17:37 --> Undefined array key "nopolisi"
in APPPATH\Views\wo\modalestimasi.php on line 52.
 1 APPPATH\Views\wo\modalestimasi.php(52): CodeIgniter\Debug\Exceptions->errorHandler(2, 'Undefined array key "nopolisi"', 'APPPATH\\Views\\wo\\modalestimasi.php', 52)
 2 SYSTEMPATH\View\View.php(213): include('APPPATH\\Views\\wo\\modalestimasi.php')
 3 SYSTEMPATH\View\View.php(216): CodeIgniter\View\View->CodeIgniter\View\{closure}()
 4 SYSTEMPATH\Common.php(1142): CodeIgniter\View\View->render('wo/modalestimasi', [], true)
 5 APPPATH\Controllers\Wo.php(134): view('wo/modalestimasi', [...])
 6 SYSTEMPATH\CodeIgniter.php(904): App\Controllers\Wo->formestimasi()
 7 SYSTEMPATH\CodeIgniter.php(457): CodeIgniter\CodeIgniter->runController(Object(App\Controllers\Wo))
 8 SYSTEMPATH\CodeIgniter.php(340): CodeIgniter\CodeIgniter->handleRequest(null, Object(Config\Cache), false)
 9 FCPATH\index.php(67): CodeIgniter\CodeIgniter->run()
10 SYSTEMPATH\Commands\Server\rewrite.php(43): require_once('FCPATH\\index.php')
CRITICAL - 2022-11-21 14:20:28 --> Undefined array key "nopolisi"
in APPPATH\Views\wo\modalestimasi.php on line 52.
 1 APPPATH\Views\wo\modalestimasi.php(52): CodeIgniter\Debug\Exceptions->errorHandler(2, 'Undefined array key "nopolisi"', 'APPPATH\\Views\\wo\\modalestimasi.php', 52)
 2 SYSTEMPATH\View\View.php(213): include('APPPATH\\Views\\wo\\modalestimasi.php')
 3 SYSTEMPATH\View\View.php(216): CodeIgniter\View\View->CodeIgniter\View\{closure}()
 4 SYSTEMPATH\Common.php(1142): CodeIgniter\View\View->render('wo/modalestimasi', [], true)
 5 APPPATH\Controllers\Wo.php(135): view('wo/modalestimasi', [...])
 6 SYSTEMPATH\CodeIgniter.php(904): App\Controllers\Wo->formestimasi()
 7 SYSTEMPATH\CodeIgniter.php(457): CodeIgniter\CodeIgniter->runController(Object(App\Controllers\Wo))
 8 SYSTEMPATH\CodeIgniter.php(340): CodeIgniter\CodeIgniter->handleRequest(null, Object(Config\Cache), false)
 9 FCPATH\index.php(67): CodeIgniter\CodeIgniter->run()
10 SYSTEMPATH\Commands\Server\rewrite.php(43): require_once('FCPATH\\index.php')
CRITICAL - 2022-11-21 14:23:42 --> Undefined array key "nopolisi"
in APPPATH\Views\wo\modalestimasi.php on line 52.
 1 APPPATH\Views\wo\modalestimasi.php(52): CodeIgniter\Debug\Exceptions->errorHandler(2, 'Undefined array key "nopolisi"', 'APPPATH\\Views\\wo\\modalestimasi.php', 52)
 2 SYSTEMPATH\View\View.php(213): include('APPPATH\\Views\\wo\\modalestimasi.php')
 3 SYSTEMPATH\View\View.php(216): CodeIgniter\View\View->CodeIgniter\View\{closure}()
 4 SYSTEMPATH\Common.php(1142): CodeIgniter\View\View->render('wo/modalestimasi', [], true)
 5 APPPATH\Controllers\Wo.php(135): view('wo/modalestimasi', [...])
 6 SYSTEMPATH\CodeIgniter.php(904): App\Controllers\Wo->formestimasi()
 7 SYSTEMPATH\CodeIgniter.php(457): CodeIgniter\CodeIgniter->runController(Object(App\Controllers\Wo))
 8 SYSTEMPATH\CodeIgniter.php(340): CodeIgniter\CodeIgniter->handleRequest(null, Object(Config\Cache), false)
 9 FCPATH\index.php(67): CodeIgniter\CodeIgniter->run()
10 SYSTEMPATH\Commands\Server\rewrite.php(43): require_once('FCPATH\\index.php')
CRITICAL - 2022-11-21 14:24:27 --> Undefined array key "nopolisi"
in APPPATH\Views\wo\modalestimasi.php on line 52.
 1 APPPATH\Views\wo\modalestimasi.php(52): CodeIgniter\Debug\Exceptions->errorHandler(2, 'Undefined array key "nopolisi"', 'APPPATH\\Views\\wo\\modalestimasi.php', 52)
 2 SYSTEMPATH\View\View.php(213): include('APPPATH\\Views\\wo\\modalestimasi.php')
 3 SYSTEMPATH\View\View.php(216): CodeIgniter\View\View->CodeIgniter\View\{closure}()
 4 SYSTEMPATH\Common.php(1142): CodeIgniter\View\View->render('wo/modalestimasi', [], true)
 5 APPPATH\Controllers\Wo.php(135): view('wo/modalestimasi', [...])
 6 SYSTEMPATH\CodeIgniter.php(904): App\Controllers\Wo->formestimasi()
 7 SYSTEMPATH\CodeIgniter.php(457): CodeIgniter\CodeIgniter->runController(Object(App\Controllers\Wo))
 8 SYSTEMPATH\CodeIgniter.php(340): CodeIgniter\CodeIgniter->handleRequest(null, Object(Config\Cache), false)
 9 FCPATH\index.php(67): CodeIgniter\CodeIgniter->run()
10 SYSTEMPATH\Commands\Server\rewrite.php(43): require_once('FCPATH\\index.php')
CRITICAL - 2022-11-21 14:25:48 --> Undefined array key "nopolisi"
in APPPATH\Views\wo\modalestimasi.php on line 52.
 1 APPPATH\Views\wo\modalestimasi.php(52): CodeIgniter\Debug\Exceptions->errorHandler(2, 'Undefined array key "nopolisi"', 'APPPATH\\Views\\wo\\modalestimasi.php', 52)
 2 SYSTEMPATH\View\View.php(213): include('APPPATH\\Views\\wo\\modalestimasi.php')
 3 SYSTEMPATH\View\View.php(216): CodeIgniter\View\View->CodeIgniter\View\{closure}()
 4 SYSTEMPATH\Common.php(1142): CodeIgniter\View\View->render('wo/modalestimasi', [], true)
 5 APPPATH\Controllers\Wo.php(135): view('wo/modalestimasi', [...])
 6 SYSTEMPATH\CodeIgniter.php(904): App\Controllers\Wo->formestimasi()
 7 SYSTEMPATH\CodeIgniter.php(457): CodeIgniter\CodeIgniter->runController(Object(App\Controllers\Wo))
 8 SYSTEMPATH\CodeIgniter.php(340): CodeIgniter\CodeIgniter->handleRequest(null, Object(Config\Cache), false)
 9 FCPATH\index.php(67): CodeIgniter\CodeIgniter->run()
10 SYSTEMPATH\Commands\Server\rewrite.php(43): require_once('FCPATH\\index.php')
CRITICAL - 2022-11-21 14:33:01 --> Too few arguments to function App\Controllers\Wo::formestimasi(), 0 passed in D:\xampp\htdocs\bp\system\CodeIgniter.php on line 904 and exactly 1 expected
in APPPATH\Controllers\Wo.php on line 125.
 1 SYSTEMPATH\CodeIgniter.php(904): App\Controllers\Wo->formestimasi()
 2 SYSTEMPATH\CodeIgniter.php(457): CodeIgniter\CodeIgniter->runController(Object(App\Controllers\Wo))
 3 SYSTEMPATH\CodeIgniter.php(340): CodeIgniter\CodeIgniter->handleRequest(null, Object(Config\Cache), false)
 4 FCPATH\index.php(67): CodeIgniter\CodeIgniter->run()
 5 SYSTEMPATH\Commands\Server\rewrite.php(43): require_once('FCPATH\\index.php')
CRITICAL - 2022-11-21 14:35:12 --> Undefined array key "nopolisi"
in APPPATH\Controllers\Wo.php on line 127.
 1 APPPATH\Controllers\Wo.php(127): CodeIgniter\Debug\Exceptions->errorHandler(2, 'Undefined array key "nopolisi"', 'APPPATH\\Controllers\\Wo.php', 127)
 2 SYSTEMPATH\CodeIgniter.php(904): App\Controllers\Wo->formestimasi()
 3 SYSTEMPATH\CodeIgniter.php(457): CodeIgniter\CodeIgniter->runController(Object(App\Controllers\Wo))
 4 SYSTEMPATH\CodeIgniter.php(340): CodeIgniter\CodeIgniter->handleRequest(null, Object(Config\Cache), false)
 5 FCPATH\index.php(67): CodeIgniter\CodeIgniter->run()
 6 SYSTEMPATH\Commands\Server\rewrite.php(43): require_once('FCPATH\\index.php')
CRITICAL - 2022-11-21 14:36:48 --> Undefined array key "nopolisi"
in APPPATH\Controllers\Wo.php on line 127.
 1 APPPATH\Controllers\Wo.php(127): CodeIgniter\Debug\Exceptions->errorHandler(2, 'Undefined array key "nopolisi"', 'APPPATH\\Controllers\\Wo.php', 127)
 2 SYSTEMPATH\CodeIgniter.php(904): App\Controllers\Wo->formestimasi()
 3 SYSTEMPATH\CodeIgniter.php(457): CodeIgniter\CodeIgniter->runController(Object(App\Controllers\Wo))
 4 SYSTEMPATH\CodeIgniter.php(340): CodeIgniter\CodeIgniter->handleRequest(null, Object(Config\Cache), false)
 5 FCPATH\index.php(67): CodeIgniter\CodeIgniter->run()
 6 SYSTEMPATH\Commands\Server\rewrite.php(43): require_once('FCPATH\\index.php')
CRITICAL - 2022-11-21 14:37:21 --> Undefined array key "nopolisi"
in APPPATH\Controllers\Wo.php on line 127.
 1 APPPATH\Controllers\Wo.php(127): CodeIgniter\Debug\Exceptions->errorHandler(2, 'Undefined array key "nopolisi"', 'APPPATH\\Controllers\\Wo.php', 127)
 2 SYSTEMPATH\CodeIgniter.php(904): App\Controllers\Wo->formestimasi()
 3 SYSTEMPATH\CodeIgniter.php(457): CodeIgniter\CodeIgniter->runController(Object(App\Controllers\Wo))
 4 SYSTEMPATH\CodeIgniter.php(340): CodeIgniter\CodeIgniter->handleRequest(null, Object(Config\Cache), false)
 5 FCPATH\index.php(67): CodeIgniter\CodeIgniter->run()
 6 SYSTEMPATH\Commands\Server\rewrite.php(43): require_once('FCPATH\\index.php')
CRITICAL - 2022-11-21 14:37:47 --> Undefined array key "nopolisi"
in APPPATH\Controllers\Wo.php on line 127.
 1 APPPATH\Controllers\Wo.php(127): CodeIgniter\Debug\Exceptions->errorHandler(2, 'Undefined array key "nopolisi"', 'APPPATH\\Controllers\\Wo.php', 127)
 2 SYSTEMPATH\CodeIgniter.php(904): App\Controllers\Wo->formestimasi()
 3 SYSTEMPATH\CodeIgniter.php(457): CodeIgniter\CodeIgniter->runController(Object(App\Controllers\Wo))
 4 SYSTEMPATH\CodeIgniter.php(340): CodeIgniter\CodeIgniter->handleRequest(null, Object(Config\Cache), false)
 5 FCPATH\index.php(67): CodeIgniter\CodeIgniter->run()
 6 SYSTEMPATH\Commands\Server\rewrite.php(43): require_once('FCPATH\\index.php')
CRITICAL - 2022-11-21 14:39:56 --> Undefined array key "nopolisi"
in APPPATH\Controllers\Wo.php on line 127.
 1 APPPATH\Controllers\Wo.php(127): CodeIgniter\Debug\Exceptions->errorHandler(2, 'Undefined array key "nopolisi"', 'APPPATH\\Controllers\\Wo.php', 127)
 2 SYSTEMPATH\CodeIgniter.php(904): App\Controllers\Wo->formestimasi()
 3 SYSTEMPATH\CodeIgniter.php(457): CodeIgniter\CodeIgniter->runController(Object(App\Controllers\Wo))
 4 SYSTEMPATH\CodeIgniter.php(340): CodeIgniter\CodeIgniter->handleRequest(null, Object(Config\Cache), false)
 5 FCPATH\index.php(67): CodeIgniter\CodeIgniter->run()
 6 SYSTEMPATH\Commands\Server\rewrite.php(43): require_once('FCPATH\\index.php')
CRITICAL - 2022-11-21 14:40:58 --> Undefined array key "id"
in APPPATH\Controllers\Wo.php on line 127.
 1 APPPATH\Controllers\Wo.php(127): CodeIgniter\Debug\Exceptions->errorHandler(2, 'Undefined array key "id"', 'APPPATH\\Controllers\\Wo.php', 127)
 2 SYSTEMPATH\CodeIgniter.php(904): App\Controllers\Wo->formestimasi()
 3 SYSTEMPATH\CodeIgniter.php(457): CodeIgniter\CodeIgniter->runController(Object(App\Controllers\Wo))
 4 SYSTEMPATH\CodeIgniter.php(340): CodeIgniter\CodeIgniter->handleRequest(null, Object(Config\Cache), false)
 5 FCPATH\index.php(67): CodeIgniter\CodeIgniter->run()
 6 SYSTEMPATH\Commands\Server\rewrite.php(43): require_once('FCPATH\\index.php')
CRITICAL - 2022-11-21 14:41:07 --> Undefined array key "id"
in APPPATH\Controllers\Wo.php on line 127.
 1 APPPATH\Controllers\Wo.php(127): CodeIgniter\Debug\Exceptions->errorHandler(2, 'Undefined array key "id"', 'APPPATH\\Controllers\\Wo.php', 127)
 2 SYSTEMPATH\CodeIgniter.php(904): App\Controllers\Wo->formestimasi()
 3 SYSTEMPATH\CodeIgniter.php(457): CodeIgniter\CodeIgniter->runController(Object(App\Controllers\Wo))
 4 SYSTEMPATH\CodeIgniter.php(340): CodeIgniter\CodeIgniter->handleRequest(null, Object(Config\Cache), false)
 5 FCPATH\index.php(67): CodeIgniter\CodeIgniter->run()
 6 SYSTEMPATH\Commands\Server\rewrite.php(43): require_once('FCPATH\\index.php')
CRITICAL - 2022-11-21 14:43:13 --> Undefined array key "id"
in APPPATH\Controllers\Wo.php on line 127.
 1 APPPATH\Controllers\Wo.php(127): CodeIgniter\Debug\Exceptions->errorHandler(2, 'Undefined array key "id"', 'APPPATH\\Controllers\\Wo.php', 127)
 2 SYSTEMPATH\CodeIgniter.php(904): App\Controllers\Wo->formestimasi()
 3 SYSTEMPATH\CodeIgniter.php(457): CodeIgniter\CodeIgniter->runController(Object(App\Controllers\Wo))
 4 SYSTEMPATH\CodeIgniter.php(340): CodeIgniter\CodeIgniter->handleRequest(null, Object(Config\Cache), false)
 5 FCPATH\index.php(67): CodeIgniter\CodeIgniter->run()
 6 SYSTEMPATH\Commands\Server\rewrite.php(43): require_once('FCPATH\\index.php')
ERROR - 2022-11-21 15:38:29 --> mysqli_sql_exception: Column 'nopolisi' cannot be null in D:\xampp\htdocs\bp\system\Database\MySQLi\Connection.php:292
Stack trace:
#0 D:\xampp\htdocs\bp\system\Database\MySQLi\Connection.php(292): mysqli->query('INSERT INTO `wo...', 0)
#1 D:\xampp\htdocs\bp\system\Database\BaseConnection.php(693): CodeIgniter\Database\MySQLi\Connection->execute('INSERT INTO `wo...')
#2 D:\xampp\htdocs\bp\system\Database\BaseConnection.php(620): CodeIgniter\Database\BaseConnection->simpleQuery('INSERT INTO `wo...')
#3 D:\xampp\htdocs\bp\system\Database\BaseBuilder.php(1916): CodeIgniter\Database\BaseConnection->query('INSERT INTO `wo...', Array, false)
#4 D:\xampp\htdocs\bp\system\Model.php(279): CodeIgniter\Database\BaseBuilder->insert()
#5 D:\xampp\htdocs\bp\system\BaseModel.php(738): CodeIgniter\Model->doInsert(Array)
#6 D:\xampp\htdocs\bp\system\Model.php(667): CodeIgniter\BaseModel->insert(Array, true)
#7 D:\xampp\htdocs\bp\app\Controllers\Wo.php(574): CodeIgniter\Model->insert(Array)
#8 D:\xampp\htdocs\bp\system\CodeIgniter.php(904): App\Controllers\Wo->simpanestimasi()
#9 D:\xampp\htdocs\bp\system\CodeIgniter.php(457): CodeIgniter\CodeIgniter->runController(Object(App\Controllers\Wo))
#10 D:\xampp\htdocs\bp\system\CodeIgniter.php(340): CodeIgniter\CodeIgniter->handleRequest(NULL, Object(Config\Cache), false)
#11 D:\xampp\htdocs\bp\public\index.php(67): CodeIgniter\CodeIgniter->run()
#12 D:\xampp\htdocs\bp\system\Commands\Server\rewrite.php(43): require_once('D:\\xampp\\htdocs...')
#13 {main}
CRITICAL - 2022-11-21 15:38:29 --> Column 'nopolisi' cannot be null
in SYSTEMPATH\Database\MySQLi\Connection.php on line 292.
 1 SYSTEMPATH\Database\MySQLi\Connection.php(292): mysqli->query('INSERT INTO `wo` (`tanggal`, `nopolisi`, `norangka`, `kdpemilik`, `nmpemilik`, `user`, `created_at`, `updated_at`) VALUES (NULL, NULL, NULL, NULL, NULL, \'Edit-Murod-21-11-2022 15:38:29\', \'2022-11-21 15:38:29\', \'2022-11-21 15:38:29\')', 0)
 2 SYSTEMPATH\Database\BaseConnection.php(693): CodeIgniter\Database\MySQLi\Connection->execute('INSERT INTO `wo` (`tanggal`, `nopolisi`, `norangka`, `kdpemilik`, `nmpemilik`, `user`, `created_at`, `updated_at`) VALUES (NULL, NULL, NULL, NULL, NULL, \'Edit-Murod-21-11-2022 15:38:29\', \'2022-11-21 15:38:29\', \'2022-11-21 15:38:29\')')
 3 SYSTEMPATH\Database\BaseConnection.php(620): CodeIgniter\Database\BaseConnection->simpleQuery('INSERT INTO `wo` (`tanggal`, `nopolisi`, `norangka`, `kdpemilik`, `nmpemilik`, `user`, `created_at`, `updated_at`) VALUES (NULL, NULL, NULL, NULL, NULL, \'Edit-Murod-21-11-2022 15:38:29\', \'2022-11-21 15:38:29\', \'2022-11-21 15:38:29\')')
 4 SYSTEMPATH\Database\BaseBuilder.php(1916): CodeIgniter\Database\BaseConnection->query('INSERT INTO `wo` (`tanggal`, `nopolisi`, `norangka`, `kdpemilik`, `nmpemilik`, `user`, `created_at`, `updated_at`) VALUES (:tanggal:, :nopolisi:, :norangka:, :kdpemilik:, :nmpemilik:, :user:, :created_at:, :updated_at:)', [...], false)
 5 SYSTEMPATH\Model.php(279): CodeIgniter\Database\BaseBuilder->insert()
 6 SYSTEMPATH\BaseModel.php(738): CodeIgniter\Model->doInsert([...])
 7 SYSTEMPATH\Model.php(667): CodeIgniter\BaseModel->insert([...], true)
 8 APPPATH\Controllers\Wo.php(574): CodeIgniter\Model->insert([...])
 9 SYSTEMPATH\CodeIgniter.php(904): App\Controllers\Wo->simpanestimasi()
10 SYSTEMPATH\CodeIgniter.php(457): CodeIgniter\CodeIgniter->runController(Object(App\Controllers\Wo))
11 SYSTEMPATH\CodeIgniter.php(340): CodeIgniter\CodeIgniter->handleRequest(null, Object(Config\Cache), false)
12 FCPATH\index.php(67): CodeIgniter\CodeIgniter->run()
13 SYSTEMPATH\Commands\Server\rewrite.php(43): require_once('FCPATH\\index.php')
ERROR - 2022-11-21 15:38:29 --> mysqli_sql_exception: Column 'nopolisi' cannot be null in D:\xampp\htdocs\bp\system\Database\MySQLi\Connection.php:292
Stack trace:
#0 D:\xampp\htdocs\bp\system\Database\MySQLi\Connection.php(292): mysqli->query('INSERT INTO `wo...', 0)
#1 D:\xampp\htdocs\bp\system\Database\BaseConnection.php(693): CodeIgniter\Database\MySQLi\Connection->execute('INSERT INTO `wo...')
#2 D:\xampp\htdocs\bp\system\Database\BaseConnection.php(620): CodeIgniter\Database\BaseConnection->simpleQuery('INSERT INTO `wo...')
#3 D:\xampp\htdocs\bp\system\Database\BaseBuilder.php(1916): CodeIgniter\Database\BaseConnection->query('INSERT INTO `wo...', Array, false)
#4 D:\xampp\htdocs\bp\system\Model.php(279): CodeIgniter\Database\BaseBuilder->insert()
#5 D:\xampp\htdocs\bp\system\BaseModel.php(738): CodeIgniter\Model->doInsert(Array)
#6 D:\xampp\htdocs\bp\system\Model.php(667): CodeIgniter\BaseModel->insert(Array, true)
#7 D:\xampp\htdocs\bp\app\Controllers\Wo.php(574): CodeIgniter\Model->insert(Array)
#8 D:\xampp\htdocs\bp\system\CodeIgniter.php(904): App\Controllers\Wo->simpanestimasi()
#9 D:\xampp\htdocs\bp\system\CodeIgniter.php(457): CodeIgniter\CodeIgniter->runController(Object(App\Controllers\Wo))
#10 D:\xampp\htdocs\bp\system\CodeIgniter.php(340): CodeIgniter\CodeIgniter->handleRequest(NULL, Object(Config\Cache), false)
#11 D:\xampp\htdocs\bp\public\index.php(67): CodeIgniter\CodeIgniter->run()
#12 D:\xampp\htdocs\bp\system\Commands\Server\rewrite.php(43): require_once('D:\\xampp\\htdocs...')
#13 {main}
CRITICAL - 2022-11-21 15:38:29 --> Column 'nopolisi' cannot be null
in SYSTEMPATH\Database\MySQLi\Connection.php on line 292.
 1 SYSTEMPATH\Database\MySQLi\Connection.php(292): mysqli->query('INSERT INTO `wo` (`tanggal`, `nopolisi`, `norangka`, `kdpemilik`, `nmpemilik`, `user`, `created_at`, `updated_at`) VALUES (NULL, NULL, NULL, NULL, NULL, \'Edit-Murod-21-11-2022 15:38:29\', \'2022-11-21 15:38:29\', \'2022-11-21 15:38:29\')', 0)
 2 SYSTEMPATH\Database\BaseConnection.php(693): CodeIgniter\Database\MySQLi\Connection->execute('INSERT INTO `wo` (`tanggal`, `nopolisi`, `norangka`, `kdpemilik`, `nmpemilik`, `user`, `created_at`, `updated_at`) VALUES (NULL, NULL, NULL, NULL, NULL, \'Edit-Murod-21-11-2022 15:38:29\', \'2022-11-21 15:38:29\', \'2022-11-21 15:38:29\')')
 3 SYSTEMPATH\Database\BaseConnection.php(620): CodeIgniter\Database\BaseConnection->simpleQuery('INSERT INTO `wo` (`tanggal`, `nopolisi`, `norangka`, `kdpemilik`, `nmpemilik`, `user`, `created_at`, `updated_at`) VALUES (NULL, NULL, NULL, NULL, NULL, \'Edit-Murod-21-11-2022 15:38:29\', \'2022-11-21 15:38:29\', \'2022-11-21 15:38:29\')')
 4 SYSTEMPATH\Database\BaseBuilder.php(1916): CodeIgniter\Database\BaseConnection->query('INSERT INTO `wo` (`tanggal`, `nopolisi`, `norangka`, `kdpemilik`, `nmpemilik`, `user`, `created_at`, `updated_at`) VALUES (:tanggal:, :nopolisi:, :norangka:, :kdpemilik:, :nmpemilik:, :user:, :created_at:, :updated_at:)', [...], false)
 5 SYSTEMPATH\Model.php(279): CodeIgniter\Database\BaseBuilder->insert()
 6 SYSTEMPATH\BaseModel.php(738): CodeIgniter\Model->doInsert([...])
 7 SYSTEMPATH\Model.php(667): CodeIgniter\BaseModel->insert([...], true)
 8 APPPATH\Controllers\Wo.php(574): CodeIgniter\Model->insert([...])
 9 SYSTEMPATH\CodeIgniter.php(904): App\Controllers\Wo->simpanestimasi()
10 SYSTEMPATH\CodeIgniter.php(457): CodeIgniter\CodeIgniter->runController(Object(App\Controllers\Wo))
11 SYSTEMPATH\CodeIgniter.php(340): CodeIgniter\CodeIgniter->handleRequest(null, Object(Config\Cache), false)
12 FCPATH\index.php(67): CodeIgniter\CodeIgniter->run()
13 SYSTEMPATH\Commands\Server\rewrite.php(43): require_once('FCPATH\\index.php')
ERROR - 2022-11-21 15:38:29 --> mysqli_sql_exception: Column 'nopolisi' cannot be null in D:\xampp\htdocs\bp\system\Database\MySQLi\Connection.php:292
Stack trace:
#0 D:\xampp\htdocs\bp\system\Database\MySQLi\Connection.php(292): mysqli->query('INSERT INTO `wo...', 0)
#1 D:\xampp\htdocs\bp\system\Database\BaseConnection.php(693): CodeIgniter\Database\MySQLi\Connection->execute('INSERT INTO `wo...')
#2 D:\xampp\htdocs\bp\system\Database\BaseConnection.php(620): CodeIgniter\Database\BaseConnection->simpleQuery('INSERT INTO `wo...')
#3 D:\xampp\htdocs\bp\system\Database\BaseBuilder.php(1916): CodeIgniter\Database\BaseConnection->query('INSERT INTO `wo...', Array, false)
#4 D:\xampp\htdocs\bp\system\Model.php(279): CodeIgniter\Database\BaseBuilder->insert()
#5 D:\xampp\htdocs\bp\system\BaseModel.php(738): CodeIgniter\Model->doInsert(Array)
#6 D:\xampp\htdocs\bp\system\Model.php(667): CodeIgniter\BaseModel->insert(Array, true)
#7 D:\xampp\htdocs\bp\app\Controllers\Wo.php(574): CodeIgniter\Model->insert(Array)
#8 D:\xampp\htdocs\bp\system\CodeIgniter.php(904): App\Controllers\Wo->simpanestimasi()
#9 D:\xampp\htdocs\bp\system\CodeIgniter.php(457): CodeIgniter\CodeIgniter->runController(Object(App\Controllers\Wo))
#10 D:\xampp\htdocs\bp\system\CodeIgniter.php(340): CodeIgniter\CodeIgniter->handleRequest(NULL, Object(Config\Cache), false)
#11 D:\xampp\htdocs\bp\public\index.php(67): CodeIgniter\CodeIgniter->run()
#12 D:\xampp\htdocs\bp\system\Commands\Server\rewrite.php(43): require_once('D:\\xampp\\htdocs...')
#13 {main}
CRITICAL - 2022-11-21 15:38:29 --> Column 'nopolisi' cannot be null
in SYSTEMPATH\Database\MySQLi\Connection.php on line 292.
 1 SYSTEMPATH\Database\MySQLi\Connection.php(292): mysqli->query('INSERT INTO `wo` (`tanggal`, `nopolisi`, `norangka`, `kdpemilik`, `nmpemilik`, `user`, `created_at`, `updated_at`) VALUES (NULL, NULL, NULL, NULL, NULL, \'Edit-Murod-21-11-2022 15:38:29\', \'2022-11-21 15:38:29\', \'2022-11-21 15:38:29\')', 0)
 2 SYSTEMPATH\Database\BaseConnection.php(693): CodeIgniter\Database\MySQLi\Connection->execute('INSERT INTO `wo` (`tanggal`, `nopolisi`, `norangka`, `kdpemilik`, `nmpemilik`, `user`, `created_at`, `updated_at`) VALUES (NULL, NULL, NULL, NULL, NULL, \'Edit-Murod-21-11-2022 15:38:29\', \'2022-11-21 15:38:29\', \'2022-11-21 15:38:29\')')
 3 SYSTEMPATH\Database\BaseConnection.php(620): CodeIgniter\Database\BaseConnection->simpleQuery('INSERT INTO `wo` (`tanggal`, `nopolisi`, `norangka`, `kdpemilik`, `nmpemilik`, `user`, `created_at`, `updated_at`) VALUES (NULL, NULL, NULL, NULL, NULL, \'Edit-Murod-21-11-2022 15:38:29\', \'2022-11-21 15:38:29\', \'2022-11-21 15:38:29\')')
 4 SYSTEMPATH\Database\BaseBuilder.php(1916): CodeIgniter\Database\BaseConnection->query('INSERT INTO `wo` (`tanggal`, `nopolisi`, `norangka`, `kdpemilik`, `nmpemilik`, `user`, `created_at`, `updated_at`) VALUES (:tanggal:, :nopolisi:, :norangka:, :kdpemilik:, :nmpemilik:, :user:, :created_at:, :updated_at:)', [...], false)
 5 SYSTEMPATH\Model.php(279): CodeIgniter\Database\BaseBuilder->insert()
 6 SYSTEMPATH\BaseModel.php(738): CodeIgniter\Model->doInsert([...])
 7 SYSTEMPATH\Model.php(667): CodeIgniter\BaseModel->insert([...], true)
 8 APPPATH\Controllers\Wo.php(574): CodeIgniter\Model->insert([...])
 9 SYSTEMPATH\CodeIgniter.php(904): App\Controllers\Wo->simpanestimasi()
10 SYSTEMPATH\CodeIgniter.php(457): CodeIgniter\CodeIgniter->runController(Object(App\Controllers\Wo))
11 SYSTEMPATH\CodeIgniter.php(340): CodeIgniter\CodeIgniter->handleRequest(null, Object(Config\Cache), false)
12 FCPATH\index.php(67): CodeIgniter\CodeIgniter->run()
13 SYSTEMPATH\Commands\Server\rewrite.php(43): require_once('FCPATH\\index.php')
CRITICAL - 2022-11-21 15:48:40 --> Undefined property: stdClass::$noestimasi
in APPPATH\Controllers\Wo.php on line 559.
 1 APPPATH\Controllers\Wo.php(559): CodeIgniter\Debug\Exceptions->errorHandler(2, 'Undefined property: stdClass::$noestimasi', 'APPPATH\\Controllers\\Wo.php', 559)
 2 SYSTEMPATH\CodeIgniter.php(904): App\Controllers\Wo->simpanestimasi()
 3 SYSTEMPATH\CodeIgniter.php(457): CodeIgniter\CodeIgniter->runController(Object(App\Controllers\Wo))
 4 SYSTEMPATH\CodeIgniter.php(340): CodeIgniter\CodeIgniter->handleRequest(null, Object(Config\Cache), false)
 5 FCPATH\index.php(67): CodeIgniter\CodeIgniter->run()
 6 SYSTEMPATH\Commands\Server\rewrite.php(43): require_once('FCPATH\\index.php')
CRITICAL - 2022-11-21 15:50:03 --> Undefined property: stdClass::$noestimasi
in APPPATH\Controllers\Wo.php on line 559.
 1 APPPATH\Controllers\Wo.php(559): CodeIgniter\Debug\Exceptions->errorHandler(2, 'Undefined property: stdClass::$noestimasi', 'APPPATH\\Controllers\\Wo.php', 559)
 2 SYSTEMPATH\CodeIgniter.php(904): App\Controllers\Wo->simpanestimasi()
 3 SYSTEMPATH\CodeIgniter.php(457): CodeIgniter\CodeIgniter->runController(Object(App\Controllers\Wo))
 4 SYSTEMPATH\CodeIgniter.php(340): CodeIgniter\CodeIgniter->handleRequest(null, Object(Config\Cache), false)
 5 FCPATH\index.php(67): CodeIgniter\CodeIgniter->run()
 6 SYSTEMPATH\Commands\Server\rewrite.php(43): require_once('FCPATH\\index.php')
CRITICAL - 2022-11-21 15:51:35 --> Object of class stdClass could not be converted to string
in SYSTEMPATH\Database\Query.php on line 329.
 1 SYSTEMPATH\Database\Query.php(329): implode(',', [...])
 2 SYSTEMPATH\Database\Query.php(310): CodeIgniter\Database\Query->matchNamedBinds('INSERT INTO `wo` (`noestimasi`, `tanggal`, `nopolisi`, `norangka`, `kdpemilik`, `nmpemilik`, `user`, `created_at`, `updated_at`) VALUES (:noestimasi:, :tanggal:, :nopolisi:, :norangka:, :kdpemilik:, :nmpemilik:, :user:, :created_at:, :updated_at:)', [...])
 3 SYSTEMPATH\Database\Query.php(159): CodeIgniter\Database\Query->compileBinds()
 4 SYSTEMPATH\Database\BaseConnection.php(620): CodeIgniter\Database\Query->getQuery()
 5 SYSTEMPATH\Database\BaseBuilder.php(1916): CodeIgniter\Database\BaseConnection->query('INSERT INTO `wo` (`noestimasi`, `tanggal`, `nopolisi`, `norangka`, `kdpemilik`, `nmpemilik`, `user`, `created_at`, `updated_at`) VALUES (:noestimasi:, :tanggal:, :nopolisi:, :norangka:, :kdpemilik:, :nmpemilik:, :user:, :created_at:, :updated_at:)', [...], false)
 6 SYSTEMPATH\Model.php(279): CodeIgniter\Database\BaseBuilder->insert()
 7 SYSTEMPATH\BaseModel.php(738): CodeIgniter\Model->doInsert([...])
 8 SYSTEMPATH\Model.php(667): CodeIgniter\BaseModel->insert([...], true)
 9 APPPATH\Controllers\Wo.php(574): CodeIgniter\Model->insert([...])
10 SYSTEMPATH\CodeIgniter.php(904): App\Controllers\Wo->simpanestimasi()
11 SYSTEMPATH\CodeIgniter.php(457): CodeIgniter\CodeIgniter->runController(Object(App\Controllers\Wo))
12 SYSTEMPATH\CodeIgniter.php(340): CodeIgniter\CodeIgniter->handleRequest(null, Object(Config\Cache), false)
13 FCPATH\index.php(67): CodeIgniter\CodeIgniter->run()
14 SYSTEMPATH\Commands\Server\rewrite.php(43): require_once('FCPATH\\index.php')
CRITICAL - 2022-11-21 15:51:43 --> Object of class stdClass could not be converted to string
in SYSTEMPATH\Database\Query.php on line 329.
 1 SYSTEMPATH\Database\Query.php(329): implode(',', [...])
 2 SYSTEMPATH\Database\Query.php(310): CodeIgniter\Database\Query->matchNamedBinds('INSERT INTO `wo` (`noestimasi`, `tanggal`, `nopolisi`, `norangka`, `kdpemilik`, `nmpemilik`, `user`, `created_at`, `updated_at`) VALUES (:noestimasi:, :tanggal:, :nopolisi:, :norangka:, :kdpemilik:, :nmpemilik:, :user:, :created_at:, :updated_at:)', [...])
 3 SYSTEMPATH\Database\Query.php(159): CodeIgniter\Database\Query->compileBinds()
 4 SYSTEMPATH\Database\BaseConnection.php(620): CodeIgniter\Database\Query->getQuery()
 5 SYSTEMPATH\Database\BaseBuilder.php(1916): CodeIgniter\Database\BaseConnection->query('INSERT INTO `wo` (`noestimasi`, `tanggal`, `nopolisi`, `norangka`, `kdpemilik`, `nmpemilik`, `user`, `created_at`, `updated_at`) VALUES (:noestimasi:, :tanggal:, :nopolisi:, :norangka:, :kdpemilik:, :nmpemilik:, :user:, :created_at:, :updated_at:)', [...], false)
 6 SYSTEMPATH\Model.php(279): CodeIgniter\Database\BaseBuilder->insert()
 7 SYSTEMPATH\BaseModel.php(738): CodeIgniter\Model->doInsert([...])
 8 SYSTEMPATH\Model.php(667): CodeIgniter\BaseModel->insert([...], true)
 9 APPPATH\Controllers\Wo.php(574): CodeIgniter\Model->insert([...])
10 SYSTEMPATH\CodeIgniter.php(904): App\Controllers\Wo->simpanestimasi()
11 SYSTEMPATH\CodeIgniter.php(457): CodeIgniter\CodeIgniter->runController(Object(App\Controllers\Wo))
12 SYSTEMPATH\CodeIgniter.php(340): CodeIgniter\CodeIgniter->handleRequest(null, Object(Config\Cache), false)
13 FCPATH\index.php(67): CodeIgniter\CodeIgniter->run()
14 SYSTEMPATH\Commands\Server\rewrite.php(43): require_once('FCPATH\\index.php')
CRITICAL - 2022-11-21 15:53:15 --> Object of class stdClass could not be converted to string
in SYSTEMPATH\Database\Query.php on line 329.
 1 SYSTEMPATH\Database\Query.php(329): implode(',', [...])
 2 SYSTEMPATH\Database\Query.php(310): CodeIgniter\Database\Query->matchNamedBinds('INSERT INTO `wo` (`noestimasi`, `tanggal`, `nopolisi`, `norangka`, `kdpemilik`, `nmpemilik`, `user`, `created_at`, `updated_at`) VALUES (:noestimasi:, :tanggal:, :nopolisi:, :norangka:, :kdpemilik:, :nmpemilik:, :user:, :created_at:, :updated_at:)', [...])
 3 SYSTEMPATH\Database\Query.php(159): CodeIgniter\Database\Query->compileBinds()
 4 SYSTEMPATH\Database\BaseConnection.php(620): CodeIgniter\Database\Query->getQuery()
 5 SYSTEMPATH\Database\BaseBuilder.php(1916): CodeIgniter\Database\BaseConnection->query('INSERT INTO `wo` (`noestimasi`, `tanggal`, `nopolisi`, `norangka`, `kdpemilik`, `nmpemilik`, `user`, `created_at`, `updated_at`) VALUES (:noestimasi:, :tanggal:, :nopolisi:, :norangka:, :kdpemilik:, :nmpemilik:, :user:, :created_at:, :updated_at:)', [...], false)
 6 SYSTEMPATH\Model.php(279): CodeIgniter\Database\BaseBuilder->insert()
 7 SYSTEMPATH\BaseModel.php(738): CodeIgniter\Model->doInsert([...])
 8 SYSTEMPATH\Model.php(667): CodeIgniter\BaseModel->insert([...], true)
 9 APPPATH\Controllers\Wo.php(574): CodeIgniter\Model->insert([...])
10 SYSTEMPATH\CodeIgniter.php(904): App\Controllers\Wo->simpanestimasi()
11 SYSTEMPATH\CodeIgniter.php(457): CodeIgniter\CodeIgniter->runController(Object(App\Controllers\Wo))
12 SYSTEMPATH\CodeIgniter.php(340): CodeIgniter\CodeIgniter->handleRequest(null, Object(Config\Cache), false)
13 FCPATH\index.php(67): CodeIgniter\CodeIgniter->run()
14 SYSTEMPATH\Commands\Server\rewrite.php(43): require_once('FCPATH\\index.php')
CRITICAL - 2022-11-21 15:57:23 --> Object of class stdClass could not be converted to string
in SYSTEMPATH\Database\Query.php on line 329.
 1 SYSTEMPATH\Database\Query.php(329): implode(',', [...])
 2 SYSTEMPATH\Database\Query.php(310): CodeIgniter\Database\Query->matchNamedBinds('INSERT INTO `wo` (`noestimasi`, `tanggal`, `nopolisi`, `norangka`, `kdpemilik`, `nmpemilik`, `user`, `created_at`, `updated_at`) VALUES (:noestimasi:, :tanggal:, :nopolisi:, :norangka:, :kdpemilik:, :nmpemilik:, :user:, :created_at:, :updated_at:)', [...])
 3 SYSTEMPATH\Database\Query.php(159): CodeIgniter\Database\Query->compileBinds()
 4 SYSTEMPATH\Database\BaseConnection.php(620): CodeIgniter\Database\Query->getQuery()
 5 SYSTEMPATH\Database\BaseBuilder.php(1916): CodeIgniter\Database\BaseConnection->query('INSERT INTO `wo` (`noestimasi`, `tanggal`, `nopolisi`, `norangka`, `kdpemilik`, `nmpemilik`, `user`, `created_at`, `updated_at`) VALUES (:noestimasi:, :tanggal:, :nopolisi:, :norangka:, :kdpemilik:, :nmpemilik:, :user:, :created_at:, :updated_at:)', [...], false)
 6 SYSTEMPATH\Model.php(279): CodeIgniter\Database\BaseBuilder->insert()
 7 SYSTEMPATH\BaseModel.php(738): CodeIgniter\Model->doInsert([...])
 8 SYSTEMPATH\Model.php(667): CodeIgniter\BaseModel->insert([...], true)
 9 APPPATH\Controllers\Wo.php(575): CodeIgniter\Model->insert([...])
10 SYSTEMPATH\CodeIgniter.php(904): App\Controllers\Wo->simpanestimasi()
11 SYSTEMPATH\CodeIgniter.php(457): CodeIgniter\CodeIgniter->runController(Object(App\Controllers\Wo))
12 SYSTEMPATH\CodeIgniter.php(340): CodeIgniter\CodeIgniter->handleRequest(null, Object(Config\Cache), false)
13 FCPATH\index.php(67): CodeIgniter\CodeIgniter->run()
14 SYSTEMPATH\Commands\Server\rewrite.php(43): require_once('FCPATH\\index.php')
CRITICAL - 2022-11-21 15:57:48 --> Object of class stdClass could not be converted to string
in SYSTEMPATH\Database\Query.php on line 329.
 1 SYSTEMPATH\Database\Query.php(329): implode(',', [...])
 2 SYSTEMPATH\Database\Query.php(310): CodeIgniter\Database\Query->matchNamedBinds('INSERT INTO `wo` (`noestimasi`, `tanggal`, `nopolisi`, `norangka`, `kdpemilik`, `nmpemilik`, `user`, `created_at`, `updated_at`) VALUES (:noestimasi:, :tanggal:, :nopolisi:, :norangka:, :kdpemilik:, :nmpemilik:, :user:, :created_at:, :updated_at:)', [...])
 3 SYSTEMPATH\Database\Query.php(159): CodeIgniter\Database\Query->compileBinds()
 4 SYSTEMPATH\Database\BaseConnection.php(620): CodeIgniter\Database\Query->getQuery()
 5 SYSTEMPATH\Database\BaseBuilder.php(1916): CodeIgniter\Database\BaseConnection->query('INSERT INTO `wo` (`noestimasi`, `tanggal`, `nopolisi`, `norangka`, `kdpemilik`, `nmpemilik`, `user`, `created_at`, `updated_at`) VALUES (:noestimasi:, :tanggal:, :nopolisi:, :norangka:, :kdpemilik:, :nmpemilik:, :user:, :created_at:, :updated_at:)', [...], false)
 6 SYSTEMPATH\Model.php(279): CodeIgniter\Database\BaseBuilder->insert()
 7 SYSTEMPATH\BaseModel.php(738): CodeIgniter\Model->doInsert([...])
 8 SYSTEMPATH\Model.php(667): CodeIgniter\BaseModel->insert([...], true)
 9 APPPATH\Controllers\Wo.php(575): CodeIgniter\Model->insert([...])
10 SYSTEMPATH\CodeIgniter.php(904): App\Controllers\Wo->simpanestimasi()
11 SYSTEMPATH\CodeIgniter.php(457): CodeIgniter\CodeIgniter->runController(Object(App\Controllers\Wo))
12 SYSTEMPATH\CodeIgniter.php(340): CodeIgniter\CodeIgniter->handleRequest(null, Object(Config\Cache), false)
13 FCPATH\index.php(67): CodeIgniter\CodeIgniter->run()
14 SYSTEMPATH\Commands\Server\rewrite.php(43): require_once('FCPATH\\index.php')
CRITICAL - 2022-11-21 15:58:30 --> Object of class stdClass could not be converted to string
in SYSTEMPATH\Database\Query.php on line 329.
 1 SYSTEMPATH\Database\Query.php(329): implode(',', [...])
 2 SYSTEMPATH\Database\Query.php(310): CodeIgniter\Database\Query->matchNamedBinds('INSERT INTO `wo` (`noestimasi`, `tanggal`, `nopolisi`, `norangka`, `kdpemilik`, `nmpemilik`, `user`, `created_at`, `updated_at`) VALUES (:noestimasi:, :tanggal:, :nopolisi:, :norangka:, :kdpemilik:, :nmpemilik:, :user:, :created_at:, :updated_at:)', [...])
 3 SYSTEMPATH\Database\Query.php(159): CodeIgniter\Database\Query->compileBinds()
 4 SYSTEMPATH\Database\BaseConnection.php(620): CodeIgniter\Database\Query->getQuery()
 5 SYSTEMPATH\Database\BaseBuilder.php(1916): CodeIgniter\Database\BaseConnection->query('INSERT INTO `wo` (`noestimasi`, `tanggal`, `nopolisi`, `norangka`, `kdpemilik`, `nmpemilik`, `user`, `created_at`, `updated_at`) VALUES (:noestimasi:, :tanggal:, :nopolisi:, :norangka:, :kdpemilik:, :nmpemilik:, :user:, :created_at:, :updated_at:)', [...], false)
 6 SYSTEMPATH\Model.php(279): CodeIgniter\Database\BaseBuilder->insert()
 7 SYSTEMPATH\BaseModel.php(738): CodeIgniter\Model->doInsert([...])
 8 SYSTEMPATH\Model.php(667): CodeIgniter\BaseModel->insert([...], true)
 9 APPPATH\Controllers\Wo.php(575): CodeIgniter\Model->insert([...])
10 SYSTEMPATH\CodeIgniter.php(904): App\Controllers\Wo->simpanestimasi()
11 SYSTEMPATH\CodeIgniter.php(457): CodeIgniter\CodeIgniter->runController(Object(App\Controllers\Wo))
12 SYSTEMPATH\CodeIgniter.php(340): CodeIgniter\CodeIgniter->handleRequest(null, Object(Config\Cache), false)
13 FCPATH\index.php(67): CodeIgniter\CodeIgniter->run()
14 SYSTEMPATH\Commands\Server\rewrite.php(43): require_once('FCPATH\\index.php')
CRITICAL - 2022-11-21 15:58:57 --> Object of class stdClass could not be converted to string
in SYSTEMPATH\Database\Query.php on line 329.
 1 SYSTEMPATH\Database\Query.php(329): implode(',', [...])
 2 SYSTEMPATH\Database\Query.php(310): CodeIgniter\Database\Query->matchNamedBinds('INSERT INTO `wo` (`noestimasi`, `tanggal`, `nopolisi`, `norangka`, `kdpemilik`, `nmpemilik`, `user`, `created_at`, `updated_at`) VALUES (:noestimasi:, :tanggal:, :nopolisi:, :norangka:, :kdpemilik:, :nmpemilik:, :user:, :created_at:, :updated_at:)', [...])
 3 SYSTEMPATH\Database\Query.php(159): CodeIgniter\Database\Query->compileBinds()
 4 SYSTEMPATH\Database\BaseConnection.php(620): CodeIgniter\Database\Query->getQuery()
 5 SYSTEMPATH\Database\BaseBuilder.php(1916): CodeIgniter\Database\BaseConnection->query('INSERT INTO `wo` (`noestimasi`, `tanggal`, `nopolisi`, `norangka`, `kdpemilik`, `nmpemilik`, `user`, `created_at`, `updated_at`) VALUES (:noestimasi:, :tanggal:, :nopolisi:, :norangka:, :kdpemilik:, :nmpemilik:, :user:, :created_at:, :updated_at:)', [...], false)
 6 SYSTEMPATH\Model.php(279): CodeIgniter\Database\BaseBuilder->insert()
 7 SYSTEMPATH\BaseModel.php(738): CodeIgniter\Model->doInsert([...])
 8 SYSTEMPATH\Model.php(667): CodeIgniter\BaseModel->insert([...], true)
 9 APPPATH\Controllers\Wo.php(575): CodeIgniter\Model->insert([...])
10 SYSTEMPATH\CodeIgniter.php(904): App\Controllers\Wo->simpanestimasi()
11 SYSTEMPATH\CodeIgniter.php(457): CodeIgniter\CodeIgniter->runController(Object(App\Controllers\Wo))
12 SYSTEMPATH\CodeIgniter.php(340): CodeIgniter\CodeIgniter->handleRequest(null, Object(Config\Cache), false)
13 FCPATH\index.php(67): CodeIgniter\CodeIgniter->run()
14 SYSTEMPATH\Commands\Server\rewrite.php(43): require_once('FCPATH\\index.php')
CRITICAL - 2022-11-21 16:41:32 --> Trying to access array offset on value of type null
in APPPATH\Views\tbmobil\modaledit.php on line 11.
 1 APPPATH\Views\tbmobil\modaledit.php(11): CodeIgniter\Debug\Exceptions->errorHandler(2, 'Trying to access array offset on value of type null', 'APPPATH\\Views\\tbmobil\\modaledit.php', 11)
 2 SYSTEMPATH\View\View.php(213): include('APPPATH\\Views\\tbmobil\\modaledit.php')
 3 SYSTEMPATH\View\View.php(216): CodeIgniter\View\View->CodeIgniter\View\{closure}()
 4 SYSTEMPATH\Common.php(1142): CodeIgniter\View\View->render('tbmobil/modaledit', [], true)
 5 APPPATH\Controllers\Wo.php(240): view('tbmobil/modaledit', [...])
 6 SYSTEMPATH\CodeIgniter.php(904): App\Controllers\Wo->formedit()
 7 SYSTEMPATH\CodeIgniter.php(457): CodeIgniter\CodeIgniter->runController(Object(App\Controllers\Wo))
 8 SYSTEMPATH\CodeIgniter.php(340): CodeIgniter\CodeIgniter->handleRequest(null, Object(Config\Cache), false)
 9 FCPATH\index.php(67): CodeIgniter\CodeIgniter->run()
10 SYSTEMPATH\Commands\Server\rewrite.php(43): require_once('FCPATH\\index.php')
CRITICAL - 2022-11-21 16:41:37 --> Trying to access array offset on value of type null
in APPPATH\Controllers\Wo.php on line 90.
 1 APPPATH\Controllers\Wo.php(90): CodeIgniter\Debug\Exceptions->errorHandler(2, 'Trying to access array offset on value of type null', 'APPPATH\\Controllers\\Wo.php', 90)
 2 SYSTEMPATH\CodeIgniter.php(904): App\Controllers\Wo->formdetail()
 3 SYSTEMPATH\CodeIgniter.php(457): CodeIgniter\CodeIgniter->runController(Object(App\Controllers\Wo))
 4 SYSTEMPATH\CodeIgniter.php(340): CodeIgniter\CodeIgniter->handleRequest(null, Object(Config\Cache), false)
 5 FCPATH\index.php(67): CodeIgniter\CodeIgniter->run()
 6 SYSTEMPATH\Commands\Server\rewrite.php(43): require_once('FCPATH\\index.php')
CRITICAL - 2022-11-21 16:41:41 --> Trying to access array offset on value of type null
in APPPATH\Controllers\Wo.php on line 505.
 1 APPPATH\Controllers\Wo.php(505): CodeIgniter\Debug\Exceptions->errorHandler(2, 'Trying to access array offset on value of type null', 'APPPATH\\Controllers\\Wo.php', 505)
 2 SYSTEMPATH\CodeIgniter.php(904): App\Controllers\Wo->formmobil()
 3 SYSTEMPATH\CodeIgniter.php(457): CodeIgniter\CodeIgniter->runController(Object(App\Controllers\Wo))
 4 SYSTEMPATH\CodeIgniter.php(340): CodeIgniter\CodeIgniter->handleRequest(null, Object(Config\Cache), false)
 5 FCPATH\index.php(67): CodeIgniter\CodeIgniter->run()
 6 SYSTEMPATH\Commands\Server\rewrite.php(43): require_once('FCPATH\\index.php')
