CRITICAL - 2022-09-02 02:38:43 --> Invalid file: pages/header.php
in SYSTEMPATH\Exceptions\FrameworkException.php on line 33.
 1 SYSTEMPATH\View\View.php(201): CodeIgniter\Exceptions\FrameworkException::forInvalidFile('pages/header.php')
 2 SYSTEMPATH\Common.php(1142): CodeIgniter\View\View->render('pages/header', [], true)
 3 APPPATH\Controllers\Pages.php(24): view('pages/header')
 4 SYSTEMPATH\CodeIgniter.php(904): App\Controllers\Pages->header()
 5 SYSTEMPATH\CodeIgniter.php(457): CodeIgniter\CodeIgniter->runController(Object(App\Controllers\Pages))
 6 SYSTEMPATH\CodeIgniter.php(340): CodeIgniter\CodeIgniter->handleRequest(null, Object(Config\Cache), false)
 7 FCPATH\index.php(67): CodeIgniter\CodeIgniter->run()
 8 SYSTEMPATH\Commands\Server\rewrite.php(43): require_once('FCPATH\\index.php')
CRITICAL - 2022-09-02 02:39:54 --> Invalid file: pages/header.php
in SYSTEMPATH\Exceptions\FrameworkException.php on line 33.
 1 SYSTEMPATH\View\View.php(201): CodeIgniter\Exceptions\FrameworkException::forInvalidFile('pages/header.php')
 2 SYSTEMPATH\Common.php(1142): CodeIgniter\View\View->render('pages/header', [], true)
 3 APPPATH\Controllers\Pages.php(24): view('pages/header')
 4 SYSTEMPATH\CodeIgniter.php(904): App\Controllers\Pages->header()
 5 SYSTEMPATH\CodeIgniter.php(457): CodeIgniter\CodeIgniter->runController(Object(App\Controllers\Pages))
 6 SYSTEMPATH\CodeIgniter.php(340): CodeIgniter\CodeIgniter->handleRequest(null, Object(Config\Cache), false)
 7 FCPATH\index.php(67): CodeIgniter\CodeIgniter->run()
 8 SYSTEMPATH\Commands\Server\rewrite.php(43): require_once('FCPATH\\index.php')
CRITICAL - 2022-09-02 03:06:35 --> Undefined variable $title
in APPPATH\Views\layout\header.php on line 12.
 1 APPPATH\Views\layout\header.php(12): CodeIgniter\Debug\Exceptions->errorHandler(2, 'Undefined variable $title', 'APPPATH\\Views\\layout\\header.php', 12)
 2 SYSTEMPATH\View\View.php(213): include('APPPATH\\Views\\layout\\header.php')
 3 SYSTEMPATH\View\View.php(216): CodeIgniter\View\View->CodeIgniter\View\{closure}()
 4 SYSTEMPATH\Common.php(1142): CodeIgniter\View\View->render('layout/header', [], true)
 5 APPPATH\Controllers\Pages.php(9): view('layout/header')
 6 SYSTEMPATH\CodeIgniter.php(904): App\Controllers\Pages->index()
 7 SYSTEMPATH\CodeIgniter.php(457): CodeIgniter\CodeIgniter->runController(Object(App\Controllers\Pages))
 8 SYSTEMPATH\CodeIgniter.php(340): CodeIgniter\CodeIgniter->handleRequest(null, Object(Config\Cache), false)
 9 FCPATH\index.php(67): CodeIgniter\CodeIgniter->run()
10 SYSTEMPATH\Commands\Server\rewrite.php(43): require_once('FCPATH\\index.php')
CRITICAL - 2022-09-02 04:34:50 --> Call to undefined method CodeIgniter\View\View::extends()
in APPPATH\Views\pages\about.php on line 1.
 1 SYSTEMPATH\View\View.php(213): include()
 2 SYSTEMPATH\View\View.php(216): CodeIgniter\View\View->CodeIgniter\View\{closure}()
 3 SYSTEMPATH\Common.php(1142): CodeIgniter\View\View->render('pages/about', [], true)
 4 APPPATH\Controllers\Pages.php(28): view('pages/about', [...])
 5 SYSTEMPATH\CodeIgniter.php(904): App\Controllers\Pages->about()
 6 SYSTEMPATH\CodeIgniter.php(457): CodeIgniter\CodeIgniter->runController(Object(App\Controllers\Pages))
 7 SYSTEMPATH\CodeIgniter.php(340): CodeIgniter\CodeIgniter->handleRequest(null, Object(Config\Cache), false)
 8 FCPATH\index.php(67): CodeIgniter\CodeIgniter->run()
 9 SYSTEMPATH\Commands\Server\rewrite.php(43): require_once('FCPATH\\index.php')
CRITICAL - 2022-09-02 04:48:19 --> Undefined variable $alamas
in APPPATH\Views\pages\contact.php on line 10.
 1 APPPATH\Views\pages\contact.php(10): CodeIgniter\Debug\Exceptions->errorHandler(2, 'Undefined variable $alamas', 'APPPATH\\Views\\pages\\contact.php', 10)
 2 SYSTEMPATH\View\View.php(213): include('APPPATH\\Views\\pages\\contact.php')
 3 SYSTEMPATH\View\View.php(216): CodeIgniter\View\View->CodeIgniter\View\{closure}()
 4 SYSTEMPATH\Common.php(1142): CodeIgniter\View\View->render('pages/contact', [], true)
 5 APPPATH\Controllers\Pages.php(49): view('pages/contact', [...])
 6 SYSTEMPATH\CodeIgniter.php(904): App\Controllers\Pages->contact()
 7 SYSTEMPATH\CodeIgniter.php(457): CodeIgniter\CodeIgniter->runController(Object(App\Controllers\Pages))
 8 SYSTEMPATH\CodeIgniter.php(340): CodeIgniter\CodeIgniter->handleRequest(null, Object(Config\Cache), false)
 9 FCPATH\index.php(67): CodeIgniter\CodeIgniter->run()
10 SYSTEMPATH\Commands\Server\rewrite.php(43): require_once('FCPATH\\index.php')
CRITICAL - 2022-09-02 04:58:11 --> include(layout/navbar): Failed to open stream: No such file or directory
in APPPATH\Views\layout\template.php on line 18.
 1 APPPATH\Views\layout\template.php(18): CodeIgniter\Debug\Exceptions->errorHandler(2, 'include(layout/navbar): Failed to open stream: No such file or directory', 'APPPATH\\Views\\layout\\template.php', 18)
 2 APPPATH\Views\layout\template.php(18): include()
 3 SYSTEMPATH\View\View.php(213): include('APPPATH\\Views\\layout\\template.php')
 4 SYSTEMPATH\View\View.php(216): CodeIgniter\View\View->CodeIgniter\View\{closure}()
 5 SYSTEMPATH\View\View.php(229): CodeIgniter\View\View->render('layout/template', [], true)
 6 SYSTEMPATH\Common.php(1142): CodeIgniter\View\View->render('pages/about', [], true)
 7 APPPATH\Controllers\Pages.php(28): view('pages/about', [...])
 8 SYSTEMPATH\CodeIgniter.php(904): App\Controllers\Pages->about()
 9 SYSTEMPATH\CodeIgniter.php(457): CodeIgniter\CodeIgniter->runController(Object(App\Controllers\Pages))
10 SYSTEMPATH\CodeIgniter.php(340): CodeIgniter\CodeIgniter->handleRequest(null, Object(Config\Cache), false)
11 FCPATH\index.php(67): CodeIgniter\CodeIgniter->run()
12 SYSTEMPATH\Commands\Server\rewrite.php(43): require_once('FCPATH\\index.php')
CRITICAL - 2022-09-02 04:58:20 --> include(layout/navbar): Failed to open stream: No such file or directory
in APPPATH\Views\layout\template.php on line 18.
 1 APPPATH\Views\layout\template.php(18): CodeIgniter\Debug\Exceptions->errorHandler(2, 'include(layout/navbar): Failed to open stream: No such file or directory', 'APPPATH\\Views\\layout\\template.php', 18)
 2 APPPATH\Views\layout\template.php(18): include()
 3 SYSTEMPATH\View\View.php(213): include('APPPATH\\Views\\layout\\template.php')
 4 SYSTEMPATH\View\View.php(216): CodeIgniter\View\View->CodeIgniter\View\{closure}()
 5 SYSTEMPATH\View\View.php(229): CodeIgniter\View\View->render('layout/template', [], true)
 6 SYSTEMPATH\Common.php(1142): CodeIgniter\View\View->render('pages/about', [], true)
 7 APPPATH\Controllers\Pages.php(28): view('pages/about', [...])
 8 SYSTEMPATH\CodeIgniter.php(904): App\Controllers\Pages->about()
 9 SYSTEMPATH\CodeIgniter.php(457): CodeIgniter\CodeIgniter->runController(Object(App\Controllers\Pages))
10 SYSTEMPATH\CodeIgniter.php(340): CodeIgniter\CodeIgniter->handleRequest(null, Object(Config\Cache), false)
11 FCPATH\index.php(67): CodeIgniter\CodeIgniter->run()
12 SYSTEMPATH\Commands\Server\rewrite.php(43): require_once('FCPATH\\index.php')
CRITICAL - 2022-09-02 04:58:37 --> include(layout/navbar): Failed to open stream: No such file or directory
in APPPATH\Views\layout\template.php on line 18.
 1 APPPATH\Views\layout\template.php(18): CodeIgniter\Debug\Exceptions->errorHandler(2, 'include(layout/navbar): Failed to open stream: No such file or directory', 'APPPATH\\Views\\layout\\template.php', 18)
 2 APPPATH\Views\layout\template.php(18): include()
 3 SYSTEMPATH\View\View.php(213): include('APPPATH\\Views\\layout\\template.php')
 4 SYSTEMPATH\View\View.php(216): CodeIgniter\View\View->CodeIgniter\View\{closure}()
 5 SYSTEMPATH\View\View.php(229): CodeIgniter\View\View->render('layout/template', [], true)
 6 SYSTEMPATH\Common.php(1142): CodeIgniter\View\View->render('pages/about', [], true)
 7 APPPATH\Controllers\Pages.php(28): view('pages/about', [...])
 8 SYSTEMPATH\CodeIgniter.php(904): App\Controllers\Pages->about()
 9 SYSTEMPATH\CodeIgniter.php(457): CodeIgniter\CodeIgniter->runController(Object(App\Controllers\Pages))
10 SYSTEMPATH\CodeIgniter.php(340): CodeIgniter\CodeIgniter->handleRequest(null, Object(Config\Cache), false)
11 FCPATH\index.php(67): CodeIgniter\CodeIgniter->run()
12 SYSTEMPATH\Commands\Server\rewrite.php(43): require_once('FCPATH\\index.php')
