CRITICAL - 2023-02-09 09:34:38 --> Invalid file: tbsatuan/tambahtbsatuan.php
in SYSTEMPATH\Exceptions\FrameworkException.php on line 33.
 1 SYSTEMPATH\View\View.php(201): CodeIgniter\Exceptions\FrameworkException::forInvalidFile('tbsatuan/tambahtbsatuan.php')
 2 SYSTEMPATH\Common.php(1142): CodeIgniter\View\View->render('tbsatuan/tambahtbsatuan', [], true)
 3 APPPATH\Controllers\Tbbarang.php(299): view('tbsatuan/tambahtbsatuan', [...])
 4 SYSTEMPATH\CodeIgniter.php(904): App\Controllers\Tbbarang->tambahtbsatuan()
 5 SYSTEMPATH\CodeIgniter.php(457): CodeIgniter\CodeIgniter->runController(Object(App\Controllers\Tbbarang))
 6 SYSTEMPATH\CodeIgniter.php(340): CodeIgniter\CodeIgniter->handleRequest(null, Object(Config\Cache), false)
 7 FCPATH\index.php(67): CodeIgniter\CodeIgniter->run()
 8 SYSTEMPATH\Commands\Server\rewrite.php(43): require_once('FCPATH\\index.php')
ERROR - 2023-02-09 10:15:40 --> mysqli_sql_exception: Column 'lokasi' cannot be null in D:\xampp\htdocs\bp\system\Database\MySQLi\Connection.php:292
Stack trace:
#0 D:\xampp\htdocs\bp\system\Database\MySQLi\Connection.php(292): mysqli->query('INSERT INTO `tb...', 0)
#1 D:\xampp\htdocs\bp\system\Database\BaseConnection.php(693): CodeIgniter\Database\MySQLi\Connection->execute('INSERT INTO `tb...')
#2 D:\xampp\htdocs\bp\system\Database\BaseConnection.php(620): CodeIgniter\Database\BaseConnection->simpleQuery('INSERT INTO `tb...')
#3 D:\xampp\htdocs\bp\system\Database\BaseBuilder.php(1916): CodeIgniter\Database\BaseConnection->query('INSERT INTO `tb...', Array, false)
#4 D:\xampp\htdocs\bp\system\Model.php(279): CodeIgniter\Database\BaseBuilder->insert()
#5 D:\xampp\htdocs\bp\system\BaseModel.php(738): CodeIgniter\Model->doInsert(Array)
#6 D:\xampp\htdocs\bp\system\Model.php(667): CodeIgniter\BaseModel->insert(Array, true)
#7 D:\xampp\htdocs\bp\app\Controllers\Tbbarang.php(166): CodeIgniter\Model->insert(Array)
#8 D:\xampp\htdocs\bp\system\CodeIgniter.php(904): App\Controllers\Tbbarang->simpandata()
#9 D:\xampp\htdocs\bp\system\CodeIgniter.php(457): CodeIgniter\CodeIgniter->runController(Object(App\Controllers\Tbbarang))
#10 D:\xampp\htdocs\bp\system\CodeIgniter.php(340): CodeIgniter\CodeIgniter->handleRequest(NULL, Object(Config\Cache), false)
#11 D:\xampp\htdocs\bp\public\index.php(67): CodeIgniter\CodeIgniter->run()
#12 D:\xampp\htdocs\bp\system\Commands\Server\rewrite.php(43): require_once('D:\\xampp\\htdocs...')
#13 {main}
CRITICAL - 2023-02-09 10:15:40 --> Column 'lokasi' cannot be null
in SYSTEMPATH\Database\MySQLi\Connection.php on line 292.
 1 SYSTEMPATH\Database\MySQLi\Connection.php(292): mysqli->query('INSERT INTO `tbbarang` (`kode`, `nama`, `lokasi`, `merek`, `kdjnbrg`, `kdsatuan`, `kdnegara`, `kdmove`, `kddiscount`, `harga_jual`, `harga_beli`, `stock_min`, `stock_mak`, `user`, `created_at`, `updated_at`) VALUES (\'AAA\', \'AAA\', NULL, \'\', \'01\', \'05\', NULL, NULL, NULL, NULL, NULL, NULL, NULL, \'Edit-Murod-09-02-2023 10:15:40\', \'2023-02-09 10:15:40\', \'2023-02-09 10:15:40\')', 0)
 2 SYSTEMPATH\Database\BaseConnection.php(693): CodeIgniter\Database\MySQLi\Connection->execute('INSERT INTO `tbbarang` (`kode`, `nama`, `lokasi`, `merek`, `kdjnbrg`, `kdsatuan`, `kdnegara`, `kdmove`, `kddiscount`, `harga_jual`, `harga_beli`, `stock_min`, `stock_mak`, `user`, `created_at`, `updated_at`) VALUES (\'AAA\', \'AAA\', NULL, \'\', \'01\', \'05\', NULL, NULL, NULL, NULL, NULL, NULL, NULL, \'Edit-Murod-09-02-2023 10:15:40\', \'2023-02-09 10:15:40\', \'2023-02-09 10:15:40\')')
 3 SYSTEMPATH\Database\BaseConnection.php(620): CodeIgniter\Database\BaseConnection->simpleQuery('INSERT INTO `tbbarang` (`kode`, `nama`, `lokasi`, `merek`, `kdjnbrg`, `kdsatuan`, `kdnegara`, `kdmove`, `kddiscount`, `harga_jual`, `harga_beli`, `stock_min`, `stock_mak`, `user`, `created_at`, `updated_at`) VALUES (\'AAA\', \'AAA\', NULL, \'\', \'01\', \'05\', NULL, NULL, NULL, NULL, NULL, NULL, NULL, \'Edit-Murod-09-02-2023 10:15:40\', \'2023-02-09 10:15:40\', \'2023-02-09 10:15:40\')')
 4 SYSTEMPATH\Database\BaseBuilder.php(1916): CodeIgniter\Database\BaseConnection->query('INSERT INTO `tbbarang` (`kode`, `nama`, `lokasi`, `merek`, `kdjnbrg`, `kdsatuan`, `kdnegara`, `kdmove`, `kddiscount`, `harga_jual`, `harga_beli`, `stock_min`, `stock_mak`, `user`, `created_at`, `updated_at`) VALUES (:kode:, :nama:, :lokasi:, :merek:, :kdjnbrg:, :kdsatuan:, :kdnegara:, :kdmove:, :kddiscount:, :harga_jual:, :harga_beli:, :stock_min:, :stock_mak:, :user:, :created_at:, :updated_at:)', [...], false)
 5 SYSTEMPATH\Model.php(279): CodeIgniter\Database\BaseBuilder->insert()
 6 SYSTEMPATH\BaseModel.php(738): CodeIgniter\Model->doInsert([...])
 7 SYSTEMPATH\Model.php(667): CodeIgniter\BaseModel->insert([...], true)
 8 APPPATH\Controllers\Tbbarang.php(166): CodeIgniter\Model->insert([...])
 9 SYSTEMPATH\CodeIgniter.php(904): App\Controllers\Tbbarang->simpandata()
10 SYSTEMPATH\CodeIgniter.php(457): CodeIgniter\CodeIgniter->runController(Object(App\Controllers\Tbbarang))
11 SYSTEMPATH\CodeIgniter.php(340): CodeIgniter\CodeIgniter->handleRequest(null, Object(Config\Cache), false)
12 FCPATH\index.php(67): CodeIgniter\CodeIgniter->run()
13 SYSTEMPATH\Commands\Server\rewrite.php(43): require_once('FCPATH\\index.php')
ERROR - 2023-02-09 10:15:59 --> mysqli_sql_exception: Column 'lokasi' cannot be null in D:\xampp\htdocs\bp\system\Database\MySQLi\Connection.php:292
Stack trace:
#0 D:\xampp\htdocs\bp\system\Database\MySQLi\Connection.php(292): mysqli->query('INSERT INTO `tb...', 0)
#1 D:\xampp\htdocs\bp\system\Database\BaseConnection.php(693): CodeIgniter\Database\MySQLi\Connection->execute('INSERT INTO `tb...')
#2 D:\xampp\htdocs\bp\system\Database\BaseConnection.php(620): CodeIgniter\Database\BaseConnection->simpleQuery('INSERT INTO `tb...')
#3 D:\xampp\htdocs\bp\system\Database\BaseBuilder.php(1916): CodeIgniter\Database\BaseConnection->query('INSERT INTO `tb...', Array, false)
#4 D:\xampp\htdocs\bp\system\Model.php(279): CodeIgniter\Database\BaseBuilder->insert()
#5 D:\xampp\htdocs\bp\system\BaseModel.php(738): CodeIgniter\Model->doInsert(Array)
#6 D:\xampp\htdocs\bp\system\Model.php(667): CodeIgniter\BaseModel->insert(Array, true)
#7 D:\xampp\htdocs\bp\app\Controllers\Tbbarang.php(166): CodeIgniter\Model->insert(Array)
#8 D:\xampp\htdocs\bp\system\CodeIgniter.php(904): App\Controllers\Tbbarang->simpandata()
#9 D:\xampp\htdocs\bp\system\CodeIgniter.php(457): CodeIgniter\CodeIgniter->runController(Object(App\Controllers\Tbbarang))
#10 D:\xampp\htdocs\bp\system\CodeIgniter.php(340): CodeIgniter\CodeIgniter->handleRequest(NULL, Object(Config\Cache), false)
#11 D:\xampp\htdocs\bp\public\index.php(67): CodeIgniter\CodeIgniter->run()
#12 D:\xampp\htdocs\bp\system\Commands\Server\rewrite.php(43): require_once('D:\\xampp\\htdocs...')
#13 {main}
CRITICAL - 2023-02-09 10:15:59 --> Column 'lokasi' cannot be null
in SYSTEMPATH\Database\MySQLi\Connection.php on line 292.
 1 SYSTEMPATH\Database\MySQLi\Connection.php(292): mysqli->query('INSERT INTO `tbbarang` (`kode`, `nama`, `lokasi`, `merek`, `kdjnbrg`, `kdsatuan`, `kdnegara`, `kdmove`, `kddiscount`, `harga_jual`, `harga_beli`, `stock_min`, `stock_mak`, `user`, `created_at`, `updated_at`) VALUES (\'AAA\', \'AAA\', NULL, \'\', \'01\', \'05\', NULL, NULL, NULL, NULL, NULL, NULL, NULL, \'Edit-Murod-09-02-2023 10:15:59\', \'2023-02-09 10:15:59\', \'2023-02-09 10:15:59\')', 0)
 2 SYSTEMPATH\Database\BaseConnection.php(693): CodeIgniter\Database\MySQLi\Connection->execute('INSERT INTO `tbbarang` (`kode`, `nama`, `lokasi`, `merek`, `kdjnbrg`, `kdsatuan`, `kdnegara`, `kdmove`, `kddiscount`, `harga_jual`, `harga_beli`, `stock_min`, `stock_mak`, `user`, `created_at`, `updated_at`) VALUES (\'AAA\', \'AAA\', NULL, \'\', \'01\', \'05\', NULL, NULL, NULL, NULL, NULL, NULL, NULL, \'Edit-Murod-09-02-2023 10:15:59\', \'2023-02-09 10:15:59\', \'2023-02-09 10:15:59\')')
 3 SYSTEMPATH\Database\BaseConnection.php(620): CodeIgniter\Database\BaseConnection->simpleQuery('INSERT INTO `tbbarang` (`kode`, `nama`, `lokasi`, `merek`, `kdjnbrg`, `kdsatuan`, `kdnegara`, `kdmove`, `kddiscount`, `harga_jual`, `harga_beli`, `stock_min`, `stock_mak`, `user`, `created_at`, `updated_at`) VALUES (\'AAA\', \'AAA\', NULL, \'\', \'01\', \'05\', NULL, NULL, NULL, NULL, NULL, NULL, NULL, \'Edit-Murod-09-02-2023 10:15:59\', \'2023-02-09 10:15:59\', \'2023-02-09 10:15:59\')')
 4 SYSTEMPATH\Database\BaseBuilder.php(1916): CodeIgniter\Database\BaseConnection->query('INSERT INTO `tbbarang` (`kode`, `nama`, `lokasi`, `merek`, `kdjnbrg`, `kdsatuan`, `kdnegara`, `kdmove`, `kddiscount`, `harga_jual`, `harga_beli`, `stock_min`, `stock_mak`, `user`, `created_at`, `updated_at`) VALUES (:kode:, :nama:, :lokasi:, :merek:, :kdjnbrg:, :kdsatuan:, :kdnegara:, :kdmove:, :kddiscount:, :harga_jual:, :harga_beli:, :stock_min:, :stock_mak:, :user:, :created_at:, :updated_at:)', [...], false)
 5 SYSTEMPATH\Model.php(279): CodeIgniter\Database\BaseBuilder->insert()
 6 SYSTEMPATH\BaseModel.php(738): CodeIgniter\Model->doInsert([...])
 7 SYSTEMPATH\Model.php(667): CodeIgniter\BaseModel->insert([...], true)
 8 APPPATH\Controllers\Tbbarang.php(166): CodeIgniter\Model->insert([...])
 9 SYSTEMPATH\CodeIgniter.php(904): App\Controllers\Tbbarang->simpandata()
10 SYSTEMPATH\CodeIgniter.php(457): CodeIgniter\CodeIgniter->runController(Object(App\Controllers\Tbbarang))
11 SYSTEMPATH\CodeIgniter.php(340): CodeIgniter\CodeIgniter->handleRequest(null, Object(Config\Cache), false)
12 FCPATH\index.php(67): CodeIgniter\CodeIgniter->run()
13 SYSTEMPATH\Commands\Server\rewrite.php(43): require_once('FCPATH\\index.php')
ERROR - 2023-02-09 10:31:08 --> mysqli_sql_exception: Table 'ci4.tbmove' doesn't exist in D:\xampp\htdocs\bp\system\Database\MySQLi\Connection.php:292
Stack trace:
#0 D:\xampp\htdocs\bp\system\Database\MySQLi\Connection.php(292): mysqli->query('SELECT *\nFROM `...', 0)
#1 D:\xampp\htdocs\bp\system\Database\BaseConnection.php(693): CodeIgniter\Database\MySQLi\Connection->execute('SELECT *\nFROM `...')
#2 D:\xampp\htdocs\bp\system\Database\BaseConnection.php(620): CodeIgniter\Database\BaseConnection->simpleQuery('SELECT *\nFROM `...')
#3 D:\xampp\htdocs\bp\system\Database\BaseBuilder.php(1585): CodeIgniter\Database\BaseConnection->query('SELECT *\nFROM `...', Array, false)
#4 D:\xampp\htdocs\bp\system\Model.php(223): CodeIgniter\Database\BaseBuilder->get()
#5 D:\xampp\htdocs\bp\system\BaseModel.php(584): CodeIgniter\Model->doFindAll(0, 0)
#6 D:\xampp\htdocs\bp\app\Models\TbmoveModel.php(25): CodeIgniter\BaseModel->findAll()
#7 D:\xampp\htdocs\bp\app\Controllers\Tbbarang.php(312): App\Models\TbmoveModel->getkode()
#8 D:\xampp\htdocs\bp\system\CodeIgniter.php(904): App\Controllers\Tbbarang->ambildatatbmove()
#9 D:\xampp\htdocs\bp\system\CodeIgniter.php(457): CodeIgniter\CodeIgniter->runController(Object(App\Controllers\Tbbarang))
#10 D:\xampp\htdocs\bp\system\CodeIgniter.php(340): CodeIgniter\CodeIgniter->handleRequest(NULL, Object(Config\Cache), false)
#11 D:\xampp\htdocs\bp\public\index.php(67): CodeIgniter\CodeIgniter->run()
#12 D:\xampp\htdocs\bp\system\Commands\Server\rewrite.php(43): require_once('D:\\xampp\\htdocs...')
#13 {main}
CRITICAL - 2023-02-09 10:31:08 --> Table 'ci4.tbmove' doesn't exist
in SYSTEMPATH\Database\MySQLi\Connection.php on line 292.
 1 SYSTEMPATH\Database\MySQLi\Connection.php(292): mysqli->query('SELECT *
FROM `tbmove`
WHERE `aktif` = \'Y\'
ORDER BY `kode`', 0)
 2 SYSTEMPATH\Database\BaseConnection.php(693): CodeIgniter\Database\MySQLi\Connection->execute('SELECT *
FROM `tbmove`
WHERE `aktif` = \'Y\'
ORDER BY `kode`')
 3 SYSTEMPATH\Database\BaseConnection.php(620): CodeIgniter\Database\BaseConnection->simpleQuery('SELECT *
FROM `tbmove`
WHERE `aktif` = \'Y\'
ORDER BY `kode`')
 4 SYSTEMPATH\Database\BaseBuilder.php(1585): CodeIgniter\Database\BaseConnection->query('SELECT *
FROM `tbmove`
WHERE `aktif` = :aktif:
ORDER BY `kode`', [...], false)
 5 SYSTEMPATH\Model.php(223): CodeIgniter\Database\BaseBuilder->get()
 6 SYSTEMPATH\BaseModel.php(584): CodeIgniter\Model->doFindAll(0, 0)
 7 APPPATH\Models\TbmoveModel.php(25): CodeIgniter\BaseModel->findAll()
 8 APPPATH\Controllers\Tbbarang.php(312): App\Models\TbmoveModel->getkode()
 9 SYSTEMPATH\CodeIgniter.php(904): App\Controllers\Tbbarang->ambildatatbmove()
10 SYSTEMPATH\CodeIgniter.php(457): CodeIgniter\CodeIgniter->runController(Object(App\Controllers\Tbbarang))
11 SYSTEMPATH\CodeIgniter.php(340): CodeIgniter\CodeIgniter->handleRequest(null, Object(Config\Cache), false)
12 FCPATH\index.php(67): CodeIgniter\CodeIgniter->run()
13 SYSTEMPATH\Commands\Server\rewrite.php(43): require_once('FCPATH\\index.php')
ERROR - 2023-02-09 10:31:09 --> mysqli_sql_exception: Table 'ci4.tbmove' doesn't exist in D:\xampp\htdocs\bp\system\Database\MySQLi\Connection.php:292
Stack trace:
#0 D:\xampp\htdocs\bp\system\Database\MySQLi\Connection.php(292): mysqli->query('SELECT *\nFROM `...', 0)
#1 D:\xampp\htdocs\bp\system\Database\BaseConnection.php(693): CodeIgniter\Database\MySQLi\Connection->execute('SELECT *\nFROM `...')
#2 D:\xampp\htdocs\bp\system\Database\BaseConnection.php(620): CodeIgniter\Database\BaseConnection->simpleQuery('SELECT *\nFROM `...')
#3 D:\xampp\htdocs\bp\system\Database\BaseBuilder.php(1585): CodeIgniter\Database\BaseConnection->query('SELECT *\nFROM `...', Array, false)
#4 D:\xampp\htdocs\bp\system\Model.php(223): CodeIgniter\Database\BaseBuilder->get()
#5 D:\xampp\htdocs\bp\system\BaseModel.php(584): CodeIgniter\Model->doFindAll(0, 0)
#6 D:\xampp\htdocs\bp\app\Models\TbmoveModel.php(25): CodeIgniter\BaseModel->findAll()
#7 D:\xampp\htdocs\bp\app\Controllers\Tbbarang.php(312): App\Models\TbmoveModel->getkode()
#8 D:\xampp\htdocs\bp\system\CodeIgniter.php(904): App\Controllers\Tbbarang->ambildatatbmove()
#9 D:\xampp\htdocs\bp\system\CodeIgniter.php(457): CodeIgniter\CodeIgniter->runController(Object(App\Controllers\Tbbarang))
#10 D:\xampp\htdocs\bp\system\CodeIgniter.php(340): CodeIgniter\CodeIgniter->handleRequest(NULL, Object(Config\Cache), false)
#11 D:\xampp\htdocs\bp\public\index.php(67): CodeIgniter\CodeIgniter->run()
#12 D:\xampp\htdocs\bp\system\Commands\Server\rewrite.php(43): require_once('D:\\xampp\\htdocs...')
#13 {main}
CRITICAL - 2023-02-09 10:31:09 --> Table 'ci4.tbmove' doesn't exist
in SYSTEMPATH\Database\MySQLi\Connection.php on line 292.
 1 SYSTEMPATH\Database\MySQLi\Connection.php(292): mysqli->query('SELECT *
FROM `tbmove`
WHERE `aktif` = \'Y\'
ORDER BY `kode`', 0)
 2 SYSTEMPATH\Database\BaseConnection.php(693): CodeIgniter\Database\MySQLi\Connection->execute('SELECT *
FROM `tbmove`
WHERE `aktif` = \'Y\'
ORDER BY `kode`')
 3 SYSTEMPATH\Database\BaseConnection.php(620): CodeIgniter\Database\BaseConnection->simpleQuery('SELECT *
FROM `tbmove`
WHERE `aktif` = \'Y\'
ORDER BY `kode`')
 4 SYSTEMPATH\Database\BaseBuilder.php(1585): CodeIgniter\Database\BaseConnection->query('SELECT *
FROM `tbmove`
WHERE `aktif` = :aktif:
ORDER BY `kode`', [...], false)
 5 SYSTEMPATH\Model.php(223): CodeIgniter\Database\BaseBuilder->get()
 6 SYSTEMPATH\BaseModel.php(584): CodeIgniter\Model->doFindAll(0, 0)
 7 APPPATH\Models\TbmoveModel.php(25): CodeIgniter\BaseModel->findAll()
 8 APPPATH\Controllers\Tbbarang.php(312): App\Models\TbmoveModel->getkode()
 9 SYSTEMPATH\CodeIgniter.php(904): App\Controllers\Tbbarang->ambildatatbmove()
10 SYSTEMPATH\CodeIgniter.php(457): CodeIgniter\CodeIgniter->runController(Object(App\Controllers\Tbbarang))
11 SYSTEMPATH\CodeIgniter.php(340): CodeIgniter\CodeIgniter->handleRequest(null, Object(Config\Cache), false)
12 FCPATH\index.php(67): CodeIgniter\CodeIgniter->run()
13 SYSTEMPATH\Commands\Server\rewrite.php(43): require_once('FCPATH\\index.php')
CRITICAL - 2023-02-09 10:57:12 --> Invalid file: tbbarang/modalcarinegara.php
in SYSTEMPATH\Exceptions\FrameworkException.php on line 33.
 1 SYSTEMPATH\View\View.php(201): CodeIgniter\Exceptions\FrameworkException::forInvalidFile('tbbarang/modalcarinegara.php')
 2 SYSTEMPATH\Common.php(1142): CodeIgniter\View\View->render('tbbarang/modalcarinegara', [], true)
 3 APPPATH\Controllers\Tbbarang.php(355): view('tbbarang/modalcarinegara', [...])
 4 SYSTEMPATH\CodeIgniter.php(904): App\Controllers\Tbbarang->caridatanegara()
 5 SYSTEMPATH\CodeIgniter.php(457): CodeIgniter\CodeIgniter->runController(Object(App\Controllers\Tbbarang))
 6 SYSTEMPATH\CodeIgniter.php(340): CodeIgniter\CodeIgniter->handleRequest(null, Object(Config\Cache), false)
 7 FCPATH\index.php(67): CodeIgniter\CodeIgniter->run()
 8 SYSTEMPATH\Commands\Server\rewrite.php(43): require_once('FCPATH\\index.php')
CRITICAL - 2023-02-09 10:57:37 --> Invalid file: tbbarang/modalcarinegara.php
in SYSTEMPATH\Exceptions\FrameworkException.php on line 33.
 1 SYSTEMPATH\View\View.php(201): CodeIgniter\Exceptions\FrameworkException::forInvalidFile('tbbarang/modalcarinegara.php')
 2 SYSTEMPATH\Common.php(1142): CodeIgniter\View\View->render('tbbarang/modalcarinegara', [], true)
 3 APPPATH\Controllers\Tbbarang.php(355): view('tbbarang/modalcarinegara', [...])
 4 SYSTEMPATH\CodeIgniter.php(904): App\Controllers\Tbbarang->caridatanegara()
 5 SYSTEMPATH\CodeIgniter.php(457): CodeIgniter\CodeIgniter->runController(Object(App\Controllers\Tbbarang))
 6 SYSTEMPATH\CodeIgniter.php(340): CodeIgniter\CodeIgniter->handleRequest(null, Object(Config\Cache), false)
 7 FCPATH\index.php(67): CodeIgniter\CodeIgniter->run()
 8 SYSTEMPATH\Commands\Server\rewrite.php(43): require_once('FCPATH\\index.php')
CRITICAL - 2023-02-09 11:54:24 --> Undefined array key "nama"
in APPPATH\Controllers\Tbbarang.php on line 373.
 1 APPPATH\Controllers\Tbbarang.php(373): CodeIgniter\Debug\Exceptions->errorHandler(2, 'Undefined array key "nama"', 'APPPATH\\Controllers\\Tbbarang.php', 373)
 2 SYSTEMPATH\CodeIgniter.php(904): App\Controllers\Tbbarang->ambildatatbdisc()
 3 SYSTEMPATH\CodeIgniter.php(457): CodeIgniter\CodeIgniter->runController(Object(App\Controllers\Tbbarang))
 4 SYSTEMPATH\CodeIgniter.php(340): CodeIgniter\CodeIgniter->handleRequest(null, Object(Config\Cache), false)
 5 FCPATH\index.php(67): CodeIgniter\CodeIgniter->run()
 6 SYSTEMPATH\Commands\Server\rewrite.php(43): require_once('FCPATH\\index.php')
CRITICAL - 2023-02-09 11:54:28 --> Undefined array key "nama"
in APPPATH\Controllers\Tbbarang.php on line 373.
 1 APPPATH\Controllers\Tbbarang.php(373): CodeIgniter\Debug\Exceptions->errorHandler(2, 'Undefined array key "nama"', 'APPPATH\\Controllers\\Tbbarang.php', 373)
 2 SYSTEMPATH\CodeIgniter.php(904): App\Controllers\Tbbarang->ambildatatbdisc()
 3 SYSTEMPATH\CodeIgniter.php(457): CodeIgniter\CodeIgniter->runController(Object(App\Controllers\Tbbarang))
 4 SYSTEMPATH\CodeIgniter.php(340): CodeIgniter\CodeIgniter->handleRequest(null, Object(Config\Cache), false)
 5 FCPATH\index.php(67): CodeIgniter\CodeIgniter->run()
 6 SYSTEMPATH\Commands\Server\rewrite.php(43): require_once('FCPATH\\index.php')
CRITICAL - 2023-02-09 11:54:30 --> Undefined array key "nama"
in APPPATH\Controllers\Tbbarang.php on line 373.
 1 APPPATH\Controllers\Tbbarang.php(373): CodeIgniter\Debug\Exceptions->errorHandler(2, 'Undefined array key "nama"', 'APPPATH\\Controllers\\Tbbarang.php', 373)
 2 SYSTEMPATH\CodeIgniter.php(904): App\Controllers\Tbbarang->ambildatatbdisc()
 3 SYSTEMPATH\CodeIgniter.php(457): CodeIgniter\CodeIgniter->runController(Object(App\Controllers\Tbbarang))
 4 SYSTEMPATH\CodeIgniter.php(340): CodeIgniter\CodeIgniter->handleRequest(null, Object(Config\Cache), false)
 5 FCPATH\index.php(67): CodeIgniter\CodeIgniter->run()
 6 SYSTEMPATH\Commands\Server\rewrite.php(43): require_once('FCPATH\\index.php')
CRITICAL - 2023-02-09 11:54:32 --> Undefined array key "nama"
in APPPATH\Controllers\Tbbarang.php on line 373.
 1 APPPATH\Controllers\Tbbarang.php(373): CodeIgniter\Debug\Exceptions->errorHandler(2, 'Undefined array key "nama"', 'APPPATH\\Controllers\\Tbbarang.php', 373)
 2 SYSTEMPATH\CodeIgniter.php(904): App\Controllers\Tbbarang->ambildatatbdisc()
 3 SYSTEMPATH\CodeIgniter.php(457): CodeIgniter\CodeIgniter->runController(Object(App\Controllers\Tbbarang))
 4 SYSTEMPATH\CodeIgniter.php(340): CodeIgniter\CodeIgniter->handleRequest(null, Object(Config\Cache), false)
 5 FCPATH\index.php(67): CodeIgniter\CodeIgniter->run()
 6 SYSTEMPATH\Commands\Server\rewrite.php(43): require_once('FCPATH\\index.php')
CRITICAL - 2023-02-09 11:54:32 --> Undefined array key "nama"
in APPPATH\Controllers\Tbbarang.php on line 373.
 1 APPPATH\Controllers\Tbbarang.php(373): CodeIgniter\Debug\Exceptions->errorHandler(2, 'Undefined array key "nama"', 'APPPATH\\Controllers\\Tbbarang.php', 373)
 2 SYSTEMPATH\CodeIgniter.php(904): App\Controllers\Tbbarang->ambildatatbdisc()
 3 SYSTEMPATH\CodeIgniter.php(457): CodeIgniter\CodeIgniter->runController(Object(App\Controllers\Tbbarang))
 4 SYSTEMPATH\CodeIgniter.php(340): CodeIgniter\CodeIgniter->handleRequest(null, Object(Config\Cache), false)
 5 FCPATH\index.php(67): CodeIgniter\CodeIgniter->run()
 6 SYSTEMPATH\Commands\Server\rewrite.php(43): require_once('FCPATH\\index.php')
CRITICAL - 2023-02-09 11:54:32 --> Undefined array key "nama"
in APPPATH\Controllers\Tbbarang.php on line 373.
 1 APPPATH\Controllers\Tbbarang.php(373): CodeIgniter\Debug\Exceptions->errorHandler(2, 'Undefined array key "nama"', 'APPPATH\\Controllers\\Tbbarang.php', 373)
 2 SYSTEMPATH\CodeIgniter.php(904): App\Controllers\Tbbarang->ambildatatbdisc()
 3 SYSTEMPATH\CodeIgniter.php(457): CodeIgniter\CodeIgniter->runController(Object(App\Controllers\Tbbarang))
 4 SYSTEMPATH\CodeIgniter.php(340): CodeIgniter\CodeIgniter->handleRequest(null, Object(Config\Cache), false)
 5 FCPATH\index.php(67): CodeIgniter\CodeIgniter->run()
 6 SYSTEMPATH\Commands\Server\rewrite.php(43): require_once('FCPATH\\index.php')
CRITICAL - 2023-02-09 11:54:32 --> Undefined array key "nama"
in APPPATH\Controllers\Tbbarang.php on line 373.
 1 APPPATH\Controllers\Tbbarang.php(373): CodeIgniter\Debug\Exceptions->errorHandler(2, 'Undefined array key "nama"', 'APPPATH\\Controllers\\Tbbarang.php', 373)
 2 SYSTEMPATH\CodeIgniter.php(904): App\Controllers\Tbbarang->ambildatatbdisc()
 3 SYSTEMPATH\CodeIgniter.php(457): CodeIgniter\CodeIgniter->runController(Object(App\Controllers\Tbbarang))
 4 SYSTEMPATH\CodeIgniter.php(340): CodeIgniter\CodeIgniter->handleRequest(null, Object(Config\Cache), false)
 5 FCPATH\index.php(67): CodeIgniter\CodeIgniter->run()
 6 SYSTEMPATH\Commands\Server\rewrite.php(43): require_once('FCPATH\\index.php')
CRITICAL - 2023-02-09 11:54:32 --> Undefined array key "nama"
in APPPATH\Controllers\Tbbarang.php on line 373.
 1 APPPATH\Controllers\Tbbarang.php(373): CodeIgniter\Debug\Exceptions->errorHandler(2, 'Undefined array key "nama"', 'APPPATH\\Controllers\\Tbbarang.php', 373)
 2 SYSTEMPATH\CodeIgniter.php(904): App\Controllers\Tbbarang->ambildatatbdisc()
 3 SYSTEMPATH\CodeIgniter.php(457): CodeIgniter\CodeIgniter->runController(Object(App\Controllers\Tbbarang))
 4 SYSTEMPATH\CodeIgniter.php(340): CodeIgniter\CodeIgniter->handleRequest(null, Object(Config\Cache), false)
 5 FCPATH\index.php(67): CodeIgniter\CodeIgniter->run()
 6 SYSTEMPATH\Commands\Server\rewrite.php(43): require_once('FCPATH\\index.php')
CRITICAL - 2023-02-09 11:54:33 --> Undefined array key "nama"
in APPPATH\Controllers\Tbbarang.php on line 373.
 1 APPPATH\Controllers\Tbbarang.php(373): CodeIgniter\Debug\Exceptions->errorHandler(2, 'Undefined array key "nama"', 'APPPATH\\Controllers\\Tbbarang.php', 373)
 2 SYSTEMPATH\CodeIgniter.php(904): App\Controllers\Tbbarang->ambildatatbdisc()
 3 SYSTEMPATH\CodeIgniter.php(457): CodeIgniter\CodeIgniter->runController(Object(App\Controllers\Tbbarang))
 4 SYSTEMPATH\CodeIgniter.php(340): CodeIgniter\CodeIgniter->handleRequest(null, Object(Config\Cache), false)
 5 FCPATH\index.php(67): CodeIgniter\CodeIgniter->run()
 6 SYSTEMPATH\Commands\Server\rewrite.php(43): require_once('FCPATH\\index.php')
ERROR - 2023-02-09 13:08:02 --> mysqli_sql_exception: Column 'kddiscount' cannot be null in D:\xampp\htdocs\bp\system\Database\MySQLi\Connection.php:292
Stack trace:
#0 D:\xampp\htdocs\bp\system\Database\MySQLi\Connection.php(292): mysqli->query('INSERT INTO `tb...', 0)
#1 D:\xampp\htdocs\bp\system\Database\BaseConnection.php(693): CodeIgniter\Database\MySQLi\Connection->execute('INSERT INTO `tb...')
#2 D:\xampp\htdocs\bp\system\Database\BaseConnection.php(620): CodeIgniter\Database\BaseConnection->simpleQuery('INSERT INTO `tb...')
#3 D:\xampp\htdocs\bp\system\Database\BaseBuilder.php(1916): CodeIgniter\Database\BaseConnection->query('INSERT INTO `tb...', Array, false)
#4 D:\xampp\htdocs\bp\system\Model.php(279): CodeIgniter\Database\BaseBuilder->insert()
#5 D:\xampp\htdocs\bp\system\BaseModel.php(738): CodeIgniter\Model->doInsert(Array)
#6 D:\xampp\htdocs\bp\system\Model.php(667): CodeIgniter\BaseModel->insert(Array, true)
#7 D:\xampp\htdocs\bp\app\Controllers\Tbbarang.php(172): CodeIgniter\Model->insert(Array)
#8 D:\xampp\htdocs\bp\system\CodeIgniter.php(904): App\Controllers\Tbbarang->simpandata()
#9 D:\xampp\htdocs\bp\system\CodeIgniter.php(457): CodeIgniter\CodeIgniter->runController(Object(App\Controllers\Tbbarang))
#10 D:\xampp\htdocs\bp\system\CodeIgniter.php(340): CodeIgniter\CodeIgniter->handleRequest(NULL, Object(Config\Cache), false)
#11 D:\xampp\htdocs\bp\public\index.php(67): CodeIgniter\CodeIgniter->run()
#12 D:\xampp\htdocs\bp\system\Commands\Server\rewrite.php(43): require_once('D:\\xampp\\htdocs...')
#13 {main}
CRITICAL - 2023-02-09 13:08:02 --> Column 'kddiscount' cannot be null
in SYSTEMPATH\Database\MySQLi\Connection.php on line 292.
 1 SYSTEMPATH\Database\MySQLi\Connection.php(292): mysqli->query('INSERT INTO `tbbarang` (`kode`, `nama`, `lokasi`, `merek`, `kdjnbrg`, `kdsatuan`, `kdnegara`, `kdmove`, `kddiscount`, `harga_jual`, `harga_beli`, `stock_min`, `stock_mak`, `user`, `created_at`, `updated_at`) VALUES (\'AAA\', \'AAAA\', \'\', \'\', \'01\', \'07\', \'\', \'02\', NULL, NULL, \'\', \'\', \'\', \'Edit--09-02-2023 13:08:02\', \'2023-02-09 13:08:02\', \'2023-02-09 13:08:02\')', 0)
 2 SYSTEMPATH\Database\BaseConnection.php(693): CodeIgniter\Database\MySQLi\Connection->execute('INSERT INTO `tbbarang` (`kode`, `nama`, `lokasi`, `merek`, `kdjnbrg`, `kdsatuan`, `kdnegara`, `kdmove`, `kddiscount`, `harga_jual`, `harga_beli`, `stock_min`, `stock_mak`, `user`, `created_at`, `updated_at`) VALUES (\'AAA\', \'AAAA\', \'\', \'\', \'01\', \'07\', \'\', \'02\', NULL, NULL, \'\', \'\', \'\', \'Edit--09-02-2023 13:08:02\', \'2023-02-09 13:08:02\', \'2023-02-09 13:08:02\')')
 3 SYSTEMPATH\Database\BaseConnection.php(620): CodeIgniter\Database\BaseConnection->simpleQuery('INSERT INTO `tbbarang` (`kode`, `nama`, `lokasi`, `merek`, `kdjnbrg`, `kdsatuan`, `kdnegara`, `kdmove`, `kddiscount`, `harga_jual`, `harga_beli`, `stock_min`, `stock_mak`, `user`, `created_at`, `updated_at`) VALUES (\'AAA\', \'AAAA\', \'\', \'\', \'01\', \'07\', \'\', \'02\', NULL, NULL, \'\', \'\', \'\', \'Edit--09-02-2023 13:08:02\', \'2023-02-09 13:08:02\', \'2023-02-09 13:08:02\')')
 4 SYSTEMPATH\Database\BaseBuilder.php(1916): CodeIgniter\Database\BaseConnection->query('INSERT INTO `tbbarang` (`kode`, `nama`, `lokasi`, `merek`, `kdjnbrg`, `kdsatuan`, `kdnegara`, `kdmove`, `kddiscount`, `harga_jual`, `harga_beli`, `stock_min`, `stock_mak`, `user`, `created_at`, `updated_at`) VALUES (:kode:, :nama:, :lokasi:, :merek:, :kdjnbrg:, :kdsatuan:, :kdnegara:, :kdmove:, :kddiscount:, :harga_jual:, :harga_beli:, :stock_min:, :stock_mak:, :user:, :created_at:, :updated_at:)', [...], false)
 5 SYSTEMPATH\Model.php(279): CodeIgniter\Database\BaseBuilder->insert()
 6 SYSTEMPATH\BaseModel.php(738): CodeIgniter\Model->doInsert([...])
 7 SYSTEMPATH\Model.php(667): CodeIgniter\BaseModel->insert([...], true)
 8 APPPATH\Controllers\Tbbarang.php(172): CodeIgniter\Model->insert([...])
 9 SYSTEMPATH\CodeIgniter.php(904): App\Controllers\Tbbarang->simpandata()
10 SYSTEMPATH\CodeIgniter.php(457): CodeIgniter\CodeIgniter->runController(Object(App\Controllers\Tbbarang))
11 SYSTEMPATH\CodeIgniter.php(340): CodeIgniter\CodeIgniter->handleRequest(null, Object(Config\Cache), false)
12 FCPATH\index.php(67): CodeIgniter\CodeIgniter->run()
13 SYSTEMPATH\Commands\Server\rewrite.php(43): require_once('FCPATH\\index.php')
ERROR - 2023-02-09 13:08:37 --> mysqli_sql_exception: Column 'kddiscount' cannot be null in D:\xampp\htdocs\bp\system\Database\MySQLi\Connection.php:292
Stack trace:
#0 D:\xampp\htdocs\bp\system\Database\MySQLi\Connection.php(292): mysqli->query('INSERT INTO `tb...', 0)
#1 D:\xampp\htdocs\bp\system\Database\BaseConnection.php(693): CodeIgniter\Database\MySQLi\Connection->execute('INSERT INTO `tb...')
#2 D:\xampp\htdocs\bp\system\Database\BaseConnection.php(620): CodeIgniter\Database\BaseConnection->simpleQuery('INSERT INTO `tb...')
#3 D:\xampp\htdocs\bp\system\Database\BaseBuilder.php(1916): CodeIgniter\Database\BaseConnection->query('INSERT INTO `tb...', Array, false)
#4 D:\xampp\htdocs\bp\system\Model.php(279): CodeIgniter\Database\BaseBuilder->insert()
#5 D:\xampp\htdocs\bp\system\BaseModel.php(738): CodeIgniter\Model->doInsert(Array)
#6 D:\xampp\htdocs\bp\system\Model.php(667): CodeIgniter\BaseModel->insert(Array, true)
#7 D:\xampp\htdocs\bp\app\Controllers\Tbbarang.php(172): CodeIgniter\Model->insert(Array)
#8 D:\xampp\htdocs\bp\system\CodeIgniter.php(904): App\Controllers\Tbbarang->simpandata()
#9 D:\xampp\htdocs\bp\system\CodeIgniter.php(457): CodeIgniter\CodeIgniter->runController(Object(App\Controllers\Tbbarang))
#10 D:\xampp\htdocs\bp\system\CodeIgniter.php(340): CodeIgniter\CodeIgniter->handleRequest(NULL, Object(Config\Cache), false)
#11 D:\xampp\htdocs\bp\public\index.php(67): CodeIgniter\CodeIgniter->run()
#12 D:\xampp\htdocs\bp\system\Commands\Server\rewrite.php(43): require_once('D:\\xampp\\htdocs...')
#13 {main}
CRITICAL - 2023-02-09 13:08:37 --> Column 'kddiscount' cannot be null
in SYSTEMPATH\Database\MySQLi\Connection.php on line 292.
 1 SYSTEMPATH\Database\MySQLi\Connection.php(292): mysqli->query('INSERT INTO `tbbarang` (`kode`, `nama`, `lokasi`, `merek`, `kdjnbrg`, `kdsatuan`, `kdnegara`, `kdmove`, `kddiscount`, `harga_jual`, `harga_beli`, `stock_min`, `stock_mak`, `user`, `created_at`, `updated_at`) VALUES (\'AAA\', \'AAAA\', \'\', \'\', \'01\', \'07\', \'\', \'02\', NULL, NULL, \'\', \'\', \'\', \'Edit--09-02-2023 13:08:37\', \'2023-02-09 13:08:37\', \'2023-02-09 13:08:37\')', 0)
 2 SYSTEMPATH\Database\BaseConnection.php(693): CodeIgniter\Database\MySQLi\Connection->execute('INSERT INTO `tbbarang` (`kode`, `nama`, `lokasi`, `merek`, `kdjnbrg`, `kdsatuan`, `kdnegara`, `kdmove`, `kddiscount`, `harga_jual`, `harga_beli`, `stock_min`, `stock_mak`, `user`, `created_at`, `updated_at`) VALUES (\'AAA\', \'AAAA\', \'\', \'\', \'01\', \'07\', \'\', \'02\', NULL, NULL, \'\', \'\', \'\', \'Edit--09-02-2023 13:08:37\', \'2023-02-09 13:08:37\', \'2023-02-09 13:08:37\')')
 3 SYSTEMPATH\Database\BaseConnection.php(620): CodeIgniter\Database\BaseConnection->simpleQuery('INSERT INTO `tbbarang` (`kode`, `nama`, `lokasi`, `merek`, `kdjnbrg`, `kdsatuan`, `kdnegara`, `kdmove`, `kddiscount`, `harga_jual`, `harga_beli`, `stock_min`, `stock_mak`, `user`, `created_at`, `updated_at`) VALUES (\'AAA\', \'AAAA\', \'\', \'\', \'01\', \'07\', \'\', \'02\', NULL, NULL, \'\', \'\', \'\', \'Edit--09-02-2023 13:08:37\', \'2023-02-09 13:08:37\', \'2023-02-09 13:08:37\')')
 4 SYSTEMPATH\Database\BaseBuilder.php(1916): CodeIgniter\Database\BaseConnection->query('INSERT INTO `tbbarang` (`kode`, `nama`, `lokasi`, `merek`, `kdjnbrg`, `kdsatuan`, `kdnegara`, `kdmove`, `kddiscount`, `harga_jual`, `harga_beli`, `stock_min`, `stock_mak`, `user`, `created_at`, `updated_at`) VALUES (:kode:, :nama:, :lokasi:, :merek:, :kdjnbrg:, :kdsatuan:, :kdnegara:, :kdmove:, :kddiscount:, :harga_jual:, :harga_beli:, :stock_min:, :stock_mak:, :user:, :created_at:, :updated_at:)', [...], false)
 5 SYSTEMPATH\Model.php(279): CodeIgniter\Database\BaseBuilder->insert()
 6 SYSTEMPATH\BaseModel.php(738): CodeIgniter\Model->doInsert([...])
 7 SYSTEMPATH\Model.php(667): CodeIgniter\BaseModel->insert([...], true)
 8 APPPATH\Controllers\Tbbarang.php(172): CodeIgniter\Model->insert([...])
 9 SYSTEMPATH\CodeIgniter.php(904): App\Controllers\Tbbarang->simpandata()
10 SYSTEMPATH\CodeIgniter.php(457): CodeIgniter\CodeIgniter->runController(Object(App\Controllers\Tbbarang))
11 SYSTEMPATH\CodeIgniter.php(340): CodeIgniter\CodeIgniter->handleRequest(null, Object(Config\Cache), false)
12 FCPATH\index.php(67): CodeIgniter\CodeIgniter->run()
13 SYSTEMPATH\Commands\Server\rewrite.php(43): require_once('FCPATH\\index.php')
ERROR - 2023-02-09 13:08:54 --> mysqli_sql_exception: Column 'harga_jual' cannot be null in D:\xampp\htdocs\bp\system\Database\MySQLi\Connection.php:292
Stack trace:
#0 D:\xampp\htdocs\bp\system\Database\MySQLi\Connection.php(292): mysqli->query('INSERT INTO `tb...', 0)
#1 D:\xampp\htdocs\bp\system\Database\BaseConnection.php(693): CodeIgniter\Database\MySQLi\Connection->execute('INSERT INTO `tb...')
#2 D:\xampp\htdocs\bp\system\Database\BaseConnection.php(620): CodeIgniter\Database\BaseConnection->simpleQuery('INSERT INTO `tb...')
#3 D:\xampp\htdocs\bp\system\Database\BaseBuilder.php(1916): CodeIgniter\Database\BaseConnection->query('INSERT INTO `tb...', Array, false)
#4 D:\xampp\htdocs\bp\system\Model.php(279): CodeIgniter\Database\BaseBuilder->insert()
#5 D:\xampp\htdocs\bp\system\BaseModel.php(738): CodeIgniter\Model->doInsert(Array)
#6 D:\xampp\htdocs\bp\system\Model.php(667): CodeIgniter\BaseModel->insert(Array, true)
#7 D:\xampp\htdocs\bp\app\Controllers\Tbbarang.php(172): CodeIgniter\Model->insert(Array)
#8 D:\xampp\htdocs\bp\system\CodeIgniter.php(904): App\Controllers\Tbbarang->simpandata()
#9 D:\xampp\htdocs\bp\system\CodeIgniter.php(457): CodeIgniter\CodeIgniter->runController(Object(App\Controllers\Tbbarang))
#10 D:\xampp\htdocs\bp\system\CodeIgniter.php(340): CodeIgniter\CodeIgniter->handleRequest(NULL, Object(Config\Cache), false)
#11 D:\xampp\htdocs\bp\public\index.php(67): CodeIgniter\CodeIgniter->run()
#12 D:\xampp\htdocs\bp\system\Commands\Server\rewrite.php(43): require_once('D:\\xampp\\htdocs...')
#13 {main}
CRITICAL - 2023-02-09 13:08:54 --> Column 'harga_jual' cannot be null
in SYSTEMPATH\Database\MySQLi\Connection.php on line 292.
 1 SYSTEMPATH\Database\MySQLi\Connection.php(292): mysqli->query('INSERT INTO `tbbarang` (`kode`, `nama`, `lokasi`, `merek`, `kdjnbrg`, `kdsatuan`, `kdnegara`, `kdmove`, `harga_jual`, `harga_beli`, `stock_min`, `stock_mak`, `user`, `created_at`, `updated_at`) VALUES (\'AAA\', \'AAAA\', \'\', \'\', \'01\', \'07\', \'\', \'02\', NULL, \'\', \'\', \'\', \'Edit--09-02-2023 13:08:54\', \'2023-02-09 13:08:54\', \'2023-02-09 13:08:54\')', 0)
 2 SYSTEMPATH\Database\BaseConnection.php(693): CodeIgniter\Database\MySQLi\Connection->execute('INSERT INTO `tbbarang` (`kode`, `nama`, `lokasi`, `merek`, `kdjnbrg`, `kdsatuan`, `kdnegara`, `kdmove`, `harga_jual`, `harga_beli`, `stock_min`, `stock_mak`, `user`, `created_at`, `updated_at`) VALUES (\'AAA\', \'AAAA\', \'\', \'\', \'01\', \'07\', \'\', \'02\', NULL, \'\', \'\', \'\', \'Edit--09-02-2023 13:08:54\', \'2023-02-09 13:08:54\', \'2023-02-09 13:08:54\')')
 3 SYSTEMPATH\Database\BaseConnection.php(620): CodeIgniter\Database\BaseConnection->simpleQuery('INSERT INTO `tbbarang` (`kode`, `nama`, `lokasi`, `merek`, `kdjnbrg`, `kdsatuan`, `kdnegara`, `kdmove`, `harga_jual`, `harga_beli`, `stock_min`, `stock_mak`, `user`, `created_at`, `updated_at`) VALUES (\'AAA\', \'AAAA\', \'\', \'\', \'01\', \'07\', \'\', \'02\', NULL, \'\', \'\', \'\', \'Edit--09-02-2023 13:08:54\', \'2023-02-09 13:08:54\', \'2023-02-09 13:08:54\')')
 4 SYSTEMPATH\Database\BaseBuilder.php(1916): CodeIgniter\Database\BaseConnection->query('INSERT INTO `tbbarang` (`kode`, `nama`, `lokasi`, `merek`, `kdjnbrg`, `kdsatuan`, `kdnegara`, `kdmove`, `harga_jual`, `harga_beli`, `stock_min`, `stock_mak`, `user`, `created_at`, `updated_at`) VALUES (:kode:, :nama:, :lokasi:, :merek:, :kdjnbrg:, :kdsatuan:, :kdnegara:, :kdmove:, :harga_jual:, :harga_beli:, :stock_min:, :stock_mak:, :user:, :created_at:, :updated_at:)', [...], false)
 5 SYSTEMPATH\Model.php(279): CodeIgniter\Database\BaseBuilder->insert()
 6 SYSTEMPATH\BaseModel.php(738): CodeIgniter\Model->doInsert([...])
 7 SYSTEMPATH\Model.php(667): CodeIgniter\BaseModel->insert([...], true)
 8 APPPATH\Controllers\Tbbarang.php(172): CodeIgniter\Model->insert([...])
 9 SYSTEMPATH\CodeIgniter.php(904): App\Controllers\Tbbarang->simpandata()
10 SYSTEMPATH\CodeIgniter.php(457): CodeIgniter\CodeIgniter->runController(Object(App\Controllers\Tbbarang))
11 SYSTEMPATH\CodeIgniter.php(340): CodeIgniter\CodeIgniter->handleRequest(null, Object(Config\Cache), false)
12 FCPATH\index.php(67): CodeIgniter\CodeIgniter->run()
13 SYSTEMPATH\Commands\Server\rewrite.php(43): require_once('FCPATH\\index.php')
ERROR - 2023-02-09 13:09:43 --> mysqli_sql_exception: Column 'harga_jual' cannot be null in D:\xampp\htdocs\bp\system\Database\MySQLi\Connection.php:292
Stack trace:
#0 D:\xampp\htdocs\bp\system\Database\MySQLi\Connection.php(292): mysqli->query('INSERT INTO `tb...', 0)
#1 D:\xampp\htdocs\bp\system\Database\BaseConnection.php(693): CodeIgniter\Database\MySQLi\Connection->execute('INSERT INTO `tb...')
#2 D:\xampp\htdocs\bp\system\Database\BaseConnection.php(620): CodeIgniter\Database\BaseConnection->simpleQuery('INSERT INTO `tb...')
#3 D:\xampp\htdocs\bp\system\Database\BaseBuilder.php(1916): CodeIgniter\Database\BaseConnection->query('INSERT INTO `tb...', Array, false)
#4 D:\xampp\htdocs\bp\system\Model.php(279): CodeIgniter\Database\BaseBuilder->insert()
#5 D:\xampp\htdocs\bp\system\BaseModel.php(738): CodeIgniter\Model->doInsert(Array)
#6 D:\xampp\htdocs\bp\system\Model.php(667): CodeIgniter\BaseModel->insert(Array, true)
#7 D:\xampp\htdocs\bp\app\Controllers\Tbbarang.php(172): CodeIgniter\Model->insert(Array)
#8 D:\xampp\htdocs\bp\system\CodeIgniter.php(904): App\Controllers\Tbbarang->simpandata()
#9 D:\xampp\htdocs\bp\system\CodeIgniter.php(457): CodeIgniter\CodeIgniter->runController(Object(App\Controllers\Tbbarang))
#10 D:\xampp\htdocs\bp\system\CodeIgniter.php(340): CodeIgniter\CodeIgniter->handleRequest(NULL, Object(Config\Cache), false)
#11 D:\xampp\htdocs\bp\public\index.php(67): CodeIgniter\CodeIgniter->run()
#12 D:\xampp\htdocs\bp\system\Commands\Server\rewrite.php(43): require_once('D:\\xampp\\htdocs...')
#13 {main}
CRITICAL - 2023-02-09 13:09:43 --> Column 'harga_jual' cannot be null
in SYSTEMPATH\Database\MySQLi\Connection.php on line 292.
 1 SYSTEMPATH\Database\MySQLi\Connection.php(292): mysqli->query('INSERT INTO `tbbarang` (`kode`, `nama`, `lokasi`, `merek`, `kdjnbrg`, `kdsatuan`, `kdnegara`, `kdmove`, `harga_jual`, `harga_beli`, `stock_min`, `stock_mak`, `user`, `created_at`, `updated_at`) VALUES (\'AAA\', \'AAAA\', \'\', \'\', \'01\', \'07\', \'\', \'02\', NULL, \'\', \'\', \'\', \'Edit--09-02-2023 13:09:43\', \'2023-02-09 13:09:43\', \'2023-02-09 13:09:43\')', 0)
 2 SYSTEMPATH\Database\BaseConnection.php(693): CodeIgniter\Database\MySQLi\Connection->execute('INSERT INTO `tbbarang` (`kode`, `nama`, `lokasi`, `merek`, `kdjnbrg`, `kdsatuan`, `kdnegara`, `kdmove`, `harga_jual`, `harga_beli`, `stock_min`, `stock_mak`, `user`, `created_at`, `updated_at`) VALUES (\'AAA\', \'AAAA\', \'\', \'\', \'01\', \'07\', \'\', \'02\', NULL, \'\', \'\', \'\', \'Edit--09-02-2023 13:09:43\', \'2023-02-09 13:09:43\', \'2023-02-09 13:09:43\')')
 3 SYSTEMPATH\Database\BaseConnection.php(620): CodeIgniter\Database\BaseConnection->simpleQuery('INSERT INTO `tbbarang` (`kode`, `nama`, `lokasi`, `merek`, `kdjnbrg`, `kdsatuan`, `kdnegara`, `kdmove`, `harga_jual`, `harga_beli`, `stock_min`, `stock_mak`, `user`, `created_at`, `updated_at`) VALUES (\'AAA\', \'AAAA\', \'\', \'\', \'01\', \'07\', \'\', \'02\', NULL, \'\', \'\', \'\', \'Edit--09-02-2023 13:09:43\', \'2023-02-09 13:09:43\', \'2023-02-09 13:09:43\')')
 4 SYSTEMPATH\Database\BaseBuilder.php(1916): CodeIgniter\Database\BaseConnection->query('INSERT INTO `tbbarang` (`kode`, `nama`, `lokasi`, `merek`, `kdjnbrg`, `kdsatuan`, `kdnegara`, `kdmove`, `harga_jual`, `harga_beli`, `stock_min`, `stock_mak`, `user`, `created_at`, `updated_at`) VALUES (:kode:, :nama:, :lokasi:, :merek:, :kdjnbrg:, :kdsatuan:, :kdnegara:, :kdmove:, :harga_jual:, :harga_beli:, :stock_min:, :stock_mak:, :user:, :created_at:, :updated_at:)', [...], false)
 5 SYSTEMPATH\Model.php(279): CodeIgniter\Database\BaseBuilder->insert()
 6 SYSTEMPATH\BaseModel.php(738): CodeIgniter\Model->doInsert([...])
 7 SYSTEMPATH\Model.php(667): CodeIgniter\BaseModel->insert([...], true)
 8 APPPATH\Controllers\Tbbarang.php(172): CodeIgniter\Model->insert([...])
 9 SYSTEMPATH\CodeIgniter.php(904): App\Controllers\Tbbarang->simpandata()
10 SYSTEMPATH\CodeIgniter.php(457): CodeIgniter\CodeIgniter->runController(Object(App\Controllers\Tbbarang))
11 SYSTEMPATH\CodeIgniter.php(340): CodeIgniter\CodeIgniter->handleRequest(null, Object(Config\Cache), false)
12 FCPATH\index.php(67): CodeIgniter\CodeIgniter->run()
13 SYSTEMPATH\Commands\Server\rewrite.php(43): require_once('FCPATH\\index.php')
CRITICAL - 2023-02-09 13:34:26 --> Undefined array key "kdnegara"
in APPPATH\Controllers\Tbbarang.php on line 420.
 1 APPPATH\Controllers\Tbbarang.php(420): CodeIgniter\Debug\Exceptions->errorHandler(2, 'Undefined array key "kdnegara"', 'APPPATH\\Controllers\\Tbbarang.php', 420)
 2 SYSTEMPATH\CodeIgniter.php(904): App\Controllers\Tbbarang->replnegara()
 3 SYSTEMPATH\CodeIgniter.php(457): CodeIgniter\CodeIgniter->runController(Object(App\Controllers\Tbbarang))
 4 SYSTEMPATH\CodeIgniter.php(340): CodeIgniter\CodeIgniter->handleRequest(null, Object(Config\Cache), false)
 5 FCPATH\index.php(67): CodeIgniter\CodeIgniter->run()
 6 SYSTEMPATH\Commands\Server\rewrite.php(43): require_once('FCPATH\\index.php')
CRITICAL - 2023-02-09 13:34:35 --> Undefined array key "kdnegara"
in APPPATH\Controllers\Tbbarang.php on line 420.
 1 APPPATH\Controllers\Tbbarang.php(420): CodeIgniter\Debug\Exceptions->errorHandler(2, 'Undefined array key "kdnegara"', 'APPPATH\\Controllers\\Tbbarang.php', 420)
 2 SYSTEMPATH\CodeIgniter.php(904): App\Controllers\Tbbarang->replnegara()
 3 SYSTEMPATH\CodeIgniter.php(457): CodeIgniter\CodeIgniter->runController(Object(App\Controllers\Tbbarang))
 4 SYSTEMPATH\CodeIgniter.php(340): CodeIgniter\CodeIgniter->handleRequest(null, Object(Config\Cache), false)
 5 FCPATH\index.php(67): CodeIgniter\CodeIgniter->run()
 6 SYSTEMPATH\Commands\Server\rewrite.php(43): require_once('FCPATH\\index.php')
CRITICAL - 2023-02-09 13:36:00 --> Undefined array key "kdnegara"
in APPPATH\Controllers\Tbbarang.php on line 420.
 1 APPPATH\Controllers\Tbbarang.php(420): CodeIgniter\Debug\Exceptions->errorHandler(2, 'Undefined array key "kdnegara"', 'APPPATH\\Controllers\\Tbbarang.php', 420)
 2 SYSTEMPATH\CodeIgniter.php(904): App\Controllers\Tbbarang->replnegara()
 3 SYSTEMPATH\CodeIgniter.php(457): CodeIgniter\CodeIgniter->runController(Object(App\Controllers\Tbbarang))
 4 SYSTEMPATH\CodeIgniter.php(340): CodeIgniter\CodeIgniter->handleRequest(null, Object(Config\Cache), false)
 5 FCPATH\index.php(67): CodeIgniter\CodeIgniter->run()
 6 SYSTEMPATH\Commands\Server\rewrite.php(43): require_once('FCPATH\\index.php')
CRITICAL - 2023-02-09 13:36:06 --> Undefined array key "kdnegara"
in APPPATH\Controllers\Tbbarang.php on line 420.
 1 APPPATH\Controllers\Tbbarang.php(420): CodeIgniter\Debug\Exceptions->errorHandler(2, 'Undefined array key "kdnegara"', 'APPPATH\\Controllers\\Tbbarang.php', 420)
 2 SYSTEMPATH\CodeIgniter.php(904): App\Controllers\Tbbarang->replnegara()
 3 SYSTEMPATH\CodeIgniter.php(457): CodeIgniter\CodeIgniter->runController(Object(App\Controllers\Tbbarang))
 4 SYSTEMPATH\CodeIgniter.php(340): CodeIgniter\CodeIgniter->handleRequest(null, Object(Config\Cache), false)
 5 FCPATH\index.php(67): CodeIgniter\CodeIgniter->run()
 6 SYSTEMPATH\Commands\Server\rewrite.php(43): require_once('FCPATH\\index.php')
CRITICAL - 2023-02-09 13:36:51 --> Undefined array key "kdnegara"
in APPPATH\Controllers\Tbbarang.php on line 420.
 1 APPPATH\Controllers\Tbbarang.php(420): CodeIgniter\Debug\Exceptions->errorHandler(2, 'Undefined array key "kdnegara"', 'APPPATH\\Controllers\\Tbbarang.php', 420)
 2 SYSTEMPATH\CodeIgniter.php(904): App\Controllers\Tbbarang->replnegara()
 3 SYSTEMPATH\CodeIgniter.php(457): CodeIgniter\CodeIgniter->runController(Object(App\Controllers\Tbbarang))
 4 SYSTEMPATH\CodeIgniter.php(340): CodeIgniter\CodeIgniter->handleRequest(null, Object(Config\Cache), false)
 5 FCPATH\index.php(67): CodeIgniter\CodeIgniter->run()
 6 SYSTEMPATH\Commands\Server\rewrite.php(43): require_once('FCPATH\\index.php')
CRITICAL - 2023-02-09 15:26:24 --> Undefined variable $tbnegara
in APPPATH\Views\tbjnbrg\tabel_jnbrg.php on line 44.
 1 APPPATH\Views\tbjnbrg\tabel_jnbrg.php(44): CodeIgniter\Debug\Exceptions->errorHandler(2, 'Undefined variable $tbnegara', 'APPPATH\\Views\\tbjnbrg\\tabel_jnbrg.php', 44)
 2 SYSTEMPATH\View\View.php(213): include('APPPATH\\Views\\tbjnbrg\\tabel_jnbrg.php')
 3 SYSTEMPATH\View\View.php(216): CodeIgniter\View\View->CodeIgniter\View\{closure}()
 4 SYSTEMPATH\Common.php(1142): CodeIgniter\View\View->render('tbjnbrg/tabel_jnbrg', [], true)
 5 APPPATH\Controllers\Tbjnbrg.php(260): view('tbjnbrg/tabel_jnbrg', [...])
 6 SYSTEMPATH\CodeIgniter.php(904): App\Controllers\Tbjnbrg->table_jnbrg()
 7 SYSTEMPATH\CodeIgniter.php(457): CodeIgniter\CodeIgniter->runController(Object(App\Controllers\Tbjnbrg))
 8 SYSTEMPATH\CodeIgniter.php(340): CodeIgniter\CodeIgniter->handleRequest(null, Object(Config\Cache), false)
 9 FCPATH\index.php(67): CodeIgniter\CodeIgniter->run()
10 SYSTEMPATH\Commands\Server\rewrite.php(43): require_once('FCPATH\\index.php')
CRITICAL - 2023-02-09 15:26:34 --> Undefined variable $tbnegara
in APPPATH\Views\tbjnbrg\tabel_jnbrg.php on line 44.
 1 APPPATH\Views\tbjnbrg\tabel_jnbrg.php(44): CodeIgniter\Debug\Exceptions->errorHandler(2, 'Undefined variable $tbnegara', 'APPPATH\\Views\\tbjnbrg\\tabel_jnbrg.php', 44)
 2 SYSTEMPATH\View\View.php(213): include('APPPATH\\Views\\tbjnbrg\\tabel_jnbrg.php')
 3 SYSTEMPATH\View\View.php(216): CodeIgniter\View\View->CodeIgniter\View\{closure}()
 4 SYSTEMPATH\Common.php(1142): CodeIgniter\View\View->render('tbjnbrg/tabel_jnbrg', [], true)
 5 APPPATH\Controllers\Tbjnbrg.php(260): view('tbjnbrg/tabel_jnbrg', [...])
 6 SYSTEMPATH\CodeIgniter.php(904): App\Controllers\Tbjnbrg->table_jnbrg()
 7 SYSTEMPATH\CodeIgniter.php(457): CodeIgniter\CodeIgniter->runController(Object(App\Controllers\Tbjnbrg))
 8 SYSTEMPATH\CodeIgniter.php(340): CodeIgniter\CodeIgniter->handleRequest(null, Object(Config\Cache), false)
 9 FCPATH\index.php(67): CodeIgniter\CodeIgniter->run()
10 SYSTEMPATH\Commands\Server\rewrite.php(43): require_once('FCPATH\\index.php')
CRITICAL - 2023-02-09 15:27:25 --> Undefined variable $tbnegara
in APPPATH\Views\tbjnbrg\tabel_jnbrg.php on line 44.
 1 APPPATH\Views\tbjnbrg\tabel_jnbrg.php(44): CodeIgniter\Debug\Exceptions->errorHandler(2, 'Undefined variable $tbnegara', 'APPPATH\\Views\\tbjnbrg\\tabel_jnbrg.php', 44)
 2 SYSTEMPATH\View\View.php(213): include('APPPATH\\Views\\tbjnbrg\\tabel_jnbrg.php')
 3 SYSTEMPATH\View\View.php(216): CodeIgniter\View\View->CodeIgniter\View\{closure}()
 4 SYSTEMPATH\Common.php(1142): CodeIgniter\View\View->render('tbjnbrg/tabel_jnbrg', [], true)
 5 APPPATH\Controllers\Tbjnbrg.php(260): view('tbjnbrg/tabel_jnbrg', [...])
 6 SYSTEMPATH\CodeIgniter.php(904): App\Controllers\Tbjnbrg->table_jnbrg()
 7 SYSTEMPATH\CodeIgniter.php(457): CodeIgniter\CodeIgniter->runController(Object(App\Controllers\Tbjnbrg))
 8 SYSTEMPATH\CodeIgniter.php(340): CodeIgniter\CodeIgniter->handleRequest(null, Object(Config\Cache), false)
 9 FCPATH\index.php(67): CodeIgniter\CodeIgniter->run()
10 SYSTEMPATH\Commands\Server\rewrite.php(43): require_once('FCPATH\\index.php')
CRITICAL - 2023-02-09 15:36:36 --> Undefined variable $tbbank
in APPPATH\Views\tbdisc\tabel_disc.php on line 44.
 1 APPPATH\Views\tbdisc\tabel_disc.php(44): CodeIgniter\Debug\Exceptions->errorHandler(2, 'Undefined variable $tbbank', 'APPPATH\\Views\\tbdisc\\tabel_disc.php', 44)
 2 SYSTEMPATH\View\View.php(213): include('APPPATH\\Views\\tbdisc\\tabel_disc.php')
 3 SYSTEMPATH\View\View.php(216): CodeIgniter\View\View->CodeIgniter\View\{closure}()
 4 SYSTEMPATH\Common.php(1142): CodeIgniter\View\View->render('tbdisc/tabel_disc', [], true)
 5 APPPATH\Controllers\Tbdisc.php(253): view('tbdisc/tabel_disc', [...])
 6 SYSTEMPATH\CodeIgniter.php(904): App\Controllers\Tbdisc->table_disc()
 7 SYSTEMPATH\CodeIgniter.php(457): CodeIgniter\CodeIgniter->runController(Object(App\Controllers\Tbdisc))
 8 SYSTEMPATH\CodeIgniter.php(340): CodeIgniter\CodeIgniter->handleRequest(null, Object(Config\Cache), false)
 9 FCPATH\index.php(67): CodeIgniter\CodeIgniter->run()
10 SYSTEMPATH\Commands\Server\rewrite.php(43): require_once('FCPATH\\index.php')
CRITICAL - 2023-02-09 15:36:50 --> Undefined variable $tbbank
in APPPATH\Views\tbdisc\tabel_disc.php on line 44.
 1 APPPATH\Views\tbdisc\tabel_disc.php(44): CodeIgniter\Debug\Exceptions->errorHandler(2, 'Undefined variable $tbbank', 'APPPATH\\Views\\tbdisc\\tabel_disc.php', 44)
 2 SYSTEMPATH\View\View.php(213): include('APPPATH\\Views\\tbdisc\\tabel_disc.php')
 3 SYSTEMPATH\View\View.php(216): CodeIgniter\View\View->CodeIgniter\View\{closure}()
 4 SYSTEMPATH\Common.php(1142): CodeIgniter\View\View->render('tbdisc/tabel_disc', [], true)
 5 APPPATH\Controllers\Tbdisc.php(253): view('tbdisc/tabel_disc', [...])
 6 SYSTEMPATH\CodeIgniter.php(904): App\Controllers\Tbdisc->table_disc()
 7 SYSTEMPATH\CodeIgniter.php(457): CodeIgniter\CodeIgniter->runController(Object(App\Controllers\Tbdisc))
 8 SYSTEMPATH\CodeIgniter.php(340): CodeIgniter\CodeIgniter->handleRequest(null, Object(Config\Cache), false)
 9 FCPATH\index.php(67): CodeIgniter\CodeIgniter->run()
10 SYSTEMPATH\Commands\Server\rewrite.php(43): require_once('FCPATH\\index.php')
CRITICAL - 2023-02-09 15:37:25 --> Undefined array key "nama"
in APPPATH\Views\tbdisc\tabel_disc.php on line 48.
 1 APPPATH\Views\tbdisc\tabel_disc.php(48): CodeIgniter\Debug\Exceptions->errorHandler(2, 'Undefined array key "nama"', 'APPPATH\\Views\\tbdisc\\tabel_disc.php', 48)
 2 SYSTEMPATH\View\View.php(213): include('APPPATH\\Views\\tbdisc\\tabel_disc.php')
 3 SYSTEMPATH\View\View.php(216): CodeIgniter\View\View->CodeIgniter\View\{closure}()
 4 SYSTEMPATH\Common.php(1142): CodeIgniter\View\View->render('tbdisc/tabel_disc', [], true)
 5 APPPATH\Controllers\Tbdisc.php(253): view('tbdisc/tabel_disc', [...])
 6 SYSTEMPATH\CodeIgniter.php(904): App\Controllers\Tbdisc->table_disc()
 7 SYSTEMPATH\CodeIgniter.php(457): CodeIgniter\CodeIgniter->runController(Object(App\Controllers\Tbdisc))
 8 SYSTEMPATH\CodeIgniter.php(340): CodeIgniter\CodeIgniter->handleRequest(null, Object(Config\Cache), false)
 9 FCPATH\index.php(67): CodeIgniter\CodeIgniter->run()
10 SYSTEMPATH\Commands\Server\rewrite.php(43): require_once('FCPATH\\index.php')
CRITICAL - 2023-02-09 15:37:27 --> Undefined array key "nama"
in APPPATH\Views\tbdisc\tabel_disc.php on line 48.
 1 APPPATH\Views\tbdisc\tabel_disc.php(48): CodeIgniter\Debug\Exceptions->errorHandler(2, 'Undefined array key "nama"', 'APPPATH\\Views\\tbdisc\\tabel_disc.php', 48)
 2 SYSTEMPATH\View\View.php(213): include('APPPATH\\Views\\tbdisc\\tabel_disc.php')
 3 SYSTEMPATH\View\View.php(216): CodeIgniter\View\View->CodeIgniter\View\{closure}()
 4 SYSTEMPATH\Common.php(1142): CodeIgniter\View\View->render('tbdisc/tabel_disc', [], true)
 5 APPPATH\Controllers\Tbdisc.php(253): view('tbdisc/tabel_disc', [...])
 6 SYSTEMPATH\CodeIgniter.php(904): App\Controllers\Tbdisc->table_disc()
 7 SYSTEMPATH\CodeIgniter.php(457): CodeIgniter\CodeIgniter->runController(Object(App\Controllers\Tbdisc))
 8 SYSTEMPATH\CodeIgniter.php(340): CodeIgniter\CodeIgniter->handleRequest(null, Object(Config\Cache), false)
 9 FCPATH\index.php(67): CodeIgniter\CodeIgniter->run()
10 SYSTEMPATH\Commands\Server\rewrite.php(43): require_once('FCPATH\\index.php')
CRITICAL - 2023-02-09 15:37:54 --> Undefined array key "nama"
in APPPATH\Views\tbdisc\tabel_disc.php on line 48.
 1 APPPATH\Views\tbdisc\tabel_disc.php(48): CodeIgniter\Debug\Exceptions->errorHandler(2, 'Undefined array key "nama"', 'APPPATH\\Views\\tbdisc\\tabel_disc.php', 48)
 2 SYSTEMPATH\View\View.php(213): include('APPPATH\\Views\\tbdisc\\tabel_disc.php')
 3 SYSTEMPATH\View\View.php(216): CodeIgniter\View\View->CodeIgniter\View\{closure}()
 4 SYSTEMPATH\Common.php(1142): CodeIgniter\View\View->render('tbdisc/tabel_disc', [], true)
 5 APPPATH\Controllers\Tbdisc.php(253): view('tbdisc/tabel_disc', [...])
 6 SYSTEMPATH\CodeIgniter.php(904): App\Controllers\Tbdisc->table_disc()
 7 SYSTEMPATH\CodeIgniter.php(457): CodeIgniter\CodeIgniter->runController(Object(App\Controllers\Tbdisc))
 8 SYSTEMPATH\CodeIgniter.php(340): CodeIgniter\CodeIgniter->handleRequest(null, Object(Config\Cache), false)
 9 FCPATH\index.php(67): CodeIgniter\CodeIgniter->run()
10 SYSTEMPATH\Commands\Server\rewrite.php(43): require_once('FCPATH\\index.php')
CRITICAL - 2023-02-09 15:39:40 --> Undefined array key "nama"
in APPPATH\Views\tbdisc\modaldetail.php on line 20.
 1 APPPATH\Views\tbdisc\modaldetail.php(20): CodeIgniter\Debug\Exceptions->errorHandler(2, 'Undefined array key "nama"', 'APPPATH\\Views\\tbdisc\\modaldetail.php', 20)
 2 SYSTEMPATH\View\View.php(213): include('APPPATH\\Views\\tbdisc\\modaldetail.php')
 3 SYSTEMPATH\View\View.php(216): CodeIgniter\View\View->CodeIgniter\View\{closure}()
 4 SYSTEMPATH\Common.php(1142): CodeIgniter\View\View->render('tbdisc/modaldetail', [], true)
 5 APPPATH\Controllers\Tbdisc.php(41): view('tbdisc/modaldetail', [...])
 6 SYSTEMPATH\CodeIgniter.php(904): App\Controllers\Tbdisc->formdetail()
 7 SYSTEMPATH\CodeIgniter.php(457): CodeIgniter\CodeIgniter->runController(Object(App\Controllers\Tbdisc))
 8 SYSTEMPATH\CodeIgniter.php(340): CodeIgniter\CodeIgniter->handleRequest(null, Object(Config\Cache), false)
 9 FCPATH\index.php(67): CodeIgniter\CodeIgniter->run()
10 SYSTEMPATH\Commands\Server\rewrite.php(43): require_once('FCPATH\\index.php')
CRITICAL - 2023-02-09 15:39:42 --> Undefined array key "nama"
in APPPATH\Views\tbdisc\modaledit.php on line 22.
 1 APPPATH\Views\tbdisc\modaledit.php(22): CodeIgniter\Debug\Exceptions->errorHandler(2, 'Undefined array key "nama"', 'APPPATH\\Views\\tbdisc\\modaledit.php', 22)
 2 SYSTEMPATH\View\View.php(213): include('APPPATH\\Views\\tbdisc\\modaledit.php')
 3 SYSTEMPATH\View\View.php(216): CodeIgniter\View\View->CodeIgniter\View\{closure}()
 4 SYSTEMPATH\Common.php(1142): CodeIgniter\View\View->render('tbdisc/modaledit', [], true)
 5 APPPATH\Controllers\Tbdisc.php(170): view('tbdisc/modaledit', [...])
 6 SYSTEMPATH\CodeIgniter.php(904): App\Controllers\Tbdisc->formedit()
 7 SYSTEMPATH\CodeIgniter.php(457): CodeIgniter\CodeIgniter->runController(Object(App\Controllers\Tbdisc))
 8 SYSTEMPATH\CodeIgniter.php(340): CodeIgniter\CodeIgniter->handleRequest(null, Object(Config\Cache), false)
 9 FCPATH\index.php(67): CodeIgniter\CodeIgniter->run()
10 SYSTEMPATH\Commands\Server\rewrite.php(43): require_once('FCPATH\\index.php')
ERROR - 2023-02-09 15:48:25 --> mysqli_sql_exception: You have an error in your SQL syntax; check the manual that corresponds to your MariaDB server version for the right syntax to use near '-1' at line 4 in D:\xampp\htdocs\bp\system\Database\MySQLi\Connection.php:292
Stack trace:
#0 D:\xampp\htdocs\bp\system\Database\MySQLi\Connection.php(292): mysqli->query('SELECT *\nFROM `...', 0)
#1 D:\xampp\htdocs\bp\system\Database\BaseConnection.php(693): CodeIgniter\Database\MySQLi\Connection->execute('SELECT *\nFROM `...')
#2 D:\xampp\htdocs\bp\system\Database\BaseConnection.php(620): CodeIgniter\Database\BaseConnection->simpleQuery('SELECT *\nFROM `...')
#3 D:\xampp\htdocs\bp\system\Database\BaseBuilder.php(1585): CodeIgniter\Database\BaseConnection->query('SELECT *\nFROM `...', Array, false)
#4 D:\xampp\htdocs\bp\system\Model.php(772): CodeIgniter\Database\BaseBuilder->get()
#5 D:\xampp\htdocs\bp\app\Models\TbbarangModel.php(34): CodeIgniter\Model->__call('get', Array)
#6 D:\xampp\htdocs\bp\app\Controllers\Tbbarang.php(64): App\Models\TbbarangModel->tampilData('', '0', '-1')
#7 D:\xampp\htdocs\bp\system\CodeIgniter.php(904): App\Controllers\Tbbarang->ajaxLoadData()
#8 D:\xampp\htdocs\bp\system\CodeIgniter.php(457): CodeIgniter\CodeIgniter->runController(Object(App\Controllers\Tbbarang))
#9 D:\xampp\htdocs\bp\system\CodeIgniter.php(340): CodeIgniter\CodeIgniter->handleRequest(NULL, Object(Config\Cache), false)
#10 D:\xampp\htdocs\bp\public\index.php(67): CodeIgniter\CodeIgniter->run()
#11 D:\xampp\htdocs\bp\system\Commands\Server\rewrite.php(43): require_once('D:\\xampp\\htdocs...')
#12 {main}
CRITICAL - 2023-02-09 15:48:25 --> You have an error in your SQL syntax; check the manual that corresponds to your MariaDB server version for the right syntax to use near '-1' at line 4
in SYSTEMPATH\Database\MySQLi\Connection.php on line 292.
 1 SYSTEMPATH\Database\MySQLi\Connection.php(292): mysqli->query('SELECT *
FROM `tbbarang`
ORDER BY `kode`
 LIMIT -1', 0)
 2 SYSTEMPATH\Database\BaseConnection.php(693): CodeIgniter\Database\MySQLi\Connection->execute('SELECT *
FROM `tbbarang`
ORDER BY `kode`
 LIMIT -1')
 3 SYSTEMPATH\Database\BaseConnection.php(620): CodeIgniter\Database\BaseConnection->simpleQuery('SELECT *
FROM `tbbarang`
ORDER BY `kode`
 LIMIT -1')
 4 SYSTEMPATH\Database\BaseBuilder.php(1585): CodeIgniter\Database\BaseConnection->query('SELECT *
FROM `tbbarang`
ORDER BY `kode`
 LIMIT -1', [], false)
 5 SYSTEMPATH\Model.php(772): CodeIgniter\Database\BaseBuilder->get()
 6 APPPATH\Models\TbbarangModel.php(34): CodeIgniter\Model->__call('get', [])
 7 APPPATH\Controllers\Tbbarang.php(64): App\Models\TbbarangModel->tampilData('ROOTPATH\\public', '0', '-1')
 8 SYSTEMPATH\CodeIgniter.php(904): App\Controllers\Tbbarang->ajaxLoadData()
 9 SYSTEMPATH\CodeIgniter.php(457): CodeIgniter\CodeIgniter->runController(Object(App\Controllers\Tbbarang))
10 SYSTEMPATH\CodeIgniter.php(340): CodeIgniter\CodeIgniter->handleRequest(null, Object(Config\Cache), false)
11 FCPATH\index.php(67): CodeIgniter\CodeIgniter->run()
12 SYSTEMPATH\Commands\Server\rewrite.php(43): require_once('FCPATH\\index.php')
ERROR - 2023-02-09 15:48:32 --> mysqli_sql_exception: You have an error in your SQL syntax; check the manual that corresponds to your MariaDB server version for the right syntax to use near '-1' at line 4 in D:\xampp\htdocs\bp\system\Database\MySQLi\Connection.php:292
Stack trace:
#0 D:\xampp\htdocs\bp\system\Database\MySQLi\Connection.php(292): mysqli->query('SELECT *\nFROM `...', 0)
#1 D:\xampp\htdocs\bp\system\Database\BaseConnection.php(693): CodeIgniter\Database\MySQLi\Connection->execute('SELECT *\nFROM `...')
#2 D:\xampp\htdocs\bp\system\Database\BaseConnection.php(620): CodeIgniter\Database\BaseConnection->simpleQuery('SELECT *\nFROM `...')
#3 D:\xampp\htdocs\bp\system\Database\BaseBuilder.php(1585): CodeIgniter\Database\BaseConnection->query('SELECT *\nFROM `...', Array, false)
#4 D:\xampp\htdocs\bp\system\Model.php(772): CodeIgniter\Database\BaseBuilder->get()
#5 D:\xampp\htdocs\bp\app\Models\TbbarangModel.php(34): CodeIgniter\Model->__call('get', Array)
#6 D:\xampp\htdocs\bp\app\Controllers\Tbbarang.php(64): App\Models\TbbarangModel->tampilData('', '0', '-1')
#7 D:\xampp\htdocs\bp\system\CodeIgniter.php(904): App\Controllers\Tbbarang->ajaxLoadData()
#8 D:\xampp\htdocs\bp\system\CodeIgniter.php(457): CodeIgniter\CodeIgniter->runController(Object(App\Controllers\Tbbarang))
#9 D:\xampp\htdocs\bp\system\CodeIgniter.php(340): CodeIgniter\CodeIgniter->handleRequest(NULL, Object(Config\Cache), false)
#10 D:\xampp\htdocs\bp\public\index.php(67): CodeIgniter\CodeIgniter->run()
#11 D:\xampp\htdocs\bp\system\Commands\Server\rewrite.php(43): require_once('D:\\xampp\\htdocs...')
#12 {main}
CRITICAL - 2023-02-09 15:48:32 --> You have an error in your SQL syntax; check the manual that corresponds to your MariaDB server version for the right syntax to use near '-1' at line 4
in SYSTEMPATH\Database\MySQLi\Connection.php on line 292.
 1 SYSTEMPATH\Database\MySQLi\Connection.php(292): mysqli->query('SELECT *
FROM `tbbarang`
ORDER BY `kode`
 LIMIT -1', 0)
 2 SYSTEMPATH\Database\BaseConnection.php(693): CodeIgniter\Database\MySQLi\Connection->execute('SELECT *
FROM `tbbarang`
ORDER BY `kode`
 LIMIT -1')
 3 SYSTEMPATH\Database\BaseConnection.php(620): CodeIgniter\Database\BaseConnection->simpleQuery('SELECT *
FROM `tbbarang`
ORDER BY `kode`
 LIMIT -1')
 4 SYSTEMPATH\Database\BaseBuilder.php(1585): CodeIgniter\Database\BaseConnection->query('SELECT *
FROM `tbbarang`
ORDER BY `kode`
 LIMIT -1', [], false)
 5 SYSTEMPATH\Model.php(772): CodeIgniter\Database\BaseBuilder->get()
 6 APPPATH\Models\TbbarangModel.php(34): CodeIgniter\Model->__call('get', [])
 7 APPPATH\Controllers\Tbbarang.php(64): App\Models\TbbarangModel->tampilData('ROOTPATH\\public', '0', '-1')
 8 SYSTEMPATH\CodeIgniter.php(904): App\Controllers\Tbbarang->ajaxLoadData()
 9 SYSTEMPATH\CodeIgniter.php(457): CodeIgniter\CodeIgniter->runController(Object(App\Controllers\Tbbarang))
10 SYSTEMPATH\CodeIgniter.php(340): CodeIgniter\CodeIgniter->handleRequest(null, Object(Config\Cache), false)
11 FCPATH\index.php(67): CodeIgniter\CodeIgniter->run()
12 SYSTEMPATH\Commands\Server\rewrite.php(43): require_once('FCPATH\\index.php')
ERROR - 2023-02-09 15:48:47 --> mysqli_sql_exception: You have an error in your SQL syntax; check the manual that corresponds to your MariaDB server version for the right syntax to use near '-1' at line 4 in D:\xampp\htdocs\bp\system\Database\MySQLi\Connection.php:292
Stack trace:
#0 D:\xampp\htdocs\bp\system\Database\MySQLi\Connection.php(292): mysqli->query('SELECT *\nFROM `...', 0)
#1 D:\xampp\htdocs\bp\system\Database\BaseConnection.php(693): CodeIgniter\Database\MySQLi\Connection->execute('SELECT *\nFROM `...')
#2 D:\xampp\htdocs\bp\system\Database\BaseConnection.php(620): CodeIgniter\Database\BaseConnection->simpleQuery('SELECT *\nFROM `...')
#3 D:\xampp\htdocs\bp\system\Database\BaseBuilder.php(1585): CodeIgniter\Database\BaseConnection->query('SELECT *\nFROM `...', Array, false)
#4 D:\xampp\htdocs\bp\system\Model.php(772): CodeIgniter\Database\BaseBuilder->get()
#5 D:\xampp\htdocs\bp\app\Models\TbbarangModel.php(34): CodeIgniter\Model->__call('get', Array)
#6 D:\xampp\htdocs\bp\app\Controllers\Tbbarang.php(64): App\Models\TbbarangModel->tampilData('', '0', '-1')
#7 D:\xampp\htdocs\bp\system\CodeIgniter.php(904): App\Controllers\Tbbarang->ajaxLoadData()
#8 D:\xampp\htdocs\bp\system\CodeIgniter.php(457): CodeIgniter\CodeIgniter->runController(Object(App\Controllers\Tbbarang))
#9 D:\xampp\htdocs\bp\system\CodeIgniter.php(340): CodeIgniter\CodeIgniter->handleRequest(NULL, Object(Config\Cache), false)
#10 D:\xampp\htdocs\bp\public\index.php(67): CodeIgniter\CodeIgniter->run()
#11 D:\xampp\htdocs\bp\system\Commands\Server\rewrite.php(43): require_once('D:\\xampp\\htdocs...')
#12 {main}
CRITICAL - 2023-02-09 15:48:47 --> You have an error in your SQL syntax; check the manual that corresponds to your MariaDB server version for the right syntax to use near '-1' at line 4
in SYSTEMPATH\Database\MySQLi\Connection.php on line 292.
 1 SYSTEMPATH\Database\MySQLi\Connection.php(292): mysqli->query('SELECT *
FROM `tbbarang`
ORDER BY `kode`
 LIMIT -1', 0)
 2 SYSTEMPATH\Database\BaseConnection.php(693): CodeIgniter\Database\MySQLi\Connection->execute('SELECT *
FROM `tbbarang`
ORDER BY `kode`
 LIMIT -1')
 3 SYSTEMPATH\Database\BaseConnection.php(620): CodeIgniter\Database\BaseConnection->simpleQuery('SELECT *
FROM `tbbarang`
ORDER BY `kode`
 LIMIT -1')
 4 SYSTEMPATH\Database\BaseBuilder.php(1585): CodeIgniter\Database\BaseConnection->query('SELECT *
FROM `tbbarang`
ORDER BY `kode`
 LIMIT -1', [], false)
 5 SYSTEMPATH\Model.php(772): CodeIgniter\Database\BaseBuilder->get()
 6 APPPATH\Models\TbbarangModel.php(34): CodeIgniter\Model->__call('get', [])
 7 APPPATH\Controllers\Tbbarang.php(64): App\Models\TbbarangModel->tampilData('ROOTPATH\\public', '0', '-1')
 8 SYSTEMPATH\CodeIgniter.php(904): App\Controllers\Tbbarang->ajaxLoadData()
 9 SYSTEMPATH\CodeIgniter.php(457): CodeIgniter\CodeIgniter->runController(Object(App\Controllers\Tbbarang))
10 SYSTEMPATH\CodeIgniter.php(340): CodeIgniter\CodeIgniter->handleRequest(null, Object(Config\Cache), false)
11 FCPATH\index.php(67): CodeIgniter\CodeIgniter->run()
12 SYSTEMPATH\Commands\Server\rewrite.php(43): require_once('FCPATH\\index.php')
ERROR - 2023-02-09 15:49:34 --> mysqli_sql_exception: You have an error in your SQL syntax; check the manual that corresponds to your MariaDB server version for the right syntax to use near '-1' at line 4 in D:\xampp\htdocs\bp\system\Database\MySQLi\Connection.php:292
Stack trace:
#0 D:\xampp\htdocs\bp\system\Database\MySQLi\Connection.php(292): mysqli->query('SELECT *\nFROM `...', 0)
#1 D:\xampp\htdocs\bp\system\Database\BaseConnection.php(693): CodeIgniter\Database\MySQLi\Connection->execute('SELECT *\nFROM `...')
#2 D:\xampp\htdocs\bp\system\Database\BaseConnection.php(620): CodeIgniter\Database\BaseConnection->simpleQuery('SELECT *\nFROM `...')
#3 D:\xampp\htdocs\bp\system\Database\BaseBuilder.php(1585): CodeIgniter\Database\BaseConnection->query('SELECT *\nFROM `...', Array, false)
#4 D:\xampp\htdocs\bp\system\Model.php(772): CodeIgniter\Database\BaseBuilder->get()
#5 D:\xampp\htdocs\bp\app\Models\TbbarangModel.php(34): CodeIgniter\Model->__call('get', Array)
#6 D:\xampp\htdocs\bp\app\Controllers\Tbbarang.php(64): App\Models\TbbarangModel->tampilData('', '0', '-1')
#7 D:\xampp\htdocs\bp\system\CodeIgniter.php(904): App\Controllers\Tbbarang->ajaxLoadData()
#8 D:\xampp\htdocs\bp\system\CodeIgniter.php(457): CodeIgniter\CodeIgniter->runController(Object(App\Controllers\Tbbarang))
#9 D:\xampp\htdocs\bp\system\CodeIgniter.php(340): CodeIgniter\CodeIgniter->handleRequest(NULL, Object(Config\Cache), false)
#10 D:\xampp\htdocs\bp\public\index.php(67): CodeIgniter\CodeIgniter->run()
#11 D:\xampp\htdocs\bp\system\Commands\Server\rewrite.php(43): require_once('D:\\xampp\\htdocs...')
#12 {main}
CRITICAL - 2023-02-09 15:49:34 --> You have an error in your SQL syntax; check the manual that corresponds to your MariaDB server version for the right syntax to use near '-1' at line 4
in SYSTEMPATH\Database\MySQLi\Connection.php on line 292.
 1 SYSTEMPATH\Database\MySQLi\Connection.php(292): mysqli->query('SELECT *
FROM `tbbarang`
ORDER BY `kode`
 LIMIT -1', 0)
 2 SYSTEMPATH\Database\BaseConnection.php(693): CodeIgniter\Database\MySQLi\Connection->execute('SELECT *
FROM `tbbarang`
ORDER BY `kode`
 LIMIT -1')
 3 SYSTEMPATH\Database\BaseConnection.php(620): CodeIgniter\Database\BaseConnection->simpleQuery('SELECT *
FROM `tbbarang`
ORDER BY `kode`
 LIMIT -1')
 4 SYSTEMPATH\Database\BaseBuilder.php(1585): CodeIgniter\Database\BaseConnection->query('SELECT *
FROM `tbbarang`
ORDER BY `kode`
 LIMIT -1', [], false)
 5 SYSTEMPATH\Model.php(772): CodeIgniter\Database\BaseBuilder->get()
 6 APPPATH\Models\TbbarangModel.php(34): CodeIgniter\Model->__call('get', [])
 7 APPPATH\Controllers\Tbbarang.php(64): App\Models\TbbarangModel->tampilData('ROOTPATH\\public', '0', '-1')
 8 SYSTEMPATH\CodeIgniter.php(904): App\Controllers\Tbbarang->ajaxLoadData()
 9 SYSTEMPATH\CodeIgniter.php(457): CodeIgniter\CodeIgniter->runController(Object(App\Controllers\Tbbarang))
10 SYSTEMPATH\CodeIgniter.php(340): CodeIgniter\CodeIgniter->handleRequest(null, Object(Config\Cache), false)
11 FCPATH\index.php(67): CodeIgniter\CodeIgniter->run()
12 SYSTEMPATH\Commands\Server\rewrite.php(43): require_once('FCPATH\\index.php')
ERROR - 2023-02-09 15:52:17 --> mysqli_sql_exception: You have an error in your SQL syntax; check the manual that corresponds to your MariaDB server version for the right syntax to use near '-1' at line 4 in D:\xampp\htdocs\bp\system\Database\MySQLi\Connection.php:292
Stack trace:
#0 D:\xampp\htdocs\bp\system\Database\MySQLi\Connection.php(292): mysqli->query('SELECT *\nFROM `...', 0)
#1 D:\xampp\htdocs\bp\system\Database\BaseConnection.php(693): CodeIgniter\Database\MySQLi\Connection->execute('SELECT *\nFROM `...')
#2 D:\xampp\htdocs\bp\system\Database\BaseConnection.php(620): CodeIgniter\Database\BaseConnection->simpleQuery('SELECT *\nFROM `...')
#3 D:\xampp\htdocs\bp\system\Database\BaseBuilder.php(1585): CodeIgniter\Database\BaseConnection->query('SELECT *\nFROM `...', Array, false)
#4 D:\xampp\htdocs\bp\system\Model.php(772): CodeIgniter\Database\BaseBuilder->get()
#5 D:\xampp\htdocs\bp\app\Models\TbbarangModel.php(34): CodeIgniter\Model->__call('get', Array)
#6 D:\xampp\htdocs\bp\app\Controllers\Tbbarang.php(64): App\Models\TbbarangModel->tampilData('', '0', '-1')
#7 D:\xampp\htdocs\bp\system\CodeIgniter.php(904): App\Controllers\Tbbarang->ajaxLoadData()
#8 D:\xampp\htdocs\bp\system\CodeIgniter.php(457): CodeIgniter\CodeIgniter->runController(Object(App\Controllers\Tbbarang))
#9 D:\xampp\htdocs\bp\system\CodeIgniter.php(340): CodeIgniter\CodeIgniter->handleRequest(NULL, Object(Config\Cache), false)
#10 D:\xampp\htdocs\bp\public\index.php(67): CodeIgniter\CodeIgniter->run()
#11 D:\xampp\htdocs\bp\system\Commands\Server\rewrite.php(43): require_once('D:\\xampp\\htdocs...')
#12 {main}
CRITICAL - 2023-02-09 15:52:17 --> You have an error in your SQL syntax; check the manual that corresponds to your MariaDB server version for the right syntax to use near '-1' at line 4
in SYSTEMPATH\Database\MySQLi\Connection.php on line 292.
 1 SYSTEMPATH\Database\MySQLi\Connection.php(292): mysqli->query('SELECT *
FROM `tbbarang`
ORDER BY `kode`
 LIMIT -1', 0)
 2 SYSTEMPATH\Database\BaseConnection.php(693): CodeIgniter\Database\MySQLi\Connection->execute('SELECT *
FROM `tbbarang`
ORDER BY `kode`
 LIMIT -1')
 3 SYSTEMPATH\Database\BaseConnection.php(620): CodeIgniter\Database\BaseConnection->simpleQuery('SELECT *
FROM `tbbarang`
ORDER BY `kode`
 LIMIT -1')
 4 SYSTEMPATH\Database\BaseBuilder.php(1585): CodeIgniter\Database\BaseConnection->query('SELECT *
FROM `tbbarang`
ORDER BY `kode`
 LIMIT -1', [], false)
 5 SYSTEMPATH\Model.php(772): CodeIgniter\Database\BaseBuilder->get()
 6 APPPATH\Models\TbbarangModel.php(34): CodeIgniter\Model->__call('get', [])
 7 APPPATH\Controllers\Tbbarang.php(64): App\Models\TbbarangModel->tampilData('ROOTPATH\\public', '0', '-1')
 8 SYSTEMPATH\CodeIgniter.php(904): App\Controllers\Tbbarang->ajaxLoadData()
 9 SYSTEMPATH\CodeIgniter.php(457): CodeIgniter\CodeIgniter->runController(Object(App\Controllers\Tbbarang))
10 SYSTEMPATH\CodeIgniter.php(340): CodeIgniter\CodeIgniter->handleRequest(null, Object(Config\Cache), false)
11 FCPATH\index.php(67): CodeIgniter\CodeIgniter->run()
12 SYSTEMPATH\Commands\Server\rewrite.php(43): require_once('FCPATH\\index.php')
ERROR - 2023-02-09 15:55:11 --> mysqli_sql_exception: You have an error in your SQL syntax; check the manual that corresponds to your MariaDB server version for the right syntax to use near '-1' at line 4 in D:\xampp\htdocs\bp\system\Database\MySQLi\Connection.php:292
Stack trace:
#0 D:\xampp\htdocs\bp\system\Database\MySQLi\Connection.php(292): mysqli->query('SELECT *\nFROM `...', 0)
#1 D:\xampp\htdocs\bp\system\Database\BaseConnection.php(693): CodeIgniter\Database\MySQLi\Connection->execute('SELECT *\nFROM `...')
#2 D:\xampp\htdocs\bp\system\Database\BaseConnection.php(620): CodeIgniter\Database\BaseConnection->simpleQuery('SELECT *\nFROM `...')
#3 D:\xampp\htdocs\bp\system\Database\BaseBuilder.php(1585): CodeIgniter\Database\BaseConnection->query('SELECT *\nFROM `...', Array, false)
#4 D:\xampp\htdocs\bp\system\Model.php(772): CodeIgniter\Database\BaseBuilder->get()
#5 D:\xampp\htdocs\bp\app\Models\TbbarangModel.php(34): CodeIgniter\Model->__call('get', Array)
#6 D:\xampp\htdocs\bp\app\Controllers\Tbbarang.php(64): App\Models\TbbarangModel->tampilData('', '0', '-1')
#7 D:\xampp\htdocs\bp\system\CodeIgniter.php(904): App\Controllers\Tbbarang->ajaxLoadData()
#8 D:\xampp\htdocs\bp\system\CodeIgniter.php(457): CodeIgniter\CodeIgniter->runController(Object(App\Controllers\Tbbarang))
#9 D:\xampp\htdocs\bp\system\CodeIgniter.php(340): CodeIgniter\CodeIgniter->handleRequest(NULL, Object(Config\Cache), false)
#10 D:\xampp\htdocs\bp\public\index.php(67): CodeIgniter\CodeIgniter->run()
#11 D:\xampp\htdocs\bp\system\Commands\Server\rewrite.php(43): require_once('D:\\xampp\\htdocs...')
#12 {main}
CRITICAL - 2023-02-09 15:55:11 --> You have an error in your SQL syntax; check the manual that corresponds to your MariaDB server version for the right syntax to use near '-1' at line 4
in SYSTEMPATH\Database\MySQLi\Connection.php on line 292.
 1 SYSTEMPATH\Database\MySQLi\Connection.php(292): mysqli->query('SELECT *
FROM `tbbarang`
ORDER BY `kode`
 LIMIT -1', 0)
 2 SYSTEMPATH\Database\BaseConnection.php(693): CodeIgniter\Database\MySQLi\Connection->execute('SELECT *
FROM `tbbarang`
ORDER BY `kode`
 LIMIT -1')
 3 SYSTEMPATH\Database\BaseConnection.php(620): CodeIgniter\Database\BaseConnection->simpleQuery('SELECT *
FROM `tbbarang`
ORDER BY `kode`
 LIMIT -1')
 4 SYSTEMPATH\Database\BaseBuilder.php(1585): CodeIgniter\Database\BaseConnection->query('SELECT *
FROM `tbbarang`
ORDER BY `kode`
 LIMIT -1', [], false)
 5 SYSTEMPATH\Model.php(772): CodeIgniter\Database\BaseBuilder->get()
 6 APPPATH\Models\TbbarangModel.php(34): CodeIgniter\Model->__call('get', [])
 7 APPPATH\Controllers\Tbbarang.php(64): App\Models\TbbarangModel->tampilData('ROOTPATH\\public', '0', '-1')
 8 SYSTEMPATH\CodeIgniter.php(904): App\Controllers\Tbbarang->ajaxLoadData()
 9 SYSTEMPATH\CodeIgniter.php(457): CodeIgniter\CodeIgniter->runController(Object(App\Controllers\Tbbarang))
10 SYSTEMPATH\CodeIgniter.php(340): CodeIgniter\CodeIgniter->handleRequest(null, Object(Config\Cache), false)
11 FCPATH\index.php(67): CodeIgniter\CodeIgniter->run()
12 SYSTEMPATH\Commands\Server\rewrite.php(43): require_once('FCPATH\\index.php')
ERROR - 2023-02-09 15:57:40 --> mysqli_sql_exception: You have an error in your SQL syntax; check the manual that corresponds to your MariaDB server version for the right syntax to use near '-1' at line 4 in D:\xampp\htdocs\bp\system\Database\MySQLi\Connection.php:292
Stack trace:
#0 D:\xampp\htdocs\bp\system\Database\MySQLi\Connection.php(292): mysqli->query('SELECT *\nFROM `...', 0)
#1 D:\xampp\htdocs\bp\system\Database\BaseConnection.php(693): CodeIgniter\Database\MySQLi\Connection->execute('SELECT *\nFROM `...')
#2 D:\xampp\htdocs\bp\system\Database\BaseConnection.php(620): CodeIgniter\Database\BaseConnection->simpleQuery('SELECT *\nFROM `...')
#3 D:\xampp\htdocs\bp\system\Database\BaseBuilder.php(1585): CodeIgniter\Database\BaseConnection->query('SELECT *\nFROM `...', Array, false)
#4 D:\xampp\htdocs\bp\system\Model.php(772): CodeIgniter\Database\BaseBuilder->get()
#5 D:\xampp\htdocs\bp\app\Models\TbbarangModel.php(34): CodeIgniter\Model->__call('get', Array)
#6 D:\xampp\htdocs\bp\app\Controllers\Tbbarang.php(64): App\Models\TbbarangModel->tampilData('', '0', '-1')
#7 D:\xampp\htdocs\bp\system\CodeIgniter.php(904): App\Controllers\Tbbarang->ajaxLoadData()
#8 D:\xampp\htdocs\bp\system\CodeIgniter.php(457): CodeIgniter\CodeIgniter->runController(Object(App\Controllers\Tbbarang))
#9 D:\xampp\htdocs\bp\system\CodeIgniter.php(340): CodeIgniter\CodeIgniter->handleRequest(NULL, Object(Config\Cache), false)
#10 D:\xampp\htdocs\bp\public\index.php(67): CodeIgniter\CodeIgniter->run()
#11 D:\xampp\htdocs\bp\system\Commands\Server\rewrite.php(43): require_once('D:\\xampp\\htdocs...')
#12 {main}
CRITICAL - 2023-02-09 15:57:40 --> You have an error in your SQL syntax; check the manual that corresponds to your MariaDB server version for the right syntax to use near '-1' at line 4
in SYSTEMPATH\Database\MySQLi\Connection.php on line 292.
 1 SYSTEMPATH\Database\MySQLi\Connection.php(292): mysqli->query('SELECT *
FROM `tbbarang`
ORDER BY `kode`
 LIMIT -1', 0)
 2 SYSTEMPATH\Database\BaseConnection.php(693): CodeIgniter\Database\MySQLi\Connection->execute('SELECT *
FROM `tbbarang`
ORDER BY `kode`
 LIMIT -1')
 3 SYSTEMPATH\Database\BaseConnection.php(620): CodeIgniter\Database\BaseConnection->simpleQuery('SELECT *
FROM `tbbarang`
ORDER BY `kode`
 LIMIT -1')
 4 SYSTEMPATH\Database\BaseBuilder.php(1585): CodeIgniter\Database\BaseConnection->query('SELECT *
FROM `tbbarang`
ORDER BY `kode`
 LIMIT -1', [], false)
 5 SYSTEMPATH\Model.php(772): CodeIgniter\Database\BaseBuilder->get()
 6 APPPATH\Models\TbbarangModel.php(34): CodeIgniter\Model->__call('get', [])
 7 APPPATH\Controllers\Tbbarang.php(64): App\Models\TbbarangModel->tampilData('ROOTPATH\\public', '0', '-1')
 8 SYSTEMPATH\CodeIgniter.php(904): App\Controllers\Tbbarang->ajaxLoadData()
 9 SYSTEMPATH\CodeIgniter.php(457): CodeIgniter\CodeIgniter->runController(Object(App\Controllers\Tbbarang))
10 SYSTEMPATH\CodeIgniter.php(340): CodeIgniter\CodeIgniter->handleRequest(null, Object(Config\Cache), false)
11 FCPATH\index.php(67): CodeIgniter\CodeIgniter->run()
12 SYSTEMPATH\Commands\Server\rewrite.php(43): require_once('FCPATH\\index.php')
ERROR - 2023-02-09 15:57:52 --> mysqli_sql_exception: You have an error in your SQL syntax; check the manual that corresponds to your MariaDB server version for the right syntax to use near '-1' at line 4 in D:\xampp\htdocs\bp\system\Database\MySQLi\Connection.php:292
Stack trace:
#0 D:\xampp\htdocs\bp\system\Database\MySQLi\Connection.php(292): mysqli->query('SELECT *\nFROM `...', 0)
#1 D:\xampp\htdocs\bp\system\Database\BaseConnection.php(693): CodeIgniter\Database\MySQLi\Connection->execute('SELECT *\nFROM `...')
#2 D:\xampp\htdocs\bp\system\Database\BaseConnection.php(620): CodeIgniter\Database\BaseConnection->simpleQuery('SELECT *\nFROM `...')
#3 D:\xampp\htdocs\bp\system\Database\BaseBuilder.php(1585): CodeIgniter\Database\BaseConnection->query('SELECT *\nFROM `...', Array, false)
#4 D:\xampp\htdocs\bp\system\Model.php(772): CodeIgniter\Database\BaseBuilder->get()
#5 D:\xampp\htdocs\bp\app\Models\TbbarangModel.php(34): CodeIgniter\Model->__call('get', Array)
#6 D:\xampp\htdocs\bp\app\Controllers\Tbbarang.php(64): App\Models\TbbarangModel->tampilData('', '0', '-1')
#7 D:\xampp\htdocs\bp\system\CodeIgniter.php(904): App\Controllers\Tbbarang->ajaxLoadData()
#8 D:\xampp\htdocs\bp\system\CodeIgniter.php(457): CodeIgniter\CodeIgniter->runController(Object(App\Controllers\Tbbarang))
#9 D:\xampp\htdocs\bp\system\CodeIgniter.php(340): CodeIgniter\CodeIgniter->handleRequest(NULL, Object(Config\Cache), false)
#10 D:\xampp\htdocs\bp\public\index.php(67): CodeIgniter\CodeIgniter->run()
#11 D:\xampp\htdocs\bp\system\Commands\Server\rewrite.php(43): require_once('D:\\xampp\\htdocs...')
#12 {main}
CRITICAL - 2023-02-09 15:57:52 --> You have an error in your SQL syntax; check the manual that corresponds to your MariaDB server version for the right syntax to use near '-1' at line 4
in SYSTEMPATH\Database\MySQLi\Connection.php on line 292.
 1 SYSTEMPATH\Database\MySQLi\Connection.php(292): mysqli->query('SELECT *
FROM `tbbarang`
ORDER BY `kode`
 LIMIT -1', 0)
 2 SYSTEMPATH\Database\BaseConnection.php(693): CodeIgniter\Database\MySQLi\Connection->execute('SELECT *
FROM `tbbarang`
ORDER BY `kode`
 LIMIT -1')
 3 SYSTEMPATH\Database\BaseConnection.php(620): CodeIgniter\Database\BaseConnection->simpleQuery('SELECT *
FROM `tbbarang`
ORDER BY `kode`
 LIMIT -1')
 4 SYSTEMPATH\Database\BaseBuilder.php(1585): CodeIgniter\Database\BaseConnection->query('SELECT *
FROM `tbbarang`
ORDER BY `kode`
 LIMIT -1', [], false)
 5 SYSTEMPATH\Model.php(772): CodeIgniter\Database\BaseBuilder->get()
 6 APPPATH\Models\TbbarangModel.php(34): CodeIgniter\Model->__call('get', [])
 7 APPPATH\Controllers\Tbbarang.php(64): App\Models\TbbarangModel->tampilData('ROOTPATH\\public', '0', '-1')
 8 SYSTEMPATH\CodeIgniter.php(904): App\Controllers\Tbbarang->ajaxLoadData()
 9 SYSTEMPATH\CodeIgniter.php(457): CodeIgniter\CodeIgniter->runController(Object(App\Controllers\Tbbarang))
10 SYSTEMPATH\CodeIgniter.php(340): CodeIgniter\CodeIgniter->handleRequest(null, Object(Config\Cache), false)
11 FCPATH\index.php(67): CodeIgniter\CodeIgniter->run()
12 SYSTEMPATH\Commands\Server\rewrite.php(43): require_once('FCPATH\\index.php')
ERROR - 2023-02-09 15:58:06 --> mysqli_sql_exception: You have an error in your SQL syntax; check the manual that corresponds to your MariaDB server version for the right syntax to use near '-1' at line 4 in D:\xampp\htdocs\bp\system\Database\MySQLi\Connection.php:292
Stack trace:
#0 D:\xampp\htdocs\bp\system\Database\MySQLi\Connection.php(292): mysqli->query('SELECT *\nFROM `...', 0)
#1 D:\xampp\htdocs\bp\system\Database\BaseConnection.php(693): CodeIgniter\Database\MySQLi\Connection->execute('SELECT *\nFROM `...')
#2 D:\xampp\htdocs\bp\system\Database\BaseConnection.php(620): CodeIgniter\Database\BaseConnection->simpleQuery('SELECT *\nFROM `...')
#3 D:\xampp\htdocs\bp\system\Database\BaseBuilder.php(1585): CodeIgniter\Database\BaseConnection->query('SELECT *\nFROM `...', Array, false)
#4 D:\xampp\htdocs\bp\system\Model.php(772): CodeIgniter\Database\BaseBuilder->get()
#5 D:\xampp\htdocs\bp\app\Models\TbbarangModel.php(34): CodeIgniter\Model->__call('get', Array)
#6 D:\xampp\htdocs\bp\app\Controllers\Tbbarang.php(64): App\Models\TbbarangModel->tampilData('', '0', '-1')
#7 D:\xampp\htdocs\bp\system\CodeIgniter.php(904): App\Controllers\Tbbarang->ajaxLoadData()
#8 D:\xampp\htdocs\bp\system\CodeIgniter.php(457): CodeIgniter\CodeIgniter->runController(Object(App\Controllers\Tbbarang))
#9 D:\xampp\htdocs\bp\system\CodeIgniter.php(340): CodeIgniter\CodeIgniter->handleRequest(NULL, Object(Config\Cache), false)
#10 D:\xampp\htdocs\bp\public\index.php(67): CodeIgniter\CodeIgniter->run()
#11 D:\xampp\htdocs\bp\system\Commands\Server\rewrite.php(43): require_once('D:\\xampp\\htdocs...')
#12 {main}
CRITICAL - 2023-02-09 15:58:06 --> You have an error in your SQL syntax; check the manual that corresponds to your MariaDB server version for the right syntax to use near '-1' at line 4
in SYSTEMPATH\Database\MySQLi\Connection.php on line 292.
 1 SYSTEMPATH\Database\MySQLi\Connection.php(292): mysqli->query('SELECT *
FROM `tbbarang`
ORDER BY `kode`
 LIMIT -1', 0)
 2 SYSTEMPATH\Database\BaseConnection.php(693): CodeIgniter\Database\MySQLi\Connection->execute('SELECT *
FROM `tbbarang`
ORDER BY `kode`
 LIMIT -1')
 3 SYSTEMPATH\Database\BaseConnection.php(620): CodeIgniter\Database\BaseConnection->simpleQuery('SELECT *
FROM `tbbarang`
ORDER BY `kode`
 LIMIT -1')
 4 SYSTEMPATH\Database\BaseBuilder.php(1585): CodeIgniter\Database\BaseConnection->query('SELECT *
FROM `tbbarang`
ORDER BY `kode`
 LIMIT -1', [], false)
 5 SYSTEMPATH\Model.php(772): CodeIgniter\Database\BaseBuilder->get()
 6 APPPATH\Models\TbbarangModel.php(34): CodeIgniter\Model->__call('get', [])
 7 APPPATH\Controllers\Tbbarang.php(64): App\Models\TbbarangModel->tampilData('ROOTPATH\\public', '0', '-1')
 8 SYSTEMPATH\CodeIgniter.php(904): App\Controllers\Tbbarang->ajaxLoadData()
 9 SYSTEMPATH\CodeIgniter.php(457): CodeIgniter\CodeIgniter->runController(Object(App\Controllers\Tbbarang))
10 SYSTEMPATH\CodeIgniter.php(340): CodeIgniter\CodeIgniter->handleRequest(null, Object(Config\Cache), false)
11 FCPATH\index.php(67): CodeIgniter\CodeIgniter->run()
12 SYSTEMPATH\Commands\Server\rewrite.php(43): require_once('FCPATH\\index.php')
ERROR - 2023-02-09 16:02:21 --> mysqli_sql_exception: You have an error in your SQL syntax; check the manual that corresponds to your MariaDB server version for the right syntax to use near '-1' at line 4 in D:\xampp\htdocs\bp\system\Database\MySQLi\Connection.php:292
Stack trace:
#0 D:\xampp\htdocs\bp\system\Database\MySQLi\Connection.php(292): mysqli->query('SELECT *\nFROM `...', 0)
#1 D:\xampp\htdocs\bp\system\Database\BaseConnection.php(693): CodeIgniter\Database\MySQLi\Connection->execute('SELECT *\nFROM `...')
#2 D:\xampp\htdocs\bp\system\Database\BaseConnection.php(620): CodeIgniter\Database\BaseConnection->simpleQuery('SELECT *\nFROM `...')
#3 D:\xampp\htdocs\bp\system\Database\BaseBuilder.php(1585): CodeIgniter\Database\BaseConnection->query('SELECT *\nFROM `...', Array, false)
#4 D:\xampp\htdocs\bp\system\Model.php(772): CodeIgniter\Database\BaseBuilder->get()
#5 D:\xampp\htdocs\bp\app\Models\TbbarangModel.php(34): CodeIgniter\Model->__call('get', Array)
#6 D:\xampp\htdocs\bp\app\Controllers\Tbbarang.php(64): App\Models\TbbarangModel->tampilData('', '0', '-1')
#7 D:\xampp\htdocs\bp\system\CodeIgniter.php(904): App\Controllers\Tbbarang->ajaxLoadData()
#8 D:\xampp\htdocs\bp\system\CodeIgniter.php(457): CodeIgniter\CodeIgniter->runController(Object(App\Controllers\Tbbarang))
#9 D:\xampp\htdocs\bp\system\CodeIgniter.php(340): CodeIgniter\CodeIgniter->handleRequest(NULL, Object(Config\Cache), false)
#10 D:\xampp\htdocs\bp\public\index.php(67): CodeIgniter\CodeIgniter->run()
#11 D:\xampp\htdocs\bp\system\Commands\Server\rewrite.php(43): require_once('D:\\xampp\\htdocs...')
#12 {main}
CRITICAL - 2023-02-09 16:02:21 --> You have an error in your SQL syntax; check the manual that corresponds to your MariaDB server version for the right syntax to use near '-1' at line 4
in SYSTEMPATH\Database\MySQLi\Connection.php on line 292.
 1 SYSTEMPATH\Database\MySQLi\Connection.php(292): mysqli->query('SELECT *
FROM `tbbarang`
ORDER BY `kode`
 LIMIT -1', 0)
 2 SYSTEMPATH\Database\BaseConnection.php(693): CodeIgniter\Database\MySQLi\Connection->execute('SELECT *
FROM `tbbarang`
ORDER BY `kode`
 LIMIT -1')
 3 SYSTEMPATH\Database\BaseConnection.php(620): CodeIgniter\Database\BaseConnection->simpleQuery('SELECT *
FROM `tbbarang`
ORDER BY `kode`
 LIMIT -1')
 4 SYSTEMPATH\Database\BaseBuilder.php(1585): CodeIgniter\Database\BaseConnection->query('SELECT *
FROM `tbbarang`
ORDER BY `kode`
 LIMIT -1', [], false)
 5 SYSTEMPATH\Model.php(772): CodeIgniter\Database\BaseBuilder->get()
 6 APPPATH\Models\TbbarangModel.php(34): CodeIgniter\Model->__call('get', [])
 7 APPPATH\Controllers\Tbbarang.php(64): App\Models\TbbarangModel->tampilData('ROOTPATH\\public', '0', '-1')
 8 SYSTEMPATH\CodeIgniter.php(904): App\Controllers\Tbbarang->ajaxLoadData()
 9 SYSTEMPATH\CodeIgniter.php(457): CodeIgniter\CodeIgniter->runController(Object(App\Controllers\Tbbarang))
10 SYSTEMPATH\CodeIgniter.php(340): CodeIgniter\CodeIgniter->handleRequest(null, Object(Config\Cache), false)
11 FCPATH\index.php(67): CodeIgniter\CodeIgniter->run()
12 SYSTEMPATH\Commands\Server\rewrite.php(43): require_once('FCPATH\\index.php')
