ERROR - 2022-10-21 11:05:20 --> mysqli_sql_exception: Table 'ci4.tbuser' doesn't exist in D:\xampp\htdocs\ci4sbadmin704\system\Database\MySQLi\Connection.php:292
Stack trace:
#0 D:\xampp\htdocs\ci4sbadmin704\system\Database\MySQLi\Connection.php(292): mysqli->query('SELECT 1\nFROM `...', 0)
#1 D:\xampp\htdocs\ci4sbadmin704\system\Database\BaseConnection.php(693): CodeIgniter\Database\MySQLi\Connection->execute('SELECT 1\nFROM `...')
#2 D:\xampp\htdocs\ci4sbadmin704\system\Database\BaseConnection.php(620): CodeIgniter\Database\BaseConnection->simpleQuery('SELECT 1\nFROM `...')
#3 D:\xampp\htdocs\ci4sbadmin704\system\Database\BaseBuilder.php(1585): CodeIgniter\Database\BaseConnection->query('SELECT 1\nFROM `...', Array, false)
#4 D:\xampp\htdocs\ci4sbadmin704\system\Validation\Rules.php(142): CodeIgniter\Database\BaseBuilder->get()
#5 D:\xampp\htdocs\ci4sbadmin704\system\Validation\Validation.php(315): CodeIgniter\Validation\Rules->is_unique('murod1@honda-au...', 'email', Array, NULL)
#6 D:\xampp\htdocs\ci4sbadmin704\system\Validation\Validation.php(175): CodeIgniter\Validation\Validation->processRules('email', 'email', 'murod1@honda-au...', Array, Array)
#7 D:\xampp\htdocs\ci4sbadmin704\system\Controller.php(140): CodeIgniter\Validation\Validation->run()
#8 D:\xampp\htdocs\ci4sbadmin704\app\Controllers\Tbuser.php(129): CodeIgniter\Controller->validate(Array)
#9 D:\xampp\htdocs\ci4sbadmin704\system\CodeIgniter.php(904): App\Controllers\Tbuser->simpandata()
#10 D:\xampp\htdocs\ci4sbadmin704\system\CodeIgniter.php(457): CodeIgniter\CodeIgniter->runController(Object(App\Controllers\Tbuser))
#11 D:\xampp\htdocs\ci4sbadmin704\system\CodeIgniter.php(340): CodeIgniter\CodeIgniter->handleRequest(NULL, Object(Config\Cache), false)
#12 D:\xampp\htdocs\ci4sbadmin704\public\index.php(67): CodeIgniter\CodeIgniter->run()
#13 D:\xampp\htdocs\ci4sbadmin704\system\Commands\Server\rewrite.php(43): require_once('D:\\xampp\\htdocs...')
#14 {main}
CRITICAL - 2022-10-21 11:05:20 --> Table 'ci4.tbuser' doesn't exist
in SYSTEMPATH\Database\MySQLi\Connection.php on line 292.
 1 SYSTEMPATH\Database\MySQLi\Connection.php(292): mysqli->query('SELECT 1
FROM `tbuser`
WHERE `email` = \'murod1@honda-autoland.com\'
 LIMIT 1', 0)
 2 SYSTEMPATH\Database\BaseConnection.php(693): CodeIgniter\Database\MySQLi\Connection->execute('SELECT 1
FROM `tbuser`
WHERE `email` = \'murod1@honda-autoland.com\'
 LIMIT 1')
 3 SYSTEMPATH\Database\BaseConnection.php(620): CodeIgniter\Database\BaseConnection->simpleQuery('SELECT 1
FROM `tbuser`
WHERE `email` = \'murod1@honda-autoland.com\'
 LIMIT 1')
 4 SYSTEMPATH\Database\BaseBuilder.php(1585): CodeIgniter\Database\BaseConnection->query('SELECT 1
FROM `tbuser`
WHERE `email` = :email:
 LIMIT 1', [...], false)
 5 SYSTEMPATH\Validation\Rules.php(142): CodeIgniter\Database\BaseBuilder->get()
 6 SYSTEMPATH\Validation\Validation.php(315): CodeIgniter\Validation\Rules->is_unique('murod1@honda-autoland.com', 'email', [...], null)
 7 SYSTEMPATH\Validation\Validation.php(175): CodeIgniter\Validation\Validation->processRules('email', 'email', 'murod1@honda-autoland.com', [...], [...])
 8 SYSTEMPATH\Controller.php(140): CodeIgniter\Validation\Validation->run()
 9 APPPATH\Controllers\Tbuser.php(129): CodeIgniter\Controller->validate([...])
10 SYSTEMPATH\CodeIgniter.php(904): App\Controllers\Tbuser->simpandata()
11 SYSTEMPATH\CodeIgniter.php(457): CodeIgniter\CodeIgniter->runController(Object(App\Controllers\Tbuser))
12 SYSTEMPATH\CodeIgniter.php(340): CodeIgniter\CodeIgniter->handleRequest(null, Object(Config\Cache), false)
13 FCPATH\index.php(67): CodeIgniter\CodeIgniter->run()
14 SYSTEMPATH\Commands\Server\rewrite.php(43): require_once('FCPATH\\index.php')
CRITICAL - 2022-10-21 11:12:55 --> Undefined array key "nurut"
in APPPATH\Controllers\Tbuser.php on line 176.
 1 APPPATH\Controllers\Tbuser.php(176): CodeIgniter\Debug\Exceptions->errorHandler(2, 'Undefined array key "nurut"', 'APPPATH\\Controllers\\Tbuser.php', 176)
 2 SYSTEMPATH\CodeIgniter.php(904): App\Controllers\Tbuser->formedit()
 3 SYSTEMPATH\CodeIgniter.php(457): CodeIgniter\CodeIgniter->runController(Object(App\Controllers\Tbuser))
 4 SYSTEMPATH\CodeIgniter.php(340): CodeIgniter\CodeIgniter->handleRequest(null, Object(Config\Cache), false)
 5 FCPATH\index.php(67): CodeIgniter\CodeIgniter->run()
 6 SYSTEMPATH\Commands\Server\rewrite.php(43): require_once('FCPATH\\index.php')
CRITICAL - 2022-10-21 14:28:00 --> Undefined array key "nurut"
in APPPATH\Controllers\Tbuser.php on line 231.
 1 APPPATH\Controllers\Tbuser.php(231): CodeIgniter\Debug\Exceptions->errorHandler(2, 'Undefined array key "nurut"', 'APPPATH\\Controllers\\Tbuser.php', 231)
 2 SYSTEMPATH\CodeIgniter.php(904): App\Controllers\Tbuser->formedit()
 3 SYSTEMPATH\CodeIgniter.php(457): CodeIgniter\CodeIgniter->runController(Object(App\Controllers\Tbuser))
 4 SYSTEMPATH\CodeIgniter.php(340): CodeIgniter\CodeIgniter->handleRequest(null, Object(Config\Cache), false)
 5 FCPATH\index.php(67): CodeIgniter\CodeIgniter->run()
 6 SYSTEMPATH\Commands\Server\rewrite.php(43): require_once('FCPATH\\index.php')
CRITICAL - 2022-10-21 14:29:40 --> Undefined array key "nurut"
in APPPATH\Controllers\Tbuser.php on line 231.
 1 APPPATH\Controllers\Tbuser.php(231): CodeIgniter\Debug\Exceptions->errorHandler(2, 'Undefined array key "nurut"', 'APPPATH\\Controllers\\Tbuser.php', 231)
 2 SYSTEMPATH\CodeIgniter.php(904): App\Controllers\Tbuser->formedit()
 3 SYSTEMPATH\CodeIgniter.php(457): CodeIgniter\CodeIgniter->runController(Object(App\Controllers\Tbuser))
 4 SYSTEMPATH\CodeIgniter.php(340): CodeIgniter\CodeIgniter->handleRequest(null, Object(Config\Cache), false)
 5 FCPATH\index.php(67): CodeIgniter\CodeIgniter->run()
 6 SYSTEMPATH\Commands\Server\rewrite.php(43): require_once('FCPATH\\index.php')
CRITICAL - 2022-10-21 15:26:45 --> Undefined array key "id"
in APPPATH\Views\user\rubah_password.php on line 34.
 1 APPPATH\Views\user\rubah_password.php(34): CodeIgniter\Debug\Exceptions->errorHandler(2, 'Undefined array key "id"', 'APPPATH\\Views\\user\\rubah_password.php', 34)
 2 SYSTEMPATH\View\View.php(213): include('APPPATH\\Views\\user\\rubah_password.php')
 3 SYSTEMPATH\View\View.php(216): CodeIgniter\View\View->CodeIgniter\View\{closure}()
 4 SYSTEMPATH\Common.php(1142): CodeIgniter\View\View->render('/user/rubah_password', [], true)
 5 APPPATH\Controllers\Rubah_password.php(29): view('/user/rubah_password', [...])
 6 SYSTEMPATH\CodeIgniter.php(904): App\Controllers\Rubah_password->index()
 7 SYSTEMPATH\CodeIgniter.php(457): CodeIgniter\CodeIgniter->runController(Object(App\Controllers\Rubah_password))
 8 SYSTEMPATH\CodeIgniter.php(340): CodeIgniter\CodeIgniter->handleRequest(null, Object(Config\Cache), false)
 9 FCPATH\index.php(67): CodeIgniter\CodeIgniter->run()
10 SYSTEMPATH\Commands\Server\rewrite.php(43): require_once('FCPATH\\index.php')
CRITICAL - 2022-10-21 15:27:05 --> Undefined array key "id"
in APPPATH\Views\user\rubah_password.php on line 34.
 1 APPPATH\Views\user\rubah_password.php(34): CodeIgniter\Debug\Exceptions->errorHandler(2, 'Undefined array key "id"', 'APPPATH\\Views\\user\\rubah_password.php', 34)
 2 SYSTEMPATH\View\View.php(213): include('APPPATH\\Views\\user\\rubah_password.php')
 3 SYSTEMPATH\View\View.php(216): CodeIgniter\View\View->CodeIgniter\View\{closure}()
 4 SYSTEMPATH\Common.php(1142): CodeIgniter\View\View->render('/user/rubah_password', [], true)
 5 APPPATH\Controllers\Rubah_password.php(29): view('/user/rubah_password', [...])
 6 SYSTEMPATH\CodeIgniter.php(904): App\Controllers\Rubah_password->index()
 7 SYSTEMPATH\CodeIgniter.php(457): CodeIgniter\CodeIgniter->runController(Object(App\Controllers\Rubah_password))
 8 SYSTEMPATH\CodeIgniter.php(340): CodeIgniter\CodeIgniter->handleRequest(null, Object(Config\Cache), false)
 9 FCPATH\index.php(67): CodeIgniter\CodeIgniter->run()
10 SYSTEMPATH\Commands\Server\rewrite.php(43): require_once('FCPATH\\index.php')
CRITICAL - 2022-10-21 15:53:07 --> Undefined array key "nurut"
in APPPATH\Controllers\Tbuser.php on line 77.
 1 APPPATH\Controllers\Tbuser.php(77): CodeIgniter\Debug\Exceptions->errorHandler(2, 'Undefined array key "nurut"', 'APPPATH\\Controllers\\Tbuser.php', 77)
 2 SYSTEMPATH\CodeIgniter.php(904): App\Controllers\Tbuser->formdetail()
 3 SYSTEMPATH\CodeIgniter.php(457): CodeIgniter\CodeIgniter->runController(Object(App\Controllers\Tbuser))
 4 SYSTEMPATH\CodeIgniter.php(340): CodeIgniter\CodeIgniter->handleRequest(null, Object(Config\Cache), false)
 5 FCPATH\index.php(67): CodeIgniter\CodeIgniter->run()
 6 SYSTEMPATH\Commands\Server\rewrite.php(43): require_once('FCPATH\\index.php')
CRITICAL - 2022-10-21 15:56:05 --> Undefined array key "nurut"
in APPPATH\Controllers\Tbuser.php on line 77.
 1 APPPATH\Controllers\Tbuser.php(77): CodeIgniter\Debug\Exceptions->errorHandler(2, 'Undefined array key "nurut"', 'APPPATH\\Controllers\\Tbuser.php', 77)
 2 SYSTEMPATH\CodeIgniter.php(904): App\Controllers\Tbuser->formdetail()
 3 SYSTEMPATH\CodeIgniter.php(457): CodeIgniter\CodeIgniter->runController(Object(App\Controllers\Tbuser))
 4 SYSTEMPATH\CodeIgniter.php(340): CodeIgniter\CodeIgniter->handleRequest(null, Object(Config\Cache), false)
 5 FCPATH\index.php(67): CodeIgniter\CodeIgniter->run()
 6 SYSTEMPATH\Commands\Server\rewrite.php(43): require_once('FCPATH\\index.php')
CRITICAL - 2022-10-21 15:56:56 --> Undefined variable $password
in APPPATH\Views\tbuser\modaldetail.php on line 12.
 1 APPPATH\Views\tbuser\modaldetail.php(12): CodeIgniter\Debug\Exceptions->errorHandler(2, 'Undefined variable $password', 'APPPATH\\Views\\tbuser\\modaldetail.php', 12)
 2 SYSTEMPATH\View\View.php(213): include('APPPATH\\Views\\tbuser\\modaldetail.php')
 3 SYSTEMPATH\View\View.php(216): CodeIgniter\View\View->CodeIgniter\View\{closure}()
 4 SYSTEMPATH\Common.php(1142): CodeIgniter\View\View->render('tbuser/modaldetail', [], true)
 5 APPPATH\Controllers\Tbuser.php(84): view('tbuser/modaldetail', [...])
 6 SYSTEMPATH\CodeIgniter.php(904): App\Controllers\Tbuser->formdetail()
 7 SYSTEMPATH\CodeIgniter.php(457): CodeIgniter\CodeIgniter->runController(Object(App\Controllers\Tbuser))
 8 SYSTEMPATH\CodeIgniter.php(340): CodeIgniter\CodeIgniter->handleRequest(null, Object(Config\Cache), false)
 9 FCPATH\index.php(67): CodeIgniter\CodeIgniter->run()
10 SYSTEMPATH\Commands\Server\rewrite.php(43): require_once('FCPATH\\index.php')
CRITICAL - 2022-10-21 16:42:22 -->  is not a valid rule.
in SYSTEMPATH\Validation\Validation.php on line 323.
 1 SYSTEMPATH\Validation\Validation.php(323): CodeIgniter\Validation\Exceptions\ValidationException::forRuleNotFound('ROOTPATH\\public')
 2 SYSTEMPATH\Validation\Validation.php(175): CodeIgniter\Validation\Validation->processRules('password', 'password', 'ROOTPATH\\public', [...], [...])
 3 SYSTEMPATH\Controller.php(140): CodeIgniter\Validation\Validation->run()
 4 APPPATH\Controllers\Tbuser.php(235): CodeIgniter\Controller->validate([...])
 5 SYSTEMPATH\CodeIgniter.php(904): App\Controllers\Tbuser->updatedata()
 6 SYSTEMPATH\CodeIgniter.php(457): CodeIgniter\CodeIgniter->runController(Object(App\Controllers\Tbuser))
 7 SYSTEMPATH\CodeIgniter.php(340): CodeIgniter\CodeIgniter->handleRequest(null, Object(Config\Cache), false)
 8 FCPATH\index.php(67): CodeIgniter\CodeIgniter->run()
 9 SYSTEMPATH\Commands\Server\rewrite.php(43): require_once('FCPATH\\index.php')
