CRITICAL - 2023-05-24 13:58:25 --> Trying to access array offset on value of type null
in APPPATH\Views\estimasi\cetakestimasi.php on line 49.
 1 APPPATH\Views\estimasi\cetakestimasi.php(49): CodeIgniter\Debug\Exceptions->errorHandler(2, 'Trying to access array offset on value of type null', 'APPPATH\\Views\\estimasi\\cetakestimasi.php', 49)
 2 SYSTEMPATH\View\View.php(213): include('APPPATH\\Views\\estimasi\\cetakestimasi.php')
 3 SYSTEMPATH\View\View.php(216): CodeIgniter\View\View->CodeIgniter\View\{closure}()
 4 SYSTEMPATH\Common.php(1142): CodeIgniter\View\View->render('estimasi/cetakestimasi', [], true)
 5 APPPATH\Controllers\Estimasi.php(637): view('estimasi/cetakestimasi', [...])
 6 SYSTEMPATH\CodeIgniter.php(904): App\Controllers\Estimasi->cetakestimasi('266')
 7 SYSTEMPATH\CodeIgniter.php(457): CodeIgniter\CodeIgniter->runController(Object(App\Controllers\Estimasi))
 8 SYSTEMPATH\CodeIgniter.php(340): CodeIgniter\CodeIgniter->handleRequest(null, Object(Config\Cache), false)
 9 FCPATH\index.php(67): CodeIgniter\CodeIgniter->run()
10 SYSTEMPATH\Commands\Server\rewrite.php(43): require_once('FCPATH\\index.php')
CRITICAL - 2023-05-24 13:59:07 --> Trying to access array offset on value of type null
in APPPATH\Views\estimasi\cetakestimasi.php on line 49.
 1 APPPATH\Views\estimasi\cetakestimasi.php(49): CodeIgniter\Debug\Exceptions->errorHandler(2, 'Trying to access array offset on value of type null', 'APPPATH\\Views\\estimasi\\cetakestimasi.php', 49)
 2 SYSTEMPATH\View\View.php(213): include('APPPATH\\Views\\estimasi\\cetakestimasi.php')
 3 SYSTEMPATH\View\View.php(216): CodeIgniter\View\View->CodeIgniter\View\{closure}()
 4 SYSTEMPATH\Common.php(1142): CodeIgniter\View\View->render('estimasi/cetakestimasi', [], true)
 5 APPPATH\Controllers\Estimasi.php(637): view('estimasi/cetakestimasi', [...])
 6 SYSTEMPATH\CodeIgniter.php(904): App\Controllers\Estimasi->cetakestimasi('266')
 7 SYSTEMPATH\CodeIgniter.php(457): CodeIgniter\CodeIgniter->runController(Object(App\Controllers\Estimasi))
 8 SYSTEMPATH\CodeIgniter.php(340): CodeIgniter\CodeIgniter->handleRequest(null, Object(Config\Cache), false)
 9 FCPATH\index.php(67): CodeIgniter\CodeIgniter->run()
10 SYSTEMPATH\Commands\Server\rewrite.php(43): require_once('FCPATH\\index.php')
CRITICAL - 2023-05-24 14:00:55 --> Trying to access array offset on value of type null
in APPPATH\Views\estimasi\cetakestimasi.php on line 49.
 1 APPPATH\Views\estimasi\cetakestimasi.php(49): CodeIgniter\Debug\Exceptions->errorHandler(2, 'Trying to access array offset on value of type null', 'APPPATH\\Views\\estimasi\\cetakestimasi.php', 49)
 2 SYSTEMPATH\View\View.php(213): include('APPPATH\\Views\\estimasi\\cetakestimasi.php')
 3 SYSTEMPATH\View\View.php(216): CodeIgniter\View\View->CodeIgniter\View\{closure}()
 4 SYSTEMPATH\Common.php(1142): CodeIgniter\View\View->render('estimasi/cetakestimasi', [], true)
 5 APPPATH\Controllers\Estimasi.php(638): view('estimasi/cetakestimasi', [...])
 6 SYSTEMPATH\CodeIgniter.php(904): App\Controllers\Estimasi->cetakestimasi('266')
 7 SYSTEMPATH\CodeIgniter.php(457): CodeIgniter\CodeIgniter->runController(Object(App\Controllers\Estimasi))
 8 SYSTEMPATH\CodeIgniter.php(340): CodeIgniter\CodeIgniter->handleRequest(null, Object(Config\Cache), false)
 9 FCPATH\index.php(67): CodeIgniter\CodeIgniter->run()
10 SYSTEMPATH\Commands\Server\rewrite.php(43): require_once('FCPATH\\index.php')
CRITICAL - 2023-05-24 14:01:02 --> Trying to access array offset on value of type null
in APPPATH\Views\estimasi\cetakestimasi.php on line 49.
 1 APPPATH\Views\estimasi\cetakestimasi.php(49): CodeIgniter\Debug\Exceptions->errorHandler(2, 'Trying to access array offset on value of type null', 'APPPATH\\Views\\estimasi\\cetakestimasi.php', 49)
 2 SYSTEMPATH\View\View.php(213): include('APPPATH\\Views\\estimasi\\cetakestimasi.php')
 3 SYSTEMPATH\View\View.php(216): CodeIgniter\View\View->CodeIgniter\View\{closure}()
 4 SYSTEMPATH\Common.php(1142): CodeIgniter\View\View->render('estimasi/cetakestimasi', [], true)
 5 APPPATH\Controllers\Estimasi.php(638): view('estimasi/cetakestimasi', [...])
 6 SYSTEMPATH\CodeIgniter.php(904): App\Controllers\Estimasi->cetakestimasi('266')
 7 SYSTEMPATH\CodeIgniter.php(457): CodeIgniter\CodeIgniter->runController(Object(App\Controllers\Estimasi))
 8 SYSTEMPATH\CodeIgniter.php(340): CodeIgniter\CodeIgniter->handleRequest(null, Object(Config\Cache), false)
 9 FCPATH\index.php(67): CodeIgniter\CodeIgniter->run()
10 SYSTEMPATH\Commands\Server\rewrite.php(43): require_once('FCPATH\\index.php')
CRITICAL - 2023-05-24 14:03:34 --> Trying to access array offset on value of type null
in APPPATH\Views\estimasi\cetakestimasi.php on line 49.
 1 APPPATH\Views\estimasi\cetakestimasi.php(49): CodeIgniter\Debug\Exceptions->errorHandler(2, 'Trying to access array offset on value of type null', 'APPPATH\\Views\\estimasi\\cetakestimasi.php', 49)
 2 SYSTEMPATH\View\View.php(213): include('APPPATH\\Views\\estimasi\\cetakestimasi.php')
 3 SYSTEMPATH\View\View.php(216): CodeIgniter\View\View->CodeIgniter\View\{closure}()
 4 SYSTEMPATH\Common.php(1142): CodeIgniter\View\View->render('estimasi/cetakestimasi', [], true)
 5 APPPATH\Controllers\Estimasi.php(638): view('estimasi/cetakestimasi', [...])
 6 SYSTEMPATH\CodeIgniter.php(904): App\Controllers\Estimasi->cetakestimasi('266')
 7 SYSTEMPATH\CodeIgniter.php(457): CodeIgniter\CodeIgniter->runController(Object(App\Controllers\Estimasi))
 8 SYSTEMPATH\CodeIgniter.php(340): CodeIgniter\CodeIgniter->handleRequest(null, Object(Config\Cache), false)
 9 FCPATH\index.php(67): CodeIgniter\CodeIgniter->run()
10 SYSTEMPATH\Commands\Server\rewrite.php(43): require_once('FCPATH\\index.php')
CRITICAL - 2023-05-24 14:03:44 --> Trying to access array offset on value of type null
in APPPATH\Views\estimasi\cetakestimasi.php on line 49.
 1 APPPATH\Views\estimasi\cetakestimasi.php(49): CodeIgniter\Debug\Exceptions->errorHandler(2, 'Trying to access array offset on value of type null', 'APPPATH\\Views\\estimasi\\cetakestimasi.php', 49)
 2 SYSTEMPATH\View\View.php(213): include('APPPATH\\Views\\estimasi\\cetakestimasi.php')
 3 SYSTEMPATH\View\View.php(216): CodeIgniter\View\View->CodeIgniter\View\{closure}()
 4 SYSTEMPATH\Common.php(1142): CodeIgniter\View\View->render('estimasi/cetakestimasi', [], true)
 5 APPPATH\Controllers\Estimasi.php(638): view('estimasi/cetakestimasi', [...])
 6 SYSTEMPATH\CodeIgniter.php(904): App\Controllers\Estimasi->cetakestimasi('266')
 7 SYSTEMPATH\CodeIgniter.php(457): CodeIgniter\CodeIgniter->runController(Object(App\Controllers\Estimasi))
 8 SYSTEMPATH\CodeIgniter.php(340): CodeIgniter\CodeIgniter->handleRequest(null, Object(Config\Cache), false)
 9 FCPATH\index.php(67): CodeIgniter\CodeIgniter->run()
10 SYSTEMPATH\Commands\Server\rewrite.php(43): require_once('FCPATH\\index.php')
CRITICAL - 2023-05-24 14:04:32 --> Trying to access array offset on value of type null
in APPPATH\Views\estimasi\cetakestimasi.php on line 49.
 1 APPPATH\Views\estimasi\cetakestimasi.php(49): CodeIgniter\Debug\Exceptions->errorHandler(2, 'Trying to access array offset on value of type null', 'APPPATH\\Views\\estimasi\\cetakestimasi.php', 49)
 2 SYSTEMPATH\View\View.php(213): include('APPPATH\\Views\\estimasi\\cetakestimasi.php')
 3 SYSTEMPATH\View\View.php(216): CodeIgniter\View\View->CodeIgniter\View\{closure}()
 4 SYSTEMPATH\Common.php(1142): CodeIgniter\View\View->render('estimasi/cetakestimasi', [], true)
 5 APPPATH\Controllers\Estimasi.php(638): view('estimasi/cetakestimasi', [...])
 6 SYSTEMPATH\CodeIgniter.php(904): App\Controllers\Estimasi->cetakestimasi('266')
 7 SYSTEMPATH\CodeIgniter.php(457): CodeIgniter\CodeIgniter->runController(Object(App\Controllers\Estimasi))
 8 SYSTEMPATH\CodeIgniter.php(340): CodeIgniter\CodeIgniter->handleRequest(null, Object(Config\Cache), false)
 9 FCPATH\index.php(67): CodeIgniter\CodeIgniter->run()
10 SYSTEMPATH\Commands\Server\rewrite.php(43): require_once('FCPATH\\index.php')
CRITICAL - 2023-05-24 14:05:20 --> Trying to access array offset on value of type null
in APPPATH\Views\estimasi\cetakestimasi.php on line 49.
 1 APPPATH\Views\estimasi\cetakestimasi.php(49): CodeIgniter\Debug\Exceptions->errorHandler(2, 'Trying to access array offset on value of type null', 'APPPATH\\Views\\estimasi\\cetakestimasi.php', 49)
 2 SYSTEMPATH\View\View.php(213): include('APPPATH\\Views\\estimasi\\cetakestimasi.php')
 3 SYSTEMPATH\View\View.php(216): CodeIgniter\View\View->CodeIgniter\View\{closure}()
 4 SYSTEMPATH\Common.php(1142): CodeIgniter\View\View->render('estimasi/cetakestimasi', [], true)
 5 APPPATH\Controllers\Estimasi.php(638): view('estimasi/cetakestimasi', [...])
 6 SYSTEMPATH\CodeIgniter.php(904): App\Controllers\Estimasi->cetakestimasi('266')
 7 SYSTEMPATH\CodeIgniter.php(457): CodeIgniter\CodeIgniter->runController(Object(App\Controllers\Estimasi))
 8 SYSTEMPATH\CodeIgniter.php(340): CodeIgniter\CodeIgniter->handleRequest(null, Object(Config\Cache), false)
 9 FCPATH\index.php(67): CodeIgniter\CodeIgniter->run()
10 SYSTEMPATH\Commands\Server\rewrite.php(43): require_once('FCPATH\\index.php')
CRITICAL - 2023-05-24 14:07:16 --> Trying to access array offset on value of type null
in APPPATH\Views\estimasi\cetakestimasi.php on line 56.
 1 APPPATH\Views\estimasi\cetakestimasi.php(56): CodeIgniter\Debug\Exceptions->errorHandler(2, 'Trying to access array offset on value of type null', 'APPPATH\\Views\\estimasi\\cetakestimasi.php', 56)
 2 SYSTEMPATH\View\View.php(213): include('APPPATH\\Views\\estimasi\\cetakestimasi.php')
 3 SYSTEMPATH\View\View.php(216): CodeIgniter\View\View->CodeIgniter\View\{closure}()
 4 SYSTEMPATH\Common.php(1142): CodeIgniter\View\View->render('estimasi/cetakestimasi', [], true)
 5 APPPATH\Controllers\Estimasi.php(638): view('estimasi/cetakestimasi', [...])
 6 SYSTEMPATH\CodeIgniter.php(904): App\Controllers\Estimasi->cetakestimasi('266')
 7 SYSTEMPATH\CodeIgniter.php(457): CodeIgniter\CodeIgniter->runController(Object(App\Controllers\Estimasi))
 8 SYSTEMPATH\CodeIgniter.php(340): CodeIgniter\CodeIgniter->handleRequest(null, Object(Config\Cache), false)
 9 FCPATH\index.php(67): CodeIgniter\CodeIgniter->run()
10 SYSTEMPATH\Commands\Server\rewrite.php(43): require_once('FCPATH\\index.php')
CRITICAL - 2023-05-24 14:07:33 --> Trying to access array offset on value of type null
in APPPATH\Views\estimasi\cetakestimasi.php on line 56.
 1 APPPATH\Views\estimasi\cetakestimasi.php(56): CodeIgniter\Debug\Exceptions->errorHandler(2, 'Trying to access array offset on value of type null', 'APPPATH\\Views\\estimasi\\cetakestimasi.php', 56)
 2 SYSTEMPATH\View\View.php(213): include('APPPATH\\Views\\estimasi\\cetakestimasi.php')
 3 SYSTEMPATH\View\View.php(216): CodeIgniter\View\View->CodeIgniter\View\{closure}()
 4 SYSTEMPATH\Common.php(1142): CodeIgniter\View\View->render('estimasi/cetakestimasi', [], true)
 5 APPPATH\Controllers\Estimasi.php(638): view('estimasi/cetakestimasi', [...])
 6 SYSTEMPATH\CodeIgniter.php(904): App\Controllers\Estimasi->cetakestimasi('266')
 7 SYSTEMPATH\CodeIgniter.php(457): CodeIgniter\CodeIgniter->runController(Object(App\Controllers\Estimasi))
 8 SYSTEMPATH\CodeIgniter.php(340): CodeIgniter\CodeIgniter->handleRequest(null, Object(Config\Cache), false)
 9 FCPATH\index.php(67): CodeIgniter\CodeIgniter->run()
10 SYSTEMPATH\Commands\Server\rewrite.php(43): require_once('FCPATH\\index.php')
CRITICAL - 2023-05-24 14:56:26 --> Invalid file: tbklpjasa/tabel_satuan.php
in SYSTEMPATH\Exceptions\FrameworkException.php on line 33.
 1 SYSTEMPATH\View\View.php(201): CodeIgniter\Exceptions\FrameworkException::forInvalidFile('tbklpjasa/tabel_satuan.php')
 2 SYSTEMPATH\Common.php(1142): CodeIgniter\View\View->render('tbklpjasa/tabel_satuan', [], true)
 3 APPPATH\Controllers\Tbklpjasa.php(267): view('tbklpjasa/tabel_satuan', [...])
 4 SYSTEMPATH\CodeIgniter.php(904): App\Controllers\Tbklpjasa->table_tbklpjasa()
 5 SYSTEMPATH\CodeIgniter.php(457): CodeIgniter\CodeIgniter->runController(Object(App\Controllers\Tbklpjasa))
 6 SYSTEMPATH\CodeIgniter.php(340): CodeIgniter\CodeIgniter->handleRequest(null, Object(Config\Cache), false)
 7 FCPATH\index.php(67): CodeIgniter\CodeIgniter->run()
 8 SYSTEMPATH\Commands\Server\rewrite.php(43): require_once('FCPATH\\index.php')
CRITICAL - 2023-05-24 14:56:42 --> Invalid file: tbklpjasa/tabel_tbklpjasa.php
in SYSTEMPATH\Exceptions\FrameworkException.php on line 33.
 1 SYSTEMPATH\View\View.php(201): CodeIgniter\Exceptions\FrameworkException::forInvalidFile('tbklpjasa/tabel_tbklpjasa.php')
 2 SYSTEMPATH\Common.php(1142): CodeIgniter\View\View->render('tbklpjasa/tabel_tbklpjasa', [], true)
 3 APPPATH\Controllers\Tbklpjasa.php(267): view('tbklpjasa/tabel_tbklpjasa', [...])
 4 SYSTEMPATH\CodeIgniter.php(904): App\Controllers\Tbklpjasa->table_tbklpjasa()
 5 SYSTEMPATH\CodeIgniter.php(457): CodeIgniter\CodeIgniter->runController(Object(App\Controllers\Tbklpjasa))
 6 SYSTEMPATH\CodeIgniter.php(340): CodeIgniter\CodeIgniter->handleRequest(null, Object(Config\Cache), false)
 7 FCPATH\index.php(67): CodeIgniter\CodeIgniter->run()
 8 SYSTEMPATH\Commands\Server\rewrite.php(43): require_once('FCPATH\\index.php')
CRITICAL - 2023-05-24 14:57:14 --> Undefined variable $tbsatuan
in APPPATH\Views\tbklpjasa\tabel_klpjasa.php on line 44.
 1 APPPATH\Views\tbklpjasa\tabel_klpjasa.php(44): CodeIgniter\Debug\Exceptions->errorHandler(2, 'Undefined variable $tbsatuan', 'APPPATH\\Views\\tbklpjasa\\tabel_klpjasa.php', 44)
 2 SYSTEMPATH\View\View.php(213): include('APPPATH\\Views\\tbklpjasa\\tabel_klpjasa.php')
 3 SYSTEMPATH\View\View.php(216): CodeIgniter\View\View->CodeIgniter\View\{closure}()
 4 SYSTEMPATH\Common.php(1142): CodeIgniter\View\View->render('tbklpjasa/tabel_klpjasa', [], true)
 5 APPPATH\Controllers\Tbklpjasa.php(267): view('tbklpjasa/tabel_klpjasa', [...])
 6 SYSTEMPATH\CodeIgniter.php(904): App\Controllers\Tbklpjasa->table_tbklpjasa()
 7 SYSTEMPATH\CodeIgniter.php(457): CodeIgniter\CodeIgniter->runController(Object(App\Controllers\Tbklpjasa))
 8 SYSTEMPATH\CodeIgniter.php(340): CodeIgniter\CodeIgniter->handleRequest(null, Object(Config\Cache), false)
 9 FCPATH\index.php(67): CodeIgniter\CodeIgniter->run()
10 SYSTEMPATH\Commands\Server\rewrite.php(43): require_once('FCPATH\\index.php')
CRITICAL - 2023-05-24 14:58:04 --> Undefined array key "aktif"
in APPPATH\Views\tbklpjasa\tabel_klpjasa.php on line 51.
 1 APPPATH\Views\tbklpjasa\tabel_klpjasa.php(51): CodeIgniter\Debug\Exceptions->errorHandler(2, 'Undefined array key "aktif"', 'APPPATH\\Views\\tbklpjasa\\tabel_klpjasa.php', 51)
 2 SYSTEMPATH\View\View.php(213): include('APPPATH\\Views\\tbklpjasa\\tabel_klpjasa.php')
 3 SYSTEMPATH\View\View.php(216): CodeIgniter\View\View->CodeIgniter\View\{closure}()
 4 SYSTEMPATH\Common.php(1142): CodeIgniter\View\View->render('tbklpjasa/tabel_klpjasa', [], true)
 5 APPPATH\Controllers\Tbklpjasa.php(267): view('tbklpjasa/tabel_klpjasa', [...])
 6 SYSTEMPATH\CodeIgniter.php(904): App\Controllers\Tbklpjasa->table_tbklpjasa()
 7 SYSTEMPATH\CodeIgniter.php(457): CodeIgniter\CodeIgniter->runController(Object(App\Controllers\Tbklpjasa))
 8 SYSTEMPATH\CodeIgniter.php(340): CodeIgniter\CodeIgniter->handleRequest(null, Object(Config\Cache), false)
 9 FCPATH\index.php(67): CodeIgniter\CodeIgniter->run()
10 SYSTEMPATH\Commands\Server\rewrite.php(43): require_once('FCPATH\\index.php')
CRITICAL - 2023-05-24 14:59:55 --> Undefined array key "aktif"
in APPPATH\Views\tbklpjasa\tabel_klpjasa.php on line 51.
 1 APPPATH\Views\tbklpjasa\tabel_klpjasa.php(51): CodeIgniter\Debug\Exceptions->errorHandler(2, 'Undefined array key "aktif"', 'APPPATH\\Views\\tbklpjasa\\tabel_klpjasa.php', 51)
 2 SYSTEMPATH\View\View.php(213): include('APPPATH\\Views\\tbklpjasa\\tabel_klpjasa.php')
 3 SYSTEMPATH\View\View.php(216): CodeIgniter\View\View->CodeIgniter\View\{closure}()
 4 SYSTEMPATH\Common.php(1142): CodeIgniter\View\View->render('tbklpjasa/tabel_klpjasa', [], true)
 5 APPPATH\Controllers\Tbklpjasa.php(267): view('tbklpjasa/tabel_klpjasa', [...])
 6 SYSTEMPATH\CodeIgniter.php(904): App\Controllers\Tbklpjasa->table_klpjasa()
 7 SYSTEMPATH\CodeIgniter.php(457): CodeIgniter\CodeIgniter->runController(Object(App\Controllers\Tbklpjasa))
 8 SYSTEMPATH\CodeIgniter.php(340): CodeIgniter\CodeIgniter->handleRequest(null, Object(Config\Cache), false)
 9 FCPATH\index.php(67): CodeIgniter\CodeIgniter->run()
10 SYSTEMPATH\Commands\Server\rewrite.php(43): require_once('FCPATH\\index.php')
CRITICAL - 2023-05-24 15:17:21 --> Undefined array key "aktif"
in APPPATH\Views\tbklpjasa\tabel_klpjasa.php on line 51.
 1 APPPATH\Views\tbklpjasa\tabel_klpjasa.php(51): CodeIgniter\Debug\Exceptions->errorHandler(2, 'Undefined array key "aktif"', 'APPPATH\\Views\\tbklpjasa\\tabel_klpjasa.php', 51)
 2 SYSTEMPATH\View\View.php(213): include('APPPATH\\Views\\tbklpjasa\\tabel_klpjasa.php')
 3 SYSTEMPATH\View\View.php(216): CodeIgniter\View\View->CodeIgniter\View\{closure}()
 4 SYSTEMPATH\Common.php(1142): CodeIgniter\View\View->render('tbklpjasa/tabel_klpjasa', [], true)
 5 APPPATH\Controllers\Tbklpjasa.php(267): view('tbklpjasa/tabel_klpjasa', [...])
 6 SYSTEMPATH\CodeIgniter.php(904): App\Controllers\Tbklpjasa->table_klpjasa()
 7 SYSTEMPATH\CodeIgniter.php(457): CodeIgniter\CodeIgniter->runController(Object(App\Controllers\Tbklpjasa))
 8 SYSTEMPATH\CodeIgniter.php(340): CodeIgniter\CodeIgniter->handleRequest(null, Object(Config\Cache), false)
 9 FCPATH\index.php(67): CodeIgniter\CodeIgniter->run()
10 SYSTEMPATH\Commands\Server\rewrite.php(43): require_once('FCPATH\\index.php')
CRITICAL - 2023-05-24 15:19:19 --> Call to a member function getkodesatuan() on null
in APPPATH\Controllers\Tbklpjasa.php on line 250.
 1 SYSTEMPATH\CodeIgniter.php(904): App\Controllers\Tbklpjasa->hapus('2')
 2 SYSTEMPATH\CodeIgniter.php(457): CodeIgniter\CodeIgniter->runController(Object(App\Controllers\Tbklpjasa))
 3 SYSTEMPATH\CodeIgniter.php(340): CodeIgniter\CodeIgniter->handleRequest(null, Object(Config\Cache), false)
 4 FCPATH\index.php(67): CodeIgniter\CodeIgniter->run()
 5 SYSTEMPATH\Commands\Server\rewrite.php(43): require_once('FCPATH\\index.php')
CRITICAL - 2023-05-24 16:25:57 --> Call to undefined method App\Models\Tasklist_bpModel::tampilData
in SYSTEMPATH\Model.php on line 774.
 1 APPPATH\Controllers\Tasklist_bp.php(79): CodeIgniter\Model->__call('tampilData', [...])
 2 SYSTEMPATH\CodeIgniter.php(904): App\Controllers\Tasklist_bp->ajaxLoadData()
 3 SYSTEMPATH\CodeIgniter.php(457): CodeIgniter\CodeIgniter->runController(Object(App\Controllers\Tasklist_bp))
 4 SYSTEMPATH\CodeIgniter.php(340): CodeIgniter\CodeIgniter->handleRequest(null, Object(Config\Cache), false)
 5 FCPATH\index.php(67): CodeIgniter\CodeIgniter->run()
 6 SYSTEMPATH\Commands\Server\rewrite.php(43): require_once('FCPATH\\index.php')
CRITICAL - 2023-05-24 16:28:17 --> Call to a member function getPost() on string
in APPPATH\Models\Tasklist_bpModel.php on line 31.
 1 APPPATH\Controllers\Tasklist_bp.php(79): App\Models\Tasklist_bpModel->tampilData('ROOTPATH\\public', '0', '5')
 2 SYSTEMPATH\CodeIgniter.php(904): App\Controllers\Tasklist_bp->ajaxLoadData()
 3 SYSTEMPATH\CodeIgniter.php(457): CodeIgniter\CodeIgniter->runController(Object(App\Controllers\Tasklist_bp))
 4 SYSTEMPATH\CodeIgniter.php(340): CodeIgniter\CodeIgniter->handleRequest(null, Object(Config\Cache), false)
 5 FCPATH\index.php(67): CodeIgniter\CodeIgniter->run()
 6 SYSTEMPATH\Commands\Server\rewrite.php(43): require_once('FCPATH\\index.php')
CRITICAL - 2023-05-24 16:30:46 --> Call to a member function getPost() on string
in APPPATH\Models\Tasklist_bpModel.php on line 31.
 1 APPPATH\Controllers\Tasklist_bp.php(79): App\Models\Tasklist_bpModel->tampilData('ROOTPATH\\public', '0', '5')
 2 SYSTEMPATH\CodeIgniter.php(904): App\Controllers\Tasklist_bp->ajaxLoadData()
 3 SYSTEMPATH\CodeIgniter.php(457): CodeIgniter\CodeIgniter->runController(Object(App\Controllers\Tasklist_bp))
 4 SYSTEMPATH\CodeIgniter.php(340): CodeIgniter\CodeIgniter->handleRequest(null, Object(Config\Cache), false)
 5 FCPATH\index.php(67): CodeIgniter\CodeIgniter->run()
 6 SYSTEMPATH\Commands\Server\rewrite.php(43): require_once('FCPATH\\index.php')
CRITICAL - 2023-05-24 16:31:14 --> Call to a member function getPost() on string
in APPPATH\Models\Tasklist_bpModel.php on line 31.
 1 APPPATH\Controllers\Tasklist_bp.php(79): App\Models\Tasklist_bpModel->tampilData('ROOTPATH\\public', '0', '5')
 2 SYSTEMPATH\CodeIgniter.php(904): App\Controllers\Tasklist_bp->ajaxLoadData()
 3 SYSTEMPATH\CodeIgniter.php(457): CodeIgniter\CodeIgniter->runController(Object(App\Controllers\Tasklist_bp))
 4 SYSTEMPATH\CodeIgniter.php(340): CodeIgniter\CodeIgniter->handleRequest(null, Object(Config\Cache), false)
 5 FCPATH\index.php(67): CodeIgniter\CodeIgniter->run()
 6 SYSTEMPATH\Commands\Server\rewrite.php(43): require_once('FCPATH\\index.php')
CRITICAL - 2023-05-24 16:33:46 --> Call to a member function getPost() on string
in APPPATH\Models\Tasklist_bpModel.php on line 31.
 1 APPPATH\Controllers\Tasklist_bp.php(79): App\Models\Tasklist_bpModel->tampilData('ROOTPATH\\public', '0', '5')
 2 SYSTEMPATH\CodeIgniter.php(904): App\Controllers\Tasklist_bp->ajaxLoadData()
 3 SYSTEMPATH\CodeIgniter.php(457): CodeIgniter\CodeIgniter->runController(Object(App\Controllers\Tasklist_bp))
 4 SYSTEMPATH\CodeIgniter.php(340): CodeIgniter\CodeIgniter->handleRequest(null, Object(Config\Cache), false)
 5 FCPATH\index.php(67): CodeIgniter\CodeIgniter->run()
 6 SYSTEMPATH\Commands\Server\rewrite.php(43): require_once('FCPATH\\index.php')
CRITICAL - 2023-05-24 16:38:07 --> Undefined variable $tbtipe
in APPPATH\Views\tasklist_bp\modaltambah.php on line 33.
 1 APPPATH\Views\tasklist_bp\modaltambah.php(33): CodeIgniter\Debug\Exceptions->errorHandler(2, 'Undefined variable $tbtipe', 'APPPATH\\Views\\tasklist_bp\\modaltambah.php', 33)
 2 SYSTEMPATH\View\View.php(213): include('APPPATH\\Views\\tasklist_bp\\modaltambah.php')
 3 SYSTEMPATH\View\View.php(216): CodeIgniter\View\View->CodeIgniter\View\{closure}()
 4 SYSTEMPATH\Common.php(1142): CodeIgniter\View\View->render('tasklist_bp/modaltambah', [], true)
 5 APPPATH\Controllers\Tasklist_bp.php(96): view('tasklist_bp/modaltambah', [...])
 6 SYSTEMPATH\CodeIgniter.php(904): App\Controllers\Tasklist_bp->formtambah()
 7 SYSTEMPATH\CodeIgniter.php(457): CodeIgniter\CodeIgniter->runController(Object(App\Controllers\Tasklist_bp))
 8 SYSTEMPATH\CodeIgniter.php(340): CodeIgniter\CodeIgniter->handleRequest(null, Object(Config\Cache), false)
 9 FCPATH\index.php(67): CodeIgniter\CodeIgniter->run()
10 SYSTEMPATH\Commands\Server\rewrite.php(43): require_once('FCPATH\\index.php')
CRITICAL - 2023-05-24 16:38:15 --> Undefined variable $tbtipe
in APPPATH\Views\tasklist_bp\modaltambah.php on line 33.
 1 APPPATH\Views\tasklist_bp\modaltambah.php(33): CodeIgniter\Debug\Exceptions->errorHandler(2, 'Undefined variable $tbtipe', 'APPPATH\\Views\\tasklist_bp\\modaltambah.php', 33)
 2 SYSTEMPATH\View\View.php(213): include('APPPATH\\Views\\tasklist_bp\\modaltambah.php')
 3 SYSTEMPATH\View\View.php(216): CodeIgniter\View\View->CodeIgniter\View\{closure}()
 4 SYSTEMPATH\Common.php(1142): CodeIgniter\View\View->render('tasklist_bp/modaltambah', [], true)
 5 APPPATH\Controllers\Tasklist_bp.php(96): view('tasklist_bp/modaltambah', [...])
 6 SYSTEMPATH\CodeIgniter.php(904): App\Controllers\Tasklist_bp->formtambah()
 7 SYSTEMPATH\CodeIgniter.php(457): CodeIgniter\CodeIgniter->runController(Object(App\Controllers\Tasklist_bp))
 8 SYSTEMPATH\CodeIgniter.php(340): CodeIgniter\CodeIgniter->handleRequest(null, Object(Config\Cache), false)
 9 FCPATH\index.php(67): CodeIgniter\CodeIgniter->run()
10 SYSTEMPATH\Commands\Server\rewrite.php(43): require_once('FCPATH\\index.php')
CRITICAL - 2023-05-24 17:01:57 --> Undefined variable $tbtipe
in APPPATH\Views\tasklist_bp\modaltambah.php on line 33.
 1 APPPATH\Views\tasklist_bp\modaltambah.php(33): CodeIgniter\Debug\Exceptions->errorHandler(2, 'Undefined variable $tbtipe', 'APPPATH\\Views\\tasklist_bp\\modaltambah.php', 33)
 2 SYSTEMPATH\View\View.php(213): include('APPPATH\\Views\\tasklist_bp\\modaltambah.php')
 3 SYSTEMPATH\View\View.php(216): CodeIgniter\View\View->CodeIgniter\View\{closure}()
 4 SYSTEMPATH\Common.php(1142): CodeIgniter\View\View->render('tasklist_bp/modaltambah', [], true)
 5 APPPATH\Controllers\Tasklist_bp.php(96): view('tasklist_bp/modaltambah', [...])
 6 SYSTEMPATH\CodeIgniter.php(904): App\Controllers\Tasklist_bp->formtambah()
 7 SYSTEMPATH\CodeIgniter.php(457): CodeIgniter\CodeIgniter->runController(Object(App\Controllers\Tasklist_bp))
 8 SYSTEMPATH\CodeIgniter.php(340): CodeIgniter\CodeIgniter->handleRequest(null, Object(Config\Cache), false)
 9 FCPATH\index.php(67): CodeIgniter\CodeIgniter->run()
10 SYSTEMPATH\Commands\Server\rewrite.php(43): require_once('FCPATH\\index.php')
