CRITICAL - 2023-03-13 15:55:32 --> Attempt to read property "norangka" on array
in APPPATH\Views\estimasi\cetakestimasi.php on line 32.
 1 APPPATH\Views\estimasi\cetakestimasi.php(32): CodeIgniter\Debug\Exceptions->errorHandler(2, 'Attempt to read property "norangka" on array', 'APPPATH\\Views\\estimasi\\cetakestimasi.php', 32)
 2 SYSTEMPATH\View\View.php(213): include('APPPATH\\Views\\estimasi\\cetakestimasi.php')
 3 SYSTEMPATH\View\View.php(216): CodeIgniter\View\View->CodeIgniter\View\{closure}()
 4 SYSTEMPATH\Common.php(1142): CodeIgniter\View\View->render('estimasi/cetakestimasi', [], true)
 5 APPPATH\Controllers\Estimasi.php(627): view('estimasi/cetakestimasi', [...])
 6 SYSTEMPATH\CodeIgniter.php(904): App\Controllers\Estimasi->cetakestimasi('266')
 7 SYSTEMPATH\CodeIgniter.php(457): CodeIgniter\CodeIgniter->runController(Object(App\Controllers\Estimasi))
 8 SYSTEMPATH\CodeIgniter.php(340): CodeIgniter\CodeIgniter->handleRequest(null, Object(Config\Cache), false)
 9 FCPATH\index.php(67): CodeIgniter\CodeIgniter->run()
10 SYSTEMPATH\Commands\Server\rewrite.php(43): require_once('FCPATH\\index.php')
CRITICAL - 2023-03-13 15:56:25 --> Undefined array key "nama"
in APPPATH\Views\estimasi\cetakestimasi.php on line 34.
 1 APPPATH\Views\estimasi\cetakestimasi.php(34): CodeIgniter\Debug\Exceptions->errorHandler(2, 'Undefined array key "nama"', 'APPPATH\\Views\\estimasi\\cetakestimasi.php', 34)
 2 SYSTEMPATH\View\View.php(213): include('APPPATH\\Views\\estimasi\\cetakestimasi.php')
 3 SYSTEMPATH\View\View.php(216): CodeIgniter\View\View->CodeIgniter\View\{closure}()
 4 SYSTEMPATH\Common.php(1142): CodeIgniter\View\View->render('estimasi/cetakestimasi', [], true)
 5 APPPATH\Controllers\Estimasi.php(627): view('estimasi/cetakestimasi', [...])
 6 SYSTEMPATH\CodeIgniter.php(904): App\Controllers\Estimasi->cetakestimasi('266')
 7 SYSTEMPATH\CodeIgniter.php(457): CodeIgniter\CodeIgniter->runController(Object(App\Controllers\Estimasi))
 8 SYSTEMPATH\CodeIgniter.php(340): CodeIgniter\CodeIgniter->handleRequest(null, Object(Config\Cache), false)
 9 FCPATH\index.php(67): CodeIgniter\CodeIgniter->run()
10 SYSTEMPATH\Commands\Server\rewrite.php(43): require_once('FCPATH\\index.php')
CRITICAL - 2023-03-13 15:57:23 --> Undefined array key "nama"
in APPPATH\Views\estimasi\cetakestimasi.php on line 34.
 1 APPPATH\Views\estimasi\cetakestimasi.php(34): CodeIgniter\Debug\Exceptions->errorHandler(2, 'Undefined array key "nama"', 'APPPATH\\Views\\estimasi\\cetakestimasi.php', 34)
 2 SYSTEMPATH\View\View.php(213): include('APPPATH\\Views\\estimasi\\cetakestimasi.php')
 3 SYSTEMPATH\View\View.php(216): CodeIgniter\View\View->CodeIgniter\View\{closure}()
 4 SYSTEMPATH\Common.php(1142): CodeIgniter\View\View->render('estimasi/cetakestimasi', [], true)
 5 APPPATH\Controllers\Estimasi.php(627): view('estimasi/cetakestimasi', [...])
 6 SYSTEMPATH\CodeIgniter.php(904): App\Controllers\Estimasi->cetakestimasi('266')
 7 SYSTEMPATH\CodeIgniter.php(457): CodeIgniter\CodeIgniter->runController(Object(App\Controllers\Estimasi))
 8 SYSTEMPATH\CodeIgniter.php(340): CodeIgniter\CodeIgniter->handleRequest(null, Object(Config\Cache), false)
 9 FCPATH\index.php(67): CodeIgniter\CodeIgniter->run()
10 SYSTEMPATH\Commands\Server\rewrite.php(43): require_once('FCPATH\\index.php')
CRITICAL - 2023-03-13 16:03:20 --> Undefined array key "nama"
in APPPATH\Views\estimasi\cetakestimasi.php on line 34.
 1 APPPATH\Views\estimasi\cetakestimasi.php(34): CodeIgniter\Debug\Exceptions->errorHandler(2, 'Undefined array key "nama"', 'APPPATH\\Views\\estimasi\\cetakestimasi.php', 34)
 2 SYSTEMPATH\View\View.php(213): include('APPPATH\\Views\\estimasi\\cetakestimasi.php')
 3 SYSTEMPATH\View\View.php(216): CodeIgniter\View\View->CodeIgniter\View\{closure}()
 4 SYSTEMPATH\Common.php(1142): CodeIgniter\View\View->render('estimasi/cetakestimasi', [], true)
 5 APPPATH\Controllers\Estimasi.php(635): view('estimasi/cetakestimasi', [...])
 6 SYSTEMPATH\CodeIgniter.php(904): App\Controllers\Estimasi->cetakestimasi('266')
 7 SYSTEMPATH\CodeIgniter.php(457): CodeIgniter\CodeIgniter->runController(Object(App\Controllers\Estimasi))
 8 SYSTEMPATH\CodeIgniter.php(340): CodeIgniter\CodeIgniter->handleRequest(null, Object(Config\Cache), false)
 9 FCPATH\index.php(67): CodeIgniter\CodeIgniter->run()
10 SYSTEMPATH\Commands\Server\rewrite.php(43): require_once('FCPATH\\index.php')
