CRITICAL - 2023-05-13 11:47:14 --> Invalid file: hisuser/index.php
in SYSTEMPATH\Exceptions\FrameworkException.php on line 33.
 1 SYSTEMPATH\View\View.php(201): CodeIgniter\Exceptions\FrameworkException::forInvalidFile('hisuser/index.php')
 2 SYSTEMPATH\Common.php(1142): CodeIgniter\View\View->render('hisuser/index', [], true)
 3 APPPATH\Controllers\Hisuser.php(24): view('hisuser/index', [...])
 4 SYSTEMPATH\CodeIgniter.php(904): App\Controllers\Hisuser->index()
 5 SYSTEMPATH\CodeIgniter.php(457): CodeIgniter\CodeIgniter->runController(Object(App\Controllers\Hisuser))
 6 SYSTEMPATH\CodeIgniter.php(340): CodeIgniter\CodeIgniter->handleRequest(null, Object(Config\Cache), false)
 7 FCPATH\index.php(67): CodeIgniter\CodeIgniter->run()
 8 SYSTEMPATH\Commands\Server\rewrite.php(43): require_once('FCPATH\\index.php')
ERROR - 2023-05-13 11:49:07 --> mysqli_sql_exception: Unknown column 'valid' in 'where clause' in D:\xampp\htdocs\hati\system\Database\MySQLi\Connection.php:292
Stack trace:
#0 D:\xampp\htdocs\hati\system\Database\MySQLi\Connection.php(292): mysqli->query('SELECT *\nFROM `...', 0)
#1 D:\xampp\htdocs\hati\system\Database\BaseConnection.php(693): CodeIgniter\Database\MySQLi\Connection->execute('SELECT *\nFROM `...')
#2 D:\xampp\htdocs\hati\system\Database\BaseConnection.php(620): CodeIgniter\Database\BaseConnection->simpleQuery('SELECT *\nFROM `...')
#3 D:\xampp\htdocs\hati\system\Database\BaseBuilder.php(1585): CodeIgniter\Database\BaseConnection->query('SELECT *\nFROM `...', Array, false)
#4 D:\xampp\htdocs\hati\system\Model.php(772): CodeIgniter\Database\BaseBuilder->get()
#5 D:\xampp\htdocs\hati\app\Models\HisuserModel.php(51): CodeIgniter\Model->__call('get', Array)
#6 D:\xampp\htdocs\hati\app\Controllers\Hisuser.php(35): App\Models\HisuserModel->tampilData(Object(CodeIgniter\HTTP\IncomingRequest), '', '0', '5')
#7 D:\xampp\htdocs\hati\system\CodeIgniter.php(904): App\Controllers\Hisuser->ajaxLoadData()
#8 D:\xampp\htdocs\hati\system\CodeIgniter.php(457): CodeIgniter\CodeIgniter->runController(Object(App\Controllers\Hisuser))
#9 D:\xampp\htdocs\hati\system\CodeIgniter.php(340): CodeIgniter\CodeIgniter->handleRequest(NULL, Object(Config\Cache), false)
#10 D:\xampp\htdocs\hati\public\index.php(67): CodeIgniter\CodeIgniter->run()
#11 D:\xampp\htdocs\hati\system\Commands\Server\rewrite.php(43): require_once('D:\\xampp\\htdocs...')
#12 {main}
CRITICAL - 2023-05-13 11:49:07 --> Unknown column 'valid' in 'where clause'
in SYSTEMPATH\Database\MySQLi\Connection.php on line 292.
 1 SYSTEMPATH\Database\MySQLi\Connection.php(292): mysqli->query('SELECT *
FROM `hisuser`
WHERE `valid` = \'Y\'
AND `status_approv_sm` = \'SETUJUI\'
ORDER BY `nomor` DESC
 LIMIT 5', 0)
 2 SYSTEMPATH\Database\BaseConnection.php(693): CodeIgniter\Database\MySQLi\Connection->execute('SELECT *
FROM `hisuser`
WHERE `valid` = \'Y\'
AND `status_approv_sm` = \'SETUJUI\'
ORDER BY `nomor` DESC
 LIMIT 5')
 3 SYSTEMPATH\Database\BaseConnection.php(620): CodeIgniter\Database\BaseConnection->simpleQuery('SELECT *
FROM `hisuser`
WHERE `valid` = \'Y\'
AND `status_approv_sm` = \'SETUJUI\'
ORDER BY `nomor` DESC
 LIMIT 5')
 4 SYSTEMPATH\Database\BaseBuilder.php(1585): CodeIgniter\Database\BaseConnection->query('SELECT *
FROM `hisuser`
WHERE `valid` = :valid:
AND `status_approv_sm` = :status_approv_sm:
ORDER BY `nomor` DESC
 LIMIT 5', [...], false)
 5 SYSTEMPATH\Model.php(772): CodeIgniter\Database\BaseBuilder->get()
 6 APPPATH\Models\HisuserModel.php(51): CodeIgniter\Model->__call('get', [])
 7 APPPATH\Controllers\Hisuser.php(35): App\Models\HisuserModel->tampilData(Object(CodeIgniter\HTTP\IncomingRequest), 'ROOTPATH\\public', '0', '5')
 8 SYSTEMPATH\CodeIgniter.php(904): App\Controllers\Hisuser->ajaxLoadData()
 9 SYSTEMPATH\CodeIgniter.php(457): CodeIgniter\CodeIgniter->runController(Object(App\Controllers\Hisuser))
10 SYSTEMPATH\CodeIgniter.php(340): CodeIgniter\CodeIgniter->handleRequest(null, Object(Config\Cache), false)
11 FCPATH\index.php(67): CodeIgniter\CodeIgniter->run()
12 SYSTEMPATH\Commands\Server\rewrite.php(43): require_once('FCPATH\\index.php')
ERROR - 2023-05-13 11:49:23 --> mysqli_sql_exception: Unknown column 'valid' in 'where clause' in D:\xampp\htdocs\hati\system\Database\MySQLi\Connection.php:292
Stack trace:
#0 D:\xampp\htdocs\hati\system\Database\MySQLi\Connection.php(292): mysqli->query('SELECT *\nFROM `...', 0)
#1 D:\xampp\htdocs\hati\system\Database\BaseConnection.php(693): CodeIgniter\Database\MySQLi\Connection->execute('SELECT *\nFROM `...')
#2 D:\xampp\htdocs\hati\system\Database\BaseConnection.php(620): CodeIgniter\Database\BaseConnection->simpleQuery('SELECT *\nFROM `...')
#3 D:\xampp\htdocs\hati\system\Database\BaseBuilder.php(1585): CodeIgniter\Database\BaseConnection->query('SELECT *\nFROM `...', Array, false)
#4 D:\xampp\htdocs\hati\system\Model.php(772): CodeIgniter\Database\BaseBuilder->get()
#5 D:\xampp\htdocs\hati\app\Models\HisuserModel.php(51): CodeIgniter\Model->__call('get', Array)
#6 D:\xampp\htdocs\hati\app\Controllers\Hisuser.php(35): App\Models\HisuserModel->tampilData(Object(CodeIgniter\HTTP\IncomingRequest), '', '0', '5')
#7 D:\xampp\htdocs\hati\system\CodeIgniter.php(904): App\Controllers\Hisuser->ajaxLoadData()
#8 D:\xampp\htdocs\hati\system\CodeIgniter.php(457): CodeIgniter\CodeIgniter->runController(Object(App\Controllers\Hisuser))
#9 D:\xampp\htdocs\hati\system\CodeIgniter.php(340): CodeIgniter\CodeIgniter->handleRequest(NULL, Object(Config\Cache), false)
#10 D:\xampp\htdocs\hati\public\index.php(67): CodeIgniter\CodeIgniter->run()
#11 D:\xampp\htdocs\hati\system\Commands\Server\rewrite.php(43): require_once('D:\\xampp\\htdocs...')
#12 {main}
CRITICAL - 2023-05-13 11:49:23 --> Unknown column 'valid' in 'where clause'
in SYSTEMPATH\Database\MySQLi\Connection.php on line 292.
 1 SYSTEMPATH\Database\MySQLi\Connection.php(292): mysqli->query('SELECT *
FROM `hisuser`
WHERE `valid` = \'Y\'
AND `status_approv_sm` = \'SETUJUI\'
ORDER BY `nomor` DESC
 LIMIT 5', 0)
 2 SYSTEMPATH\Database\BaseConnection.php(693): CodeIgniter\Database\MySQLi\Connection->execute('SELECT *
FROM `hisuser`
WHERE `valid` = \'Y\'
AND `status_approv_sm` = \'SETUJUI\'
ORDER BY `nomor` DESC
 LIMIT 5')
 3 SYSTEMPATH\Database\BaseConnection.php(620): CodeIgniter\Database\BaseConnection->simpleQuery('SELECT *
FROM `hisuser`
WHERE `valid` = \'Y\'
AND `status_approv_sm` = \'SETUJUI\'
ORDER BY `nomor` DESC
 LIMIT 5')
 4 SYSTEMPATH\Database\BaseBuilder.php(1585): CodeIgniter\Database\BaseConnection->query('SELECT *
FROM `hisuser`
WHERE `valid` = :valid:
AND `status_approv_sm` = :status_approv_sm:
ORDER BY `nomor` DESC
 LIMIT 5', [...], false)
 5 SYSTEMPATH\Model.php(772): CodeIgniter\Database\BaseBuilder->get()
 6 APPPATH\Models\HisuserModel.php(51): CodeIgniter\Model->__call('get', [])
 7 APPPATH\Controllers\Hisuser.php(35): App\Models\HisuserModel->tampilData(Object(CodeIgniter\HTTP\IncomingRequest), 'ROOTPATH\\public', '0', '5')
 8 SYSTEMPATH\CodeIgniter.php(904): App\Controllers\Hisuser->ajaxLoadData()
 9 SYSTEMPATH\CodeIgniter.php(457): CodeIgniter\CodeIgniter->runController(Object(App\Controllers\Hisuser))
10 SYSTEMPATH\CodeIgniter.php(340): CodeIgniter\CodeIgniter->handleRequest(null, Object(Config\Cache), false)
11 FCPATH\index.php(67): CodeIgniter\CodeIgniter->run()
12 SYSTEMPATH\Commands\Server\rewrite.php(43): require_once('FCPATH\\index.php')
ERROR - 2023-05-13 11:49:55 --> mysqli_sql_exception: Unknown column 'nomor' in 'order clause' in D:\xampp\htdocs\hati\system\Database\MySQLi\Connection.php:292
Stack trace:
#0 D:\xampp\htdocs\hati\system\Database\MySQLi\Connection.php(292): mysqli->query('SELECT *\nFROM `...', 0)
#1 D:\xampp\htdocs\hati\system\Database\BaseConnection.php(693): CodeIgniter\Database\MySQLi\Connection->execute('SELECT *\nFROM `...')
#2 D:\xampp\htdocs\hati\system\Database\BaseConnection.php(620): CodeIgniter\Database\BaseConnection->simpleQuery('SELECT *\nFROM `...')
#3 D:\xampp\htdocs\hati\system\Database\BaseBuilder.php(1585): CodeIgniter\Database\BaseConnection->query('SELECT *\nFROM `...', Array, false)
#4 D:\xampp\htdocs\hati\system\Model.php(772): CodeIgniter\Database\BaseBuilder->get()
#5 D:\xampp\htdocs\hati\app\Models\HisuserModel.php(51): CodeIgniter\Model->__call('get', Array)
#6 D:\xampp\htdocs\hati\app\Controllers\Hisuser.php(35): App\Models\HisuserModel->tampilData(Object(CodeIgniter\HTTP\IncomingRequest), '', '0', '5')
#7 D:\xampp\htdocs\hati\system\CodeIgniter.php(904): App\Controllers\Hisuser->ajaxLoadData()
#8 D:\xampp\htdocs\hati\system\CodeIgniter.php(457): CodeIgniter\CodeIgniter->runController(Object(App\Controllers\Hisuser))
#9 D:\xampp\htdocs\hati\system\CodeIgniter.php(340): CodeIgniter\CodeIgniter->handleRequest(NULL, Object(Config\Cache), false)
#10 D:\xampp\htdocs\hati\public\index.php(67): CodeIgniter\CodeIgniter->run()
#11 D:\xampp\htdocs\hati\system\Commands\Server\rewrite.php(43): require_once('D:\\xampp\\htdocs...')
#12 {main}
CRITICAL - 2023-05-13 11:49:55 --> Unknown column 'nomor' in 'order clause'
in SYSTEMPATH\Database\MySQLi\Connection.php on line 292.
 1 SYSTEMPATH\Database\MySQLi\Connection.php(292): mysqli->query('SELECT *
FROM `hisuser`
ORDER BY `nomor` DESC
 LIMIT 5', 0)
 2 SYSTEMPATH\Database\BaseConnection.php(693): CodeIgniter\Database\MySQLi\Connection->execute('SELECT *
FROM `hisuser`
ORDER BY `nomor` DESC
 LIMIT 5')
 3 SYSTEMPATH\Database\BaseConnection.php(620): CodeIgniter\Database\BaseConnection->simpleQuery('SELECT *
FROM `hisuser`
ORDER BY `nomor` DESC
 LIMIT 5')
 4 SYSTEMPATH\Database\BaseBuilder.php(1585): CodeIgniter\Database\BaseConnection->query('SELECT *
FROM `hisuser`
ORDER BY `nomor` DESC
 LIMIT 5', [], false)
 5 SYSTEMPATH\Model.php(772): CodeIgniter\Database\BaseBuilder->get()
 6 APPPATH\Models\HisuserModel.php(51): CodeIgniter\Model->__call('get', [])
 7 APPPATH\Controllers\Hisuser.php(35): App\Models\HisuserModel->tampilData(Object(CodeIgniter\HTTP\IncomingRequest), 'ROOTPATH\\public', '0', '5')
 8 SYSTEMPATH\CodeIgniter.php(904): App\Controllers\Hisuser->ajaxLoadData()
 9 SYSTEMPATH\CodeIgniter.php(457): CodeIgniter\CodeIgniter->runController(Object(App\Controllers\Hisuser))
10 SYSTEMPATH\CodeIgniter.php(340): CodeIgniter\CodeIgniter->handleRequest(null, Object(Config\Cache), false)
11 FCPATH\index.php(67): CodeIgniter\CodeIgniter->run()
12 SYSTEMPATH\Commands\Server\rewrite.php(43): require_once('FCPATH\\index.php')
CRITICAL - 2023-05-13 12:03:04 --> Undefined array key "nomemo"
in APPPATH\Controllers\Hisuser.php on line 58.
 1 APPPATH\Controllers\Hisuser.php(58): CodeIgniter\Debug\Exceptions->errorHandler(2, 'Undefined array key "nomemo"', 'APPPATH\\Controllers\\Hisuser.php', 58)
 2 SYSTEMPATH\CodeIgniter.php(904): App\Controllers\Hisuser->formdetail()
 3 SYSTEMPATH\CodeIgniter.php(457): CodeIgniter\CodeIgniter->runController(Object(App\Controllers\Hisuser))
 4 SYSTEMPATH\CodeIgniter.php(340): CodeIgniter\CodeIgniter->handleRequest(null, Object(Config\Cache), false)
 5 FCPATH\index.php(67): CodeIgniter\CodeIgniter->run()
 6 SYSTEMPATH\Commands\Server\rewrite.php(43): require_once('FCPATH\\index.php')
CRITICAL - 2023-05-13 12:07:24 --> Undefined array key "nomemo"
in APPPATH\Controllers\Hisuser.php on line 58.
 1 APPPATH\Controllers\Hisuser.php(58): CodeIgniter\Debug\Exceptions->errorHandler(2, 'Undefined array key "nomemo"', 'APPPATH\\Controllers\\Hisuser.php', 58)
 2 SYSTEMPATH\CodeIgniter.php(904): App\Controllers\Hisuser->formdetail()
 3 SYSTEMPATH\CodeIgniter.php(457): CodeIgniter\CodeIgniter->runController(Object(App\Controllers\Hisuser))
 4 SYSTEMPATH\CodeIgniter.php(340): CodeIgniter\CodeIgniter->handleRequest(null, Object(Config\Cache), false)
 5 FCPATH\index.php(67): CodeIgniter\CodeIgniter->run()
 6 SYSTEMPATH\Commands\Server\rewrite.php(43): require_once('FCPATH\\index.php')
CRITICAL - 2023-05-13 12:07:40 --> Undefined array key "nomemo"
in APPPATH\Controllers\Hisuser.php on line 58.
 1 APPPATH\Controllers\Hisuser.php(58): CodeIgniter\Debug\Exceptions->errorHandler(2, 'Undefined array key "nomemo"', 'APPPATH\\Controllers\\Hisuser.php', 58)
 2 SYSTEMPATH\CodeIgniter.php(904): App\Controllers\Hisuser->formdetail()
 3 SYSTEMPATH\CodeIgniter.php(457): CodeIgniter\CodeIgniter->runController(Object(App\Controllers\Hisuser))
 4 SYSTEMPATH\CodeIgniter.php(340): CodeIgniter\CodeIgniter->handleRequest(null, Object(Config\Cache), false)
 5 FCPATH\index.php(67): CodeIgniter\CodeIgniter->run()
 6 SYSTEMPATH\Commands\Server\rewrite.php(43): require_once('FCPATH\\index.php')
CRITICAL - 2023-05-13 12:07:48 --> Undefined array key "nomemo"
in APPPATH\Controllers\Hisuser.php on line 58.
 1 APPPATH\Controllers\Hisuser.php(58): CodeIgniter\Debug\Exceptions->errorHandler(2, 'Undefined array key "nomemo"', 'APPPATH\\Controllers\\Hisuser.php', 58)
 2 SYSTEMPATH\CodeIgniter.php(904): App\Controllers\Hisuser->formdetail()
 3 SYSTEMPATH\CodeIgniter.php(457): CodeIgniter\CodeIgniter->runController(Object(App\Controllers\Hisuser))
 4 SYSTEMPATH\CodeIgniter.php(340): CodeIgniter\CodeIgniter->handleRequest(null, Object(Config\Cache), false)
 5 FCPATH\index.php(67): CodeIgniter\CodeIgniter->run()
 6 SYSTEMPATH\Commands\Server\rewrite.php(43): require_once('FCPATH\\index.php')
CRITICAL - 2023-05-13 12:08:55 --> Undefined array key "nomemo"
in APPPATH\Controllers\Hisuser.php on line 58.
 1 APPPATH\Controllers\Hisuser.php(58): CodeIgniter\Debug\Exceptions->errorHandler(2, 'Undefined array key "nomemo"', 'APPPATH\\Controllers\\Hisuser.php', 58)
 2 SYSTEMPATH\CodeIgniter.php(904): App\Controllers\Hisuser->formdetail()
 3 SYSTEMPATH\CodeIgniter.php(457): CodeIgniter\CodeIgniter->runController(Object(App\Controllers\Hisuser))
 4 SYSTEMPATH\CodeIgniter.php(340): CodeIgniter\CodeIgniter->handleRequest(null, Object(Config\Cache), false)
 5 FCPATH\index.php(67): CodeIgniter\CodeIgniter->run()
 6 SYSTEMPATH\Commands\Server\rewrite.php(43): require_once('FCPATH\\index.php')
CRITICAL - 2023-05-13 14:03:54 --> Undefined variable $penerimaankasir
in APPPATH\Views\pengeluarankasir\modaledit.php on line 12.
 1 APPPATH\Views\pengeluarankasir\modaledit.php(12): CodeIgniter\Debug\Exceptions->errorHandler(2, 'Undefined variable $penerimaankasir', 'APPPATH\\Views\\pengeluarankasir\\modaledit.php', 12)
 2 SYSTEMPATH\View\View.php(213): include('APPPATH\\Views\\pengeluarankasir\\modaledit.php')
 3 SYSTEMPATH\View\View.php(216): CodeIgniter\View\View->CodeIgniter\View\{closure}()
 4 SYSTEMPATH\Common.php(1142): CodeIgniter\View\View->render('pengeluarankasir/modaledit', [], true)
 5 APPPATH\Controllers\Pengeluarankasir.php(211): view('pengeluarankasir/modaledit', [...])
 6 SYSTEMPATH\CodeIgniter.php(904): App\Controllers\Pengeluarankasir->formedit()
 7 SYSTEMPATH\CodeIgniter.php(457): CodeIgniter\CodeIgniter->runController(Object(App\Controllers\Pengeluarankasir))
 8 SYSTEMPATH\CodeIgniter.php(340): CodeIgniter\CodeIgniter->handleRequest(null, Object(Config\Cache), false)
 9 FCPATH\index.php(67): CodeIgniter\CodeIgniter->run()
10 SYSTEMPATH\Commands\Server\rewrite.php(43): require_once('FCPATH\\index.php')
CRITICAL - 2023-05-13 14:04:12 --> Undefined variable $penerimaankasir
in APPPATH\Views\pengeluarankasir\modaldetail.php on line 25.
 1 APPPATH\Views\pengeluarankasir\modaldetail.php(25): CodeIgniter\Debug\Exceptions->errorHandler(2, 'Undefined variable $penerimaankasir', 'APPPATH\\Views\\pengeluarankasir\\modaldetail.php', 25)
 2 SYSTEMPATH\View\View.php(213): include('APPPATH\\Views\\pengeluarankasir\\modaldetail.php')
 3 SYSTEMPATH\View\View.php(216): CodeIgniter\View\View->CodeIgniter\View\{closure}()
 4 SYSTEMPATH\Common.php(1142): CodeIgniter\View\View->render('pengeluarankasir/modaldetail', [], true)
 5 APPPATH\Controllers\Pengeluarankasir.php(79): view('pengeluarankasir/modaldetail', [...])
 6 SYSTEMPATH\CodeIgniter.php(904): App\Controllers\Pengeluarankasir->formdetail()
 7 SYSTEMPATH\CodeIgniter.php(457): CodeIgniter\CodeIgniter->runController(Object(App\Controllers\Pengeluarankasir))
 8 SYSTEMPATH\CodeIgniter.php(340): CodeIgniter\CodeIgniter->handleRequest(null, Object(Config\Cache), false)
 9 FCPATH\index.php(67): CodeIgniter\CodeIgniter->run()
10 SYSTEMPATH\Commands\Server\rewrite.php(43): require_once('FCPATH\\index.php')
CRITICAL - 2023-05-13 14:04:56 --> Undefined array key "pengeluaran"
in APPPATH\Views\pengeluarankasir\modaldetail.php on line 65.
 1 APPPATH\Views\pengeluarankasir\modaldetail.php(65): CodeIgniter\Debug\Exceptions->errorHandler(2, 'Undefined array key "pengeluaran"', 'APPPATH\\Views\\pengeluarankasir\\modaldetail.php', 65)
 2 SYSTEMPATH\View\View.php(213): include('APPPATH\\Views\\pengeluarankasir\\modaldetail.php')
 3 SYSTEMPATH\View\View.php(216): CodeIgniter\View\View->CodeIgniter\View\{closure}()
 4 SYSTEMPATH\Common.php(1142): CodeIgniter\View\View->render('pengeluarankasir/modaldetail', [], true)
 5 APPPATH\Controllers\Pengeluarankasir.php(79): view('pengeluarankasir/modaldetail', [...])
 6 SYSTEMPATH\CodeIgniter.php(904): App\Controllers\Pengeluarankasir->formdetail()
 7 SYSTEMPATH\CodeIgniter.php(457): CodeIgniter\CodeIgniter->runController(Object(App\Controllers\Pengeluarankasir))
 8 SYSTEMPATH\CodeIgniter.php(340): CodeIgniter\CodeIgniter->handleRequest(null, Object(Config\Cache), false)
 9 FCPATH\index.php(67): CodeIgniter\CodeIgniter->run()
10 SYSTEMPATH\Commands\Server\rewrite.php(43): require_once('FCPATH\\index.php')
CRITICAL - 2023-05-13 14:04:59 --> Undefined array key "pengeluaran"
in APPPATH\Views\pengeluarankasir\modaledit.php on line 64.
 1 APPPATH\Views\pengeluarankasir\modaledit.php(64): CodeIgniter\Debug\Exceptions->errorHandler(2, 'Undefined array key "pengeluaran"', 'APPPATH\\Views\\pengeluarankasir\\modaledit.php', 64)
 2 SYSTEMPATH\View\View.php(213): include('APPPATH\\Views\\pengeluarankasir\\modaledit.php')
 3 SYSTEMPATH\View\View.php(216): CodeIgniter\View\View->CodeIgniter\View\{closure}()
 4 SYSTEMPATH\Common.php(1142): CodeIgniter\View\View->render('pengeluarankasir/modaledit', [], true)
 5 APPPATH\Controllers\Pengeluarankasir.php(211): view('pengeluarankasir/modaledit', [...])
 6 SYSTEMPATH\CodeIgniter.php(904): App\Controllers\Pengeluarankasir->formedit()
 7 SYSTEMPATH\CodeIgniter.php(457): CodeIgniter\CodeIgniter->runController(Object(App\Controllers\Pengeluarankasir))
 8 SYSTEMPATH\CodeIgniter.php(340): CodeIgniter\CodeIgniter->handleRequest(null, Object(Config\Cache), false)
 9 FCPATH\index.php(67): CodeIgniter\CodeIgniter->run()
10 SYSTEMPATH\Commands\Server\rewrite.php(43): require_once('FCPATH\\index.php')
CRITICAL - 2023-05-13 14:05:07 --> Undefined array key "pengeluaran"
in APPPATH\Views\pengeluarankasir\modaledit.php on line 64.
 1 APPPATH\Views\pengeluarankasir\modaledit.php(64): CodeIgniter\Debug\Exceptions->errorHandler(2, 'Undefined array key "pengeluaran"', 'APPPATH\\Views\\pengeluarankasir\\modaledit.php', 64)
 2 SYSTEMPATH\View\View.php(213): include('APPPATH\\Views\\pengeluarankasir\\modaledit.php')
 3 SYSTEMPATH\View\View.php(216): CodeIgniter\View\View->CodeIgniter\View\{closure}()
 4 SYSTEMPATH\Common.php(1142): CodeIgniter\View\View->render('pengeluarankasir/modaledit', [], true)
 5 APPPATH\Controllers\Pengeluarankasir.php(211): view('pengeluarankasir/modaledit', [...])
 6 SYSTEMPATH\CodeIgniter.php(904): App\Controllers\Pengeluarankasir->formedit()
 7 SYSTEMPATH\CodeIgniter.php(457): CodeIgniter\CodeIgniter->runController(Object(App\Controllers\Pengeluarankasir))
 8 SYSTEMPATH\CodeIgniter.php(340): CodeIgniter\CodeIgniter->handleRequest(null, Object(Config\Cache), false)
 9 FCPATH\index.php(67): CodeIgniter\CodeIgniter->run()
10 SYSTEMPATH\Commands\Server\rewrite.php(43): require_once('FCPATH\\index.php')
CRITICAL - 2023-05-13 14:07:27 --> Undefined array key "pengeluaran"
in APPPATH\Views\pengeluarankasir\modaldetail.php on line 65.
 1 APPPATH\Views\pengeluarankasir\modaldetail.php(65): CodeIgniter\Debug\Exceptions->errorHandler(2, 'Undefined array key "pengeluaran"', 'APPPATH\\Views\\pengeluarankasir\\modaldetail.php', 65)
 2 SYSTEMPATH\View\View.php(213): include('APPPATH\\Views\\pengeluarankasir\\modaldetail.php')
 3 SYSTEMPATH\View\View.php(216): CodeIgniter\View\View->CodeIgniter\View\{closure}()
 4 SYSTEMPATH\Common.php(1142): CodeIgniter\View\View->render('pengeluarankasir/modaldetail', [], true)
 5 APPPATH\Controllers\Pengeluarankasir.php(79): view('pengeluarankasir/modaldetail', [...])
 6 SYSTEMPATH\CodeIgniter.php(904): App\Controllers\Pengeluarankasir->formdetail()
 7 SYSTEMPATH\CodeIgniter.php(457): CodeIgniter\CodeIgniter->runController(Object(App\Controllers\Pengeluarankasir))
 8 SYSTEMPATH\CodeIgniter.php(340): CodeIgniter\CodeIgniter->handleRequest(null, Object(Config\Cache), false)
 9 FCPATH\index.php(67): CodeIgniter\CodeIgniter->run()
10 SYSTEMPATH\Commands\Server\rewrite.php(43): require_once('FCPATH\\index.php')
CRITICAL - 2023-05-13 14:07:40 --> Undefined array key "pengeluaran"
in APPPATH\Views\pengeluarankasir\modaldetail.php on line 65.
 1 APPPATH\Views\pengeluarankasir\modaldetail.php(65): CodeIgniter\Debug\Exceptions->errorHandler(2, 'Undefined array key "pengeluaran"', 'APPPATH\\Views\\pengeluarankasir\\modaldetail.php', 65)
 2 SYSTEMPATH\View\View.php(213): include('APPPATH\\Views\\pengeluarankasir\\modaldetail.php')
 3 SYSTEMPATH\View\View.php(216): CodeIgniter\View\View->CodeIgniter\View\{closure}()
 4 SYSTEMPATH\Common.php(1142): CodeIgniter\View\View->render('pengeluarankasir/modaldetail', [], true)
 5 APPPATH\Controllers\Pengeluarankasir.php(79): view('pengeluarankasir/modaldetail', [...])
 6 SYSTEMPATH\CodeIgniter.php(904): App\Controllers\Pengeluarankasir->formdetail()
 7 SYSTEMPATH\CodeIgniter.php(457): CodeIgniter\CodeIgniter->runController(Object(App\Controllers\Pengeluarankasir))
 8 SYSTEMPATH\CodeIgniter.php(340): CodeIgniter\CodeIgniter->handleRequest(null, Object(Config\Cache), false)
 9 FCPATH\index.php(67): CodeIgniter\CodeIgniter->run()
10 SYSTEMPATH\Commands\Server\rewrite.php(43): require_once('FCPATH\\index.php')
CRITICAL - 2023-05-13 14:08:12 --> Undefined array key "pengeluaran"
in APPPATH\Views\pengeluarankasir\modaledit.php on line 64.
 1 APPPATH\Views\pengeluarankasir\modaledit.php(64): CodeIgniter\Debug\Exceptions->errorHandler(2, 'Undefined array key "pengeluaran"', 'APPPATH\\Views\\pengeluarankasir\\modaledit.php', 64)
 2 SYSTEMPATH\View\View.php(213): include('APPPATH\\Views\\pengeluarankasir\\modaledit.php')
 3 SYSTEMPATH\View\View.php(216): CodeIgniter\View\View->CodeIgniter\View\{closure}()
 4 SYSTEMPATH\Common.php(1142): CodeIgniter\View\View->render('pengeluarankasir/modaledit', [], true)
 5 APPPATH\Controllers\Pengeluarankasir.php(211): view('pengeluarankasir/modaledit', [...])
 6 SYSTEMPATH\CodeIgniter.php(904): App\Controllers\Pengeluarankasir->formedit()
 7 SYSTEMPATH\CodeIgniter.php(457): CodeIgniter\CodeIgniter->runController(Object(App\Controllers\Pengeluarankasir))
 8 SYSTEMPATH\CodeIgniter.php(340): CodeIgniter\CodeIgniter->handleRequest(null, Object(Config\Cache), false)
 9 FCPATH\index.php(67): CodeIgniter\CodeIgniter->run()
10 SYSTEMPATH\Commands\Server\rewrite.php(43): require_once('FCPATH\\index.php')
CRITICAL - 2023-05-13 14:10:54 --> preg_replace(): Passing null to parameter #3 ($subject) of type array|string is deprecated
in APPPATH\Controllers\Pengeluarankasir.php on line 265.
 1 [internal function]: CodeIgniter\Debug\Exceptions->errorHandler(8192, 'preg_replace(): Passing null to parameter #3 ($subject) of type array|string is deprecated', 'APPPATH\\Controllers\\Pengeluarankasir.php', 265)
 2 APPPATH\Controllers\Pengeluarankasir.php(265): preg_replace('/[^a-zA-Z0-9]/', 'ROOTPATH\\public', null)
 3 SYSTEMPATH\CodeIgniter.php(904): App\Controllers\Pengeluarankasir->updatedata()
 4 SYSTEMPATH\CodeIgniter.php(457): CodeIgniter\CodeIgniter->runController(Object(App\Controllers\Pengeluarankasir))
 5 SYSTEMPATH\CodeIgniter.php(340): CodeIgniter\CodeIgniter->handleRequest(null, Object(Config\Cache), false)
 6 FCPATH\index.php(67): CodeIgniter\CodeIgniter->run()
 7 SYSTEMPATH\Commands\Server\rewrite.php(43): require_once('FCPATH\\index.php')
CRITICAL - 2023-05-13 14:11:46 --> preg_replace(): Passing null to parameter #3 ($subject) of type array|string is deprecated
in APPPATH\Controllers\Pengeluarankasir.php on line 268.
 1 [internal function]: CodeIgniter\Debug\Exceptions->errorHandler(8192, 'preg_replace(): Passing null to parameter #3 ($subject) of type array|string is deprecated', 'APPPATH\\Controllers\\Pengeluarankasir.php', 268)
 2 APPPATH\Controllers\Pengeluarankasir.php(268): preg_replace('/[^a-zA-Z0-9]/', 'ROOTPATH\\public', null)
 3 SYSTEMPATH\CodeIgniter.php(904): App\Controllers\Pengeluarankasir->updatedata()
 4 SYSTEMPATH\CodeIgniter.php(457): CodeIgniter\CodeIgniter->runController(Object(App\Controllers\Pengeluarankasir))
 5 SYSTEMPATH\CodeIgniter.php(340): CodeIgniter\CodeIgniter->handleRequest(null, Object(Config\Cache), false)
 6 FCPATH\index.php(67): CodeIgniter\CodeIgniter->run()
 7 SYSTEMPATH\Commands\Server\rewrite.php(43): require_once('FCPATH\\index.php')
CRITICAL - 2023-05-13 14:35:06 --> Call to a member function insert() on null
in APPPATH\Controllers\Pengeluarankasir.php on line 294.
 1 SYSTEMPATH\CodeIgniter.php(904): App\Controllers\Pengeluarankasir->updatedata()
 2 SYSTEMPATH\CodeIgniter.php(457): CodeIgniter\CodeIgniter->runController(Object(App\Controllers\Pengeluarankasir))
 3 SYSTEMPATH\CodeIgniter.php(340): CodeIgniter\CodeIgniter->handleRequest(null, Object(Config\Cache), false)
 4 FCPATH\index.php(67): CodeIgniter\CodeIgniter->run()
 5 SYSTEMPATH\Commands\Server\rewrite.php(43): require_once('FCPATH\\index.php')
CRITICAL - 2023-05-13 14:41:17 --> Undefined array key "kode"
in APPPATH\Controllers\Mohfaktur.php on line 1050.
 1 APPPATH\Controllers\Mohfaktur.php(1050): CodeIgniter\Debug\Exceptions->errorHandler(2, 'Undefined array key "kode"', 'APPPATH\\Controllers\\Mohfaktur.php', 1050)
 2 SYSTEMPATH\CodeIgniter.php(904): App\Controllers\mohfaktur->repl_sales()
 3 SYSTEMPATH\CodeIgniter.php(457): CodeIgniter\CodeIgniter->runController(Object(App\Controllers\mohfaktur))
 4 SYSTEMPATH\CodeIgniter.php(340): CodeIgniter\CodeIgniter->handleRequest(null, Object(Config\Cache), false)
 5 FCPATH\index.php(67): CodeIgniter\CodeIgniter->run()
 6 SYSTEMPATH\Commands\Server\rewrite.php(43): require_once('FCPATH\\index.php')
CRITICAL - 2023-05-13 14:41:17 --> Undefined array key "kode"
in APPPATH\Controllers\Mohfaktur.php on line 1050.
 1 APPPATH\Controllers\Mohfaktur.php(1050): CodeIgniter\Debug\Exceptions->errorHandler(2, 'Undefined array key "kode"', 'APPPATH\\Controllers\\Mohfaktur.php', 1050)
 2 SYSTEMPATH\CodeIgniter.php(904): App\Controllers\mohfaktur->repl_sales()
 3 SYSTEMPATH\CodeIgniter.php(457): CodeIgniter\CodeIgniter->runController(Object(App\Controllers\mohfaktur))
 4 SYSTEMPATH\CodeIgniter.php(340): CodeIgniter\CodeIgniter->handleRequest(null, Object(Config\Cache), false)
 5 FCPATH\index.php(67): CodeIgniter\CodeIgniter->run()
 6 SYSTEMPATH\Commands\Server\rewrite.php(43): require_once('FCPATH\\index.php')
CRITICAL - 2023-05-13 14:41:17 --> Undefined array key "kode"
in APPPATH\Controllers\Mohfaktur.php on line 1072.
 1 APPPATH\Controllers\Mohfaktur.php(1072): CodeIgniter\Debug\Exceptions->errorHandler(2, 'Undefined array key "kode"', 'APPPATH\\Controllers\\Mohfaktur.php', 1072)
 2 SYSTEMPATH\CodeIgniter.php(904): App\Controllers\mohfaktur->repl_model()
 3 SYSTEMPATH\CodeIgniter.php(457): CodeIgniter\CodeIgniter->runController(Object(App\Controllers\mohfaktur))
 4 SYSTEMPATH\CodeIgniter.php(340): CodeIgniter\CodeIgniter->handleRequest(null, Object(Config\Cache), false)
 5 FCPATH\index.php(67): CodeIgniter\CodeIgniter->run()
 6 SYSTEMPATH\Commands\Server\rewrite.php(43): require_once('FCPATH\\index.php')
CRITICAL - 2023-05-13 14:41:17 --> Undefined array key "kode"
in APPPATH\Controllers\Mohfaktur.php on line 1094.
 1 APPPATH\Controllers\Mohfaktur.php(1094): CodeIgniter\Debug\Exceptions->errorHandler(2, 'Undefined array key "kode"', 'APPPATH\\Controllers\\Mohfaktur.php', 1094)
 2 SYSTEMPATH\CodeIgniter.php(904): App\Controllers\mohfaktur->repl_sm()
 3 SYSTEMPATH\CodeIgniter.php(457): CodeIgniter\CodeIgniter->runController(Object(App\Controllers\mohfaktur))
 4 SYSTEMPATH\CodeIgniter.php(340): CodeIgniter\CodeIgniter->handleRequest(null, Object(Config\Cache), false)
 5 FCPATH\index.php(67): CodeIgniter\CodeIgniter->run()
 6 SYSTEMPATH\Commands\Server\rewrite.php(43): require_once('FCPATH\\index.php')
CRITICAL - 2023-05-13 14:41:18 --> Undefined array key "kode"
in APPPATH\Controllers\Mohfaktur.php on line 1116.
 1 APPPATH\Controllers\Mohfaktur.php(1116): CodeIgniter\Debug\Exceptions->errorHandler(2, 'Undefined array key "kode"', 'APPPATH\\Controllers\\Mohfaktur.php', 1116)
 2 SYSTEMPATH\CodeIgniter.php(904): App\Controllers\mohfaktur->repl_nmstnk()
 3 SYSTEMPATH\CodeIgniter.php(457): CodeIgniter\CodeIgniter->runController(Object(App\Controllers\mohfaktur))
 4 SYSTEMPATH\CodeIgniter.php(340): CodeIgniter\CodeIgniter->handleRequest(null, Object(Config\Cache), false)
 5 FCPATH\index.php(67): CodeIgniter\CodeIgniter->run()
 6 SYSTEMPATH\Commands\Server\rewrite.php(43): require_once('FCPATH\\index.php')
CRITICAL - 2023-05-13 14:41:45 --> Undefined array key "kode"
in APPPATH\Controllers\Mohfaktur.php on line 1050.
 1 APPPATH\Controllers\Mohfaktur.php(1050): CodeIgniter\Debug\Exceptions->errorHandler(2, 'Undefined array key "kode"', 'APPPATH\\Controllers\\Mohfaktur.php', 1050)
 2 SYSTEMPATH\CodeIgniter.php(904): App\Controllers\mohfaktur->repl_sales()
 3 SYSTEMPATH\CodeIgniter.php(457): CodeIgniter\CodeIgniter->runController(Object(App\Controllers\mohfaktur))
 4 SYSTEMPATH\CodeIgniter.php(340): CodeIgniter\CodeIgniter->handleRequest(null, Object(Config\Cache), false)
 5 FCPATH\index.php(67): CodeIgniter\CodeIgniter->run()
 6 SYSTEMPATH\Commands\Server\rewrite.php(43): require_once('FCPATH\\index.php')
CRITICAL - 2023-05-13 14:41:45 --> Undefined array key "kode"
in APPPATH\Controllers\Mohfaktur.php on line 1050.
 1 APPPATH\Controllers\Mohfaktur.php(1050): CodeIgniter\Debug\Exceptions->errorHandler(2, 'Undefined array key "kode"', 'APPPATH\\Controllers\\Mohfaktur.php', 1050)
 2 SYSTEMPATH\CodeIgniter.php(904): App\Controllers\mohfaktur->repl_sales()
 3 SYSTEMPATH\CodeIgniter.php(457): CodeIgniter\CodeIgniter->runController(Object(App\Controllers\mohfaktur))
 4 SYSTEMPATH\CodeIgniter.php(340): CodeIgniter\CodeIgniter->handleRequest(null, Object(Config\Cache), false)
 5 FCPATH\index.php(67): CodeIgniter\CodeIgniter->run()
 6 SYSTEMPATH\Commands\Server\rewrite.php(43): require_once('FCPATH\\index.php')
CRITICAL - 2023-05-13 14:41:45 --> Undefined array key "kode"
in APPPATH\Controllers\Mohfaktur.php on line 1072.
 1 APPPATH\Controllers\Mohfaktur.php(1072): CodeIgniter\Debug\Exceptions->errorHandler(2, 'Undefined array key "kode"', 'APPPATH\\Controllers\\Mohfaktur.php', 1072)
 2 SYSTEMPATH\CodeIgniter.php(904): App\Controllers\mohfaktur->repl_model()
 3 SYSTEMPATH\CodeIgniter.php(457): CodeIgniter\CodeIgniter->runController(Object(App\Controllers\mohfaktur))
 4 SYSTEMPATH\CodeIgniter.php(340): CodeIgniter\CodeIgniter->handleRequest(null, Object(Config\Cache), false)
 5 FCPATH\index.php(67): CodeIgniter\CodeIgniter->run()
 6 SYSTEMPATH\Commands\Server\rewrite.php(43): require_once('FCPATH\\index.php')
CRITICAL - 2023-05-13 14:41:45 --> Undefined array key "kode"
in APPPATH\Controllers\Mohfaktur.php on line 1094.
 1 APPPATH\Controllers\Mohfaktur.php(1094): CodeIgniter\Debug\Exceptions->errorHandler(2, 'Undefined array key "kode"', 'APPPATH\\Controllers\\Mohfaktur.php', 1094)
 2 SYSTEMPATH\CodeIgniter.php(904): App\Controllers\mohfaktur->repl_sm()
 3 SYSTEMPATH\CodeIgniter.php(457): CodeIgniter\CodeIgniter->runController(Object(App\Controllers\mohfaktur))
 4 SYSTEMPATH\CodeIgniter.php(340): CodeIgniter\CodeIgniter->handleRequest(null, Object(Config\Cache), false)
 5 FCPATH\index.php(67): CodeIgniter\CodeIgniter->run()
 6 SYSTEMPATH\Commands\Server\rewrite.php(43): require_once('FCPATH\\index.php')
CRITICAL - 2023-05-13 14:41:46 --> Undefined array key "kode"
in APPPATH\Controllers\Mohfaktur.php on line 1116.
 1 APPPATH\Controllers\Mohfaktur.php(1116): CodeIgniter\Debug\Exceptions->errorHandler(2, 'Undefined array key "kode"', 'APPPATH\\Controllers\\Mohfaktur.php', 1116)
 2 SYSTEMPATH\CodeIgniter.php(904): App\Controllers\mohfaktur->repl_nmstnk()
 3 SYSTEMPATH\CodeIgniter.php(457): CodeIgniter\CodeIgniter->runController(Object(App\Controllers\mohfaktur))
 4 SYSTEMPATH\CodeIgniter.php(340): CodeIgniter\CodeIgniter->handleRequest(null, Object(Config\Cache), false)
 5 FCPATH\index.php(67): CodeIgniter\CodeIgniter->run()
 6 SYSTEMPATH\Commands\Server\rewrite.php(43): require_once('FCPATH\\index.php')
CRITICAL - 2023-05-13 14:42:17 --> Undefined array key "kode"
in APPPATH\Controllers\Mohfaktur.php on line 1050.
 1 APPPATH\Controllers\Mohfaktur.php(1050): CodeIgniter\Debug\Exceptions->errorHandler(2, 'Undefined array key "kode"', 'APPPATH\\Controllers\\Mohfaktur.php', 1050)
 2 SYSTEMPATH\CodeIgniter.php(904): App\Controllers\mohfaktur->repl_sales()
 3 SYSTEMPATH\CodeIgniter.php(457): CodeIgniter\CodeIgniter->runController(Object(App\Controllers\mohfaktur))
 4 SYSTEMPATH\CodeIgniter.php(340): CodeIgniter\CodeIgniter->handleRequest(null, Object(Config\Cache), false)
 5 FCPATH\index.php(67): CodeIgniter\CodeIgniter->run()
 6 SYSTEMPATH\Commands\Server\rewrite.php(43): require_once('FCPATH\\index.php')
CRITICAL - 2023-05-13 14:42:17 --> Undefined array key "kode"
in APPPATH\Controllers\Mohfaktur.php on line 1050.
 1 APPPATH\Controllers\Mohfaktur.php(1050): CodeIgniter\Debug\Exceptions->errorHandler(2, 'Undefined array key "kode"', 'APPPATH\\Controllers\\Mohfaktur.php', 1050)
 2 SYSTEMPATH\CodeIgniter.php(904): App\Controllers\mohfaktur->repl_sales()
 3 SYSTEMPATH\CodeIgniter.php(457): CodeIgniter\CodeIgniter->runController(Object(App\Controllers\mohfaktur))
 4 SYSTEMPATH\CodeIgniter.php(340): CodeIgniter\CodeIgniter->handleRequest(null, Object(Config\Cache), false)
 5 FCPATH\index.php(67): CodeIgniter\CodeIgniter->run()
 6 SYSTEMPATH\Commands\Server\rewrite.php(43): require_once('FCPATH\\index.php')
CRITICAL - 2023-05-13 14:42:17 --> Undefined array key "kode"
in APPPATH\Controllers\Mohfaktur.php on line 1072.
 1 APPPATH\Controllers\Mohfaktur.php(1072): CodeIgniter\Debug\Exceptions->errorHandler(2, 'Undefined array key "kode"', 'APPPATH\\Controllers\\Mohfaktur.php', 1072)
 2 SYSTEMPATH\CodeIgniter.php(904): App\Controllers\mohfaktur->repl_model()
 3 SYSTEMPATH\CodeIgniter.php(457): CodeIgniter\CodeIgniter->runController(Object(App\Controllers\mohfaktur))
 4 SYSTEMPATH\CodeIgniter.php(340): CodeIgniter\CodeIgniter->handleRequest(null, Object(Config\Cache), false)
 5 FCPATH\index.php(67): CodeIgniter\CodeIgniter->run()
 6 SYSTEMPATH\Commands\Server\rewrite.php(43): require_once('FCPATH\\index.php')
CRITICAL - 2023-05-13 14:42:17 --> Undefined array key "kode"
in APPPATH\Controllers\Mohfaktur.php on line 1094.
 1 APPPATH\Controllers\Mohfaktur.php(1094): CodeIgniter\Debug\Exceptions->errorHandler(2, 'Undefined array key "kode"', 'APPPATH\\Controllers\\Mohfaktur.php', 1094)
 2 SYSTEMPATH\CodeIgniter.php(904): App\Controllers\mohfaktur->repl_sm()
 3 SYSTEMPATH\CodeIgniter.php(457): CodeIgniter\CodeIgniter->runController(Object(App\Controllers\mohfaktur))
 4 SYSTEMPATH\CodeIgniter.php(340): CodeIgniter\CodeIgniter->handleRequest(null, Object(Config\Cache), false)
 5 FCPATH\index.php(67): CodeIgniter\CodeIgniter->run()
 6 SYSTEMPATH\Commands\Server\rewrite.php(43): require_once('FCPATH\\index.php')
CRITICAL - 2023-05-13 14:42:18 --> Undefined array key "kode"
in APPPATH\Controllers\Mohfaktur.php on line 1116.
 1 APPPATH\Controllers\Mohfaktur.php(1116): CodeIgniter\Debug\Exceptions->errorHandler(2, 'Undefined array key "kode"', 'APPPATH\\Controllers\\Mohfaktur.php', 1116)
 2 SYSTEMPATH\CodeIgniter.php(904): App\Controllers\mohfaktur->repl_nmstnk()
 3 SYSTEMPATH\CodeIgniter.php(457): CodeIgniter\CodeIgniter->runController(Object(App\Controllers\mohfaktur))
 4 SYSTEMPATH\CodeIgniter.php(340): CodeIgniter\CodeIgniter->handleRequest(null, Object(Config\Cache), false)
 5 FCPATH\index.php(67): CodeIgniter\CodeIgniter->run()
 6 SYSTEMPATH\Commands\Server\rewrite.php(43): require_once('FCPATH\\index.php')
CRITICAL - 2023-05-13 14:42:57 --> Undefined array key "kode"
in APPPATH\Controllers\Mohfaktur.php on line 1050.
 1 APPPATH\Controllers\Mohfaktur.php(1050): CodeIgniter\Debug\Exceptions->errorHandler(2, 'Undefined array key "kode"', 'APPPATH\\Controllers\\Mohfaktur.php', 1050)
 2 SYSTEMPATH\CodeIgniter.php(904): App\Controllers\mohfaktur->repl_sales()
 3 SYSTEMPATH\CodeIgniter.php(457): CodeIgniter\CodeIgniter->runController(Object(App\Controllers\mohfaktur))
 4 SYSTEMPATH\CodeIgniter.php(340): CodeIgniter\CodeIgniter->handleRequest(null, Object(Config\Cache), false)
 5 FCPATH\index.php(67): CodeIgniter\CodeIgniter->run()
 6 SYSTEMPATH\Commands\Server\rewrite.php(43): require_once('FCPATH\\index.php')
CRITICAL - 2023-05-13 14:42:57 --> Undefined array key "kode"
in APPPATH\Controllers\Mohfaktur.php on line 1050.
 1 APPPATH\Controllers\Mohfaktur.php(1050): CodeIgniter\Debug\Exceptions->errorHandler(2, 'Undefined array key "kode"', 'APPPATH\\Controllers\\Mohfaktur.php', 1050)
 2 SYSTEMPATH\CodeIgniter.php(904): App\Controllers\mohfaktur->repl_sales()
 3 SYSTEMPATH\CodeIgniter.php(457): CodeIgniter\CodeIgniter->runController(Object(App\Controllers\mohfaktur))
 4 SYSTEMPATH\CodeIgniter.php(340): CodeIgniter\CodeIgniter->handleRequest(null, Object(Config\Cache), false)
 5 FCPATH\index.php(67): CodeIgniter\CodeIgniter->run()
 6 SYSTEMPATH\Commands\Server\rewrite.php(43): require_once('FCPATH\\index.php')
CRITICAL - 2023-05-13 14:42:57 --> Undefined array key "kode"
in APPPATH\Controllers\Mohfaktur.php on line 1072.
 1 APPPATH\Controllers\Mohfaktur.php(1072): CodeIgniter\Debug\Exceptions->errorHandler(2, 'Undefined array key "kode"', 'APPPATH\\Controllers\\Mohfaktur.php', 1072)
 2 SYSTEMPATH\CodeIgniter.php(904): App\Controllers\mohfaktur->repl_model()
 3 SYSTEMPATH\CodeIgniter.php(457): CodeIgniter\CodeIgniter->runController(Object(App\Controllers\mohfaktur))
 4 SYSTEMPATH\CodeIgniter.php(340): CodeIgniter\CodeIgniter->handleRequest(null, Object(Config\Cache), false)
 5 FCPATH\index.php(67): CodeIgniter\CodeIgniter->run()
 6 SYSTEMPATH\Commands\Server\rewrite.php(43): require_once('FCPATH\\index.php')
CRITICAL - 2023-05-13 14:42:57 --> Undefined array key "kode"
in APPPATH\Controllers\Mohfaktur.php on line 1094.
 1 APPPATH\Controllers\Mohfaktur.php(1094): CodeIgniter\Debug\Exceptions->errorHandler(2, 'Undefined array key "kode"', 'APPPATH\\Controllers\\Mohfaktur.php', 1094)
 2 SYSTEMPATH\CodeIgniter.php(904): App\Controllers\mohfaktur->repl_sm()
 3 SYSTEMPATH\CodeIgniter.php(457): CodeIgniter\CodeIgniter->runController(Object(App\Controllers\mohfaktur))
 4 SYSTEMPATH\CodeIgniter.php(340): CodeIgniter\CodeIgniter->handleRequest(null, Object(Config\Cache), false)
 5 FCPATH\index.php(67): CodeIgniter\CodeIgniter->run()
 6 SYSTEMPATH\Commands\Server\rewrite.php(43): require_once('FCPATH\\index.php')
CRITICAL - 2023-05-13 14:42:57 --> Undefined array key "kode"
in APPPATH\Controllers\Mohfaktur.php on line 1116.
 1 APPPATH\Controllers\Mohfaktur.php(1116): CodeIgniter\Debug\Exceptions->errorHandler(2, 'Undefined array key "kode"', 'APPPATH\\Controllers\\Mohfaktur.php', 1116)
 2 SYSTEMPATH\CodeIgniter.php(904): App\Controllers\mohfaktur->repl_nmstnk()
 3 SYSTEMPATH\CodeIgniter.php(457): CodeIgniter\CodeIgniter->runController(Object(App\Controllers\mohfaktur))
 4 SYSTEMPATH\CodeIgniter.php(340): CodeIgniter\CodeIgniter->handleRequest(null, Object(Config\Cache), false)
 5 FCPATH\index.php(67): CodeIgniter\CodeIgniter->run()
 6 SYSTEMPATH\Commands\Server\rewrite.php(43): require_once('FCPATH\\index.php')
CRITICAL - 2023-05-13 14:42:58 --> preg_replace(): Passing null to parameter #3 ($subject) of type array|string is deprecated
in APPPATH\Controllers\Pengeluarankasir.php on line 168.
 1 [internal function]: CodeIgniter\Debug\Exceptions->errorHandler(8192, 'preg_replace(): Passing null to parameter #3 ($subject) of type array|string is deprecated', 'APPPATH\\Controllers\\Pengeluarankasir.php', 168)
 2 APPPATH\Controllers\Pengeluarankasir.php(168): preg_replace('/[^a-zA-Z0-9]/', 'ROOTPATH\\public', null)
 3 SYSTEMPATH\CodeIgniter.php(904): App\Controllers\Pengeluarankasir->simpandata()
 4 SYSTEMPATH\CodeIgniter.php(457): CodeIgniter\CodeIgniter->runController(Object(App\Controllers\Pengeluarankasir))
 5 SYSTEMPATH\CodeIgniter.php(340): CodeIgniter\CodeIgniter->handleRequest(null, Object(Config\Cache), false)
 6 FCPATH\index.php(67): CodeIgniter\CodeIgniter->run()
 7 SYSTEMPATH\Commands\Server\rewrite.php(43): require_once('FCPATH\\index.php')
CRITICAL - 2023-05-13 14:47:03 --> Undefined array key "kode"
in APPPATH\Controllers\Mohfaktur.php on line 1050.
 1 APPPATH\Controllers\Mohfaktur.php(1050): CodeIgniter\Debug\Exceptions->errorHandler(2, 'Undefined array key "kode"', 'APPPATH\\Controllers\\Mohfaktur.php', 1050)
 2 SYSTEMPATH\CodeIgniter.php(904): App\Controllers\mohfaktur->repl_sales()
 3 SYSTEMPATH\CodeIgniter.php(457): CodeIgniter\CodeIgniter->runController(Object(App\Controllers\mohfaktur))
 4 SYSTEMPATH\CodeIgniter.php(340): CodeIgniter\CodeIgniter->handleRequest(null, Object(Config\Cache), false)
 5 FCPATH\index.php(67): CodeIgniter\CodeIgniter->run()
 6 SYSTEMPATH\Commands\Server\rewrite.php(43): require_once('FCPATH\\index.php')
CRITICAL - 2023-05-13 14:47:04 --> Undefined array key "kode"
in APPPATH\Controllers\Mohfaktur.php on line 1050.
 1 APPPATH\Controllers\Mohfaktur.php(1050): CodeIgniter\Debug\Exceptions->errorHandler(2, 'Undefined array key "kode"', 'APPPATH\\Controllers\\Mohfaktur.php', 1050)
 2 SYSTEMPATH\CodeIgniter.php(904): App\Controllers\mohfaktur->repl_sales()
 3 SYSTEMPATH\CodeIgniter.php(457): CodeIgniter\CodeIgniter->runController(Object(App\Controllers\mohfaktur))
 4 SYSTEMPATH\CodeIgniter.php(340): CodeIgniter\CodeIgniter->handleRequest(null, Object(Config\Cache), false)
 5 FCPATH\index.php(67): CodeIgniter\CodeIgniter->run()
 6 SYSTEMPATH\Commands\Server\rewrite.php(43): require_once('FCPATH\\index.php')
CRITICAL - 2023-05-13 14:47:04 --> Undefined array key "kode"
in APPPATH\Controllers\Mohfaktur.php on line 1072.
 1 APPPATH\Controllers\Mohfaktur.php(1072): CodeIgniter\Debug\Exceptions->errorHandler(2, 'Undefined array key "kode"', 'APPPATH\\Controllers\\Mohfaktur.php', 1072)
 2 SYSTEMPATH\CodeIgniter.php(904): App\Controllers\mohfaktur->repl_model()
 3 SYSTEMPATH\CodeIgniter.php(457): CodeIgniter\CodeIgniter->runController(Object(App\Controllers\mohfaktur))
 4 SYSTEMPATH\CodeIgniter.php(340): CodeIgniter\CodeIgniter->handleRequest(null, Object(Config\Cache), false)
 5 FCPATH\index.php(67): CodeIgniter\CodeIgniter->run()
 6 SYSTEMPATH\Commands\Server\rewrite.php(43): require_once('FCPATH\\index.php')
CRITICAL - 2023-05-13 14:47:04 --> Undefined array key "kode"
in APPPATH\Controllers\Mohfaktur.php on line 1094.
 1 APPPATH\Controllers\Mohfaktur.php(1094): CodeIgniter\Debug\Exceptions->errorHandler(2, 'Undefined array key "kode"', 'APPPATH\\Controllers\\Mohfaktur.php', 1094)
 2 SYSTEMPATH\CodeIgniter.php(904): App\Controllers\mohfaktur->repl_sm()
 3 SYSTEMPATH\CodeIgniter.php(457): CodeIgniter\CodeIgniter->runController(Object(App\Controllers\mohfaktur))
 4 SYSTEMPATH\CodeIgniter.php(340): CodeIgniter\CodeIgniter->handleRequest(null, Object(Config\Cache), false)
 5 FCPATH\index.php(67): CodeIgniter\CodeIgniter->run()
 6 SYSTEMPATH\Commands\Server\rewrite.php(43): require_once('FCPATH\\index.php')
CRITICAL - 2023-05-13 14:47:04 --> Undefined array key "kode"
in APPPATH\Controllers\Mohfaktur.php on line 1116.
 1 APPPATH\Controllers\Mohfaktur.php(1116): CodeIgniter\Debug\Exceptions->errorHandler(2, 'Undefined array key "kode"', 'APPPATH\\Controllers\\Mohfaktur.php', 1116)
 2 SYSTEMPATH\CodeIgniter.php(904): App\Controllers\mohfaktur->repl_nmstnk()
 3 SYSTEMPATH\CodeIgniter.php(457): CodeIgniter\CodeIgniter->runController(Object(App\Controllers\mohfaktur))
 4 SYSTEMPATH\CodeIgniter.php(340): CodeIgniter\CodeIgniter->handleRequest(null, Object(Config\Cache), false)
 5 FCPATH\index.php(67): CodeIgniter\CodeIgniter->run()
 6 SYSTEMPATH\Commands\Server\rewrite.php(43): require_once('FCPATH\\index.php')
CRITICAL - 2023-05-13 14:53:39 --> Undefined array key "kode"
in APPPATH\Controllers\Mohfaktur.php on line 1050.
 1 APPPATH\Controllers\Mohfaktur.php(1050): CodeIgniter\Debug\Exceptions->errorHandler(2, 'Undefined array key "kode"', 'APPPATH\\Controllers\\Mohfaktur.php', 1050)
 2 SYSTEMPATH\CodeIgniter.php(904): App\Controllers\mohfaktur->repl_sales()
 3 SYSTEMPATH\CodeIgniter.php(457): CodeIgniter\CodeIgniter->runController(Object(App\Controllers\mohfaktur))
 4 SYSTEMPATH\CodeIgniter.php(340): CodeIgniter\CodeIgniter->handleRequest(null, Object(Config\Cache), false)
 5 FCPATH\index.php(67): CodeIgniter\CodeIgniter->run()
 6 SYSTEMPATH\Commands\Server\rewrite.php(43): require_once('FCPATH\\index.php')
CRITICAL - 2023-05-13 14:53:39 --> Undefined array key "kode"
in APPPATH\Controllers\Mohfaktur.php on line 1050.
 1 APPPATH\Controllers\Mohfaktur.php(1050): CodeIgniter\Debug\Exceptions->errorHandler(2, 'Undefined array key "kode"', 'APPPATH\\Controllers\\Mohfaktur.php', 1050)
 2 SYSTEMPATH\CodeIgniter.php(904): App\Controllers\mohfaktur->repl_sales()
 3 SYSTEMPATH\CodeIgniter.php(457): CodeIgniter\CodeIgniter->runController(Object(App\Controllers\mohfaktur))
 4 SYSTEMPATH\CodeIgniter.php(340): CodeIgniter\CodeIgniter->handleRequest(null, Object(Config\Cache), false)
 5 FCPATH\index.php(67): CodeIgniter\CodeIgniter->run()
 6 SYSTEMPATH\Commands\Server\rewrite.php(43): require_once('FCPATH\\index.php')
CRITICAL - 2023-05-13 14:53:39 --> Undefined array key "kode"
in APPPATH\Controllers\Mohfaktur.php on line 1072.
 1 APPPATH\Controllers\Mohfaktur.php(1072): CodeIgniter\Debug\Exceptions->errorHandler(2, 'Undefined array key "kode"', 'APPPATH\\Controllers\\Mohfaktur.php', 1072)
 2 SYSTEMPATH\CodeIgniter.php(904): App\Controllers\mohfaktur->repl_model()
 3 SYSTEMPATH\CodeIgniter.php(457): CodeIgniter\CodeIgniter->runController(Object(App\Controllers\mohfaktur))
 4 SYSTEMPATH\CodeIgniter.php(340): CodeIgniter\CodeIgniter->handleRequest(null, Object(Config\Cache), false)
 5 FCPATH\index.php(67): CodeIgniter\CodeIgniter->run()
 6 SYSTEMPATH\Commands\Server\rewrite.php(43): require_once('FCPATH\\index.php')
CRITICAL - 2023-05-13 14:53:39 --> Undefined array key "kode"
in APPPATH\Controllers\Mohfaktur.php on line 1094.
 1 APPPATH\Controllers\Mohfaktur.php(1094): CodeIgniter\Debug\Exceptions->errorHandler(2, 'Undefined array key "kode"', 'APPPATH\\Controllers\\Mohfaktur.php', 1094)
 2 SYSTEMPATH\CodeIgniter.php(904): App\Controllers\mohfaktur->repl_sm()
 3 SYSTEMPATH\CodeIgniter.php(457): CodeIgniter\CodeIgniter->runController(Object(App\Controllers\mohfaktur))
 4 SYSTEMPATH\CodeIgniter.php(340): CodeIgniter\CodeIgniter->handleRequest(null, Object(Config\Cache), false)
 5 FCPATH\index.php(67): CodeIgniter\CodeIgniter->run()
 6 SYSTEMPATH\Commands\Server\rewrite.php(43): require_once('FCPATH\\index.php')
CRITICAL - 2023-05-13 14:53:40 --> Undefined array key "kode"
in APPPATH\Controllers\Mohfaktur.php on line 1116.
 1 APPPATH\Controllers\Mohfaktur.php(1116): CodeIgniter\Debug\Exceptions->errorHandler(2, 'Undefined array key "kode"', 'APPPATH\\Controllers\\Mohfaktur.php', 1116)
 2 SYSTEMPATH\CodeIgniter.php(904): App\Controllers\mohfaktur->repl_nmstnk()
 3 SYSTEMPATH\CodeIgniter.php(457): CodeIgniter\CodeIgniter->runController(Object(App\Controllers\mohfaktur))
 4 SYSTEMPATH\CodeIgniter.php(340): CodeIgniter\CodeIgniter->handleRequest(null, Object(Config\Cache), false)
 5 FCPATH\index.php(67): CodeIgniter\CodeIgniter->run()
 6 SYSTEMPATH\Commands\Server\rewrite.php(43): require_once('FCPATH\\index.php')
