CRITICAL - 2022-12-06 09:41:44 --> Undefined variable $k
in APPPATH\Views\wo\tabel_estimasi.php on line 53.
 1 APPPATH\Views\wo\tabel_estimasi.php(53): CodeIgniter\Debug\Exceptions->errorHandler(2, 'Undefined variable $k', 'APPPATH\\Views\\wo\\tabel_estimasi.php', 53)
 2 SYSTEMPATH\View\View.php(213): include('APPPATH\\Views\\wo\\tabel_estimasi.php')
 3 SYSTEMPATH\View\View.php(216): CodeIgniter\View\View->CodeIgniter\View\{closure}()
 4 SYSTEMPATH\Common.php(1142): CodeIgniter\View\View->render('wo/tabel_estimasi', [], true)
 5 APPPATH\Controllers\Wo.php(481): view('wo/tabel_estimasi', [...])
 6 SYSTEMPATH\CodeIgniter.php(904): App\Controllers\Wo->table_estimasi()
 7 SYSTEMPATH\CodeIgniter.php(457): CodeIgniter\CodeIgniter->runController(Object(App\Controllers\Wo))
 8 SYSTEMPATH\CodeIgniter.php(340): CodeIgniter\CodeIgniter->handleRequest(null, Object(Config\Cache), false)
 9 FCPATH\index.php(67): CodeIgniter\CodeIgniter->run()
10 SYSTEMPATH\Commands\Server\rewrite.php(43): require_once('FCPATH\\index.php')
CRITICAL - 2022-12-06 09:42:11 --> Attempt to read property "noestimasi" on string
in APPPATH\Views\wo\tabel_estimasi.php on line 53.
 1 APPPATH\Views\wo\tabel_estimasi.php(53): CodeIgniter\Debug\Exceptions->errorHandler(2, 'Attempt to read property "noestimasi" on string', 'APPPATH\\Views\\wo\\tabel_estimasi.php', 53)
 2 SYSTEMPATH\View\View.php(213): include('APPPATH\\Views\\wo\\tabel_estimasi.php')
 3 SYSTEMPATH\View\View.php(216): CodeIgniter\View\View->CodeIgniter\View\{closure}()
 4 SYSTEMPATH\Common.php(1142): CodeIgniter\View\View->render('wo/tabel_estimasi', [], true)
 5 APPPATH\Controllers\Wo.php(481): view('wo/tabel_estimasi', [...])
 6 SYSTEMPATH\CodeIgniter.php(904): App\Controllers\Wo->table_estimasi()
 7 SYSTEMPATH\CodeIgniter.php(457): CodeIgniter\CodeIgniter->runController(Object(App\Controllers\Wo))
 8 SYSTEMPATH\CodeIgniter.php(340): CodeIgniter\CodeIgniter->handleRequest(null, Object(Config\Cache), false)
 9 FCPATH\index.php(67): CodeIgniter\CodeIgniter->run()
10 SYSTEMPATH\Commands\Server\rewrite.php(43): require_once('FCPATH\\index.php')
CRITICAL - 2022-12-06 09:43:52 --> Attempt to read property "noestimasi" on array
in APPPATH\Views\wo\tabel_estimasi.php on line 53.
 1 APPPATH\Views\wo\tabel_estimasi.php(53): CodeIgniter\Debug\Exceptions->errorHandler(2, 'Attempt to read property "noestimasi" on array', 'APPPATH\\Views\\wo\\tabel_estimasi.php', 53)
 2 SYSTEMPATH\View\View.php(213): include('APPPATH\\Views\\wo\\tabel_estimasi.php')
 3 SYSTEMPATH\View\View.php(216): CodeIgniter\View\View->CodeIgniter\View\{closure}()
 4 SYSTEMPATH\Common.php(1142): CodeIgniter\View\View->render('wo/tabel_estimasi', [], true)
 5 APPPATH\Controllers\Wo.php(481): view('wo/tabel_estimasi', [...])
 6 SYSTEMPATH\CodeIgniter.php(904): App\Controllers\Wo->table_estimasi()
 7 SYSTEMPATH\CodeIgniter.php(457): CodeIgniter\CodeIgniter->runController(Object(App\Controllers\Wo))
 8 SYSTEMPATH\CodeIgniter.php(340): CodeIgniter\CodeIgniter->handleRequest(null, Object(Config\Cache), false)
 9 FCPATH\index.php(67): CodeIgniter\CodeIgniter->run()
10 SYSTEMPATH\Commands\Server\rewrite.php(43): require_once('FCPATH\\index.php')
CRITICAL - 2022-12-06 09:44:03 --> Attempt to read property "noestimasi" on array
in APPPATH\Views\wo\tabel_estimasi.php on line 53.
 1 APPPATH\Views\wo\tabel_estimasi.php(53): CodeIgniter\Debug\Exceptions->errorHandler(2, 'Attempt to read property "noestimasi" on array', 'APPPATH\\Views\\wo\\tabel_estimasi.php', 53)
 2 SYSTEMPATH\View\View.php(213): include('APPPATH\\Views\\wo\\tabel_estimasi.php')
 3 SYSTEMPATH\View\View.php(216): CodeIgniter\View\View->CodeIgniter\View\{closure}()
 4 SYSTEMPATH\Common.php(1142): CodeIgniter\View\View->render('wo/tabel_estimasi', [], true)
 5 APPPATH\Controllers\Wo.php(481): view('wo/tabel_estimasi', [...])
 6 SYSTEMPATH\CodeIgniter.php(904): App\Controllers\Wo->table_estimasi()
 7 SYSTEMPATH\CodeIgniter.php(457): CodeIgniter\CodeIgniter->runController(Object(App\Controllers\Wo))
 8 SYSTEMPATH\CodeIgniter.php(340): CodeIgniter\CodeIgniter->handleRequest(null, Object(Config\Cache), false)
 9 FCPATH\index.php(67): CodeIgniter\CodeIgniter->run()
10 SYSTEMPATH\Commands\Server\rewrite.php(43): require_once('FCPATH\\index.php')
CRITICAL - 2022-12-06 09:47:23 --> Attempt to read property "noestimasi" on array
in APPPATH\Views\wo\tabel_estimasi.php on line 55.
 1 APPPATH\Views\wo\tabel_estimasi.php(55): CodeIgniter\Debug\Exceptions->errorHandler(2, 'Attempt to read property "noestimasi" on array', 'APPPATH\\Views\\wo\\tabel_estimasi.php', 55)
 2 SYSTEMPATH\View\View.php(213): include('APPPATH\\Views\\wo\\tabel_estimasi.php')
 3 SYSTEMPATH\View\View.php(216): CodeIgniter\View\View->CodeIgniter\View\{closure}()
 4 SYSTEMPATH\Common.php(1142): CodeIgniter\View\View->render('wo/tabel_estimasi', [], true)
 5 APPPATH\Controllers\Wo.php(481): view('wo/tabel_estimasi', [...])
 6 SYSTEMPATH\CodeIgniter.php(904): App\Controllers\Wo->table_estimasi()
 7 SYSTEMPATH\CodeIgniter.php(457): CodeIgniter\CodeIgniter->runController(Object(App\Controllers\Wo))
 8 SYSTEMPATH\CodeIgniter.php(340): CodeIgniter\CodeIgniter->handleRequest(null, Object(Config\Cache), false)
 9 FCPATH\index.php(67): CodeIgniter\CodeIgniter->run()
10 SYSTEMPATH\Commands\Server\rewrite.php(43): require_once('FCPATH\\index.php')
CRITICAL - 2022-12-06 09:48:00 --> Attempt to read property "tanggal" on array
in APPPATH\Views\wo\tabel_estimasi.php on line 56.
 1 APPPATH\Views\wo\tabel_estimasi.php(56): CodeIgniter\Debug\Exceptions->errorHandler(2, 'Attempt to read property "tanggal" on array', 'APPPATH\\Views\\wo\\tabel_estimasi.php', 56)
 2 SYSTEMPATH\View\View.php(213): include('APPPATH\\Views\\wo\\tabel_estimasi.php')
 3 SYSTEMPATH\View\View.php(216): CodeIgniter\View\View->CodeIgniter\View\{closure}()
 4 SYSTEMPATH\Common.php(1142): CodeIgniter\View\View->render('wo/tabel_estimasi', [], true)
 5 APPPATH\Controllers\Wo.php(481): view('wo/tabel_estimasi', [...])
 6 SYSTEMPATH\CodeIgniter.php(904): App\Controllers\Wo->table_estimasi()
 7 SYSTEMPATH\CodeIgniter.php(457): CodeIgniter\CodeIgniter->runController(Object(App\Controllers\Wo))
 8 SYSTEMPATH\CodeIgniter.php(340): CodeIgniter\CodeIgniter->handleRequest(null, Object(Config\Cache), false)
 9 FCPATH\index.php(67): CodeIgniter\CodeIgniter->run()
10 SYSTEMPATH\Commands\Server\rewrite.php(43): require_once('FCPATH\\index.php')
CRITICAL - 2022-12-06 09:48:58 --> Attempt to read property "noestimasi" on array
in APPPATH\Views\wo\tabel_estimasi.php on line 55.
 1 APPPATH\Views\wo\tabel_estimasi.php(55): CodeIgniter\Debug\Exceptions->errorHandler(2, 'Attempt to read property "noestimasi" on array', 'APPPATH\\Views\\wo\\tabel_estimasi.php', 55)
 2 SYSTEMPATH\View\View.php(213): include('APPPATH\\Views\\wo\\tabel_estimasi.php')
 3 SYSTEMPATH\View\View.php(216): CodeIgniter\View\View->CodeIgniter\View\{closure}()
 4 SYSTEMPATH\Common.php(1142): CodeIgniter\View\View->render('wo/tabel_estimasi', [], true)
 5 APPPATH\Controllers\Wo.php(481): view('wo/tabel_estimasi', [...])
 6 SYSTEMPATH\CodeIgniter.php(904): App\Controllers\Wo->table_estimasi()
 7 SYSTEMPATH\CodeIgniter.php(457): CodeIgniter\CodeIgniter->runController(Object(App\Controllers\Wo))
 8 SYSTEMPATH\CodeIgniter.php(340): CodeIgniter\CodeIgniter->handleRequest(null, Object(Config\Cache), false)
 9 FCPATH\index.php(67): CodeIgniter\CodeIgniter->run()
10 SYSTEMPATH\Commands\Server\rewrite.php(43): require_once('FCPATH\\index.php')
CRITICAL - 2022-12-06 09:49:10 --> Attempt to read property "noestimasi" on array
in APPPATH\Views\wo\tabel_estimasi.php on line 55.
 1 APPPATH\Views\wo\tabel_estimasi.php(55): CodeIgniter\Debug\Exceptions->errorHandler(2, 'Attempt to read property "noestimasi" on array', 'APPPATH\\Views\\wo\\tabel_estimasi.php', 55)
 2 SYSTEMPATH\View\View.php(213): include('APPPATH\\Views\\wo\\tabel_estimasi.php')
 3 SYSTEMPATH\View\View.php(216): CodeIgniter\View\View->CodeIgniter\View\{closure}()
 4 SYSTEMPATH\Common.php(1142): CodeIgniter\View\View->render('wo/tabel_estimasi', [], true)
 5 APPPATH\Controllers\Wo.php(481): view('wo/tabel_estimasi', [...])
 6 SYSTEMPATH\CodeIgniter.php(904): App\Controllers\Wo->table_estimasi()
 7 SYSTEMPATH\CodeIgniter.php(457): CodeIgniter\CodeIgniter->runController(Object(App\Controllers\Wo))
 8 SYSTEMPATH\CodeIgniter.php(340): CodeIgniter\CodeIgniter->handleRequest(null, Object(Config\Cache), false)
 9 FCPATH\index.php(67): CodeIgniter\CodeIgniter->run()
10 SYSTEMPATH\Commands\Server\rewrite.php(43): require_once('FCPATH\\index.php')
CRITICAL - 2022-12-06 09:53:07 --> CodeIgniter\Database\BaseBuilder::getWhere(): Argument #2 ($limit) must be of type ?int, string given, called in D:\xampp\htdocs\bp\system\Model.php on line 772
in SYSTEMPATH\Database\BaseBuilder.php on line 1706.
 1 SYSTEMPATH\Model.php(772): CodeIgniter\Database\BaseBuilder->getWhere('nopolisi', 'B123')
 2 APPPATH\Models\EstimasiModel.php(81): CodeIgniter\Model->__call('getwhere', [...])
 3 APPPATH\Controllers\Wo.php(479): App\Models\EstimasiModel->getwo('B123')
 4 SYSTEMPATH\CodeIgniter.php(904): App\Controllers\Wo->table_estimasi()
 5 SYSTEMPATH\CodeIgniter.php(457): CodeIgniter\CodeIgniter->runController(Object(App\Controllers\Wo))
 6 SYSTEMPATH\CodeIgniter.php(340): CodeIgniter\CodeIgniter->handleRequest(null, Object(Config\Cache), false)
 7 FCPATH\index.php(67): CodeIgniter\CodeIgniter->run()
 8 SYSTEMPATH\Commands\Server\rewrite.php(43): require_once('FCPATH\\index.php')
CRITICAL - 2022-12-06 09:56:32 --> Too few arguments to function App\Controllers\Wo::table_estimasi(), 0 passed in D:\xampp\htdocs\bp\system\CodeIgniter.php on line 904 and exactly 1 expected
in APPPATH\Controllers\Wo.php on line 474.
 1 SYSTEMPATH\CodeIgniter.php(904): App\Controllers\Wo->table_estimasi()
 2 SYSTEMPATH\CodeIgniter.php(457): CodeIgniter\CodeIgniter->runController(Object(App\Controllers\Wo))
 3 SYSTEMPATH\CodeIgniter.php(340): CodeIgniter\CodeIgniter->handleRequest(null, Object(Config\Cache), false)
 4 FCPATH\index.php(67): CodeIgniter\CodeIgniter->run()
 5 SYSTEMPATH\Commands\Server\rewrite.php(43): require_once('FCPATH\\index.php')
CRITICAL - 2022-12-06 10:02:06 --> Too few arguments to function App\Controllers\Wo::table_estimasi(), 0 passed in D:\xampp\htdocs\bp\system\CodeIgniter.php on line 904 and exactly 1 expected
in APPPATH\Controllers\Wo.php on line 474.
 1 SYSTEMPATH\CodeIgniter.php(904): App\Controllers\Wo->table_estimasi()
 2 SYSTEMPATH\CodeIgniter.php(457): CodeIgniter\CodeIgniter->runController(Object(App\Controllers\Wo))
 3 SYSTEMPATH\CodeIgniter.php(340): CodeIgniter\CodeIgniter->handleRequest(null, Object(Config\Cache), false)
 4 FCPATH\index.php(67): CodeIgniter\CodeIgniter->run()
 5 SYSTEMPATH\Commands\Server\rewrite.php(43): require_once('FCPATH\\index.php')
CRITICAL - 2022-12-06 10:02:52 --> Trying to access array offset on value of type null
in APPPATH\Controllers\Wo.php on line 636.
 1 APPPATH\Controllers\Wo.php(636): CodeIgniter\Debug\Exceptions->errorHandler(2, 'Trying to access array offset on value of type null', 'APPPATH\\Controllers\\Wo.php', 636)
 2 SYSTEMPATH\CodeIgniter.php(904): App\Controllers\Wo->modalestimasi()
 3 SYSTEMPATH\CodeIgniter.php(457): CodeIgniter\CodeIgniter->runController(Object(App\Controllers\Wo))
 4 SYSTEMPATH\CodeIgniter.php(340): CodeIgniter\CodeIgniter->handleRequest(null, Object(Config\Cache), false)
 5 FCPATH\index.php(67): CodeIgniter\CodeIgniter->run()
 6 SYSTEMPATH\Commands\Server\rewrite.php(43): require_once('FCPATH\\index.php')
CRITICAL - 2022-12-06 10:05:53 --> Too few arguments to function App\Controllers\Wo::table_estimasi(), 0 passed in D:\xampp\htdocs\bp\system\CodeIgniter.php on line 904 and exactly 1 expected
in APPPATH\Controllers\Wo.php on line 474.
 1 SYSTEMPATH\CodeIgniter.php(904): App\Controllers\Wo->table_estimasi()
 2 SYSTEMPATH\CodeIgniter.php(457): CodeIgniter\CodeIgniter->runController(Object(App\Controllers\Wo))
 3 SYSTEMPATH\CodeIgniter.php(340): CodeIgniter\CodeIgniter->handleRequest(null, Object(Config\Cache), false)
 4 FCPATH\index.php(67): CodeIgniter\CodeIgniter->run()
 5 SYSTEMPATH\Commands\Server\rewrite.php(43): require_once('FCPATH\\index.php')
CRITICAL - 2022-12-06 10:06:13 --> Too few arguments to function App\Controllers\Wo::table_estimasi(), 0 passed in D:\xampp\htdocs\bp\system\CodeIgniter.php on line 904 and exactly 1 expected
in APPPATH\Controllers\Wo.php on line 474.
 1 SYSTEMPATH\CodeIgniter.php(904): App\Controllers\Wo->table_estimasi()
 2 SYSTEMPATH\CodeIgniter.php(457): CodeIgniter\CodeIgniter->runController(Object(App\Controllers\Wo))
 3 SYSTEMPATH\CodeIgniter.php(340): CodeIgniter\CodeIgniter->handleRequest(null, Object(Config\Cache), false)
 4 FCPATH\index.php(67): CodeIgniter\CodeIgniter->run()
 5 SYSTEMPATH\Commands\Server\rewrite.php(43): require_once('FCPATH\\index.php')
CRITICAL - 2022-12-06 10:06:15 --> Too few arguments to function App\Controllers\Wo::table_estimasi(), 0 passed in D:\xampp\htdocs\bp\system\CodeIgniter.php on line 904 and exactly 1 expected
in APPPATH\Controllers\Wo.php on line 474.
 1 SYSTEMPATH\CodeIgniter.php(904): App\Controllers\Wo->table_estimasi()
 2 SYSTEMPATH\CodeIgniter.php(457): CodeIgniter\CodeIgniter->runController(Object(App\Controllers\Wo))
 3 SYSTEMPATH\CodeIgniter.php(340): CodeIgniter\CodeIgniter->handleRequest(null, Object(Config\Cache), false)
 4 FCPATH\index.php(67): CodeIgniter\CodeIgniter->run()
 5 SYSTEMPATH\Commands\Server\rewrite.php(43): require_once('FCPATH\\index.php')
CRITICAL - 2022-12-06 10:06:16 --> Too few arguments to function App\Controllers\Wo::table_estimasi(), 0 passed in D:\xampp\htdocs\bp\system\CodeIgniter.php on line 904 and exactly 1 expected
in APPPATH\Controllers\Wo.php on line 474.
 1 SYSTEMPATH\CodeIgniter.php(904): App\Controllers\Wo->table_estimasi()
 2 SYSTEMPATH\CodeIgniter.php(457): CodeIgniter\CodeIgniter->runController(Object(App\Controllers\Wo))
 3 SYSTEMPATH\CodeIgniter.php(340): CodeIgniter\CodeIgniter->handleRequest(null, Object(Config\Cache), false)
 4 FCPATH\index.php(67): CodeIgniter\CodeIgniter->run()
 5 SYSTEMPATH\Commands\Server\rewrite.php(43): require_once('FCPATH\\index.php')
CRITICAL - 2022-12-06 10:20:39 --> Too few arguments to function App\Controllers\Wo::table_estimasi(), 0 passed in D:\xampp\htdocs\bp\system\CodeIgniter.php on line 904 and exactly 1 expected
in APPPATH\Controllers\Wo.php on line 474.
 1 SYSTEMPATH\CodeIgniter.php(904): App\Controllers\Wo->table_estimasi()
 2 SYSTEMPATH\CodeIgniter.php(457): CodeIgniter\CodeIgniter->runController(Object(App\Controllers\Wo))
 3 SYSTEMPATH\CodeIgniter.php(340): CodeIgniter\CodeIgniter->handleRequest(null, Object(Config\Cache), false)
 4 FCPATH\index.php(67): CodeIgniter\CodeIgniter->run()
 5 SYSTEMPATH\Commands\Server\rewrite.php(43): require_once('FCPATH\\index.php')
CRITICAL - 2022-12-06 10:21:14 --> Too few arguments to function App\Controllers\Wo::table_estimasi(), 0 passed in D:\xampp\htdocs\bp\system\CodeIgniter.php on line 904 and exactly 1 expected
in APPPATH\Controllers\Wo.php on line 474.
 1 SYSTEMPATH\CodeIgniter.php(904): App\Controllers\Wo->table_estimasi()
 2 SYSTEMPATH\CodeIgniter.php(457): CodeIgniter\CodeIgniter->runController(Object(App\Controllers\Wo))
 3 SYSTEMPATH\CodeIgniter.php(340): CodeIgniter\CodeIgniter->handleRequest(null, Object(Config\Cache), false)
 4 FCPATH\index.php(67): CodeIgniter\CodeIgniter->run()
 5 SYSTEMPATH\Commands\Server\rewrite.php(43): require_once('FCPATH\\index.php')
CRITICAL - 2022-12-06 10:21:24 --> Too few arguments to function App\Controllers\Wo::table_estimasi(), 0 passed in D:\xampp\htdocs\bp\system\CodeIgniter.php on line 904 and exactly 1 expected
in APPPATH\Controllers\Wo.php on line 474.
 1 SYSTEMPATH\CodeIgniter.php(904): App\Controllers\Wo->table_estimasi()
 2 SYSTEMPATH\CodeIgniter.php(457): CodeIgniter\CodeIgniter->runController(Object(App\Controllers\Wo))
 3 SYSTEMPATH\CodeIgniter.php(340): CodeIgniter\CodeIgniter->handleRequest(null, Object(Config\Cache), false)
 4 FCPATH\index.php(67): CodeIgniter\CodeIgniter->run()
 5 SYSTEMPATH\Commands\Server\rewrite.php(43): require_once('FCPATH\\index.php')
CRITICAL - 2022-12-06 10:22:48 --> Too few arguments to function App\Controllers\Wo::table_estimasi(), 0 passed in D:\xampp\htdocs\bp\system\CodeIgniter.php on line 904 and exactly 1 expected
in APPPATH\Controllers\Wo.php on line 474.
 1 SYSTEMPATH\CodeIgniter.php(904): App\Controllers\Wo->table_estimasi()
 2 SYSTEMPATH\CodeIgniter.php(457): CodeIgniter\CodeIgniter->runController(Object(App\Controllers\Wo))
 3 SYSTEMPATH\CodeIgniter.php(340): CodeIgniter\CodeIgniter->handleRequest(null, Object(Config\Cache), false)
 4 FCPATH\index.php(67): CodeIgniter\CodeIgniter->run()
 5 SYSTEMPATH\Commands\Server\rewrite.php(43): require_once('FCPATH\\index.php')
CRITICAL - 2022-12-06 10:23:14 --> Too few arguments to function App\Controllers\Wo::table_estimasi(), 0 passed in D:\xampp\htdocs\bp\system\CodeIgniter.php on line 904 and exactly 1 expected
in APPPATH\Controllers\Wo.php on line 474.
 1 SYSTEMPATH\CodeIgniter.php(904): App\Controllers\Wo->table_estimasi()
 2 SYSTEMPATH\CodeIgniter.php(457): CodeIgniter\CodeIgniter->runController(Object(App\Controllers\Wo))
 3 SYSTEMPATH\CodeIgniter.php(340): CodeIgniter\CodeIgniter->handleRequest(null, Object(Config\Cache), false)
 4 FCPATH\index.php(67): CodeIgniter\CodeIgniter->run()
 5 SYSTEMPATH\Commands\Server\rewrite.php(43): require_once('FCPATH\\index.php')
CRITICAL - 2022-12-06 10:23:34 --> Too few arguments to function App\Controllers\Wo::table_estimasi(), 0 passed in D:\xampp\htdocs\bp\system\CodeIgniter.php on line 904 and exactly 1 expected
in APPPATH\Controllers\Wo.php on line 474.
 1 SYSTEMPATH\CodeIgniter.php(904): App\Controllers\Wo->table_estimasi()
 2 SYSTEMPATH\CodeIgniter.php(457): CodeIgniter\CodeIgniter->runController(Object(App\Controllers\Wo))
 3 SYSTEMPATH\CodeIgniter.php(340): CodeIgniter\CodeIgniter->handleRequest(null, Object(Config\Cache), false)
 4 FCPATH\index.php(67): CodeIgniter\CodeIgniter->run()
 5 SYSTEMPATH\Commands\Server\rewrite.php(43): require_once('FCPATH\\index.php')
CRITICAL - 2022-12-06 10:24:09 --> Too few arguments to function App\Controllers\Wo::table_estimasi(), 0 passed in D:\xampp\htdocs\bp\system\CodeIgniter.php on line 904 and exactly 1 expected
in APPPATH\Controllers\Wo.php on line 474.
 1 SYSTEMPATH\CodeIgniter.php(904): App\Controllers\Wo->table_estimasi()
 2 SYSTEMPATH\CodeIgniter.php(457): CodeIgniter\CodeIgniter->runController(Object(App\Controllers\Wo))
 3 SYSTEMPATH\CodeIgniter.php(340): CodeIgniter\CodeIgniter->handleRequest(null, Object(Config\Cache), false)
 4 FCPATH\index.php(67): CodeIgniter\CodeIgniter->run()
 5 SYSTEMPATH\Commands\Server\rewrite.php(43): require_once('FCPATH\\index.php')
CRITICAL - 2022-12-06 10:24:54 --> Too few arguments to function App\Controllers\Wo::table_estimasi(), 0 passed in D:\xampp\htdocs\bp\system\CodeIgniter.php on line 904 and exactly 1 expected
in APPPATH\Controllers\Wo.php on line 474.
 1 SYSTEMPATH\CodeIgniter.php(904): App\Controllers\Wo->table_estimasi()
 2 SYSTEMPATH\CodeIgniter.php(457): CodeIgniter\CodeIgniter->runController(Object(App\Controllers\Wo))
 3 SYSTEMPATH\CodeIgniter.php(340): CodeIgniter\CodeIgniter->handleRequest(null, Object(Config\Cache), false)
 4 FCPATH\index.php(67): CodeIgniter\CodeIgniter->run()
 5 SYSTEMPATH\Commands\Server\rewrite.php(43): require_once('FCPATH\\index.php')
CRITICAL - 2022-12-06 10:24:56 --> Too few arguments to function App\Controllers\Wo::table_estimasi(), 0 passed in D:\xampp\htdocs\bp\system\CodeIgniter.php on line 904 and exactly 1 expected
in APPPATH\Controllers\Wo.php on line 474.
 1 SYSTEMPATH\CodeIgniter.php(904): App\Controllers\Wo->table_estimasi()
 2 SYSTEMPATH\CodeIgniter.php(457): CodeIgniter\CodeIgniter->runController(Object(App\Controllers\Wo))
 3 SYSTEMPATH\CodeIgniter.php(340): CodeIgniter\CodeIgniter->handleRequest(null, Object(Config\Cache), false)
 4 FCPATH\index.php(67): CodeIgniter\CodeIgniter->run()
 5 SYSTEMPATH\Commands\Server\rewrite.php(43): require_once('FCPATH\\index.php')
CRITICAL - 2022-12-06 10:26:20 --> Too few arguments to function App\Controllers\Wo::table_estimasi(), 0 passed in D:\xampp\htdocs\bp\system\CodeIgniter.php on line 904 and exactly 1 expected
in APPPATH\Controllers\Wo.php on line 474.
 1 SYSTEMPATH\CodeIgniter.php(904): App\Controllers\Wo->table_estimasi()
 2 SYSTEMPATH\CodeIgniter.php(457): CodeIgniter\CodeIgniter->runController(Object(App\Controllers\Wo))
 3 SYSTEMPATH\CodeIgniter.php(340): CodeIgniter\CodeIgniter->handleRequest(null, Object(Config\Cache), false)
 4 FCPATH\index.php(67): CodeIgniter\CodeIgniter->run()
 5 SYSTEMPATH\Commands\Server\rewrite.php(43): require_once('FCPATH\\index.php')
CRITICAL - 2022-12-06 10:26:27 --> Too few arguments to function App\Controllers\Wo::table_estimasi(), 0 passed in D:\xampp\htdocs\bp\system\CodeIgniter.php on line 904 and exactly 1 expected
in APPPATH\Controllers\Wo.php on line 474.
 1 SYSTEMPATH\CodeIgniter.php(904): App\Controllers\Wo->table_estimasi()
 2 SYSTEMPATH\CodeIgniter.php(457): CodeIgniter\CodeIgniter->runController(Object(App\Controllers\Wo))
 3 SYSTEMPATH\CodeIgniter.php(340): CodeIgniter\CodeIgniter->handleRequest(null, Object(Config\Cache), false)
 4 FCPATH\index.php(67): CodeIgniter\CodeIgniter->run()
 5 SYSTEMPATH\Commands\Server\rewrite.php(43): require_once('FCPATH\\index.php')
CRITICAL - 2022-12-06 10:30:05 --> Too few arguments to function App\Controllers\Wo::table_estimasi(), 0 passed in D:\xampp\htdocs\bp\system\CodeIgniter.php on line 904 and exactly 1 expected
in APPPATH\Controllers\Wo.php on line 474.
 1 SYSTEMPATH\CodeIgniter.php(904): App\Controllers\Wo->table_estimasi()
 2 SYSTEMPATH\CodeIgniter.php(457): CodeIgniter\CodeIgniter->runController(Object(App\Controllers\Wo))
 3 SYSTEMPATH\CodeIgniter.php(340): CodeIgniter\CodeIgniter->handleRequest(null, Object(Config\Cache), false)
 4 FCPATH\index.php(67): CodeIgniter\CodeIgniter->run()
 5 SYSTEMPATH\Commands\Server\rewrite.php(43): require_once('FCPATH\\index.php')
CRITICAL - 2022-12-06 10:34:40 --> Too few arguments to function App\Controllers\Wo::table_estimasi(), 0 passed in D:\xampp\htdocs\bp\system\CodeIgniter.php on line 904 and exactly 1 expected
in APPPATH\Controllers\Wo.php on line 474.
 1 SYSTEMPATH\CodeIgniter.php(904): App\Controllers\Wo->table_estimasi()
 2 SYSTEMPATH\CodeIgniter.php(457): CodeIgniter\CodeIgniter->runController(Object(App\Controllers\Wo))
 3 SYSTEMPATH\CodeIgniter.php(340): CodeIgniter\CodeIgniter->handleRequest(null, Object(Config\Cache), false)
 4 FCPATH\index.php(67): CodeIgniter\CodeIgniter->run()
 5 SYSTEMPATH\Commands\Server\rewrite.php(43): require_once('FCPATH\\index.php')
CRITICAL - 2022-12-06 10:34:45 --> Too few arguments to function App\Controllers\Wo::table_estimasi(), 0 passed in D:\xampp\htdocs\bp\system\CodeIgniter.php on line 904 and exactly 1 expected
in APPPATH\Controllers\Wo.php on line 474.
 1 SYSTEMPATH\CodeIgniter.php(904): App\Controllers\Wo->table_estimasi()
 2 SYSTEMPATH\CodeIgniter.php(457): CodeIgniter\CodeIgniter->runController(Object(App\Controllers\Wo))
 3 SYSTEMPATH\CodeIgniter.php(340): CodeIgniter\CodeIgniter->handleRequest(null, Object(Config\Cache), false)
 4 FCPATH\index.php(67): CodeIgniter\CodeIgniter->run()
 5 SYSTEMPATH\Commands\Server\rewrite.php(43): require_once('FCPATH\\index.php')
CRITICAL - 2022-12-06 10:36:52 --> Too few arguments to function App\Controllers\Wo::table_estimasi(), 0 passed in D:\xampp\htdocs\bp\system\CodeIgniter.php on line 904 and exactly 1 expected
in APPPATH\Controllers\Wo.php on line 474.
 1 SYSTEMPATH\CodeIgniter.php(904): App\Controllers\Wo->table_estimasi()
 2 SYSTEMPATH\CodeIgniter.php(457): CodeIgniter\CodeIgniter->runController(Object(App\Controllers\Wo))
 3 SYSTEMPATH\CodeIgniter.php(340): CodeIgniter\CodeIgniter->handleRequest(null, Object(Config\Cache), false)
 4 FCPATH\index.php(67): CodeIgniter\CodeIgniter->run()
 5 SYSTEMPATH\Commands\Server\rewrite.php(43): require_once('FCPATH\\index.php')
CRITICAL - 2022-12-06 10:37:08 --> Too few arguments to function App\Controllers\Wo::table_estimasi(), 0 passed in D:\xampp\htdocs\bp\system\CodeIgniter.php on line 904 and exactly 1 expected
in APPPATH\Controllers\Wo.php on line 474.
 1 SYSTEMPATH\CodeIgniter.php(904): App\Controllers\Wo->table_estimasi()
 2 SYSTEMPATH\CodeIgniter.php(457): CodeIgniter\CodeIgniter->runController(Object(App\Controllers\Wo))
 3 SYSTEMPATH\CodeIgniter.php(340): CodeIgniter\CodeIgniter->handleRequest(null, Object(Config\Cache), false)
 4 FCPATH\index.php(67): CodeIgniter\CodeIgniter->run()
 5 SYSTEMPATH\Commands\Server\rewrite.php(43): require_once('FCPATH\\index.php')
CRITICAL - 2022-12-06 10:38:10 --> Too few arguments to function App\Controllers\Wo::table_estimasi(), 0 passed in D:\xampp\htdocs\bp\system\CodeIgniter.php on line 904 and exactly 1 expected
in APPPATH\Controllers\Wo.php on line 474.
 1 SYSTEMPATH\CodeIgniter.php(904): App\Controllers\Wo->table_estimasi()
 2 SYSTEMPATH\CodeIgniter.php(457): CodeIgniter\CodeIgniter->runController(Object(App\Controllers\Wo))
 3 SYSTEMPATH\CodeIgniter.php(340): CodeIgniter\CodeIgniter->handleRequest(null, Object(Config\Cache), false)
 4 FCPATH\index.php(67): CodeIgniter\CodeIgniter->run()
 5 SYSTEMPATH\Commands\Server\rewrite.php(43): require_once('FCPATH\\index.php')
CRITICAL - 2022-12-06 10:40:03 --> Too few arguments to function App\Controllers\Wo::table_estimasi(), 0 passed in D:\xampp\htdocs\bp\system\CodeIgniter.php on line 904 and exactly 1 expected
in APPPATH\Controllers\Wo.php on line 474.
 1 SYSTEMPATH\CodeIgniter.php(904): App\Controllers\Wo->table_estimasi()
 2 SYSTEMPATH\CodeIgniter.php(457): CodeIgniter\CodeIgniter->runController(Object(App\Controllers\Wo))
 3 SYSTEMPATH\CodeIgniter.php(340): CodeIgniter\CodeIgniter->handleRequest(null, Object(Config\Cache), false)
 4 FCPATH\index.php(67): CodeIgniter\CodeIgniter->run()
 5 SYSTEMPATH\Commands\Server\rewrite.php(43): require_once('FCPATH\\index.php')
CRITICAL - 2022-12-06 10:43:59 --> Undefined array key "id"
in APPPATH\Controllers\Wo.php on line 476.
 1 APPPATH\Controllers\Wo.php(476): CodeIgniter\Debug\Exceptions->errorHandler(2, 'Undefined array key "id"', 'APPPATH\\Controllers\\Wo.php', 476)
 2 SYSTEMPATH\CodeIgniter.php(904): App\Controllers\Wo->table_estimasi()
 3 SYSTEMPATH\CodeIgniter.php(457): CodeIgniter\CodeIgniter->runController(Object(App\Controllers\Wo))
 4 SYSTEMPATH\CodeIgniter.php(340): CodeIgniter\CodeIgniter->handleRequest(null, Object(Config\Cache), false)
 5 FCPATH\index.php(67): CodeIgniter\CodeIgniter->run()
 6 SYSTEMPATH\Commands\Server\rewrite.php(43): require_once('FCPATH\\index.php')
CRITICAL - 2022-12-06 10:45:03 --> Undefined array key "id"
in APPPATH\Controllers\Wo.php on line 476.
 1 APPPATH\Controllers\Wo.php(476): CodeIgniter\Debug\Exceptions->errorHandler(2, 'Undefined array key "id"', 'APPPATH\\Controllers\\Wo.php', 476)
 2 SYSTEMPATH\CodeIgniter.php(904): App\Controllers\Wo->table_estimasi()
 3 SYSTEMPATH\CodeIgniter.php(457): CodeIgniter\CodeIgniter->runController(Object(App\Controllers\Wo))
 4 SYSTEMPATH\CodeIgniter.php(340): CodeIgniter\CodeIgniter->handleRequest(null, Object(Config\Cache), false)
 5 FCPATH\index.php(67): CodeIgniter\CodeIgniter->run()
 6 SYSTEMPATH\Commands\Server\rewrite.php(43): require_once('FCPATH\\index.php')
CRITICAL - 2022-12-06 10:49:03 --> Too few arguments to function App\Controllers\Wo::table_estimasi(), 0 passed in D:\xampp\htdocs\bp\system\CodeIgniter.php on line 904 and exactly 1 expected
in APPPATH\Controllers\Wo.php on line 474.
 1 SYSTEMPATH\CodeIgniter.php(904): App\Controllers\Wo->table_estimasi()
 2 SYSTEMPATH\CodeIgniter.php(457): CodeIgniter\CodeIgniter->runController(Object(App\Controllers\Wo))
 3 SYSTEMPATH\CodeIgniter.php(340): CodeIgniter\CodeIgniter->handleRequest(null, Object(Config\Cache), false)
 4 FCPATH\index.php(67): CodeIgniter\CodeIgniter->run()
 5 SYSTEMPATH\Commands\Server\rewrite.php(43): require_once('FCPATH\\index.php')
CRITICAL - 2022-12-06 10:49:25 --> Too few arguments to function App\Controllers\Wo::table_estimasi(), 0 passed in D:\xampp\htdocs\bp\system\CodeIgniter.php on line 904 and exactly 1 expected
in APPPATH\Controllers\Wo.php on line 474.
 1 SYSTEMPATH\CodeIgniter.php(904): App\Controllers\Wo->table_estimasi()
 2 SYSTEMPATH\CodeIgniter.php(457): CodeIgniter\CodeIgniter->runController(Object(App\Controllers\Wo))
 3 SYSTEMPATH\CodeIgniter.php(340): CodeIgniter\CodeIgniter->handleRequest(null, Object(Config\Cache), false)
 4 FCPATH\index.php(67): CodeIgniter\CodeIgniter->run()
 5 SYSTEMPATH\Commands\Server\rewrite.php(43): require_once('FCPATH\\index.php')
CRITICAL - 2022-12-06 10:49:51 --> Undefined array key "id"
in APPPATH\Controllers\Wo.php on line 476.
 1 APPPATH\Controllers\Wo.php(476): CodeIgniter\Debug\Exceptions->errorHandler(2, 'Undefined array key "id"', 'APPPATH\\Controllers\\Wo.php', 476)
 2 SYSTEMPATH\CodeIgniter.php(904): App\Controllers\Wo->table_estimasi()
 3 SYSTEMPATH\CodeIgniter.php(457): CodeIgniter\CodeIgniter->runController(Object(App\Controllers\Wo))
 4 SYSTEMPATH\CodeIgniter.php(340): CodeIgniter\CodeIgniter->handleRequest(null, Object(Config\Cache), false)
 5 FCPATH\index.php(67): CodeIgniter\CodeIgniter->run()
 6 SYSTEMPATH\Commands\Server\rewrite.php(43): require_once('FCPATH\\index.php')
CRITICAL - 2022-12-06 11:00:38 --> Undefined array key "id"
in APPPATH\Controllers\Wo.php on line 476.
 1 APPPATH\Controllers\Wo.php(476): CodeIgniter\Debug\Exceptions->errorHandler(2, 'Undefined array key "id"', 'APPPATH\\Controllers\\Wo.php', 476)
 2 SYSTEMPATH\CodeIgniter.php(904): App\Controllers\Wo->table_estimasi()
 3 SYSTEMPATH\CodeIgniter.php(457): CodeIgniter\CodeIgniter->runController(Object(App\Controllers\Wo))
 4 SYSTEMPATH\CodeIgniter.php(340): CodeIgniter\CodeIgniter->handleRequest(null, Object(Config\Cache), false)
 5 FCPATH\index.php(67): CodeIgniter\CodeIgniter->run()
 6 SYSTEMPATH\Commands\Server\rewrite.php(43): require_once('FCPATH\\index.php')
CRITICAL - 2022-12-06 11:05:10 --> Undefined array key "id"
in APPPATH\Controllers\Wo.php on line 476.
 1 APPPATH\Controllers\Wo.php(476): CodeIgniter\Debug\Exceptions->errorHandler(2, 'Undefined array key "id"', 'APPPATH\\Controllers\\Wo.php', 476)
 2 SYSTEMPATH\CodeIgniter.php(904): App\Controllers\Wo->table_estimasi()
 3 SYSTEMPATH\CodeIgniter.php(457): CodeIgniter\CodeIgniter->runController(Object(App\Controllers\Wo))
 4 SYSTEMPATH\CodeIgniter.php(340): CodeIgniter\CodeIgniter->handleRequest(null, Object(Config\Cache), false)
 5 FCPATH\index.php(67): CodeIgniter\CodeIgniter->run()
 6 SYSTEMPATH\Commands\Server\rewrite.php(43): require_once('FCPATH\\index.php')
CRITICAL - 2022-12-06 11:07:47 --> Undefined array key "id"
in APPPATH\Controllers\Wo.php on line 476.
 1 APPPATH\Controllers\Wo.php(476): CodeIgniter\Debug\Exceptions->errorHandler(2, 'Undefined array key "id"', 'APPPATH\\Controllers\\Wo.php', 476)
 2 SYSTEMPATH\CodeIgniter.php(904): App\Controllers\Wo->table_estimasi()
 3 SYSTEMPATH\CodeIgniter.php(457): CodeIgniter\CodeIgniter->runController(Object(App\Controllers\Wo))
 4 SYSTEMPATH\CodeIgniter.php(340): CodeIgniter\CodeIgniter->handleRequest(null, Object(Config\Cache), false)
 5 FCPATH\index.php(67): CodeIgniter\CodeIgniter->run()
 6 SYSTEMPATH\Commands\Server\rewrite.php(43): require_once('FCPATH\\index.php')
CRITICAL - 2022-12-06 11:09:36 --> Undefined array key "id"
in APPPATH\Controllers\Wo.php on line 476.
 1 APPPATH\Controllers\Wo.php(476): CodeIgniter\Debug\Exceptions->errorHandler(2, 'Undefined array key "id"', 'APPPATH\\Controllers\\Wo.php', 476)
 2 SYSTEMPATH\CodeIgniter.php(904): App\Controllers\Wo->table_estimasi()
 3 SYSTEMPATH\CodeIgniter.php(457): CodeIgniter\CodeIgniter->runController(Object(App\Controllers\Wo))
 4 SYSTEMPATH\CodeIgniter.php(340): CodeIgniter\CodeIgniter->handleRequest(null, Object(Config\Cache), false)
 5 FCPATH\index.php(67): CodeIgniter\CodeIgniter->run()
 6 SYSTEMPATH\Commands\Server\rewrite.php(43): require_once('FCPATH\\index.php')
CRITICAL - 2022-12-06 11:10:44 --> Trying to access array offset on value of type null
in APPPATH\Controllers\Wo.php on line 638.
 1 APPPATH\Controllers\Wo.php(638): CodeIgniter\Debug\Exceptions->errorHandler(2, 'Trying to access array offset on value of type null', 'APPPATH\\Controllers\\Wo.php', 638)
 2 SYSTEMPATH\CodeIgniter.php(904): App\Controllers\Wo->modalestimasi()
 3 SYSTEMPATH\CodeIgniter.php(457): CodeIgniter\CodeIgniter->runController(Object(App\Controllers\Wo))
 4 SYSTEMPATH\CodeIgniter.php(340): CodeIgniter\CodeIgniter->handleRequest(null, Object(Config\Cache), false)
 5 FCPATH\index.php(67): CodeIgniter\CodeIgniter->run()
 6 SYSTEMPATH\Commands\Server\rewrite.php(43): require_once('FCPATH\\index.php')
CRITICAL - 2022-12-06 11:17:04 --> Trying to access array offset on value of type null
in APPPATH\Controllers\Wo.php on line 638.
 1 APPPATH\Controllers\Wo.php(638): CodeIgniter\Debug\Exceptions->errorHandler(2, 'Trying to access array offset on value of type null', 'APPPATH\\Controllers\\Wo.php', 638)
 2 SYSTEMPATH\CodeIgniter.php(904): App\Controllers\Wo->modalestimasi()
 3 SYSTEMPATH\CodeIgniter.php(457): CodeIgniter\CodeIgniter->runController(Object(App\Controllers\Wo))
 4 SYSTEMPATH\CodeIgniter.php(340): CodeIgniter\CodeIgniter->handleRequest(null, Object(Config\Cache), false)
 5 FCPATH\index.php(67): CodeIgniter\CodeIgniter->run()
 6 SYSTEMPATH\Commands\Server\rewrite.php(43): require_once('FCPATH\\index.php')
CRITICAL - 2022-12-06 11:17:47 --> Undefined array key "id"
in APPPATH\Controllers\Wo.php on line 476.
 1 APPPATH\Controllers\Wo.php(476): CodeIgniter\Debug\Exceptions->errorHandler(2, 'Undefined array key "id"', 'APPPATH\\Controllers\\Wo.php', 476)
 2 SYSTEMPATH\CodeIgniter.php(904): App\Controllers\Wo->table_estimasi()
 3 SYSTEMPATH\CodeIgniter.php(457): CodeIgniter\CodeIgniter->runController(Object(App\Controllers\Wo))
 4 SYSTEMPATH\CodeIgniter.php(340): CodeIgniter\CodeIgniter->handleRequest(null, Object(Config\Cache), false)
 5 FCPATH\index.php(67): CodeIgniter\CodeIgniter->run()
 6 SYSTEMPATH\Commands\Server\rewrite.php(43): require_once('FCPATH\\index.php')
