CRITICAL - 2023-05-15 10:02:33 --> Undefined array key "kode"
in APPPATH\Controllers\Mohfaktur.php on line 1050.
 1 APPPATH\Controllers\Mohfaktur.php(1050): CodeIgniter\Debug\Exceptions->errorHandler(2, 'Undefined array key "kode"', 'APPPATH\\Controllers\\Mohfaktur.php', 1050)
 2 SYSTEMPATH\CodeIgniter.php(904): App\Controllers\mohfaktur->repl_sales()
 3 SYSTEMPATH\CodeIgniter.php(457): CodeIgniter\CodeIgniter->runController(Object(App\Controllers\mohfaktur))
 4 SYSTEMPATH\CodeIgniter.php(340): CodeIgniter\CodeIgniter->handleRequest(null, Object(Config\Cache), false)
 5 FCPATH\index.php(67): CodeIgniter\CodeIgniter->run()
 6 SYSTEMPATH\Commands\Server\rewrite.php(43): require_once('FCPATH\\index.php')
CRITICAL - 2023-05-15 10:02:33 --> Undefined array key "kode"
in APPPATH\Controllers\Mohfaktur.php on line 1050.
 1 APPPATH\Controllers\Mohfaktur.php(1050): CodeIgniter\Debug\Exceptions->errorHandler(2, 'Undefined array key "kode"', 'APPPATH\\Controllers\\Mohfaktur.php', 1050)
 2 SYSTEMPATH\CodeIgniter.php(904): App\Controllers\mohfaktur->repl_sales()
 3 SYSTEMPATH\CodeIgniter.php(457): CodeIgniter\CodeIgniter->runController(Object(App\Controllers\mohfaktur))
 4 SYSTEMPATH\CodeIgniter.php(340): CodeIgniter\CodeIgniter->handleRequest(null, Object(Config\Cache), false)
 5 FCPATH\index.php(67): CodeIgniter\CodeIgniter->run()
 6 SYSTEMPATH\Commands\Server\rewrite.php(43): require_once('FCPATH\\index.php')
CRITICAL - 2023-05-15 10:02:33 --> Undefined array key "kode"
in APPPATH\Controllers\Mohfaktur.php on line 1072.
 1 APPPATH\Controllers\Mohfaktur.php(1072): CodeIgniter\Debug\Exceptions->errorHandler(2, 'Undefined array key "kode"', 'APPPATH\\Controllers\\Mohfaktur.php', 1072)
 2 SYSTEMPATH\CodeIgniter.php(904): App\Controllers\mohfaktur->repl_model()
 3 SYSTEMPATH\CodeIgniter.php(457): CodeIgniter\CodeIgniter->runController(Object(App\Controllers\mohfaktur))
 4 SYSTEMPATH\CodeIgniter.php(340): CodeIgniter\CodeIgniter->handleRequest(null, Object(Config\Cache), false)
 5 FCPATH\index.php(67): CodeIgniter\CodeIgniter->run()
 6 SYSTEMPATH\Commands\Server\rewrite.php(43): require_once('FCPATH\\index.php')
CRITICAL - 2023-05-15 10:02:33 --> Undefined array key "kode"
in APPPATH\Controllers\Mohfaktur.php on line 1094.
 1 APPPATH\Controllers\Mohfaktur.php(1094): CodeIgniter\Debug\Exceptions->errorHandler(2, 'Undefined array key "kode"', 'APPPATH\\Controllers\\Mohfaktur.php', 1094)
 2 SYSTEMPATH\CodeIgniter.php(904): App\Controllers\mohfaktur->repl_sm()
 3 SYSTEMPATH\CodeIgniter.php(457): CodeIgniter\CodeIgniter->runController(Object(App\Controllers\mohfaktur))
 4 SYSTEMPATH\CodeIgniter.php(340): CodeIgniter\CodeIgniter->handleRequest(null, Object(Config\Cache), false)
 5 FCPATH\index.php(67): CodeIgniter\CodeIgniter->run()
 6 SYSTEMPATH\Commands\Server\rewrite.php(43): require_once('FCPATH\\index.php')
CRITICAL - 2023-05-15 10:02:33 --> Undefined array key "kode"
in APPPATH\Controllers\Mohfaktur.php on line 1116.
 1 APPPATH\Controllers\Mohfaktur.php(1116): CodeIgniter\Debug\Exceptions->errorHandler(2, 'Undefined array key "kode"', 'APPPATH\\Controllers\\Mohfaktur.php', 1116)
 2 SYSTEMPATH\CodeIgniter.php(904): App\Controllers\mohfaktur->repl_nmstnk()
 3 SYSTEMPATH\CodeIgniter.php(457): CodeIgniter\CodeIgniter->runController(Object(App\Controllers\mohfaktur))
 4 SYSTEMPATH\CodeIgniter.php(340): CodeIgniter\CodeIgniter->handleRequest(null, Object(Config\Cache), false)
 5 FCPATH\index.php(67): CodeIgniter\CodeIgniter->run()
 6 SYSTEMPATH\Commands\Server\rewrite.php(43): require_once('FCPATH\\index.php')
CRITICAL - 2023-05-15 10:04:51 --> Undefined array key "kode"
in APPPATH\Controllers\Mohfaktur.php on line 1050.
 1 APPPATH\Controllers\Mohfaktur.php(1050): CodeIgniter\Debug\Exceptions->errorHandler(2, 'Undefined array key "kode"', 'APPPATH\\Controllers\\Mohfaktur.php', 1050)
 2 SYSTEMPATH\CodeIgniter.php(904): App\Controllers\mohfaktur->repl_sales()
 3 SYSTEMPATH\CodeIgniter.php(457): CodeIgniter\CodeIgniter->runController(Object(App\Controllers\mohfaktur))
 4 SYSTEMPATH\CodeIgniter.php(340): CodeIgniter\CodeIgniter->handleRequest(null, Object(Config\Cache), false)
 5 FCPATH\index.php(67): CodeIgniter\CodeIgniter->run()
 6 SYSTEMPATH\Commands\Server\rewrite.php(43): require_once('FCPATH\\index.php')
CRITICAL - 2023-05-15 10:04:51 --> Undefined array key "kode"
in APPPATH\Controllers\Mohfaktur.php on line 1050.
 1 APPPATH\Controllers\Mohfaktur.php(1050): CodeIgniter\Debug\Exceptions->errorHandler(2, 'Undefined array key "kode"', 'APPPATH\\Controllers\\Mohfaktur.php', 1050)
 2 SYSTEMPATH\CodeIgniter.php(904): App\Controllers\mohfaktur->repl_sales()
 3 SYSTEMPATH\CodeIgniter.php(457): CodeIgniter\CodeIgniter->runController(Object(App\Controllers\mohfaktur))
 4 SYSTEMPATH\CodeIgniter.php(340): CodeIgniter\CodeIgniter->handleRequest(null, Object(Config\Cache), false)
 5 FCPATH\index.php(67): CodeIgniter\CodeIgniter->run()
 6 SYSTEMPATH\Commands\Server\rewrite.php(43): require_once('FCPATH\\index.php')
CRITICAL - 2023-05-15 10:04:51 --> Undefined array key "kode"
in APPPATH\Controllers\Mohfaktur.php on line 1094.
 1 APPPATH\Controllers\Mohfaktur.php(1094): CodeIgniter\Debug\Exceptions->errorHandler(2, 'Undefined array key "kode"', 'APPPATH\\Controllers\\Mohfaktur.php', 1094)
 2 SYSTEMPATH\CodeIgniter.php(904): App\Controllers\mohfaktur->repl_sm()
 3 SYSTEMPATH\CodeIgniter.php(457): CodeIgniter\CodeIgniter->runController(Object(App\Controllers\mohfaktur))
 4 SYSTEMPATH\CodeIgniter.php(340): CodeIgniter\CodeIgniter->handleRequest(null, Object(Config\Cache), false)
 5 FCPATH\index.php(67): CodeIgniter\CodeIgniter->run()
 6 SYSTEMPATH\Commands\Server\rewrite.php(43): require_once('FCPATH\\index.php')
CRITICAL - 2023-05-15 10:04:51 --> Undefined array key "kode"
in APPPATH\Controllers\Mohfaktur.php on line 1072.
 1 APPPATH\Controllers\Mohfaktur.php(1072): CodeIgniter\Debug\Exceptions->errorHandler(2, 'Undefined array key "kode"', 'APPPATH\\Controllers\\Mohfaktur.php', 1072)
 2 SYSTEMPATH\CodeIgniter.php(904): App\Controllers\mohfaktur->repl_model()
 3 SYSTEMPATH\CodeIgniter.php(457): CodeIgniter\CodeIgniter->runController(Object(App\Controllers\mohfaktur))
 4 SYSTEMPATH\CodeIgniter.php(340): CodeIgniter\CodeIgniter->handleRequest(null, Object(Config\Cache), false)
 5 FCPATH\index.php(67): CodeIgniter\CodeIgniter->run()
 6 SYSTEMPATH\Commands\Server\rewrite.php(43): require_once('FCPATH\\index.php')
CRITICAL - 2023-05-15 10:04:52 --> Undefined array key "kode"
in APPPATH\Controllers\Mohfaktur.php on line 1116.
 1 APPPATH\Controllers\Mohfaktur.php(1116): CodeIgniter\Debug\Exceptions->errorHandler(2, 'Undefined array key "kode"', 'APPPATH\\Controllers\\Mohfaktur.php', 1116)
 2 SYSTEMPATH\CodeIgniter.php(904): App\Controllers\mohfaktur->repl_nmstnk()
 3 SYSTEMPATH\CodeIgniter.php(457): CodeIgniter\CodeIgniter->runController(Object(App\Controllers\mohfaktur))
 4 SYSTEMPATH\CodeIgniter.php(340): CodeIgniter\CodeIgniter->handleRequest(null, Object(Config\Cache), false)
 5 FCPATH\index.php(67): CodeIgniter\CodeIgniter->run()
 6 SYSTEMPATH\Commands\Server\rewrite.php(43): require_once('FCPATH\\index.php')
CRITICAL - 2023-05-15 10:04:54 --> Undefined array key "kode"
in APPPATH\Controllers\Mohfaktur.php on line 1050.
 1 APPPATH\Controllers\Mohfaktur.php(1050): CodeIgniter\Debug\Exceptions->errorHandler(2, 'Undefined array key "kode"', 'APPPATH\\Controllers\\Mohfaktur.php', 1050)
 2 SYSTEMPATH\CodeIgniter.php(904): App\Controllers\mohfaktur->repl_sales()
 3 SYSTEMPATH\CodeIgniter.php(457): CodeIgniter\CodeIgniter->runController(Object(App\Controllers\mohfaktur))
 4 SYSTEMPATH\CodeIgniter.php(340): CodeIgniter\CodeIgniter->handleRequest(null, Object(Config\Cache), false)
 5 FCPATH\index.php(67): CodeIgniter\CodeIgniter->run()
 6 SYSTEMPATH\Commands\Server\rewrite.php(43): require_once('FCPATH\\index.php')
CRITICAL - 2023-05-15 10:04:54 --> Undefined array key "kode"
in APPPATH\Controllers\Mohfaktur.php on line 1072.
 1 APPPATH\Controllers\Mohfaktur.php(1072): CodeIgniter\Debug\Exceptions->errorHandler(2, 'Undefined array key "kode"', 'APPPATH\\Controllers\\Mohfaktur.php', 1072)
 2 SYSTEMPATH\CodeIgniter.php(904): App\Controllers\mohfaktur->repl_model()
 3 SYSTEMPATH\CodeIgniter.php(457): CodeIgniter\CodeIgniter->runController(Object(App\Controllers\mohfaktur))
 4 SYSTEMPATH\CodeIgniter.php(340): CodeIgniter\CodeIgniter->handleRequest(null, Object(Config\Cache), false)
 5 FCPATH\index.php(67): CodeIgniter\CodeIgniter->run()
 6 SYSTEMPATH\Commands\Server\rewrite.php(43): require_once('FCPATH\\index.php')
CRITICAL - 2023-05-15 10:04:54 --> Undefined array key "kode"
in APPPATH\Controllers\Mohfaktur.php on line 1050.
 1 APPPATH\Controllers\Mohfaktur.php(1050): CodeIgniter\Debug\Exceptions->errorHandler(2, 'Undefined array key "kode"', 'APPPATH\\Controllers\\Mohfaktur.php', 1050)
 2 SYSTEMPATH\CodeIgniter.php(904): App\Controllers\mohfaktur->repl_sales()
 3 SYSTEMPATH\CodeIgniter.php(457): CodeIgniter\CodeIgniter->runController(Object(App\Controllers\mohfaktur))
 4 SYSTEMPATH\CodeIgniter.php(340): CodeIgniter\CodeIgniter->handleRequest(null, Object(Config\Cache), false)
 5 FCPATH\index.php(67): CodeIgniter\CodeIgniter->run()
 6 SYSTEMPATH\Commands\Server\rewrite.php(43): require_once('FCPATH\\index.php')
CRITICAL - 2023-05-15 10:04:54 --> Undefined array key "kode"
in APPPATH\Controllers\Mohfaktur.php on line 1094.
 1 APPPATH\Controllers\Mohfaktur.php(1094): CodeIgniter\Debug\Exceptions->errorHandler(2, 'Undefined array key "kode"', 'APPPATH\\Controllers\\Mohfaktur.php', 1094)
 2 SYSTEMPATH\CodeIgniter.php(904): App\Controllers\mohfaktur->repl_sm()
 3 SYSTEMPATH\CodeIgniter.php(457): CodeIgniter\CodeIgniter->runController(Object(App\Controllers\mohfaktur))
 4 SYSTEMPATH\CodeIgniter.php(340): CodeIgniter\CodeIgniter->handleRequest(null, Object(Config\Cache), false)
 5 FCPATH\index.php(67): CodeIgniter\CodeIgniter->run()
 6 SYSTEMPATH\Commands\Server\rewrite.php(43): require_once('FCPATH\\index.php')
CRITICAL - 2023-05-15 10:04:54 --> Undefined array key "kode"
in APPPATH\Controllers\Mohfaktur.php on line 1116.
 1 APPPATH\Controllers\Mohfaktur.php(1116): CodeIgniter\Debug\Exceptions->errorHandler(2, 'Undefined array key "kode"', 'APPPATH\\Controllers\\Mohfaktur.php', 1116)
 2 SYSTEMPATH\CodeIgniter.php(904): App\Controllers\mohfaktur->repl_nmstnk()
 3 SYSTEMPATH\CodeIgniter.php(457): CodeIgniter\CodeIgniter->runController(Object(App\Controllers\mohfaktur))
 4 SYSTEMPATH\CodeIgniter.php(340): CodeIgniter\CodeIgniter->handleRequest(null, Object(Config\Cache), false)
 5 FCPATH\index.php(67): CodeIgniter\CodeIgniter->run()
 6 SYSTEMPATH\Commands\Server\rewrite.php(43): require_once('FCPATH\\index.php')
CRITICAL - 2023-05-15 10:08:51 --> Undefined array key "kode"
in APPPATH\Controllers\Mohfaktur.php on line 1050.
 1 APPPATH\Controllers\Mohfaktur.php(1050): CodeIgniter\Debug\Exceptions->errorHandler(2, 'Undefined array key "kode"', 'APPPATH\\Controllers\\Mohfaktur.php', 1050)
 2 SYSTEMPATH\CodeIgniter.php(904): App\Controllers\mohfaktur->repl_sales()
 3 SYSTEMPATH\CodeIgniter.php(457): CodeIgniter\CodeIgniter->runController(Object(App\Controllers\mohfaktur))
 4 SYSTEMPATH\CodeIgniter.php(340): CodeIgniter\CodeIgniter->handleRequest(null, Object(Config\Cache), false)
 5 FCPATH\index.php(67): CodeIgniter\CodeIgniter->run()
 6 SYSTEMPATH\Commands\Server\rewrite.php(43): require_once('FCPATH\\index.php')
CRITICAL - 2023-05-15 10:08:52 --> Undefined array key "kode"
in APPPATH\Controllers\Mohfaktur.php on line 1050.
 1 APPPATH\Controllers\Mohfaktur.php(1050): CodeIgniter\Debug\Exceptions->errorHandler(2, 'Undefined array key "kode"', 'APPPATH\\Controllers\\Mohfaktur.php', 1050)
 2 SYSTEMPATH\CodeIgniter.php(904): App\Controllers\mohfaktur->repl_sales()
 3 SYSTEMPATH\CodeIgniter.php(457): CodeIgniter\CodeIgniter->runController(Object(App\Controllers\mohfaktur))
 4 SYSTEMPATH\CodeIgniter.php(340): CodeIgniter\CodeIgniter->handleRequest(null, Object(Config\Cache), false)
 5 FCPATH\index.php(67): CodeIgniter\CodeIgniter->run()
 6 SYSTEMPATH\Commands\Server\rewrite.php(43): require_once('FCPATH\\index.php')
CRITICAL - 2023-05-15 10:08:52 --> Undefined array key "kode"
in APPPATH\Controllers\Mohfaktur.php on line 1072.
 1 APPPATH\Controllers\Mohfaktur.php(1072): CodeIgniter\Debug\Exceptions->errorHandler(2, 'Undefined array key "kode"', 'APPPATH\\Controllers\\Mohfaktur.php', 1072)
 2 SYSTEMPATH\CodeIgniter.php(904): App\Controllers\mohfaktur->repl_model()
 3 SYSTEMPATH\CodeIgniter.php(457): CodeIgniter\CodeIgniter->runController(Object(App\Controllers\mohfaktur))
 4 SYSTEMPATH\CodeIgniter.php(340): CodeIgniter\CodeIgniter->handleRequest(null, Object(Config\Cache), false)
 5 FCPATH\index.php(67): CodeIgniter\CodeIgniter->run()
 6 SYSTEMPATH\Commands\Server\rewrite.php(43): require_once('FCPATH\\index.php')
CRITICAL - 2023-05-15 10:08:52 --> Undefined array key "kode"
in APPPATH\Controllers\Mohfaktur.php on line 1094.
 1 APPPATH\Controllers\Mohfaktur.php(1094): CodeIgniter\Debug\Exceptions->errorHandler(2, 'Undefined array key "kode"', 'APPPATH\\Controllers\\Mohfaktur.php', 1094)
 2 SYSTEMPATH\CodeIgniter.php(904): App\Controllers\mohfaktur->repl_sm()
 3 SYSTEMPATH\CodeIgniter.php(457): CodeIgniter\CodeIgniter->runController(Object(App\Controllers\mohfaktur))
 4 SYSTEMPATH\CodeIgniter.php(340): CodeIgniter\CodeIgniter->handleRequest(null, Object(Config\Cache), false)
 5 FCPATH\index.php(67): CodeIgniter\CodeIgniter->run()
 6 SYSTEMPATH\Commands\Server\rewrite.php(43): require_once('FCPATH\\index.php')
CRITICAL - 2023-05-15 10:08:53 --> Undefined array key "kode"
in APPPATH\Controllers\Mohfaktur.php on line 1116.
 1 APPPATH\Controllers\Mohfaktur.php(1116): CodeIgniter\Debug\Exceptions->errorHandler(2, 'Undefined array key "kode"', 'APPPATH\\Controllers\\Mohfaktur.php', 1116)
 2 SYSTEMPATH\CodeIgniter.php(904): App\Controllers\mohfaktur->repl_nmstnk()
 3 SYSTEMPATH\CodeIgniter.php(457): CodeIgniter\CodeIgniter->runController(Object(App\Controllers\mohfaktur))
 4 SYSTEMPATH\CodeIgniter.php(340): CodeIgniter\CodeIgniter->handleRequest(null, Object(Config\Cache), false)
 5 FCPATH\index.php(67): CodeIgniter\CodeIgniter->run()
 6 SYSTEMPATH\Commands\Server\rewrite.php(43): require_once('FCPATH\\index.php')
CRITICAL - 2023-05-15 10:08:53 --> Cannot use object of type stdClass as array
in APPPATH\Controllers\Penerimaankasir.php on line 190.
 1 SYSTEMPATH\CodeIgniter.php(904): App\Controllers\Penerimaankasir->simpandata()
 2 SYSTEMPATH\CodeIgniter.php(457): CodeIgniter\CodeIgniter->runController(Object(App\Controllers\Penerimaankasir))
 3 SYSTEMPATH\CodeIgniter.php(340): CodeIgniter\CodeIgniter->handleRequest(null, Object(Config\Cache), false)
 4 FCPATH\index.php(67): CodeIgniter\CodeIgniter->run()
 5 SYSTEMPATH\Commands\Server\rewrite.php(43): require_once('FCPATH\\index.php')
CRITICAL - 2023-05-15 10:47:55 --> Cannot use object of type stdClass as array
in APPPATH\Controllers\Memombr.php on line 290.
 1 SYSTEMPATH\CodeIgniter.php(904): App\Controllers\Memombr->simpandata()
 2 SYSTEMPATH\CodeIgniter.php(457): CodeIgniter\CodeIgniter->runController(Object(App\Controllers\Memombr))
 3 SYSTEMPATH\CodeIgniter.php(340): CodeIgniter\CodeIgniter->handleRequest(null, Object(Config\Cache), false)
 4 FCPATH\index.php(67): CodeIgniter\CodeIgniter->run()
 5 SYSTEMPATH\Commands\Server\rewrite.php(43): require_once('FCPATH\\index.php')
CRITICAL - 2023-05-15 10:48:18 --> Cannot use object of type stdClass as array
in APPPATH\Controllers\Memombr.php on line 290.
 1 SYSTEMPATH\CodeIgniter.php(904): App\Controllers\Memombr->simpandata()
 2 SYSTEMPATH\CodeIgniter.php(457): CodeIgniter\CodeIgniter->runController(Object(App\Controllers\Memombr))
 3 SYSTEMPATH\CodeIgniter.php(340): CodeIgniter\CodeIgniter->handleRequest(null, Object(Config\Cache), false)
 4 FCPATH\index.php(67): CodeIgniter\CodeIgniter->run()
 5 SYSTEMPATH\Commands\Server\rewrite.php(43): require_once('FCPATH\\index.php')
CRITICAL - 2023-05-15 10:48:22 --> Cannot use object of type stdClass as array
in APPPATH\Controllers\Memombr.php on line 290.
 1 SYSTEMPATH\CodeIgniter.php(904): App\Controllers\Memombr->simpandata()
 2 SYSTEMPATH\CodeIgniter.php(457): CodeIgniter\CodeIgniter->runController(Object(App\Controllers\Memombr))
 3 SYSTEMPATH\CodeIgniter.php(340): CodeIgniter\CodeIgniter->handleRequest(null, Object(Config\Cache), false)
 4 FCPATH\index.php(67): CodeIgniter\CodeIgniter->run()
 5 SYSTEMPATH\Commands\Server\rewrite.php(43): require_once('FCPATH\\index.php')
CRITICAL - 2023-05-15 10:49:01 --> Undefined array key "nomor"
in APPPATH\Controllers\Memombr.php on line 506.
 1 APPPATH\Controllers\Memombr.php(506): CodeIgniter\Debug\Exceptions->errorHandler(2, 'Undefined array key "nomor"', 'APPPATH\\Controllers\\Memombr.php', 506)
 2 SYSTEMPATH\CodeIgniter.php(904): App\Controllers\Memombr->hapus('62')
 3 SYSTEMPATH\CodeIgniter.php(457): CodeIgniter\CodeIgniter->runController(Object(App\Controllers\Memombr))
 4 SYSTEMPATH\CodeIgniter.php(340): CodeIgniter\CodeIgniter->handleRequest(null, Object(Config\Cache), false)
 5 FCPATH\index.php(67): CodeIgniter\CodeIgniter->run()
 6 SYSTEMPATH\Commands\Server\rewrite.php(43): require_once('FCPATH\\index.php')
CRITICAL - 2023-05-15 10:49:21 --> Undefined array key "nomor"
in APPPATH\Controllers\Memombr.php on line 506.
 1 APPPATH\Controllers\Memombr.php(506): CodeIgniter\Debug\Exceptions->errorHandler(2, 'Undefined array key "nomor"', 'APPPATH\\Controllers\\Memombr.php', 506)
 2 SYSTEMPATH\CodeIgniter.php(904): App\Controllers\Memombr->hapus('62')
 3 SYSTEMPATH\CodeIgniter.php(457): CodeIgniter\CodeIgniter->runController(Object(App\Controllers\Memombr))
 4 SYSTEMPATH\CodeIgniter.php(340): CodeIgniter\CodeIgniter->handleRequest(null, Object(Config\Cache), false)
 5 FCPATH\index.php(67): CodeIgniter\CodeIgniter->run()
 6 SYSTEMPATH\Commands\Server\rewrite.php(43): require_once('FCPATH\\index.php')
CRITICAL - 2023-05-15 10:50:30 --> Trying to access array offset on value of type null
in APPPATH\Controllers\Memombr.php on line 510.
 1 APPPATH\Controllers\Memombr.php(510): CodeIgniter\Debug\Exceptions->errorHandler(2, 'Trying to access array offset on value of type null', 'APPPATH\\Controllers\\Memombr.php', 510)
 2 SYSTEMPATH\CodeIgniter.php(904): App\Controllers\Memombr->hapus('61')
 3 SYSTEMPATH\CodeIgniter.php(457): CodeIgniter\CodeIgniter->runController(Object(App\Controllers\Memombr))
 4 SYSTEMPATH\CodeIgniter.php(340): CodeIgniter\CodeIgniter->handleRequest(null, Object(Config\Cache), false)
 5 FCPATH\index.php(67): CodeIgniter\CodeIgniter->run()
 6 SYSTEMPATH\Commands\Server\rewrite.php(43): require_once('FCPATH\\index.php')
CRITICAL - 2023-05-15 10:51:26 --> Trying to access array offset on value of type null
in APPPATH\Controllers\Memombr.php on line 506.
 1 APPPATH\Controllers\Memombr.php(506): CodeIgniter\Debug\Exceptions->errorHandler(2, 'Trying to access array offset on value of type null', 'APPPATH\\Controllers\\Memombr.php', 506)
 2 SYSTEMPATH\CodeIgniter.php(904): App\Controllers\Memombr->hapus('61')
 3 SYSTEMPATH\CodeIgniter.php(457): CodeIgniter\CodeIgniter->runController(Object(App\Controllers\Memombr))
 4 SYSTEMPATH\CodeIgniter.php(340): CodeIgniter\CodeIgniter->handleRequest(null, Object(Config\Cache), false)
 5 FCPATH\index.php(67): CodeIgniter\CodeIgniter->run()
 6 SYSTEMPATH\Commands\Server\rewrite.php(43): require_once('FCPATH\\index.php')
CRITICAL - 2023-05-15 10:58:28 --> Undefined array key "nama"
in APPPATH\Controllers\Memombr.php on line 387.
 1 APPPATH\Controllers\Memombr.php(387): CodeIgniter\Debug\Exceptions->errorHandler(2, 'Undefined array key "nama"', 'APPPATH\\Controllers\\Memombr.php', 387)
 2 SYSTEMPATH\CodeIgniter.php(904): App\Controllers\Memombr->updatedata()
 3 SYSTEMPATH\CodeIgniter.php(457): CodeIgniter\CodeIgniter->runController(Object(App\Controllers\Memombr))
 4 SYSTEMPATH\CodeIgniter.php(340): CodeIgniter\CodeIgniter->handleRequest(null, Object(Config\Cache), false)
 5 FCPATH\index.php(67): CodeIgniter\CodeIgniter->run()
 6 SYSTEMPATH\Commands\Server\rewrite.php(43): require_once('FCPATH\\index.php')
CRITICAL - 2023-05-15 10:58:56 --> Undefined array key "nama"
in APPPATH\Controllers\Memombr.php on line 388.
 1 APPPATH\Controllers\Memombr.php(388): CodeIgniter\Debug\Exceptions->errorHandler(2, 'Undefined array key "nama"', 'APPPATH\\Controllers\\Memombr.php', 388)
 2 SYSTEMPATH\CodeIgniter.php(904): App\Controllers\Memombr->updatedata()
 3 SYSTEMPATH\CodeIgniter.php(457): CodeIgniter\CodeIgniter->runController(Object(App\Controllers\Memombr))
 4 SYSTEMPATH\CodeIgniter.php(340): CodeIgniter\CodeIgniter->handleRequest(null, Object(Config\Cache), false)
 5 FCPATH\index.php(67): CodeIgniter\CodeIgniter->run()
 6 SYSTEMPATH\Commands\Server\rewrite.php(43): require_once('FCPATH\\index.php')
CRITICAL - 2023-05-15 11:03:47 --> Cannot use object of type stdClass as array
in APPPATH\Controllers\Memombr.php on line 289.
 1 SYSTEMPATH\CodeIgniter.php(904): App\Controllers\Memombr->simpandata()
 2 SYSTEMPATH\CodeIgniter.php(457): CodeIgniter\CodeIgniter->runController(Object(App\Controllers\Memombr))
 3 SYSTEMPATH\CodeIgniter.php(340): CodeIgniter\CodeIgniter->handleRequest(null, Object(Config\Cache), false)
 4 FCPATH\index.php(67): CodeIgniter\CodeIgniter->run()
 5 SYSTEMPATH\Commands\Server\rewrite.php(43): require_once('FCPATH\\index.php')
CRITICAL - 2023-05-15 11:05:03 --> Undefined array key "nama"
in APPPATH\Controllers\Memombr.php on line 387.
 1 APPPATH\Controllers\Memombr.php(387): CodeIgniter\Debug\Exceptions->errorHandler(2, 'Undefined array key "nama"', 'APPPATH\\Controllers\\Memombr.php', 387)
 2 SYSTEMPATH\CodeIgniter.php(904): App\Controllers\Memombr->updatedata()
 3 SYSTEMPATH\CodeIgniter.php(457): CodeIgniter\CodeIgniter->runController(Object(App\Controllers\Memombr))
 4 SYSTEMPATH\CodeIgniter.php(340): CodeIgniter\CodeIgniter->handleRequest(null, Object(Config\Cache), false)
 5 FCPATH\index.php(67): CodeIgniter\CodeIgniter->run()
 6 SYSTEMPATH\Commands\Server\rewrite.php(43): require_once('FCPATH\\index.php')
CRITICAL - 2023-05-15 11:06:29 --> Call to a member function find() on array
in APPPATH\Controllers\Memombr.php on line 384.
 1 SYSTEMPATH\CodeIgniter.php(904): App\Controllers\Memombr->updatedata()
 2 SYSTEMPATH\CodeIgniter.php(457): CodeIgniter\CodeIgniter->runController(Object(App\Controllers\Memombr))
 3 SYSTEMPATH\CodeIgniter.php(340): CodeIgniter\CodeIgniter->handleRequest(null, Object(Config\Cache), false)
 4 FCPATH\index.php(67): CodeIgniter\CodeIgniter->run()
 5 SYSTEMPATH\Commands\Server\rewrite.php(43): require_once('FCPATH\\index.php')
CRITICAL - 2023-05-15 11:06:57 --> Call to a member function findAll() on array
in APPPATH\Controllers\Memombr.php on line 384.
 1 SYSTEMPATH\CodeIgniter.php(904): App\Controllers\Memombr->updatedata()
 2 SYSTEMPATH\CodeIgniter.php(457): CodeIgniter\CodeIgniter->runController(Object(App\Controllers\Memombr))
 3 SYSTEMPATH\CodeIgniter.php(340): CodeIgniter\CodeIgniter->handleRequest(null, Object(Config\Cache), false)
 4 FCPATH\index.php(67): CodeIgniter\CodeIgniter->run()
 5 SYSTEMPATH\Commands\Server\rewrite.php(43): require_once('FCPATH\\index.php')
CRITICAL - 2023-05-15 11:08:29 --> Undefined array key "nama"
in APPPATH\Controllers\Memombr.php on line 388.
 1 APPPATH\Controllers\Memombr.php(388): CodeIgniter\Debug\Exceptions->errorHandler(2, 'Undefined array key "nama"', 'APPPATH\\Controllers\\Memombr.php', 388)
 2 SYSTEMPATH\CodeIgniter.php(904): App\Controllers\Memombr->updatedata()
 3 SYSTEMPATH\CodeIgniter.php(457): CodeIgniter\CodeIgniter->runController(Object(App\Controllers\Memombr))
 4 SYSTEMPATH\CodeIgniter.php(340): CodeIgniter\CodeIgniter->handleRequest(null, Object(Config\Cache), false)
 5 FCPATH\index.php(67): CodeIgniter\CodeIgniter->run()
 6 SYSTEMPATH\Commands\Server\rewrite.php(43): require_once('FCPATH\\index.php')
CRITICAL - 2023-05-15 11:24:37 --> Cannot use object of type stdClass as array
in APPPATH\Controllers\Memombr.php on line 290.
 1 SYSTEMPATH\CodeIgniter.php(904): App\Controllers\Memombr->simpandata()
 2 SYSTEMPATH\CodeIgniter.php(457): CodeIgniter\CodeIgniter->runController(Object(App\Controllers\Memombr))
 3 SYSTEMPATH\CodeIgniter.php(340): CodeIgniter\CodeIgniter->handleRequest(null, Object(Config\Cache), false)
 4 FCPATH\index.php(67): CodeIgniter\CodeIgniter->run()
 5 SYSTEMPATH\Commands\Server\rewrite.php(43): require_once('FCPATH\\index.php')
CRITICAL - 2023-05-15 15:45:16 --> Undefined property: CodeIgniter\View\View::$memombrModel
in APPPATH\Views\dashboard\dashboard_admin.php on line 11.
 1 APPPATH\Views\dashboard\dashboard_admin.php(11): CodeIgniter\Debug\Exceptions->errorHandler(2, 'Undefined property: CodeIgniter\\View\\View::$memombrModel', 'APPPATH\\Views\\dashboard\\dashboard_admin.php', 11)
 2 SYSTEMPATH\View\View.php(213): include('APPPATH\\Views\\dashboard\\dashboard_admin.php')
 3 SYSTEMPATH\View\View.php(216): CodeIgniter\View\View->CodeIgniter\View\{closure}()
 4 SYSTEMPATH\View\View.php(429): CodeIgniter\View\View->render('dashboard/dashboard_admin', null, true)
 5 APPPATH\Views\dashboard\index.php(463): CodeIgniter\View\View->include('dashboard/dashboard_admin')
 6 SYSTEMPATH\View\View.php(213): include('APPPATH\\Views\\dashboard\\index.php')
 7 SYSTEMPATH\View\View.php(216): CodeIgniter\View\View->CodeIgniter\View\{closure}()
 8 SYSTEMPATH\Common.php(1142): CodeIgniter\View\View->render('dashboard/index', [], true)
 9 APPPATH\Controllers\Dashboard.php(30): view('dashboard/index', [...])
10 SYSTEMPATH\CodeIgniter.php(904): App\Controllers\Dashboard->index()
11 SYSTEMPATH\CodeIgniter.php(457): CodeIgniter\CodeIgniter->runController(Object(App\Controllers\Dashboard))
12 SYSTEMPATH\CodeIgniter.php(340): CodeIgniter\CodeIgniter->handleRequest(null, Object(Config\Cache), false)
13 FCPATH\index.php(67): CodeIgniter\CodeIgniter->run()
14 SYSTEMPATH\Commands\Server\rewrite.php(43): require_once('FCPATH\\index.php')
CRITICAL - 2023-05-15 15:46:20 --> Undefined property: CodeIgniter\View\View::$memombrModel
in APPPATH\Views\dashboard\dashboard_admin.php on line 27.
 1 APPPATH\Views\dashboard\dashboard_admin.php(27): CodeIgniter\Debug\Exceptions->errorHandler(2, 'Undefined property: CodeIgniter\\View\\View::$memombrModel', 'APPPATH\\Views\\dashboard\\dashboard_admin.php', 27)
 2 SYSTEMPATH\View\View.php(213): include('APPPATH\\Views\\dashboard\\dashboard_admin.php')
 3 SYSTEMPATH\View\View.php(216): CodeIgniter\View\View->CodeIgniter\View\{closure}()
 4 SYSTEMPATH\View\View.php(429): CodeIgniter\View\View->render('dashboard/dashboard_admin', null, true)
 5 APPPATH\Views\dashboard\index.php(463): CodeIgniter\View\View->include('dashboard/dashboard_admin')
 6 SYSTEMPATH\View\View.php(213): include('APPPATH\\Views\\dashboard\\index.php')
 7 SYSTEMPATH\View\View.php(216): CodeIgniter\View\View->CodeIgniter\View\{closure}()
 8 SYSTEMPATH\Common.php(1142): CodeIgniter\View\View->render('dashboard/index', [], true)
 9 APPPATH\Controllers\Dashboard.php(30): view('dashboard/index', [...])
10 SYSTEMPATH\CodeIgniter.php(904): App\Controllers\Dashboard->index()
11 SYSTEMPATH\CodeIgniter.php(457): CodeIgniter\CodeIgniter->runController(Object(App\Controllers\Dashboard))
12 SYSTEMPATH\CodeIgniter.php(340): CodeIgniter\CodeIgniter->handleRequest(null, Object(Config\Cache), false)
13 FCPATH\index.php(67): CodeIgniter\CodeIgniter->run()
14 SYSTEMPATH\Commands\Server\rewrite.php(43): require_once('FCPATH\\index.php')
CRITICAL - 2023-05-15 15:48:00 --> Undefined property: CodeIgniter\View\View::$memombrModel
in APPPATH\Views\dashboard\dashboard_admin.php on line 28.
 1 APPPATH\Views\dashboard\dashboard_admin.php(28): CodeIgniter\Debug\Exceptions->errorHandler(2, 'Undefined property: CodeIgniter\\View\\View::$memombrModel', 'APPPATH\\Views\\dashboard\\dashboard_admin.php', 28)
 2 SYSTEMPATH\View\View.php(213): include('APPPATH\\Views\\dashboard\\dashboard_admin.php')
 3 SYSTEMPATH\View\View.php(216): CodeIgniter\View\View->CodeIgniter\View\{closure}()
 4 SYSTEMPATH\View\View.php(429): CodeIgniter\View\View->render('dashboard/dashboard_admin', null, true)
 5 APPPATH\Views\dashboard\index.php(463): CodeIgniter\View\View->include('dashboard/dashboard_admin')
 6 SYSTEMPATH\View\View.php(213): include('APPPATH\\Views\\dashboard\\index.php')
 7 SYSTEMPATH\View\View.php(216): CodeIgniter\View\View->CodeIgniter\View\{closure}()
 8 SYSTEMPATH\Common.php(1142): CodeIgniter\View\View->render('dashboard/index', [], true)
 9 APPPATH\Controllers\Dashboard.php(30): view('dashboard/index', [...])
10 SYSTEMPATH\CodeIgniter.php(904): App\Controllers\Dashboard->index()
11 SYSTEMPATH\CodeIgniter.php(457): CodeIgniter\CodeIgniter->runController(Object(App\Controllers\Dashboard))
12 SYSTEMPATH\CodeIgniter.php(340): CodeIgniter\CodeIgniter->handleRequest(null, Object(Config\Cache), false)
13 FCPATH\index.php(67): CodeIgniter\CodeIgniter->run()
14 SYSTEMPATH\Commands\Server\rewrite.php(43): require_once('FCPATH\\index.php')
CRITICAL - 2023-05-15 15:48:48 --> Undefined property: CodeIgniter\View\View::$memombrModel
in APPPATH\Views\dashboard\dashboard_admin.php on line 28.
 1 APPPATH\Views\dashboard\dashboard_admin.php(28): CodeIgniter\Debug\Exceptions->errorHandler(2, 'Undefined property: CodeIgniter\\View\\View::$memombrModel', 'APPPATH\\Views\\dashboard\\dashboard_admin.php', 28)
 2 SYSTEMPATH\View\View.php(213): include('APPPATH\\Views\\dashboard\\dashboard_admin.php')
 3 SYSTEMPATH\View\View.php(216): CodeIgniter\View\View->CodeIgniter\View\{closure}()
 4 SYSTEMPATH\View\View.php(429): CodeIgniter\View\View->render('dashboard/dashboard_admin', null, true)
 5 APPPATH\Views\dashboard\index.php(463): CodeIgniter\View\View->include('dashboard/dashboard_admin')
 6 SYSTEMPATH\View\View.php(213): include('APPPATH\\Views\\dashboard\\index.php')
 7 SYSTEMPATH\View\View.php(216): CodeIgniter\View\View->CodeIgniter\View\{closure}()
 8 SYSTEMPATH\Common.php(1142): CodeIgniter\View\View->render('dashboard/index', [], true)
 9 APPPATH\Controllers\Dashboard.php(30): view('dashboard/index', [...])
10 SYSTEMPATH\CodeIgniter.php(904): App\Controllers\Dashboard->index()
11 SYSTEMPATH\CodeIgniter.php(457): CodeIgniter\CodeIgniter->runController(Object(App\Controllers\Dashboard))
12 SYSTEMPATH\CodeIgniter.php(340): CodeIgniter\CodeIgniter->handleRequest(null, Object(Config\Cache), false)
13 FCPATH\index.php(67): CodeIgniter\CodeIgniter->run()
14 SYSTEMPATH\Commands\Server\rewrite.php(43): require_once('FCPATH\\index.php')
CRITICAL - 2023-05-15 15:48:49 --> Undefined property: CodeIgniter\View\View::$memombrModel
in APPPATH\Views\dashboard\dashboard_admin.php on line 28.
 1 APPPATH\Views\dashboard\dashboard_admin.php(28): CodeIgniter\Debug\Exceptions->errorHandler(2, 'Undefined property: CodeIgniter\\View\\View::$memombrModel', 'APPPATH\\Views\\dashboard\\dashboard_admin.php', 28)
 2 SYSTEMPATH\View\View.php(213): include('APPPATH\\Views\\dashboard\\dashboard_admin.php')
 3 SYSTEMPATH\View\View.php(216): CodeIgniter\View\View->CodeIgniter\View\{closure}()
 4 SYSTEMPATH\View\View.php(429): CodeIgniter\View\View->render('dashboard/dashboard_admin', null, true)
 5 APPPATH\Views\dashboard\index.php(463): CodeIgniter\View\View->include('dashboard/dashboard_admin')
 6 SYSTEMPATH\View\View.php(213): include('APPPATH\\Views\\dashboard\\index.php')
 7 SYSTEMPATH\View\View.php(216): CodeIgniter\View\View->CodeIgniter\View\{closure}()
 8 SYSTEMPATH\Common.php(1142): CodeIgniter\View\View->render('dashboard/index', [], true)
 9 APPPATH\Controllers\Dashboard.php(30): view('dashboard/index', [...])
10 SYSTEMPATH\CodeIgniter.php(904): App\Controllers\Dashboard->index()
11 SYSTEMPATH\CodeIgniter.php(457): CodeIgniter\CodeIgniter->runController(Object(App\Controllers\Dashboard))
12 SYSTEMPATH\CodeIgniter.php(340): CodeIgniter\CodeIgniter->handleRequest(null, Object(Config\Cache), false)
13 FCPATH\index.php(67): CodeIgniter\CodeIgniter->run()
14 SYSTEMPATH\Commands\Server\rewrite.php(43): require_once('FCPATH\\index.php')
CRITICAL - 2023-05-15 15:50:49 --> Undefined property: CodeIgniter\View\View::$memombrModel
in APPPATH\Views\dashboard\dashboard_admin.php on line 28.
 1 APPPATH\Views\dashboard\dashboard_admin.php(28): CodeIgniter\Debug\Exceptions->errorHandler(2, 'Undefined property: CodeIgniter\\View\\View::$memombrModel', 'APPPATH\\Views\\dashboard\\dashboard_admin.php', 28)
 2 SYSTEMPATH\View\View.php(213): include('APPPATH\\Views\\dashboard\\dashboard_admin.php')
 3 SYSTEMPATH\View\View.php(216): CodeIgniter\View\View->CodeIgniter\View\{closure}()
 4 SYSTEMPATH\View\View.php(429): CodeIgniter\View\View->render('dashboard/dashboard_admin', null, true)
 5 APPPATH\Views\dashboard\index.php(463): CodeIgniter\View\View->include('dashboard/dashboard_admin')
 6 SYSTEMPATH\View\View.php(213): include('APPPATH\\Views\\dashboard\\index.php')
 7 SYSTEMPATH\View\View.php(216): CodeIgniter\View\View->CodeIgniter\View\{closure}()
 8 SYSTEMPATH\Common.php(1142): CodeIgniter\View\View->render('dashboard/index', [], true)
 9 APPPATH\Controllers\Dashboard.php(33): view('dashboard/index', [...])
10 SYSTEMPATH\CodeIgniter.php(904): App\Controllers\Dashboard->index()
11 SYSTEMPATH\CodeIgniter.php(457): CodeIgniter\CodeIgniter->runController(Object(App\Controllers\Dashboard))
12 SYSTEMPATH\CodeIgniter.php(340): CodeIgniter\CodeIgniter->handleRequest(null, Object(Config\Cache), false)
13 FCPATH\index.php(67): CodeIgniter\CodeIgniter->run()
14 SYSTEMPATH\Commands\Server\rewrite.php(43): require_once('FCPATH\\index.php')
CRITICAL - 2023-05-15 03:51:33 --> Call to undefined method App\Models\MemombrModel::getNumRows
in SYSTEMPATH\Model.php on line 774.
 1 APPPATH\Controllers\Dashboard.php(30): CodeIgniter\Model->__call('getNumRows', [])
 2 SYSTEMPATH\CodeIgniter.php(904): App\Controllers\Dashboard->index()
 3 SYSTEMPATH\CodeIgniter.php(457): CodeIgniter\CodeIgniter->runController(Object(App\Controllers\Dashboard))
 4 SYSTEMPATH\CodeIgniter.php(340): CodeIgniter\CodeIgniter->handleRequest(null, Object(Config\Cache), false)
 5 FCPATH\index.php(67): CodeIgniter\CodeIgniter->run()
 6 SYSTEMPATH\Commands\Server\rewrite.php(43): require_once('FCPATH\\index.php')
CRITICAL - 2023-05-15 16:15:27 --> Undefined variable $permohonanfaktur
in APPPATH\Views\dashboard\dashboard_admin.php on line 43.
 1 APPPATH\Views\dashboard\dashboard_admin.php(43): CodeIgniter\Debug\Exceptions->errorHandler(2, 'Undefined variable $permohonanfaktur', 'APPPATH\\Views\\dashboard\\dashboard_admin.php', 43)
 2 SYSTEMPATH\View\View.php(213): include('APPPATH\\Views\\dashboard\\dashboard_admin.php')
 3 SYSTEMPATH\View\View.php(216): CodeIgniter\View\View->CodeIgniter\View\{closure}()
 4 SYSTEMPATH\View\View.php(429): CodeIgniter\View\View->render('dashboard/dashboard_admin', null, true)
 5 APPPATH\Views\dashboard\index.php(463): CodeIgniter\View\View->include('dashboard/dashboard_admin')
 6 SYSTEMPATH\View\View.php(213): include('APPPATH\\Views\\dashboard\\index.php')
 7 SYSTEMPATH\View\View.php(216): CodeIgniter\View\View->CodeIgniter\View\{closure}()
 8 SYSTEMPATH\Common.php(1142): CodeIgniter\View\View->render('dashboard/index', [], true)
 9 APPPATH\Controllers\Dashboard.php(40): view('dashboard/index', [...])
10 SYSTEMPATH\CodeIgniter.php(904): App\Controllers\Dashboard->index()
11 SYSTEMPATH\CodeIgniter.php(457): CodeIgniter\CodeIgniter->runController(Object(App\Controllers\Dashboard))
12 SYSTEMPATH\CodeIgniter.php(340): CodeIgniter\CodeIgniter->handleRequest(null, Object(Config\Cache), false)
13 FCPATH\index.php(67): CodeIgniter\CodeIgniter->run()
14 SYSTEMPATH\Commands\Server\rewrite.php(43): require_once('FCPATH\\index.php')
CRITICAL - 2023-05-15 16:35:20 --> Undefined variable $koneksi
in APPPATH\Views\dashboard\dashboard_admin.php on line 97.
 1 APPPATH\Views\dashboard\dashboard_admin.php(97): CodeIgniter\Debug\Exceptions->errorHandler(2, 'Undefined variable $koneksi', 'APPPATH\\Views\\dashboard\\dashboard_admin.php', 97)
 2 SYSTEMPATH\View\View.php(213): include('APPPATH\\Views\\dashboard\\dashboard_admin.php')
 3 SYSTEMPATH\View\View.php(216): CodeIgniter\View\View->CodeIgniter\View\{closure}()
 4 SYSTEMPATH\View\View.php(429): CodeIgniter\View\View->render('dashboard/dashboard_admin', null, true)
 5 APPPATH\Views\dashboard\index.php(463): CodeIgniter\View\View->include('dashboard/dashboard_admin')
 6 SYSTEMPATH\View\View.php(213): include('APPPATH\\Views\\dashboard\\index.php')
 7 SYSTEMPATH\View\View.php(216): CodeIgniter\View\View->CodeIgniter\View\{closure}()
 8 SYSTEMPATH\Common.php(1142): CodeIgniter\View\View->render('dashboard/index', [], true)
 9 APPPATH\Controllers\Dashboard.php(40): view('dashboard/index', [...])
10 SYSTEMPATH\CodeIgniter.php(904): App\Controllers\Dashboard->index()
11 SYSTEMPATH\CodeIgniter.php(457): CodeIgniter\CodeIgniter->runController(Object(App\Controllers\Dashboard))
12 SYSTEMPATH\CodeIgniter.php(340): CodeIgniter\CodeIgniter->handleRequest(null, Object(Config\Cache), false)
13 FCPATH\index.php(67): CodeIgniter\CodeIgniter->run()
14 SYSTEMPATH\Commands\Server\rewrite.php(43): require_once('FCPATH\\index.php')
