CRITICAL - 2022-10-14 09:46:00 --> count(): Argument #1 ($value) must be of type Countable|array, null given
in APPPATH\Controllers\Rwtkeluarga.php on line 320.
 1 APPPATH\Controllers\Rwtkeluarga.php(320): count(null)
 2 SYSTEMPATH\CodeIgniter.php(904): App\Controllers\Rwtkeluarga->deletemultiple()
 3 SYSTEMPATH\CodeIgniter.php(457): CodeIgniter\CodeIgniter->runController(Object(App\Controllers\Rwtkeluarga))
 4 SYSTEMPATH\CodeIgniter.php(340): CodeIgniter\CodeIgniter->handleRequest(null, Object(Config\Cache), false)
 5 FCPATH\index.php(67): CodeIgniter\CodeIgniter->run()
 6 SYSTEMPATH\Commands\Server\rewrite.php(43): require_once('FCPATH\\index.php')
CRITICAL - 2022-10-14 09:46:04 --> count(): Argument #1 ($value) must be of type Countable|array, null given
in APPPATH\Controllers\Rwtkeluarga.php on line 320.
 1 APPPATH\Controllers\Rwtkeluarga.php(320): count(null)
 2 SYSTEMPATH\CodeIgniter.php(904): App\Controllers\Rwtkeluarga->deletemultiple()
 3 SYSTEMPATH\CodeIgniter.php(457): CodeIgniter\CodeIgniter->runController(Object(App\Controllers\Rwtkeluarga))
 4 SYSTEMPATH\CodeIgniter.php(340): CodeIgniter\CodeIgniter->handleRequest(null, Object(Config\Cache), false)
 5 FCPATH\index.php(67): CodeIgniter\CodeIgniter->run()
 6 SYSTEMPATH\Commands\Server\rewrite.php(43): require_once('FCPATH\\index.php')
CRITICAL - 2022-10-14 09:51:18 --> count(): Argument #1 ($value) must be of type Countable|array, null given
in APPPATH\Controllers\Rwtkeluarga.php on line 128.
 1 APPPATH\Controllers\Rwtkeluarga.php(128): count(null)
 2 SYSTEMPATH\CodeIgniter.php(904): App\Controllers\Rwtkeluarga->formeditbanyak()
 3 SYSTEMPATH\CodeIgniter.php(457): CodeIgniter\CodeIgniter->runController(Object(App\Controllers\Rwtkeluarga))
 4 SYSTEMPATH\CodeIgniter.php(340): CodeIgniter\CodeIgniter->handleRequest(null, Object(Config\Cache), false)
 5 FCPATH\index.php(67): CodeIgniter\CodeIgniter->run()
 6 SYSTEMPATH\Commands\Server\rewrite.php(43): require_once('FCPATH\\index.php')
CRITICAL - 2022-10-14 09:51:35 --> count(): Argument #1 ($value) must be of type Countable|array, null given
in APPPATH\Controllers\Rwtkeluarga.php on line 128.
 1 APPPATH\Controllers\Rwtkeluarga.php(128): count(null)
 2 SYSTEMPATH\CodeIgniter.php(904): App\Controllers\Rwtkeluarga->formeditbanyak()
 3 SYSTEMPATH\CodeIgniter.php(457): CodeIgniter\CodeIgniter->runController(Object(App\Controllers\Rwtkeluarga))
 4 SYSTEMPATH\CodeIgniter.php(340): CodeIgniter\CodeIgniter->handleRequest(null, Object(Config\Cache), false)
 5 FCPATH\index.php(67): CodeIgniter\CodeIgniter->run()
 6 SYSTEMPATH\Commands\Server\rewrite.php(43): require_once('FCPATH\\index.php')
CRITICAL - 2022-10-14 09:54:36 --> count(): Argument #1 ($value) must be of type Countable|array, null given
in APPPATH\Controllers\Rwtkeluarga.php on line 128.
 1 APPPATH\Controllers\Rwtkeluarga.php(128): count(null)
 2 SYSTEMPATH\CodeIgniter.php(904): App\Controllers\Rwtkeluarga->formeditbanyak()
 3 SYSTEMPATH\CodeIgniter.php(457): CodeIgniter\CodeIgniter->runController(Object(App\Controllers\Rwtkeluarga))
 4 SYSTEMPATH\CodeIgniter.php(340): CodeIgniter\CodeIgniter->handleRequest(null, Object(Config\Cache), false)
 5 FCPATH\index.php(67): CodeIgniter\CodeIgniter->run()
 6 SYSTEMPATH\Commands\Server\rewrite.php(43): require_once('FCPATH\\index.php')
CRITICAL - 2022-10-14 10:08:11 --> count(): Argument #1 ($value) must be of type Countable|array, null given
in APPPATH\Controllers\Rwtkeluarga.php on line 128.
 1 APPPATH\Controllers\Rwtkeluarga.php(128): count(null)
 2 SYSTEMPATH\CodeIgniter.php(904): App\Controllers\Rwtkeluarga->formeditbanyak()
 3 SYSTEMPATH\CodeIgniter.php(457): CodeIgniter\CodeIgniter->runController(Object(App\Controllers\Rwtkeluarga))
 4 SYSTEMPATH\CodeIgniter.php(340): CodeIgniter\CodeIgniter->handleRequest(null, Object(Config\Cache), false)
 5 FCPATH\index.php(67): CodeIgniter\CodeIgniter->run()
 6 SYSTEMPATH\Commands\Server\rewrite.php(43): require_once('FCPATH\\index.php')
CRITICAL - 2022-10-14 10:28:30 --> Too few arguments to function App\Controllers\Rwtkeluarga::formeditbanyak(), 0 passed in D:\xampp\htdocs\ci4sbadmin704\system\CodeIgniter.php on line 904 and exactly 1 expected
in APPPATH\Controllers\Rwtkeluarga.php on line 124.
 1 SYSTEMPATH\CodeIgniter.php(904): App\Controllers\Rwtkeluarga->formeditbanyak()
 2 SYSTEMPATH\CodeIgniter.php(457): CodeIgniter\CodeIgniter->runController(Object(App\Controllers\Rwtkeluarga))
 3 SYSTEMPATH\CodeIgniter.php(340): CodeIgniter\CodeIgniter->handleRequest(null, Object(Config\Cache), false)
 4 FCPATH\index.php(67): CodeIgniter\CodeIgniter->run()
 5 SYSTEMPATH\Commands\Server\rewrite.php(43): require_once('FCPATH\\index.php')
CRITICAL - 2022-10-14 11:28:13 --> Invalid file: rwtkeluarga/formedit_detail.php
in SYSTEMPATH\Exceptions\FrameworkException.php on line 33.
 1 SYSTEMPATH\View\View.php(201): CodeIgniter\Exceptions\FrameworkException::forInvalidFile('rwtkeluarga/formedit_detail.php')
 2 SYSTEMPATH\Common.php(1142): CodeIgniter\View\View->render('rwtkeluarga/formedit_detail', [], true)
 3 APPPATH\Controllers\Rwtkeluarga.php(232): view('rwtkeluarga/formedit_detail', [...])
 4 SYSTEMPATH\CodeIgniter.php(904): App\Controllers\Rwtkeluarga->formedit_detail()
 5 SYSTEMPATH\CodeIgniter.php(457): CodeIgniter\CodeIgniter->runController(Object(App\Controllers\Rwtkeluarga))
 6 SYSTEMPATH\CodeIgniter.php(340): CodeIgniter\CodeIgniter->handleRequest(null, Object(Config\Cache), false)
 7 FCPATH\index.php(67): CodeIgniter\CodeIgniter->run()
 8 SYSTEMPATH\Commands\Server\rewrite.php(43): require_once('FCPATH\\index.php')
CRITICAL - 2022-10-14 14:03:40 --> CodeIgniter\Database\BaseBuilder::limit(): Argument #1 ($value) must be of type ?int, string given, called in D:\xampp\htdocs\ci4sbadmin704\system\Model.php on line 772
in SYSTEMPATH\Database\BaseBuilder.php on line 1460.
 1 SYSTEMPATH\Model.php(772): CodeIgniter\Database\BaseBuilder->limit('ROOTPATH\\public', 'ROOTPATH\\public')
 2 APPPATH\Models\RwtkeluargaModel.php(26): CodeIgniter\Model->__call('limit', [...])
 3 APPPATH\Controllers\Rwtkeluarga.php(58): App\Models\RwtkeluargaModel->tampilData('ROOTPATH\\public', 'ROOTPATH\\public', 'ROOTPATH\\public')
 4 SYSTEMPATH\CodeIgniter.php(904): App\Controllers\Rwtkeluarga->ajaxLoadData()
 5 SYSTEMPATH\CodeIgniter.php(457): CodeIgniter\CodeIgniter->runController(Object(App\Controllers\Rwtkeluarga))
 6 SYSTEMPATH\CodeIgniter.php(340): CodeIgniter\CodeIgniter->handleRequest(null, Object(Config\Cache), false)
 7 FCPATH\index.php(67): CodeIgniter\CodeIgniter->run()
 8 SYSTEMPATH\Commands\Server\rewrite.php(43): require_once('FCPATH\\index.php')
CRITICAL - 2022-10-14 14:03:55 --> CodeIgniter\Database\BaseBuilder::limit(): Argument #1 ($value) must be of type ?int, string given, called in D:\xampp\htdocs\ci4sbadmin704\system\Model.php on line 772
in SYSTEMPATH\Database\BaseBuilder.php on line 1460.
 1 SYSTEMPATH\Model.php(772): CodeIgniter\Database\BaseBuilder->limit('ROOTPATH\\public', 'ROOTPATH\\public')
 2 APPPATH\Models\RwtkeluargaModel.php(26): CodeIgniter\Model->__call('limit', [...])
 3 APPPATH\Controllers\Rwtkeluarga.php(58): App\Models\RwtkeluargaModel->tampilData('ROOTPATH\\public', 'ROOTPATH\\public', 'ROOTPATH\\public')
 4 SYSTEMPATH\CodeIgniter.php(904): App\Controllers\Rwtkeluarga->ajaxLoadData()
 5 SYSTEMPATH\CodeIgniter.php(457): CodeIgniter\CodeIgniter->runController(Object(App\Controllers\Rwtkeluarga))
 6 SYSTEMPATH\CodeIgniter.php(340): CodeIgniter\CodeIgniter->handleRequest(null, Object(Config\Cache), false)
 7 FCPATH\index.php(67): CodeIgniter\CodeIgniter->run()
 8 SYSTEMPATH\Commands\Server\rewrite.php(43): require_once('FCPATH\\index.php')
CRITICAL - 2022-10-14 14:08:59 --> CodeIgniter\Database\BaseBuilder::limit(): Argument #1 ($value) must be of type ?int, string given, called in D:\xampp\htdocs\ci4sbadmin704\system\Model.php on line 772
in SYSTEMPATH\Database\BaseBuilder.php on line 1460.
 1 SYSTEMPATH\Model.php(772): CodeIgniter\Database\BaseBuilder->limit('ROOTPATH\\public', 'ROOTPATH\\public')
 2 APPPATH\Models\RwtkeluargaModel.php(26): CodeIgniter\Model->__call('limit', [...])
 3 APPPATH\Controllers\Rwtkeluarga.php(58): App\Models\RwtkeluargaModel->tampilData('ROOTPATH\\public', 'ROOTPATH\\public', 'ROOTPATH\\public')
 4 SYSTEMPATH\CodeIgniter.php(904): App\Controllers\Rwtkeluarga->ajaxLoadData()
 5 SYSTEMPATH\CodeIgniter.php(457): CodeIgniter\CodeIgniter->runController(Object(App\Controllers\Rwtkeluarga))
 6 SYSTEMPATH\CodeIgniter.php(340): CodeIgniter\CodeIgniter->handleRequest(null, Object(Config\Cache), false)
 7 FCPATH\index.php(67): CodeIgniter\CodeIgniter->run()
 8 SYSTEMPATH\Commands\Server\rewrite.php(43): require_once('FCPATH\\index.php')
CRITICAL - 2022-10-14 14:29:55 --> CodeIgniter\Database\BaseBuilder::limit(): Argument #1 ($value) must be of type ?int, string given, called in D:\xampp\htdocs\ci4sbadmin704\system\Model.php on line 772
in SYSTEMPATH\Database\BaseBuilder.php on line 1460.
 1 SYSTEMPATH\Model.php(772): CodeIgniter\Database\BaseBuilder->limit('ROOTPATH\\public', 'ROOTPATH\\public')
 2 APPPATH\Models\RwtkeluargaModel.php(26): CodeIgniter\Model->__call('limit', [...])
 3 APPPATH\Controllers\Rwtkeluarga.php(58): App\Models\RwtkeluargaModel->tampilData('ROOTPATH\\public', 'ROOTPATH\\public', 'ROOTPATH\\public')
 4 SYSTEMPATH\CodeIgniter.php(904): App\Controllers\Rwtkeluarga->ajaxLoadData()
 5 SYSTEMPATH\CodeIgniter.php(457): CodeIgniter\CodeIgniter->runController(Object(App\Controllers\Rwtkeluarga))
 6 SYSTEMPATH\CodeIgniter.php(340): CodeIgniter\CodeIgniter->handleRequest(null, Object(Config\Cache), false)
 7 FCPATH\index.php(67): CodeIgniter\CodeIgniter->run()
 8 SYSTEMPATH\Commands\Server\rewrite.php(43): require_once('FCPATH\\index.php')
CRITICAL - 2022-10-14 14:40:32 --> Array to string conversion
in APPPATH\Controllers\Rwtkeluarga.php on line 67.
 1 APPPATH\Controllers\Rwtkeluarga.php(67): CodeIgniter\Debug\Exceptions->errorHandler(2, 'Array to string conversion', 'APPPATH\\Controllers\\Rwtkeluarga.php', 67)
 2 SYSTEMPATH\CodeIgniter.php(904): App\Controllers\Rwtkeluarga->ajaxLoadData()
 3 SYSTEMPATH\CodeIgniter.php(457): CodeIgniter\CodeIgniter->runController(Object(App\Controllers\Rwtkeluarga))
 4 SYSTEMPATH\CodeIgniter.php(340): CodeIgniter\CodeIgniter->handleRequest(null, Object(Config\Cache), false)
 5 FCPATH\index.php(67): CodeIgniter\CodeIgniter->run()
 6 SYSTEMPATH\Commands\Server\rewrite.php(43): require_once('FCPATH\\index.php')
CRITICAL - 2022-10-14 15:20:50 --> Call to undefined method App\Models\RwtkeluargaModel::tampilData
in SYSTEMPATH\Model.php on line 774.
 1 APPPATH\Controllers\Rwtkeluarga.php(58): CodeIgniter\Model->__call('tampilData', [...])
 2 SYSTEMPATH\CodeIgniter.php(904): App\Controllers\Rwtkeluarga->ajaxLoadData()
 3 SYSTEMPATH\CodeIgniter.php(457): CodeIgniter\CodeIgniter->runController(Object(App\Controllers\Rwtkeluarga))
 4 SYSTEMPATH\CodeIgniter.php(340): CodeIgniter\CodeIgniter->handleRequest(null, Object(Config\Cache), false)
 5 FCPATH\index.php(67): CodeIgniter\CodeIgniter->run()
 6 SYSTEMPATH\Commands\Server\rewrite.php(43): require_once('FCPATH\\index.php')
CRITICAL - 2022-10-14 15:23:55 --> You must set the database table to be used with your query.
in SYSTEMPATH\Database\BaseConnection.php on line 872.
 1 SYSTEMPATH\Model.php(587): CodeIgniter\Database\BaseConnection->table(null)
 2 SYSTEMPATH\Model.php(764): CodeIgniter\Model->builder()
 3 APPPATH\Controllers\Rwtkeluarga.php(23): CodeIgniter\Model->__call('orderBy', [...])
 4 SYSTEMPATH\CodeIgniter.php(904): App\Controllers\Rwtkeluarga->index()
 5 SYSTEMPATH\CodeIgniter.php(457): CodeIgniter\CodeIgniter->runController(Object(App\Controllers\Rwtkeluarga))
 6 SYSTEMPATH\CodeIgniter.php(340): CodeIgniter\CodeIgniter->handleRequest(null, Object(Config\Cache), false)
 7 FCPATH\index.php(67): CodeIgniter\CodeIgniter->run()
 8 SYSTEMPATH\Commands\Server\rewrite.php(43): require_once('FCPATH\\index.php')
CRITICAL - 2022-10-14 15:33:11 --> Undefined variable $db
in APPPATH\Views\rwtkeluarga\tabel_detail.php on line 46.
 1 APPPATH\Views\rwtkeluarga\tabel_detail.php(46): CodeIgniter\Debug\Exceptions->errorHandler(2, 'Undefined variable $db', 'APPPATH\\Views\\rwtkeluarga\\tabel_detail.php', 46)
 2 SYSTEMPATH\View\View.php(213): include('APPPATH\\Views\\rwtkeluarga\\tabel_detail.php')
 3 SYSTEMPATH\View\View.php(216): CodeIgniter\View\View->CodeIgniter\View\{closure}()
 4 SYSTEMPATH\Common.php(1142): CodeIgniter\View\View->render('rwtkeluarga/tabel_detail', [], true)
 5 APPPATH\Controllers\Rwtkeluarga.php(368): view('rwtkeluarga/tabel_detail', [...])
 6 SYSTEMPATH\CodeIgniter.php(904): App\Controllers\Rwtkeluarga->table_detail()
 7 SYSTEMPATH\CodeIgniter.php(457): CodeIgniter\CodeIgniter->runController(Object(App\Controllers\Rwtkeluarga))
 8 SYSTEMPATH\CodeIgniter.php(340): CodeIgniter\CodeIgniter->handleRequest(null, Object(Config\Cache), false)
 9 FCPATH\index.php(67): CodeIgniter\CodeIgniter->run()
10 SYSTEMPATH\Commands\Server\rewrite.php(43): require_once('FCPATH\\index.php')
CRITICAL - 2022-10-14 15:33:28 --> Undefined variable $db
in APPPATH\Views\rwtkeluarga\tabel_detail.php on line 46.
 1 APPPATH\Views\rwtkeluarga\tabel_detail.php(46): CodeIgniter\Debug\Exceptions->errorHandler(2, 'Undefined variable $db', 'APPPATH\\Views\\rwtkeluarga\\tabel_detail.php', 46)
 2 SYSTEMPATH\View\View.php(213): include('APPPATH\\Views\\rwtkeluarga\\tabel_detail.php')
 3 SYSTEMPATH\View\View.php(216): CodeIgniter\View\View->CodeIgniter\View\{closure}()
 4 SYSTEMPATH\Common.php(1142): CodeIgniter\View\View->render('rwtkeluarga/tabel_detail', [], true)
 5 APPPATH\Controllers\Rwtkeluarga.php(368): view('rwtkeluarga/tabel_detail', [...])
 6 SYSTEMPATH\CodeIgniter.php(904): App\Controllers\Rwtkeluarga->table_detail()
 7 SYSTEMPATH\CodeIgniter.php(457): CodeIgniter\CodeIgniter->runController(Object(App\Controllers\Rwtkeluarga))
 8 SYSTEMPATH\CodeIgniter.php(340): CodeIgniter\CodeIgniter->handleRequest(null, Object(Config\Cache), false)
 9 FCPATH\index.php(67): CodeIgniter\CodeIgniter->run()
10 SYSTEMPATH\Commands\Server\rewrite.php(43): require_once('FCPATH\\index.php')
CRITICAL - 2022-10-14 15:34:20 --> Undefined array key "title"
in APPPATH\Views\rwtkeluarga\tabel_detail.php on line 51.
 1 APPPATH\Views\rwtkeluarga\tabel_detail.php(51): CodeIgniter\Debug\Exceptions->errorHandler(2, 'Undefined array key "title"', 'APPPATH\\Views\\rwtkeluarga\\tabel_detail.php', 51)
 2 SYSTEMPATH\View\View.php(213): include('APPPATH\\Views\\rwtkeluarga\\tabel_detail.php')
 3 SYSTEMPATH\View\View.php(216): CodeIgniter\View\View->CodeIgniter\View\{closure}()
 4 SYSTEMPATH\Common.php(1142): CodeIgniter\View\View->render('rwtkeluarga/tabel_detail', [], true)
 5 APPPATH\Controllers\Rwtkeluarga.php(368): view('rwtkeluarga/tabel_detail', [...])
 6 SYSTEMPATH\CodeIgniter.php(904): App\Controllers\Rwtkeluarga->table_detail()
 7 SYSTEMPATH\CodeIgniter.php(457): CodeIgniter\CodeIgniter->runController(Object(App\Controllers\Rwtkeluarga))
 8 SYSTEMPATH\CodeIgniter.php(340): CodeIgniter\CodeIgniter->handleRequest(null, Object(Config\Cache), false)
 9 FCPATH\index.php(67): CodeIgniter\CodeIgniter->run()
10 SYSTEMPATH\Commands\Server\rewrite.php(43): require_once('FCPATH\\index.php')
CRITICAL - 2022-10-14 15:34:34 --> Undefined array key "title"
in APPPATH\Views\rwtkeluarga\tabel_detail.php on line 51.
 1 APPPATH\Views\rwtkeluarga\tabel_detail.php(51): CodeIgniter\Debug\Exceptions->errorHandler(2, 'Undefined array key "title"', 'APPPATH\\Views\\rwtkeluarga\\tabel_detail.php', 51)
 2 SYSTEMPATH\View\View.php(213): include('APPPATH\\Views\\rwtkeluarga\\tabel_detail.php')
 3 SYSTEMPATH\View\View.php(216): CodeIgniter\View\View->CodeIgniter\View\{closure}()
 4 SYSTEMPATH\Common.php(1142): CodeIgniter\View\View->render('rwtkeluarga/tabel_detail', [], true)
 5 APPPATH\Controllers\Rwtkeluarga.php(368): view('rwtkeluarga/tabel_detail', [...])
 6 SYSTEMPATH\CodeIgniter.php(904): App\Controllers\Rwtkeluarga->table_detail()
 7 SYSTEMPATH\CodeIgniter.php(457): CodeIgniter\CodeIgniter->runController(Object(App\Controllers\Rwtkeluarga))
 8 SYSTEMPATH\CodeIgniter.php(340): CodeIgniter\CodeIgniter->handleRequest(null, Object(Config\Cache), false)
 9 FCPATH\index.php(67): CodeIgniter\CodeIgniter->run()
10 SYSTEMPATH\Commands\Server\rewrite.php(43): require_once('FCPATH\\index.php')
CRITICAL - 2022-10-14 15:41:00 --> Object of type CodeIgniter\Database\MySQLi\Result is not callable
in APPPATH\Controllers\Rwtkeluarga.php on line 81.
 1 SYSTEMPATH\CodeIgniter.php(904): App\Controllers\Rwtkeluarga->ajaxLoadDataDetail()
 2 SYSTEMPATH\CodeIgniter.php(457): CodeIgniter\CodeIgniter->runController(Object(App\Controllers\Rwtkeluarga))
 3 SYSTEMPATH\CodeIgniter.php(340): CodeIgniter\CodeIgniter->handleRequest(null, Object(Config\Cache), false)
 4 FCPATH\index.php(67): CodeIgniter\CodeIgniter->run()
 5 SYSTEMPATH\Commands\Server\rewrite.php(43): require_once('FCPATH\\index.php')
CRITICAL - 2022-10-14 15:41:26 --> First array member is not a valid class name or object
in APPPATH\Controllers\Rwtkeluarga.php on line 81.
 1 SYSTEMPATH\CodeIgniter.php(904): App\Controllers\Rwtkeluarga->ajaxLoadDataDetail()
 2 SYSTEMPATH\CodeIgniter.php(457): CodeIgniter\CodeIgniter->runController(Object(App\Controllers\Rwtkeluarga))
 3 SYSTEMPATH\CodeIgniter.php(340): CodeIgniter\CodeIgniter->handleRequest(null, Object(Config\Cache), false)
 4 FCPATH\index.php(67): CodeIgniter\CodeIgniter->run()
 5 SYSTEMPATH\Commands\Server\rewrite.php(43): require_once('FCPATH\\index.php')
CRITICAL - 2022-10-14 15:41:54 --> First array member is not a valid class name or object
in APPPATH\Controllers\Rwtkeluarga.php on line 81.
 1 SYSTEMPATH\CodeIgniter.php(904): App\Controllers\Rwtkeluarga->ajaxLoadDataDetail()
 2 SYSTEMPATH\CodeIgniter.php(457): CodeIgniter\CodeIgniter->runController(Object(App\Controllers\Rwtkeluarga))
 3 SYSTEMPATH\CodeIgniter.php(340): CodeIgniter\CodeIgniter->handleRequest(null, Object(Config\Cache), false)
 4 FCPATH\index.php(67): CodeIgniter\CodeIgniter->run()
 5 SYSTEMPATH\Commands\Server\rewrite.php(43): require_once('FCPATH\\index.php')
CRITICAL - 2022-10-14 15:51:33 --> Call to undefined method App\Models\RwtkeluargaModel::table1
in SYSTEMPATH\Model.php on line 774.
 1 APPPATH\Models\RwtkeluargaModel.php(35): CodeIgniter\Model->__call('table1', [...])
 2 APPPATH\Controllers\Rwtkeluarga.php(86): App\Models\RwtkeluargaModel->tampilDataDetail('ROOTPATH\\public', '0', '10')
 3 SYSTEMPATH\CodeIgniter.php(904): App\Controllers\Rwtkeluarga->ajaxLoadDataDetail()
 4 SYSTEMPATH\CodeIgniter.php(457): CodeIgniter\CodeIgniter->runController(Object(App\Controllers\Rwtkeluarga))
 5 SYSTEMPATH\CodeIgniter.php(340): CodeIgniter\CodeIgniter->handleRequest(null, Object(Config\Cache), false)
 6 FCPATH\index.php(67): CodeIgniter\CodeIgniter->run()
 7 SYSTEMPATH\Commands\Server\rewrite.php(43): require_once('FCPATH\\index.php')
CRITICAL - 2022-10-14 15:54:34 --> Call to a member function orderBy() on null
in APPPATH\Controllers\Rwtkeluarga.php on line 25.
 1 SYSTEMPATH\CodeIgniter.php(904): App\Controllers\Rwtkeluarga->index()
 2 SYSTEMPATH\CodeIgniter.php(457): CodeIgniter\CodeIgniter->runController(Object(App\Controllers\Rwtkeluarga))
 3 SYSTEMPATH\CodeIgniter.php(340): CodeIgniter\CodeIgniter->handleRequest(null, Object(Config\Cache), false)
 4 FCPATH\index.php(67): CodeIgniter\CodeIgniter->run()
 5 SYSTEMPATH\Commands\Server\rewrite.php(43): require_once('FCPATH\\index.php')
