ERROR - 2023-03-03 09:52:42 --> mysqli_sql_exception: Column 'nmservice' cannot be null in D:\xampp\htdocs\bp\system\Database\MySQLi\Connection.php:292
Stack trace:
#0 D:\xampp\htdocs\bp\system\Database\MySQLi\Connection.php(292): mysqli->query('INSERT INTO `es...', 0)
#1 D:\xampp\htdocs\bp\system\Database\BaseConnection.php(693): CodeIgniter\Database\MySQLi\Connection->execute('INSERT INTO `es...')
#2 D:\xampp\htdocs\bp\system\Database\BaseConnection.php(620): CodeIgniter\Database\BaseConnection->simpleQuery('INSERT INTO `es...')
#3 D:\xampp\htdocs\bp\system\Database\BaseBuilder.php(1916): CodeIgniter\Database\BaseConnection->query('INSERT INTO `es...', Array, false)
#4 D:\xampp\htdocs\bp\system\Model.php(279): CodeIgniter\Database\BaseBuilder->insert()
#5 D:\xampp\htdocs\bp\system\BaseModel.php(738): CodeIgniter\Model->doInsert(Array)
#6 D:\xampp\htdocs\bp\system\Model.php(667): CodeIgniter\BaseModel->insert(Array, true)
#7 D:\xampp\htdocs\bp\app\Controllers\Estimasi.php(722): CodeIgniter\Model->insert(Array)
#8 D:\xampp\htdocs\bp\system\CodeIgniter.php(904): App\Controllers\Estimasi->simpanestimasi()
#9 D:\xampp\htdocs\bp\system\CodeIgniter.php(457): CodeIgniter\CodeIgniter->runController(Object(App\Controllers\Estimasi))
#10 D:\xampp\htdocs\bp\system\CodeIgniter.php(340): CodeIgniter\CodeIgniter->handleRequest(NULL, Object(Config\Cache), false)
#11 D:\xampp\htdocs\bp\public\index.php(67): CodeIgniter\CodeIgniter->run()
#12 D:\xampp\htdocs\bp\system\Commands\Server\rewrite.php(43): require_once('D:\\xampp\\htdocs...')
#13 {main}
CRITICAL - 2023-03-03 09:52:42 --> Column 'nmservice' cannot be null
in SYSTEMPATH\Database\MySQLi\Connection.php on line 292.
 1 SYSTEMPATH\Database\MySQLi\Connection.php(292): mysqli->query('INSERT INTO `estimasi` (`noestimasi`, `tanggal`, `nopolisi`, `norangka`, `kdpemilik`, `nmpemilik`, `kdsa`, `keluhan`, `kdservice`, `nmservice`, `aktifitas`, `fasilitas`, `status_tunggu`, `int_reminder`, `via`, `ppn`, `no_polis`, `nama_polis`, `tgl_akhir_polis`, `kode_asuransi`, `nama_asuransi`, `klaim`, `internal`, `inventaris`, `campaign`, `booking`, `lain_lain`, `surveyor`, `npwp`, `contact_person`, `no_contact_person`, `user`, `created_at`, `updated_at`) VALUES (\'ES20230300005\', \'2023-03-03T09:52:36\', \'B123\', \'MHRRW12121JM000088\', \'20221100002\', \'PT. GADING PRIMA AUTOLAND\', \'\', \'\', \'GR\', NULL, \'Moving Service\', \'\', NULL, NULL, NULL, NULL, \'\', \'\', \'\', \'\', \'\', 0, 0, 0, 0, 0, 0, NULL, \'\', \'\', \'\', \'Edit-Murod-03-03-2023 09:52:42\', \'2023-03-03 09:52:42\', \'2023-03-03 09:52:42\')', 0)
 2 SYSTEMPATH\Database\BaseConnection.php(693): CodeIgniter\Database\MySQLi\Connection->execute('INSERT INTO `estimasi` (`noestimasi`, `tanggal`, `nopolisi`, `norangka`, `kdpemilik`, `nmpemilik`, `kdsa`, `keluhan`, `kdservice`, `nmservice`, `aktifitas`, `fasilitas`, `status_tunggu`, `int_reminder`, `via`, `ppn`, `no_polis`, `nama_polis`, `tgl_akhir_polis`, `kode_asuransi`, `nama_asuransi`, `klaim`, `internal`, `inventaris`, `campaign`, `booking`, `lain_lain`, `surveyor`, `npwp`, `contact_person`, `no_contact_person`, `user`, `created_at`, `updated_at`) VALUES (\'ES20230300005\', \'2023-03-03T09:52:36\', \'B123\', \'MHRRW12121JM000088\', \'20221100002\', \'PT. GADING PRIMA AUTOLAND\', \'\', \'\', \'GR\', NULL, \'Moving Service\', \'\', NULL, NULL, NULL, NULL, \'\', \'\', \'\', \'\', \'\', 0, 0, 0, 0, 0, 0, NULL, \'\', \'\', \'\', \'Edit-Murod-03-03-2023 09:52:42\', \'2023-03-03 09:52:42\', \'2023-03-03 09:52:42\')')
 3 SYSTEMPATH\Database\BaseConnection.php(620): CodeIgniter\Database\BaseConnection->simpleQuery('INSERT INTO `estimasi` (`noestimasi`, `tanggal`, `nopolisi`, `norangka`, `kdpemilik`, `nmpemilik`, `kdsa`, `keluhan`, `kdservice`, `nmservice`, `aktifitas`, `fasilitas`, `status_tunggu`, `int_reminder`, `via`, `ppn`, `no_polis`, `nama_polis`, `tgl_akhir_polis`, `kode_asuransi`, `nama_asuransi`, `klaim`, `internal`, `inventaris`, `campaign`, `booking`, `lain_lain`, `surveyor`, `npwp`, `contact_person`, `no_contact_person`, `user`, `created_at`, `updated_at`) VALUES (\'ES20230300005\', \'2023-03-03T09:52:36\', \'B123\', \'MHRRW12121JM000088\', \'20221100002\', \'PT. GADING PRIMA AUTOLAND\', \'\', \'\', \'GR\', NULL, \'Moving Service\', \'\', NULL, NULL, NULL, NULL, \'\', \'\', \'\', \'\', \'\', 0, 0, 0, 0, 0, 0, NULL, \'\', \'\', \'\', \'Edit-Murod-03-03-2023 09:52:42\', \'2023-03-03 09:52:42\', \'2023-03-03 09:52:42\')')
 4 SYSTEMPATH\Database\BaseBuilder.php(1916): CodeIgniter\Database\BaseConnection->query('INSERT INTO `estimasi` (`noestimasi`, `tanggal`, `nopolisi`, `norangka`, `kdpemilik`, `nmpemilik`, `kdsa`, `keluhan`, `kdservice`, `nmservice`, `aktifitas`, `fasilitas`, `status_tunggu`, `int_reminder`, `via`, `ppn`, `no_polis`, `nama_polis`, `tgl_akhir_polis`, `kode_asuransi`, `nama_asuransi`, `klaim`, `internal`, `inventaris`, `campaign`, `booking`, `lain_lain`, `surveyor`, `npwp`, `contact_person`, `no_contact_person`, `user`, `created_at`, `updated_at`) VALUES (:noestimasi:, :tanggal:, :nopolisi:, :norangka:, :kdpemilik:, :nmpemilik:, :kdsa:, :keluhan:, :kdservice:, :nmservice:, :aktifitas:, :fasilitas:, :status_tunggu:, :int_reminder:, :via:, :ppn:, :no_polis:, :nama_polis:, :tgl_akhir_polis:, :kode_asuransi:, :nama_asuransi:, :klaim:, :internal:, :inventaris:, :campaign:, :booking:, :lain_lain:, :surveyor:, :npwp:, :contact_person:, :no_contact_person:, :user:, :created_at:, :updated_at:)', [...], false)
 5 SYSTEMPATH\Model.php(279): CodeIgniter\Database\BaseBuilder->insert()
 6 SYSTEMPATH\BaseModel.php(738): CodeIgniter\Model->doInsert([...])
 7 SYSTEMPATH\Model.php(667): CodeIgniter\BaseModel->insert([...], true)
 8 APPPATH\Controllers\Estimasi.php(722): CodeIgniter\Model->insert([...])
 9 SYSTEMPATH\CodeIgniter.php(904): App\Controllers\Estimasi->simpanestimasi()
10 SYSTEMPATH\CodeIgniter.php(457): CodeIgniter\CodeIgniter->runController(Object(App\Controllers\Estimasi))
11 SYSTEMPATH\CodeIgniter.php(340): CodeIgniter\CodeIgniter->handleRequest(null, Object(Config\Cache), false)
12 FCPATH\index.php(67): CodeIgniter\CodeIgniter->run()
13 SYSTEMPATH\Commands\Server\rewrite.php(43): require_once('FCPATH\\index.php')
ERROR - 2023-03-03 09:53:50 --> mysqli_sql_exception: Column 'status_tunggu' cannot be null in D:\xampp\htdocs\bp\system\Database\MySQLi\Connection.php:292
Stack trace:
#0 D:\xampp\htdocs\bp\system\Database\MySQLi\Connection.php(292): mysqli->query('INSERT INTO `es...', 0)
#1 D:\xampp\htdocs\bp\system\Database\BaseConnection.php(693): CodeIgniter\Database\MySQLi\Connection->execute('INSERT INTO `es...')
#2 D:\xampp\htdocs\bp\system\Database\BaseConnection.php(620): CodeIgniter\Database\BaseConnection->simpleQuery('INSERT INTO `es...')
#3 D:\xampp\htdocs\bp\system\Database\BaseBuilder.php(1916): CodeIgniter\Database\BaseConnection->query('INSERT INTO `es...', Array, false)
#4 D:\xampp\htdocs\bp\system\Model.php(279): CodeIgniter\Database\BaseBuilder->insert()
#5 D:\xampp\htdocs\bp\system\BaseModel.php(738): CodeIgniter\Model->doInsert(Array)
#6 D:\xampp\htdocs\bp\system\Model.php(667): CodeIgniter\BaseModel->insert(Array, true)
#7 D:\xampp\htdocs\bp\app\Controllers\Estimasi.php(722): CodeIgniter\Model->insert(Array)
#8 D:\xampp\htdocs\bp\system\CodeIgniter.php(904): App\Controllers\Estimasi->simpanestimasi()
#9 D:\xampp\htdocs\bp\system\CodeIgniter.php(457): CodeIgniter\CodeIgniter->runController(Object(App\Controllers\Estimasi))
#10 D:\xampp\htdocs\bp\system\CodeIgniter.php(340): CodeIgniter\CodeIgniter->handleRequest(NULL, Object(Config\Cache), false)
#11 D:\xampp\htdocs\bp\public\index.php(67): CodeIgniter\CodeIgniter->run()
#12 D:\xampp\htdocs\bp\system\Commands\Server\rewrite.php(43): require_once('D:\\xampp\\htdocs...')
#13 {main}
CRITICAL - 2023-03-03 09:53:50 --> Column 'status_tunggu' cannot be null
in SYSTEMPATH\Database\MySQLi\Connection.php on line 292.
 1 SYSTEMPATH\Database\MySQLi\Connection.php(292): mysqli->query('INSERT INTO `estimasi` (`noestimasi`, `tanggal`, `nopolisi`, `norangka`, `kdpemilik`, `nmpemilik`, `kdsa`, `keluhan`, `kdservice`, `aktifitas`, `fasilitas`, `status_tunggu`, `int_reminder`, `via`, `ppn`, `no_polis`, `nama_polis`, `tgl_akhir_polis`, `kode_asuransi`, `nama_asuransi`, `klaim`, `internal`, `inventaris`, `campaign`, `booking`, `lain_lain`, `surveyor`, `npwp`, `contact_person`, `no_contact_person`, `user`, `created_at`, `updated_at`) VALUES (\'ES20230300005\', \'2023-03-03T09:53:45\', \'B123\', \'MHRRW12121JM000088\', \'20221100002\', \'PT. GADING PRIMA AUTOLAND\', \'\', \'\', \'PM.\', \'Workshop\', \'\', NULL, NULL, NULL, NULL, \'\', \'\', \'\', \'\', \'\', 0, 0, 0, 0, 0, 0, NULL, \'\', \'\', \'\', \'Edit-Murod-03-03-2023 09:53:50\', \'2023-03-03 09:53:50\', \'2023-03-03 09:53:50\')', 0)
 2 SYSTEMPATH\Database\BaseConnection.php(693): CodeIgniter\Database\MySQLi\Connection->execute('INSERT INTO `estimasi` (`noestimasi`, `tanggal`, `nopolisi`, `norangka`, `kdpemilik`, `nmpemilik`, `kdsa`, `keluhan`, `kdservice`, `aktifitas`, `fasilitas`, `status_tunggu`, `int_reminder`, `via`, `ppn`, `no_polis`, `nama_polis`, `tgl_akhir_polis`, `kode_asuransi`, `nama_asuransi`, `klaim`, `internal`, `inventaris`, `campaign`, `booking`, `lain_lain`, `surveyor`, `npwp`, `contact_person`, `no_contact_person`, `user`, `created_at`, `updated_at`) VALUES (\'ES20230300005\', \'2023-03-03T09:53:45\', \'B123\', \'MHRRW12121JM000088\', \'20221100002\', \'PT. GADING PRIMA AUTOLAND\', \'\', \'\', \'PM.\', \'Workshop\', \'\', NULL, NULL, NULL, NULL, \'\', \'\', \'\', \'\', \'\', 0, 0, 0, 0, 0, 0, NULL, \'\', \'\', \'\', \'Edit-Murod-03-03-2023 09:53:50\', \'2023-03-03 09:53:50\', \'2023-03-03 09:53:50\')')
 3 SYSTEMPATH\Database\BaseConnection.php(620): CodeIgniter\Database\BaseConnection->simpleQuery('INSERT INTO `estimasi` (`noestimasi`, `tanggal`, `nopolisi`, `norangka`, `kdpemilik`, `nmpemilik`, `kdsa`, `keluhan`, `kdservice`, `aktifitas`, `fasilitas`, `status_tunggu`, `int_reminder`, `via`, `ppn`, `no_polis`, `nama_polis`, `tgl_akhir_polis`, `kode_asuransi`, `nama_asuransi`, `klaim`, `internal`, `inventaris`, `campaign`, `booking`, `lain_lain`, `surveyor`, `npwp`, `contact_person`, `no_contact_person`, `user`, `created_at`, `updated_at`) VALUES (\'ES20230300005\', \'2023-03-03T09:53:45\', \'B123\', \'MHRRW12121JM000088\', \'20221100002\', \'PT. GADING PRIMA AUTOLAND\', \'\', \'\', \'PM.\', \'Workshop\', \'\', NULL, NULL, NULL, NULL, \'\', \'\', \'\', \'\', \'\', 0, 0, 0, 0, 0, 0, NULL, \'\', \'\', \'\', \'Edit-Murod-03-03-2023 09:53:50\', \'2023-03-03 09:53:50\', \'2023-03-03 09:53:50\')')
 4 SYSTEMPATH\Database\BaseBuilder.php(1916): CodeIgniter\Database\BaseConnection->query('INSERT INTO `estimasi` (`noestimasi`, `tanggal`, `nopolisi`, `norangka`, `kdpemilik`, `nmpemilik`, `kdsa`, `keluhan`, `kdservice`, `aktifitas`, `fasilitas`, `status_tunggu`, `int_reminder`, `via`, `ppn`, `no_polis`, `nama_polis`, `tgl_akhir_polis`, `kode_asuransi`, `nama_asuransi`, `klaim`, `internal`, `inventaris`, `campaign`, `booking`, `lain_lain`, `surveyor`, `npwp`, `contact_person`, `no_contact_person`, `user`, `created_at`, `updated_at`) VALUES (:noestimasi:, :tanggal:, :nopolisi:, :norangka:, :kdpemilik:, :nmpemilik:, :kdsa:, :keluhan:, :kdservice:, :aktifitas:, :fasilitas:, :status_tunggu:, :int_reminder:, :via:, :ppn:, :no_polis:, :nama_polis:, :tgl_akhir_polis:, :kode_asuransi:, :nama_asuransi:, :klaim:, :internal:, :inventaris:, :campaign:, :booking:, :lain_lain:, :surveyor:, :npwp:, :contact_person:, :no_contact_person:, :user:, :created_at:, :updated_at:)', [...], false)
 5 SYSTEMPATH\Model.php(279): CodeIgniter\Database\BaseBuilder->insert()
 6 SYSTEMPATH\BaseModel.php(738): CodeIgniter\Model->doInsert([...])
 7 SYSTEMPATH\Model.php(667): CodeIgniter\BaseModel->insert([...], true)
 8 APPPATH\Controllers\Estimasi.php(722): CodeIgniter\Model->insert([...])
 9 SYSTEMPATH\CodeIgniter.php(904): App\Controllers\Estimasi->simpanestimasi()
10 SYSTEMPATH\CodeIgniter.php(457): CodeIgniter\CodeIgniter->runController(Object(App\Controllers\Estimasi))
11 SYSTEMPATH\CodeIgniter.php(340): CodeIgniter\CodeIgniter->handleRequest(null, Object(Config\Cache), false)
12 FCPATH\index.php(67): CodeIgniter\CodeIgniter->run()
13 SYSTEMPATH\Commands\Server\rewrite.php(43): require_once('FCPATH\\index.php')
ERROR - 2023-03-03 09:57:55 --> mysqli_sql_exception: Column 'int_reminder' cannot be null in D:\xampp\htdocs\bp\system\Database\MySQLi\Connection.php:292
Stack trace:
#0 D:\xampp\htdocs\bp\system\Database\MySQLi\Connection.php(292): mysqli->query('INSERT INTO `es...', 0)
#1 D:\xampp\htdocs\bp\system\Database\BaseConnection.php(693): CodeIgniter\Database\MySQLi\Connection->execute('INSERT INTO `es...')
#2 D:\xampp\htdocs\bp\system\Database\BaseConnection.php(620): CodeIgniter\Database\BaseConnection->simpleQuery('INSERT INTO `es...')
#3 D:\xampp\htdocs\bp\system\Database\BaseBuilder.php(1916): CodeIgniter\Database\BaseConnection->query('INSERT INTO `es...', Array, false)
#4 D:\xampp\htdocs\bp\system\Model.php(279): CodeIgniter\Database\BaseBuilder->insert()
#5 D:\xampp\htdocs\bp\system\BaseModel.php(738): CodeIgniter\Model->doInsert(Array)
#6 D:\xampp\htdocs\bp\system\Model.php(667): CodeIgniter\BaseModel->insert(Array, true)
#7 D:\xampp\htdocs\bp\app\Controllers\Estimasi.php(722): CodeIgniter\Model->insert(Array)
#8 D:\xampp\htdocs\bp\system\CodeIgniter.php(904): App\Controllers\Estimasi->simpanestimasi()
#9 D:\xampp\htdocs\bp\system\CodeIgniter.php(457): CodeIgniter\CodeIgniter->runController(Object(App\Controllers\Estimasi))
#10 D:\xampp\htdocs\bp\system\CodeIgniter.php(340): CodeIgniter\CodeIgniter->handleRequest(NULL, Object(Config\Cache), false)
#11 D:\xampp\htdocs\bp\public\index.php(67): CodeIgniter\CodeIgniter->run()
#12 D:\xampp\htdocs\bp\system\Commands\Server\rewrite.php(43): require_once('D:\\xampp\\htdocs...')
#13 {main}
CRITICAL - 2023-03-03 09:57:55 --> Column 'int_reminder' cannot be null
in SYSTEMPATH\Database\MySQLi\Connection.php on line 292.
 1 SYSTEMPATH\Database\MySQLi\Connection.php(292): mysqli->query('INSERT INTO `estimasi` (`noestimasi`, `tanggal`, `nopolisi`, `norangka`, `kdpemilik`, `nmpemilik`, `kdsa`, `keluhan`, `kdservice`, `aktifitas`, `fasilitas`, `status_tunggu`, `int_reminder`, `via`, `ppn`, `no_polis`, `nama_polis`, `tgl_akhir_polis`, `kode_asuransi`, `nama_asuransi`, `klaim`, `internal`, `inventaris`, `campaign`, `booking`, `lain_lain`, `surveyor`, `npwp`, `contact_person`, `no_contact_person`, `user`, `created_at`, `updated_at`) VALUES (\'ES20230300005\', \'2023-03-03T09:57:34\', \'B123\', \'MHRRW12121JM000088\', \'20221100002\', \'PT. GADING PRIMA AUTOLAND\', \'\', \'\', \'GR\', \'Workshop\', \'Service Car\', \'Tunggu\', NULL, NULL, NULL, \'\', \'\', \'\', \'\', \'\', 0, 0, 0, 0, 0, 0, NULL, \'\', \'\', \'\', \'Edit-Murod-03-03-2023 09:57:55\', \'2023-03-03 09:57:55\', \'2023-03-03 09:57:55\')', 0)
 2 SYSTEMPATH\Database\BaseConnection.php(693): CodeIgniter\Database\MySQLi\Connection->execute('INSERT INTO `estimasi` (`noestimasi`, `tanggal`, `nopolisi`, `norangka`, `kdpemilik`, `nmpemilik`, `kdsa`, `keluhan`, `kdservice`, `aktifitas`, `fasilitas`, `status_tunggu`, `int_reminder`, `via`, `ppn`, `no_polis`, `nama_polis`, `tgl_akhir_polis`, `kode_asuransi`, `nama_asuransi`, `klaim`, `internal`, `inventaris`, `campaign`, `booking`, `lain_lain`, `surveyor`, `npwp`, `contact_person`, `no_contact_person`, `user`, `created_at`, `updated_at`) VALUES (\'ES20230300005\', \'2023-03-03T09:57:34\', \'B123\', \'MHRRW12121JM000088\', \'20221100002\', \'PT. GADING PRIMA AUTOLAND\', \'\', \'\', \'GR\', \'Workshop\', \'Service Car\', \'Tunggu\', NULL, NULL, NULL, \'\', \'\', \'\', \'\', \'\', 0, 0, 0, 0, 0, 0, NULL, \'\', \'\', \'\', \'Edit-Murod-03-03-2023 09:57:55\', \'2023-03-03 09:57:55\', \'2023-03-03 09:57:55\')')
 3 SYSTEMPATH\Database\BaseConnection.php(620): CodeIgniter\Database\BaseConnection->simpleQuery('INSERT INTO `estimasi` (`noestimasi`, `tanggal`, `nopolisi`, `norangka`, `kdpemilik`, `nmpemilik`, `kdsa`, `keluhan`, `kdservice`, `aktifitas`, `fasilitas`, `status_tunggu`, `int_reminder`, `via`, `ppn`, `no_polis`, `nama_polis`, `tgl_akhir_polis`, `kode_asuransi`, `nama_asuransi`, `klaim`, `internal`, `inventaris`, `campaign`, `booking`, `lain_lain`, `surveyor`, `npwp`, `contact_person`, `no_contact_person`, `user`, `created_at`, `updated_at`) VALUES (\'ES20230300005\', \'2023-03-03T09:57:34\', \'B123\', \'MHRRW12121JM000088\', \'20221100002\', \'PT. GADING PRIMA AUTOLAND\', \'\', \'\', \'GR\', \'Workshop\', \'Service Car\', \'Tunggu\', NULL, NULL, NULL, \'\', \'\', \'\', \'\', \'\', 0, 0, 0, 0, 0, 0, NULL, \'\', \'\', \'\', \'Edit-Murod-03-03-2023 09:57:55\', \'2023-03-03 09:57:55\', \'2023-03-03 09:57:55\')')
 4 SYSTEMPATH\Database\BaseBuilder.php(1916): CodeIgniter\Database\BaseConnection->query('INSERT INTO `estimasi` (`noestimasi`, `tanggal`, `nopolisi`, `norangka`, `kdpemilik`, `nmpemilik`, `kdsa`, `keluhan`, `kdservice`, `aktifitas`, `fasilitas`, `status_tunggu`, `int_reminder`, `via`, `ppn`, `no_polis`, `nama_polis`, `tgl_akhir_polis`, `kode_asuransi`, `nama_asuransi`, `klaim`, `internal`, `inventaris`, `campaign`, `booking`, `lain_lain`, `surveyor`, `npwp`, `contact_person`, `no_contact_person`, `user`, `created_at`, `updated_at`) VALUES (:noestimasi:, :tanggal:, :nopolisi:, :norangka:, :kdpemilik:, :nmpemilik:, :kdsa:, :keluhan:, :kdservice:, :aktifitas:, :fasilitas:, :status_tunggu:, :int_reminder:, :via:, :ppn:, :no_polis:, :nama_polis:, :tgl_akhir_polis:, :kode_asuransi:, :nama_asuransi:, :klaim:, :internal:, :inventaris:, :campaign:, :booking:, :lain_lain:, :surveyor:, :npwp:, :contact_person:, :no_contact_person:, :user:, :created_at:, :updated_at:)', [...], false)
 5 SYSTEMPATH\Model.php(279): CodeIgniter\Database\BaseBuilder->insert()
 6 SYSTEMPATH\BaseModel.php(738): CodeIgniter\Model->doInsert([...])
 7 SYSTEMPATH\Model.php(667): CodeIgniter\BaseModel->insert([...], true)
 8 APPPATH\Controllers\Estimasi.php(722): CodeIgniter\Model->insert([...])
 9 SYSTEMPATH\CodeIgniter.php(904): App\Controllers\Estimasi->simpanestimasi()
10 SYSTEMPATH\CodeIgniter.php(457): CodeIgniter\CodeIgniter->runController(Object(App\Controllers\Estimasi))
11 SYSTEMPATH\CodeIgniter.php(340): CodeIgniter\CodeIgniter->handleRequest(null, Object(Config\Cache), false)
12 FCPATH\index.php(67): CodeIgniter\CodeIgniter->run()
13 SYSTEMPATH\Commands\Server\rewrite.php(43): require_once('FCPATH\\index.php')
ERROR - 2023-03-03 09:57:56 --> mysqli_sql_exception: Column 'int_reminder' cannot be null in D:\xampp\htdocs\bp\system\Database\MySQLi\Connection.php:292
Stack trace:
#0 D:\xampp\htdocs\bp\system\Database\MySQLi\Connection.php(292): mysqli->query('INSERT INTO `es...', 0)
#1 D:\xampp\htdocs\bp\system\Database\BaseConnection.php(693): CodeIgniter\Database\MySQLi\Connection->execute('INSERT INTO `es...')
#2 D:\xampp\htdocs\bp\system\Database\BaseConnection.php(620): CodeIgniter\Database\BaseConnection->simpleQuery('INSERT INTO `es...')
#3 D:\xampp\htdocs\bp\system\Database\BaseBuilder.php(1916): CodeIgniter\Database\BaseConnection->query('INSERT INTO `es...', Array, false)
#4 D:\xampp\htdocs\bp\system\Model.php(279): CodeIgniter\Database\BaseBuilder->insert()
#5 D:\xampp\htdocs\bp\system\BaseModel.php(738): CodeIgniter\Model->doInsert(Array)
#6 D:\xampp\htdocs\bp\system\Model.php(667): CodeIgniter\BaseModel->insert(Array, true)
#7 D:\xampp\htdocs\bp\app\Controllers\Estimasi.php(722): CodeIgniter\Model->insert(Array)
#8 D:\xampp\htdocs\bp\system\CodeIgniter.php(904): App\Controllers\Estimasi->simpanestimasi()
#9 D:\xampp\htdocs\bp\system\CodeIgniter.php(457): CodeIgniter\CodeIgniter->runController(Object(App\Controllers\Estimasi))
#10 D:\xampp\htdocs\bp\system\CodeIgniter.php(340): CodeIgniter\CodeIgniter->handleRequest(NULL, Object(Config\Cache), false)
#11 D:\xampp\htdocs\bp\public\index.php(67): CodeIgniter\CodeIgniter->run()
#12 D:\xampp\htdocs\bp\system\Commands\Server\rewrite.php(43): require_once('D:\\xampp\\htdocs...')
#13 {main}
CRITICAL - 2023-03-03 09:57:56 --> Column 'int_reminder' cannot be null
in SYSTEMPATH\Database\MySQLi\Connection.php on line 292.
 1 SYSTEMPATH\Database\MySQLi\Connection.php(292): mysqli->query('INSERT INTO `estimasi` (`noestimasi`, `tanggal`, `nopolisi`, `norangka`, `kdpemilik`, `nmpemilik`, `kdsa`, `keluhan`, `kdservice`, `aktifitas`, `fasilitas`, `status_tunggu`, `int_reminder`, `via`, `ppn`, `no_polis`, `nama_polis`, `tgl_akhir_polis`, `kode_asuransi`, `nama_asuransi`, `klaim`, `internal`, `inventaris`, `campaign`, `booking`, `lain_lain`, `surveyor`, `npwp`, `contact_person`, `no_contact_person`, `user`, `created_at`, `updated_at`) VALUES (\'ES20230300005\', \'2023-03-03T09:57:34\', \'B123\', \'MHRRW12121JM000088\', \'20221100002\', \'PT. GADING PRIMA AUTOLAND\', \'\', \'\', \'GR\', \'Workshop\', \'Service Car\', \'Tunggu\', NULL, NULL, NULL, \'\', \'\', \'\', \'\', \'\', 0, 0, 0, 0, 0, 0, NULL, \'\', \'\', \'\', \'Edit-Murod-03-03-2023 09:57:56\', \'2023-03-03 09:57:56\', \'2023-03-03 09:57:56\')', 0)
 2 SYSTEMPATH\Database\BaseConnection.php(693): CodeIgniter\Database\MySQLi\Connection->execute('INSERT INTO `estimasi` (`noestimasi`, `tanggal`, `nopolisi`, `norangka`, `kdpemilik`, `nmpemilik`, `kdsa`, `keluhan`, `kdservice`, `aktifitas`, `fasilitas`, `status_tunggu`, `int_reminder`, `via`, `ppn`, `no_polis`, `nama_polis`, `tgl_akhir_polis`, `kode_asuransi`, `nama_asuransi`, `klaim`, `internal`, `inventaris`, `campaign`, `booking`, `lain_lain`, `surveyor`, `npwp`, `contact_person`, `no_contact_person`, `user`, `created_at`, `updated_at`) VALUES (\'ES20230300005\', \'2023-03-03T09:57:34\', \'B123\', \'MHRRW12121JM000088\', \'20221100002\', \'PT. GADING PRIMA AUTOLAND\', \'\', \'\', \'GR\', \'Workshop\', \'Service Car\', \'Tunggu\', NULL, NULL, NULL, \'\', \'\', \'\', \'\', \'\', 0, 0, 0, 0, 0, 0, NULL, \'\', \'\', \'\', \'Edit-Murod-03-03-2023 09:57:56\', \'2023-03-03 09:57:56\', \'2023-03-03 09:57:56\')')
 3 SYSTEMPATH\Database\BaseConnection.php(620): CodeIgniter\Database\BaseConnection->simpleQuery('INSERT INTO `estimasi` (`noestimasi`, `tanggal`, `nopolisi`, `norangka`, `kdpemilik`, `nmpemilik`, `kdsa`, `keluhan`, `kdservice`, `aktifitas`, `fasilitas`, `status_tunggu`, `int_reminder`, `via`, `ppn`, `no_polis`, `nama_polis`, `tgl_akhir_polis`, `kode_asuransi`, `nama_asuransi`, `klaim`, `internal`, `inventaris`, `campaign`, `booking`, `lain_lain`, `surveyor`, `npwp`, `contact_person`, `no_contact_person`, `user`, `created_at`, `updated_at`) VALUES (\'ES20230300005\', \'2023-03-03T09:57:34\', \'B123\', \'MHRRW12121JM000088\', \'20221100002\', \'PT. GADING PRIMA AUTOLAND\', \'\', \'\', \'GR\', \'Workshop\', \'Service Car\', \'Tunggu\', NULL, NULL, NULL, \'\', \'\', \'\', \'\', \'\', 0, 0, 0, 0, 0, 0, NULL, \'\', \'\', \'\', \'Edit-Murod-03-03-2023 09:57:56\', \'2023-03-03 09:57:56\', \'2023-03-03 09:57:56\')')
 4 SYSTEMPATH\Database\BaseBuilder.php(1916): CodeIgniter\Database\BaseConnection->query('INSERT INTO `estimasi` (`noestimasi`, `tanggal`, `nopolisi`, `norangka`, `kdpemilik`, `nmpemilik`, `kdsa`, `keluhan`, `kdservice`, `aktifitas`, `fasilitas`, `status_tunggu`, `int_reminder`, `via`, `ppn`, `no_polis`, `nama_polis`, `tgl_akhir_polis`, `kode_asuransi`, `nama_asuransi`, `klaim`, `internal`, `inventaris`, `campaign`, `booking`, `lain_lain`, `surveyor`, `npwp`, `contact_person`, `no_contact_person`, `user`, `created_at`, `updated_at`) VALUES (:noestimasi:, :tanggal:, :nopolisi:, :norangka:, :kdpemilik:, :nmpemilik:, :kdsa:, :keluhan:, :kdservice:, :aktifitas:, :fasilitas:, :status_tunggu:, :int_reminder:, :via:, :ppn:, :no_polis:, :nama_polis:, :tgl_akhir_polis:, :kode_asuransi:, :nama_asuransi:, :klaim:, :internal:, :inventaris:, :campaign:, :booking:, :lain_lain:, :surveyor:, :npwp:, :contact_person:, :no_contact_person:, :user:, :created_at:, :updated_at:)', [...], false)
 5 SYSTEMPATH\Model.php(279): CodeIgniter\Database\BaseBuilder->insert()
 6 SYSTEMPATH\BaseModel.php(738): CodeIgniter\Model->doInsert([...])
 7 SYSTEMPATH\Model.php(667): CodeIgniter\BaseModel->insert([...], true)
 8 APPPATH\Controllers\Estimasi.php(722): CodeIgniter\Model->insert([...])
 9 SYSTEMPATH\CodeIgniter.php(904): App\Controllers\Estimasi->simpanestimasi()
10 SYSTEMPATH\CodeIgniter.php(457): CodeIgniter\CodeIgniter->runController(Object(App\Controllers\Estimasi))
11 SYSTEMPATH\CodeIgniter.php(340): CodeIgniter\CodeIgniter->handleRequest(null, Object(Config\Cache), false)
12 FCPATH\index.php(67): CodeIgniter\CodeIgniter->run()
13 SYSTEMPATH\Commands\Server\rewrite.php(43): require_once('FCPATH\\index.php')
ERROR - 2023-03-03 10:02:18 --> mysqli_sql_exception: Column 'via' cannot be null in D:\xampp\htdocs\bp\system\Database\MySQLi\Connection.php:292
Stack trace:
#0 D:\xampp\htdocs\bp\system\Database\MySQLi\Connection.php(292): mysqli->query('INSERT INTO `es...', 0)
#1 D:\xampp\htdocs\bp\system\Database\BaseConnection.php(693): CodeIgniter\Database\MySQLi\Connection->execute('INSERT INTO `es...')
#2 D:\xampp\htdocs\bp\system\Database\BaseConnection.php(620): CodeIgniter\Database\BaseConnection->simpleQuery('INSERT INTO `es...')
#3 D:\xampp\htdocs\bp\system\Database\BaseBuilder.php(1916): CodeIgniter\Database\BaseConnection->query('INSERT INTO `es...', Array, false)
#4 D:\xampp\htdocs\bp\system\Model.php(279): CodeIgniter\Database\BaseBuilder->insert()
#5 D:\xampp\htdocs\bp\system\BaseModel.php(738): CodeIgniter\Model->doInsert(Array)
#6 D:\xampp\htdocs\bp\system\Model.php(667): CodeIgniter\BaseModel->insert(Array, true)
#7 D:\xampp\htdocs\bp\app\Controllers\Estimasi.php(722): CodeIgniter\Model->insert(Array)
#8 D:\xampp\htdocs\bp\system\CodeIgniter.php(904): App\Controllers\Estimasi->simpanestimasi()
#9 D:\xampp\htdocs\bp\system\CodeIgniter.php(457): CodeIgniter\CodeIgniter->runController(Object(App\Controllers\Estimasi))
#10 D:\xampp\htdocs\bp\system\CodeIgniter.php(340): CodeIgniter\CodeIgniter->handleRequest(NULL, Object(Config\Cache), false)
#11 D:\xampp\htdocs\bp\public\index.php(67): CodeIgniter\CodeIgniter->run()
#12 D:\xampp\htdocs\bp\system\Commands\Server\rewrite.php(43): require_once('D:\\xampp\\htdocs...')
#13 {main}
CRITICAL - 2023-03-03 10:02:18 --> Column 'via' cannot be null
in SYSTEMPATH\Database\MySQLi\Connection.php on line 292.
 1 SYSTEMPATH\Database\MySQLi\Connection.php(292): mysqli->query('INSERT INTO `estimasi` (`noestimasi`, `tanggal`, `nopolisi`, `norangka`, `kdpemilik`, `nmpemilik`, `kdsa`, `keluhan`, `kdservice`, `aktifitas`, `fasilitas`, `status_tunggu`, `int_reminder`, `via`, `ppn`, `no_polis`, `nama_polis`, `tgl_akhir_polis`, `kode_asuransi`, `nama_asuransi`, `klaim`, `internal`, `inventaris`, `campaign`, `booking`, `lain_lain`, `surveyor`, `npwp`, `contact_person`, `no_contact_person`, `user`, `created_at`, `updated_at`) VALUES (\'ES20230300005\', \'2023-03-03T10:02:06\', \'B123\', \'MHRRW12121JM000088\', \'20221100002\', \'PT. GADING PRIMA AUTOLAND\', \'\', \'\', \'GR\', \'Moving Service\', \'Service Car\', \'Tunggu\', \'01 Bulan\', NULL, NULL, \'\', \'\', \'\', \'\', \'\', 0, 0, 0, 0, 0, 0, NULL, \'\', \'\', \'\', \'Edit-Murod-03-03-2023 10:02:18\', \'2023-03-03 10:02:18\', \'2023-03-03 10:02:18\')', 0)
 2 SYSTEMPATH\Database\BaseConnection.php(693): CodeIgniter\Database\MySQLi\Connection->execute('INSERT INTO `estimasi` (`noestimasi`, `tanggal`, `nopolisi`, `norangka`, `kdpemilik`, `nmpemilik`, `kdsa`, `keluhan`, `kdservice`, `aktifitas`, `fasilitas`, `status_tunggu`, `int_reminder`, `via`, `ppn`, `no_polis`, `nama_polis`, `tgl_akhir_polis`, `kode_asuransi`, `nama_asuransi`, `klaim`, `internal`, `inventaris`, `campaign`, `booking`, `lain_lain`, `surveyor`, `npwp`, `contact_person`, `no_contact_person`, `user`, `created_at`, `updated_at`) VALUES (\'ES20230300005\', \'2023-03-03T10:02:06\', \'B123\', \'MHRRW12121JM000088\', \'20221100002\', \'PT. GADING PRIMA AUTOLAND\', \'\', \'\', \'GR\', \'Moving Service\', \'Service Car\', \'Tunggu\', \'01 Bulan\', NULL, NULL, \'\', \'\', \'\', \'\', \'\', 0, 0, 0, 0, 0, 0, NULL, \'\', \'\', \'\', \'Edit-Murod-03-03-2023 10:02:18\', \'2023-03-03 10:02:18\', \'2023-03-03 10:02:18\')')
 3 SYSTEMPATH\Database\BaseConnection.php(620): CodeIgniter\Database\BaseConnection->simpleQuery('INSERT INTO `estimasi` (`noestimasi`, `tanggal`, `nopolisi`, `norangka`, `kdpemilik`, `nmpemilik`, `kdsa`, `keluhan`, `kdservice`, `aktifitas`, `fasilitas`, `status_tunggu`, `int_reminder`, `via`, `ppn`, `no_polis`, `nama_polis`, `tgl_akhir_polis`, `kode_asuransi`, `nama_asuransi`, `klaim`, `internal`, `inventaris`, `campaign`, `booking`, `lain_lain`, `surveyor`, `npwp`, `contact_person`, `no_contact_person`, `user`, `created_at`, `updated_at`) VALUES (\'ES20230300005\', \'2023-03-03T10:02:06\', \'B123\', \'MHRRW12121JM000088\', \'20221100002\', \'PT. GADING PRIMA AUTOLAND\', \'\', \'\', \'GR\', \'Moving Service\', \'Service Car\', \'Tunggu\', \'01 Bulan\', NULL, NULL, \'\', \'\', \'\', \'\', \'\', 0, 0, 0, 0, 0, 0, NULL, \'\', \'\', \'\', \'Edit-Murod-03-03-2023 10:02:18\', \'2023-03-03 10:02:18\', \'2023-03-03 10:02:18\')')
 4 SYSTEMPATH\Database\BaseBuilder.php(1916): CodeIgniter\Database\BaseConnection->query('INSERT INTO `estimasi` (`noestimasi`, `tanggal`, `nopolisi`, `norangka`, `kdpemilik`, `nmpemilik`, `kdsa`, `keluhan`, `kdservice`, `aktifitas`, `fasilitas`, `status_tunggu`, `int_reminder`, `via`, `ppn`, `no_polis`, `nama_polis`, `tgl_akhir_polis`, `kode_asuransi`, `nama_asuransi`, `klaim`, `internal`, `inventaris`, `campaign`, `booking`, `lain_lain`, `surveyor`, `npwp`, `contact_person`, `no_contact_person`, `user`, `created_at`, `updated_at`) VALUES (:noestimasi:, :tanggal:, :nopolisi:, :norangka:, :kdpemilik:, :nmpemilik:, :kdsa:, :keluhan:, :kdservice:, :aktifitas:, :fasilitas:, :status_tunggu:, :int_reminder:, :via:, :ppn:, :no_polis:, :nama_polis:, :tgl_akhir_polis:, :kode_asuransi:, :nama_asuransi:, :klaim:, :internal:, :inventaris:, :campaign:, :booking:, :lain_lain:, :surveyor:, :npwp:, :contact_person:, :no_contact_person:, :user:, :created_at:, :updated_at:)', [...], false)
 5 SYSTEMPATH\Model.php(279): CodeIgniter\Database\BaseBuilder->insert()
 6 SYSTEMPATH\BaseModel.php(738): CodeIgniter\Model->doInsert([...])
 7 SYSTEMPATH\Model.php(667): CodeIgniter\BaseModel->insert([...], true)
 8 APPPATH\Controllers\Estimasi.php(722): CodeIgniter\Model->insert([...])
 9 SYSTEMPATH\CodeIgniter.php(904): App\Controllers\Estimasi->simpanestimasi()
10 SYSTEMPATH\CodeIgniter.php(457): CodeIgniter\CodeIgniter->runController(Object(App\Controllers\Estimasi))
11 SYSTEMPATH\CodeIgniter.php(340): CodeIgniter\CodeIgniter->handleRequest(null, Object(Config\Cache), false)
12 FCPATH\index.php(67): CodeIgniter\CodeIgniter->run()
13 SYSTEMPATH\Commands\Server\rewrite.php(43): require_once('FCPATH\\index.php')
ERROR - 2023-03-03 10:04:46 --> mysqli_sql_exception: Column 'ppn' cannot be null in D:\xampp\htdocs\bp\system\Database\MySQLi\Connection.php:292
Stack trace:
#0 D:\xampp\htdocs\bp\system\Database\MySQLi\Connection.php(292): mysqli->query('INSERT INTO `es...', 0)
#1 D:\xampp\htdocs\bp\system\Database\BaseConnection.php(693): CodeIgniter\Database\MySQLi\Connection->execute('INSERT INTO `es...')
#2 D:\xampp\htdocs\bp\system\Database\BaseConnection.php(620): CodeIgniter\Database\BaseConnection->simpleQuery('INSERT INTO `es...')
#3 D:\xampp\htdocs\bp\system\Database\BaseBuilder.php(1916): CodeIgniter\Database\BaseConnection->query('INSERT INTO `es...', Array, false)
#4 D:\xampp\htdocs\bp\system\Model.php(279): CodeIgniter\Database\BaseBuilder->insert()
#5 D:\xampp\htdocs\bp\system\BaseModel.php(738): CodeIgniter\Model->doInsert(Array)
#6 D:\xampp\htdocs\bp\system\Model.php(667): CodeIgniter\BaseModel->insert(Array, true)
#7 D:\xampp\htdocs\bp\app\Controllers\Estimasi.php(722): CodeIgniter\Model->insert(Array)
#8 D:\xampp\htdocs\bp\system\CodeIgniter.php(904): App\Controllers\Estimasi->simpanestimasi()
#9 D:\xampp\htdocs\bp\system\CodeIgniter.php(457): CodeIgniter\CodeIgniter->runController(Object(App\Controllers\Estimasi))
#10 D:\xampp\htdocs\bp\system\CodeIgniter.php(340): CodeIgniter\CodeIgniter->handleRequest(NULL, Object(Config\Cache), false)
#11 D:\xampp\htdocs\bp\public\index.php(67): CodeIgniter\CodeIgniter->run()
#12 D:\xampp\htdocs\bp\system\Commands\Server\rewrite.php(43): require_once('D:\\xampp\\htdocs...')
#13 {main}
CRITICAL - 2023-03-03 10:04:46 --> Column 'ppn' cannot be null
in SYSTEMPATH\Database\MySQLi\Connection.php on line 292.
 1 SYSTEMPATH\Database\MySQLi\Connection.php(292): mysqli->query('INSERT INTO `estimasi` (`noestimasi`, `tanggal`, `nopolisi`, `norangka`, `kdpemilik`, `nmpemilik`, `kdsa`, `keluhan`, `kdservice`, `aktifitas`, `fasilitas`, `status_tunggu`, `int_reminder`, `via`, `ppn`, `no_polis`, `nama_polis`, `tgl_akhir_polis`, `kode_asuransi`, `nama_asuransi`, `klaim`, `internal`, `inventaris`, `campaign`, `booking`, `lain_lain`, `surveyor`, `npwp`, `contact_person`, `no_contact_person`, `user`, `created_at`, `updated_at`) VALUES (\'ES20230300005\', \'2023-03-03T10:04:16\', \'B123\', \'MHRRW12121JM000088\', \'20221100002\', \'PT. GADING PRIMA AUTOLAND\', \'\', \'\', \'PM.\', \'\', \'\', \'\', \'\', \'\', NULL, \'\', \'\', \'\', \'\', \'\', 0, 0, 0, 0, 0, 0, NULL, \'\', \'\', \'\', \'Edit-Murod-03-03-2023 10:04:46\', \'2023-03-03 10:04:46\', \'2023-03-03 10:04:46\')', 0)
 2 SYSTEMPATH\Database\BaseConnection.php(693): CodeIgniter\Database\MySQLi\Connection->execute('INSERT INTO `estimasi` (`noestimasi`, `tanggal`, `nopolisi`, `norangka`, `kdpemilik`, `nmpemilik`, `kdsa`, `keluhan`, `kdservice`, `aktifitas`, `fasilitas`, `status_tunggu`, `int_reminder`, `via`, `ppn`, `no_polis`, `nama_polis`, `tgl_akhir_polis`, `kode_asuransi`, `nama_asuransi`, `klaim`, `internal`, `inventaris`, `campaign`, `booking`, `lain_lain`, `surveyor`, `npwp`, `contact_person`, `no_contact_person`, `user`, `created_at`, `updated_at`) VALUES (\'ES20230300005\', \'2023-03-03T10:04:16\', \'B123\', \'MHRRW12121JM000088\', \'20221100002\', \'PT. GADING PRIMA AUTOLAND\', \'\', \'\', \'PM.\', \'\', \'\', \'\', \'\', \'\', NULL, \'\', \'\', \'\', \'\', \'\', 0, 0, 0, 0, 0, 0, NULL, \'\', \'\', \'\', \'Edit-Murod-03-03-2023 10:04:46\', \'2023-03-03 10:04:46\', \'2023-03-03 10:04:46\')')
 3 SYSTEMPATH\Database\BaseConnection.php(620): CodeIgniter\Database\BaseConnection->simpleQuery('INSERT INTO `estimasi` (`noestimasi`, `tanggal`, `nopolisi`, `norangka`, `kdpemilik`, `nmpemilik`, `kdsa`, `keluhan`, `kdservice`, `aktifitas`, `fasilitas`, `status_tunggu`, `int_reminder`, `via`, `ppn`, `no_polis`, `nama_polis`, `tgl_akhir_polis`, `kode_asuransi`, `nama_asuransi`, `klaim`, `internal`, `inventaris`, `campaign`, `booking`, `lain_lain`, `surveyor`, `npwp`, `contact_person`, `no_contact_person`, `user`, `created_at`, `updated_at`) VALUES (\'ES20230300005\', \'2023-03-03T10:04:16\', \'B123\', \'MHRRW12121JM000088\', \'20221100002\', \'PT. GADING PRIMA AUTOLAND\', \'\', \'\', \'PM.\', \'\', \'\', \'\', \'\', \'\', NULL, \'\', \'\', \'\', \'\', \'\', 0, 0, 0, 0, 0, 0, NULL, \'\', \'\', \'\', \'Edit-Murod-03-03-2023 10:04:46\', \'2023-03-03 10:04:46\', \'2023-03-03 10:04:46\')')
 4 SYSTEMPATH\Database\BaseBuilder.php(1916): CodeIgniter\Database\BaseConnection->query('INSERT INTO `estimasi` (`noestimasi`, `tanggal`, `nopolisi`, `norangka`, `kdpemilik`, `nmpemilik`, `kdsa`, `keluhan`, `kdservice`, `aktifitas`, `fasilitas`, `status_tunggu`, `int_reminder`, `via`, `ppn`, `no_polis`, `nama_polis`, `tgl_akhir_polis`, `kode_asuransi`, `nama_asuransi`, `klaim`, `internal`, `inventaris`, `campaign`, `booking`, `lain_lain`, `surveyor`, `npwp`, `contact_person`, `no_contact_person`, `user`, `created_at`, `updated_at`) VALUES (:noestimasi:, :tanggal:, :nopolisi:, :norangka:, :kdpemilik:, :nmpemilik:, :kdsa:, :keluhan:, :kdservice:, :aktifitas:, :fasilitas:, :status_tunggu:, :int_reminder:, :via:, :ppn:, :no_polis:, :nama_polis:, :tgl_akhir_polis:, :kode_asuransi:, :nama_asuransi:, :klaim:, :internal:, :inventaris:, :campaign:, :booking:, :lain_lain:, :surveyor:, :npwp:, :contact_person:, :no_contact_person:, :user:, :created_at:, :updated_at:)', [...], false)
 5 SYSTEMPATH\Model.php(279): CodeIgniter\Database\BaseBuilder->insert()
 6 SYSTEMPATH\BaseModel.php(738): CodeIgniter\Model->doInsert([...])
 7 SYSTEMPATH\Model.php(667): CodeIgniter\BaseModel->insert([...], true)
 8 APPPATH\Controllers\Estimasi.php(722): CodeIgniter\Model->insert([...])
 9 SYSTEMPATH\CodeIgniter.php(904): App\Controllers\Estimasi->simpanestimasi()
10 SYSTEMPATH\CodeIgniter.php(457): CodeIgniter\CodeIgniter->runController(Object(App\Controllers\Estimasi))
11 SYSTEMPATH\CodeIgniter.php(340): CodeIgniter\CodeIgniter->handleRequest(null, Object(Config\Cache), false)
12 FCPATH\index.php(67): CodeIgniter\CodeIgniter->run()
13 SYSTEMPATH\Commands\Server\rewrite.php(43): require_once('FCPATH\\index.php')
ERROR - 2023-03-03 10:04:46 --> mysqli_sql_exception: Column 'ppn' cannot be null in D:\xampp\htdocs\bp\system\Database\MySQLi\Connection.php:292
Stack trace:
#0 D:\xampp\htdocs\bp\system\Database\MySQLi\Connection.php(292): mysqli->query('INSERT INTO `es...', 0)
#1 D:\xampp\htdocs\bp\system\Database\BaseConnection.php(693): CodeIgniter\Database\MySQLi\Connection->execute('INSERT INTO `es...')
#2 D:\xampp\htdocs\bp\system\Database\BaseConnection.php(620): CodeIgniter\Database\BaseConnection->simpleQuery('INSERT INTO `es...')
#3 D:\xampp\htdocs\bp\system\Database\BaseBuilder.php(1916): CodeIgniter\Database\BaseConnection->query('INSERT INTO `es...', Array, false)
#4 D:\xampp\htdocs\bp\system\Model.php(279): CodeIgniter\Database\BaseBuilder->insert()
#5 D:\xampp\htdocs\bp\system\BaseModel.php(738): CodeIgniter\Model->doInsert(Array)
#6 D:\xampp\htdocs\bp\system\Model.php(667): CodeIgniter\BaseModel->insert(Array, true)
#7 D:\xampp\htdocs\bp\app\Controllers\Estimasi.php(722): CodeIgniter\Model->insert(Array)
#8 D:\xampp\htdocs\bp\system\CodeIgniter.php(904): App\Controllers\Estimasi->simpanestimasi()
#9 D:\xampp\htdocs\bp\system\CodeIgniter.php(457): CodeIgniter\CodeIgniter->runController(Object(App\Controllers\Estimasi))
#10 D:\xampp\htdocs\bp\system\CodeIgniter.php(340): CodeIgniter\CodeIgniter->handleRequest(NULL, Object(Config\Cache), false)
#11 D:\xampp\htdocs\bp\public\index.php(67): CodeIgniter\CodeIgniter->run()
#12 D:\xampp\htdocs\bp\system\Commands\Server\rewrite.php(43): require_once('D:\\xampp\\htdocs...')
#13 {main}
CRITICAL - 2023-03-03 10:04:46 --> Column 'ppn' cannot be null
in SYSTEMPATH\Database\MySQLi\Connection.php on line 292.
 1 SYSTEMPATH\Database\MySQLi\Connection.php(292): mysqli->query('INSERT INTO `estimasi` (`noestimasi`, `tanggal`, `nopolisi`, `norangka`, `kdpemilik`, `nmpemilik`, `kdsa`, `keluhan`, `kdservice`, `aktifitas`, `fasilitas`, `status_tunggu`, `int_reminder`, `via`, `ppn`, `no_polis`, `nama_polis`, `tgl_akhir_polis`, `kode_asuransi`, `nama_asuransi`, `klaim`, `internal`, `inventaris`, `campaign`, `booking`, `lain_lain`, `surveyor`, `npwp`, `contact_person`, `no_contact_person`, `user`, `created_at`, `updated_at`) VALUES (\'ES20230300005\', \'2023-03-03T10:04:16\', \'B123\', \'MHRRW12121JM000088\', \'20221100002\', \'PT. GADING PRIMA AUTOLAND\', \'\', \'\', \'PM.\', \'\', \'\', \'\', \'\', \'\', NULL, \'\', \'\', \'\', \'\', \'\', 0, 0, 0, 0, 0, 0, NULL, \'\', \'\', \'\', \'Edit-Murod-03-03-2023 10:04:46\', \'2023-03-03 10:04:46\', \'2023-03-03 10:04:46\')', 0)
 2 SYSTEMPATH\Database\BaseConnection.php(693): CodeIgniter\Database\MySQLi\Connection->execute('INSERT INTO `estimasi` (`noestimasi`, `tanggal`, `nopolisi`, `norangka`, `kdpemilik`, `nmpemilik`, `kdsa`, `keluhan`, `kdservice`, `aktifitas`, `fasilitas`, `status_tunggu`, `int_reminder`, `via`, `ppn`, `no_polis`, `nama_polis`, `tgl_akhir_polis`, `kode_asuransi`, `nama_asuransi`, `klaim`, `internal`, `inventaris`, `campaign`, `booking`, `lain_lain`, `surveyor`, `npwp`, `contact_person`, `no_contact_person`, `user`, `created_at`, `updated_at`) VALUES (\'ES20230300005\', \'2023-03-03T10:04:16\', \'B123\', \'MHRRW12121JM000088\', \'20221100002\', \'PT. GADING PRIMA AUTOLAND\', \'\', \'\', \'PM.\', \'\', \'\', \'\', \'\', \'\', NULL, \'\', \'\', \'\', \'\', \'\', 0, 0, 0, 0, 0, 0, NULL, \'\', \'\', \'\', \'Edit-Murod-03-03-2023 10:04:46\', \'2023-03-03 10:04:46\', \'2023-03-03 10:04:46\')')
 3 SYSTEMPATH\Database\BaseConnection.php(620): CodeIgniter\Database\BaseConnection->simpleQuery('INSERT INTO `estimasi` (`noestimasi`, `tanggal`, `nopolisi`, `norangka`, `kdpemilik`, `nmpemilik`, `kdsa`, `keluhan`, `kdservice`, `aktifitas`, `fasilitas`, `status_tunggu`, `int_reminder`, `via`, `ppn`, `no_polis`, `nama_polis`, `tgl_akhir_polis`, `kode_asuransi`, `nama_asuransi`, `klaim`, `internal`, `inventaris`, `campaign`, `booking`, `lain_lain`, `surveyor`, `npwp`, `contact_person`, `no_contact_person`, `user`, `created_at`, `updated_at`) VALUES (\'ES20230300005\', \'2023-03-03T10:04:16\', \'B123\', \'MHRRW12121JM000088\', \'20221100002\', \'PT. GADING PRIMA AUTOLAND\', \'\', \'\', \'PM.\', \'\', \'\', \'\', \'\', \'\', NULL, \'\', \'\', \'\', \'\', \'\', 0, 0, 0, 0, 0, 0, NULL, \'\', \'\', \'\', \'Edit-Murod-03-03-2023 10:04:46\', \'2023-03-03 10:04:46\', \'2023-03-03 10:04:46\')')
 4 SYSTEMPATH\Database\BaseBuilder.php(1916): CodeIgniter\Database\BaseConnection->query('INSERT INTO `estimasi` (`noestimasi`, `tanggal`, `nopolisi`, `norangka`, `kdpemilik`, `nmpemilik`, `kdsa`, `keluhan`, `kdservice`, `aktifitas`, `fasilitas`, `status_tunggu`, `int_reminder`, `via`, `ppn`, `no_polis`, `nama_polis`, `tgl_akhir_polis`, `kode_asuransi`, `nama_asuransi`, `klaim`, `internal`, `inventaris`, `campaign`, `booking`, `lain_lain`, `surveyor`, `npwp`, `contact_person`, `no_contact_person`, `user`, `created_at`, `updated_at`) VALUES (:noestimasi:, :tanggal:, :nopolisi:, :norangka:, :kdpemilik:, :nmpemilik:, :kdsa:, :keluhan:, :kdservice:, :aktifitas:, :fasilitas:, :status_tunggu:, :int_reminder:, :via:, :ppn:, :no_polis:, :nama_polis:, :tgl_akhir_polis:, :kode_asuransi:, :nama_asuransi:, :klaim:, :internal:, :inventaris:, :campaign:, :booking:, :lain_lain:, :surveyor:, :npwp:, :contact_person:, :no_contact_person:, :user:, :created_at:, :updated_at:)', [...], false)
 5 SYSTEMPATH\Model.php(279): CodeIgniter\Database\BaseBuilder->insert()
 6 SYSTEMPATH\BaseModel.php(738): CodeIgniter\Model->doInsert([...])
 7 SYSTEMPATH\Model.php(667): CodeIgniter\BaseModel->insert([...], true)
 8 APPPATH\Controllers\Estimasi.php(722): CodeIgniter\Model->insert([...])
 9 SYSTEMPATH\CodeIgniter.php(904): App\Controllers\Estimasi->simpanestimasi()
10 SYSTEMPATH\CodeIgniter.php(457): CodeIgniter\CodeIgniter->runController(Object(App\Controllers\Estimasi))
11 SYSTEMPATH\CodeIgniter.php(340): CodeIgniter\CodeIgniter->handleRequest(null, Object(Config\Cache), false)
12 FCPATH\index.php(67): CodeIgniter\CodeIgniter->run()
13 SYSTEMPATH\Commands\Server\rewrite.php(43): require_once('FCPATH\\index.php')
ERROR - 2023-03-03 10:04:46 --> mysqli_sql_exception: Column 'ppn' cannot be null in D:\xampp\htdocs\bp\system\Database\MySQLi\Connection.php:292
Stack trace:
#0 D:\xampp\htdocs\bp\system\Database\MySQLi\Connection.php(292): mysqli->query('INSERT INTO `es...', 0)
#1 D:\xampp\htdocs\bp\system\Database\BaseConnection.php(693): CodeIgniter\Database\MySQLi\Connection->execute('INSERT INTO `es...')
#2 D:\xampp\htdocs\bp\system\Database\BaseConnection.php(620): CodeIgniter\Database\BaseConnection->simpleQuery('INSERT INTO `es...')
#3 D:\xampp\htdocs\bp\system\Database\BaseBuilder.php(1916): CodeIgniter\Database\BaseConnection->query('INSERT INTO `es...', Array, false)
#4 D:\xampp\htdocs\bp\system\Model.php(279): CodeIgniter\Database\BaseBuilder->insert()
#5 D:\xampp\htdocs\bp\system\BaseModel.php(738): CodeIgniter\Model->doInsert(Array)
#6 D:\xampp\htdocs\bp\system\Model.php(667): CodeIgniter\BaseModel->insert(Array, true)
#7 D:\xampp\htdocs\bp\app\Controllers\Estimasi.php(722): CodeIgniter\Model->insert(Array)
#8 D:\xampp\htdocs\bp\system\CodeIgniter.php(904): App\Controllers\Estimasi->simpanestimasi()
#9 D:\xampp\htdocs\bp\system\CodeIgniter.php(457): CodeIgniter\CodeIgniter->runController(Object(App\Controllers\Estimasi))
#10 D:\xampp\htdocs\bp\system\CodeIgniter.php(340): CodeIgniter\CodeIgniter->handleRequest(NULL, Object(Config\Cache), false)
#11 D:\xampp\htdocs\bp\public\index.php(67): CodeIgniter\CodeIgniter->run()
#12 D:\xampp\htdocs\bp\system\Commands\Server\rewrite.php(43): require_once('D:\\xampp\\htdocs...')
#13 {main}
CRITICAL - 2023-03-03 10:04:46 --> Column 'ppn' cannot be null
in SYSTEMPATH\Database\MySQLi\Connection.php on line 292.
 1 SYSTEMPATH\Database\MySQLi\Connection.php(292): mysqli->query('INSERT INTO `estimasi` (`noestimasi`, `tanggal`, `nopolisi`, `norangka`, `kdpemilik`, `nmpemilik`, `kdsa`, `keluhan`, `kdservice`, `aktifitas`, `fasilitas`, `status_tunggu`, `int_reminder`, `via`, `ppn`, `no_polis`, `nama_polis`, `tgl_akhir_polis`, `kode_asuransi`, `nama_asuransi`, `klaim`, `internal`, `inventaris`, `campaign`, `booking`, `lain_lain`, `surveyor`, `npwp`, `contact_person`, `no_contact_person`, `user`, `created_at`, `updated_at`) VALUES (\'ES20230300005\', \'2023-03-03T10:04:16\', \'B123\', \'MHRRW12121JM000088\', \'20221100002\', \'PT. GADING PRIMA AUTOLAND\', \'\', \'\', \'PM.\', \'\', \'\', \'\', \'\', \'\', NULL, \'\', \'\', \'\', \'\', \'\', 0, 0, 0, 0, 0, 0, NULL, \'\', \'\', \'\', \'Edit-Murod-03-03-2023 10:04:46\', \'2023-03-03 10:04:46\', \'2023-03-03 10:04:46\')', 0)
 2 SYSTEMPATH\Database\BaseConnection.php(693): CodeIgniter\Database\MySQLi\Connection->execute('INSERT INTO `estimasi` (`noestimasi`, `tanggal`, `nopolisi`, `norangka`, `kdpemilik`, `nmpemilik`, `kdsa`, `keluhan`, `kdservice`, `aktifitas`, `fasilitas`, `status_tunggu`, `int_reminder`, `via`, `ppn`, `no_polis`, `nama_polis`, `tgl_akhir_polis`, `kode_asuransi`, `nama_asuransi`, `klaim`, `internal`, `inventaris`, `campaign`, `booking`, `lain_lain`, `surveyor`, `npwp`, `contact_person`, `no_contact_person`, `user`, `created_at`, `updated_at`) VALUES (\'ES20230300005\', \'2023-03-03T10:04:16\', \'B123\', \'MHRRW12121JM000088\', \'20221100002\', \'PT. GADING PRIMA AUTOLAND\', \'\', \'\', \'PM.\', \'\', \'\', \'\', \'\', \'\', NULL, \'\', \'\', \'\', \'\', \'\', 0, 0, 0, 0, 0, 0, NULL, \'\', \'\', \'\', \'Edit-Murod-03-03-2023 10:04:46\', \'2023-03-03 10:04:46\', \'2023-03-03 10:04:46\')')
 3 SYSTEMPATH\Database\BaseConnection.php(620): CodeIgniter\Database\BaseConnection->simpleQuery('INSERT INTO `estimasi` (`noestimasi`, `tanggal`, `nopolisi`, `norangka`, `kdpemilik`, `nmpemilik`, `kdsa`, `keluhan`, `kdservice`, `aktifitas`, `fasilitas`, `status_tunggu`, `int_reminder`, `via`, `ppn`, `no_polis`, `nama_polis`, `tgl_akhir_polis`, `kode_asuransi`, `nama_asuransi`, `klaim`, `internal`, `inventaris`, `campaign`, `booking`, `lain_lain`, `surveyor`, `npwp`, `contact_person`, `no_contact_person`, `user`, `created_at`, `updated_at`) VALUES (\'ES20230300005\', \'2023-03-03T10:04:16\', \'B123\', \'MHRRW12121JM000088\', \'20221100002\', \'PT. GADING PRIMA AUTOLAND\', \'\', \'\', \'PM.\', \'\', \'\', \'\', \'\', \'\', NULL, \'\', \'\', \'\', \'\', \'\', 0, 0, 0, 0, 0, 0, NULL, \'\', \'\', \'\', \'Edit-Murod-03-03-2023 10:04:46\', \'2023-03-03 10:04:46\', \'2023-03-03 10:04:46\')')
 4 SYSTEMPATH\Database\BaseBuilder.php(1916): CodeIgniter\Database\BaseConnection->query('INSERT INTO `estimasi` (`noestimasi`, `tanggal`, `nopolisi`, `norangka`, `kdpemilik`, `nmpemilik`, `kdsa`, `keluhan`, `kdservice`, `aktifitas`, `fasilitas`, `status_tunggu`, `int_reminder`, `via`, `ppn`, `no_polis`, `nama_polis`, `tgl_akhir_polis`, `kode_asuransi`, `nama_asuransi`, `klaim`, `internal`, `inventaris`, `campaign`, `booking`, `lain_lain`, `surveyor`, `npwp`, `contact_person`, `no_contact_person`, `user`, `created_at`, `updated_at`) VALUES (:noestimasi:, :tanggal:, :nopolisi:, :norangka:, :kdpemilik:, :nmpemilik:, :kdsa:, :keluhan:, :kdservice:, :aktifitas:, :fasilitas:, :status_tunggu:, :int_reminder:, :via:, :ppn:, :no_polis:, :nama_polis:, :tgl_akhir_polis:, :kode_asuransi:, :nama_asuransi:, :klaim:, :internal:, :inventaris:, :campaign:, :booking:, :lain_lain:, :surveyor:, :npwp:, :contact_person:, :no_contact_person:, :user:, :created_at:, :updated_at:)', [...], false)
 5 SYSTEMPATH\Model.php(279): CodeIgniter\Database\BaseBuilder->insert()
 6 SYSTEMPATH\BaseModel.php(738): CodeIgniter\Model->doInsert([...])
 7 SYSTEMPATH\Model.php(667): CodeIgniter\BaseModel->insert([...], true)
 8 APPPATH\Controllers\Estimasi.php(722): CodeIgniter\Model->insert([...])
 9 SYSTEMPATH\CodeIgniter.php(904): App\Controllers\Estimasi->simpanestimasi()
10 SYSTEMPATH\CodeIgniter.php(457): CodeIgniter\CodeIgniter->runController(Object(App\Controllers\Estimasi))
11 SYSTEMPATH\CodeIgniter.php(340): CodeIgniter\CodeIgniter->handleRequest(null, Object(Config\Cache), false)
12 FCPATH\index.php(67): CodeIgniter\CodeIgniter->run()
13 SYSTEMPATH\Commands\Server\rewrite.php(43): require_once('FCPATH\\index.php')
ERROR - 2023-03-03 10:07:56 --> mysqli_sql_exception: Column 'surveyor' cannot be null in D:\xampp\htdocs\bp\system\Database\MySQLi\Connection.php:292
Stack trace:
#0 D:\xampp\htdocs\bp\system\Database\MySQLi\Connection.php(292): mysqli->query('INSERT INTO `es...', 0)
#1 D:\xampp\htdocs\bp\system\Database\BaseConnection.php(693): CodeIgniter\Database\MySQLi\Connection->execute('INSERT INTO `es...')
#2 D:\xampp\htdocs\bp\system\Database\BaseConnection.php(620): CodeIgniter\Database\BaseConnection->simpleQuery('INSERT INTO `es...')
#3 D:\xampp\htdocs\bp\system\Database\BaseBuilder.php(1916): CodeIgniter\Database\BaseConnection->query('INSERT INTO `es...', Array, false)
#4 D:\xampp\htdocs\bp\system\Model.php(279): CodeIgniter\Database\BaseBuilder->insert()
#5 D:\xampp\htdocs\bp\system\BaseModel.php(738): CodeIgniter\Model->doInsert(Array)
#6 D:\xampp\htdocs\bp\system\Model.php(667): CodeIgniter\BaseModel->insert(Array, true)
#7 D:\xampp\htdocs\bp\app\Controllers\Estimasi.php(722): CodeIgniter\Model->insert(Array)
#8 D:\xampp\htdocs\bp\system\CodeIgniter.php(904): App\Controllers\Estimasi->simpanestimasi()
#9 D:\xampp\htdocs\bp\system\CodeIgniter.php(457): CodeIgniter\CodeIgniter->runController(Object(App\Controllers\Estimasi))
#10 D:\xampp\htdocs\bp\system\CodeIgniter.php(340): CodeIgniter\CodeIgniter->handleRequest(NULL, Object(Config\Cache), false)
#11 D:\xampp\htdocs\bp\public\index.php(67): CodeIgniter\CodeIgniter->run()
#12 D:\xampp\htdocs\bp\system\Commands\Server\rewrite.php(43): require_once('D:\\xampp\\htdocs...')
#13 {main}
CRITICAL - 2023-03-03 10:07:56 --> Column 'surveyor' cannot be null
in SYSTEMPATH\Database\MySQLi\Connection.php on line 292.
 1 SYSTEMPATH\Database\MySQLi\Connection.php(292): mysqli->query('INSERT INTO `estimasi` (`noestimasi`, `tanggal`, `nopolisi`, `norangka`, `kdpemilik`, `nmpemilik`, `kdsa`, `keluhan`, `kdservice`, `aktifitas`, `fasilitas`, `status_tunggu`, `int_reminder`, `via`, `ppn`, `no_polis`, `nama_polis`, `tgl_akhir_polis`, `kode_asuransi`, `nama_asuransi`, `klaim`, `internal`, `inventaris`, `campaign`, `booking`, `lain_lain`, `surveyor`, `npwp`, `contact_person`, `no_contact_person`, `user`, `created_at`, `updated_at`) VALUES (\'ES20230300005\', \'2023-03-03T10:07:51\', \'B123\', \'MHRRW12121JM000088\', \'20221100002\', \'PT. GADING PRIMA AUTOLAND\', \'\', \'\', \'GR\', \'\', \'\', \'\', \'\', \'\', \'\', \'\', \'\', \'\', \'\', \'\', 0, 0, 0, 0, 0, 0, NULL, \'\', \'\', \'\', \'Edit-Murod-03-03-2023 10:07:56\', \'2023-03-03 10:07:56\', \'2023-03-03 10:07:56\')', 0)
 2 SYSTEMPATH\Database\BaseConnection.php(693): CodeIgniter\Database\MySQLi\Connection->execute('INSERT INTO `estimasi` (`noestimasi`, `tanggal`, `nopolisi`, `norangka`, `kdpemilik`, `nmpemilik`, `kdsa`, `keluhan`, `kdservice`, `aktifitas`, `fasilitas`, `status_tunggu`, `int_reminder`, `via`, `ppn`, `no_polis`, `nama_polis`, `tgl_akhir_polis`, `kode_asuransi`, `nama_asuransi`, `klaim`, `internal`, `inventaris`, `campaign`, `booking`, `lain_lain`, `surveyor`, `npwp`, `contact_person`, `no_contact_person`, `user`, `created_at`, `updated_at`) VALUES (\'ES20230300005\', \'2023-03-03T10:07:51\', \'B123\', \'MHRRW12121JM000088\', \'20221100002\', \'PT. GADING PRIMA AUTOLAND\', \'\', \'\', \'GR\', \'\', \'\', \'\', \'\', \'\', \'\', \'\', \'\', \'\', \'\', \'\', 0, 0, 0, 0, 0, 0, NULL, \'\', \'\', \'\', \'Edit-Murod-03-03-2023 10:07:56\', \'2023-03-03 10:07:56\', \'2023-03-03 10:07:56\')')
 3 SYSTEMPATH\Database\BaseConnection.php(620): CodeIgniter\Database\BaseConnection->simpleQuery('INSERT INTO `estimasi` (`noestimasi`, `tanggal`, `nopolisi`, `norangka`, `kdpemilik`, `nmpemilik`, `kdsa`, `keluhan`, `kdservice`, `aktifitas`, `fasilitas`, `status_tunggu`, `int_reminder`, `via`, `ppn`, `no_polis`, `nama_polis`, `tgl_akhir_polis`, `kode_asuransi`, `nama_asuransi`, `klaim`, `internal`, `inventaris`, `campaign`, `booking`, `lain_lain`, `surveyor`, `npwp`, `contact_person`, `no_contact_person`, `user`, `created_at`, `updated_at`) VALUES (\'ES20230300005\', \'2023-03-03T10:07:51\', \'B123\', \'MHRRW12121JM000088\', \'20221100002\', \'PT. GADING PRIMA AUTOLAND\', \'\', \'\', \'GR\', \'\', \'\', \'\', \'\', \'\', \'\', \'\', \'\', \'\', \'\', \'\', 0, 0, 0, 0, 0, 0, NULL, \'\', \'\', \'\', \'Edit-Murod-03-03-2023 10:07:56\', \'2023-03-03 10:07:56\', \'2023-03-03 10:07:56\')')
 4 SYSTEMPATH\Database\BaseBuilder.php(1916): CodeIgniter\Database\BaseConnection->query('INSERT INTO `estimasi` (`noestimasi`, `tanggal`, `nopolisi`, `norangka`, `kdpemilik`, `nmpemilik`, `kdsa`, `keluhan`, `kdservice`, `aktifitas`, `fasilitas`, `status_tunggu`, `int_reminder`, `via`, `ppn`, `no_polis`, `nama_polis`, `tgl_akhir_polis`, `kode_asuransi`, `nama_asuransi`, `klaim`, `internal`, `inventaris`, `campaign`, `booking`, `lain_lain`, `surveyor`, `npwp`, `contact_person`, `no_contact_person`, `user`, `created_at`, `updated_at`) VALUES (:noestimasi:, :tanggal:, :nopolisi:, :norangka:, :kdpemilik:, :nmpemilik:, :kdsa:, :keluhan:, :kdservice:, :aktifitas:, :fasilitas:, :status_tunggu:, :int_reminder:, :via:, :ppn:, :no_polis:, :nama_polis:, :tgl_akhir_polis:, :kode_asuransi:, :nama_asuransi:, :klaim:, :internal:, :inventaris:, :campaign:, :booking:, :lain_lain:, :surveyor:, :npwp:, :contact_person:, :no_contact_person:, :user:, :created_at:, :updated_at:)', [...], false)
 5 SYSTEMPATH\Model.php(279): CodeIgniter\Database\BaseBuilder->insert()
 6 SYSTEMPATH\BaseModel.php(738): CodeIgniter\Model->doInsert([...])
 7 SYSTEMPATH\Model.php(667): CodeIgniter\BaseModel->insert([...], true)
 8 APPPATH\Controllers\Estimasi.php(722): CodeIgniter\Model->insert([...])
 9 SYSTEMPATH\CodeIgniter.php(904): App\Controllers\Estimasi->simpanestimasi()
10 SYSTEMPATH\CodeIgniter.php(457): CodeIgniter\CodeIgniter->runController(Object(App\Controllers\Estimasi))
11 SYSTEMPATH\CodeIgniter.php(340): CodeIgniter\CodeIgniter->handleRequest(null, Object(Config\Cache), false)
12 FCPATH\index.php(67): CodeIgniter\CodeIgniter->run()
13 SYSTEMPATH\Commands\Server\rewrite.php(43): require_once('FCPATH\\index.php')
CRITICAL - 2023-03-03 16:52:06 --> Undefined variable $tbsa
in APPPATH\Views\estimasi\detailestimasi.php on line 159.
 1 APPPATH\Views\estimasi\detailestimasi.php(159): CodeIgniter\Debug\Exceptions->errorHandler(2, 'Undefined variable $tbsa', 'APPPATH\\Views\\estimasi\\detailestimasi.php', 159)
 2 SYSTEMPATH\View\View.php(213): include('APPPATH\\Views\\estimasi\\detailestimasi.php')
 3 SYSTEMPATH\View\View.php(216): CodeIgniter\View\View->CodeIgniter\View\{closure}()
 4 SYSTEMPATH\Common.php(1142): CodeIgniter\View\View->render('estimasi/detailestimasi', [], true)
 5 APPPATH\Controllers\Estimasi.php(278): view('estimasi/detailestimasi', [...])
 6 SYSTEMPATH\CodeIgniter.php(904): App\Controllers\Estimasi->detailestimasi()
 7 SYSTEMPATH\CodeIgniter.php(457): CodeIgniter\CodeIgniter->runController(Object(App\Controllers\Estimasi))
 8 SYSTEMPATH\CodeIgniter.php(340): CodeIgniter\CodeIgniter->handleRequest(null, Object(Config\Cache), false)
 9 FCPATH\index.php(67): CodeIgniter\CodeIgniter->run()
10 SYSTEMPATH\Commands\Server\rewrite.php(43): require_once('FCPATH\\index.php')
