ERROR - 2023-04-06 10:41:43 --> Error connecting to the database: mysqli_sql_exception: Unknown database 'ci4_test' in D:\xampp\htdocs\hati\system\Database\MySQLi\Connection.php:171
Stack trace:
#0 D:\xampp\htdocs\hati\system\Database\MySQLi\Connection.php(171): mysqli->real_connect('localhost', 'root', '', 'ci4_test', 3306, '', 0)
#1 D:\xampp\htdocs\hati\system\Database\BaseConnection.php(382): CodeIgniter\Database\MySQLi\Connection->connect(false)
#2 D:\xampp\htdocs\hati\system\Database\BaseConnection.php(588): CodeIgniter\Database\BaseConnection->initialize()
#3 D:\xampp\htdocs\hati\system\Database\BaseBuilder.php(1585): CodeIgniter\Database\BaseConnection->query('SELECT *\nFROM `...', Array, false)
#4 D:\xampp\htdocs\hati\system\Model.php(250): CodeIgniter\Database\BaseBuilder->get()
#5 D:\xampp\htdocs\hati\system\BaseModel.php(622): CodeIgniter\Model->doFirst()
#6 D:\xampp\htdocs\hati\app\Controllers\Login.php(29): CodeIgniter\BaseModel->first()
#7 D:\xampp\htdocs\hati\system\CodeIgniter.php(904): App\Controllers\Login->auth()
#8 D:\xampp\htdocs\hati\system\CodeIgniter.php(457): CodeIgniter\CodeIgniter->runController(Object(App\Controllers\Login))
#9 D:\xampp\htdocs\hati\system\CodeIgniter.php(340): CodeIgniter\CodeIgniter->handleRequest(NULL, Object(Config\Cache), false)
#10 D:\xampp\htdocs\hati\public\index.php(67): CodeIgniter\CodeIgniter->run()
#11 D:\xampp\htdocs\hati\system\Commands\Server\rewrite.php(43): require_once('D:\\xampp\\htdocs...')
#12 {main}

Next CodeIgniter\Database\Exceptions\DatabaseException: Unknown database 'ci4_test' in D:\xampp\htdocs\hati\system\Database\MySQLi\Connection.php:215
Stack trace:
#0 D:\xampp\htdocs\hati\system\Database\BaseConnection.php(382): CodeIgniter\Database\MySQLi\Connection->connect(false)
#1 D:\xampp\htdocs\hati\system\Database\BaseConnection.php(588): CodeIgniter\Database\BaseConnection->initialize()
#2 D:\xampp\htdocs\hati\system\Database\BaseBuilder.php(1585): CodeIgniter\Database\BaseConnection->query('SELECT *\nFROM `...', Array, false)
#3 D:\xampp\htdocs\hati\system\Model.php(250): CodeIgniter\Database\BaseBuilder->get()
#4 D:\xampp\htdocs\hati\system\BaseModel.php(622): CodeIgniter\Model->doFirst()
#5 D:\xampp\htdocs\hati\app\Controllers\Login.php(29): CodeIgniter\BaseModel->first()
#6 D:\xampp\htdocs\hati\system\CodeIgniter.php(904): App\Controllers\Login->auth()
#7 D:\xampp\htdocs\hati\system\CodeIgniter.php(457): CodeIgniter\CodeIgniter->runController(Object(App\Controllers\Login))
#8 D:\xampp\htdocs\hati\system\CodeIgniter.php(340): CodeIgniter\CodeIgniter->handleRequest(NULL, Object(Config\Cache), false)
#9 D:\xampp\htdocs\hati\public\index.php(67): CodeIgniter\CodeIgniter->run()
#10 D:\xampp\htdocs\hati\system\Commands\Server\rewrite.php(43): require_once('D:\\xampp\\htdocs...')
#11 {main}
CRITICAL - 2023-04-06 10:41:43 --> Unable to connect to the database.
Main connection [MySQLi]: Unknown database 'ci4_test'
in SYSTEMPATH\Database\BaseConnection.php on line 418.
 1 SYSTEMPATH\Database\BaseConnection.php(588): CodeIgniter\Database\BaseConnection->initialize()
 2 SYSTEMPATH\Database\BaseBuilder.php(1585): CodeIgniter\Database\BaseConnection->query('SELECT *
FROM `user`
WHERE `email` = :email:
 LIMIT 1', [...], false)
 3 SYSTEMPATH\Model.php(250): CodeIgniter\Database\BaseBuilder->get()
 4 SYSTEMPATH\BaseModel.php(622): CodeIgniter\Model->doFirst()
 5 APPPATH\Controllers\Login.php(29): CodeIgniter\BaseModel->first()
 6 SYSTEMPATH\CodeIgniter.php(904): App\Controllers\Login->auth()
 7 SYSTEMPATH\CodeIgniter.php(457): CodeIgniter\CodeIgniter->runController(Object(App\Controllers\Login))
 8 SYSTEMPATH\CodeIgniter.php(340): CodeIgniter\CodeIgniter->handleRequest(null, Object(Config\Cache), false)
 9 FCPATH\index.php(67): CodeIgniter\CodeIgniter->run()
10 SYSTEMPATH\Commands\Server\rewrite.php(43): require_once('FCPATH\\index.php')
CRITICAL - 2023-04-06 11:29:26 --> Undefined variable $pengajuandiscount
in APPPATH\Views\memombr\cetakmemombr.php on line 51.
 1 APPPATH\Views\memombr\cetakmemombr.php(51): CodeIgniter\Debug\Exceptions->errorHandler(2, 'Undefined variable $pengajuandiscount', 'APPPATH\\Views\\memombr\\cetakmemombr.php', 51)
 2 SYSTEMPATH\View\View.php(213): include('APPPATH\\Views\\memombr\\cetakmemombr.php')
 3 SYSTEMPATH\View\View.php(216): CodeIgniter\View\View->CodeIgniter\View\{closure}()
 4 SYSTEMPATH\Common.php(1142): CodeIgniter\View\View->render('memombr/cetakmemombr', [], true)
 5 APPPATH\Controllers\Memombr.php(624): view('memombr/cetakmemombr', [...])
 6 SYSTEMPATH\CodeIgniter.php(904): App\Controllers\Memombr->cetakmemombr('51')
 7 SYSTEMPATH\CodeIgniter.php(457): CodeIgniter\CodeIgniter->runController(Object(App\Controllers\Memombr))
 8 SYSTEMPATH\CodeIgniter.php(340): CodeIgniter\CodeIgniter->handleRequest(null, Object(Config\Cache), false)
 9 FCPATH\index.php(67): CodeIgniter\CodeIgniter->run()
10 SYSTEMPATH\Commands\Server\rewrite.php(43): require_once('FCPATH\\index.php')
CRITICAL - 2023-04-06 14:51:38 --> Undefined variable $tgl
in APPPATH\Views\memombr\cetakmemombr.php on line 48.
 1 APPPATH\Views\memombr\cetakmemombr.php(48): CodeIgniter\Debug\Exceptions->errorHandler(2, 'Undefined variable $tgl', 'APPPATH\\Views\\memombr\\cetakmemombr.php', 48)
 2 SYSTEMPATH\View\View.php(213): include('APPPATH\\Views\\memombr\\cetakmemombr.php')
 3 SYSTEMPATH\View\View.php(216): CodeIgniter\View\View->CodeIgniter\View\{closure}()
 4 SYSTEMPATH\Common.php(1142): CodeIgniter\View\View->render('memombr/cetakmemombr', [], true)
 5 APPPATH\Controllers\Memombr.php(625): view('memombr/cetakmemombr', [...])
 6 SYSTEMPATH\CodeIgniter.php(904): App\Controllers\Memombr->cetakmemombr('51')
 7 SYSTEMPATH\CodeIgniter.php(457): CodeIgniter\CodeIgniter->runController(Object(App\Controllers\Memombr))
 8 SYSTEMPATH\CodeIgniter.php(340): CodeIgniter\CodeIgniter->handleRequest(null, Object(Config\Cache), false)
 9 FCPATH\index.php(67): CodeIgniter\CodeIgniter->run()
10 SYSTEMPATH\Commands\Server\rewrite.php(43): require_once('FCPATH\\index.php')
CRITICAL - 2023-04-06 16:30:26 --> Undefined array key "discount_team_harga"
in APPPATH\Views\memombr\cetakmemombr.php on line 73.
 1 APPPATH\Views\memombr\cetakmemombr.php(73): CodeIgniter\Debug\Exceptions->errorHandler(2, 'Undefined array key "discount_team_harga"', 'APPPATH\\Views\\memombr\\cetakmemombr.php', 73)
 2 SYSTEMPATH\View\View.php(213): include('APPPATH\\Views\\memombr\\cetakmemombr.php')
 3 SYSTEMPATH\View\View.php(216): CodeIgniter\View\View->CodeIgniter\View\{closure}()
 4 SYSTEMPATH\Common.php(1142): CodeIgniter\View\View->render('memombr/cetakmemombr', [], true)
 5 APPPATH\Controllers\Memombr.php(625): view('memombr/cetakmemombr', [...])
 6 SYSTEMPATH\CodeIgniter.php(904): App\Controllers\Memombr->cetakmemombr('51')
 7 SYSTEMPATH\CodeIgniter.php(457): CodeIgniter\CodeIgniter->runController(Object(App\Controllers\Memombr))
 8 SYSTEMPATH\CodeIgniter.php(340): CodeIgniter\CodeIgniter->handleRequest(null, Object(Config\Cache), false)
 9 FCPATH\index.php(67): CodeIgniter\CodeIgniter->run()
10 SYSTEMPATH\Commands\Server\rewrite.php(43): require_once('FCPATH\\index.php')
CRITICAL - 2023-04-06 16:31:07 --> Undefined array key "nmsales"
in APPPATH\Views\memombr\cetakmemombr.php on line 82.
 1 APPPATH\Views\memombr\cetakmemombr.php(82): CodeIgniter\Debug\Exceptions->errorHandler(2, 'Undefined array key "nmsales"', 'APPPATH\\Views\\memombr\\cetakmemombr.php', 82)
 2 SYSTEMPATH\View\View.php(213): include('APPPATH\\Views\\memombr\\cetakmemombr.php')
 3 SYSTEMPATH\View\View.php(216): CodeIgniter\View\View->CodeIgniter\View\{closure}()
 4 SYSTEMPATH\Common.php(1142): CodeIgniter\View\View->render('memombr/cetakmemombr', [], true)
 5 APPPATH\Controllers\Memombr.php(625): view('memombr/cetakmemombr', [...])
 6 SYSTEMPATH\CodeIgniter.php(904): App\Controllers\Memombr->cetakmemombr('51')
 7 SYSTEMPATH\CodeIgniter.php(457): CodeIgniter\CodeIgniter->runController(Object(App\Controllers\Memombr))
 8 SYSTEMPATH\CodeIgniter.php(340): CodeIgniter\CodeIgniter->handleRequest(null, Object(Config\Cache), false)
 9 FCPATH\index.php(67): CodeIgniter\CodeIgniter->run()
10 SYSTEMPATH\Commands\Server\rewrite.php(43): require_once('FCPATH\\index.php')
CRITICAL - 2023-04-06 16:41:40 --> Undefined array key "discount_dealer"
in APPPATH\Views\memombr\cetakmemombr.php on line 252.
 1 APPPATH\Views\memombr\cetakmemombr.php(252): CodeIgniter\Debug\Exceptions->errorHandler(2, 'Undefined array key "discount_dealer"', 'APPPATH\\Views\\memombr\\cetakmemombr.php', 252)
 2 SYSTEMPATH\View\View.php(213): include('APPPATH\\Views\\memombr\\cetakmemombr.php')
 3 SYSTEMPATH\View\View.php(216): CodeIgniter\View\View->CodeIgniter\View\{closure}()
 4 SYSTEMPATH\Common.php(1142): CodeIgniter\View\View->render('memombr/cetakmemombr', [], true)
 5 APPPATH\Controllers\Memombr.php(625): view('memombr/cetakmemombr', [...])
 6 SYSTEMPATH\CodeIgniter.php(904): App\Controllers\Memombr->cetakmemombr('51')
 7 SYSTEMPATH\CodeIgniter.php(457): CodeIgniter\CodeIgniter->runController(Object(App\Controllers\Memombr))
 8 SYSTEMPATH\CodeIgniter.php(340): CodeIgniter\CodeIgniter->handleRequest(null, Object(Config\Cache), false)
 9 FCPATH\index.php(67): CodeIgniter\CodeIgniter->run()
10 SYSTEMPATH\Commands\Server\rewrite.php(43): require_once('FCPATH\\index.php')
CRITICAL - 2023-04-06 16:41:53 --> Undefined array key "cashback"
in APPPATH\Views\memombr\cetakmemombr.php on line 252.
 1 APPPATH\Views\memombr\cetakmemombr.php(252): CodeIgniter\Debug\Exceptions->errorHandler(2, 'Undefined array key "cashback"', 'APPPATH\\Views\\memombr\\cetakmemombr.php', 252)
 2 SYSTEMPATH\View\View.php(213): include('APPPATH\\Views\\memombr\\cetakmemombr.php')
 3 SYSTEMPATH\View\View.php(216): CodeIgniter\View\View->CodeIgniter\View\{closure}()
 4 SYSTEMPATH\Common.php(1142): CodeIgniter\View\View->render('memombr/cetakmemombr', [], true)
 5 APPPATH\Controllers\Memombr.php(625): view('memombr/cetakmemombr', [...])
 6 SYSTEMPATH\CodeIgniter.php(904): App\Controllers\Memombr->cetakmemombr('51')
 7 SYSTEMPATH\CodeIgniter.php(457): CodeIgniter\CodeIgniter->runController(Object(App\Controllers\Memombr))
 8 SYSTEMPATH\CodeIgniter.php(340): CodeIgniter\CodeIgniter->handleRequest(null, Object(Config\Cache), false)
 9 FCPATH\index.php(67): CodeIgniter\CodeIgniter->run()
10 SYSTEMPATH\Commands\Server\rewrite.php(43): require_once('FCPATH\\index.php')
CRITICAL - 2023-04-06 16:42:34 --> Undefined array key "lain_lain"
in APPPATH\Views\memombr\cetakmemombr.php on line 270.
 1 APPPATH\Views\memombr\cetakmemombr.php(270): CodeIgniter\Debug\Exceptions->errorHandler(2, 'Undefined array key "lain_lain"', 'APPPATH\\Views\\memombr\\cetakmemombr.php', 270)
 2 SYSTEMPATH\View\View.php(213): include('APPPATH\\Views\\memombr\\cetakmemombr.php')
 3 SYSTEMPATH\View\View.php(216): CodeIgniter\View\View->CodeIgniter\View\{closure}()
 4 SYSTEMPATH\Common.php(1142): CodeIgniter\View\View->render('memombr/cetakmemombr', [], true)
 5 APPPATH\Controllers\Memombr.php(625): view('memombr/cetakmemombr', [...])
 6 SYSTEMPATH\CodeIgniter.php(904): App\Controllers\Memombr->cetakmemombr('51')
 7 SYSTEMPATH\CodeIgniter.php(457): CodeIgniter\CodeIgniter->runController(Object(App\Controllers\Memombr))
 8 SYSTEMPATH\CodeIgniter.php(340): CodeIgniter\CodeIgniter->handleRequest(null, Object(Config\Cache), false)
 9 FCPATH\index.php(67): CodeIgniter\CodeIgniter->run()
10 SYSTEMPATH\Commands\Server\rewrite.php(43): require_once('FCPATH\\index.php')
