CRITICAL - 2023-01-30 11:23:35 --> Call to undefined function App\Controllers\write_file()
in APPPATH\Controllers\Tbuser.php on line 643.
 1 SYSTEMPATH\CodeIgniter.php(904): App\Controllers\Tbuser->proses_backup()
 2 SYSTEMPATH\CodeIgniter.php(457): CodeIgniter\CodeIgniter->runController(Object(App\Controllers\Tbuser))
 3 SYSTEMPATH\CodeIgniter.php(340): CodeIgniter\CodeIgniter->handleRequest(null, Object(Config\Cache), false)
 4 FCPATH\index.php(67): CodeIgniter\CodeIgniter->run()
 5 SYSTEMPATH\Commands\Server\rewrite.php(43): require_once('FCPATH\\index.php')
CRITICAL - 2023-01-30 16:36:21 --> Undefined array key "id"
in APPPATH\Controllers\Wo.php on line 476.
 1 APPPATH\Controllers\Wo.php(476): CodeIgniter\Debug\Exceptions->errorHandler(2, 'Undefined array key "id"', 'APPPATH\\Controllers\\Wo.php', 476)
 2 SYSTEMPATH\CodeIgniter.php(904): App\Controllers\Wo->table_estimasi()
 3 SYSTEMPATH\CodeIgniter.php(457): CodeIgniter\CodeIgniter->runController(Object(App\Controllers\Wo))
 4 SYSTEMPATH\CodeIgniter.php(340): CodeIgniter\CodeIgniter->handleRequest(null, Object(Config\Cache), false)
 5 FCPATH\index.php(67): CodeIgniter\CodeIgniter->run()
 6 SYSTEMPATH\Commands\Server\rewrite.php(43): require_once('FCPATH\\index.php')
CRITICAL - 2023-01-30 16:36:39 --> Undefined array key "id"
in APPPATH\Controllers\Wo.php on line 476.
 1 APPPATH\Controllers\Wo.php(476): CodeIgniter\Debug\Exceptions->errorHandler(2, 'Undefined array key "id"', 'APPPATH\\Controllers\\Wo.php', 476)
 2 SYSTEMPATH\CodeIgniter.php(904): App\Controllers\Wo->table_estimasi()
 3 SYSTEMPATH\CodeIgniter.php(457): CodeIgniter\CodeIgniter->runController(Object(App\Controllers\Wo))
 4 SYSTEMPATH\CodeIgniter.php(340): CodeIgniter\CodeIgniter->handleRequest(null, Object(Config\Cache), false)
 5 FCPATH\index.php(67): CodeIgniter\CodeIgniter->run()
 6 SYSTEMPATH\Commands\Server\rewrite.php(43): require_once('FCPATH\\index.php')
CRITICAL - 2023-01-30 16:37:22 --> Undefined array key "id"
in APPPATH\Controllers\Wo.php on line 476.
 1 APPPATH\Controllers\Wo.php(476): CodeIgniter\Debug\Exceptions->errorHandler(2, 'Undefined array key "id"', 'APPPATH\\Controllers\\Wo.php', 476)
 2 SYSTEMPATH\CodeIgniter.php(904): App\Controllers\Wo->table_estimasi()
 3 SYSTEMPATH\CodeIgniter.php(457): CodeIgniter\CodeIgniter->runController(Object(App\Controllers\Wo))
 4 SYSTEMPATH\CodeIgniter.php(340): CodeIgniter\CodeIgniter->handleRequest(null, Object(Config\Cache), false)
 5 FCPATH\index.php(67): CodeIgniter\CodeIgniter->run()
 6 SYSTEMPATH\Commands\Server\rewrite.php(43): require_once('FCPATH\\index.php')
CRITICAL - 2023-01-30 16:37:30 --> Undefined array key "id"
in APPPATH\Controllers\Wo.php on line 476.
 1 APPPATH\Controllers\Wo.php(476): CodeIgniter\Debug\Exceptions->errorHandler(2, 'Undefined array key "id"', 'APPPATH\\Controllers\\Wo.php', 476)
 2 SYSTEMPATH\CodeIgniter.php(904): App\Controllers\Wo->table_estimasi()
 3 SYSTEMPATH\CodeIgniter.php(457): CodeIgniter\CodeIgniter->runController(Object(App\Controllers\Wo))
 4 SYSTEMPATH\CodeIgniter.php(340): CodeIgniter\CodeIgniter->handleRequest(null, Object(Config\Cache), false)
 5 FCPATH\index.php(67): CodeIgniter\CodeIgniter->run()
 6 SYSTEMPATH\Commands\Server\rewrite.php(43): require_once('FCPATH\\index.php')
CRITICAL - 2023-01-30 16:41:37 --> Undefined array key "id"
in APPPATH\Controllers\Wo.php on line 476.
 1 APPPATH\Controllers\Wo.php(476): CodeIgniter\Debug\Exceptions->errorHandler(2, 'Undefined array key "id"', 'APPPATH\\Controllers\\Wo.php', 476)
 2 SYSTEMPATH\CodeIgniter.php(904): App\Controllers\Wo->table_estimasi()
 3 SYSTEMPATH\CodeIgniter.php(457): CodeIgniter\CodeIgniter->runController(Object(App\Controllers\Wo))
 4 SYSTEMPATH\CodeIgniter.php(340): CodeIgniter\CodeIgniter->handleRequest(null, Object(Config\Cache), false)
 5 FCPATH\index.php(67): CodeIgniter\CodeIgniter->run()
 6 SYSTEMPATH\Commands\Server\rewrite.php(43): require_once('FCPATH\\index.php')
CRITICAL - 2023-01-30 16:53:14 --> Invalid file: estimasi/tabel_estimasi1.php
in SYSTEMPATH\Exceptions\FrameworkException.php on line 33.
 1 SYSTEMPATH\View\View.php(201): CodeIgniter\Exceptions\FrameworkException::forInvalidFile('estimasi/tabel_estimasi1.php')
 2 SYSTEMPATH\Common.php(1142): CodeIgniter\View\View->render('estimasi/tabel_estimasi1', [], true)
 3 APPPATH\Controllers\Estimasi.php(326): view('estimasi/tabel_estimasi1', [...])
 4 SYSTEMPATH\CodeIgniter.php(904): App\Controllers\Estimasi->table_estimasi()
 5 SYSTEMPATH\CodeIgniter.php(457): CodeIgniter\CodeIgniter->runController(Object(App\Controllers\Estimasi))
 6 SYSTEMPATH\CodeIgniter.php(340): CodeIgniter\CodeIgniter->handleRequest(null, Object(Config\Cache), false)
 7 FCPATH\index.php(67): CodeIgniter\CodeIgniter->run()
 8 SYSTEMPATH\Commands\Server\rewrite.php(43): require_once('FCPATH\\index.php')
CRITICAL - 2023-01-30 16:53:55 --> Array callback must have exactly two elements
in APPPATH\Controllers\Estimasi.php on line 323.
 1 SYSTEMPATH\CodeIgniter.php(904): App\Controllers\Estimasi->table_estimasi()
 2 SYSTEMPATH\CodeIgniter.php(457): CodeIgniter\CodeIgniter->runController(Object(App\Controllers\Estimasi))
 3 SYSTEMPATH\CodeIgniter.php(340): CodeIgniter\CodeIgniter->handleRequest(null, Object(Config\Cache), false)
 4 FCPATH\index.php(67): CodeIgniter\CodeIgniter->run()
 5 SYSTEMPATH\Commands\Server\rewrite.php(43): require_once('FCPATH\\index.php')
CRITICAL - 2023-01-30 16:54:09 --> Array callback must have exactly two elements
in APPPATH\Controllers\Estimasi.php on line 323.
 1 SYSTEMPATH\CodeIgniter.php(904): App\Controllers\Estimasi->table_estimasi()
 2 SYSTEMPATH\CodeIgniter.php(457): CodeIgniter\CodeIgniter->runController(Object(App\Controllers\Estimasi))
 3 SYSTEMPATH\CodeIgniter.php(340): CodeIgniter\CodeIgniter->handleRequest(null, Object(Config\Cache), false)
 4 FCPATH\index.php(67): CodeIgniter\CodeIgniter->run()
 5 SYSTEMPATH\Commands\Server\rewrite.php(43): require_once('FCPATH\\index.php')
CRITICAL - 2023-01-30 16:56:33 --> Array callback must have exactly two elements
in APPPATH\Controllers\Estimasi.php on line 323.
 1 SYSTEMPATH\CodeIgniter.php(904): App\Controllers\Estimasi->table_estimasi()
 2 SYSTEMPATH\CodeIgniter.php(457): CodeIgniter\CodeIgniter->runController(Object(App\Controllers\Estimasi))
 3 SYSTEMPATH\CodeIgniter.php(340): CodeIgniter\CodeIgniter->handleRequest(null, Object(Config\Cache), false)
 4 FCPATH\index.php(67): CodeIgniter\CodeIgniter->run()
 5 SYSTEMPATH\Commands\Server\rewrite.php(43): require_once('FCPATH\\index.php')
CRITICAL - 2023-01-30 16:56:51 --> Array callback must have exactly two elements
in APPPATH\Controllers\Estimasi.php on line 323.
 1 SYSTEMPATH\CodeIgniter.php(904): App\Controllers\Estimasi->table_estimasi()
 2 SYSTEMPATH\CodeIgniter.php(457): CodeIgniter\CodeIgniter->runController(Object(App\Controllers\Estimasi))
 3 SYSTEMPATH\CodeIgniter.php(340): CodeIgniter\CodeIgniter->handleRequest(null, Object(Config\Cache), false)
 4 FCPATH\index.php(67): CodeIgniter\CodeIgniter->run()
 5 SYSTEMPATH\Commands\Server\rewrite.php(43): require_once('FCPATH\\index.php')
CRITICAL - 2023-01-30 16:58:26 --> Array callback must have exactly two elements
in APPPATH\Controllers\Estimasi.php on line 323.
 1 SYSTEMPATH\CodeIgniter.php(904): App\Controllers\Estimasi->table_estimasi()
 2 SYSTEMPATH\CodeIgniter.php(457): CodeIgniter\CodeIgniter->runController(Object(App\Controllers\Estimasi))
 3 SYSTEMPATH\CodeIgniter.php(340): CodeIgniter\CodeIgniter->handleRequest(null, Object(Config\Cache), false)
 4 FCPATH\index.php(67): CodeIgniter\CodeIgniter->run()
 5 SYSTEMPATH\Commands\Server\rewrite.php(43): require_once('FCPATH\\index.php')
CRITICAL - 2023-01-30 16:58:43 --> Array callback must have exactly two elements
in APPPATH\Controllers\Estimasi.php on line 323.
 1 SYSTEMPATH\CodeIgniter.php(904): App\Controllers\Estimasi->table_estimasi()
 2 SYSTEMPATH\CodeIgniter.php(457): CodeIgniter\CodeIgniter->runController(Object(App\Controllers\Estimasi))
 3 SYSTEMPATH\CodeIgniter.php(340): CodeIgniter\CodeIgniter->handleRequest(null, Object(Config\Cache), false)
 4 FCPATH\index.php(67): CodeIgniter\CodeIgniter->run()
 5 SYSTEMPATH\Commands\Server\rewrite.php(43): require_once('FCPATH\\index.php')
CRITICAL - 2023-01-30 16:58:44 --> Array callback must have exactly two elements
in APPPATH\Controllers\Estimasi.php on line 323.
 1 SYSTEMPATH\CodeIgniter.php(904): App\Controllers\Estimasi->table_estimasi()
 2 SYSTEMPATH\CodeIgniter.php(457): CodeIgniter\CodeIgniter->runController(Object(App\Controllers\Estimasi))
 3 SYSTEMPATH\CodeIgniter.php(340): CodeIgniter\CodeIgniter->handleRequest(null, Object(Config\Cache), false)
 4 FCPATH\index.php(67): CodeIgniter\CodeIgniter->run()
 5 SYSTEMPATH\Commands\Server\rewrite.php(43): require_once('FCPATH\\index.php')
CRITICAL - 2023-01-30 17:01:20 --> Array callback must have exactly two elements
in APPPATH\Controllers\Estimasi.php on line 323.
 1 SYSTEMPATH\CodeIgniter.php(904): App\Controllers\Estimasi->table_estimasi()
 2 SYSTEMPATH\CodeIgniter.php(457): CodeIgniter\CodeIgniter->runController(Object(App\Controllers\Estimasi))
 3 SYSTEMPATH\CodeIgniter.php(340): CodeIgniter\CodeIgniter->handleRequest(null, Object(Config\Cache), false)
 4 FCPATH\index.php(67): CodeIgniter\CodeIgniter->run()
 5 SYSTEMPATH\Commands\Server\rewrite.php(43): require_once('FCPATH\\index.php')
CRITICAL - 2023-01-30 17:03:25 --> foreach() argument must be of type array|object, null given
in APPPATH\Views\estimasi\tabel_estimasi.php on line 45.
 1 APPPATH\Views\estimasi\tabel_estimasi.php(45): CodeIgniter\Debug\Exceptions->errorHandler(2, 'foreach() argument must be of type array|object, null given', 'APPPATH\\Views\\estimasi\\tabel_estimasi.php', 45)
 2 SYSTEMPATH\View\View.php(213): include('APPPATH\\Views\\estimasi\\tabel_estimasi.php')
 3 SYSTEMPATH\View\View.php(216): CodeIgniter\View\View->CodeIgniter\View\{closure}()
 4 SYSTEMPATH\Common.php(1142): CodeIgniter\View\View->render('estimasi/tabel_estimasi', [], true)
 5 APPPATH\Controllers\Estimasi.php(327): view('estimasi/tabel_estimasi', [...])
 6 SYSTEMPATH\CodeIgniter.php(904): App\Controllers\Estimasi->table_estimasi()
 7 SYSTEMPATH\CodeIgniter.php(457): CodeIgniter\CodeIgniter->runController(Object(App\Controllers\Estimasi))
 8 SYSTEMPATH\CodeIgniter.php(340): CodeIgniter\CodeIgniter->handleRequest(null, Object(Config\Cache), false)
 9 FCPATH\index.php(67): CodeIgniter\CodeIgniter->run()
10 SYSTEMPATH\Commands\Server\rewrite.php(43): require_once('FCPATH\\index.php')
CRITICAL - 2023-01-30 17:04:00 --> Call to undefined method App\Models\EstimasiModel::getnopolisi
in SYSTEMPATH\Model.php on line 774.
 1 APPPATH\Controllers\Estimasi.php(326): CodeIgniter\Model->__call('getnopolisi', [])
 2 SYSTEMPATH\CodeIgniter.php(904): App\Controllers\Estimasi->table_estimasi()
 3 SYSTEMPATH\CodeIgniter.php(457): CodeIgniter\CodeIgniter->runController(Object(App\Controllers\Estimasi))
 4 SYSTEMPATH\CodeIgniter.php(340): CodeIgniter\CodeIgniter->handleRequest(null, Object(Config\Cache), false)
 5 FCPATH\index.php(67): CodeIgniter\CodeIgniter->run()
 6 SYSTEMPATH\Commands\Server\rewrite.php(43): require_once('FCPATH\\index.php')
CRITICAL - 2023-01-30 17:04:49 --> foreach() argument must be of type array|object, null given
in APPPATH\Views\estimasi\tabel_estimasi.php on line 45.
 1 APPPATH\Views\estimasi\tabel_estimasi.php(45): CodeIgniter\Debug\Exceptions->errorHandler(2, 'foreach() argument must be of type array|object, null given', 'APPPATH\\Views\\estimasi\\tabel_estimasi.php', 45)
 2 SYSTEMPATH\View\View.php(213): include('APPPATH\\Views\\estimasi\\tabel_estimasi.php')
 3 SYSTEMPATH\View\View.php(216): CodeIgniter\View\View->CodeIgniter\View\{closure}()
 4 SYSTEMPATH\Common.php(1142): CodeIgniter\View\View->render('estimasi/tabel_estimasi', [], true)
 5 APPPATH\Controllers\Estimasi.php(327): view('estimasi/tabel_estimasi', [...])
 6 SYSTEMPATH\CodeIgniter.php(904): App\Controllers\Estimasi->table_estimasi()
 7 SYSTEMPATH\CodeIgniter.php(457): CodeIgniter\CodeIgniter->runController(Object(App\Controllers\Estimasi))
 8 SYSTEMPATH\CodeIgniter.php(340): CodeIgniter\CodeIgniter->handleRequest(null, Object(Config\Cache), false)
 9 FCPATH\index.php(67): CodeIgniter\CodeIgniter->run()
10 SYSTEMPATH\Commands\Server\rewrite.php(43): require_once('FCPATH\\index.php')
CRITICAL - 2023-01-30 17:04:59 --> Cannot access offset of type string on string
in APPPATH\Views\estimasi\tabel_estimasi.php on line 47.
 1 SYSTEMPATH\View\View.php(213): include()
 2 SYSTEMPATH\View\View.php(216): CodeIgniter\View\View->CodeIgniter\View\{closure}()
 3 SYSTEMPATH\Common.php(1142): CodeIgniter\View\View->render('estimasi/tabel_estimasi', [], true)
 4 APPPATH\Controllers\Estimasi.php(327): view('estimasi/tabel_estimasi', [...])
 5 SYSTEMPATH\CodeIgniter.php(904): App\Controllers\Estimasi->table_estimasi()
 6 SYSTEMPATH\CodeIgniter.php(457): CodeIgniter\CodeIgniter->runController(Object(App\Controllers\Estimasi))
 7 SYSTEMPATH\CodeIgniter.php(340): CodeIgniter\CodeIgniter->handleRequest(null, Object(Config\Cache), false)
 8 FCPATH\index.php(67): CodeIgniter\CodeIgniter->run()
 9 SYSTEMPATH\Commands\Server\rewrite.php(43): require_once('FCPATH\\index.php')
CRITICAL - 2023-01-30 17:07:05 --> Cannot access offset of type string on string
in APPPATH\Views\estimasi\tabel_estimasi.php on line 47.
 1 SYSTEMPATH\View\View.php(213): include()
 2 SYSTEMPATH\View\View.php(216): CodeIgniter\View\View->CodeIgniter\View\{closure}()
 3 SYSTEMPATH\Common.php(1142): CodeIgniter\View\View->render('estimasi/tabel_estimasi', [], true)
 4 APPPATH\Controllers\Estimasi.php(327): view('estimasi/tabel_estimasi', [...])
 5 SYSTEMPATH\CodeIgniter.php(904): App\Controllers\Estimasi->table_estimasi()
 6 SYSTEMPATH\CodeIgniter.php(457): CodeIgniter\CodeIgniter->runController(Object(App\Controllers\Estimasi))
 7 SYSTEMPATH\CodeIgniter.php(340): CodeIgniter\CodeIgniter->handleRequest(null, Object(Config\Cache), false)
 8 FCPATH\index.php(67): CodeIgniter\CodeIgniter->run()
 9 SYSTEMPATH\Commands\Server\rewrite.php(43): require_once('FCPATH\\index.php')
CRITICAL - 2023-01-30 17:07:12 --> Trying to access array offset on value of type null
in APPPATH\Views\wo\modaledit.php on line 11.
 1 APPPATH\Views\wo\modaledit.php(11): CodeIgniter\Debug\Exceptions->errorHandler(2, 'Trying to access array offset on value of type null', 'APPPATH\\Views\\wo\\modaledit.php', 11)
 2 SYSTEMPATH\View\View.php(213): include('APPPATH\\Views\\wo\\modaledit.php')
 3 SYSTEMPATH\View\View.php(216): CodeIgniter\View\View->CodeIgniter\View\{closure}()
 4 SYSTEMPATH\Common.php(1142): CodeIgniter\View\View->render('wo/modaledit', [], true)
 5 APPPATH\Controllers\Estimasi.php(336): view('wo/modaledit', [...])
 6 SYSTEMPATH\CodeIgniter.php(904): App\Controllers\Estimasi->table_estimasi()
 7 SYSTEMPATH\CodeIgniter.php(457): CodeIgniter\CodeIgniter->runController(Object(App\Controllers\Estimasi))
 8 SYSTEMPATH\CodeIgniter.php(340): CodeIgniter\CodeIgniter->handleRequest(null, Object(Config\Cache), false)
 9 FCPATH\index.php(67): CodeIgniter\CodeIgniter->run()
10 SYSTEMPATH\Commands\Server\rewrite.php(43): require_once('FCPATH\\index.php')
CRITICAL - 2023-01-30 17:08:04 --> foreach() argument must be of type array|object, null given
in APPPATH\Views\estimasi\tabel_estimasi.php on line 45.
 1 APPPATH\Views\estimasi\tabel_estimasi.php(45): CodeIgniter\Debug\Exceptions->errorHandler(2, 'foreach() argument must be of type array|object, null given', 'APPPATH\\Views\\estimasi\\tabel_estimasi.php', 45)
 2 SYSTEMPATH\View\View.php(213): include('APPPATH\\Views\\estimasi\\tabel_estimasi.php')
 3 SYSTEMPATH\View\View.php(216): CodeIgniter\View\View->CodeIgniter\View\{closure}()
 4 SYSTEMPATH\Common.php(1142): CodeIgniter\View\View->render('estimasi/tabel_estimasi', [], true)
 5 APPPATH\Controllers\Estimasi.php(327): view('estimasi/tabel_estimasi', [...])
 6 SYSTEMPATH\CodeIgniter.php(904): App\Controllers\Estimasi->table_estimasi()
 7 SYSTEMPATH\CodeIgniter.php(457): CodeIgniter\CodeIgniter->runController(Object(App\Controllers\Estimasi))
 8 SYSTEMPATH\CodeIgniter.php(340): CodeIgniter\CodeIgniter->handleRequest(null, Object(Config\Cache), false)
 9 FCPATH\index.php(67): CodeIgniter\CodeIgniter->run()
10 SYSTEMPATH\Commands\Server\rewrite.php(43): require_once('FCPATH\\index.php')
CRITICAL - 2023-01-30 17:08:09 --> foreach() argument must be of type array|object, null given
in APPPATH\Views\estimasi\tabel_estimasi.php on line 45.
 1 APPPATH\Views\estimasi\tabel_estimasi.php(45): CodeIgniter\Debug\Exceptions->errorHandler(2, 'foreach() argument must be of type array|object, null given', 'APPPATH\\Views\\estimasi\\tabel_estimasi.php', 45)
 2 SYSTEMPATH\View\View.php(213): include('APPPATH\\Views\\estimasi\\tabel_estimasi.php')
 3 SYSTEMPATH\View\View.php(216): CodeIgniter\View\View->CodeIgniter\View\{closure}()
 4 SYSTEMPATH\Common.php(1142): CodeIgniter\View\View->render('estimasi/tabel_estimasi', [], true)
 5 APPPATH\Controllers\Estimasi.php(327): view('estimasi/tabel_estimasi', [...])
 6 SYSTEMPATH\CodeIgniter.php(904): App\Controllers\Estimasi->table_estimasi()
 7 SYSTEMPATH\CodeIgniter.php(457): CodeIgniter\CodeIgniter->runController(Object(App\Controllers\Estimasi))
 8 SYSTEMPATH\CodeIgniter.php(340): CodeIgniter\CodeIgniter->handleRequest(null, Object(Config\Cache), false)
 9 FCPATH\index.php(67): CodeIgniter\CodeIgniter->run()
10 SYSTEMPATH\Commands\Server\rewrite.php(43): require_once('FCPATH\\index.php')
CRITICAL - 2023-01-30 17:11:15 --> Too few arguments to function App\Controllers\Estimasi::table_estimasi(), 0 passed in D:\xampp\htdocs\bp\system\CodeIgniter.php on line 904 and exactly 1 expected
in APPPATH\Controllers\Estimasi.php on line 321.
 1 SYSTEMPATH\CodeIgniter.php(904): App\Controllers\Estimasi->table_estimasi()
 2 SYSTEMPATH\CodeIgniter.php(457): CodeIgniter\CodeIgniter->runController(Object(App\Controllers\Estimasi))
 3 SYSTEMPATH\CodeIgniter.php(340): CodeIgniter\CodeIgniter->handleRequest(null, Object(Config\Cache), false)
 4 FCPATH\index.php(67): CodeIgniter\CodeIgniter->run()
 5 SYSTEMPATH\Commands\Server\rewrite.php(43): require_once('FCPATH\\index.php')
CRITICAL - 2023-01-30 17:11:18 --> Too few arguments to function App\Controllers\Estimasi::table_estimasi(), 0 passed in D:\xampp\htdocs\bp\system\CodeIgniter.php on line 904 and exactly 1 expected
in APPPATH\Controllers\Estimasi.php on line 321.
 1 SYSTEMPATH\CodeIgniter.php(904): App\Controllers\Estimasi->table_estimasi()
 2 SYSTEMPATH\CodeIgniter.php(457): CodeIgniter\CodeIgniter->runController(Object(App\Controllers\Estimasi))
 3 SYSTEMPATH\CodeIgniter.php(340): CodeIgniter\CodeIgniter->handleRequest(null, Object(Config\Cache), false)
 4 FCPATH\index.php(67): CodeIgniter\CodeIgniter->run()
 5 SYSTEMPATH\Commands\Server\rewrite.php(43): require_once('FCPATH\\index.php')
CRITICAL - 2023-01-30 17:11:19 --> Too few arguments to function App\Controllers\Estimasi::table_estimasi(), 0 passed in D:\xampp\htdocs\bp\system\CodeIgniter.php on line 904 and exactly 1 expected
in APPPATH\Controllers\Estimasi.php on line 321.
 1 SYSTEMPATH\CodeIgniter.php(904): App\Controllers\Estimasi->table_estimasi()
 2 SYSTEMPATH\CodeIgniter.php(457): CodeIgniter\CodeIgniter->runController(Object(App\Controllers\Estimasi))
 3 SYSTEMPATH\CodeIgniter.php(340): CodeIgniter\CodeIgniter->handleRequest(null, Object(Config\Cache), false)
 4 FCPATH\index.php(67): CodeIgniter\CodeIgniter->run()
 5 SYSTEMPATH\Commands\Server\rewrite.php(43): require_once('FCPATH\\index.php')
CRITICAL - 2023-01-30 17:16:38 --> Undefined variable $id
in APPPATH\Views\wo\modalestimasi.php on line 247.
 1 APPPATH\Views\wo\modalestimasi.php(247): CodeIgniter\Debug\Exceptions->errorHandler(2, 'Undefined variable $id', 'APPPATH\\Views\\wo\\modalestimasi.php', 247)
 2 SYSTEMPATH\View\View.php(213): include('APPPATH\\Views\\wo\\modalestimasi.php')
 3 SYSTEMPATH\View\View.php(216): CodeIgniter\View\View->CodeIgniter\View\{closure}()
 4 SYSTEMPATH\Common.php(1142): CodeIgniter\View\View->render('wo/modalestimasi', [], true)
 5 APPPATH\Controllers\Wo.php(652): view('wo/modalestimasi', [...])
 6 SYSTEMPATH\CodeIgniter.php(904): App\Controllers\Wo->modalestimasi()
 7 SYSTEMPATH\CodeIgniter.php(457): CodeIgniter\CodeIgniter->runController(Object(App\Controllers\Wo))
 8 SYSTEMPATH\CodeIgniter.php(340): CodeIgniter\CodeIgniter->handleRequest(null, Object(Config\Cache), false)
 9 FCPATH\index.php(67): CodeIgniter\CodeIgniter->run()
10 SYSTEMPATH\Commands\Server\rewrite.php(43): require_once('FCPATH\\index.php')
CRITICAL - 2023-01-30 17:16:41 --> Undefined variable $id
in APPPATH\Views\wo\modalestimasi.php on line 247.
 1 APPPATH\Views\wo\modalestimasi.php(247): CodeIgniter\Debug\Exceptions->errorHandler(2, 'Undefined variable $id', 'APPPATH\\Views\\wo\\modalestimasi.php', 247)
 2 SYSTEMPATH\View\View.php(213): include('APPPATH\\Views\\wo\\modalestimasi.php')
 3 SYSTEMPATH\View\View.php(216): CodeIgniter\View\View->CodeIgniter\View\{closure}()
 4 SYSTEMPATH\Common.php(1142): CodeIgniter\View\View->render('wo/modalestimasi', [], true)
 5 APPPATH\Controllers\Wo.php(652): view('wo/modalestimasi', [...])
 6 SYSTEMPATH\CodeIgniter.php(904): App\Controllers\Wo->modalestimasi()
 7 SYSTEMPATH\CodeIgniter.php(457): CodeIgniter\CodeIgniter->runController(Object(App\Controllers\Wo))
 8 SYSTEMPATH\CodeIgniter.php(340): CodeIgniter\CodeIgniter->handleRequest(null, Object(Config\Cache), false)
 9 FCPATH\index.php(67): CodeIgniter\CodeIgniter->run()
10 SYSTEMPATH\Commands\Server\rewrite.php(43): require_once('FCPATH\\index.php')
CRITICAL - 2023-01-30 17:16:43 --> Undefined variable $id
in APPPATH\Views\wo\modalestimasi.php on line 247.
 1 APPPATH\Views\wo\modalestimasi.php(247): CodeIgniter\Debug\Exceptions->errorHandler(2, 'Undefined variable $id', 'APPPATH\\Views\\wo\\modalestimasi.php', 247)
 2 SYSTEMPATH\View\View.php(213): include('APPPATH\\Views\\wo\\modalestimasi.php')
 3 SYSTEMPATH\View\View.php(216): CodeIgniter\View\View->CodeIgniter\View\{closure}()
 4 SYSTEMPATH\Common.php(1142): CodeIgniter\View\View->render('wo/modalestimasi', [], true)
 5 APPPATH\Controllers\Wo.php(652): view('wo/modalestimasi', [...])
 6 SYSTEMPATH\CodeIgniter.php(904): App\Controllers\Wo->modalestimasi()
 7 SYSTEMPATH\CodeIgniter.php(457): CodeIgniter\CodeIgniter->runController(Object(App\Controllers\Wo))
 8 SYSTEMPATH\CodeIgniter.php(340): CodeIgniter\CodeIgniter->handleRequest(null, Object(Config\Cache), false)
 9 FCPATH\index.php(67): CodeIgniter\CodeIgniter->run()
10 SYSTEMPATH\Commands\Server\rewrite.php(43): require_once('FCPATH\\index.php')
CRITICAL - 2023-01-30 17:16:48 --> Undefined variable $id
in APPPATH\Views\wo\modalestimasi.php on line 247.
 1 APPPATH\Views\wo\modalestimasi.php(247): CodeIgniter\Debug\Exceptions->errorHandler(2, 'Undefined variable $id', 'APPPATH\\Views\\wo\\modalestimasi.php', 247)
 2 SYSTEMPATH\View\View.php(213): include('APPPATH\\Views\\wo\\modalestimasi.php')
 3 SYSTEMPATH\View\View.php(216): CodeIgniter\View\View->CodeIgniter\View\{closure}()
 4 SYSTEMPATH\Common.php(1142): CodeIgniter\View\View->render('wo/modalestimasi', [], true)
 5 APPPATH\Controllers\Wo.php(652): view('wo/modalestimasi', [...])
 6 SYSTEMPATH\CodeIgniter.php(904): App\Controllers\Wo->modalestimasi()
 7 SYSTEMPATH\CodeIgniter.php(457): CodeIgniter\CodeIgniter->runController(Object(App\Controllers\Wo))
 8 SYSTEMPATH\CodeIgniter.php(340): CodeIgniter\CodeIgniter->handleRequest(null, Object(Config\Cache), false)
 9 FCPATH\index.php(67): CodeIgniter\CodeIgniter->run()
10 SYSTEMPATH\Commands\Server\rewrite.php(43): require_once('FCPATH\\index.php')
CRITICAL - 2023-01-30 17:18:00 --> Undefined variable $id
in APPPATH\Views\wo\modalestimasi.php on line 246.
 1 APPPATH\Views\wo\modalestimasi.php(246): CodeIgniter\Debug\Exceptions->errorHandler(2, 'Undefined variable $id', 'APPPATH\\Views\\wo\\modalestimasi.php', 246)
 2 SYSTEMPATH\View\View.php(213): include('APPPATH\\Views\\wo\\modalestimasi.php')
 3 SYSTEMPATH\View\View.php(216): CodeIgniter\View\View->CodeIgniter\View\{closure}()
 4 SYSTEMPATH\Common.php(1142): CodeIgniter\View\View->render('wo/modalestimasi', [], true)
 5 APPPATH\Controllers\Wo.php(652): view('wo/modalestimasi', [...])
 6 SYSTEMPATH\CodeIgniter.php(904): App\Controllers\Wo->modalestimasi()
 7 SYSTEMPATH\CodeIgniter.php(457): CodeIgniter\CodeIgniter->runController(Object(App\Controllers\Wo))
 8 SYSTEMPATH\CodeIgniter.php(340): CodeIgniter\CodeIgniter->handleRequest(null, Object(Config\Cache), false)
 9 FCPATH\index.php(67): CodeIgniter\CodeIgniter->run()
10 SYSTEMPATH\Commands\Server\rewrite.php(43): require_once('FCPATH\\index.php')
