CRITICAL - 2022-10-19 01:25:20 --> Call to undefined method App\Models\UserModel::getVar
in SYSTEMPATH\Model.php on line 774.
 1 APPPATH\Controllers\Login.php(28): CodeIgniter\Model->__call('getVar', [...])
 2 SYSTEMPATH\CodeIgniter.php(904): App\Controllers\Login->auth()
 3 SYSTEMPATH\CodeIgniter.php(457): CodeIgniter\CodeIgniter->runController(Object(App\Controllers\Login))
 4 SYSTEMPATH\CodeIgniter.php(340): CodeIgniter\CodeIgniter->handleRequest(null, Object(Config\Cache), false)
 5 FCPATH\index.php(67): CodeIgniter\CodeIgniter->run()
 6 SYSTEMPATH\Commands\Server\rewrite.php(43): require_once('FCPATH\\index.php')
CRITICAL - 2022-10-19 01:30:20 --> Call to undefined method App\Models\UserModel::getVar
in SYSTEMPATH\Model.php on line 774.
 1 APPPATH\Controllers\Login.php(28): CodeIgniter\Model->__call('getVar', [...])
 2 SYSTEMPATH\CodeIgniter.php(904): App\Controllers\Login->auth()
 3 SYSTEMPATH\CodeIgniter.php(457): CodeIgniter\CodeIgniter->runController(Object(App\Controllers\Login))
 4 SYSTEMPATH\CodeIgniter.php(340): CodeIgniter\CodeIgniter->handleRequest(null, Object(Config\Cache), false)
 5 FCPATH\index.php(67): CodeIgniter\CodeIgniter->run()
 6 SYSTEMPATH\Commands\Server\rewrite.php(43): require_once('FCPATH\\index.php')
CRITICAL - 2022-10-19 21:33:14 --> Request URI segment is out of range: 1
in SYSTEMPATH\HTTP\URI.php on line 529.
 1 SYSTEMPATH\HTTP\URI.php(529): CodeIgniter\HTTP\Exceptions\HTTPException::forURISegmentOutOfRange(1)
 2 APPPATH\Views\dashboard\index.php(67): CodeIgniter\HTTP\URI->getSegment(1)
 3 SYSTEMPATH\View\View.php(213): include('APPPATH\\Views\\dashboard\\index.php')
 4 SYSTEMPATH\View\View.php(216): CodeIgniter\View\View->CodeIgniter\View\{closure}()
 5 SYSTEMPATH\Common.php(1142): CodeIgniter\View\View->render('dashboard/index', [], true)
 6 APPPATH\Controllers\Dashboard.php(18): view('dashboard/index', [...])
 7 SYSTEMPATH\CodeIgniter.php(904): App\Controllers\Dashboard->index()
 8 SYSTEMPATH\CodeIgniter.php(457): CodeIgniter\CodeIgniter->runController(Object(App\Controllers\Dashboard))
 9 SYSTEMPATH\CodeIgniter.php(340): CodeIgniter\CodeIgniter->handleRequest(null, Object(Config\Cache), false)
10 FCPATH\index.php(67): CodeIgniter\CodeIgniter->run()
11 SYSTEMPATH\Commands\Server\rewrite.php(43): require_once('FCPATH\\index.php')
