CRITICAL - 2022-09-27 00:02:18 --> Call to undefined function alert_hapus()
in APPPATH\Views\tbcabang\index.php on line 67.
 1 SYSTEMPATH\View\View.php(213): include()
 2 SYSTEMPATH\View\View.php(216): CodeIgniter\View\View->CodeIgniter\View\{closure}()
 3 SYSTEMPATH\Common.php(1142): CodeIgniter\View\View->render('tbcabang/index', [], true)
 4 APPPATH\Controllers\Tbcabang.php(21): view('tbcabang/index', [...])
 5 SYSTEMPATH\CodeIgniter.php(904): App\Controllers\Tbcabang->index()
 6 SYSTEMPATH\CodeIgniter.php(457): CodeIgniter\CodeIgniter->runController(Object(App\Controllers\Tbcabang))
 7 SYSTEMPATH\CodeIgniter.php(340): CodeIgniter\CodeIgniter->handleRequest(null, Object(Config\Cache), false)
 8 FCPATH\index.php(67): CodeIgniter\CodeIgniter->run()
 9 SYSTEMPATH\Commands\Server\rewrite.php(43): require_once('FCPATH\\index.php')
CRITICAL - 2022-09-27 00:02:29 --> Call to undefined function alert_hapus()
in APPPATH\Views\tbcabang\index.php on line 67.
 1 SYSTEMPATH\View\View.php(213): include()
 2 SYSTEMPATH\View\View.php(216): CodeIgniter\View\View->CodeIgniter\View\{closure}()
 3 SYSTEMPATH\Common.php(1142): CodeIgniter\View\View->render('tbcabang/index', [], true)
 4 APPPATH\Controllers\Tbcabang.php(21): view('tbcabang/index', [...])
 5 SYSTEMPATH\CodeIgniter.php(904): App\Controllers\Tbcabang->index()
 6 SYSTEMPATH\CodeIgniter.php(457): CodeIgniter\CodeIgniter->runController(Object(App\Controllers\Tbcabang))
 7 SYSTEMPATH\CodeIgniter.php(340): CodeIgniter\CodeIgniter->handleRequest(null, Object(Config\Cache), false)
 8 FCPATH\index.php(67): CodeIgniter\CodeIgniter->run()
 9 SYSTEMPATH\Commands\Server\rewrite.php(43): require_once('FCPATH\\index.php')
CRITICAL - 2022-09-27 00:03:12 --> Call to undefined function alert_hapus()
in APPPATH\Views\tbcabang\index.php on line 67.
 1 SYSTEMPATH\View\View.php(213): include()
 2 SYSTEMPATH\View\View.php(216): CodeIgniter\View\View->CodeIgniter\View\{closure}()
 3 SYSTEMPATH\Common.php(1142): CodeIgniter\View\View->render('tbcabang/index', [], true)
 4 APPPATH\Controllers\Tbcabang.php(21): view('tbcabang/index', [...])
 5 SYSTEMPATH\CodeIgniter.php(904): App\Controllers\Tbcabang->index()
 6 SYSTEMPATH\CodeIgniter.php(457): CodeIgniter\CodeIgniter->runController(Object(App\Controllers\Tbcabang))
 7 SYSTEMPATH\CodeIgniter.php(340): CodeIgniter\CodeIgniter->handleRequest(null, Object(Config\Cache), false)
 8 FCPATH\index.php(67): CodeIgniter\CodeIgniter->run()
 9 SYSTEMPATH\Commands\Server\rewrite.php(43): require_once('FCPATH\\index.php')
CRITICAL - 2022-09-27 01:06:16 --> Call to undefined method App\Models\TbcabangModel::order
in SYSTEMPATH\Model.php on line 774.
 1 APPPATH\Controllers\Tbcabang.php(19): CodeIgniter\Model->__call('order', [...])
 2 SYSTEMPATH\CodeIgniter.php(904): App\Controllers\Tbcabang->index()
 3 SYSTEMPATH\CodeIgniter.php(457): CodeIgniter\CodeIgniter->runController(Object(App\Controllers\Tbcabang))
 4 SYSTEMPATH\CodeIgniter.php(340): CodeIgniter\CodeIgniter->handleRequest(null, Object(Config\Cache), false)
 5 FCPATH\index.php(67): CodeIgniter\CodeIgniter->run()
 6 SYSTEMPATH\Commands\Server\rewrite.php(43): require_once('FCPATH\\index.php')
CRITICAL - 2022-09-27 01:33:55 --> Invalid file: dashboard_user.php
in SYSTEMPATH\Exceptions\FrameworkException.php on line 33.
 1 SYSTEMPATH\View\View.php(201): CodeIgniter\Exceptions\FrameworkException::forInvalidFile('dashboard_user.php')
 2 SYSTEMPATH\View\View.php(429): CodeIgniter\View\View->render('dashboard_user', null, true)
 3 APPPATH\Views\dashboard\index.php(164): CodeIgniter\View\View->include('dashboard_user')
 4 SYSTEMPATH\View\View.php(213): include('APPPATH\\Views\\dashboard\\index.php')
 5 SYSTEMPATH\View\View.php(216): CodeIgniter\View\View->CodeIgniter\View\{closure}()
 6 SYSTEMPATH\Common.php(1142): CodeIgniter\View\View->render('dashboard/index', [], true)
 7 APPPATH\Controllers\Dashboard.php(14): view('dashboard/index')
 8 SYSTEMPATH\CodeIgniter.php(904): App\Controllers\Dashboard->index()
 9 SYSTEMPATH\CodeIgniter.php(457): CodeIgniter\CodeIgniter->runController(Object(App\Controllers\Dashboard))
10 SYSTEMPATH\CodeIgniter.php(340): CodeIgniter\CodeIgniter->handleRequest(null, Object(Config\Cache), false)
11 FCPATH\index.php(67): CodeIgniter\CodeIgniter->run()
12 SYSTEMPATH\Commands\Server\rewrite.php(43): require_once('FCPATH\\index.php')
CRITICAL - 2022-09-27 02:01:18 --> Invalid file: dashboard/dashboard_user.php
in SYSTEMPATH\Exceptions\FrameworkException.php on line 33.
 1 SYSTEMPATH\View\View.php(201): CodeIgniter\Exceptions\FrameworkException::forInvalidFile('dashboard/dashboard_user.php')
 2 SYSTEMPATH\View\View.php(429): CodeIgniter\View\View->render('dashboard/dashboard_user', null, true)
 3 APPPATH\Views\dashboard\index.php(164): CodeIgniter\View\View->include('dashboard/dashboard_user')
 4 SYSTEMPATH\View\View.php(213): include('APPPATH\\Views\\dashboard\\index.php')
 5 SYSTEMPATH\View\View.php(216): CodeIgniter\View\View->CodeIgniter\View\{closure}()
 6 SYSTEMPATH\Common.php(1142): CodeIgniter\View\View->render('dashboard/index', [], true)
 7 APPPATH\Controllers\Dashboard.php(14): view('dashboard/index')
 8 SYSTEMPATH\CodeIgniter.php(904): App\Controllers\Dashboard->index()
 9 SYSTEMPATH\CodeIgniter.php(457): CodeIgniter\CodeIgniter->runController(Object(App\Controllers\Dashboard))
10 SYSTEMPATH\CodeIgniter.php(340): CodeIgniter\CodeIgniter->handleRequest(null, Object(Config\Cache), false)
11 FCPATH\index.php(67): CodeIgniter\CodeIgniter->run()
12 SYSTEMPATH\Commands\Server\rewrite.php(43): require_once('FCPATH\\index.php')
CRITICAL - 2022-09-27 02:01:29 --> Invalid file: dashboard/dashboard_user.php
in SYSTEMPATH\Exceptions\FrameworkException.php on line 33.
 1 SYSTEMPATH\View\View.php(201): CodeIgniter\Exceptions\FrameworkException::forInvalidFile('dashboard/dashboard_user.php')
 2 SYSTEMPATH\View\View.php(429): CodeIgniter\View\View->render('dashboard/dashboard_user', null, true)
 3 APPPATH\Views\dashboard\index.php(164): CodeIgniter\View\View->include('dashboard/dashboard_user')
 4 SYSTEMPATH\View\View.php(213): include('APPPATH\\Views\\dashboard\\index.php')
 5 SYSTEMPATH\View\View.php(216): CodeIgniter\View\View->CodeIgniter\View\{closure}()
 6 SYSTEMPATH\Common.php(1142): CodeIgniter\View\View->render('dashboard/index', [], true)
 7 APPPATH\Controllers\Dashboard.php(14): view('dashboard/index')
 8 SYSTEMPATH\CodeIgniter.php(904): App\Controllers\Dashboard->index()
 9 SYSTEMPATH\CodeIgniter.php(457): CodeIgniter\CodeIgniter->runController(Object(App\Controllers\Dashboard))
10 SYSTEMPATH\CodeIgniter.php(340): CodeIgniter\CodeIgniter->handleRequest(null, Object(Config\Cache), false)
11 FCPATH\index.php(67): CodeIgniter\CodeIgniter->run()
12 SYSTEMPATH\Commands\Server\rewrite.php(43): require_once('FCPATH\\index.php')
CRITICAL - 2022-09-27 02:01:50 --> Invalid file: dashboard/dashboard_user.php
in SYSTEMPATH\Exceptions\FrameworkException.php on line 33.
 1 SYSTEMPATH\View\View.php(201): CodeIgniter\Exceptions\FrameworkException::forInvalidFile('dashboard/dashboard_user.php')
 2 SYSTEMPATH\View\View.php(429): CodeIgniter\View\View->render('dashboard/dashboard_user', null, true)
 3 APPPATH\Views\dashboard\index.php(164): CodeIgniter\View\View->include('dashboard/dashboard_user')
 4 SYSTEMPATH\View\View.php(213): include('APPPATH\\Views\\dashboard\\index.php')
 5 SYSTEMPATH\View\View.php(216): CodeIgniter\View\View->CodeIgniter\View\{closure}()
 6 SYSTEMPATH\Common.php(1142): CodeIgniter\View\View->render('dashboard/index', [], true)
 7 APPPATH\Controllers\Dashboard.php(14): view('dashboard/index')
 8 SYSTEMPATH\CodeIgniter.php(904): App\Controllers\Dashboard->index()
 9 SYSTEMPATH\CodeIgniter.php(457): CodeIgniter\CodeIgniter->runController(Object(App\Controllers\Dashboard))
10 SYSTEMPATH\CodeIgniter.php(340): CodeIgniter\CodeIgniter->handleRequest(null, Object(Config\Cache), false)
11 FCPATH\index.php(67): CodeIgniter\CodeIgniter->run()
12 SYSTEMPATH\Commands\Server\rewrite.php(43): require_once('FCPATH\\index.php')
CRITICAL - 2022-09-27 02:01:53 --> Invalid file: dashboard/dashboard_user.php
in SYSTEMPATH\Exceptions\FrameworkException.php on line 33.
 1 SYSTEMPATH\View\View.php(201): CodeIgniter\Exceptions\FrameworkException::forInvalidFile('dashboard/dashboard_user.php')
 2 SYSTEMPATH\View\View.php(429): CodeIgniter\View\View->render('dashboard/dashboard_user', null, true)
 3 APPPATH\Views\dashboard\index.php(164): CodeIgniter\View\View->include('dashboard/dashboard_user')
 4 SYSTEMPATH\View\View.php(213): include('APPPATH\\Views\\dashboard\\index.php')
 5 SYSTEMPATH\View\View.php(216): CodeIgniter\View\View->CodeIgniter\View\{closure}()
 6 SYSTEMPATH\Common.php(1142): CodeIgniter\View\View->render('dashboard/index', [], true)
 7 APPPATH\Controllers\Dashboard.php(14): view('dashboard/index')
 8 SYSTEMPATH\CodeIgniter.php(904): App\Controllers\Dashboard->index()
 9 SYSTEMPATH\CodeIgniter.php(457): CodeIgniter\CodeIgniter->runController(Object(App\Controllers\Dashboard))
10 SYSTEMPATH\CodeIgniter.php(340): CodeIgniter\CodeIgniter->handleRequest(null, Object(Config\Cache), false)
11 FCPATH\index.php(67): CodeIgniter\CodeIgniter->run()
12 SYSTEMPATH\Commands\Server\rewrite.php(43): require_once('FCPATH\\index.php')
CRITICAL - 2022-09-27 02:01:59 --> Invalid file: dashboard/dashboard_user.php
in SYSTEMPATH\Exceptions\FrameworkException.php on line 33.
 1 SYSTEMPATH\View\View.php(201): CodeIgniter\Exceptions\FrameworkException::forInvalidFile('dashboard/dashboard_user.php')
 2 SYSTEMPATH\View\View.php(429): CodeIgniter\View\View->render('dashboard/dashboard_user', null, true)
 3 APPPATH\Views\dashboard\index.php(164): CodeIgniter\View\View->include('dashboard/dashboard_user')
 4 SYSTEMPATH\View\View.php(213): include('APPPATH\\Views\\dashboard\\index.php')
 5 SYSTEMPATH\View\View.php(216): CodeIgniter\View\View->CodeIgniter\View\{closure}()
 6 SYSTEMPATH\Common.php(1142): CodeIgniter\View\View->render('dashboard/index', [], true)
 7 APPPATH\Controllers\Dashboard.php(14): view('dashboard/index')
 8 SYSTEMPATH\CodeIgniter.php(904): App\Controllers\Dashboard->index()
 9 SYSTEMPATH\CodeIgniter.php(457): CodeIgniter\CodeIgniter->runController(Object(App\Controllers\Dashboard))
10 SYSTEMPATH\CodeIgniter.php(340): CodeIgniter\CodeIgniter->handleRequest(null, Object(Config\Cache), false)
11 FCPATH\index.php(67): CodeIgniter\CodeIgniter->run()
12 SYSTEMPATH\Commands\Server\rewrite.php(43): require_once('FCPATH\\index.php')
CRITICAL - 2022-09-27 02:02:06 --> Invalid file: dashboard/dashboard_user.php
in SYSTEMPATH\Exceptions\FrameworkException.php on line 33.
 1 SYSTEMPATH\View\View.php(201): CodeIgniter\Exceptions\FrameworkException::forInvalidFile('dashboard/dashboard_user.php')
 2 SYSTEMPATH\View\View.php(429): CodeIgniter\View\View->render('dashboard/dashboard_user', null, true)
 3 APPPATH\Views\dashboard\index.php(164): CodeIgniter\View\View->include('dashboard/dashboard_user')
 4 SYSTEMPATH\View\View.php(213): include('APPPATH\\Views\\dashboard\\index.php')
 5 SYSTEMPATH\View\View.php(216): CodeIgniter\View\View->CodeIgniter\View\{closure}()
 6 SYSTEMPATH\Common.php(1142): CodeIgniter\View\View->render('dashboard/index', [], true)
 7 APPPATH\Controllers\Dashboard.php(14): view('dashboard/index')
 8 SYSTEMPATH\CodeIgniter.php(904): App\Controllers\Dashboard->index()
 9 SYSTEMPATH\CodeIgniter.php(457): CodeIgniter\CodeIgniter->runController(Object(App\Controllers\Dashboard))
10 SYSTEMPATH\CodeIgniter.php(340): CodeIgniter\CodeIgniter->handleRequest(null, Object(Config\Cache), false)
11 FCPATH\index.php(67): CodeIgniter\CodeIgniter->run()
12 SYSTEMPATH\Commands\Server\rewrite.php(43): require_once('FCPATH\\index.php')
CRITICAL - 2022-09-27 03:06:49 --> Unsupported operand types: string + string
in APPPATH\Views\tbcabang\index.php on line 65.
 1 SYSTEMPATH\View\View.php(213): include()
 2 SYSTEMPATH\View\View.php(216): CodeIgniter\View\View->CodeIgniter\View\{closure}()
 3 SYSTEMPATH\Common.php(1142): CodeIgniter\View\View->render('tbcabang/index', [], true)
 4 APPPATH\Controllers\Tbcabang.php(21): view('tbcabang/index', [...])
 5 SYSTEMPATH\CodeIgniter.php(904): App\Controllers\Tbcabang->index()
 6 SYSTEMPATH\CodeIgniter.php(457): CodeIgniter\CodeIgniter->runController(Object(App\Controllers\Tbcabang))
 7 SYSTEMPATH\CodeIgniter.php(340): CodeIgniter\CodeIgniter->handleRequest(null, Object(Config\Cache), false)
 8 FCPATH\index.php(67): CodeIgniter\CodeIgniter->run()
 9 SYSTEMPATH\Commands\Server\rewrite.php(43): require_once('FCPATH\\index.php')
CRITICAL - 2022-09-27 16:14:45 --> Undefined variable $tbcabang
in APPPATH\Views\tbdivisi\index.php on line 49.
 1 APPPATH\Views\tbdivisi\index.php(49): CodeIgniter\Debug\Exceptions->errorHandler(2, 'Undefined variable $tbcabang', 'APPPATH\\Views\\tbdivisi\\index.php', 49)
 2 SYSTEMPATH\View\View.php(213): include('APPPATH\\Views\\tbdivisi\\index.php')
 3 SYSTEMPATH\View\View.php(216): CodeIgniter\View\View->CodeIgniter\View\{closure}()
 4 SYSTEMPATH\Common.php(1142): CodeIgniter\View\View->render('tbdivisi/index', [], true)
 5 APPPATH\Controllers\Tbdivisi.php(21): view('tbdivisi/index', [...])
 6 SYSTEMPATH\CodeIgniter.php(904): App\Controllers\Tbdivisi->index()
 7 SYSTEMPATH\CodeIgniter.php(457): CodeIgniter\CodeIgniter->runController(Object(App\Controllers\Tbdivisi))
 8 SYSTEMPATH\CodeIgniter.php(340): CodeIgniter\CodeIgniter->handleRequest(null, Object(Config\Cache), false)
 9 FCPATH\index.php(67): CodeIgniter\CodeIgniter->run()
10 SYSTEMPATH\Commands\Server\rewrite.php(43): require_once('FCPATH\\index.php')
CRITICAL - 2022-09-27 16:17:17 --> Undefined variable $tbcabang
in APPPATH\Views\tbdivisi\index.php on line 49.
 1 APPPATH\Views\tbdivisi\index.php(49): CodeIgniter\Debug\Exceptions->errorHandler(2, 'Undefined variable $tbcabang', 'APPPATH\\Views\\tbdivisi\\index.php', 49)
 2 SYSTEMPATH\View\View.php(213): include('APPPATH\\Views\\tbdivisi\\index.php')
 3 SYSTEMPATH\View\View.php(216): CodeIgniter\View\View->CodeIgniter\View\{closure}()
 4 SYSTEMPATH\Common.php(1142): CodeIgniter\View\View->render('tbdivisi/index', [], true)
 5 APPPATH\Controllers\Tbdivisi.php(21): view('tbdivisi/index', [...])
 6 SYSTEMPATH\CodeIgniter.php(904): App\Controllers\Tbdivisi->index()
 7 SYSTEMPATH\CodeIgniter.php(457): CodeIgniter\CodeIgniter->runController(Object(App\Controllers\Tbdivisi))
 8 SYSTEMPATH\CodeIgniter.php(340): CodeIgniter\CodeIgniter->handleRequest(null, Object(Config\Cache), false)
 9 FCPATH\index.php(67): CodeIgniter\CodeIgniter->run()
10 SYSTEMPATH\Commands\Server\rewrite.php(43): require_once('FCPATH\\index.php')
CRITICAL - 2022-09-27 16:17:33 --> Undefined variable $tbcabang
in APPPATH\Views\tbdivisi\index.php on line 49.
 1 APPPATH\Views\tbdivisi\index.php(49): CodeIgniter\Debug\Exceptions->errorHandler(2, 'Undefined variable $tbcabang', 'APPPATH\\Views\\tbdivisi\\index.php', 49)
 2 SYSTEMPATH\View\View.php(213): include('APPPATH\\Views\\tbdivisi\\index.php')
 3 SYSTEMPATH\View\View.php(216): CodeIgniter\View\View->CodeIgniter\View\{closure}()
 4 SYSTEMPATH\Common.php(1142): CodeIgniter\View\View->render('tbdivisi/index', [], true)
 5 APPPATH\Controllers\Tbdivisi.php(21): view('tbdivisi/index', [...])
 6 SYSTEMPATH\CodeIgniter.php(904): App\Controllers\Tbdivisi->index()
 7 SYSTEMPATH\CodeIgniter.php(457): CodeIgniter\CodeIgniter->runController(Object(App\Controllers\Tbdivisi))
 8 SYSTEMPATH\CodeIgniter.php(340): CodeIgniter\CodeIgniter->handleRequest(null, Object(Config\Cache), false)
 9 FCPATH\index.php(67): CodeIgniter\CodeIgniter->run()
10 SYSTEMPATH\Commands\Server\rewrite.php(43): require_once('FCPATH\\index.php')
CRITICAL - 2022-09-27 16:17:37 --> Undefined variable $tbcabang
in APPPATH\Views\tbdivisi\index.php on line 49.
 1 APPPATH\Views\tbdivisi\index.php(49): CodeIgniter\Debug\Exceptions->errorHandler(2, 'Undefined variable $tbcabang', 'APPPATH\\Views\\tbdivisi\\index.php', 49)
 2 SYSTEMPATH\View\View.php(213): include('APPPATH\\Views\\tbdivisi\\index.php')
 3 SYSTEMPATH\View\View.php(216): CodeIgniter\View\View->CodeIgniter\View\{closure}()
 4 SYSTEMPATH\Common.php(1142): CodeIgniter\View\View->render('tbdivisi/index', [], true)
 5 APPPATH\Controllers\Tbdivisi.php(21): view('tbdivisi/index', [...])
 6 SYSTEMPATH\CodeIgniter.php(904): App\Controllers\Tbdivisi->index()
 7 SYSTEMPATH\CodeIgniter.php(457): CodeIgniter\CodeIgniter->runController(Object(App\Controllers\Tbdivisi))
 8 SYSTEMPATH\CodeIgniter.php(340): CodeIgniter\CodeIgniter->handleRequest(null, Object(Config\Cache), false)
 9 FCPATH\index.php(67): CodeIgniter\CodeIgniter->run()
10 SYSTEMPATH\Commands\Server\rewrite.php(43): require_once('FCPATH\\index.php')
CRITICAL - 2022-09-27 16:19:52 --> Undefined variable $tbcabang
in APPPATH\Views\tbdivisi\edit.php on line 25.
 1 APPPATH\Views\tbdivisi\edit.php(25): CodeIgniter\Debug\Exceptions->errorHandler(2, 'Undefined variable $tbcabang', 'APPPATH\\Views\\tbdivisi\\edit.php', 25)
 2 SYSTEMPATH\View\View.php(213): include('APPPATH\\Views\\tbdivisi\\edit.php')
 3 SYSTEMPATH\View\View.php(216): CodeIgniter\View\View->CodeIgniter\View\{closure}()
 4 SYSTEMPATH\Common.php(1142): CodeIgniter\View\View->render('tbdivisi/edit', [], true)
 5 APPPATH\Controllers\Tbdivisi.php(99): view('tbdivisi/edit', [...])
 6 SYSTEMPATH\CodeIgniter.php(904): App\Controllers\Tbdivisi->edit('4')
 7 SYSTEMPATH\CodeIgniter.php(457): CodeIgniter\CodeIgniter->runController(Object(App\Controllers\Tbdivisi))
 8 SYSTEMPATH\CodeIgniter.php(340): CodeIgniter\CodeIgniter->handleRequest(null, Object(Config\Cache), false)
 9 FCPATH\index.php(67): CodeIgniter\CodeIgniter->run()
10 SYSTEMPATH\Commands\Server\rewrite.php(43): require_once('FCPATH\\index.php')
