CRITICAL - 2022-11-08 10:42:15 --> Undefined property: stdClass::$nmcustomer
in APPPATH\Views\tbmobil\tabel_mobil.php on line 41.
 1 APPPATH\Views\tbmobil\tabel_mobil.php(41): CodeIgniter\Debug\Exceptions->errorHandler(2, 'Undefined property: stdClass::$nmcustomer', 'APPPATH\\Views\\tbmobil\\tabel_mobil.php', 41)
 2 SYSTEMPATH\View\View.php(213): include('APPPATH\\Views\\tbmobil\\tabel_mobil.php')
 3 SYSTEMPATH\View\View.php(216): CodeIgniter\View\View->CodeIgniter\View\{closure}()
 4 SYSTEMPATH\Common.php(1142): CodeIgniter\View\View->render('tbmobil/tabel_mobil', [], true)
 5 APPPATH\Controllers\Tbmobil.php(299): view('tbmobil/tabel_mobil', [...])
 6 SYSTEMPATH\CodeIgniter.php(904): App\Controllers\tbmobil->table_mobil()
 7 SYSTEMPATH\CodeIgniter.php(457): CodeIgniter\CodeIgniter->runController(Object(App\Controllers\tbmobil))
 8 SYSTEMPATH\CodeIgniter.php(340): CodeIgniter\CodeIgniter->handleRequest(null, Object(Config\Cache), false)
 9 FCPATH\index.php(67): CodeIgniter\CodeIgniter->run()
10 SYSTEMPATH\Commands\Server\rewrite.php(43): require_once('FCPATH\\index.php')
CRITICAL - 2022-11-08 10:54:35 --> Undefined property: stdClass::$kelompok
in APPPATH\Views\tbmobil\tabel_mobil.php on line 42.
 1 APPPATH\Views\tbmobil\tabel_mobil.php(42): CodeIgniter\Debug\Exceptions->errorHandler(2, 'Undefined property: stdClass::$kelompok', 'APPPATH\\Views\\tbmobil\\tabel_mobil.php', 42)
 2 SYSTEMPATH\View\View.php(213): include('APPPATH\\Views\\tbmobil\\tabel_mobil.php')
 3 SYSTEMPATH\View\View.php(216): CodeIgniter\View\View->CodeIgniter\View\{closure}()
 4 SYSTEMPATH\Common.php(1142): CodeIgniter\View\View->render('tbmobil/tabel_mobil', [], true)
 5 APPPATH\Controllers\Tbmobil.php(299): view('tbmobil/tabel_mobil', [...])
 6 SYSTEMPATH\CodeIgniter.php(904): App\Controllers\tbmobil->table_mobil()
 7 SYSTEMPATH\CodeIgniter.php(457): CodeIgniter\CodeIgniter->runController(Object(App\Controllers\tbmobil))
 8 SYSTEMPATH\CodeIgniter.php(340): CodeIgniter\CodeIgniter->handleRequest(null, Object(Config\Cache), false)
 9 FCPATH\index.php(67): CodeIgniter\CodeIgniter->run()
10 SYSTEMPATH\Commands\Server\rewrite.php(43): require_once('FCPATH\\index.php')
CRITICAL - 2022-11-08 11:08:44 --> Undefined array key "nopolis"
in APPPATH\Views\tbcustomer\detailmobil.php on line 25.
 1 APPPATH\Views\tbcustomer\detailmobil.php(25): CodeIgniter\Debug\Exceptions->errorHandler(2, 'Undefined array key "nopolis"', 'APPPATH\\Views\\tbcustomer\\detailmobil.php', 25)
 2 SYSTEMPATH\View\View.php(213): include('APPPATH\\Views\\tbcustomer\\detailmobil.php')
 3 SYSTEMPATH\View\View.php(216): CodeIgniter\View\View->CodeIgniter\View\{closure}()
 4 SYSTEMPATH\Common.php(1142): CodeIgniter\View\View->render('tbcustomer/detailmobil', [], true)
 5 APPPATH\Controllers\Tbcustomer.php(343): view('tbcustomer/detailmobil', [...])
 6 SYSTEMPATH\CodeIgniter.php(904): App\Controllers\Tbcustomer->detailmobil()
 7 SYSTEMPATH\CodeIgniter.php(457): CodeIgniter\CodeIgniter->runController(Object(App\Controllers\Tbcustomer))
 8 SYSTEMPATH\CodeIgniter.php(340): CodeIgniter\CodeIgniter->handleRequest(null, Object(Config\Cache), false)
 9 FCPATH\index.php(67): CodeIgniter\CodeIgniter->run()
10 SYSTEMPATH\Commands\Server\rewrite.php(43): require_once('FCPATH\\index.php')
CRITICAL - 2022-11-08 11:12:06 --> Undefined array key "kelompok"
in APPPATH\Views\tbcustomer\detailmobil.php on line 40.
 1 APPPATH\Views\tbcustomer\detailmobil.php(40): CodeIgniter\Debug\Exceptions->errorHandler(2, 'Undefined array key "kelompok"', 'APPPATH\\Views\\tbcustomer\\detailmobil.php', 40)
 2 SYSTEMPATH\View\View.php(213): include('APPPATH\\Views\\tbcustomer\\detailmobil.php')
 3 SYSTEMPATH\View\View.php(216): CodeIgniter\View\View->CodeIgniter\View\{closure}()
 4 SYSTEMPATH\Common.php(1142): CodeIgniter\View\View->render('tbcustomer/detailmobil', [], true)
 5 APPPATH\Controllers\Tbcustomer.php(343): view('tbcustomer/detailmobil', [...])
 6 SYSTEMPATH\CodeIgniter.php(904): App\Controllers\Tbcustomer->detailmobil()
 7 SYSTEMPATH\CodeIgniter.php(457): CodeIgniter\CodeIgniter->runController(Object(App\Controllers\Tbcustomer))
 8 SYSTEMPATH\CodeIgniter.php(340): CodeIgniter\CodeIgniter->handleRequest(null, Object(Config\Cache), false)
 9 FCPATH\index.php(67): CodeIgniter\CodeIgniter->run()
10 SYSTEMPATH\Commands\Server\rewrite.php(43): require_once('FCPATH\\index.php')
CRITICAL - 2022-11-08 11:20:26 --> Attempt to read property "nopolisi" on array
in APPPATH\Views\tbcustomer\detailmobil.php on line 50.
 1 APPPATH\Views\tbcustomer\detailmobil.php(50): CodeIgniter\Debug\Exceptions->errorHandler(2, 'Attempt to read property "nopolisi" on array', 'APPPATH\\Views\\tbcustomer\\detailmobil.php', 50)
 2 SYSTEMPATH\View\View.php(213): include('APPPATH\\Views\\tbcustomer\\detailmobil.php')
 3 SYSTEMPATH\View\View.php(216): CodeIgniter\View\View->CodeIgniter\View\{closure}()
 4 SYSTEMPATH\Common.php(1142): CodeIgniter\View\View->render('tbcustomer/detailmobil', [], true)
 5 APPPATH\Controllers\Tbcustomer.php(343): view('tbcustomer/detailmobil', [...])
 6 SYSTEMPATH\CodeIgniter.php(904): App\Controllers\Tbcustomer->detailmobil()
 7 SYSTEMPATH\CodeIgniter.php(457): CodeIgniter\CodeIgniter->runController(Object(App\Controllers\Tbcustomer))
 8 SYSTEMPATH\CodeIgniter.php(340): CodeIgniter\CodeIgniter->handleRequest(null, Object(Config\Cache), false)
 9 FCPATH\index.php(67): CodeIgniter\CodeIgniter->run()
10 SYSTEMPATH\Commands\Server\rewrite.php(43): require_once('FCPATH\\index.php')
CRITICAL - 2022-11-08 14:17:02 --> Invalid file: tbcustomer/i_detailmobil.php
in SYSTEMPATH\Exceptions\FrameworkException.php on line 33.
 1 SYSTEMPATH\View\View.php(201): CodeIgniter\Exceptions\FrameworkException::forInvalidFile('tbcustomer/i_detailmobil.php')
 2 SYSTEMPATH\Common.php(1142): CodeIgniter\View\View->render('tbcustomer/i_detailmobil', [], true)
 3 APPPATH\Controllers\Tbcustomer.php(352): view('tbcustomer/i_detailmobil', [...])
 4 SYSTEMPATH\CodeIgniter.php(904): App\Controllers\Tbcustomer->i_detailmobil()
 5 SYSTEMPATH\CodeIgniter.php(457): CodeIgniter\CodeIgniter->runController(Object(App\Controllers\Tbcustomer))
 6 SYSTEMPATH\CodeIgniter.php(340): CodeIgniter\CodeIgniter->handleRequest(null, Object(Config\Cache), false)
 7 FCPATH\index.php(67): CodeIgniter\CodeIgniter->run()
 8 SYSTEMPATH\Commands\Server\rewrite.php(43): require_once('FCPATH\\index.php')
CRITICAL - 2022-11-08 14:17:33 --> Invalid file: tbcustomer/i_detailmobil.php
in SYSTEMPATH\Exceptions\FrameworkException.php on line 33.
 1 SYSTEMPATH\View\View.php(201): CodeIgniter\Exceptions\FrameworkException::forInvalidFile('tbcustomer/i_detailmobil.php')
 2 SYSTEMPATH\Common.php(1142): CodeIgniter\View\View->render('tbcustomer/i_detailmobil', [], true)
 3 APPPATH\Controllers\Tbcustomer.php(352): view('tbcustomer/i_detailmobil', [...])
 4 SYSTEMPATH\CodeIgniter.php(904): App\Controllers\Tbcustomer->i_detailmobil()
 5 SYSTEMPATH\CodeIgniter.php(457): CodeIgniter\CodeIgniter->runController(Object(App\Controllers\Tbcustomer))
 6 SYSTEMPATH\CodeIgniter.php(340): CodeIgniter\CodeIgniter->handleRequest(null, Object(Config\Cache), false)
 7 FCPATH\index.php(67): CodeIgniter\CodeIgniter->run()
 8 SYSTEMPATH\Commands\Server\rewrite.php(43): require_once('FCPATH\\index.php')
CRITICAL - 2022-11-08 14:18:15 --> View themes, no current section.
in SYSTEMPATH\View\View.php on line 392.
 1 APPPATH\Views\tbcustomer\i_detailmobil.php(106): CodeIgniter\View\View->endSection()
 2 SYSTEMPATH\View\View.php(213): include('APPPATH\\Views\\tbcustomer\\i_detailmobil.php')
 3 SYSTEMPATH\View\View.php(216): CodeIgniter\View\View->CodeIgniter\View\{closure}()
 4 SYSTEMPATH\Common.php(1142): CodeIgniter\View\View->render('tbcustomer/i_detailmobil', [], true)
 5 APPPATH\Controllers\Tbcustomer.php(352): view('tbcustomer/i_detailmobil', [...])
 6 SYSTEMPATH\CodeIgniter.php(904): App\Controllers\Tbcustomer->i_detailmobil()
 7 SYSTEMPATH\CodeIgniter.php(457): CodeIgniter\CodeIgniter->runController(Object(App\Controllers\Tbcustomer))
 8 SYSTEMPATH\CodeIgniter.php(340): CodeIgniter\CodeIgniter->handleRequest(null, Object(Config\Cache), false)
 9 FCPATH\index.php(67): CodeIgniter\CodeIgniter->run()
10 SYSTEMPATH\Commands\Server\rewrite.php(43): require_once('FCPATH\\index.php')
CRITICAL - 2022-11-08 14:27:22 --> Undefined variable $tbcustomer
in APPPATH\Views\tbcustomer\detailmobil.php on line 8.
 1 APPPATH\Views\tbcustomer\detailmobil.php(8): CodeIgniter\Debug\Exceptions->errorHandler(2, 'Undefined variable $tbcustomer', 'APPPATH\\Views\\tbcustomer\\detailmobil.php', 8)
 2 SYSTEMPATH\View\View.php(213): include('APPPATH\\Views\\tbcustomer\\detailmobil.php')
 3 SYSTEMPATH\View\View.php(216): CodeIgniter\View\View->CodeIgniter\View\{closure}()
 4 SYSTEMPATH\Common.php(1142): CodeIgniter\View\View->render('tbcustomer/detailmobil', [], true)
 5 APPPATH\Controllers\Tbcustomer.php(340): view('tbcustomer/detailmobil', [...])
 6 SYSTEMPATH\CodeIgniter.php(904): App\Controllers\Tbcustomer->table_mobil_detail()
 7 SYSTEMPATH\CodeIgniter.php(457): CodeIgniter\CodeIgniter->runController(Object(App\Controllers\Tbcustomer))
 8 SYSTEMPATH\CodeIgniter.php(340): CodeIgniter\CodeIgniter->handleRequest(null, Object(Config\Cache), false)
 9 FCPATH\index.php(67): CodeIgniter\CodeIgniter->run()
10 SYSTEMPATH\Commands\Server\rewrite.php(43): require_once('FCPATH\\index.php')
CRITICAL - 2022-11-08 14:30:46 --> Undefined variable $tbcustomer
in APPPATH\Views\tbcustomer\detailmobil.php on line 8.
 1 APPPATH\Views\tbcustomer\detailmobil.php(8): CodeIgniter\Debug\Exceptions->errorHandler(2, 'Undefined variable $tbcustomer', 'APPPATH\\Views\\tbcustomer\\detailmobil.php', 8)
 2 SYSTEMPATH\View\View.php(213): include('APPPATH\\Views\\tbcustomer\\detailmobil.php')
 3 SYSTEMPATH\View\View.php(216): CodeIgniter\View\View->CodeIgniter\View\{closure}()
 4 SYSTEMPATH\Common.php(1142): CodeIgniter\View\View->render('tbcustomer/detailmobil', [], true)
 5 APPPATH\Controllers\Tbcustomer.php(340): view('tbcustomer/detailmobil', [...])
 6 SYSTEMPATH\CodeIgniter.php(904): App\Controllers\Tbcustomer->table_mobil_detail()
 7 SYSTEMPATH\CodeIgniter.php(457): CodeIgniter\CodeIgniter->runController(Object(App\Controllers\Tbcustomer))
 8 SYSTEMPATH\CodeIgniter.php(340): CodeIgniter\CodeIgniter->handleRequest(null, Object(Config\Cache), false)
 9 FCPATH\index.php(67): CodeIgniter\CodeIgniter->run()
10 SYSTEMPATH\Commands\Server\rewrite.php(43): require_once('FCPATH\\index.php')
CRITICAL - 2022-11-08 14:32:11 --> Undefined array key "kode"
in APPPATH\Views\tbcustomer\detailmobil.php on line 8.
 1 APPPATH\Views\tbcustomer\detailmobil.php(8): CodeIgniter\Debug\Exceptions->errorHandler(2, 'Undefined array key "kode"', 'APPPATH\\Views\\tbcustomer\\detailmobil.php', 8)
 2 SYSTEMPATH\View\View.php(213): include('APPPATH\\Views\\tbcustomer\\detailmobil.php')
 3 SYSTEMPATH\View\View.php(216): CodeIgniter\View\View->CodeIgniter\View\{closure}()
 4 SYSTEMPATH\Common.php(1142): CodeIgniter\View\View->render('tbcustomer/detailmobil', [], true)
 5 APPPATH\Controllers\Tbcustomer.php(342): view('tbcustomer/detailmobil', [...])
 6 SYSTEMPATH\CodeIgniter.php(904): App\Controllers\Tbcustomer->table_mobil_detail()
 7 SYSTEMPATH\CodeIgniter.php(457): CodeIgniter\CodeIgniter->runController(Object(App\Controllers\Tbcustomer))
 8 SYSTEMPATH\CodeIgniter.php(340): CodeIgniter\CodeIgniter->handleRequest(null, Object(Config\Cache), false)
 9 FCPATH\index.php(67): CodeIgniter\CodeIgniter->run()
10 SYSTEMPATH\Commands\Server\rewrite.php(43): require_once('FCPATH\\index.php')
CRITICAL - 2022-11-08 14:32:51 --> Undefined array key "kode"
in APPPATH\Views\tbcustomer\detailmobil.php on line 8.
 1 APPPATH\Views\tbcustomer\detailmobil.php(8): CodeIgniter\Debug\Exceptions->errorHandler(2, 'Undefined array key "kode"', 'APPPATH\\Views\\tbcustomer\\detailmobil.php', 8)
 2 SYSTEMPATH\View\View.php(213): include('APPPATH\\Views\\tbcustomer\\detailmobil.php')
 3 SYSTEMPATH\View\View.php(216): CodeIgniter\View\View->CodeIgniter\View\{closure}()
 4 SYSTEMPATH\Common.php(1142): CodeIgniter\View\View->render('tbcustomer/detailmobil', [], true)
 5 APPPATH\Controllers\Tbcustomer.php(342): view('tbcustomer/detailmobil', [...])
 6 SYSTEMPATH\CodeIgniter.php(904): App\Controllers\Tbcustomer->table_mobil_detail()
 7 SYSTEMPATH\CodeIgniter.php(457): CodeIgniter\CodeIgniter->runController(Object(App\Controllers\Tbcustomer))
 8 SYSTEMPATH\CodeIgniter.php(340): CodeIgniter\CodeIgniter->handleRequest(null, Object(Config\Cache), false)
 9 FCPATH\index.php(67): CodeIgniter\CodeIgniter->run()
10 SYSTEMPATH\Commands\Server\rewrite.php(43): require_once('FCPATH\\index.php')
CRITICAL - 2022-11-08 14:33:54 --> Undefined array key "kode"
in APPPATH\Views\tbcustomer\detailmobil.php on line 8.
 1 APPPATH\Views\tbcustomer\detailmobil.php(8): CodeIgniter\Debug\Exceptions->errorHandler(2, 'Undefined array key "kode"', 'APPPATH\\Views\\tbcustomer\\detailmobil.php', 8)
 2 SYSTEMPATH\View\View.php(213): include('APPPATH\\Views\\tbcustomer\\detailmobil.php')
 3 SYSTEMPATH\View\View.php(216): CodeIgniter\View\View->CodeIgniter\View\{closure}()
 4 SYSTEMPATH\Common.php(1142): CodeIgniter\View\View->render('tbcustomer/detailmobil', [], true)
 5 APPPATH\Controllers\Tbcustomer.php(343): view('tbcustomer/detailmobil', [...])
 6 SYSTEMPATH\CodeIgniter.php(904): App\Controllers\Tbcustomer->table_mobil_detail()
 7 SYSTEMPATH\CodeIgniter.php(457): CodeIgniter\CodeIgniter->runController(Object(App\Controllers\Tbcustomer))
 8 SYSTEMPATH\CodeIgniter.php(340): CodeIgniter\CodeIgniter->handleRequest(null, Object(Config\Cache), false)
 9 FCPATH\index.php(67): CodeIgniter\CodeIgniter->run()
10 SYSTEMPATH\Commands\Server\rewrite.php(43): require_once('FCPATH\\index.php')
CRITICAL - 2022-11-08 14:35:25 --> Undefined array key "kode"
in APPPATH\Views\tbcustomer\detailmobil.php on line 8.
 1 APPPATH\Views\tbcustomer\detailmobil.php(8): CodeIgniter\Debug\Exceptions->errorHandler(2, 'Undefined array key "kode"', 'APPPATH\\Views\\tbcustomer\\detailmobil.php', 8)
 2 SYSTEMPATH\View\View.php(213): include('APPPATH\\Views\\tbcustomer\\detailmobil.php')
 3 SYSTEMPATH\View\View.php(216): CodeIgniter\View\View->CodeIgniter\View\{closure}()
 4 SYSTEMPATH\Common.php(1142): CodeIgniter\View\View->render('tbcustomer/detailmobil', [], true)
 5 APPPATH\Controllers\Tbcustomer.php(344): view('tbcustomer/detailmobil', [...])
 6 SYSTEMPATH\CodeIgniter.php(904): App\Controllers\Tbcustomer->table_mobil_detail()
 7 SYSTEMPATH\CodeIgniter.php(457): CodeIgniter\CodeIgniter->runController(Object(App\Controllers\Tbcustomer))
 8 SYSTEMPATH\CodeIgniter.php(340): CodeIgniter\CodeIgniter->handleRequest(null, Object(Config\Cache), false)
 9 FCPATH\index.php(67): CodeIgniter\CodeIgniter->run()
10 SYSTEMPATH\Commands\Server\rewrite.php(43): require_once('FCPATH\\index.php')
CRITICAL - 2022-11-08 15:32:16 --> Too few arguments to function App\Controllers\Tbcustomer::table_mobil_detail(), 0 passed in D:\xampp\htdocs\bp\system\CodeIgniter.php on line 904 and exactly 1 expected
in APPPATH\Controllers\Tbcustomer.php on line 335.
 1 SYSTEMPATH\CodeIgniter.php(904): App\Controllers\Tbcustomer->table_mobil_detail()
 2 SYSTEMPATH\CodeIgniter.php(457): CodeIgniter\CodeIgniter->runController(Object(App\Controllers\Tbcustomer))
 3 SYSTEMPATH\CodeIgniter.php(340): CodeIgniter\CodeIgniter->handleRequest(null, Object(Config\Cache), false)
 4 FCPATH\index.php(67): CodeIgniter\CodeIgniter->run()
 5 SYSTEMPATH\Commands\Server\rewrite.php(43): require_once('FCPATH\\index.php')
CRITICAL - 2022-11-08 16:14:53 --> CodeIgniter\Database\BaseBuilder::limit(): Argument #1 ($value) must be of type ?int, string given, called in D:\xampp\htdocs\bp\system\Model.php on line 772
in SYSTEMPATH\Database\BaseBuilder.php on line 1460.
 1 SYSTEMPATH\Model.php(772): CodeIgniter\Database\BaseBuilder->limit('ROOTPATH\\public', 'ROOTPATH\\public')
 2 APPPATH\Models\TbmobilModel.php(27): CodeIgniter\Model->__call('limit', [...])
 3 APPPATH\Controllers\Tbcustomer.php(335): App\Models\TbmobilModel->tampilData('ROOTPATH\\public', 'ROOTPATH\\public', 'ROOTPATH\\public')
 4 SYSTEMPATH\CodeIgniter.php(904): App\Controllers\Tbcustomer->table_customer()
 5 SYSTEMPATH\CodeIgniter.php(457): CodeIgniter\CodeIgniter->runController(Object(App\Controllers\Tbcustomer))
 6 SYSTEMPATH\CodeIgniter.php(340): CodeIgniter\CodeIgniter->handleRequest(null, Object(Config\Cache), false)
 7 FCPATH\index.php(67): CodeIgniter\CodeIgniter->run()
 8 SYSTEMPATH\Commands\Server\rewrite.php(43): require_once('FCPATH\\index.php')
CRITICAL - 2022-11-08 16:16:54 --> CodeIgniter\Database\BaseBuilder::limit(): Argument #1 ($value) must be of type ?int, string given, called in D:\xampp\htdocs\bp\system\Model.php on line 772
in SYSTEMPATH\Database\BaseBuilder.php on line 1460.
 1 SYSTEMPATH\Model.php(772): CodeIgniter\Database\BaseBuilder->limit('ROOTPATH\\public', 'ROOTPATH\\public')
 2 APPPATH\Models\TbmobilModel.php(27): CodeIgniter\Model->__call('limit', [...])
 3 APPPATH\Controllers\Tbcustomer.php(345): App\Models\TbmobilModel->tampilData('ROOTPATH\\public', 'ROOTPATH\\public', 'ROOTPATH\\public')
 4 SYSTEMPATH\CodeIgniter.php(904): App\Controllers\Tbcustomer->table_mobil_detail()
 5 SYSTEMPATH\CodeIgniter.php(457): CodeIgniter\CodeIgniter->runController(Object(App\Controllers\Tbcustomer))
 6 SYSTEMPATH\CodeIgniter.php(340): CodeIgniter\CodeIgniter->handleRequest(null, Object(Config\Cache), false)
 7 FCPATH\index.php(67): CodeIgniter\CodeIgniter->run()
 8 SYSTEMPATH\Commands\Server\rewrite.php(43): require_once('FCPATH\\index.php')
CRITICAL - 2022-11-08 16:20:59 --> CodeIgniter\Database\BaseBuilder::limit(): Argument #1 ($value) must be of type ?int, string given, called in D:\xampp\htdocs\bp\system\Model.php on line 772
in SYSTEMPATH\Database\BaseBuilder.php on line 1460.
 1 SYSTEMPATH\Model.php(772): CodeIgniter\Database\BaseBuilder->limit('ROOTPATH\\public', 'ROOTPATH\\public')
 2 APPPATH\Models\TbmobilModel.php(27): CodeIgniter\Model->__call('limit', [...])
 3 APPPATH\Controllers\Tbcustomer.php(345): App\Models\TbmobilModel->tampilData('ROOTPATH\\public', 'ROOTPATH\\public', 'ROOTPATH\\public')
 4 SYSTEMPATH\CodeIgniter.php(904): App\Controllers\Tbcustomer->table_mobil_detail()
 5 SYSTEMPATH\CodeIgniter.php(457): CodeIgniter\CodeIgniter->runController(Object(App\Controllers\Tbcustomer))
 6 SYSTEMPATH\CodeIgniter.php(340): CodeIgniter\CodeIgniter->handleRequest(null, Object(Config\Cache), false)
 7 FCPATH\index.php(67): CodeIgniter\CodeIgniter->run()
 8 SYSTEMPATH\Commands\Server\rewrite.php(43): require_once('FCPATH\\index.php')
CRITICAL - 2022-11-08 16:21:14 --> CodeIgniter\Database\BaseBuilder::limit(): Argument #1 ($value) must be of type ?int, string given, called in D:\xampp\htdocs\bp\system\Model.php on line 772
in SYSTEMPATH\Database\BaseBuilder.php on line 1460.
 1 SYSTEMPATH\Model.php(772): CodeIgniter\Database\BaseBuilder->limit('ROOTPATH\\public', 'ROOTPATH\\public')
 2 APPPATH\Models\TbmobilModel.php(27): CodeIgniter\Model->__call('limit', [...])
 3 APPPATH\Controllers\Tbcustomer.php(345): App\Models\TbmobilModel->tampilData('ROOTPATH\\public', 'ROOTPATH\\public', 'ROOTPATH\\public')
 4 SYSTEMPATH\CodeIgniter.php(904): App\Controllers\Tbcustomer->table_mobil_detail()
 5 SYSTEMPATH\CodeIgniter.php(457): CodeIgniter\CodeIgniter->runController(Object(App\Controllers\Tbcustomer))
 6 SYSTEMPATH\CodeIgniter.php(340): CodeIgniter\CodeIgniter->handleRequest(null, Object(Config\Cache), false)
 7 FCPATH\index.php(67): CodeIgniter\CodeIgniter->run()
 8 SYSTEMPATH\Commands\Server\rewrite.php(43): require_once('FCPATH\\index.php')
CRITICAL - 2022-11-08 16:21:27 --> CodeIgniter\Database\BaseBuilder::limit(): Argument #1 ($value) must be of type ?int, string given, called in D:\xampp\htdocs\bp\system\Model.php on line 772
in SYSTEMPATH\Database\BaseBuilder.php on line 1460.
 1 SYSTEMPATH\Model.php(772): CodeIgniter\Database\BaseBuilder->limit('ROOTPATH\\public', 'ROOTPATH\\public')
 2 APPPATH\Models\TbmobilModel.php(27): CodeIgniter\Model->__call('limit', [...])
 3 APPPATH\Controllers\Tbcustomer.php(345): App\Models\TbmobilModel->tampilData('ROOTPATH\\public', 'ROOTPATH\\public', 'ROOTPATH\\public')
 4 SYSTEMPATH\CodeIgniter.php(904): App\Controllers\Tbcustomer->table_mobil_detail()
 5 SYSTEMPATH\CodeIgniter.php(457): CodeIgniter\CodeIgniter->runController(Object(App\Controllers\Tbcustomer))
 6 SYSTEMPATH\CodeIgniter.php(340): CodeIgniter\CodeIgniter->handleRequest(null, Object(Config\Cache), false)
 7 FCPATH\index.php(67): CodeIgniter\CodeIgniter->run()
 8 SYSTEMPATH\Commands\Server\rewrite.php(43): require_once('FCPATH\\index.php')
CRITICAL - 2022-11-08 16:22:49 --> CodeIgniter\Database\BaseBuilder::limit(): Argument #1 ($value) must be of type ?int, string given, called in D:\xampp\htdocs\bp\system\Model.php on line 772
in SYSTEMPATH\Database\BaseBuilder.php on line 1460.
 1 SYSTEMPATH\Model.php(772): CodeIgniter\Database\BaseBuilder->limit('ROOTPATH\\public', 'ROOTPATH\\public')
 2 APPPATH\Models\TbmobilModel.php(27): CodeIgniter\Model->__call('limit', [...])
 3 APPPATH\Controllers\Tbcustomer.php(345): App\Models\TbmobilModel->tampilData('ROOTPATH\\public', 'ROOTPATH\\public', 'ROOTPATH\\public')
 4 SYSTEMPATH\CodeIgniter.php(904): App\Controllers\Tbcustomer->table_mobil_detail()
 5 SYSTEMPATH\CodeIgniter.php(457): CodeIgniter\CodeIgniter->runController(Object(App\Controllers\Tbcustomer))
 6 SYSTEMPATH\CodeIgniter.php(340): CodeIgniter\CodeIgniter->handleRequest(null, Object(Config\Cache), false)
 7 FCPATH\index.php(67): CodeIgniter\CodeIgniter->run()
 8 SYSTEMPATH\Commands\Server\rewrite.php(43): require_once('FCPATH\\index.php')
CRITICAL - 2022-11-08 16:23:30 --> CodeIgniter\Database\BaseBuilder::limit(): Argument #1 ($value) must be of type ?int, string given, called in D:\xampp\htdocs\bp\system\Model.php on line 772
in SYSTEMPATH\Database\BaseBuilder.php on line 1460.
 1 SYSTEMPATH\Model.php(772): CodeIgniter\Database\BaseBuilder->limit('ROOTPATH\\public', 'ROOTPATH\\public')
 2 APPPATH\Models\TbmobilModel.php(27): CodeIgniter\Model->__call('limit', [...])
 3 APPPATH\Controllers\Tbcustomer.php(345): App\Models\TbmobilModel->tampilData('ROOTPATH\\public', 'ROOTPATH\\public', 'ROOTPATH\\public')
 4 SYSTEMPATH\CodeIgniter.php(904): App\Controllers\Tbcustomer->table_mobil_detail()
 5 SYSTEMPATH\CodeIgniter.php(457): CodeIgniter\CodeIgniter->runController(Object(App\Controllers\Tbcustomer))
 6 SYSTEMPATH\CodeIgniter.php(340): CodeIgniter\CodeIgniter->handleRequest(null, Object(Config\Cache), false)
 7 FCPATH\index.php(67): CodeIgniter\CodeIgniter->run()
 8 SYSTEMPATH\Commands\Server\rewrite.php(43): require_once('FCPATH\\index.php')
CRITICAL - 2022-11-08 16:26:15 --> CodeIgniter\Database\BaseBuilder::limit(): Argument #1 ($value) must be of type ?int, string given, called in D:\xampp\htdocs\bp\system\Model.php on line 772
in SYSTEMPATH\Database\BaseBuilder.php on line 1460.
 1 SYSTEMPATH\Model.php(772): CodeIgniter\Database\BaseBuilder->limit('ROOTPATH\\public', 'ROOTPATH\\public')
 2 APPPATH\Models\TbmobilModel.php(27): CodeIgniter\Model->__call('limit', [...])
 3 APPPATH\Controllers\Tbcustomer.php(345): App\Models\TbmobilModel->tampilData('ROOTPATH\\public', 'ROOTPATH\\public', 'ROOTPATH\\public')
 4 SYSTEMPATH\CodeIgniter.php(904): App\Controllers\Tbcustomer->table_mobil_detail()
 5 SYSTEMPATH\CodeIgniter.php(457): CodeIgniter\CodeIgniter->runController(Object(App\Controllers\Tbcustomer))
 6 SYSTEMPATH\CodeIgniter.php(340): CodeIgniter\CodeIgniter->handleRequest(null, Object(Config\Cache), false)
 7 FCPATH\index.php(67): CodeIgniter\CodeIgniter->run()
 8 SYSTEMPATH\Commands\Server\rewrite.php(43): require_once('FCPATH\\index.php')
CRITICAL - 2022-11-08 16:29:29 --> CodeIgniter\Database\BaseBuilder::limit(): Argument #1 ($value) must be of type ?int, string given, called in D:\xampp\htdocs\bp\system\Model.php on line 772
in SYSTEMPATH\Database\BaseBuilder.php on line 1460.
 1 SYSTEMPATH\Model.php(772): CodeIgniter\Database\BaseBuilder->limit('ROOTPATH\\public', 'ROOTPATH\\public')
 2 APPPATH\Models\TbmobilModel.php(27): CodeIgniter\Model->__call('limit', [...])
 3 APPPATH\Controllers\Tbcustomer.php(345): App\Models\TbmobilModel->tampilData('ROOTPATH\\public', 'ROOTPATH\\public', 'ROOTPATH\\public')
 4 SYSTEMPATH\CodeIgniter.php(904): App\Controllers\Tbcustomer->table_mobil_detail()
 5 SYSTEMPATH\CodeIgniter.php(457): CodeIgniter\CodeIgniter->runController(Object(App\Controllers\Tbcustomer))
 6 SYSTEMPATH\CodeIgniter.php(340): CodeIgniter\CodeIgniter->handleRequest(null, Object(Config\Cache), false)
 7 FCPATH\index.php(67): CodeIgniter\CodeIgniter->run()
 8 SYSTEMPATH\Commands\Server\rewrite.php(43): require_once('FCPATH\\index.php')
CRITICAL - 2022-11-08 16:30:18 --> CodeIgniter\Database\BaseBuilder::limit(): Argument #1 ($value) must be of type ?int, string given, called in D:\xampp\htdocs\bp\system\Model.php on line 772
in SYSTEMPATH\Database\BaseBuilder.php on line 1460.
 1 SYSTEMPATH\Model.php(772): CodeIgniter\Database\BaseBuilder->limit('ROOTPATH\\public', 'ROOTPATH\\public')
 2 APPPATH\Models\TbmobilModel.php(27): CodeIgniter\Model->__call('limit', [...])
 3 APPPATH\Controllers\Tbcustomer.php(345): App\Models\TbmobilModel->tampilData('ROOTPATH\\public', 'ROOTPATH\\public', 'ROOTPATH\\public')
 4 SYSTEMPATH\CodeIgniter.php(904): App\Controllers\Tbcustomer->table_mobil_detail()
 5 SYSTEMPATH\CodeIgniter.php(457): CodeIgniter\CodeIgniter->runController(Object(App\Controllers\Tbcustomer))
 6 SYSTEMPATH\CodeIgniter.php(340): CodeIgniter\CodeIgniter->handleRequest(null, Object(Config\Cache), false)
 7 FCPATH\index.php(67): CodeIgniter\CodeIgniter->run()
 8 SYSTEMPATH\Commands\Server\rewrite.php(43): require_once('FCPATH\\index.php')
CRITICAL - 2022-11-08 16:31:00 --> CodeIgniter\Database\BaseBuilder::limit(): Argument #1 ($value) must be of type ?int, string given, called in D:\xampp\htdocs\bp\system\Model.php on line 772
in SYSTEMPATH\Database\BaseBuilder.php on line 1460.
 1 SYSTEMPATH\Model.php(772): CodeIgniter\Database\BaseBuilder->limit('ROOTPATH\\public', 'ROOTPATH\\public')
 2 APPPATH\Models\TbmobilModel.php(27): CodeIgniter\Model->__call('limit', [...])
 3 APPPATH\Controllers\Tbcustomer.php(345): App\Models\TbmobilModel->tampilData('ROOTPATH\\public', 'ROOTPATH\\public', 'ROOTPATH\\public')
 4 SYSTEMPATH\CodeIgniter.php(904): App\Controllers\Tbcustomer->table_mobil_detail()
 5 SYSTEMPATH\CodeIgniter.php(457): CodeIgniter\CodeIgniter->runController(Object(App\Controllers\Tbcustomer))
 6 SYSTEMPATH\CodeIgniter.php(340): CodeIgniter\CodeIgniter->handleRequest(null, Object(Config\Cache), false)
 7 FCPATH\index.php(67): CodeIgniter\CodeIgniter->run()
 8 SYSTEMPATH\Commands\Server\rewrite.php(43): require_once('FCPATH\\index.php')
CRITICAL - 2022-11-08 16:38:08 --> CodeIgniter\Database\BaseBuilder::limit(): Argument #1 ($value) must be of type ?int, string given, called in D:\xampp\htdocs\bp\system\Model.php on line 772
in SYSTEMPATH\Database\BaseBuilder.php on line 1460.
 1 SYSTEMPATH\Model.php(772): CodeIgniter\Database\BaseBuilder->limit('ROOTPATH\\public', 'ROOTPATH\\public')
 2 APPPATH\Models\TbmobilModel.php(27): CodeIgniter\Model->__call('limit', [...])
 3 APPPATH\Controllers\Tbcustomer.php(345): App\Models\TbmobilModel->tampilData('ROOTPATH\\public', 'ROOTPATH\\public', 'ROOTPATH\\public')
 4 SYSTEMPATH\CodeIgniter.php(904): App\Controllers\Tbcustomer->table_mobil_detail()
 5 SYSTEMPATH\CodeIgniter.php(457): CodeIgniter\CodeIgniter->runController(Object(App\Controllers\Tbcustomer))
 6 SYSTEMPATH\CodeIgniter.php(340): CodeIgniter\CodeIgniter->handleRequest(null, Object(Config\Cache), false)
 7 FCPATH\index.php(67): CodeIgniter\CodeIgniter->run()
 8 SYSTEMPATH\Commands\Server\rewrite.php(43): require_once('FCPATH\\index.php')
CRITICAL - 2022-11-08 16:38:27 --> CodeIgniter\Database\BaseBuilder::limit(): Argument #1 ($value) must be of type ?int, string given, called in D:\xampp\htdocs\bp\system\Model.php on line 772
in SYSTEMPATH\Database\BaseBuilder.php on line 1460.
 1 SYSTEMPATH\Model.php(772): CodeIgniter\Database\BaseBuilder->limit('ROOTPATH\\public', 'ROOTPATH\\public')
 2 APPPATH\Models\TbmobilModel.php(27): CodeIgniter\Model->__call('limit', [...])
 3 APPPATH\Controllers\Tbcustomer.php(345): App\Models\TbmobilModel->tampilData('ROOTPATH\\public', 'ROOTPATH\\public', 'ROOTPATH\\public')
 4 SYSTEMPATH\CodeIgniter.php(904): App\Controllers\Tbcustomer->table_mobil_detail()
 5 SYSTEMPATH\CodeIgniter.php(457): CodeIgniter\CodeIgniter->runController(Object(App\Controllers\Tbcustomer))
 6 SYSTEMPATH\CodeIgniter.php(340): CodeIgniter\CodeIgniter->handleRequest(null, Object(Config\Cache), false)
 7 FCPATH\index.php(67): CodeIgniter\CodeIgniter->run()
 8 SYSTEMPATH\Commands\Server\rewrite.php(43): require_once('FCPATH\\index.php')
CRITICAL - 2022-11-08 16:38:48 --> CodeIgniter\Database\BaseBuilder::limit(): Argument #1 ($value) must be of type ?int, string given, called in D:\xampp\htdocs\bp\system\Model.php on line 772
in SYSTEMPATH\Database\BaseBuilder.php on line 1460.
 1 SYSTEMPATH\Model.php(772): CodeIgniter\Database\BaseBuilder->limit('ROOTPATH\\public', 'ROOTPATH\\public')
 2 APPPATH\Models\TbmobilModel.php(27): CodeIgniter\Model->__call('limit', [...])
 3 APPPATH\Controllers\Tbcustomer.php(345): App\Models\TbmobilModel->tampilData('ROOTPATH\\public', 'ROOTPATH\\public', 'ROOTPATH\\public')
 4 SYSTEMPATH\CodeIgniter.php(904): App\Controllers\Tbcustomer->table_mobil_detail()
 5 SYSTEMPATH\CodeIgniter.php(457): CodeIgniter\CodeIgniter->runController(Object(App\Controllers\Tbcustomer))
 6 SYSTEMPATH\CodeIgniter.php(340): CodeIgniter\CodeIgniter->handleRequest(null, Object(Config\Cache), false)
 7 FCPATH\index.php(67): CodeIgniter\CodeIgniter->run()
 8 SYSTEMPATH\Commands\Server\rewrite.php(43): require_once('FCPATH\\index.php')
CRITICAL - 2022-11-08 16:39:39 --> CodeIgniter\Database\BaseBuilder::limit(): Argument #1 ($value) must be of type ?int, string given, called in D:\xampp\htdocs\bp\system\Model.php on line 772
in SYSTEMPATH\Database\BaseBuilder.php on line 1460.
 1 SYSTEMPATH\Model.php(772): CodeIgniter\Database\BaseBuilder->limit('ROOTPATH\\public', 'ROOTPATH\\public')
 2 APPPATH\Models\TbmobilModel.php(27): CodeIgniter\Model->__call('limit', [...])
 3 APPPATH\Controllers\Tbcustomer.php(345): App\Models\TbmobilModel->tampilData('ROOTPATH\\public', 'ROOTPATH\\public', 'ROOTPATH\\public')
 4 SYSTEMPATH\CodeIgniter.php(904): App\Controllers\Tbcustomer->table_mobil_detail()
 5 SYSTEMPATH\CodeIgniter.php(457): CodeIgniter\CodeIgniter->runController(Object(App\Controllers\Tbcustomer))
 6 SYSTEMPATH\CodeIgniter.php(340): CodeIgniter\CodeIgniter->handleRequest(null, Object(Config\Cache), false)
 7 FCPATH\index.php(67): CodeIgniter\CodeIgniter->run()
 8 SYSTEMPATH\Commands\Server\rewrite.php(43): require_once('FCPATH\\index.php')
CRITICAL - 2022-11-08 16:43:38 --> CodeIgniter\Database\BaseBuilder::limit(): Argument #1 ($value) must be of type ?int, string given, called in D:\xampp\htdocs\bp\system\Model.php on line 772
in SYSTEMPATH\Database\BaseBuilder.php on line 1460.
 1 SYSTEMPATH\Model.php(772): CodeIgniter\Database\BaseBuilder->limit('ROOTPATH\\public', 'ROOTPATH\\public')
 2 APPPATH\Models\TbmobilModel.php(27): CodeIgniter\Model->__call('limit', [...])
 3 APPPATH\Controllers\Tbcustomer.php(345): App\Models\TbmobilModel->tampilData('ROOTPATH\\public', 'ROOTPATH\\public', 'ROOTPATH\\public')
 4 SYSTEMPATH\CodeIgniter.php(904): App\Controllers\Tbcustomer->table_mobil_detail()
 5 SYSTEMPATH\CodeIgniter.php(457): CodeIgniter\CodeIgniter->runController(Object(App\Controllers\Tbcustomer))
 6 SYSTEMPATH\CodeIgniter.php(340): CodeIgniter\CodeIgniter->handleRequest(null, Object(Config\Cache), false)
 7 FCPATH\index.php(67): CodeIgniter\CodeIgniter->run()
 8 SYSTEMPATH\Commands\Server\rewrite.php(43): require_once('FCPATH\\index.php')
CRITICAL - 2022-11-08 16:46:12 --> CodeIgniter\Database\BaseBuilder::limit(): Argument #1 ($value) must be of type ?int, string given, called in D:\xampp\htdocs\bp\system\Model.php on line 772
in SYSTEMPATH\Database\BaseBuilder.php on line 1460.
 1 SYSTEMPATH\Model.php(772): CodeIgniter\Database\BaseBuilder->limit('ROOTPATH\\public', 'ROOTPATH\\public')
 2 APPPATH\Models\TbmobilModel.php(27): CodeIgniter\Model->__call('limit', [...])
 3 APPPATH\Controllers\Tbcustomer.php(345): App\Models\TbmobilModel->tampilData('ROOTPATH\\public', 'ROOTPATH\\public', 'ROOTPATH\\public')
 4 SYSTEMPATH\CodeIgniter.php(904): App\Controllers\Tbcustomer->table_mobil_detail()
 5 SYSTEMPATH\CodeIgniter.php(457): CodeIgniter\CodeIgniter->runController(Object(App\Controllers\Tbcustomer))
 6 SYSTEMPATH\CodeIgniter.php(340): CodeIgniter\CodeIgniter->handleRequest(null, Object(Config\Cache), false)
 7 FCPATH\index.php(67): CodeIgniter\CodeIgniter->run()
 8 SYSTEMPATH\Commands\Server\rewrite.php(43): require_once('FCPATH\\index.php')
CRITICAL - 2022-11-08 16:46:28 --> CodeIgniter\Database\BaseBuilder::limit(): Argument #1 ($value) must be of type ?int, string given, called in D:\xampp\htdocs\bp\system\Model.php on line 772
in SYSTEMPATH\Database\BaseBuilder.php on line 1460.
 1 SYSTEMPATH\Model.php(772): CodeIgniter\Database\BaseBuilder->limit('ROOTPATH\\public', 'ROOTPATH\\public')
 2 APPPATH\Models\TbmobilModel.php(27): CodeIgniter\Model->__call('limit', [...])
 3 APPPATH\Controllers\Tbcustomer.php(345): App\Models\TbmobilModel->tampilData('ROOTPATH\\public', 'ROOTPATH\\public', 'ROOTPATH\\public')
 4 SYSTEMPATH\CodeIgniter.php(904): App\Controllers\Tbcustomer->table_mobil_detail()
 5 SYSTEMPATH\CodeIgniter.php(457): CodeIgniter\CodeIgniter->runController(Object(App\Controllers\Tbcustomer))
 6 SYSTEMPATH\CodeIgniter.php(340): CodeIgniter\CodeIgniter->handleRequest(null, Object(Config\Cache), false)
 7 FCPATH\index.php(67): CodeIgniter\CodeIgniter->run()
 8 SYSTEMPATH\Commands\Server\rewrite.php(43): require_once('FCPATH\\index.php')
CRITICAL - 2022-11-08 16:49:27 --> CodeIgniter\Database\BaseBuilder::limit(): Argument #1 ($value) must be of type ?int, string given, called in D:\xampp\htdocs\bp\system\Model.php on line 772
in SYSTEMPATH\Database\BaseBuilder.php on line 1460.
 1 SYSTEMPATH\Model.php(772): CodeIgniter\Database\BaseBuilder->limit('ROOTPATH\\public', 'ROOTPATH\\public')
 2 APPPATH\Models\TbmobilModel.php(27): CodeIgniter\Model->__call('limit', [...])
 3 APPPATH\Controllers\Tbcustomer.php(345): App\Models\TbmobilModel->tampilData('ROOTPATH\\public', 'ROOTPATH\\public', 'ROOTPATH\\public')
 4 SYSTEMPATH\CodeIgniter.php(904): App\Controllers\Tbcustomer->table_mobil_detail()
 5 SYSTEMPATH\CodeIgniter.php(457): CodeIgniter\CodeIgniter->runController(Object(App\Controllers\Tbcustomer))
 6 SYSTEMPATH\CodeIgniter.php(340): CodeIgniter\CodeIgniter->handleRequest(null, Object(Config\Cache), false)
 7 FCPATH\index.php(67): CodeIgniter\CodeIgniter->run()
 8 SYSTEMPATH\Commands\Server\rewrite.php(43): require_once('FCPATH\\index.php')
CRITICAL - 2022-11-08 18:04:08 --> Undefined array key "kode"
in APPPATH\Views\tbcustomer\detailmobil.php on line 8.
 1 APPPATH\Views\tbcustomer\detailmobil.php(8): CodeIgniter\Debug\Exceptions->errorHandler(2, 'Undefined array key "kode"', 'APPPATH\\Views\\tbcustomer\\detailmobil.php', 8)
 2 SYSTEMPATH\View\View.php(213): include('APPPATH\\Views\\tbcustomer\\detailmobil.php')
 3 SYSTEMPATH\View\View.php(216): CodeIgniter\View\View->CodeIgniter\View\{closure}()
 4 SYSTEMPATH\Common.php(1142): CodeIgniter\View\View->render('tbcustomer/detailmobil', [], true)
 5 APPPATH\Controllers\Tbcustomer.php(338): view('tbcustomer/detailmobil', [...])
 6 SYSTEMPATH\CodeIgniter.php(904): App\Controllers\Tbcustomer->table_mobil_detail('2052')
 7 SYSTEMPATH\CodeIgniter.php(457): CodeIgniter\CodeIgniter->runController(Object(App\Controllers\Tbcustomer))
 8 SYSTEMPATH\CodeIgniter.php(340): CodeIgniter\CodeIgniter->handleRequest(null, Object(Config\Cache), false)
 9 FCPATH\index.php(67): CodeIgniter\CodeIgniter->run()
10 SYSTEMPATH\Commands\Server\rewrite.php(43): require_once('FCPATH\\index.php')
CRITICAL - 2022-11-08 18:30:10 --> Undefined array key "kode"
in APPPATH\Views\tbcustomer\detailmobil.php on line 8.
 1 APPPATH\Views\tbcustomer\detailmobil.php(8): CodeIgniter\Debug\Exceptions->errorHandler(2, 'Undefined array key "kode"', 'APPPATH\\Views\\tbcustomer\\detailmobil.php', 8)
 2 SYSTEMPATH\View\View.php(213): include('APPPATH\\Views\\tbcustomer\\detailmobil.php')
 3 SYSTEMPATH\View\View.php(216): CodeIgniter\View\View->CodeIgniter\View\{closure}()
 4 SYSTEMPATH\Common.php(1142): CodeIgniter\View\View->render('tbcustomer/detailmobil', [], true)
 5 APPPATH\Controllers\Tbcustomer.php(338): view('tbcustomer/detailmobil', [...])
 6 SYSTEMPATH\CodeIgniter.php(904): App\Controllers\Tbcustomer->table_mobil_detail('2052')
 7 SYSTEMPATH\CodeIgniter.php(457): CodeIgniter\CodeIgniter->runController(Object(App\Controllers\Tbcustomer))
 8 SYSTEMPATH\CodeIgniter.php(340): CodeIgniter\CodeIgniter->handleRequest(null, Object(Config\Cache), false)
 9 FCPATH\index.php(67): CodeIgniter\CodeIgniter->run()
10 SYSTEMPATH\Commands\Server\rewrite.php(43): require_once('FCPATH\\index.php')
CRITICAL - 2022-11-08 18:30:36 --> Undefined array key "kode"
in APPPATH\Views\tbcustomer\detailmobil.php on line 8.
 1 APPPATH\Views\tbcustomer\detailmobil.php(8): CodeIgniter\Debug\Exceptions->errorHandler(2, 'Undefined array key "kode"', 'APPPATH\\Views\\tbcustomer\\detailmobil.php', 8)
 2 SYSTEMPATH\View\View.php(213): include('APPPATH\\Views\\tbcustomer\\detailmobil.php')
 3 SYSTEMPATH\View\View.php(216): CodeIgniter\View\View->CodeIgniter\View\{closure}()
 4 SYSTEMPATH\Common.php(1142): CodeIgniter\View\View->render('tbcustomer/detailmobil', [], true)
 5 APPPATH\Controllers\Tbcustomer.php(338): view('tbcustomer/detailmobil', [...])
 6 SYSTEMPATH\CodeIgniter.php(904): App\Controllers\Tbcustomer->table_mobil_detail('2052')
 7 SYSTEMPATH\CodeIgniter.php(457): CodeIgniter\CodeIgniter->runController(Object(App\Controllers\Tbcustomer))
 8 SYSTEMPATH\CodeIgniter.php(340): CodeIgniter\CodeIgniter->handleRequest(null, Object(Config\Cache), false)
 9 FCPATH\index.php(67): CodeIgniter\CodeIgniter->run()
10 SYSTEMPATH\Commands\Server\rewrite.php(43): require_once('FCPATH\\index.php')
CRITICAL - 2022-11-08 18:30:58 --> Undefined array key "kode"
in APPPATH\Views\tbcustomer\detailmobil.php on line 8.
 1 APPPATH\Views\tbcustomer\detailmobil.php(8): CodeIgniter\Debug\Exceptions->errorHandler(2, 'Undefined array key "kode"', 'APPPATH\\Views\\tbcustomer\\detailmobil.php', 8)
 2 SYSTEMPATH\View\View.php(213): include('APPPATH\\Views\\tbcustomer\\detailmobil.php')
 3 SYSTEMPATH\View\View.php(216): CodeIgniter\View\View->CodeIgniter\View\{closure}()
 4 SYSTEMPATH\Common.php(1142): CodeIgniter\View\View->render('tbcustomer/detailmobil', [], true)
 5 APPPATH\Controllers\Tbcustomer.php(338): view('tbcustomer/detailmobil', [...])
 6 SYSTEMPATH\CodeIgniter.php(904): App\Controllers\Tbcustomer->table_mobil_detail('2052')
 7 SYSTEMPATH\CodeIgniter.php(457): CodeIgniter\CodeIgniter->runController(Object(App\Controllers\Tbcustomer))
 8 SYSTEMPATH\CodeIgniter.php(340): CodeIgniter\CodeIgniter->handleRequest(null, Object(Config\Cache), false)
 9 FCPATH\index.php(67): CodeIgniter\CodeIgniter->run()
10 SYSTEMPATH\Commands\Server\rewrite.php(43): require_once('FCPATH\\index.php')
CRITICAL - 2022-11-08 18:31:09 --> Undefined array key "kode"
in APPPATH\Views\tbcustomer\detailmobil.php on line 8.
 1 APPPATH\Views\tbcustomer\detailmobil.php(8): CodeIgniter\Debug\Exceptions->errorHandler(2, 'Undefined array key "kode"', 'APPPATH\\Views\\tbcustomer\\detailmobil.php', 8)
 2 SYSTEMPATH\View\View.php(213): include('APPPATH\\Views\\tbcustomer\\detailmobil.php')
 3 SYSTEMPATH\View\View.php(216): CodeIgniter\View\View->CodeIgniter\View\{closure}()
 4 SYSTEMPATH\Common.php(1142): CodeIgniter\View\View->render('tbcustomer/detailmobil', [], true)
 5 APPPATH\Controllers\Tbcustomer.php(338): view('tbcustomer/detailmobil', [...])
 6 SYSTEMPATH\CodeIgniter.php(904): App\Controllers\Tbcustomer->table_mobil_detail('2052')
 7 SYSTEMPATH\CodeIgniter.php(457): CodeIgniter\CodeIgniter->runController(Object(App\Controllers\Tbcustomer))
 8 SYSTEMPATH\CodeIgniter.php(340): CodeIgniter\CodeIgniter->handleRequest(null, Object(Config\Cache), false)
 9 FCPATH\index.php(67): CodeIgniter\CodeIgniter->run()
10 SYSTEMPATH\Commands\Server\rewrite.php(43): require_once('FCPATH\\index.php')
CRITICAL - 2022-11-08 18:32:16 --> Undefined array key "kode"
in APPPATH\Views\tbcustomer\detailmobil.php on line 8.
 1 APPPATH\Views\tbcustomer\detailmobil.php(8): CodeIgniter\Debug\Exceptions->errorHandler(2, 'Undefined array key "kode"', 'APPPATH\\Views\\tbcustomer\\detailmobil.php', 8)
 2 SYSTEMPATH\View\View.php(213): include('APPPATH\\Views\\tbcustomer\\detailmobil.php')
 3 SYSTEMPATH\View\View.php(216): CodeIgniter\View\View->CodeIgniter\View\{closure}()
 4 SYSTEMPATH\Common.php(1142): CodeIgniter\View\View->render('tbcustomer/detailmobil', [], true)
 5 APPPATH\Controllers\Tbcustomer.php(350): view('tbcustomer/detailmobil', [...])
 6 SYSTEMPATH\CodeIgniter.php(904): App\Controllers\Tbcustomer->table_mobil_detail('2052')
 7 SYSTEMPATH\CodeIgniter.php(457): CodeIgniter\CodeIgniter->runController(Object(App\Controllers\Tbcustomer))
 8 SYSTEMPATH\CodeIgniter.php(340): CodeIgniter\CodeIgniter->handleRequest(null, Object(Config\Cache), false)
 9 FCPATH\index.php(67): CodeIgniter\CodeIgniter->run()
10 SYSTEMPATH\Commands\Server\rewrite.php(43): require_once('FCPATH\\index.php')
CRITICAL - 2022-11-08 18:54:19 --> Trying to access array offset on value of type null
in APPPATH\Views\tbcustomer\detailmobil.php on line 8.
 1 APPPATH\Views\tbcustomer\detailmobil.php(8): CodeIgniter\Debug\Exceptions->errorHandler(2, 'Trying to access array offset on value of type null', 'APPPATH\\Views\\tbcustomer\\detailmobil.php', 8)
 2 SYSTEMPATH\View\View.php(213): include('APPPATH\\Views\\tbcustomer\\detailmobil.php')
 3 SYSTEMPATH\View\View.php(216): CodeIgniter\View\View->CodeIgniter\View\{closure}()
 4 SYSTEMPATH\Common.php(1142): CodeIgniter\View\View->render('tbcustomer/detailmobil', [], true)
 5 APPPATH\Controllers\Tbcustomer.php(339): view('tbcustomer/detailmobil', [...])
 6 SYSTEMPATH\CodeIgniter.php(904): App\Controllers\Tbcustomer->table_mobil_detail('undefined')
 7 SYSTEMPATH\CodeIgniter.php(457): CodeIgniter\CodeIgniter->runController(Object(App\Controllers\Tbcustomer))
 8 SYSTEMPATH\CodeIgniter.php(340): CodeIgniter\CodeIgniter->handleRequest(null, Object(Config\Cache), false)
 9 FCPATH\index.php(67): CodeIgniter\CodeIgniter->run()
10 SYSTEMPATH\Commands\Server\rewrite.php(43): require_once('FCPATH\\index.php')
CRITICAL - 2022-11-08 18:55:11 --> Trying to access array offset on value of type null
in APPPATH\Views\tbcustomer\detailmobil.php on line 8.
 1 APPPATH\Views\tbcustomer\detailmobil.php(8): CodeIgniter\Debug\Exceptions->errorHandler(2, 'Trying to access array offset on value of type null', 'APPPATH\\Views\\tbcustomer\\detailmobil.php', 8)
 2 SYSTEMPATH\View\View.php(213): include('APPPATH\\Views\\tbcustomer\\detailmobil.php')
 3 SYSTEMPATH\View\View.php(216): CodeIgniter\View\View->CodeIgniter\View\{closure}()
 4 SYSTEMPATH\Common.php(1142): CodeIgniter\View\View->render('tbcustomer/detailmobil', [], true)
 5 APPPATH\Controllers\Tbcustomer.php(339): view('tbcustomer/detailmobil', [...])
 6 SYSTEMPATH\CodeIgniter.php(904): App\Controllers\Tbcustomer->table_mobil_detail('B123')
 7 SYSTEMPATH\CodeIgniter.php(457): CodeIgniter\CodeIgniter->runController(Object(App\Controllers\Tbcustomer))
 8 SYSTEMPATH\CodeIgniter.php(340): CodeIgniter\CodeIgniter->handleRequest(null, Object(Config\Cache), false)
 9 FCPATH\index.php(67): CodeIgniter\CodeIgniter->run()
10 SYSTEMPATH\Commands\Server\rewrite.php(43): require_once('FCPATH\\index.php')
