CRITICAL - 2023-03-01 03:26:58 --> Class "App\Models\EstimasioplModel" not found
in APPPATH\Controllers\Estimasi.php on line 33.
 1 SYSTEMPATH\CodeIgniter.php(866): App\Controllers\Estimasi->__construct()
 2 SYSTEMPATH\CodeIgniter.php(448): CodeIgniter\CodeIgniter->createController()
 3 SYSTEMPATH\CodeIgniter.php(340): CodeIgniter\CodeIgniter->handleRequest(null, Object(Config\Cache), false)
 4 FCPATH\index.php(67): CodeIgniter\CodeIgniter->run()
 5 SYSTEMPATH\Commands\Server\rewrite.php(43): require_once('FCPATH\\index.php')
CRITICAL - 2023-03-01 16:27:42 --> foreach() argument must be of type array|object, null given
in APPPATH\Views\estimasi\summary.php on line 18.
 1 APPPATH\Views\estimasi\summary.php(18): CodeIgniter\Debug\Exceptions->errorHandler(2, 'foreach() argument must be of type array|object, null given', 'APPPATH\\Views\\estimasi\\summary.php', 18)
 2 SYSTEMPATH\View\View.php(213): include('APPPATH\\Views\\estimasi\\summary.php')
 3 SYSTEMPATH\View\View.php(216): CodeIgniter\View\View->CodeIgniter\View\{closure}()
 4 SYSTEMPATH\Common.php(1142): CodeIgniter\View\View->render('estimasi/summary', [], true)
 5 APPPATH\Controllers\Estimasi.php(1141): view('estimasi/summary', [...])
 6 SYSTEMPATH\CodeIgniter.php(904): App\Controllers\Estimasi->summary()
 7 SYSTEMPATH\CodeIgniter.php(457): CodeIgniter\CodeIgniter->runController(Object(App\Controllers\Estimasi))
 8 SYSTEMPATH\CodeIgniter.php(340): CodeIgniter\CodeIgniter->handleRequest(null, Object(Config\Cache), false)
 9 FCPATH\index.php(67): CodeIgniter\CodeIgniter->run()
10 SYSTEMPATH\Commands\Server\rewrite.php(43): require_once('FCPATH\\index.php')
CRITICAL - 2023-03-01 16:31:49 --> Invalid file: estimasi/modalcariopl.php
in SYSTEMPATH\Exceptions\FrameworkException.php on line 33.
 1 SYSTEMPATH\View\View.php(201): CodeIgniter\Exceptions\FrameworkException::forInvalidFile('estimasi/modalcariopl.php')
 2 SYSTEMPATH\Common.php(1142): CodeIgniter\View\View->render('estimasi/modalcariopl', [], true)
 3 APPPATH\Controllers\Estimasi.php(805): view('estimasi/modalcariopl', [...])
 4 SYSTEMPATH\CodeIgniter.php(904): App\Controllers\Estimasi->caridataopl()
 5 SYSTEMPATH\CodeIgniter.php(457): CodeIgniter\CodeIgniter->runController(Object(App\Controllers\Estimasi))
 6 SYSTEMPATH\CodeIgniter.php(340): CodeIgniter\CodeIgniter->handleRequest(null, Object(Config\Cache), false)
 7 FCPATH\index.php(67): CodeIgniter\CodeIgniter->run()
 8 SYSTEMPATH\Commands\Server\rewrite.php(43): require_once('FCPATH\\index.php')
CRITICAL - 2023-03-01 16:32:40 --> Undefined array key "stock"
in APPPATH\Views\estimasi\modalcariopl.php on line 32.
 1 APPPATH\Views\estimasi\modalcariopl.php(32): CodeIgniter\Debug\Exceptions->errorHandler(2, 'Undefined array key "stock"', 'APPPATH\\Views\\estimasi\\modalcariopl.php', 32)
 2 SYSTEMPATH\View\View.php(213): include('APPPATH\\Views\\estimasi\\modalcariopl.php')
 3 SYSTEMPATH\View\View.php(216): CodeIgniter\View\View->CodeIgniter\View\{closure}()
 4 SYSTEMPATH\Common.php(1142): CodeIgniter\View\View->render('estimasi/modalcariopl', [], true)
 5 APPPATH\Controllers\Estimasi.php(805): view('estimasi/modalcariopl', [...])
 6 SYSTEMPATH\CodeIgniter.php(904): App\Controllers\Estimasi->caridataopl()
 7 SYSTEMPATH\CodeIgniter.php(457): CodeIgniter\CodeIgniter->runController(Object(App\Controllers\Estimasi))
 8 SYSTEMPATH\CodeIgniter.php(340): CodeIgniter\CodeIgniter->handleRequest(null, Object(Config\Cache), false)
 9 FCPATH\index.php(67): CodeIgniter\CodeIgniter->run()
10 SYSTEMPATH\Commands\Server\rewrite.php(43): require_once('FCPATH\\index.php')
CRITICAL - 2023-03-01 16:33:43 --> Undefined array key "stock"
in APPPATH\Views\estimasi\modalcariopl.php on line 32.
 1 APPPATH\Views\estimasi\modalcariopl.php(32): CodeIgniter\Debug\Exceptions->errorHandler(2, 'Undefined array key "stock"', 'APPPATH\\Views\\estimasi\\modalcariopl.php', 32)
 2 SYSTEMPATH\View\View.php(213): include('APPPATH\\Views\\estimasi\\modalcariopl.php')
 3 SYSTEMPATH\View\View.php(216): CodeIgniter\View\View->CodeIgniter\View\{closure}()
 4 SYSTEMPATH\Common.php(1142): CodeIgniter\View\View->render('estimasi/modalcariopl', [], true)
 5 APPPATH\Controllers\Estimasi.php(806): view('estimasi/modalcariopl', [...])
 6 SYSTEMPATH\CodeIgniter.php(904): App\Controllers\Estimasi->caridataopl()
 7 SYSTEMPATH\CodeIgniter.php(457): CodeIgniter\CodeIgniter->runController(Object(App\Controllers\Estimasi))
 8 SYSTEMPATH\CodeIgniter.php(340): CodeIgniter\CodeIgniter->handleRequest(null, Object(Config\Cache), false)
 9 FCPATH\index.php(67): CodeIgniter\CodeIgniter->run()
10 SYSTEMPATH\Commands\Server\rewrite.php(43): require_once('FCPATH\\index.php')
CRITICAL - 2023-03-01 16:34:26 --> Undefined array key "stock"
in APPPATH\Views\estimasi\modalcariopl.php on line 32.
 1 APPPATH\Views\estimasi\modalcariopl.php(32): CodeIgniter\Debug\Exceptions->errorHandler(2, 'Undefined array key "stock"', 'APPPATH\\Views\\estimasi\\modalcariopl.php', 32)
 2 SYSTEMPATH\View\View.php(213): include('APPPATH\\Views\\estimasi\\modalcariopl.php')
 3 SYSTEMPATH\View\View.php(216): CodeIgniter\View\View->CodeIgniter\View\{closure}()
 4 SYSTEMPATH\Common.php(1142): CodeIgniter\View\View->render('estimasi/modalcariopl', [], true)
 5 APPPATH\Controllers\Estimasi.php(806): view('estimasi/modalcariopl', [...])
 6 SYSTEMPATH\CodeIgniter.php(904): App\Controllers\Estimasi->caridataopl()
 7 SYSTEMPATH\CodeIgniter.php(457): CodeIgniter\CodeIgniter->runController(Object(App\Controllers\Estimasi))
 8 SYSTEMPATH\CodeIgniter.php(340): CodeIgniter\CodeIgniter->handleRequest(null, Object(Config\Cache), false)
 9 FCPATH\index.php(67): CodeIgniter\CodeIgniter->run()
10 SYSTEMPATH\Commands\Server\rewrite.php(43): require_once('FCPATH\\index.php')
CRITICAL - 2023-03-01 16:34:36 --> Undefined array key "stock"
in APPPATH\Views\estimasi\modalcariopl.php on line 32.
 1 APPPATH\Views\estimasi\modalcariopl.php(32): CodeIgniter\Debug\Exceptions->errorHandler(2, 'Undefined array key "stock"', 'APPPATH\\Views\\estimasi\\modalcariopl.php', 32)
 2 SYSTEMPATH\View\View.php(213): include('APPPATH\\Views\\estimasi\\modalcariopl.php')
 3 SYSTEMPATH\View\View.php(216): CodeIgniter\View\View->CodeIgniter\View\{closure}()
 4 SYSTEMPATH\Common.php(1142): CodeIgniter\View\View->render('estimasi/modalcariopl', [], true)
 5 APPPATH\Controllers\Estimasi.php(806): view('estimasi/modalcariopl', [...])
 6 SYSTEMPATH\CodeIgniter.php(904): App\Controllers\Estimasi->caridataopl()
 7 SYSTEMPATH\CodeIgniter.php(457): CodeIgniter\CodeIgniter->runController(Object(App\Controllers\Estimasi))
 8 SYSTEMPATH\CodeIgniter.php(340): CodeIgniter\CodeIgniter->handleRequest(null, Object(Config\Cache), false)
 9 FCPATH\index.php(67): CodeIgniter\CodeIgniter->run()
10 SYSTEMPATH\Commands\Server\rewrite.php(43): require_once('FCPATH\\index.php')
CRITICAL - 2023-03-01 16:34:44 --> Undefined array key "stock"
in APPPATH\Views\estimasi\modalcariopl.php on line 32.
 1 APPPATH\Views\estimasi\modalcariopl.php(32): CodeIgniter\Debug\Exceptions->errorHandler(2, 'Undefined array key "stock"', 'APPPATH\\Views\\estimasi\\modalcariopl.php', 32)
 2 SYSTEMPATH\View\View.php(213): include('APPPATH\\Views\\estimasi\\modalcariopl.php')
 3 SYSTEMPATH\View\View.php(216): CodeIgniter\View\View->CodeIgniter\View\{closure}()
 4 SYSTEMPATH\Common.php(1142): CodeIgniter\View\View->render('estimasi/modalcariopl', [], true)
 5 APPPATH\Controllers\Estimasi.php(806): view('estimasi/modalcariopl', [...])
 6 SYSTEMPATH\CodeIgniter.php(904): App\Controllers\Estimasi->caridataopl()
 7 SYSTEMPATH\CodeIgniter.php(457): CodeIgniter\CodeIgniter->runController(Object(App\Controllers\Estimasi))
 8 SYSTEMPATH\CodeIgniter.php(340): CodeIgniter\CodeIgniter->handleRequest(null, Object(Config\Cache), false)
 9 FCPATH\index.php(67): CodeIgniter\CodeIgniter->run()
10 SYSTEMPATH\Commands\Server\rewrite.php(43): require_once('FCPATH\\index.php')
CRITICAL - 2023-03-01 17:03:21 --> Undefined variable $estimasi_opl
in APPPATH\Views\estimasi\tbl_estimasi_jasa.php on line 21.
 1 APPPATH\Views\estimasi\tbl_estimasi_jasa.php(21): CodeIgniter\Debug\Exceptions->errorHandler(2, 'Undefined variable $estimasi_opl', 'APPPATH\\Views\\estimasi\\tbl_estimasi_jasa.php', 21)
 2 SYSTEMPATH\View\View.php(213): include('APPPATH\\Views\\estimasi\\tbl_estimasi_jasa.php')
 3 SYSTEMPATH\View\View.php(216): CodeIgniter\View\View->CodeIgniter\View\{closure}()
 4 SYSTEMPATH\Common.php(1142): CodeIgniter\View\View->render('estimasi/tbl_estimasi_jasa', [], true)
 5 APPPATH\Controllers\Estimasi.php(1062): view('estimasi/tbl_estimasi_jasa', [...])
 6 SYSTEMPATH\CodeIgniter.php(904): App\Controllers\Estimasi->table_estimasi_jasa()
 7 SYSTEMPATH\CodeIgniter.php(457): CodeIgniter\CodeIgniter->runController(Object(App\Controllers\Estimasi))
 8 SYSTEMPATH\CodeIgniter.php(340): CodeIgniter\CodeIgniter->handleRequest(null, Object(Config\Cache), false)
 9 FCPATH\index.php(67): CodeIgniter\CodeIgniter->run()
10 SYSTEMPATH\Commands\Server\rewrite.php(43): require_once('FCPATH\\index.php')
CRITICAL - 2023-03-01 17:07:50 --> Invalid file: estimasi/modalcarijasa.php
in SYSTEMPATH\Exceptions\FrameworkException.php on line 33.
 1 SYSTEMPATH\View\View.php(201): CodeIgniter\Exceptions\FrameworkException::forInvalidFile('estimasi/modalcarijasa.php')
 2 SYSTEMPATH\Common.php(1142): CodeIgniter\View\View->render('estimasi/modalcarijasa', [], true)
 3 APPPATH\Controllers\Estimasi.php(827): view('estimasi/modalcarijasa', [...])
 4 SYSTEMPATH\CodeIgniter.php(904): App\Controllers\Estimasi->caridatajasa()
 5 SYSTEMPATH\CodeIgniter.php(457): CodeIgniter\CodeIgniter->runController(Object(App\Controllers\Estimasi))
 6 SYSTEMPATH\CodeIgniter.php(340): CodeIgniter\CodeIgniter->handleRequest(null, Object(Config\Cache), false)
 7 FCPATH\index.php(67): CodeIgniter\CodeIgniter->run()
 8 SYSTEMPATH\Commands\Server\rewrite.php(43): require_once('FCPATH\\index.php')
