CRITICAL - 2022-10-06 13:27:13 --> Invalid file: v_tb_teman.php
in SYSTEMPATH\Exceptions\FrameworkException.php on line 33.
 1 SYSTEMPATH\View\View.php(201): CodeIgniter\Exceptions\FrameworkException::forInvalidFile('v_tb_teman.php')
 2 SYSTEMPATH\Common.php(1142): CodeIgniter\View\View->render('v_tb_teman', [], true)
 3 APPPATH\Controllers\Home.php(11): view('v_tb_teman')
 4 SYSTEMPATH\CodeIgniter.php(904): App\Controllers\Home->index()
 5 SYSTEMPATH\CodeIgniter.php(457): CodeIgniter\CodeIgniter->runController(Object(App\Controllers\Home))
 6 SYSTEMPATH\CodeIgniter.php(340): CodeIgniter\CodeIgniter->handleRequest(null, Object(Config\Cache), false)
 7 FCPATH\index.php(67): CodeIgniter\CodeIgniter->run()
 8 SYSTEMPATH\Commands\Server\rewrite.php(43): require_once('FCPATH\\index.php')
CRITICAL - 2022-10-06 13:30:32 --> Undefined variable $title
in APPPATH\Views\v_tb_teman.php on line 7.
 1 APPPATH\Views\v_tb_teman.php(7): CodeIgniter\Debug\Exceptions->errorHandler(2, 'Undefined variable $title', 'APPPATH\\Views\\v_tb_teman.php', 7)
 2 SYSTEMPATH\View\View.php(213): include('APPPATH\\Views\\v_tb_teman.php')
 3 SYSTEMPATH\View\View.php(216): CodeIgniter\View\View->CodeIgniter\View\{closure}()
 4 SYSTEMPATH\Common.php(1142): CodeIgniter\View\View->render('v_tb_teman', [], true)
 5 APPPATH\Controllers\Home.php(11): view('v_tb_teman')
 6 SYSTEMPATH\CodeIgniter.php(904): App\Controllers\Home->index()
 7 SYSTEMPATH\CodeIgniter.php(457): CodeIgniter\CodeIgniter->runController(Object(App\Controllers\Home))
 8 SYSTEMPATH\CodeIgniter.php(340): CodeIgniter\CodeIgniter->handleRequest(null, Object(Config\Cache), false)
 9 FCPATH\index.php(67): CodeIgniter\CodeIgniter->run()
10 SYSTEMPATH\Commands\Server\rewrite.php(43): require_once('FCPATH\\index.php')
CRITICAL - 2022-10-06 13:40:00 --> You must set the database table to be used with your query.
in SYSTEMPATH\Database\BaseConnection.php on line 872.
 1 SYSTEMPATH\Model.php(587): CodeIgniter\Database\BaseConnection->table(null)
 2 SYSTEMPATH\Model.php(764): CodeIgniter\Model->builder()
 3 APPPATH\Models\Tb_temanModel.php(11): CodeIgniter\Model->__call('table', [...])
 4 APPPATH\Controllers\Home.php(25): App\Models\Tb_temanModel->tampilData('ROOTPATH\\public', '0', '10')
 5 SYSTEMPATH\CodeIgniter.php(904): App\Controllers\Home->temanAjax()
 6 SYSTEMPATH\CodeIgniter.php(457): CodeIgniter\CodeIgniter->runController(Object(App\Controllers\Home))
 7 SYSTEMPATH\CodeIgniter.php(340): CodeIgniter\CodeIgniter->handleRequest(null, Object(Config\Cache), false)
 8 FCPATH\index.php(67): CodeIgniter\CodeIgniter->run()
 9 SYSTEMPATH\Commands\Server\rewrite.php(43): require_once('FCPATH\\index.php')
CRITICAL - 2022-10-06 13:42:52 --> Call to a member function getResult() on null
in APPPATH\Models\Tb_temanModel.php on line 24.
 1 APPPATH\Controllers\Home.php(25): App\Models\Tb_temanModel->tampilData('ROOTPATH\\public', '0', '10')
 2 SYSTEMPATH\CodeIgniter.php(904): App\Controllers\Home->temanAjax()
 3 SYSTEMPATH\CodeIgniter.php(457): CodeIgniter\CodeIgniter->runController(Object(App\Controllers\Home))
 4 SYSTEMPATH\CodeIgniter.php(340): CodeIgniter\CodeIgniter->handleRequest(null, Object(Config\Cache), false)
 5 FCPATH\index.php(67): CodeIgniter\CodeIgniter->run()
 6 SYSTEMPATH\Commands\Server\rewrite.php(43): require_once('FCPATH\\index.php')
CRITICAL - 2022-10-06 13:44:26 --> Array callback must have exactly two elements
in APPPATH\Controllers\Home.php on line 29.
 1 SYSTEMPATH\CodeIgniter.php(904): App\Controllers\Home->temanAjax()
 2 SYSTEMPATH\CodeIgniter.php(457): CodeIgniter\CodeIgniter->runController(Object(App\Controllers\Home))
 3 SYSTEMPATH\CodeIgniter.php(340): CodeIgniter\CodeIgniter->handleRequest(null, Object(Config\Cache), false)
 4 FCPATH\index.php(67): CodeIgniter\CodeIgniter->run()
 5 SYSTEMPATH\Commands\Server\rewrite.php(43): require_once('FCPATH\\index.php')
CRITICAL - 2022-10-06 13:45:49 --> Undefined variable $title
in APPPATH\Views\v_tb_teman.php on line 7.
 1 APPPATH\Views\v_tb_teman.php(7): CodeIgniter\Debug\Exceptions->errorHandler(2, 'Undefined variable $title', 'APPPATH\\Views\\v_tb_teman.php', 7)
 2 SYSTEMPATH\View\View.php(213): include('APPPATH\\Views\\v_tb_teman.php')
 3 SYSTEMPATH\View\View.php(216): CodeIgniter\View\View->CodeIgniter\View\{closure}()
 4 SYSTEMPATH\Common.php(1142): CodeIgniter\View\View->render('v_tb_teman', [], true)
 5 APPPATH\Controllers\Home.php(15): view('v_tb_teman')
 6 SYSTEMPATH\CodeIgniter.php(904): App\Controllers\Home->index()
 7 SYSTEMPATH\CodeIgniter.php(457): CodeIgniter\CodeIgniter->runController(Object(App\Controllers\Home))
 8 SYSTEMPATH\CodeIgniter.php(340): CodeIgniter\CodeIgniter->handleRequest(null, Object(Config\Cache), false)
 9 FCPATH\index.php(67): CodeIgniter\CodeIgniter->run()
10 SYSTEMPATH\Commands\Server\rewrite.php(43): require_once('FCPATH\\index.php')
CRITICAL - 2022-10-06 13:45:58 --> Array callback must have exactly two elements
in APPPATH\Controllers\Home.php on line 30.
 1 SYSTEMPATH\CodeIgniter.php(904): App\Controllers\Home->temanAjax()
 2 SYSTEMPATH\CodeIgniter.php(457): CodeIgniter\CodeIgniter->runController(Object(App\Controllers\Home))
 3 SYSTEMPATH\CodeIgniter.php(340): CodeIgniter\CodeIgniter->handleRequest(null, Object(Config\Cache), false)
 4 FCPATH\index.php(67): CodeIgniter\CodeIgniter->run()
 5 SYSTEMPATH\Commands\Server\rewrite.php(43): require_once('FCPATH\\index.php')
CRITICAL - 2022-10-06 13:58:30 --> You must set the database table to be used with your query.
in SYSTEMPATH\Database\BaseConnection.php on line 872.
 1 SYSTEMPATH\Model.php(587): CodeIgniter\Database\BaseConnection->table(null)
 2 SYSTEMPATH\Model.php(764): CodeIgniter\Model->builder()
 3 APPPATH\Models\Tb_temanModel.php(12): CodeIgniter\Model->__call('table', [...])
 4 APPPATH\Controllers\Home.php(26): App\Models\Tb_temanModel->tampilData('ROOTPATH\\public', '0', '10')
 5 SYSTEMPATH\CodeIgniter.php(904): App\Controllers\Home->temanAjax()
 6 SYSTEMPATH\CodeIgniter.php(457): CodeIgniter\CodeIgniter->runController(Object(App\Controllers\Home))
 7 SYSTEMPATH\CodeIgniter.php(340): CodeIgniter\CodeIgniter->handleRequest(null, Object(Config\Cache), false)
 8 FCPATH\index.php(67): CodeIgniter\CodeIgniter->run()
 9 SYSTEMPATH\Commands\Server\rewrite.php(43): require_once('FCPATH\\index.php')
CRITICAL - 2022-10-06 15:59:54 --> [] operator not supported for strings
in APPPATH\Controllers\Home.php on line 41.
 1 SYSTEMPATH\CodeIgniter.php(904): App\Controllers\Home->temanAjax()
 2 SYSTEMPATH\CodeIgniter.php(457): CodeIgniter\CodeIgniter->runController(Object(App\Controllers\Home))
 3 SYSTEMPATH\CodeIgniter.php(340): CodeIgniter\CodeIgniter->handleRequest(null, Object(Config\Cache), false)
 4 FCPATH\index.php(67): CodeIgniter\CodeIgniter->run()
 5 SYSTEMPATH\Commands\Server\rewrite.php(43): require_once('FCPATH\\index.php')
CRITICAL - 2022-10-06 16:32:16 --> Undefined variable $key
in APPPATH\Views\teman\table_teman.php on line 70.
 1 APPPATH\Views\teman\table_teman.php(70): CodeIgniter\Debug\Exceptions->errorHandler(2, 'Undefined variable $key', 'APPPATH\\Views\\teman\\table_teman.php', 70)
 2 SYSTEMPATH\View\View.php(213): include('APPPATH\\Views\\teman\\table_teman.php')
 3 SYSTEMPATH\View\View.php(216): CodeIgniter\View\View->CodeIgniter\View\{closure}()
 4 SYSTEMPATH\Common.php(1142): CodeIgniter\View\View->render('teman/table_teman', [], true)
 5 APPPATH\Controllers\Crudajax.php(25): view('teman/table_teman', [...])
 6 SYSTEMPATH\CodeIgniter.php(904): App\Controllers\Crudajax->table_teman()
 7 SYSTEMPATH\CodeIgniter.php(457): CodeIgniter\CodeIgniter->runController(Object(App\Controllers\Crudajax))
 8 SYSTEMPATH\CodeIgniter.php(340): CodeIgniter\CodeIgniter->handleRequest(null, Object(Config\Cache), false)
 9 FCPATH\index.php(67): CodeIgniter\CodeIgniter->run()
10 SYSTEMPATH\Commands\Server\rewrite.php(43): require_once('FCPATH\\index.php')
CRITICAL - 2022-10-06 16:33:01 --> Undefined variable $key
in APPPATH\Views\teman\table_teman.php on line 70.
 1 APPPATH\Views\teman\table_teman.php(70): CodeIgniter\Debug\Exceptions->errorHandler(2, 'Undefined variable $key', 'APPPATH\\Views\\teman\\table_teman.php', 70)
 2 SYSTEMPATH\View\View.php(213): include('APPPATH\\Views\\teman\\table_teman.php')
 3 SYSTEMPATH\View\View.php(216): CodeIgniter\View\View->CodeIgniter\View\{closure}()
 4 SYSTEMPATH\Common.php(1142): CodeIgniter\View\View->render('teman/table_teman', [], true)
 5 APPPATH\Controllers\Crudajax.php(25): view('teman/table_teman', [...])
 6 SYSTEMPATH\CodeIgniter.php(904): App\Controllers\Crudajax->table_teman()
 7 SYSTEMPATH\CodeIgniter.php(457): CodeIgniter\CodeIgniter->runController(Object(App\Controllers\Crudajax))
 8 SYSTEMPATH\CodeIgniter.php(340): CodeIgniter\CodeIgniter->handleRequest(null, Object(Config\Cache), false)
 9 FCPATH\index.php(67): CodeIgniter\CodeIgniter->run()
10 SYSTEMPATH\Commands\Server\rewrite.php(43): require_once('FCPATH\\index.php')
CRITICAL - 2022-10-06 16:35:58 --> Undefined variable $key
in APPPATH\Views\teman\table_teman.php on line 70.
 1 APPPATH\Views\teman\table_teman.php(70): CodeIgniter\Debug\Exceptions->errorHandler(2, 'Undefined variable $key', 'APPPATH\\Views\\teman\\table_teman.php', 70)
 2 SYSTEMPATH\View\View.php(213): include('APPPATH\\Views\\teman\\table_teman.php')
 3 SYSTEMPATH\View\View.php(216): CodeIgniter\View\View->CodeIgniter\View\{closure}()
 4 SYSTEMPATH\Common.php(1142): CodeIgniter\View\View->render('teman/table_teman', [], true)
 5 APPPATH\Controllers\Crudajax.php(25): view('teman/table_teman', [...])
 6 SYSTEMPATH\CodeIgniter.php(904): App\Controllers\Crudajax->table_teman()
 7 SYSTEMPATH\CodeIgniter.php(457): CodeIgniter\CodeIgniter->runController(Object(App\Controllers\Crudajax))
 8 SYSTEMPATH\CodeIgniter.php(340): CodeIgniter\CodeIgniter->handleRequest(null, Object(Config\Cache), false)
 9 FCPATH\index.php(67): CodeIgniter\CodeIgniter->run()
10 SYSTEMPATH\Commands\Server\rewrite.php(43): require_once('FCPATH\\index.php')
CRITICAL - 2022-10-06 16:39:49 --> Undefined variable $key
in APPPATH\Views\teman\table_teman.php on line 70.
 1 APPPATH\Views\teman\table_teman.php(70): CodeIgniter\Debug\Exceptions->errorHandler(2, 'Undefined variable $key', 'APPPATH\\Views\\teman\\table_teman.php', 70)
 2 SYSTEMPATH\View\View.php(213): include('APPPATH\\Views\\teman\\table_teman.php')
 3 SYSTEMPATH\View\View.php(216): CodeIgniter\View\View->CodeIgniter\View\{closure}()
 4 SYSTEMPATH\Common.php(1142): CodeIgniter\View\View->render('teman/table_teman', [], true)
 5 APPPATH\Controllers\Crudajax.php(25): view('teman/table_teman', [...])
 6 SYSTEMPATH\CodeIgniter.php(904): App\Controllers\Crudajax->table_teman()
 7 SYSTEMPATH\CodeIgniter.php(457): CodeIgniter\CodeIgniter->runController(Object(App\Controllers\Crudajax))
 8 SYSTEMPATH\CodeIgniter.php(340): CodeIgniter\CodeIgniter->handleRequest(null, Object(Config\Cache), false)
 9 FCPATH\index.php(67): CodeIgniter\CodeIgniter->run()
10 SYSTEMPATH\Commands\Server\rewrite.php(43): require_once('FCPATH\\index.php')
ERROR - 2022-10-06 21:24:16 --> mysqli_sql_exception: You have an error in your SQL syntax; check the manual that corresponds to your MariaDB server version for the right syntax to use near 'NULL,
	`status` ENUM('Y','N') NOT NULL DEFAULT 'N',
	CONSTRAINT `pk_news` PRI...' at line 5 in D:\xampp\htdocs\ci4sbadmin704\system\Database\MySQLi\Connection.php:292
Stack trace:
#0 D:\xampp\htdocs\ci4sbadmin704\system\Database\MySQLi\Connection.php(292): mysqli->query('CREATE TABLE `n...', 0)
#1 D:\xampp\htdocs\ci4sbadmin704\system\Database\BaseConnection.php(693): CodeIgniter\Database\MySQLi\Connection->execute('CREATE TABLE `n...')
#2 D:\xampp\htdocs\ci4sbadmin704\system\Database\BaseConnection.php(620): CodeIgniter\Database\BaseConnection->simpleQuery('CREATE TABLE `n...')
#3 D:\xampp\htdocs\ci4sbadmin704\system\Database\Forge.php(509): CodeIgniter\Database\BaseConnection->query('CREATE TABLE `n...')
#4 D:\xampp\htdocs\ci4sbadmin704\app\Database\Migrations\2022-10-07-021853_TbTeman.php(44): CodeIgniter\Database\Forge->createTable('news', true)
#5 D:\xampp\htdocs\ci4sbadmin704\system\Database\MigrationRunner.php(868): App\Database\Migrations\TbTeman->up()
#6 D:\xampp\htdocs\ci4sbadmin704\system\Database\MigrationRunner.php(187): CodeIgniter\Database\MigrationRunner->migrate('up', Object(stdClass))
#7 D:\xampp\htdocs\ci4sbadmin704\system\Commands\Database\Migrate.php(84): CodeIgniter\Database\MigrationRunner->latest(NULL)
#8 D:\xampp\htdocs\ci4sbadmin704\system\CLI\Commands.php(63): CodeIgniter\Commands\Database\Migrate->run(Array)
#9 D:\xampp\htdocs\ci4sbadmin704\system\CLI\CommandRunner.php(65): CodeIgniter\CLI\Commands->run('migrate', Array)
#10 D:\xampp\htdocs\ci4sbadmin704\system\CLI\CommandRunner.php(51): CodeIgniter\CLI\CommandRunner->index(Array)
#11 D:\xampp\htdocs\ci4sbadmin704\system\CodeIgniter.php(897): CodeIgniter\CLI\CommandRunner->_remap('index', Array)
#12 D:\xampp\htdocs\ci4sbadmin704\system\CodeIgniter.php(457): CodeIgniter\CodeIgniter->runController(Object(CodeIgniter\CLI\CommandRunner))
#13 D:\xampp\htdocs\ci4sbadmin704\system\CodeIgniter.php(336): CodeIgniter\CodeIgniter->handleRequest(NULL, Object(Config\Cache), false)
#14 D:\xampp\htdocs\ci4sbadmin704\system\CLI\Console.php(48): CodeIgniter\CodeIgniter->run()
#15 D:\xampp\htdocs\ci4sbadmin704\spark(98): CodeIgniter\CLI\Console->run()
#16 {main}
ERROR - 2022-10-06 21:26:57 --> mysqli_sql_exception: You have an error in your SQL syntax; check the manual that corresponds to your MariaDB server version for the right syntax to use near 'NULL,
	`status` ENUM('Y','N') NOT NULL DEFAULT 'N',
	CONSTRAINT `pk_tb_teman`...' at line 5 in D:\xampp\htdocs\ci4sbadmin704\system\Database\MySQLi\Connection.php:292
Stack trace:
#0 D:\xampp\htdocs\ci4sbadmin704\system\Database\MySQLi\Connection.php(292): mysqli->query('CREATE TABLE `t...', 0)
#1 D:\xampp\htdocs\ci4sbadmin704\system\Database\BaseConnection.php(693): CodeIgniter\Database\MySQLi\Connection->execute('CREATE TABLE `t...')
#2 D:\xampp\htdocs\ci4sbadmin704\system\Database\BaseConnection.php(620): CodeIgniter\Database\BaseConnection->simpleQuery('CREATE TABLE `t...')
#3 D:\xampp\htdocs\ci4sbadmin704\system\Database\Forge.php(509): CodeIgniter\Database\BaseConnection->query('CREATE TABLE `t...')
#4 D:\xampp\htdocs\ci4sbadmin704\app\Database\Migrations\2022-10-07-021853_TbTeman.php(44): CodeIgniter\Database\Forge->createTable('tb_teman', true)
#5 D:\xampp\htdocs\ci4sbadmin704\system\Database\MigrationRunner.php(868): App\Database\Migrations\TbTeman->up()
#6 D:\xampp\htdocs\ci4sbadmin704\system\Database\MigrationRunner.php(187): CodeIgniter\Database\MigrationRunner->migrate('up', Object(stdClass))
#7 D:\xampp\htdocs\ci4sbadmin704\system\Commands\Database\Migrate.php(84): CodeIgniter\Database\MigrationRunner->latest(NULL)
#8 D:\xampp\htdocs\ci4sbadmin704\system\CLI\Commands.php(63): CodeIgniter\Commands\Database\Migrate->run(Array)
#9 D:\xampp\htdocs\ci4sbadmin704\system\CLI\CommandRunner.php(65): CodeIgniter\CLI\Commands->run('migrate', Array)
#10 D:\xampp\htdocs\ci4sbadmin704\system\CLI\CommandRunner.php(51): CodeIgniter\CLI\CommandRunner->index(Array)
#11 D:\xampp\htdocs\ci4sbadmin704\system\CodeIgniter.php(897): CodeIgniter\CLI\CommandRunner->_remap('index', Array)
#12 D:\xampp\htdocs\ci4sbadmin704\system\CodeIgniter.php(457): CodeIgniter\CodeIgniter->runController(Object(CodeIgniter\CLI\CommandRunner))
#13 D:\xampp\htdocs\ci4sbadmin704\system\CodeIgniter.php(336): CodeIgniter\CodeIgniter->handleRequest(NULL, Object(Config\Cache), false)
#14 D:\xampp\htdocs\ci4sbadmin704\system\CLI\Console.php(48): CodeIgniter\CodeIgniter->run()
#15 D:\xampp\htdocs\ci4sbadmin704\spark(98): CodeIgniter\CLI\Console->run()
#16 {main}
ERROR - 2022-10-06 21:27:43 --> mysqli_sql_exception: You have an error in your SQL syntax; check the manual that corresponds to your MariaDB server version for the right syntax to use near 'NULL,
	`status` ENUM('published','draft') NOT NULL DEFAULT 'draft',
	CONSTRAI...' at line 5 in D:\xampp\htdocs\ci4sbadmin704\system\Database\MySQLi\Connection.php:292
Stack trace:
#0 D:\xampp\htdocs\ci4sbadmin704\system\Database\MySQLi\Connection.php(292): mysqli->query('CREATE TABLE `t...', 0)
#1 D:\xampp\htdocs\ci4sbadmin704\system\Database\BaseConnection.php(693): CodeIgniter\Database\MySQLi\Connection->execute('CREATE TABLE `t...')
#2 D:\xampp\htdocs\ci4sbadmin704\system\Database\BaseConnection.php(620): CodeIgniter\Database\BaseConnection->simpleQuery('CREATE TABLE `t...')
#3 D:\xampp\htdocs\ci4sbadmin704\system\Database\Forge.php(509): CodeIgniter\Database\BaseConnection->query('CREATE TABLE `t...')
#4 D:\xampp\htdocs\ci4sbadmin704\app\Database\Migrations\2022-10-07-021853_TbTeman.php(44): CodeIgniter\Database\Forge->createTable('tb_teman', true)
#5 D:\xampp\htdocs\ci4sbadmin704\system\Database\MigrationRunner.php(868): App\Database\Migrations\TbTeman->up()
#6 D:\xampp\htdocs\ci4sbadmin704\system\Database\MigrationRunner.php(187): CodeIgniter\Database\MigrationRunner->migrate('up', Object(stdClass))
#7 D:\xampp\htdocs\ci4sbadmin704\system\Commands\Database\Migrate.php(84): CodeIgniter\Database\MigrationRunner->latest(NULL)
#8 D:\xampp\htdocs\ci4sbadmin704\system\CLI\Commands.php(63): CodeIgniter\Commands\Database\Migrate->run(Array)
#9 D:\xampp\htdocs\ci4sbadmin704\system\CLI\CommandRunner.php(65): CodeIgniter\CLI\Commands->run('migrate', Array)
#10 D:\xampp\htdocs\ci4sbadmin704\system\CLI\CommandRunner.php(51): CodeIgniter\CLI\CommandRunner->index(Array)
#11 D:\xampp\htdocs\ci4sbadmin704\system\CodeIgniter.php(897): CodeIgniter\CLI\CommandRunner->_remap('index', Array)
#12 D:\xampp\htdocs\ci4sbadmin704\system\CodeIgniter.php(457): CodeIgniter\CodeIgniter->runController(Object(CodeIgniter\CLI\CommandRunner))
#13 D:\xampp\htdocs\ci4sbadmin704\system\CodeIgniter.php(336): CodeIgniter\CodeIgniter->handleRequest(NULL, Object(Config\Cache), false)
#14 D:\xampp\htdocs\ci4sbadmin704\system\CLI\Console.php(48): CodeIgniter\CodeIgniter->run()
#15 D:\xampp\htdocs\ci4sbadmin704\spark(98): CodeIgniter\CLI\Console->run()
#16 {main}
ERROR - 2022-10-06 21:28:05 --> mysqli_sql_exception: You have an error in your SQL syntax; check the manual that corresponds to your MariaDB server version for the right syntax to use near 'NULL,
	CONSTRAINT `pk_tb_teman` PRIMARY KEY(`id`)
) DEFAULT CHARACTER SET = u...' at line 5 in D:\xampp\htdocs\ci4sbadmin704\system\Database\MySQLi\Connection.php:292
Stack trace:
#0 D:\xampp\htdocs\ci4sbadmin704\system\Database\MySQLi\Connection.php(292): mysqli->query('CREATE TABLE `t...', 0)
#1 D:\xampp\htdocs\ci4sbadmin704\system\Database\BaseConnection.php(693): CodeIgniter\Database\MySQLi\Connection->execute('CREATE TABLE `t...')
#2 D:\xampp\htdocs\ci4sbadmin704\system\Database\BaseConnection.php(620): CodeIgniter\Database\BaseConnection->simpleQuery('CREATE TABLE `t...')
#3 D:\xampp\htdocs\ci4sbadmin704\system\Database\Forge.php(509): CodeIgniter\Database\BaseConnection->query('CREATE TABLE `t...')
#4 D:\xampp\htdocs\ci4sbadmin704\app\Database\Migrations\2022-10-07-021853_TbTeman.php(39): CodeIgniter\Database\Forge->createTable('tb_teman', true)
#5 D:\xampp\htdocs\ci4sbadmin704\system\Database\MigrationRunner.php(868): App\Database\Migrations\TbTeman->up()
#6 D:\xampp\htdocs\ci4sbadmin704\system\Database\MigrationRunner.php(187): CodeIgniter\Database\MigrationRunner->migrate('up', Object(stdClass))
#7 D:\xampp\htdocs\ci4sbadmin704\system\Commands\Database\Migrate.php(84): CodeIgniter\Database\MigrationRunner->latest(NULL)
#8 D:\xampp\htdocs\ci4sbadmin704\system\CLI\Commands.php(63): CodeIgniter\Commands\Database\Migrate->run(Array)
#9 D:\xampp\htdocs\ci4sbadmin704\system\CLI\CommandRunner.php(65): CodeIgniter\CLI\Commands->run('migrate', Array)
#10 D:\xampp\htdocs\ci4sbadmin704\system\CLI\CommandRunner.php(51): CodeIgniter\CLI\CommandRunner->index(Array)
#11 D:\xampp\htdocs\ci4sbadmin704\system\CodeIgniter.php(897): CodeIgniter\CLI\CommandRunner->_remap('index', Array)
#12 D:\xampp\htdocs\ci4sbadmin704\system\CodeIgniter.php(457): CodeIgniter\CodeIgniter->runController(Object(CodeIgniter\CLI\CommandRunner))
#13 D:\xampp\htdocs\ci4sbadmin704\system\CodeIgniter.php(336): CodeIgniter\CodeIgniter->handleRequest(NULL, Object(Config\Cache), false)
#14 D:\xampp\htdocs\ci4sbadmin704\system\CLI\Console.php(48): CodeIgniter\CodeIgniter->run()
#15 D:\xampp\htdocs\ci4sbadmin704\spark(98): CodeIgniter\CLI\Console->run()
#16 {main}
ERROR - 2022-10-06 21:44:10 --> mysqli_sql_exception: Invalid default value for 'created_at' in D:\xampp\htdocs\ci4sbadmin704\system\Database\MySQLi\Connection.php:292
Stack trace:
#0 D:\xampp\htdocs\ci4sbadmin704\system\Database\MySQLi\Connection.php(292): mysqli->query('CREATE TABLE `t...', 0)
#1 D:\xampp\htdocs\ci4sbadmin704\system\Database\BaseConnection.php(693): CodeIgniter\Database\MySQLi\Connection->execute('CREATE TABLE `t...')
#2 D:\xampp\htdocs\ci4sbadmin704\system\Database\BaseConnection.php(620): CodeIgniter\Database\BaseConnection->simpleQuery('CREATE TABLE `t...')
#3 D:\xampp\htdocs\ci4sbadmin704\system\Database\Forge.php(509): CodeIgniter\Database\BaseConnection->query('CREATE TABLE `t...')
#4 D:\xampp\htdocs\ci4sbadmin704\app\Database\Migrations\2022-10-07-021853_TbTeman.php(43): CodeIgniter\Database\Forge->createTable('tb_teman', true)
#5 D:\xampp\htdocs\ci4sbadmin704\system\Database\MigrationRunner.php(868): App\Database\Migrations\TbTeman->up()
#6 D:\xampp\htdocs\ci4sbadmin704\system\Database\MigrationRunner.php(187): CodeIgniter\Database\MigrationRunner->migrate('up', Object(stdClass))
#7 D:\xampp\htdocs\ci4sbadmin704\system\Commands\Database\Migrate.php(84): CodeIgniter\Database\MigrationRunner->latest(NULL)
#8 D:\xampp\htdocs\ci4sbadmin704\system\CLI\Commands.php(63): CodeIgniter\Commands\Database\Migrate->run(Array)
#9 D:\xampp\htdocs\ci4sbadmin704\system\CLI\CommandRunner.php(65): CodeIgniter\CLI\Commands->run('migrate', Array)
#10 D:\xampp\htdocs\ci4sbadmin704\system\CLI\CommandRunner.php(51): CodeIgniter\CLI\CommandRunner->index(Array)
#11 D:\xampp\htdocs\ci4sbadmin704\system\CodeIgniter.php(897): CodeIgniter\CLI\CommandRunner->_remap('index', Array)
#12 D:\xampp\htdocs\ci4sbadmin704\system\CodeIgniter.php(457): CodeIgniter\CodeIgniter->runController(Object(CodeIgniter\CLI\CommandRunner))
#13 D:\xampp\htdocs\ci4sbadmin704\system\CodeIgniter.php(336): CodeIgniter\CodeIgniter->handleRequest(NULL, Object(Config\Cache), false)
#14 D:\xampp\htdocs\ci4sbadmin704\system\CLI\Console.php(48): CodeIgniter\CodeIgniter->run()
#15 D:\xampp\htdocs\ci4sbadmin704\spark(98): CodeIgniter\CLI\Console->run()
#16 {main}
ERROR - 2022-10-06 22:22:32 --> mysqli_sql_exception: Unknown column 'namalengkap' in 'field list' in D:\xampp\htdocs\ci4sbadmin704\system\Database\MySQLi\Connection.php:292
Stack trace:
#0 D:\xampp\htdocs\ci4sbadmin704\system\Database\MySQLi\Connection.php(292): mysqli->query('INSERT INTO tb_...', 0)
#1 D:\xampp\htdocs\ci4sbadmin704\system\Database\BaseConnection.php(693): CodeIgniter\Database\MySQLi\Connection->execute('INSERT INTO tb_...')
#2 D:\xampp\htdocs\ci4sbadmin704\system\Database\BaseConnection.php(620): CodeIgniter\Database\BaseConnection->simpleQuery('INSERT INTO tb_...')
#3 D:\xampp\htdocs\ci4sbadmin704\app\Database\Seeds\Tbteman.php(18): CodeIgniter\Database\BaseConnection->query('INSERT INTO tb_...', Array)
#4 D:\xampp\htdocs\ci4sbadmin704\system\Database\Seeder.php(145): App\Database\Seeds\Tbteman->run()
#5 D:\xampp\htdocs\ci4sbadmin704\system\Commands\Database\Seed.php(77): CodeIgniter\Database\Seeder->call('App\\Database\\Se...')
#6 D:\xampp\htdocs\ci4sbadmin704\system\CLI\Commands.php(63): CodeIgniter\Commands\Database\Seed->run(Array)
#7 D:\xampp\htdocs\ci4sbadmin704\system\CLI\CommandRunner.php(65): CodeIgniter\CLI\Commands->run('db:seed', Array)
#8 D:\xampp\htdocs\ci4sbadmin704\system\CLI\CommandRunner.php(51): CodeIgniter\CLI\CommandRunner->index(Array)
#9 D:\xampp\htdocs\ci4sbadmin704\system\CodeIgniter.php(897): CodeIgniter\CLI\CommandRunner->_remap('index', Array)
#10 D:\xampp\htdocs\ci4sbadmin704\system\CodeIgniter.php(457): CodeIgniter\CodeIgniter->runController(Object(CodeIgniter\CLI\CommandRunner))
#11 D:\xampp\htdocs\ci4sbadmin704\system\CodeIgniter.php(336): CodeIgniter\CodeIgniter->handleRequest(NULL, Object(Config\Cache), false)
#12 D:\xampp\htdocs\ci4sbadmin704\system\CLI\Console.php(48): CodeIgniter\CodeIgniter->run()
#13 D:\xampp\htdocs\ci4sbadmin704\spark(98): CodeIgniter\CLI\Console->run()
#14 {main}
ERROR - 2022-10-06 22:27:31 --> mysqli_sql_exception: Unknown column 'created_at' in 'field list' in D:\xampp\htdocs\ci4sbadmin704\system\Database\MySQLi\Connection.php:292
Stack trace:
#0 D:\xampp\htdocs\ci4sbadmin704\system\Database\MySQLi\Connection.php(292): mysqli->query('INSERT INTO tb_...', 0)
#1 D:\xampp\htdocs\ci4sbadmin704\system\Database\BaseConnection.php(693): CodeIgniter\Database\MySQLi\Connection->execute('INSERT INTO tb_...')
#2 D:\xampp\htdocs\ci4sbadmin704\system\Database\BaseConnection.php(620): CodeIgniter\Database\BaseConnection->simpleQuery('INSERT INTO tb_...')
#3 D:\xampp\htdocs\ci4sbadmin704\app\Database\Seeds\Tbteman.php(22): CodeIgniter\Database\BaseConnection->query('INSERT INTO tb_...', Array)
#4 D:\xampp\htdocs\ci4sbadmin704\system\Database\Seeder.php(145): App\Database\Seeds\Tbteman->run()
#5 D:\xampp\htdocs\ci4sbadmin704\system\Commands\Database\Seed.php(77): CodeIgniter\Database\Seeder->call('App\\Database\\Se...')
#6 D:\xampp\htdocs\ci4sbadmin704\system\CLI\Commands.php(63): CodeIgniter\Commands\Database\Seed->run(Array)
#7 D:\xampp\htdocs\ci4sbadmin704\system\CLI\CommandRunner.php(65): CodeIgniter\CLI\Commands->run('db:seed', Array)
#8 D:\xampp\htdocs\ci4sbadmin704\system\CLI\CommandRunner.php(51): CodeIgniter\CLI\CommandRunner->index(Array)
#9 D:\xampp\htdocs\ci4sbadmin704\system\CodeIgniter.php(897): CodeIgniter\CLI\CommandRunner->_remap('index', Array)
#10 D:\xampp\htdocs\ci4sbadmin704\system\CodeIgniter.php(457): CodeIgniter\CodeIgniter->runController(Object(CodeIgniter\CLI\CommandRunner))
#11 D:\xampp\htdocs\ci4sbadmin704\system\CodeIgniter.php(336): CodeIgniter\CodeIgniter->handleRequest(NULL, Object(Config\Cache), false)
#12 D:\xampp\htdocs\ci4sbadmin704\system\CLI\Console.php(48): CodeIgniter\CodeIgniter->run()
#13 D:\xampp\htdocs\ci4sbadmin704\spark(98): CodeIgniter\CLI\Console->run()
#14 {main}
ERROR - 2022-10-06 22:28:01 --> mysqli_sql_exception: Unknown column 'created_at' in 'field list' in D:\xampp\htdocs\ci4sbadmin704\system\Database\MySQLi\Connection.php:292
Stack trace:
#0 D:\xampp\htdocs\ci4sbadmin704\system\Database\MySQLi\Connection.php(292): mysqli->query('INSERT INTO tb_...', 0)
#1 D:\xampp\htdocs\ci4sbadmin704\system\Database\BaseConnection.php(693): CodeIgniter\Database\MySQLi\Connection->execute('INSERT INTO tb_...')
#2 D:\xampp\htdocs\ci4sbadmin704\system\Database\BaseConnection.php(620): CodeIgniter\Database\BaseConnection->simpleQuery('INSERT INTO tb_...')
#3 D:\xampp\htdocs\ci4sbadmin704\app\Database\Seeds\Tbteman.php(22): CodeIgniter\Database\BaseConnection->query('INSERT INTO tb_...', Array)
#4 D:\xampp\htdocs\ci4sbadmin704\system\Database\Seeder.php(145): App\Database\Seeds\Tbteman->run()
#5 D:\xampp\htdocs\ci4sbadmin704\system\Commands\Database\Seed.php(77): CodeIgniter\Database\Seeder->call('App\\Database\\Se...')
#6 D:\xampp\htdocs\ci4sbadmin704\system\CLI\Commands.php(63): CodeIgniter\Commands\Database\Seed->run(Array)
#7 D:\xampp\htdocs\ci4sbadmin704\system\CLI\CommandRunner.php(65): CodeIgniter\CLI\Commands->run('db:seed', Array)
#8 D:\xampp\htdocs\ci4sbadmin704\system\CLI\CommandRunner.php(51): CodeIgniter\CLI\CommandRunner->index(Array)
#9 D:\xampp\htdocs\ci4sbadmin704\system\CodeIgniter.php(897): CodeIgniter\CLI\CommandRunner->_remap('index', Array)
#10 D:\xampp\htdocs\ci4sbadmin704\system\CodeIgniter.php(457): CodeIgniter\CodeIgniter->runController(Object(CodeIgniter\CLI\CommandRunner))
#11 D:\xampp\htdocs\ci4sbadmin704\system\CodeIgniter.php(336): CodeIgniter\CodeIgniter->handleRequest(NULL, Object(Config\Cache), false)
#12 D:\xampp\htdocs\ci4sbadmin704\system\CLI\Console.php(48): CodeIgniter\CodeIgniter->run()
#13 D:\xampp\htdocs\ci4sbadmin704\spark(98): CodeIgniter\CLI\Console->run()
#14 {main}
ERROR - 2022-10-06 22:30:28 --> mysqli_sql_exception: You have an error in your SQL syntax; check the manual that corresponds to your MariaDB server version for the right syntax to use near ':namateman:, :alamat:, :jeniskelamin:, :created_at:, :updated_at:)' at line 1 in D:\xampp\htdocs\ci4sbadmin704\system\Database\MySQLi\Connection.php:292
Stack trace:
#0 D:\xampp\htdocs\ci4sbadmin704\system\Database\MySQLi\Connection.php(292): mysqli->query('INSERT INTO tb_...', 0)
#1 D:\xampp\htdocs\ci4sbadmin704\system\Database\BaseConnection.php(693): CodeIgniter\Database\MySQLi\Connection->execute('INSERT INTO tb_...')
#2 D:\xampp\htdocs\ci4sbadmin704\system\Database\BaseConnection.php(620): CodeIgniter\Database\BaseConnection->simpleQuery('INSERT INTO tb_...')
#3 D:\xampp\htdocs\ci4sbadmin704\app\Database\Seeds\Tbteman.php(31): CodeIgniter\Database\BaseConnection->query('INSERT INTO tb_...', Array)
#4 D:\xampp\htdocs\ci4sbadmin704\system\Database\Seeder.php(145): App\Database\Seeds\Tbteman->run()
#5 D:\xampp\htdocs\ci4sbadmin704\system\Commands\Database\Seed.php(77): CodeIgniter\Database\Seeder->call('App\\Database\\Se...')
#6 D:\xampp\htdocs\ci4sbadmin704\system\CLI\Commands.php(63): CodeIgniter\Commands\Database\Seed->run(Array)
#7 D:\xampp\htdocs\ci4sbadmin704\system\CLI\CommandRunner.php(65): CodeIgniter\CLI\Commands->run('db:seed', Array)
#8 D:\xampp\htdocs\ci4sbadmin704\system\CLI\CommandRunner.php(51): CodeIgniter\CLI\CommandRunner->index(Array)
#9 D:\xampp\htdocs\ci4sbadmin704\system\CodeIgniter.php(897): CodeIgniter\CLI\CommandRunner->_remap('index', Array)
#10 D:\xampp\htdocs\ci4sbadmin704\system\CodeIgniter.php(457): CodeIgniter\CodeIgniter->runController(Object(CodeIgniter\CLI\CommandRunner))
#11 D:\xampp\htdocs\ci4sbadmin704\system\CodeIgniter.php(336): CodeIgniter\CodeIgniter->handleRequest(NULL, Object(Config\Cache), false)
#12 D:\xampp\htdocs\ci4sbadmin704\system\CLI\Console.php(48): CodeIgniter\CodeIgniter->run()
#13 D:\xampp\htdocs\ci4sbadmin704\spark(98): CodeIgniter\CLI\Console->run()
#14 {main}
CRITICAL - 2022-10-06 23:33:27 --> Declaration of App\Models\Person_model::update() must be compatible with CodeIgniter\Model::update($id = null, $data = null): bool
in APPPATH\Models\Person_model.php on line 102.
 1 [internal function]: CodeIgniter\Debug\Exceptions->shutdownHandler()
CRITICAL - 2022-10-06 23:33:59 --> Declaration of App\Models\Person_model::update() must be compatible with CodeIgniter\Model::update($id = null, $data = null): bool
in APPPATH\Models\Person_model.php on line 102.
 1 [internal function]: CodeIgniter\Debug\Exceptions->shutdownHandler()
