CRITICAL - 2022-09-25 21:27:15 --> Invalid file: tbcabang/create.php
in SYSTEMPATH\Exceptions\FrameworkException.php on line 33.
 1 SYSTEMPATH\View\View.php(201): CodeIgniter\Exceptions\FrameworkException::forInvalidFile('tbcabang/create.php')
 2 SYSTEMPATH\Common.php(1142): CodeIgniter\View\View->render('tbcabang/create', [], true)
 3 APPPATH\Controllers\Tbcabang.php(59): view('tbcabang/create', [...])
 4 SYSTEMPATH\CodeIgniter.php(904): App\Controllers\Tbcabang->create()
 5 SYSTEMPATH\CodeIgniter.php(457): CodeIgniter\CodeIgniter->runController(Object(App\Controllers\Tbcabang))
 6 SYSTEMPATH\CodeIgniter.php(340): CodeIgniter\CodeIgniter->handleRequest(null, Object(Config\Cache), false)
 7 FCPATH\index.php(67): CodeIgniter\CodeIgniter->run()
 8 SYSTEMPATH\Commands\Server\rewrite.php(43): require_once('FCPATH\\index.php')
CRITICAL - 2022-09-25 21:27:51 --> Undefined array key "id"
in APPPATH\Views\user\update_profile.php on line 25.
 1 APPPATH\Views\user\update_profile.php(25): CodeIgniter\Debug\Exceptions->errorHandler(2, 'Undefined array key "id"', 'APPPATH\\Views\\user\\update_profile.php', 25)
 2 SYSTEMPATH\View\View.php(213): include('APPPATH\\Views\\user\\update_profile.php')
 3 SYSTEMPATH\View\View.php(216): CodeIgniter\View\View->CodeIgniter\View\{closure}()
 4 SYSTEMPATH\Common.php(1142): CodeIgniter\View\View->render('/user/update_profile', [], true)
 5 APPPATH\Controllers\Update_profile.php(27): view('/user/update_profile', [...])
 6 SYSTEMPATH\CodeIgniter.php(904): App\Controllers\Update_profile->index()
 7 SYSTEMPATH\CodeIgniter.php(457): CodeIgniter\CodeIgniter->runController(Object(App\Controllers\Update_profile))
 8 SYSTEMPATH\CodeIgniter.php(340): CodeIgniter\CodeIgniter->handleRequest(null, Object(Config\Cache), false)
 9 FCPATH\index.php(67): CodeIgniter\CodeIgniter->run()
10 SYSTEMPATH\Commands\Server\rewrite.php(43): require_once('FCPATH\\index.php')
CRITICAL - 2022-09-25 21:28:03 --> Undefined array key "id"
in APPPATH\Views\user\rubah_password.php on line 34.
 1 APPPATH\Views\user\rubah_password.php(34): CodeIgniter\Debug\Exceptions->errorHandler(2, 'Undefined array key "id"', 'APPPATH\\Views\\user\\rubah_password.php', 34)
 2 SYSTEMPATH\View\View.php(213): include('APPPATH\\Views\\user\\rubah_password.php')
 3 SYSTEMPATH\View\View.php(216): CodeIgniter\View\View->CodeIgniter\View\{closure}()
 4 SYSTEMPATH\Common.php(1142): CodeIgniter\View\View->render('/user/rubah_password', [], true)
 5 APPPATH\Controllers\Rubah_password.php(28): view('/user/rubah_password', [...])
 6 SYSTEMPATH\CodeIgniter.php(904): App\Controllers\Rubah_password->index()
 7 SYSTEMPATH\CodeIgniter.php(457): CodeIgniter\CodeIgniter->runController(Object(App\Controllers\Rubah_password))
 8 SYSTEMPATH\CodeIgniter.php(340): CodeIgniter\CodeIgniter->handleRequest(null, Object(Config\Cache), false)
 9 FCPATH\index.php(67): CodeIgniter\CodeIgniter->run()
10 SYSTEMPATH\Commands\Server\rewrite.php(43): require_once('FCPATH\\index.php')
CRITICAL - 2022-09-25 21:28:20 --> Undefined array key "id"
in APPPATH\Views\user\rubah_password.php on line 34.
 1 APPPATH\Views\user\rubah_password.php(34): CodeIgniter\Debug\Exceptions->errorHandler(2, 'Undefined array key "id"', 'APPPATH\\Views\\user\\rubah_password.php', 34)
 2 SYSTEMPATH\View\View.php(213): include('APPPATH\\Views\\user\\rubah_password.php')
 3 SYSTEMPATH\View\View.php(216): CodeIgniter\View\View->CodeIgniter\View\{closure}()
 4 SYSTEMPATH\Common.php(1142): CodeIgniter\View\View->render('/user/rubah_password', [], true)
 5 APPPATH\Controllers\Rubah_password.php(28): view('/user/rubah_password', [...])
 6 SYSTEMPATH\CodeIgniter.php(904): App\Controllers\Rubah_password->index()
 7 SYSTEMPATH\CodeIgniter.php(457): CodeIgniter\CodeIgniter->runController(Object(App\Controllers\Rubah_password))
 8 SYSTEMPATH\CodeIgniter.php(340): CodeIgniter\CodeIgniter->handleRequest(null, Object(Config\Cache), false)
 9 FCPATH\index.php(67): CodeIgniter\CodeIgniter->run()
10 SYSTEMPATH\Commands\Server\rewrite.php(43): require_once('FCPATH\\index.php')
CRITICAL - 2022-09-25 21:28:22 --> Undefined array key "id"
in APPPATH\Views\user\rubah_password.php on line 34.
 1 APPPATH\Views\user\rubah_password.php(34): CodeIgniter\Debug\Exceptions->errorHandler(2, 'Undefined array key "id"', 'APPPATH\\Views\\user\\rubah_password.php', 34)
 2 SYSTEMPATH\View\View.php(213): include('APPPATH\\Views\\user\\rubah_password.php')
 3 SYSTEMPATH\View\View.php(216): CodeIgniter\View\View->CodeIgniter\View\{closure}()
 4 SYSTEMPATH\Common.php(1142): CodeIgniter\View\View->render('/user/rubah_password', [], true)
 5 APPPATH\Controllers\Rubah_password.php(28): view('/user/rubah_password', [...])
 6 SYSTEMPATH\CodeIgniter.php(904): App\Controllers\Rubah_password->index()
 7 SYSTEMPATH\CodeIgniter.php(457): CodeIgniter\CodeIgniter->runController(Object(App\Controllers\Rubah_password))
 8 SYSTEMPATH\CodeIgniter.php(340): CodeIgniter\CodeIgniter->handleRequest(null, Object(Config\Cache), false)
 9 FCPATH\index.php(67): CodeIgniter\CodeIgniter->run()
10 SYSTEMPATH\Commands\Server\rewrite.php(43): require_once('FCPATH\\index.php')
CRITICAL - 2022-09-25 21:29:26 --> Undefined variable $user
in APPPATH\Views\tbcabang\create.php on line 25.
 1 APPPATH\Views\tbcabang\create.php(25): CodeIgniter\Debug\Exceptions->errorHandler(2, 'Undefined variable $user', 'APPPATH\\Views\\tbcabang\\create.php', 25)
 2 SYSTEMPATH\View\View.php(213): include('APPPATH\\Views\\tbcabang\\create.php')
 3 SYSTEMPATH\View\View.php(216): CodeIgniter\View\View->CodeIgniter\View\{closure}()
 4 SYSTEMPATH\Common.php(1142): CodeIgniter\View\View->render('tbcabang/create', [], true)
 5 APPPATH\Controllers\Tbcabang.php(59): view('tbcabang/create', [...])
 6 SYSTEMPATH\CodeIgniter.php(904): App\Controllers\Tbcabang->create()
 7 SYSTEMPATH\CodeIgniter.php(457): CodeIgniter\CodeIgniter->runController(Object(App\Controllers\Tbcabang))
 8 SYSTEMPATH\CodeIgniter.php(340): CodeIgniter\CodeIgniter->handleRequest(null, Object(Config\Cache), false)
 9 FCPATH\index.php(67): CodeIgniter\CodeIgniter->run()
10 SYSTEMPATH\Commands\Server\rewrite.php(43): require_once('FCPATH\\index.php')
ERROR - 2022-09-25 21:42:08 --> mysqli_sql_exception: Unknown column 'created_at' in 'field list' in D:\xampp\htdocs\ci4sbadmin704\system\Database\MySQLi\Connection.php:292
Stack trace:
#0 D:\xampp\htdocs\ci4sbadmin704\system\Database\MySQLi\Connection.php(292): mysqli->query('INSERT INTO `tb...', 0)
#1 D:\xampp\htdocs\ci4sbadmin704\system\Database\BaseConnection.php(693): CodeIgniter\Database\MySQLi\Connection->execute('INSERT INTO `tb...')
#2 D:\xampp\htdocs\ci4sbadmin704\system\Database\BaseConnection.php(620): CodeIgniter\Database\BaseConnection->simpleQuery('INSERT INTO `tb...')
#3 D:\xampp\htdocs\ci4sbadmin704\system\Database\BaseBuilder.php(1916): CodeIgniter\Database\BaseConnection->query('INSERT INTO `tb...', Array, false)
#4 D:\xampp\htdocs\ci4sbadmin704\system\Model.php(279): CodeIgniter\Database\BaseBuilder->insert()
#5 D:\xampp\htdocs\ci4sbadmin704\system\BaseModel.php(738): CodeIgniter\Model->doInsert(Array)
#6 D:\xampp\htdocs\ci4sbadmin704\system\Model.php(667): CodeIgniter\BaseModel->insert(Array, false)
#7 D:\xampp\htdocs\ci4sbadmin704\system\BaseModel.php(658): CodeIgniter\Model->insert(Array, false)
#8 D:\xampp\htdocs\ci4sbadmin704\app\Controllers\Tbcabang.php(77): CodeIgniter\BaseModel->save(Array)
#9 D:\xampp\htdocs\ci4sbadmin704\system\CodeIgniter.php(904): App\Controllers\Tbcabang->save()
#10 D:\xampp\htdocs\ci4sbadmin704\system\CodeIgniter.php(457): CodeIgniter\CodeIgniter->runController(Object(App\Controllers\Tbcabang))
#11 D:\xampp\htdocs\ci4sbadmin704\system\CodeIgniter.php(340): CodeIgniter\CodeIgniter->handleRequest(NULL, Object(Config\Cache), false)
#12 D:\xampp\htdocs\ci4sbadmin704\public\index.php(67): CodeIgniter\CodeIgniter->run()
#13 D:\xampp\htdocs\ci4sbadmin704\system\Commands\Server\rewrite.php(43): require_once('D:\\xampp\\htdocs...')
#14 {main}
CRITICAL - 2022-09-25 21:42:08 --> Unknown column 'created_at' in 'field list'
in SYSTEMPATH\Database\MySQLi\Connection.php on line 292.
 1 SYSTEMPATH\Database\MySQLi\Connection.php(292): mysqli->query('INSERT INTO `tbcabang` (`kode`, `nama`, `user`, `created_at`, `updated_at`) VALUES (\'as\', \'asas\', \'murod1\', \'2022-09-25 21:42:08\', \'2022-09-25 21:42:08\')', 0)
 2 SYSTEMPATH\Database\BaseConnection.php(693): CodeIgniter\Database\MySQLi\Connection->execute('INSERT INTO `tbcabang` (`kode`, `nama`, `user`, `created_at`, `updated_at`) VALUES (\'as\', \'asas\', \'murod1\', \'2022-09-25 21:42:08\', \'2022-09-25 21:42:08\')')
 3 SYSTEMPATH\Database\BaseConnection.php(620): CodeIgniter\Database\BaseConnection->simpleQuery('INSERT INTO `tbcabang` (`kode`, `nama`, `user`, `created_at`, `updated_at`) VALUES (\'as\', \'asas\', \'murod1\', \'2022-09-25 21:42:08\', \'2022-09-25 21:42:08\')')
 4 SYSTEMPATH\Database\BaseBuilder.php(1916): CodeIgniter\Database\BaseConnection->query('INSERT INTO `tbcabang` (`kode`, `nama`, `user`, `created_at`, `updated_at`) VALUES (:kode:, :nama:, :user:, :created_at:, :updated_at:)', [...], false)
 5 SYSTEMPATH\Model.php(279): CodeIgniter\Database\BaseBuilder->insert()
 6 SYSTEMPATH\BaseModel.php(738): CodeIgniter\Model->doInsert([...])
 7 SYSTEMPATH\Model.php(667): CodeIgniter\BaseModel->insert([...], false)
 8 SYSTEMPATH\BaseModel.php(658): CodeIgniter\Model->insert([...], false)
 9 APPPATH\Controllers\Tbcabang.php(77): CodeIgniter\BaseModel->save([...])
10 SYSTEMPATH\CodeIgniter.php(904): App\Controllers\Tbcabang->save()
11 SYSTEMPATH\CodeIgniter.php(457): CodeIgniter\CodeIgniter->runController(Object(App\Controllers\Tbcabang))
12 SYSTEMPATH\CodeIgniter.php(340): CodeIgniter\CodeIgniter->handleRequest(null, Object(Config\Cache), false)
13 FCPATH\index.php(67): CodeIgniter\CodeIgniter->run()
14 SYSTEMPATH\Commands\Server\rewrite.php(43): require_once('FCPATH\\index.php')
CRITICAL - 2022-09-25 21:56:29 --> syntax error, unexpected end of file, expecting "elseif" or "else" or "endif"
in APPPATH\Views\tbcabang\index.php on line 49.
 1 SYSTEMPATH\View\View.php(216): CodeIgniter\View\View->CodeIgniter\View\{closure}()
 2 SYSTEMPATH\Common.php(1142): CodeIgniter\View\View->render('tbcabang/index', [], true)
 3 APPPATH\Controllers\Tbcabang.php(21): view('tbcabang/index', [...])
 4 SYSTEMPATH\CodeIgniter.php(904): App\Controllers\Tbcabang->index()
 5 SYSTEMPATH\CodeIgniter.php(457): CodeIgniter\CodeIgniter->runController(Object(App\Controllers\Tbcabang))
 6 SYSTEMPATH\CodeIgniter.php(340): CodeIgniter\CodeIgniter->handleRequest(null, Object(Config\Cache), false)
 7 FCPATH\index.php(67): CodeIgniter\CodeIgniter->run()
 8 SYSTEMPATH\Commands\Server\rewrite.php(43): require_once('FCPATH\\index.php')
CRITICAL - 2022-09-25 22:00:19 --> Undefined variable $komik
in APPPATH\Views\tbcabang\index.php on line 54.
 1 APPPATH\Views\tbcabang\index.php(54): CodeIgniter\Debug\Exceptions->errorHandler(2, 'Undefined variable $komik', 'APPPATH\\Views\\tbcabang\\index.php', 54)
 2 SYSTEMPATH\View\View.php(213): include('APPPATH\\Views\\tbcabang\\index.php')
 3 SYSTEMPATH\View\View.php(216): CodeIgniter\View\View->CodeIgniter\View\{closure}()
 4 SYSTEMPATH\Common.php(1142): CodeIgniter\View\View->render('tbcabang/index', [], true)
 5 APPPATH\Controllers\Tbcabang.php(21): view('tbcabang/index', [...])
 6 SYSTEMPATH\CodeIgniter.php(904): App\Controllers\Tbcabang->index()
 7 SYSTEMPATH\CodeIgniter.php(457): CodeIgniter\CodeIgniter->runController(Object(App\Controllers\Tbcabang))
 8 SYSTEMPATH\CodeIgniter.php(340): CodeIgniter\CodeIgniter->handleRequest(null, Object(Config\Cache), false)
 9 FCPATH\index.php(67): CodeIgniter\CodeIgniter->run()
10 SYSTEMPATH\Commands\Server\rewrite.php(43): require_once('FCPATH\\index.php')
CRITICAL - 2022-09-25 22:08:47 --> Invalid file: tbcabang/detail.php
in SYSTEMPATH\Exceptions\FrameworkException.php on line 33.
 1 SYSTEMPATH\View\View.php(201): CodeIgniter\Exceptions\FrameworkException::forInvalidFile('tbcabang/detail.php')
 2 SYSTEMPATH\Common.php(1142): CodeIgniter\View\View->render('tbcabang/detail', [], true)
 3 APPPATH\Controllers\Tbcabang.php(33): view('tbcabang/detail', [...])
 4 SYSTEMPATH\CodeIgniter.php(904): App\Controllers\Tbcabang->detail('15')
 5 SYSTEMPATH\CodeIgniter.php(457): CodeIgniter\CodeIgniter->runController(Object(App\Controllers\Tbcabang))
 6 SYSTEMPATH\CodeIgniter.php(340): CodeIgniter\CodeIgniter->handleRequest(null, Object(Config\Cache), false)
 7 FCPATH\index.php(67): CodeIgniter\CodeIgniter->run()
 8 SYSTEMPATH\Commands\Server\rewrite.php(43): require_once('FCPATH\\index.php')
CRITICAL - 2022-09-25 22:09:10 --> Undefined variable $validation
in APPPATH\Views\tbcabang\detail.php on line 27.
 1 APPPATH\Views\tbcabang\detail.php(27): CodeIgniter\Debug\Exceptions->errorHandler(2, 'Undefined variable $validation', 'APPPATH\\Views\\tbcabang\\detail.php', 27)
 2 SYSTEMPATH\View\View.php(213): include('APPPATH\\Views\\tbcabang\\detail.php')
 3 SYSTEMPATH\View\View.php(216): CodeIgniter\View\View->CodeIgniter\View\{closure}()
 4 SYSTEMPATH\Common.php(1142): CodeIgniter\View\View->render('tbcabang/detail', [], true)
 5 APPPATH\Controllers\Tbcabang.php(33): view('tbcabang/detail', [...])
 6 SYSTEMPATH\CodeIgniter.php(904): App\Controllers\Tbcabang->detail('15')
 7 SYSTEMPATH\CodeIgniter.php(457): CodeIgniter\CodeIgniter->runController(Object(App\Controllers\Tbcabang))
 8 SYSTEMPATH\CodeIgniter.php(340): CodeIgniter\CodeIgniter->handleRequest(null, Object(Config\Cache), false)
 9 FCPATH\index.php(67): CodeIgniter\CodeIgniter->run()
10 SYSTEMPATH\Commands\Server\rewrite.php(43): require_once('FCPATH\\index.php')
CRITICAL - 2022-09-25 22:10:46 --> Undefined variable $validation
in APPPATH\Views\tbcabang\detail.php on line 33.
 1 APPPATH\Views\tbcabang\detail.php(33): CodeIgniter\Debug\Exceptions->errorHandler(2, 'Undefined variable $validation', 'APPPATH\\Views\\tbcabang\\detail.php', 33)
 2 SYSTEMPATH\View\View.php(213): include('APPPATH\\Views\\tbcabang\\detail.php')
 3 SYSTEMPATH\View\View.php(216): CodeIgniter\View\View->CodeIgniter\View\{closure}()
 4 SYSTEMPATH\Common.php(1142): CodeIgniter\View\View->render('tbcabang/detail', [], true)
 5 APPPATH\Controllers\Tbcabang.php(33): view('tbcabang/detail', [...])
 6 SYSTEMPATH\CodeIgniter.php(904): App\Controllers\Tbcabang->detail('15')
 7 SYSTEMPATH\CodeIgniter.php(457): CodeIgniter\CodeIgniter->runController(Object(App\Controllers\Tbcabang))
 8 SYSTEMPATH\CodeIgniter.php(340): CodeIgniter\CodeIgniter->handleRequest(null, Object(Config\Cache), false)
 9 FCPATH\index.php(67): CodeIgniter\CodeIgniter->run()
10 SYSTEMPATH\Commands\Server\rewrite.php(43): require_once('FCPATH\\index.php')
