CRITICAL - 2022-12-09 11:08:14 --> Trying to access array offset on value of type null
in APPPATH\Controllers\Wo.php on line 180.
 1 APPPATH\Controllers\Wo.php(180): CodeIgniter\Debug\Exceptions->errorHandler(2, 'Trying to access array offset on value of type null', 'APPPATH\\Controllers\\Wo.php', 180)
 2 SYSTEMPATH\CodeIgniter.php(904): App\Controllers\Wo->formdetail()
 3 SYSTEMPATH\CodeIgniter.php(457): CodeIgniter\CodeIgniter->runController(Object(App\Controllers\Wo))
 4 SYSTEMPATH\CodeIgniter.php(340): CodeIgniter\CodeIgniter->handleRequest(null, Object(Config\Cache), false)
 5 FCPATH\index.php(67): CodeIgniter\CodeIgniter->run()
 6 SYSTEMPATH\Commands\Server\rewrite.php(43): require_once('FCPATH\\index.php')
CRITICAL - 2022-12-09 11:10:34 --> Trying to access array offset on value of type null
in APPPATH\Controllers\Wo.php on line 180.
 1 APPPATH\Controllers\Wo.php(180): CodeIgniter\Debug\Exceptions->errorHandler(2, 'Trying to access array offset on value of type null', 'APPPATH\\Controllers\\Wo.php', 180)
 2 SYSTEMPATH\CodeIgniter.php(904): App\Controllers\Wo->formdetail()
 3 SYSTEMPATH\CodeIgniter.php(457): CodeIgniter\CodeIgniter->runController(Object(App\Controllers\Wo))
 4 SYSTEMPATH\CodeIgniter.php(340): CodeIgniter\CodeIgniter->handleRequest(null, Object(Config\Cache), false)
 5 FCPATH\index.php(67): CodeIgniter\CodeIgniter->run()
 6 SYSTEMPATH\Commands\Server\rewrite.php(43): require_once('FCPATH\\index.php')
CRITICAL - 2022-12-09 11:18:32 --> Trying to access array offset on value of type null
in APPPATH\Controllers\Wo.php on line 180.
 1 APPPATH\Controllers\Wo.php(180): CodeIgniter\Debug\Exceptions->errorHandler(2, 'Trying to access array offset on value of type null', 'APPPATH\\Controllers\\Wo.php', 180)
 2 SYSTEMPATH\CodeIgniter.php(904): App\Controllers\Wo->formdetail()
 3 SYSTEMPATH\CodeIgniter.php(457): CodeIgniter\CodeIgniter->runController(Object(App\Controllers\Wo))
 4 SYSTEMPATH\CodeIgniter.php(340): CodeIgniter\CodeIgniter->handleRequest(null, Object(Config\Cache), false)
 5 FCPATH\index.php(67): CodeIgniter\CodeIgniter->run()
 6 SYSTEMPATH\Commands\Server\rewrite.php(43): require_once('FCPATH\\index.php')
CRITICAL - 2022-12-09 13:54:31 --> Undefined variable $nowo_sementara
in APPPATH\Views\wo\detailestimasi.php on line 190.
 1 APPPATH\Views\wo\detailestimasi.php(190): CodeIgniter\Debug\Exceptions->errorHandler(2, 'Undefined variable $nowo_sementara', 'APPPATH\\Views\\wo\\detailestimasi.php', 190)
 2 SYSTEMPATH\View\View.php(213): include('APPPATH\\Views\\wo\\detailestimasi.php')
 3 SYSTEMPATH\View\View.php(216): CodeIgniter\View\View->CodeIgniter\View\{closure}()
 4 SYSTEMPATH\Common.php(1142): CodeIgniter\View\View->render('wo/detailestimasi', [], true)
 5 APPPATH\Controllers\Wo.php(740): view('wo/detailestimasi', [...])
 6 SYSTEMPATH\CodeIgniter.php(904): App\Controllers\Wo->detailestimasi()
 7 SYSTEMPATH\CodeIgniter.php(457): CodeIgniter\CodeIgniter->runController(Object(App\Controllers\Wo))
 8 SYSTEMPATH\CodeIgniter.php(340): CodeIgniter\CodeIgniter->handleRequest(null, Object(Config\Cache), false)
 9 FCPATH\index.php(67): CodeIgniter\CodeIgniter->run()
10 SYSTEMPATH\Commands\Server\rewrite.php(43): require_once('FCPATH\\index.php')
CRITICAL - 2022-12-09 13:54:47 --> Undefined variable $nowo_sementara
in APPPATH\Views\wo\detailestimasi.php on line 190.
 1 APPPATH\Views\wo\detailestimasi.php(190): CodeIgniter\Debug\Exceptions->errorHandler(2, 'Undefined variable $nowo_sementara', 'APPPATH\\Views\\wo\\detailestimasi.php', 190)
 2 SYSTEMPATH\View\View.php(213): include('APPPATH\\Views\\wo\\detailestimasi.php')
 3 SYSTEMPATH\View\View.php(216): CodeIgniter\View\View->CodeIgniter\View\{closure}()
 4 SYSTEMPATH\Common.php(1142): CodeIgniter\View\View->render('wo/detailestimasi', [], true)
 5 APPPATH\Controllers\Wo.php(740): view('wo/detailestimasi', [...])
 6 SYSTEMPATH\CodeIgniter.php(904): App\Controllers\Wo->detailestimasi()
 7 SYSTEMPATH\CodeIgniter.php(457): CodeIgniter\CodeIgniter->runController(Object(App\Controllers\Wo))
 8 SYSTEMPATH\CodeIgniter.php(340): CodeIgniter\CodeIgniter->handleRequest(null, Object(Config\Cache), false)
 9 FCPATH\index.php(67): CodeIgniter\CodeIgniter->run()
10 SYSTEMPATH\Commands\Server\rewrite.php(43): require_once('FCPATH\\index.php')
CRITICAL - 2022-12-09 13:54:51 --> Undefined variable $nowo_sementara
in APPPATH\Views\wo\detailestimasi.php on line 190.
 1 APPPATH\Views\wo\detailestimasi.php(190): CodeIgniter\Debug\Exceptions->errorHandler(2, 'Undefined variable $nowo_sementara', 'APPPATH\\Views\\wo\\detailestimasi.php', 190)
 2 SYSTEMPATH\View\View.php(213): include('APPPATH\\Views\\wo\\detailestimasi.php')
 3 SYSTEMPATH\View\View.php(216): CodeIgniter\View\View->CodeIgniter\View\{closure}()
 4 SYSTEMPATH\Common.php(1142): CodeIgniter\View\View->render('wo/detailestimasi', [], true)
 5 APPPATH\Controllers\Wo.php(740): view('wo/detailestimasi', [...])
 6 SYSTEMPATH\CodeIgniter.php(904): App\Controllers\Wo->detailestimasi()
 7 SYSTEMPATH\CodeIgniter.php(457): CodeIgniter\CodeIgniter->runController(Object(App\Controllers\Wo))
 8 SYSTEMPATH\CodeIgniter.php(340): CodeIgniter\CodeIgniter->handleRequest(null, Object(Config\Cache), false)
 9 FCPATH\index.php(67): CodeIgniter\CodeIgniter->run()
10 SYSTEMPATH\Commands\Server\rewrite.php(43): require_once('FCPATH\\index.php')
CRITICAL - 2022-12-09 13:55:06 --> Undefined variable $nowo_sementara
in APPPATH\Views\wo\detailestimasi.php on line 190.
 1 APPPATH\Views\wo\detailestimasi.php(190): CodeIgniter\Debug\Exceptions->errorHandler(2, 'Undefined variable $nowo_sementara', 'APPPATH\\Views\\wo\\detailestimasi.php', 190)
 2 SYSTEMPATH\View\View.php(213): include('APPPATH\\Views\\wo\\detailestimasi.php')
 3 SYSTEMPATH\View\View.php(216): CodeIgniter\View\View->CodeIgniter\View\{closure}()
 4 SYSTEMPATH\Common.php(1142): CodeIgniter\View\View->render('wo/detailestimasi', [], true)
 5 APPPATH\Controllers\Wo.php(740): view('wo/detailestimasi', [...])
 6 SYSTEMPATH\CodeIgniter.php(904): App\Controllers\Wo->detailestimasi()
 7 SYSTEMPATH\CodeIgniter.php(457): CodeIgniter\CodeIgniter->runController(Object(App\Controllers\Wo))
 8 SYSTEMPATH\CodeIgniter.php(340): CodeIgniter\CodeIgniter->handleRequest(null, Object(Config\Cache), false)
 9 FCPATH\index.php(67): CodeIgniter\CodeIgniter->run()
10 SYSTEMPATH\Commands\Server\rewrite.php(43): require_once('FCPATH\\index.php')
CRITICAL - 2022-12-09 13:55:27 --> Undefined variable $nowo_sementara
in APPPATH\Views\wo\detailestimasi.php on line 190.
 1 APPPATH\Views\wo\detailestimasi.php(190): CodeIgniter\Debug\Exceptions->errorHandler(2, 'Undefined variable $nowo_sementara', 'APPPATH\\Views\\wo\\detailestimasi.php', 190)
 2 SYSTEMPATH\View\View.php(213): include('APPPATH\\Views\\wo\\detailestimasi.php')
 3 SYSTEMPATH\View\View.php(216): CodeIgniter\View\View->CodeIgniter\View\{closure}()
 4 SYSTEMPATH\Common.php(1142): CodeIgniter\View\View->render('wo/detailestimasi', [], true)
 5 APPPATH\Controllers\Wo.php(740): view('wo/detailestimasi', [...])
 6 SYSTEMPATH\CodeIgniter.php(904): App\Controllers\Wo->detailestimasi()
 7 SYSTEMPATH\CodeIgniter.php(457): CodeIgniter\CodeIgniter->runController(Object(App\Controllers\Wo))
 8 SYSTEMPATH\CodeIgniter.php(340): CodeIgniter\CodeIgniter->handleRequest(null, Object(Config\Cache), false)
 9 FCPATH\index.php(67): CodeIgniter\CodeIgniter->run()
10 SYSTEMPATH\Commands\Server\rewrite.php(43): require_once('FCPATH\\index.php')
CRITICAL - 2022-12-09 14:04:42 --> Undefined array key "kelompok"
in APPPATH\Views\wo\detailestimasi.php on line 53.
 1 APPPATH\Views\wo\detailestimasi.php(53): CodeIgniter\Debug\Exceptions->errorHandler(2, 'Undefined array key "kelompok"', 'APPPATH\\Views\\wo\\detailestimasi.php', 53)
 2 SYSTEMPATH\View\View.php(213): include('APPPATH\\Views\\wo\\detailestimasi.php')
 3 SYSTEMPATH\View\View.php(216): CodeIgniter\View\View->CodeIgniter\View\{closure}()
 4 SYSTEMPATH\Common.php(1142): CodeIgniter\View\View->render('wo/detailestimasi', [], true)
 5 APPPATH\Controllers\Wo.php(740): view('wo/detailestimasi', [...])
 6 SYSTEMPATH\CodeIgniter.php(904): App\Controllers\Wo->detailestimasi()
 7 SYSTEMPATH\CodeIgniter.php(457): CodeIgniter\CodeIgniter->runController(Object(App\Controllers\Wo))
 8 SYSTEMPATH\CodeIgniter.php(340): CodeIgniter\CodeIgniter->handleRequest(null, Object(Config\Cache), false)
 9 FCPATH\index.php(67): CodeIgniter\CodeIgniter->run()
10 SYSTEMPATH\Commands\Server\rewrite.php(43): require_once('FCPATH\\index.php')
CRITICAL - 2022-12-09 14:26:29 --> Undefined array key "alamat_asuransi"
in APPPATH\Views\wo\detailestimasi.php on line 81.
 1 APPPATH\Views\wo\detailestimasi.php(81): CodeIgniter\Debug\Exceptions->errorHandler(2, 'Undefined array key "alamat_asuransi"', 'APPPATH\\Views\\wo\\detailestimasi.php', 81)
 2 SYSTEMPATH\View\View.php(213): include('APPPATH\\Views\\wo\\detailestimasi.php')
 3 SYSTEMPATH\View\View.php(216): CodeIgniter\View\View->CodeIgniter\View\{closure}()
 4 SYSTEMPATH\Common.php(1142): CodeIgniter\View\View->render('wo/detailestimasi', [], true)
 5 APPPATH\Controllers\Wo.php(740): view('wo/detailestimasi', [...])
 6 SYSTEMPATH\CodeIgniter.php(904): App\Controllers\Wo->detailestimasi()
 7 SYSTEMPATH\CodeIgniter.php(457): CodeIgniter\CodeIgniter->runController(Object(App\Controllers\Wo))
 8 SYSTEMPATH\CodeIgniter.php(340): CodeIgniter\CodeIgniter->handleRequest(null, Object(Config\Cache), false)
 9 FCPATH\index.php(67): CodeIgniter\CodeIgniter->run()
10 SYSTEMPATH\Commands\Server\rewrite.php(43): require_once('FCPATH\\index.php')
CRITICAL - 2022-12-09 14:26:45 --> Undefined array key "alamat_asuransi"
in APPPATH\Views\wo\detailestimasi.php on line 81.
 1 APPPATH\Views\wo\detailestimasi.php(81): CodeIgniter\Debug\Exceptions->errorHandler(2, 'Undefined array key "alamat_asuransi"', 'APPPATH\\Views\\wo\\detailestimasi.php', 81)
 2 SYSTEMPATH\View\View.php(213): include('APPPATH\\Views\\wo\\detailestimasi.php')
 3 SYSTEMPATH\View\View.php(216): CodeIgniter\View\View->CodeIgniter\View\{closure}()
 4 SYSTEMPATH\Common.php(1142): CodeIgniter\View\View->render('wo/detailestimasi', [], true)
 5 APPPATH\Controllers\Wo.php(740): view('wo/detailestimasi', [...])
 6 SYSTEMPATH\CodeIgniter.php(904): App\Controllers\Wo->detailestimasi()
 7 SYSTEMPATH\CodeIgniter.php(457): CodeIgniter\CodeIgniter->runController(Object(App\Controllers\Wo))
 8 SYSTEMPATH\CodeIgniter.php(340): CodeIgniter\CodeIgniter->handleRequest(null, Object(Config\Cache), false)
 9 FCPATH\index.php(67): CodeIgniter\CodeIgniter->run()
10 SYSTEMPATH\Commands\Server\rewrite.php(43): require_once('FCPATH\\index.php')
CRITICAL - 2022-12-09 14:26:48 --> Undefined array key "alamat_asuransi"
in APPPATH\Views\wo\detailestimasi.php on line 81.
 1 APPPATH\Views\wo\detailestimasi.php(81): CodeIgniter\Debug\Exceptions->errorHandler(2, 'Undefined array key "alamat_asuransi"', 'APPPATH\\Views\\wo\\detailestimasi.php', 81)
 2 SYSTEMPATH\View\View.php(213): include('APPPATH\\Views\\wo\\detailestimasi.php')
 3 SYSTEMPATH\View\View.php(216): CodeIgniter\View\View->CodeIgniter\View\{closure}()
 4 SYSTEMPATH\Common.php(1142): CodeIgniter\View\View->render('wo/detailestimasi', [], true)
 5 APPPATH\Controllers\Wo.php(740): view('wo/detailestimasi', [...])
 6 SYSTEMPATH\CodeIgniter.php(904): App\Controllers\Wo->detailestimasi()
 7 SYSTEMPATH\CodeIgniter.php(457): CodeIgniter\CodeIgniter->runController(Object(App\Controllers\Wo))
 8 SYSTEMPATH\CodeIgniter.php(340): CodeIgniter\CodeIgniter->handleRequest(null, Object(Config\Cache), false)
 9 FCPATH\index.php(67): CodeIgniter\CodeIgniter->run()
10 SYSTEMPATH\Commands\Server\rewrite.php(43): require_once('FCPATH\\index.php')
CRITICAL - 2022-12-09 14:26:53 --> Undefined array key "alamat_asuransi"
in APPPATH\Views\wo\detailestimasi.php on line 81.
 1 APPPATH\Views\wo\detailestimasi.php(81): CodeIgniter\Debug\Exceptions->errorHandler(2, 'Undefined array key "alamat_asuransi"', 'APPPATH\\Views\\wo\\detailestimasi.php', 81)
 2 SYSTEMPATH\View\View.php(213): include('APPPATH\\Views\\wo\\detailestimasi.php')
 3 SYSTEMPATH\View\View.php(216): CodeIgniter\View\View->CodeIgniter\View\{closure}()
 4 SYSTEMPATH\Common.php(1142): CodeIgniter\View\View->render('wo/detailestimasi', [], true)
 5 APPPATH\Controllers\Wo.php(740): view('wo/detailestimasi', [...])
 6 SYSTEMPATH\CodeIgniter.php(904): App\Controllers\Wo->detailestimasi()
 7 SYSTEMPATH\CodeIgniter.php(457): CodeIgniter\CodeIgniter->runController(Object(App\Controllers\Wo))
 8 SYSTEMPATH\CodeIgniter.php(340): CodeIgniter\CodeIgniter->handleRequest(null, Object(Config\Cache), false)
 9 FCPATH\index.php(67): CodeIgniter\CodeIgniter->run()
10 SYSTEMPATH\Commands\Server\rewrite.php(43): require_once('FCPATH\\index.php')
CRITICAL - 2022-12-09 14:48:45 --> Undefined variable $checked
in APPPATH\Views\wo\detailestimasi.php on line 88.
 1 APPPATH\Views\wo\detailestimasi.php(88): CodeIgniter\Debug\Exceptions->errorHandler(2, 'Undefined variable $checked', 'APPPATH\\Views\\wo\\detailestimasi.php', 88)
 2 SYSTEMPATH\View\View.php(213): include('APPPATH\\Views\\wo\\detailestimasi.php')
 3 SYSTEMPATH\View\View.php(216): CodeIgniter\View\View->CodeIgniter\View\{closure}()
 4 SYSTEMPATH\Common.php(1142): CodeIgniter\View\View->render('wo/detailestimasi', [], true)
 5 APPPATH\Controllers\Wo.php(740): view('wo/detailestimasi', [...])
 6 SYSTEMPATH\CodeIgniter.php(904): App\Controllers\Wo->detailestimasi()
 7 SYSTEMPATH\CodeIgniter.php(457): CodeIgniter\CodeIgniter->runController(Object(App\Controllers\Wo))
 8 SYSTEMPATH\CodeIgniter.php(340): CodeIgniter\CodeIgniter->handleRequest(null, Object(Config\Cache), false)
 9 FCPATH\index.php(67): CodeIgniter\CodeIgniter->run()
10 SYSTEMPATH\Commands\Server\rewrite.php(43): require_once('FCPATH\\index.php')
