CRITICAL - 2023-07-03 10:07:41 --> Invalid file: po_part/modaltambah1.php
in SYSTEMPATH\Exceptions\FrameworkException.php on line 33.
 1 SYSTEMPATH\View\View.php(201): CodeIgniter\Exceptions\FrameworkException::forInvalidFile('po_part/modaltambah1.php')
 2 SYSTEMPATH\Common.php(1142): CodeIgniter\View\View->render('po_part/modaltambah1', [], true)
 3 APPPATH\Controllers\Po_part.php(118): view('po_part/modaltambah1', [...])
 4 SYSTEMPATH\CodeIgniter.php(904): App\Controllers\Po_part->formtambah()
 5 SYSTEMPATH\CodeIgniter.php(457): CodeIgniter\CodeIgniter->runController(Object(App\Controllers\Po_part))
 6 SYSTEMPATH\CodeIgniter.php(340): CodeIgniter\CodeIgniter->handleRequest(null, Object(Config\Cache), false)
 7 FCPATH\index.php(67): CodeIgniter\CodeIgniter->run()
 8 SYSTEMPATH\Commands\Server\rewrite.php(43): require_once('FCPATH\\index.php')
CRITICAL - 2023-07-03 13:32:49 --> preg_replace(): Passing null to parameter #3 ($subject) of type array|string is deprecated
in APPPATH\Controllers\Po_part.php on line 181.
 1 [internal function]: CodeIgniter\Debug\Exceptions->errorHandler(8192, 'preg_replace(): Passing null to parameter #3 ($subject) of type array|string is deprecated', 'APPPATH\\Controllers\\Po_part.php', 181)
 2 APPPATH\Controllers\Po_part.php(181): preg_replace('/[^a-zA-Z0-9]/', 'ROOTPATH\\public', null)
 3 SYSTEMPATH\CodeIgniter.php(904): App\Controllers\Po_part->simpanpo_part()
 4 SYSTEMPATH\CodeIgniter.php(457): CodeIgniter\CodeIgniter->runController(Object(App\Controllers\Po_part))
 5 SYSTEMPATH\CodeIgniter.php(340): CodeIgniter\CodeIgniter->handleRequest(null, Object(Config\Cache), false)
 6 FCPATH\index.php(67): CodeIgniter\CodeIgniter->run()
 7 SYSTEMPATH\Commands\Server\rewrite.php(43): require_once('FCPATH\\index.php')
ERROR - 2023-07-03 13:33:25 --> mysqli_sql_exception: Column 'nmsupplier' cannot be null in D:\xampp\htdocs\hati\system\Database\MySQLi\Connection.php:292
Stack trace:
#0 D:\xampp\htdocs\hati\system\Database\MySQLi\Connection.php(292): mysqli->query('INSERT INTO `po...', 0)
#1 D:\xampp\htdocs\hati\system\Database\BaseConnection.php(693): CodeIgniter\Database\MySQLi\Connection->execute('INSERT INTO `po...')
#2 D:\xampp\htdocs\hati\system\Database\BaseConnection.php(620): CodeIgniter\Database\BaseConnection->simpleQuery('INSERT INTO `po...')
#3 D:\xampp\htdocs\hati\system\Database\BaseBuilder.php(1916): CodeIgniter\Database\BaseConnection->query('INSERT INTO `po...', Array, false)
#4 D:\xampp\htdocs\hati\system\Model.php(279): CodeIgniter\Database\BaseBuilder->insert()
#5 D:\xampp\htdocs\hati\system\BaseModel.php(738): CodeIgniter\Model->doInsert(Array)
#6 D:\xampp\htdocs\hati\system\Model.php(667): CodeIgniter\BaseModel->insert(Array, true)
#7 D:\xampp\htdocs\hati\app\Controllers\Po_part.php(188): CodeIgniter\Model->insert(Array)
#8 D:\xampp\htdocs\hati\system\CodeIgniter.php(904): App\Controllers\Po_part->simpanpo_part()
#9 D:\xampp\htdocs\hati\system\CodeIgniter.php(457): CodeIgniter\CodeIgniter->runController(Object(App\Controllers\Po_part))
#10 D:\xampp\htdocs\hati\system\CodeIgniter.php(340): CodeIgniter\CodeIgniter->handleRequest(NULL, Object(Config\Cache), false)
#11 D:\xampp\htdocs\hati\public\index.php(67): CodeIgniter\CodeIgniter->run()
#12 D:\xampp\htdocs\hati\system\Commands\Server\rewrite.php(43): require_once('D:\\xampp\\htdocs...')
#13 {main}
CRITICAL - 2023-07-03 13:33:25 --> Column 'nmsupplier' cannot be null
in SYSTEMPATH\Database\MySQLi\Connection.php on line 292.
 1 SYSTEMPATH\Database\MySQLi\Connection.php(292): mysqli->query('INSERT INTO `po_part` (`nopo`, `tanggal`, `kdsupplier`, `nmsupplier`, `jnsorder`, `biaya1`, `biaya2`, `nbiaya1`, `nbiaya2`, `catatan`, `subtotal`, `totalsmt`, `ppn`, `rp_ppn`, `materai`, `user`, `created_at`, `updated_at`) VALUES (\'PO20230722224\', \'2023-07-03T13:33:22\', \'aaa\', NULL, \'\', \'\', \'\', \'0\', \'0\', \'\', \'0\', \'0\', \'0\', \'0\', \'0\', \'Tambah-Murod-03-07-2023 13:33:25\', \'2023-07-03 13:33:25\', \'2023-07-03 13:33:25\')', 0)
 2 SYSTEMPATH\Database\BaseConnection.php(693): CodeIgniter\Database\MySQLi\Connection->execute('INSERT INTO `po_part` (`nopo`, `tanggal`, `kdsupplier`, `nmsupplier`, `jnsorder`, `biaya1`, `biaya2`, `nbiaya1`, `nbiaya2`, `catatan`, `subtotal`, `totalsmt`, `ppn`, `rp_ppn`, `materai`, `user`, `created_at`, `updated_at`) VALUES (\'PO20230722224\', \'2023-07-03T13:33:22\', \'aaa\', NULL, \'\', \'\', \'\', \'0\', \'0\', \'\', \'0\', \'0\', \'0\', \'0\', \'0\', \'Tambah-Murod-03-07-2023 13:33:25\', \'2023-07-03 13:33:25\', \'2023-07-03 13:33:25\')')
 3 SYSTEMPATH\Database\BaseConnection.php(620): CodeIgniter\Database\BaseConnection->simpleQuery('INSERT INTO `po_part` (`nopo`, `tanggal`, `kdsupplier`, `nmsupplier`, `jnsorder`, `biaya1`, `biaya2`, `nbiaya1`, `nbiaya2`, `catatan`, `subtotal`, `totalsmt`, `ppn`, `rp_ppn`, `materai`, `user`, `created_at`, `updated_at`) VALUES (\'PO20230722224\', \'2023-07-03T13:33:22\', \'aaa\', NULL, \'\', \'\', \'\', \'0\', \'0\', \'\', \'0\', \'0\', \'0\', \'0\', \'0\', \'Tambah-Murod-03-07-2023 13:33:25\', \'2023-07-03 13:33:25\', \'2023-07-03 13:33:25\')')
 4 SYSTEMPATH\Database\BaseBuilder.php(1916): CodeIgniter\Database\BaseConnection->query('INSERT INTO `po_part` (`nopo`, `tanggal`, `kdsupplier`, `nmsupplier`, `jnsorder`, `biaya1`, `biaya2`, `nbiaya1`, `nbiaya2`, `catatan`, `subtotal`, `totalsmt`, `ppn`, `rp_ppn`, `materai`, `user`, `created_at`, `updated_at`) VALUES (:nopo:, :tanggal:, :kdsupplier:, :nmsupplier:, :jnsorder:, :biaya1:, :biaya2:, :nbiaya1:, :nbiaya2:, :catatan:, :subtotal:, :totalsmt:, :ppn:, :rp_ppn:, :materai:, :user:, :created_at:, :updated_at:)', [...], false)
 5 SYSTEMPATH\Model.php(279): CodeIgniter\Database\BaseBuilder->insert()
 6 SYSTEMPATH\BaseModel.php(738): CodeIgniter\Model->doInsert([...])
 7 SYSTEMPATH\Model.php(667): CodeIgniter\BaseModel->insert([...], true)
 8 APPPATH\Controllers\Po_part.php(188): CodeIgniter\Model->insert([...])
 9 SYSTEMPATH\CodeIgniter.php(904): App\Controllers\Po_part->simpanpo_part()
10 SYSTEMPATH\CodeIgniter.php(457): CodeIgniter\CodeIgniter->runController(Object(App\Controllers\Po_part))
11 SYSTEMPATH\CodeIgniter.php(340): CodeIgniter\CodeIgniter->handleRequest(null, Object(Config\Cache), false)
12 FCPATH\index.php(67): CodeIgniter\CodeIgniter->run()
13 SYSTEMPATH\Commands\Server\rewrite.php(43): require_once('FCPATH\\index.php')
CRITICAL - 2023-07-03 14:03:35 --> Invalid file: tbsupplier/modalcarisupplier.php
in SYSTEMPATH\Exceptions\FrameworkException.php on line 33.
 1 SYSTEMPATH\View\View.php(201): CodeIgniter\Exceptions\FrameworkException::forInvalidFile('tbsupplier/modalcarisupplier.php')
 2 SYSTEMPATH\Common.php(1142): CodeIgniter\View\View->render('tbsupplier/modalcarisupplier', [], true)
 3 APPPATH\Controllers\Po_part.php(286): view('tbsupplier/modalcarisupplier', [...])
 4 SYSTEMPATH\CodeIgniter.php(904): App\Controllers\Po_part->caridatasupplier()
 5 SYSTEMPATH\CodeIgniter.php(457): CodeIgniter\CodeIgniter->runController(Object(App\Controllers\Po_part))
 6 SYSTEMPATH\CodeIgniter.php(340): CodeIgniter\CodeIgniter->handleRequest(null, Object(Config\Cache), false)
 7 FCPATH\index.php(67): CodeIgniter\CodeIgniter->run()
 8 SYSTEMPATH\Commands\Server\rewrite.php(43): require_once('FCPATH\\index.php')
CRITICAL - 2023-07-03 14:06:19 --> Invalid file: tbsupplier/modalcarisupplier.php
in SYSTEMPATH\Exceptions\FrameworkException.php on line 33.
 1 SYSTEMPATH\View\View.php(201): CodeIgniter\Exceptions\FrameworkException::forInvalidFile('tbsupplier/modalcarisupplier.php')
 2 SYSTEMPATH\Common.php(1142): CodeIgniter\View\View->render('tbsupplier/modalcarisupplier', [], true)
 3 APPPATH\Controllers\Po_part.php(286): view('tbsupplier/modalcarisupplier', [...])
 4 SYSTEMPATH\CodeIgniter.php(904): App\Controllers\Po_part->caridatasupplier()
 5 SYSTEMPATH\CodeIgniter.php(457): CodeIgniter\CodeIgniter->runController(Object(App\Controllers\Po_part))
 6 SYSTEMPATH\CodeIgniter.php(340): CodeIgniter\CodeIgniter->handleRequest(null, Object(Config\Cache), false)
 7 FCPATH\index.php(67): CodeIgniter\CodeIgniter->run()
 8 SYSTEMPATH\Commands\Server\rewrite.php(43): require_once('FCPATH\\index.php')
CRITICAL - 2023-07-03 14:07:06 --> Undefined array key "nopo"
in APPPATH\Controllers\Po_part.php on line 297.
 1 APPPATH\Controllers\Po_part.php(297): CodeIgniter\Debug\Exceptions->errorHandler(2, 'Undefined array key "nopo"', 'APPPATH\\Controllers\\Po_part.php', 297)
 2 SYSTEMPATH\CodeIgniter.php(904): App\Controllers\Po_part->replsupplier()
 3 SYSTEMPATH\CodeIgniter.php(457): CodeIgniter\CodeIgniter->runController(Object(App\Controllers\Po_part))
 4 SYSTEMPATH\CodeIgniter.php(340): CodeIgniter\CodeIgniter->handleRequest(null, Object(Config\Cache), false)
 5 FCPATH\index.php(67): CodeIgniter\CodeIgniter->run()
 6 SYSTEMPATH\Commands\Server\rewrite.php(43): require_once('FCPATH\\index.php')
CRITICAL - 2023-07-03 14:07:15 --> Undefined array key "nopo"
in APPPATH\Controllers\Po_part.php on line 297.
 1 APPPATH\Controllers\Po_part.php(297): CodeIgniter\Debug\Exceptions->errorHandler(2, 'Undefined array key "nopo"', 'APPPATH\\Controllers\\Po_part.php', 297)
 2 SYSTEMPATH\CodeIgniter.php(904): App\Controllers\Po_part->replsupplier()
 3 SYSTEMPATH\CodeIgniter.php(457): CodeIgniter\CodeIgniter->runController(Object(App\Controllers\Po_part))
 4 SYSTEMPATH\CodeIgniter.php(340): CodeIgniter\CodeIgniter->handleRequest(null, Object(Config\Cache), false)
 5 FCPATH\index.php(67): CodeIgniter\CodeIgniter->run()
 6 SYSTEMPATH\Commands\Server\rewrite.php(43): require_once('FCPATH\\index.php')
CRITICAL - 2023-07-03 14:08:32 --> Undefined array key "nopo"
in APPPATH\Controllers\Po_part.php on line 297.
 1 APPPATH\Controllers\Po_part.php(297): CodeIgniter\Debug\Exceptions->errorHandler(2, 'Undefined array key "nopo"', 'APPPATH\\Controllers\\Po_part.php', 297)
 2 SYSTEMPATH\CodeIgniter.php(904): App\Controllers\Po_part->replsupplier()
 3 SYSTEMPATH\CodeIgniter.php(457): CodeIgniter\CodeIgniter->runController(Object(App\Controllers\Po_part))
 4 SYSTEMPATH\CodeIgniter.php(340): CodeIgniter\CodeIgniter->handleRequest(null, Object(Config\Cache), false)
 5 FCPATH\index.php(67): CodeIgniter\CodeIgniter->run()
 6 SYSTEMPATH\Commands\Server\rewrite.php(43): require_once('FCPATH\\index.php')
CRITICAL - 2023-07-03 14:09:04 --> Cannot access offset of type string on string
in APPPATH\Controllers\Po_part.php on line 303.
 1 SYSTEMPATH\CodeIgniter.php(904): App\Controllers\Po_part->replsupplier()
 2 SYSTEMPATH\CodeIgniter.php(457): CodeIgniter\CodeIgniter->runController(Object(App\Controllers\Po_part))
 3 SYSTEMPATH\CodeIgniter.php(340): CodeIgniter\CodeIgniter->handleRequest(null, Object(Config\Cache), false)
 4 FCPATH\index.php(67): CodeIgniter\CodeIgniter->run()
 5 SYSTEMPATH\Commands\Server\rewrite.php(43): require_once('FCPATH\\index.php')
CRITICAL - 2023-07-03 14:10:30 --> Cannot access offset of type string on string
in APPPATH\Controllers\Po_part.php on line 303.
 1 SYSTEMPATH\CodeIgniter.php(904): App\Controllers\Po_part->replsupplier()
 2 SYSTEMPATH\CodeIgniter.php(457): CodeIgniter\CodeIgniter->runController(Object(App\Controllers\Po_part))
 3 SYSTEMPATH\CodeIgniter.php(340): CodeIgniter\CodeIgniter->handleRequest(null, Object(Config\Cache), false)
 4 FCPATH\index.php(67): CodeIgniter\CodeIgniter->run()
 5 SYSTEMPATH\Commands\Server\rewrite.php(43): require_once('FCPATH\\index.php')
CRITICAL - 2023-07-03 14:11:10 --> Cannot access offset of type string on string
in APPPATH\Controllers\Po_part.php on line 303.
 1 SYSTEMPATH\CodeIgniter.php(904): App\Controllers\Po_part->replsupplier()
 2 SYSTEMPATH\CodeIgniter.php(457): CodeIgniter\CodeIgniter->runController(Object(App\Controllers\Po_part))
 3 SYSTEMPATH\CodeIgniter.php(340): CodeIgniter\CodeIgniter->handleRequest(null, Object(Config\Cache), false)
 4 FCPATH\index.php(67): CodeIgniter\CodeIgniter->run()
 5 SYSTEMPATH\Commands\Server\rewrite.php(43): require_once('FCPATH\\index.php')
CRITICAL - 2023-07-03 14:11:59 --> Cannot access offset of type string on string
in APPPATH\Controllers\Po_part.php on line 303.
 1 SYSTEMPATH\CodeIgniter.php(904): App\Controllers\Po_part->replsupplier()
 2 SYSTEMPATH\CodeIgniter.php(457): CodeIgniter\CodeIgniter->runController(Object(App\Controllers\Po_part))
 3 SYSTEMPATH\CodeIgniter.php(340): CodeIgniter\CodeIgniter->handleRequest(null, Object(Config\Cache), false)
 4 FCPATH\index.php(67): CodeIgniter\CodeIgniter->run()
 5 SYSTEMPATH\Commands\Server\rewrite.php(43): require_once('FCPATH\\index.php')
CRITICAL - 2023-07-03 14:12:43 --> Cannot access offset of type string on string
in APPPATH\Controllers\Po_part.php on line 304.
 1 SYSTEMPATH\CodeIgniter.php(904): App\Controllers\Po_part->replsupplier()
 2 SYSTEMPATH\CodeIgniter.php(457): CodeIgniter\CodeIgniter->runController(Object(App\Controllers\Po_part))
 3 SYSTEMPATH\CodeIgniter.php(340): CodeIgniter\CodeIgniter->handleRequest(null, Object(Config\Cache), false)
 4 FCPATH\index.php(67): CodeIgniter\CodeIgniter->run()
 5 SYSTEMPATH\Commands\Server\rewrite.php(43): require_once('FCPATH\\index.php')
CRITICAL - 2023-07-03 14:30:38 --> Undefined array key "kode"
in APPPATH\Controllers\Po_part.php on line 302.
 1 APPPATH\Controllers\Po_part.php(302): CodeIgniter\Debug\Exceptions->errorHandler(2, 'Undefined array key "kode"', 'APPPATH\\Controllers\\Po_part.php', 302)
 2 SYSTEMPATH\CodeIgniter.php(904): App\Controllers\Po_part->replsupplier()
 3 SYSTEMPATH\CodeIgniter.php(457): CodeIgniter\CodeIgniter->runController(Object(App\Controllers\Po_part))
 4 SYSTEMPATH\CodeIgniter.php(340): CodeIgniter\CodeIgniter->handleRequest(null, Object(Config\Cache), false)
 5 FCPATH\index.php(67): CodeIgniter\CodeIgniter->run()
 6 SYSTEMPATH\Commands\Server\rewrite.php(43): require_once('FCPATH\\index.php')
CRITICAL - 2023-07-03 14:30:46 --> Undefined array key "kode"
in APPPATH\Controllers\Po_part.php on line 302.
 1 APPPATH\Controllers\Po_part.php(302): CodeIgniter\Debug\Exceptions->errorHandler(2, 'Undefined array key "kode"', 'APPPATH\\Controllers\\Po_part.php', 302)
 2 SYSTEMPATH\CodeIgniter.php(904): App\Controllers\Po_part->replsupplier()
 3 SYSTEMPATH\CodeIgniter.php(457): CodeIgniter\CodeIgniter->runController(Object(App\Controllers\Po_part))
 4 SYSTEMPATH\CodeIgniter.php(340): CodeIgniter\CodeIgniter->handleRequest(null, Object(Config\Cache), false)
 5 FCPATH\index.php(67): CodeIgniter\CodeIgniter->run()
 6 SYSTEMPATH\Commands\Server\rewrite.php(43): require_once('FCPATH\\index.php')
CRITICAL - 2023-07-03 14:33:15 --> Undefined array key "nopolisi"
in APPPATH\Controllers\Po_part.php on line 94.
 1 APPPATH\Controllers\Po_part.php(94): CodeIgniter\Debug\Exceptions->errorHandler(2, 'Undefined array key "nopolisi"', 'APPPATH\\Controllers\\Po_part.php', 94)
 2 SYSTEMPATH\CodeIgniter.php(904): App\Controllers\Po_part->formdetail()
 3 SYSTEMPATH\CodeIgniter.php(457): CodeIgniter\CodeIgniter->runController(Object(App\Controllers\Po_part))
 4 SYSTEMPATH\CodeIgniter.php(340): CodeIgniter\CodeIgniter->handleRequest(null, Object(Config\Cache), false)
 5 FCPATH\index.php(67): CodeIgniter\CodeIgniter->run()
 6 SYSTEMPATH\Commands\Server\rewrite.php(43): require_once('FCPATH\\index.php')
CRITICAL - 2023-07-03 14:37:01 --> Undefined array key "nopolisi"
in APPPATH\Controllers\Po_part.php on line 94.
 1 APPPATH\Controllers\Po_part.php(94): CodeIgniter\Debug\Exceptions->errorHandler(2, 'Undefined array key "nopolisi"', 'APPPATH\\Controllers\\Po_part.php', 94)
 2 SYSTEMPATH\CodeIgniter.php(904): App\Controllers\Po_part->formdetail()
 3 SYSTEMPATH\CodeIgniter.php(457): CodeIgniter\CodeIgniter->runController(Object(App\Controllers\Po_part))
 4 SYSTEMPATH\CodeIgniter.php(340): CodeIgniter\CodeIgniter->handleRequest(null, Object(Config\Cache), false)
 5 FCPATH\index.php(67): CodeIgniter\CodeIgniter->run()
 6 SYSTEMPATH\Commands\Server\rewrite.php(43): require_once('FCPATH\\index.php')
CRITICAL - 2023-07-03 14:38:54 --> Undefined array key "proses"
in APPPATH\Controllers\Po_part.php on line 385.
 1 APPPATH\Controllers\Po_part.php(385): CodeIgniter\Debug\Exceptions->errorHandler(2, 'Undefined array key "proses"', 'APPPATH\\Controllers\\Po_part.php', 385)
 2 SYSTEMPATH\CodeIgniter.php(904): App\Controllers\Po_part->unclose_po_part()
 3 SYSTEMPATH\CodeIgniter.php(457): CodeIgniter\CodeIgniter->runController(Object(App\Controllers\Po_part))
 4 SYSTEMPATH\CodeIgniter.php(340): CodeIgniter\CodeIgniter->handleRequest(null, Object(Config\Cache), false)
 5 FCPATH\index.php(67): CodeIgniter\CodeIgniter->run()
 6 SYSTEMPATH\Commands\Server\rewrite.php(43): require_once('FCPATH\\index.php')
CRITICAL - 2023-07-03 14:43:49 --> Undefined array key "nopolisi"
in APPPATH\Controllers\Po_part.php on line 94.
 1 APPPATH\Controllers\Po_part.php(94): CodeIgniter\Debug\Exceptions->errorHandler(2, 'Undefined array key "nopolisi"', 'APPPATH\\Controllers\\Po_part.php', 94)
 2 SYSTEMPATH\CodeIgniter.php(904): App\Controllers\Po_part->formdetail()
 3 SYSTEMPATH\CodeIgniter.php(457): CodeIgniter\CodeIgniter->runController(Object(App\Controllers\Po_part))
 4 SYSTEMPATH\CodeIgniter.php(340): CodeIgniter\CodeIgniter->handleRequest(null, Object(Config\Cache), false)
 5 FCPATH\index.php(67): CodeIgniter\CodeIgniter->run()
 6 SYSTEMPATH\Commands\Server\rewrite.php(43): require_once('FCPATH\\index.php')
CRITICAL - 2023-07-03 15:14:36 --> Undefined array key "proses"
in APPPATH\Controllers\Po_part.php on line 406.
 1 APPPATH\Controllers\Po_part.php(406): CodeIgniter\Debug\Exceptions->errorHandler(2, 'Undefined array key "proses"', 'APPPATH\\Controllers\\Po_part.php', 406)
 2 SYSTEMPATH\CodeIgniter.php(904): App\Controllers\Po_part->hapus_po_part()
 3 SYSTEMPATH\CodeIgniter.php(457): CodeIgniter\CodeIgniter->runController(Object(App\Controllers\Po_part))
 4 SYSTEMPATH\CodeIgniter.php(340): CodeIgniter\CodeIgniter->handleRequest(null, Object(Config\Cache), false)
 5 FCPATH\index.php(67): CodeIgniter\CodeIgniter->run()
 6 SYSTEMPATH\Commands\Server\rewrite.php(43): require_once('FCPATH\\index.php')
CRITICAL - 2023-07-03 15:14:41 --> Undefined array key "proses"
in APPPATH\Controllers\Po_part.php on line 406.
 1 APPPATH\Controllers\Po_part.php(406): CodeIgniter\Debug\Exceptions->errorHandler(2, 'Undefined array key "proses"', 'APPPATH\\Controllers\\Po_part.php', 406)
 2 SYSTEMPATH\CodeIgniter.php(904): App\Controllers\Po_part->hapus_po_part()
 3 SYSTEMPATH\CodeIgniter.php(457): CodeIgniter\CodeIgniter->runController(Object(App\Controllers\Po_part))
 4 SYSTEMPATH\CodeIgniter.php(340): CodeIgniter\CodeIgniter->handleRequest(null, Object(Config\Cache), false)
 5 FCPATH\index.php(67): CodeIgniter\CodeIgniter->run()
 6 SYSTEMPATH\Commands\Server\rewrite.php(43): require_once('FCPATH\\index.php')
CRITICAL - 2023-07-03 15:29:31 --> Undefined variable $memombr
in APPPATH\Views\po_part\modaledit.php on line 36.
 1 APPPATH\Views\po_part\modaledit.php(36): CodeIgniter\Debug\Exceptions->errorHandler(2, 'Undefined variable $memombr', 'APPPATH\\Views\\po_part\\modaledit.php', 36)
 2 SYSTEMPATH\View\View.php(213): include('APPPATH\\Views\\po_part\\modaledit.php')
 3 SYSTEMPATH\View\View.php(216): CodeIgniter\View\View->CodeIgniter\View\{closure}()
 4 SYSTEMPATH\Common.php(1142): CodeIgniter\View\View->render('po_part/modaledit', [], true)
 5 APPPATH\Controllers\Po_part.php(209): view('po_part/modaledit', [...])
 6 SYSTEMPATH\CodeIgniter.php(904): App\Controllers\Po_part->formedit()
 7 SYSTEMPATH\CodeIgniter.php(457): CodeIgniter\CodeIgniter->runController(Object(App\Controllers\Po_part))
 8 SYSTEMPATH\CodeIgniter.php(340): CodeIgniter\CodeIgniter->handleRequest(null, Object(Config\Cache), false)
 9 FCPATH\index.php(67): CodeIgniter\CodeIgniter->run()
10 SYSTEMPATH\Commands\Server\rewrite.php(43): require_once('FCPATH\\index.php')
CRITICAL - 2023-07-03 15:38:24 --> preg_replace(): Passing null to parameter #3 ($subject) of type array|string is deprecated
in APPPATH\Controllers\Po_part.php on line 258.
 1 [internal function]: CodeIgniter\Debug\Exceptions->errorHandler(8192, 'preg_replace(): Passing null to parameter #3 ($subject) of type array|string is deprecated', 'APPPATH\\Controllers\\Po_part.php', 258)
 2 APPPATH\Controllers\Po_part.php(258): preg_replace('/[^a-zA-Z0-9]/', 'ROOTPATH\\public', null)
 3 SYSTEMPATH\CodeIgniter.php(904): App\Controllers\Po_part->update_po_part()
 4 SYSTEMPATH\CodeIgniter.php(457): CodeIgniter\CodeIgniter->runController(Object(App\Controllers\Po_part))
 5 SYSTEMPATH\CodeIgniter.php(340): CodeIgniter\CodeIgniter->handleRequest(null, Object(Config\Cache), false)
 6 FCPATH\index.php(67): CodeIgniter\CodeIgniter->run()
 7 SYSTEMPATH\Commands\Server\rewrite.php(43): require_once('FCPATH\\index.php')
CRITICAL - 2023-07-03 15:39:46 --> preg_replace(): Passing null to parameter #3 ($subject) of type array|string is deprecated
in APPPATH\Controllers\Po_part.php on line 258.
 1 [internal function]: CodeIgniter\Debug\Exceptions->errorHandler(8192, 'preg_replace(): Passing null to parameter #3 ($subject) of type array|string is deprecated', 'APPPATH\\Controllers\\Po_part.php', 258)
 2 APPPATH\Controllers\Po_part.php(258): preg_replace('/[^a-zA-Z0-9]/', 'ROOTPATH\\public', null)
 3 SYSTEMPATH\CodeIgniter.php(904): App\Controllers\Po_part->update_po_part()
 4 SYSTEMPATH\CodeIgniter.php(457): CodeIgniter\CodeIgniter->runController(Object(App\Controllers\Po_part))
 5 SYSTEMPATH\CodeIgniter.php(340): CodeIgniter\CodeIgniter->handleRequest(null, Object(Config\Cache), false)
 6 FCPATH\index.php(67): CodeIgniter\CodeIgniter->run()
 7 SYSTEMPATH\Commands\Server\rewrite.php(43): require_once('FCPATH\\index.php')
