CRITICAL - 2023-05-10 13:56:05 --> Undefined variable $mohfaktur
in APPPATH\Views\penerimaankasir\tabel_rpenerimaankasir.php on line 41.
 1 APPPATH\Views\penerimaankasir\tabel_rpenerimaankasir.php(41): CodeIgniter\Debug\Exceptions->errorHandler(2, 'Undefined variable $mohfaktur', 'APPPATH\\Views\\penerimaankasir\\tabel_rpenerimaankasir.php', 41)
 2 SYSTEMPATH\View\View.php(213): include('APPPATH\\Views\\penerimaankasir\\tabel_rpenerimaankasir.php')
 3 SYSTEMPATH\View\View.php(216): CodeIgniter\View\View->CodeIgniter\View\{closure}()
 4 SYSTEMPATH\Common.php(1142): CodeIgniter\View\View->render('penerimaankasir/tabel_rpenerimaankasir', [], true)
 5 APPPATH\Controllers\Penerimaankasir.php(1056): view('penerimaankasir/tabel_rpenerimaankasir', [...])
 6 SYSTEMPATH\CodeIgniter.php(904): App\Controllers\Penerimaankasir->table_rpenerimaankasir()
 7 SYSTEMPATH\CodeIgniter.php(457): CodeIgniter\CodeIgniter->runController(Object(App\Controllers\Penerimaankasir))
 8 SYSTEMPATH\CodeIgniter.php(340): CodeIgniter\CodeIgniter->handleRequest(null, Object(Config\Cache), false)
 9 FCPATH\index.php(67): CodeIgniter\CodeIgniter->run()
10 SYSTEMPATH\Commands\Server\rewrite.php(43): require_once('FCPATH\\index.php')
CRITICAL - 2023-05-10 13:56:15 --> Undefined variable $mohfaktur
in APPPATH\Views\penerimaankasir\tabel_rpenerimaankasir.php on line 41.
 1 APPPATH\Views\penerimaankasir\tabel_rpenerimaankasir.php(41): CodeIgniter\Debug\Exceptions->errorHandler(2, 'Undefined variable $mohfaktur', 'APPPATH\\Views\\penerimaankasir\\tabel_rpenerimaankasir.php', 41)
 2 SYSTEMPATH\View\View.php(213): include('APPPATH\\Views\\penerimaankasir\\tabel_rpenerimaankasir.php')
 3 SYSTEMPATH\View\View.php(216): CodeIgniter\View\View->CodeIgniter\View\{closure}()
 4 SYSTEMPATH\Common.php(1142): CodeIgniter\View\View->render('penerimaankasir/tabel_rpenerimaankasir', [], true)
 5 APPPATH\Controllers\Penerimaankasir.php(1056): view('penerimaankasir/tabel_rpenerimaankasir', [...])
 6 SYSTEMPATH\CodeIgniter.php(904): App\Controllers\Penerimaankasir->table_rpenerimaankasir()
 7 SYSTEMPATH\CodeIgniter.php(457): CodeIgniter\CodeIgniter->runController(Object(App\Controllers\Penerimaankasir))
 8 SYSTEMPATH\CodeIgniter.php(340): CodeIgniter\CodeIgniter->handleRequest(null, Object(Config\Cache), false)
 9 FCPATH\index.php(67): CodeIgniter\CodeIgniter->run()
10 SYSTEMPATH\Commands\Server\rewrite.php(43): require_once('FCPATH\\index.php')
CRITICAL - 2023-05-10 13:57:19 --> Undefined array key "nmpemesan"
in APPPATH\Views\penerimaankasir\tabel_rpenerimaankasir.php on line 47.
 1 APPPATH\Views\penerimaankasir\tabel_rpenerimaankasir.php(47): CodeIgniter\Debug\Exceptions->errorHandler(2, 'Undefined array key "nmpemesan"', 'APPPATH\\Views\\penerimaankasir\\tabel_rpenerimaankasir.php', 47)
 2 SYSTEMPATH\View\View.php(213): include('APPPATH\\Views\\penerimaankasir\\tabel_rpenerimaankasir.php')
 3 SYSTEMPATH\View\View.php(216): CodeIgniter\View\View->CodeIgniter\View\{closure}()
 4 SYSTEMPATH\Common.php(1142): CodeIgniter\View\View->render('penerimaankasir/tabel_rpenerimaankasir', [], true)
 5 APPPATH\Controllers\Penerimaankasir.php(1056): view('penerimaankasir/tabel_rpenerimaankasir', [...])
 6 SYSTEMPATH\CodeIgniter.php(904): App\Controllers\Penerimaankasir->table_rpenerimaankasir()
 7 SYSTEMPATH\CodeIgniter.php(457): CodeIgniter\CodeIgniter->runController(Object(App\Controllers\Penerimaankasir))
 8 SYSTEMPATH\CodeIgniter.php(340): CodeIgniter\CodeIgniter->handleRequest(null, Object(Config\Cache), false)
 9 FCPATH\index.php(67): CodeIgniter\CodeIgniter->run()
10 SYSTEMPATH\Commands\Server\rewrite.php(43): require_once('FCPATH\\index.php')
CRITICAL - 2023-05-10 13:57:26 --> Undefined array key "nmpemesan"
in APPPATH\Views\penerimaankasir\tabel_rpenerimaankasir.php on line 47.
 1 APPPATH\Views\penerimaankasir\tabel_rpenerimaankasir.php(47): CodeIgniter\Debug\Exceptions->errorHandler(2, 'Undefined array key "nmpemesan"', 'APPPATH\\Views\\penerimaankasir\\tabel_rpenerimaankasir.php', 47)
 2 SYSTEMPATH\View\View.php(213): include('APPPATH\\Views\\penerimaankasir\\tabel_rpenerimaankasir.php')
 3 SYSTEMPATH\View\View.php(216): CodeIgniter\View\View->CodeIgniter\View\{closure}()
 4 SYSTEMPATH\Common.php(1142): CodeIgniter\View\View->render('penerimaankasir/tabel_rpenerimaankasir', [], true)
 5 APPPATH\Controllers\Penerimaankasir.php(1056): view('penerimaankasir/tabel_rpenerimaankasir', [...])
 6 SYSTEMPATH\CodeIgniter.php(904): App\Controllers\Penerimaankasir->table_rpenerimaankasir()
 7 SYSTEMPATH\CodeIgniter.php(457): CodeIgniter\CodeIgniter->runController(Object(App\Controllers\Penerimaankasir))
 8 SYSTEMPATH\CodeIgniter.php(340): CodeIgniter\CodeIgniter->handleRequest(null, Object(Config\Cache), false)
 9 FCPATH\index.php(67): CodeIgniter\CodeIgniter->run()
10 SYSTEMPATH\Commands\Server\rewrite.php(43): require_once('FCPATH\\index.php')
CRITICAL - 2023-05-10 13:58:13 --> Undefined array key "nmtipe"
in APPPATH\Views\penerimaankasir\tabel_rpenerimaankasir.php on line 48.
 1 APPPATH\Views\penerimaankasir\tabel_rpenerimaankasir.php(48): CodeIgniter\Debug\Exceptions->errorHandler(2, 'Undefined array key "nmtipe"', 'APPPATH\\Views\\penerimaankasir\\tabel_rpenerimaankasir.php', 48)
 2 SYSTEMPATH\View\View.php(213): include('APPPATH\\Views\\penerimaankasir\\tabel_rpenerimaankasir.php')
 3 SYSTEMPATH\View\View.php(216): CodeIgniter\View\View->CodeIgniter\View\{closure}()
 4 SYSTEMPATH\Common.php(1142): CodeIgniter\View\View->render('penerimaankasir/tabel_rpenerimaankasir', [], true)
 5 APPPATH\Controllers\Penerimaankasir.php(1056): view('penerimaankasir/tabel_rpenerimaankasir', [...])
 6 SYSTEMPATH\CodeIgniter.php(904): App\Controllers\Penerimaankasir->table_rpenerimaankasir()
 7 SYSTEMPATH\CodeIgniter.php(457): CodeIgniter\CodeIgniter->runController(Object(App\Controllers\Penerimaankasir))
 8 SYSTEMPATH\CodeIgniter.php(340): CodeIgniter\CodeIgniter->handleRequest(null, Object(Config\Cache), false)
 9 FCPATH\index.php(67): CodeIgniter\CodeIgniter->run()
10 SYSTEMPATH\Commands\Server\rewrite.php(43): require_once('FCPATH\\index.php')
