CRITICAL - 2023-06-30 14:35:25 --> Invalid file: tbmobil/modalcari_asuransi.php
in SYSTEMPATH\Exceptions\FrameworkException.php on line 33.
 1 SYSTEMPATH\View\View.php(201): CodeIgniter\Exceptions\FrameworkException::forInvalidFile('tbmobil/modalcari_asuransi.php')
 2 SYSTEMPATH\Common.php(1142): CodeIgniter\View\View->render('tbmobil/modalcari_asuransi', [], true)
 3 APPPATH\Controllers\Tbmobil.php(456): view('tbmobil/modalcari_asuransi', [...])
 4 SYSTEMPATH\CodeIgniter.php(904): App\Controllers\tbmobil->cari_data_asuransi()
 5 SYSTEMPATH\CodeIgniter.php(457): CodeIgniter\CodeIgniter->runController(Object(App\Controllers\tbmobil))
 6 SYSTEMPATH\CodeIgniter.php(340): CodeIgniter\CodeIgniter->handleRequest(null, Object(Config\Cache), false)
 7 FCPATH\index.php(67): CodeIgniter\CodeIgniter->run()
 8 SYSTEMPATH\Commands\Server\rewrite.php(43): require_once('FCPATH\\index.php')
CRITICAL - 2023-06-30 14:39:45 --> Undefined array key "kdsa"
in APPPATH\Controllers\Estimasi.php on line 1736.
 1 APPPATH\Controllers\Estimasi.php(1736): CodeIgniter\Debug\Exceptions->errorHandler(2, 'Undefined array key "kdsa"', 'APPPATH\\Controllers\\Estimasi.php', 1736)
 2 SYSTEMPATH\CodeIgniter.php(904): App\Controllers\Estimasi->replasuransi()
 3 SYSTEMPATH\CodeIgniter.php(457): CodeIgniter\CodeIgniter->runController(Object(App\Controllers\Estimasi))
 4 SYSTEMPATH\CodeIgniter.php(340): CodeIgniter\CodeIgniter->handleRequest(null, Object(Config\Cache), false)
 5 FCPATH\index.php(67): CodeIgniter\CodeIgniter->run()
 6 SYSTEMPATH\Commands\Server\rewrite.php(43): require_once('FCPATH\\index.php')
CRITICAL - 2023-06-30 14:39:51 --> Undefined array key "kdsa"
in APPPATH\Controllers\Estimasi.php on line 1736.
 1 APPPATH\Controllers\Estimasi.php(1736): CodeIgniter\Debug\Exceptions->errorHandler(2, 'Undefined array key "kdsa"', 'APPPATH\\Controllers\\Estimasi.php', 1736)
 2 SYSTEMPATH\CodeIgniter.php(904): App\Controllers\Estimasi->replasuransi()
 3 SYSTEMPATH\CodeIgniter.php(457): CodeIgniter\CodeIgniter->runController(Object(App\Controllers\Estimasi))
 4 SYSTEMPATH\CodeIgniter.php(340): CodeIgniter\CodeIgniter->handleRequest(null, Object(Config\Cache), false)
 5 FCPATH\index.php(67): CodeIgniter\CodeIgniter->run()
 6 SYSTEMPATH\Commands\Server\rewrite.php(43): require_once('FCPATH\\index.php')
CRITICAL - 2023-06-30 14:43:53 --> Unsupported operand types: string + string
in APPPATH\Controllers\Tbmobil.php on line 474.
 1 SYSTEMPATH\CodeIgniter.php(904): App\Controllers\tbmobil->repl_asuransi()
 2 SYSTEMPATH\CodeIgniter.php(457): CodeIgniter\CodeIgniter->runController(Object(App\Controllers\tbmobil))
 3 SYSTEMPATH\CodeIgniter.php(340): CodeIgniter\CodeIgniter->handleRequest(null, Object(Config\Cache), false)
 4 FCPATH\index.php(67): CodeIgniter\CodeIgniter->run()
 5 SYSTEMPATH\Commands\Server\rewrite.php(43): require_once('FCPATH\\index.php')
