CRITICAL - 2022-10-25 10:18:50 --> Undefined variable $photo
in APPPATH\Views\tbuser\modaldetail.php on line 48.
 1 APPPATH\Views\tbuser\modaldetail.php(48): CodeIgniter\Debug\Exceptions->errorHandler(2, 'Undefined variable $photo', 'APPPATH\\Views\\tbuser\\modaldetail.php', 48)
 2 SYSTEMPATH\View\View.php(213): include('APPPATH\\Views\\tbuser\\modaldetail.php')
 3 SYSTEMPATH\View\View.php(216): CodeIgniter\View\View->CodeIgniter\View\{closure}()
 4 SYSTEMPATH\Common.php(1142): CodeIgniter\View\View->render('tbuser/modaldetail', [], true)
 5 APPPATH\Controllers\Tbuser.php(85): view('tbuser/modaldetail', [...])
 6 SYSTEMPATH\CodeIgniter.php(904): App\Controllers\Tbuser->formdetail()
 7 SYSTEMPATH\CodeIgniter.php(457): CodeIgniter\CodeIgniter->runController(Object(App\Controllers\Tbuser))
 8 SYSTEMPATH\CodeIgniter.php(340): CodeIgniter\CodeIgniter->handleRequest(null, Object(Config\Cache), false)
 9 FCPATH\index.php(67): CodeIgniter\CodeIgniter->run()
10 SYSTEMPATH\Commands\Server\rewrite.php(43): require_once('FCPATH\\index.php')
CRITICAL - 2022-10-25 10:21:27 --> The original file is not a valid file.
in SYSTEMPATH\HTTP\Files\UploadedFile.php on line 137.
 1 SYSTEMPATH\HTTP\Files\UploadedFile.php(137): CodeIgniter\HTTP\Exceptions\HTTPException::forInvalidFile()
 2 APPPATH\Controllers\Tbuser.php(201): CodeIgniter\HTTP\Files\UploadedFile->move('FCPATH\\img', 'default.png')
 3 SYSTEMPATH\CodeIgniter.php(904): App\Controllers\Tbuser->simpandata()
 4 SYSTEMPATH\CodeIgniter.php(457): CodeIgniter\CodeIgniter->runController(Object(App\Controllers\Tbuser))
 5 SYSTEMPATH\CodeIgniter.php(340): CodeIgniter\CodeIgniter->handleRequest(null, Object(Config\Cache), false)
 6 FCPATH\index.php(67): CodeIgniter\CodeIgniter->run()
 7 SYSTEMPATH\Commands\Server\rewrite.php(43): require_once('FCPATH\\index.php')
CRITICAL - 2022-10-25 10:24:07 --> The original file is not a valid file.
in SYSTEMPATH\HTTP\Files\UploadedFile.php on line 137.
 1 SYSTEMPATH\HTTP\Files\UploadedFile.php(137): CodeIgniter\HTTP\Exceptions\HTTPException::forInvalidFile()
 2 APPPATH\Controllers\Tbuser.php(201): CodeIgniter\HTTP\Files\UploadedFile->move('FCPATH\\img', 'default.png')
 3 SYSTEMPATH\CodeIgniter.php(904): App\Controllers\Tbuser->simpandata()
 4 SYSTEMPATH\CodeIgniter.php(457): CodeIgniter\CodeIgniter->runController(Object(App\Controllers\Tbuser))
 5 SYSTEMPATH\CodeIgniter.php(340): CodeIgniter\CodeIgniter->handleRequest(null, Object(Config\Cache), false)
 6 FCPATH\index.php(67): CodeIgniter\CodeIgniter->run()
 7 SYSTEMPATH\Commands\Server\rewrite.php(43): require_once('FCPATH\\index.php')
CRITICAL - 2022-10-25 10:25:06 --> The original file is not a valid file.
in SYSTEMPATH\HTTP\Files\UploadedFile.php on line 137.
 1 SYSTEMPATH\HTTP\Files\UploadedFile.php(137): CodeIgniter\HTTP\Exceptions\HTTPException::forInvalidFile()
 2 APPPATH\Controllers\Tbuser.php(201): CodeIgniter\HTTP\Files\UploadedFile->move('FCPATH\\img', 'default.png')
 3 SYSTEMPATH\CodeIgniter.php(904): App\Controllers\Tbuser->simpandata()
 4 SYSTEMPATH\CodeIgniter.php(457): CodeIgniter\CodeIgniter->runController(Object(App\Controllers\Tbuser))
 5 SYSTEMPATH\CodeIgniter.php(340): CodeIgniter\CodeIgniter->handleRequest(null, Object(Config\Cache), false)
 6 FCPATH\index.php(67): CodeIgniter\CodeIgniter->run()
 7 SYSTEMPATH\Commands\Server\rewrite.php(43): require_once('FCPATH\\index.php')
CRITICAL - 2022-10-25 16:26:50 --> Undefined variable $email
in APPPATH\Views\tbuser\formakses.php on line 13.
 1 APPPATH\Views\tbuser\formakses.php(13): CodeIgniter\Debug\Exceptions->errorHandler(2, 'Undefined variable $email', 'APPPATH\\Views\\tbuser\\formakses.php', 13)
 2 SYSTEMPATH\View\View.php(213): include('APPPATH\\Views\\tbuser\\formakses.php')
 3 SYSTEMPATH\View\View.php(216): CodeIgniter\View\View->CodeIgniter\View\{closure}()
 4 SYSTEMPATH\Common.php(1142): CodeIgniter\View\View->render('tbuser/formakses', [], true)
 5 APPPATH\Controllers\Tbuser.php(368): view('tbuser/formakses', [...])
 6 SYSTEMPATH\CodeIgniter.php(904): App\Controllers\Tbuser->formakses()
 7 SYSTEMPATH\CodeIgniter.php(457): CodeIgniter\CodeIgniter->runController(Object(App\Controllers\Tbuser))
 8 SYSTEMPATH\CodeIgniter.php(340): CodeIgniter\CodeIgniter->handleRequest(null, Object(Config\Cache), false)
 9 FCPATH\index.php(67): CodeIgniter\CodeIgniter->run()
10 SYSTEMPATH\Commands\Server\rewrite.php(43): require_once('FCPATH\\index.php')
CRITICAL - 2022-10-25 16:26:52 --> Undefined variable $email
in APPPATH\Views\tbuser\formakses.php on line 13.
 1 APPPATH\Views\tbuser\formakses.php(13): CodeIgniter\Debug\Exceptions->errorHandler(2, 'Undefined variable $email', 'APPPATH\\Views\\tbuser\\formakses.php', 13)
 2 SYSTEMPATH\View\View.php(213): include('APPPATH\\Views\\tbuser\\formakses.php')
 3 SYSTEMPATH\View\View.php(216): CodeIgniter\View\View->CodeIgniter\View\{closure}()
 4 SYSTEMPATH\Common.php(1142): CodeIgniter\View\View->render('tbuser/formakses', [], true)
 5 APPPATH\Controllers\Tbuser.php(368): view('tbuser/formakses', [...])
 6 SYSTEMPATH\CodeIgniter.php(904): App\Controllers\Tbuser->formakses()
 7 SYSTEMPATH\CodeIgniter.php(457): CodeIgniter\CodeIgniter->runController(Object(App\Controllers\Tbuser))
 8 SYSTEMPATH\CodeIgniter.php(340): CodeIgniter\CodeIgniter->handleRequest(null, Object(Config\Cache), false)
 9 FCPATH\index.php(67): CodeIgniter\CodeIgniter->run()
10 SYSTEMPATH\Commands\Server\rewrite.php(43): require_once('FCPATH\\index.php')
CRITICAL - 2022-10-25 16:26:54 --> Undefined variable $email
in APPPATH\Views\tbuser\formakses.php on line 13.
 1 APPPATH\Views\tbuser\formakses.php(13): CodeIgniter\Debug\Exceptions->errorHandler(2, 'Undefined variable $email', 'APPPATH\\Views\\tbuser\\formakses.php', 13)
 2 SYSTEMPATH\View\View.php(213): include('APPPATH\\Views\\tbuser\\formakses.php')
 3 SYSTEMPATH\View\View.php(216): CodeIgniter\View\View->CodeIgniter\View\{closure}()
 4 SYSTEMPATH\Common.php(1142): CodeIgniter\View\View->render('tbuser/formakses', [], true)
 5 APPPATH\Controllers\Tbuser.php(368): view('tbuser/formakses', [...])
 6 SYSTEMPATH\CodeIgniter.php(904): App\Controllers\Tbuser->formakses()
 7 SYSTEMPATH\CodeIgniter.php(457): CodeIgniter\CodeIgniter->runController(Object(App\Controllers\Tbuser))
 8 SYSTEMPATH\CodeIgniter.php(340): CodeIgniter\CodeIgniter->handleRequest(null, Object(Config\Cache), false)
 9 FCPATH\index.php(67): CodeIgniter\CodeIgniter->run()
10 SYSTEMPATH\Commands\Server\rewrite.php(43): require_once('FCPATH\\index.php')
CRITICAL - 2022-10-25 16:26:55 --> Undefined variable $email
in APPPATH\Views\tbuser\formakses.php on line 13.
 1 APPPATH\Views\tbuser\formakses.php(13): CodeIgniter\Debug\Exceptions->errorHandler(2, 'Undefined variable $email', 'APPPATH\\Views\\tbuser\\formakses.php', 13)
 2 SYSTEMPATH\View\View.php(213): include('APPPATH\\Views\\tbuser\\formakses.php')
 3 SYSTEMPATH\View\View.php(216): CodeIgniter\View\View->CodeIgniter\View\{closure}()
 4 SYSTEMPATH\Common.php(1142): CodeIgniter\View\View->render('tbuser/formakses', [], true)
 5 APPPATH\Controllers\Tbuser.php(368): view('tbuser/formakses', [...])
 6 SYSTEMPATH\CodeIgniter.php(904): App\Controllers\Tbuser->formakses()
 7 SYSTEMPATH\CodeIgniter.php(457): CodeIgniter\CodeIgniter->runController(Object(App\Controllers\Tbuser))
 8 SYSTEMPATH\CodeIgniter.php(340): CodeIgniter\CodeIgniter->handleRequest(null, Object(Config\Cache), false)
 9 FCPATH\index.php(67): CodeIgniter\CodeIgniter->run()
10 SYSTEMPATH\Commands\Server\rewrite.php(43): require_once('FCPATH\\index.php')
CRITICAL - 2022-10-25 16:26:56 --> Undefined variable $email
in APPPATH\Views\tbuser\formakses.php on line 13.
 1 APPPATH\Views\tbuser\formakses.php(13): CodeIgniter\Debug\Exceptions->errorHandler(2, 'Undefined variable $email', 'APPPATH\\Views\\tbuser\\formakses.php', 13)
 2 SYSTEMPATH\View\View.php(213): include('APPPATH\\Views\\tbuser\\formakses.php')
 3 SYSTEMPATH\View\View.php(216): CodeIgniter\View\View->CodeIgniter\View\{closure}()
 4 SYSTEMPATH\Common.php(1142): CodeIgniter\View\View->render('tbuser/formakses', [], true)
 5 APPPATH\Controllers\Tbuser.php(368): view('tbuser/formakses', [...])
 6 SYSTEMPATH\CodeIgniter.php(904): App\Controllers\Tbuser->formakses()
 7 SYSTEMPATH\CodeIgniter.php(457): CodeIgniter\CodeIgniter->runController(Object(App\Controllers\Tbuser))
 8 SYSTEMPATH\CodeIgniter.php(340): CodeIgniter\CodeIgniter->handleRequest(null, Object(Config\Cache), false)
 9 FCPATH\index.php(67): CodeIgniter\CodeIgniter->run()
10 SYSTEMPATH\Commands\Server\rewrite.php(43): require_once('FCPATH\\index.php')
CRITICAL - 2022-10-25 16:27:05 --> Undefined variable $email
in APPPATH\Views\tbuser\formakses.php on line 13.
 1 APPPATH\Views\tbuser\formakses.php(13): CodeIgniter\Debug\Exceptions->errorHandler(2, 'Undefined variable $email', 'APPPATH\\Views\\tbuser\\formakses.php', 13)
 2 SYSTEMPATH\View\View.php(213): include('APPPATH\\Views\\tbuser\\formakses.php')
 3 SYSTEMPATH\View\View.php(216): CodeIgniter\View\View->CodeIgniter\View\{closure}()
 4 SYSTEMPATH\Common.php(1142): CodeIgniter\View\View->render('tbuser/formakses', [], true)
 5 APPPATH\Controllers\Tbuser.php(368): view('tbuser/formakses', [...])
 6 SYSTEMPATH\CodeIgniter.php(904): App\Controllers\Tbuser->formakses()
 7 SYSTEMPATH\CodeIgniter.php(457): CodeIgniter\CodeIgniter->runController(Object(App\Controllers\Tbuser))
 8 SYSTEMPATH\CodeIgniter.php(340): CodeIgniter\CodeIgniter->handleRequest(null, Object(Config\Cache), false)
 9 FCPATH\index.php(67): CodeIgniter\CodeIgniter->run()
10 SYSTEMPATH\Commands\Server\rewrite.php(43): require_once('FCPATH\\index.php')
CRITICAL - 2022-10-25 16:27:12 --> Undefined variable $email
in APPPATH\Views\tbuser\formakses.php on line 13.
 1 APPPATH\Views\tbuser\formakses.php(13): CodeIgniter\Debug\Exceptions->errorHandler(2, 'Undefined variable $email', 'APPPATH\\Views\\tbuser\\formakses.php', 13)
 2 SYSTEMPATH\View\View.php(213): include('APPPATH\\Views\\tbuser\\formakses.php')
 3 SYSTEMPATH\View\View.php(216): CodeIgniter\View\View->CodeIgniter\View\{closure}()
 4 SYSTEMPATH\Common.php(1142): CodeIgniter\View\View->render('tbuser/formakses', [], true)
 5 APPPATH\Controllers\Tbuser.php(368): view('tbuser/formakses', [...])
 6 SYSTEMPATH\CodeIgniter.php(904): App\Controllers\Tbuser->formakses()
 7 SYSTEMPATH\CodeIgniter.php(457): CodeIgniter\CodeIgniter->runController(Object(App\Controllers\Tbuser))
 8 SYSTEMPATH\CodeIgniter.php(340): CodeIgniter\CodeIgniter->handleRequest(null, Object(Config\Cache), false)
 9 FCPATH\index.php(67): CodeIgniter\CodeIgniter->run()
10 SYSTEMPATH\Commands\Server\rewrite.php(43): require_once('FCPATH\\index.php')
CRITICAL - 2022-10-25 16:27:51 --> Undefined variable $email
in APPPATH\Views\tbuser\formakses.php on line 13.
 1 APPPATH\Views\tbuser\formakses.php(13): CodeIgniter\Debug\Exceptions->errorHandler(2, 'Undefined variable $email', 'APPPATH\\Views\\tbuser\\formakses.php', 13)
 2 SYSTEMPATH\View\View.php(213): include('APPPATH\\Views\\tbuser\\formakses.php')
 3 SYSTEMPATH\View\View.php(216): CodeIgniter\View\View->CodeIgniter\View\{closure}()
 4 SYSTEMPATH\Common.php(1142): CodeIgniter\View\View->render('tbuser/formakses', [], true)
 5 APPPATH\Controllers\Tbuser.php(368): view('tbuser/formakses', [...])
 6 SYSTEMPATH\CodeIgniter.php(904): App\Controllers\Tbuser->formakses()
 7 SYSTEMPATH\CodeIgniter.php(457): CodeIgniter\CodeIgniter->runController(Object(App\Controllers\Tbuser))
 8 SYSTEMPATH\CodeIgniter.php(340): CodeIgniter\CodeIgniter->handleRequest(null, Object(Config\Cache), false)
 9 FCPATH\index.php(67): CodeIgniter\CodeIgniter->run()
10 SYSTEMPATH\Commands\Server\rewrite.php(43): require_once('FCPATH\\index.php')
CRITICAL - 2022-10-25 16:30:07 --> Call to undefined method App\Models\TbuserModel::getid
in SYSTEMPATH\Model.php on line 774.
 1 APPPATH\Controllers\Tbuser.php(366): CodeIgniter\Model->__call('getid', [])
 2 SYSTEMPATH\CodeIgniter.php(904): App\Controllers\Tbuser->formakses()
 3 SYSTEMPATH\CodeIgniter.php(457): CodeIgniter\CodeIgniter->runController(Object(App\Controllers\Tbuser))
 4 SYSTEMPATH\CodeIgniter.php(340): CodeIgniter\CodeIgniter->handleRequest(null, Object(Config\Cache), false)
 5 FCPATH\index.php(67): CodeIgniter\CodeIgniter->run()
 6 SYSTEMPATH\Commands\Server\rewrite.php(43): require_once('FCPATH\\index.php')
CRITICAL - 2022-10-25 16:30:30 --> Call to undefined method App\Models\TbuserModel::getId
in SYSTEMPATH\Model.php on line 774.
 1 APPPATH\Controllers\Tbuser.php(366): CodeIgniter\Model->__call('getId', [])
 2 SYSTEMPATH\CodeIgniter.php(904): App\Controllers\Tbuser->formakses()
 3 SYSTEMPATH\CodeIgniter.php(457): CodeIgniter\CodeIgniter->runController(Object(App\Controllers\Tbuser))
 4 SYSTEMPATH\CodeIgniter.php(340): CodeIgniter\CodeIgniter->handleRequest(null, Object(Config\Cache), false)
 5 FCPATH\index.php(67): CodeIgniter\CodeIgniter->run()
 6 SYSTEMPATH\Commands\Server\rewrite.php(43): require_once('FCPATH\\index.php')
CRITICAL - 2022-10-25 16:31:53 --> Call to undefined method App\Models\TbuserModel::getId
in SYSTEMPATH\Model.php on line 774.
 1 APPPATH\Controllers\Tbuser.php(366): CodeIgniter\Model->__call('getId', [])
 2 SYSTEMPATH\CodeIgniter.php(904): App\Controllers\Tbuser->formakses()
 3 SYSTEMPATH\CodeIgniter.php(457): CodeIgniter\CodeIgniter->runController(Object(App\Controllers\Tbuser))
 4 SYSTEMPATH\CodeIgniter.php(340): CodeIgniter\CodeIgniter->handleRequest(null, Object(Config\Cache), false)
 5 FCPATH\index.php(67): CodeIgniter\CodeIgniter->run()
 6 SYSTEMPATH\Commands\Server\rewrite.php(43): require_once('FCPATH\\index.php')
CRITICAL - 2022-10-25 16:35:03 --> Undefined variable $id
in APPPATH\Views\tbuser\formakses.php on line 13.
 1 APPPATH\Views\tbuser\formakses.php(13): CodeIgniter\Debug\Exceptions->errorHandler(2, 'Undefined variable $id', 'APPPATH\\Views\\tbuser\\formakses.php', 13)
 2 SYSTEMPATH\View\View.php(213): include('APPPATH\\Views\\tbuser\\formakses.php')
 3 SYSTEMPATH\View\View.php(216): CodeIgniter\View\View->CodeIgniter\View\{closure}()
 4 SYSTEMPATH\Common.php(1142): CodeIgniter\View\View->render('tbuser/formakses', [], true)
 5 APPPATH\Controllers\Tbuser.php(368): view('tbuser/formakses', [...])
 6 SYSTEMPATH\CodeIgniter.php(904): App\Controllers\Tbuser->formakses()
 7 SYSTEMPATH\CodeIgniter.php(457): CodeIgniter\CodeIgniter->runController(Object(App\Controllers\Tbuser))
 8 SYSTEMPATH\CodeIgniter.php(340): CodeIgniter\CodeIgniter->handleRequest(null, Object(Config\Cache), false)
 9 FCPATH\index.php(67): CodeIgniter\CodeIgniter->run()
10 SYSTEMPATH\Commands\Server\rewrite.php(43): require_once('FCPATH\\index.php')
CRITICAL - 2022-10-25 16:35:07 --> Undefined variable $id
in APPPATH\Views\tbuser\formakses.php on line 13.
 1 APPPATH\Views\tbuser\formakses.php(13): CodeIgniter\Debug\Exceptions->errorHandler(2, 'Undefined variable $id', 'APPPATH\\Views\\tbuser\\formakses.php', 13)
 2 SYSTEMPATH\View\View.php(213): include('APPPATH\\Views\\tbuser\\formakses.php')
 3 SYSTEMPATH\View\View.php(216): CodeIgniter\View\View->CodeIgniter\View\{closure}()
 4 SYSTEMPATH\Common.php(1142): CodeIgniter\View\View->render('tbuser/formakses', [], true)
 5 APPPATH\Controllers\Tbuser.php(368): view('tbuser/formakses', [...])
 6 SYSTEMPATH\CodeIgniter.php(904): App\Controllers\Tbuser->formakses()
 7 SYSTEMPATH\CodeIgniter.php(457): CodeIgniter\CodeIgniter->runController(Object(App\Controllers\Tbuser))
 8 SYSTEMPATH\CodeIgniter.php(340): CodeIgniter\CodeIgniter->handleRequest(null, Object(Config\Cache), false)
 9 FCPATH\index.php(67): CodeIgniter\CodeIgniter->run()
10 SYSTEMPATH\Commands\Server\rewrite.php(43): require_once('FCPATH\\index.php')
CRITICAL - 2022-10-25 16:37:23 --> Undefined constant "tbuser"
in APPPATH\Views\tbuser\formakses.php on line 13.
 1 SYSTEMPATH\View\View.php(213): include()
 2 SYSTEMPATH\View\View.php(216): CodeIgniter\View\View->CodeIgniter\View\{closure}()
 3 SYSTEMPATH\Common.php(1142): CodeIgniter\View\View->render('tbuser/formakses', [], true)
 4 APPPATH\Controllers\Tbuser.php(368): view('tbuser/formakses', [...])
 5 SYSTEMPATH\CodeIgniter.php(904): App\Controllers\Tbuser->formakses()
 6 SYSTEMPATH\CodeIgniter.php(457): CodeIgniter\CodeIgniter->runController(Object(App\Controllers\Tbuser))
 7 SYSTEMPATH\CodeIgniter.php(340): CodeIgniter\CodeIgniter->handleRequest(null, Object(Config\Cache), false)
 8 FCPATH\index.php(67): CodeIgniter\CodeIgniter->run()
 9 SYSTEMPATH\Commands\Server\rewrite.php(43): require_once('FCPATH\\index.php')
CRITICAL - 2022-10-25 16:39:32 --> Undefined array key "email"
in APPPATH\Views\tbuser\formakses.php on line 11.
 1 APPPATH\Views\tbuser\formakses.php(11): CodeIgniter\Debug\Exceptions->errorHandler(2, 'Undefined array key "email"', 'APPPATH\\Views\\tbuser\\formakses.php', 11)
 2 SYSTEMPATH\View\View.php(213): include('APPPATH\\Views\\tbuser\\formakses.php')
 3 SYSTEMPATH\View\View.php(216): CodeIgniter\View\View->CodeIgniter\View\{closure}()
 4 SYSTEMPATH\Common.php(1142): CodeIgniter\View\View->render('tbuser/formakses', [], true)
 5 APPPATH\Controllers\Tbuser.php(368): view('tbuser/formakses', [...])
 6 SYSTEMPATH\CodeIgniter.php(904): App\Controllers\Tbuser->formakses()
 7 SYSTEMPATH\CodeIgniter.php(457): CodeIgniter\CodeIgniter->runController(Object(App\Controllers\Tbuser))
 8 SYSTEMPATH\CodeIgniter.php(340): CodeIgniter\CodeIgniter->handleRequest(null, Object(Config\Cache), false)
 9 FCPATH\index.php(67): CodeIgniter\CodeIgniter->run()
10 SYSTEMPATH\Commands\Server\rewrite.php(43): require_once('FCPATH\\index.php')
CRITICAL - 2022-10-25 16:40:11 --> Undefined array key "email"
in APPPATH\Views\tbuser\formakses.php on line 11.
 1 APPPATH\Views\tbuser\formakses.php(11): CodeIgniter\Debug\Exceptions->errorHandler(2, 'Undefined array key "email"', 'APPPATH\\Views\\tbuser\\formakses.php', 11)
 2 SYSTEMPATH\View\View.php(213): include('APPPATH\\Views\\tbuser\\formakses.php')
 3 SYSTEMPATH\View\View.php(216): CodeIgniter\View\View->CodeIgniter\View\{closure}()
 4 SYSTEMPATH\Common.php(1142): CodeIgniter\View\View->render('tbuser/formakses', [], true)
 5 APPPATH\Controllers\Tbuser.php(368): view('tbuser/formakses', [...])
 6 SYSTEMPATH\CodeIgniter.php(904): App\Controllers\Tbuser->formakses()
 7 SYSTEMPATH\CodeIgniter.php(457): CodeIgniter\CodeIgniter->runController(Object(App\Controllers\Tbuser))
 8 SYSTEMPATH\CodeIgniter.php(340): CodeIgniter\CodeIgniter->handleRequest(null, Object(Config\Cache), false)
 9 FCPATH\index.php(67): CodeIgniter\CodeIgniter->run()
10 SYSTEMPATH\Commands\Server\rewrite.php(43): require_once('FCPATH\\index.php')
CRITICAL - 2022-10-25 16:44:00 --> Undefined array key "email"
in APPPATH\Views\tbuser\formakses.php on line 10.
 1 APPPATH\Views\tbuser\formakses.php(10): CodeIgniter\Debug\Exceptions->errorHandler(2, 'Undefined array key "email"', 'APPPATH\\Views\\tbuser\\formakses.php', 10)
 2 SYSTEMPATH\View\View.php(213): include('APPPATH\\Views\\tbuser\\formakses.php')
 3 SYSTEMPATH\View\View.php(216): CodeIgniter\View\View->CodeIgniter\View\{closure}()
 4 SYSTEMPATH\Common.php(1142): CodeIgniter\View\View->render('tbuser/formakses', [], true)
 5 APPPATH\Controllers\Tbuser.php(368): view('tbuser/formakses', [...])
 6 SYSTEMPATH\CodeIgniter.php(904): App\Controllers\Tbuser->formakses()
 7 SYSTEMPATH\CodeIgniter.php(457): CodeIgniter\CodeIgniter->runController(Object(App\Controllers\Tbuser))
 8 SYSTEMPATH\CodeIgniter.php(340): CodeIgniter\CodeIgniter->handleRequest(null, Object(Config\Cache), false)
 9 FCPATH\index.php(67): CodeIgniter\CodeIgniter->run()
10 SYSTEMPATH\Commands\Server\rewrite.php(43): require_once('FCPATH\\index.php')
CRITICAL - 2022-10-25 16:47:11 --> Undefined variable $tbuser
in APPPATH\Views\tbuser\formakses.php on line 11.
 1 APPPATH\Views\tbuser\formakses.php(11): CodeIgniter\Debug\Exceptions->errorHandler(2, 'Undefined variable $tbuser', 'APPPATH\\Views\\tbuser\\formakses.php', 11)
 2 SYSTEMPATH\View\View.php(213): include('APPPATH\\Views\\tbuser\\formakses.php')
 3 SYSTEMPATH\View\View.php(216): CodeIgniter\View\View->CodeIgniter\View\{closure}()
 4 SYSTEMPATH\Common.php(1142): CodeIgniter\View\View->render('tbuser/formakses', [], true)
 5 APPPATH\Controllers\Tbuser.php(368): view('tbuser/formakses', [...])
 6 SYSTEMPATH\CodeIgniter.php(904): App\Controllers\Tbuser->formakses()
 7 SYSTEMPATH\CodeIgniter.php(457): CodeIgniter\CodeIgniter->runController(Object(App\Controllers\Tbuser))
 8 SYSTEMPATH\CodeIgniter.php(340): CodeIgniter\CodeIgniter->handleRequest(null, Object(Config\Cache), false)
 9 FCPATH\index.php(67): CodeIgniter\CodeIgniter->run()
10 SYSTEMPATH\Commands\Server\rewrite.php(43): require_once('FCPATH\\index.php')
CRITICAL - 2022-10-25 16:48:03 --> Too few arguments to function App\Controllers\Tbuser::formakses(), 0 passed in D:\xampp\htdocs\ci4sbadmin704\system\CodeIgniter.php on line 904 and exactly 1 expected
in APPPATH\Controllers\Tbuser.php on line 362.
 1 SYSTEMPATH\CodeIgniter.php(904): App\Controllers\Tbuser->formakses()
 2 SYSTEMPATH\CodeIgniter.php(457): CodeIgniter\CodeIgniter->runController(Object(App\Controllers\Tbuser))
 3 SYSTEMPATH\CodeIgniter.php(340): CodeIgniter\CodeIgniter->handleRequest(null, Object(Config\Cache), false)
 4 FCPATH\index.php(67): CodeIgniter\CodeIgniter->run()
 5 SYSTEMPATH\Commands\Server\rewrite.php(43): require_once('FCPATH\\index.php')
CRITICAL - 2022-10-25 16:48:25 --> Too few arguments to function App\Controllers\Tbuser::formakses(), 0 passed in D:\xampp\htdocs\ci4sbadmin704\system\CodeIgniter.php on line 904 and exactly 1 expected
in APPPATH\Controllers\Tbuser.php on line 362.
 1 SYSTEMPATH\CodeIgniter.php(904): App\Controllers\Tbuser->formakses()
 2 SYSTEMPATH\CodeIgniter.php(457): CodeIgniter\CodeIgniter->runController(Object(App\Controllers\Tbuser))
 3 SYSTEMPATH\CodeIgniter.php(340): CodeIgniter\CodeIgniter->handleRequest(null, Object(Config\Cache), false)
 4 FCPATH\index.php(67): CodeIgniter\CodeIgniter->run()
 5 SYSTEMPATH\Commands\Server\rewrite.php(43): require_once('FCPATH\\index.php')
