ERROR - 2022-12-01 15:53:12 --> mysqli_sql_exception: You have an error in your SQL syntax; check the manual that corresponds to your MariaDB server version for the right syntax to use near 'rom wo_part limit 0' at line 1 in D:\xampp\htdocs\bp\system\Database\MySQLi\Connection.php:292
Stack trace:
#0 D:\xampp\htdocs\bp\system\Database\MySQLi\Connection.php(292): mysqli->query('create temporar...', 0)
#1 D:\xampp\htdocs\bp\system\Database\BaseConnection.php(693): CodeIgniter\Database\MySQLi\Connection->execute('create temporar...')
#2 D:\xampp\htdocs\bp\system\Database\BaseConnection.php(620): CodeIgniter\Database\BaseConnection->simpleQuery('create temporar...')
#3 D:\xampp\htdocs\bp\app\Views\wo\tambahestimasi.php(217): CodeIgniter\Database\BaseConnection->query('create temporar...')
#4 D:\xampp\htdocs\bp\system\View\View.php(213): include('D:\\xampp\\htdocs...')
#5 D:\xampp\htdocs\bp\system\View\View.php(216): CodeIgniter\View\View->CodeIgniter\View\{closure}()
#6 D:\xampp\htdocs\bp\system\Common.php(1142): CodeIgniter\View\View->render('wo/tambahestima...', Array, true)
#7 D:\xampp\htdocs\bp\app\Controllers\Wo.php(137): view('wo/tambahestima...', Array)
#8 D:\xampp\htdocs\bp\system\CodeIgniter.php(904): App\Controllers\Wo->tambahestimasi()
#9 D:\xampp\htdocs\bp\system\CodeIgniter.php(457): CodeIgniter\CodeIgniter->runController(Object(App\Controllers\Wo))
#10 D:\xampp\htdocs\bp\system\CodeIgniter.php(340): CodeIgniter\CodeIgniter->handleRequest(NULL, Object(Config\Cache), false)
#11 D:\xampp\htdocs\bp\public\index.php(67): CodeIgniter\CodeIgniter->run()
#12 D:\xampp\htdocs\bp\system\Commands\Server\rewrite.php(43): require_once('D:\\xampp\\htdocs...')
#13 {main}
CRITICAL - 2022-12-01 15:53:12 --> You have an error in your SQL syntax; check the manual that corresponds to your MariaDB server version for the right syntax to use near 'rom wo_part limit 0' at line 1
in SYSTEMPATH\Database\MySQLi\Connection.php on line 292.
 1 SYSTEMPATH\Database\MySQLi\Connection.php(292): mysqli->query('create temporary table temp_wo_part select * rom wo_part limit 0', 0)
 2 SYSTEMPATH\Database\BaseConnection.php(693): CodeIgniter\Database\MySQLi\Connection->execute('create temporary table temp_wo_part select * rom wo_part limit 0')
 3 SYSTEMPATH\Database\BaseConnection.php(620): CodeIgniter\Database\BaseConnection->simpleQuery('create temporary table temp_wo_part select * rom wo_part limit 0')
 4 APPPATH\Views\wo\tambahestimasi.php(217): CodeIgniter\Database\BaseConnection->query('create temporary table temp_wo_part select * rom wo_part limit 0')
 5 SYSTEMPATH\View\View.php(213): include('APPPATH\\Views\\wo\\tambahestimasi.php')
 6 SYSTEMPATH\View\View.php(216): CodeIgniter\View\View->CodeIgniter\View\{closure}()
 7 SYSTEMPATH\Common.php(1142): CodeIgniter\View\View->render('wo/tambahestimasi', [], true)
 8 APPPATH\Controllers\Wo.php(137): view('wo/tambahestimasi', [...])
 9 SYSTEMPATH\CodeIgniter.php(904): App\Controllers\Wo->tambahestimasi()
10 SYSTEMPATH\CodeIgniter.php(457): CodeIgniter\CodeIgniter->runController(Object(App\Controllers\Wo))
11 SYSTEMPATH\CodeIgniter.php(340): CodeIgniter\CodeIgniter->handleRequest(null, Object(Config\Cache), false)
12 FCPATH\index.php(67): CodeIgniter\CodeIgniter->run()
13 SYSTEMPATH\Commands\Server\rewrite.php(43): require_once('FCPATH\\index.php')
ERROR - 2022-12-01 15:53:23 --> mysqli_sql_exception: You have an error in your SQL syntax; check the manual that corresponds to your MariaDB server version for the right syntax to use near 'rom wo_part limit 0' at line 1 in D:\xampp\htdocs\bp\system\Database\MySQLi\Connection.php:292
Stack trace:
#0 D:\xampp\htdocs\bp\system\Database\MySQLi\Connection.php(292): mysqli->query('create temporar...', 0)
#1 D:\xampp\htdocs\bp\system\Database\BaseConnection.php(693): CodeIgniter\Database\MySQLi\Connection->execute('create temporar...')
#2 D:\xampp\htdocs\bp\system\Database\BaseConnection.php(620): CodeIgniter\Database\BaseConnection->simpleQuery('create temporar...')
#3 D:\xampp\htdocs\bp\app\Views\wo\tambahestimasi.php(217): CodeIgniter\Database\BaseConnection->query('create temporar...')
#4 D:\xampp\htdocs\bp\system\View\View.php(213): include('D:\\xampp\\htdocs...')
#5 D:\xampp\htdocs\bp\system\View\View.php(216): CodeIgniter\View\View->CodeIgniter\View\{closure}()
#6 D:\xampp\htdocs\bp\system\Common.php(1142): CodeIgniter\View\View->render('wo/tambahestima...', Array, true)
#7 D:\xampp\htdocs\bp\app\Controllers\Wo.php(137): view('wo/tambahestima...', Array)
#8 D:\xampp\htdocs\bp\system\CodeIgniter.php(904): App\Controllers\Wo->tambahestimasi()
#9 D:\xampp\htdocs\bp\system\CodeIgniter.php(457): CodeIgniter\CodeIgniter->runController(Object(App\Controllers\Wo))
#10 D:\xampp\htdocs\bp\system\CodeIgniter.php(340): CodeIgniter\CodeIgniter->handleRequest(NULL, Object(Config\Cache), false)
#11 D:\xampp\htdocs\bp\public\index.php(67): CodeIgniter\CodeIgniter->run()
#12 D:\xampp\htdocs\bp\system\Commands\Server\rewrite.php(43): require_once('D:\\xampp\\htdocs...')
#13 {main}
CRITICAL - 2022-12-01 15:53:23 --> You have an error in your SQL syntax; check the manual that corresponds to your MariaDB server version for the right syntax to use near 'rom wo_part limit 0' at line 1
in SYSTEMPATH\Database\MySQLi\Connection.php on line 292.
 1 SYSTEMPATH\Database\MySQLi\Connection.php(292): mysqli->query('create temporary table temp_wo_part select * rom wo_part limit 0', 0)
 2 SYSTEMPATH\Database\BaseConnection.php(693): CodeIgniter\Database\MySQLi\Connection->execute('create temporary table temp_wo_part select * rom wo_part limit 0')
 3 SYSTEMPATH\Database\BaseConnection.php(620): CodeIgniter\Database\BaseConnection->simpleQuery('create temporary table temp_wo_part select * rom wo_part limit 0')
 4 APPPATH\Views\wo\tambahestimasi.php(217): CodeIgniter\Database\BaseConnection->query('create temporary table temp_wo_part select * rom wo_part limit 0')
 5 SYSTEMPATH\View\View.php(213): include('APPPATH\\Views\\wo\\tambahestimasi.php')
 6 SYSTEMPATH\View\View.php(216): CodeIgniter\View\View->CodeIgniter\View\{closure}()
 7 SYSTEMPATH\Common.php(1142): CodeIgniter\View\View->render('wo/tambahestimasi', [], true)
 8 APPPATH\Controllers\Wo.php(137): view('wo/tambahestimasi', [...])
 9 SYSTEMPATH\CodeIgniter.php(904): App\Controllers\Wo->tambahestimasi()
10 SYSTEMPATH\CodeIgniter.php(457): CodeIgniter\CodeIgniter->runController(Object(App\Controllers\Wo))
11 SYSTEMPATH\CodeIgniter.php(340): CodeIgniter\CodeIgniter->handleRequest(null, Object(Config\Cache), false)
12 FCPATH\index.php(67): CodeIgniter\CodeIgniter->run()
13 SYSTEMPATH\Commands\Server\rewrite.php(43): require_once('FCPATH\\index.php')
ERROR - 2022-12-01 15:53:29 --> mysqli_sql_exception: You have an error in your SQL syntax; check the manual that corresponds to your MariaDB server version for the right syntax to use near 'rom wo_part limit 0' at line 1 in D:\xampp\htdocs\bp\system\Database\MySQLi\Connection.php:292
Stack trace:
#0 D:\xampp\htdocs\bp\system\Database\MySQLi\Connection.php(292): mysqli->query('create temporar...', 0)
#1 D:\xampp\htdocs\bp\system\Database\BaseConnection.php(693): CodeIgniter\Database\MySQLi\Connection->execute('create temporar...')
#2 D:\xampp\htdocs\bp\system\Database\BaseConnection.php(620): CodeIgniter\Database\BaseConnection->simpleQuery('create temporar...')
#3 D:\xampp\htdocs\bp\app\Views\wo\tambahestimasi.php(217): CodeIgniter\Database\BaseConnection->query('create temporar...')
#4 D:\xampp\htdocs\bp\system\View\View.php(213): include('D:\\xampp\\htdocs...')
#5 D:\xampp\htdocs\bp\system\View\View.php(216): CodeIgniter\View\View->CodeIgniter\View\{closure}()
#6 D:\xampp\htdocs\bp\system\Common.php(1142): CodeIgniter\View\View->render('wo/tambahestima...', Array, true)
#7 D:\xampp\htdocs\bp\app\Controllers\Wo.php(137): view('wo/tambahestima...', Array)
#8 D:\xampp\htdocs\bp\system\CodeIgniter.php(904): App\Controllers\Wo->tambahestimasi()
#9 D:\xampp\htdocs\bp\system\CodeIgniter.php(457): CodeIgniter\CodeIgniter->runController(Object(App\Controllers\Wo))
#10 D:\xampp\htdocs\bp\system\CodeIgniter.php(340): CodeIgniter\CodeIgniter->handleRequest(NULL, Object(Config\Cache), false)
#11 D:\xampp\htdocs\bp\public\index.php(67): CodeIgniter\CodeIgniter->run()
#12 D:\xampp\htdocs\bp\system\Commands\Server\rewrite.php(43): require_once('D:\\xampp\\htdocs...')
#13 {main}
CRITICAL - 2022-12-01 15:53:29 --> You have an error in your SQL syntax; check the manual that corresponds to your MariaDB server version for the right syntax to use near 'rom wo_part limit 0' at line 1
in SYSTEMPATH\Database\MySQLi\Connection.php on line 292.
 1 SYSTEMPATH\Database\MySQLi\Connection.php(292): mysqli->query('create temporary table temp_wo_part select * rom wo_part limit 0', 0)
 2 SYSTEMPATH\Database\BaseConnection.php(693): CodeIgniter\Database\MySQLi\Connection->execute('create temporary table temp_wo_part select * rom wo_part limit 0')
 3 SYSTEMPATH\Database\BaseConnection.php(620): CodeIgniter\Database\BaseConnection->simpleQuery('create temporary table temp_wo_part select * rom wo_part limit 0')
 4 APPPATH\Views\wo\tambahestimasi.php(217): CodeIgniter\Database\BaseConnection->query('create temporary table temp_wo_part select * rom wo_part limit 0')
 5 SYSTEMPATH\View\View.php(213): include('APPPATH\\Views\\wo\\tambahestimasi.php')
 6 SYSTEMPATH\View\View.php(216): CodeIgniter\View\View->CodeIgniter\View\{closure}()
 7 SYSTEMPATH\Common.php(1142): CodeIgniter\View\View->render('wo/tambahestimasi', [], true)
 8 APPPATH\Controllers\Wo.php(137): view('wo/tambahestimasi', [...])
 9 SYSTEMPATH\CodeIgniter.php(904): App\Controllers\Wo->tambahestimasi()
10 SYSTEMPATH\CodeIgniter.php(457): CodeIgniter\CodeIgniter->runController(Object(App\Controllers\Wo))
11 SYSTEMPATH\CodeIgniter.php(340): CodeIgniter\CodeIgniter->handleRequest(null, Object(Config\Cache), false)
12 FCPATH\index.php(67): CodeIgniter\CodeIgniter->run()
13 SYSTEMPATH\Commands\Server\rewrite.php(43): require_once('FCPATH\\index.php')
CRITICAL - 2022-12-01 15:55:09 --> Undefined variable $kode
in APPPATH\Views\wo\tambahestimasi.php on line 223.
 1 APPPATH\Views\wo\tambahestimasi.php(223): CodeIgniter\Debug\Exceptions->errorHandler(2, 'Undefined variable $kode', 'APPPATH\\Views\\wo\\tambahestimasi.php', 223)
 2 SYSTEMPATH\View\View.php(213): include('APPPATH\\Views\\wo\\tambahestimasi.php')
 3 SYSTEMPATH\View\View.php(216): CodeIgniter\View\View->CodeIgniter\View\{closure}()
 4 SYSTEMPATH\Common.php(1142): CodeIgniter\View\View->render('wo/tambahestimasi', [], true)
 5 APPPATH\Controllers\Wo.php(137): view('wo/tambahestimasi', [...])
 6 SYSTEMPATH\CodeIgniter.php(904): App\Controllers\Wo->tambahestimasi()
 7 SYSTEMPATH\CodeIgniter.php(457): CodeIgniter\CodeIgniter->runController(Object(App\Controllers\Wo))
 8 SYSTEMPATH\CodeIgniter.php(340): CodeIgniter\CodeIgniter->handleRequest(null, Object(Config\Cache), false)
 9 FCPATH\index.php(67): CodeIgniter\CodeIgniter->run()
10 SYSTEMPATH\Commands\Server\rewrite.php(43): require_once('FCPATH\\index.php')
ERROR - 2022-12-01 15:56:50 --> mysqli_sql_exception: You have an error in your SQL syntax; check the manual that corresponds to your MariaDB server version for the right syntax to use near '>$kode' at line 1 in D:\xampp\htdocs\bp\system\Database\MySQLi\Connection.php:292
Stack trace:
#0 D:\xampp\htdocs\bp\system\Database\MySQLi\Connection.php(292): mysqli->query('SELECT * from r...', 0)
#1 D:\xampp\htdocs\bp\system\Database\BaseConnection.php(693): CodeIgniter\Database\MySQLi\Connection->execute('SELECT * from r...')
#2 D:\xampp\htdocs\bp\system\Database\BaseConnection.php(620): CodeIgniter\Database\BaseConnection->simpleQuery('SELECT * from r...')
#3 D:\xampp\htdocs\bp\app\Views\wo\tambahestimasi.php(224): CodeIgniter\Database\BaseConnection->query('SELECT * from r...')
#4 D:\xampp\htdocs\bp\system\View\View.php(213): include('D:\\xampp\\htdocs...')
#5 D:\xampp\htdocs\bp\system\View\View.php(216): CodeIgniter\View\View->CodeIgniter\View\{closure}()
#6 D:\xampp\htdocs\bp\system\Common.php(1142): CodeIgniter\View\View->render('wo/tambahestima...', Array, true)
#7 D:\xampp\htdocs\bp\app\Controllers\Wo.php(137): view('wo/tambahestima...', Array)
#8 D:\xampp\htdocs\bp\system\CodeIgniter.php(904): App\Controllers\Wo->tambahestimasi()
#9 D:\xampp\htdocs\bp\system\CodeIgniter.php(457): CodeIgniter\CodeIgniter->runController(Object(App\Controllers\Wo))
#10 D:\xampp\htdocs\bp\system\CodeIgniter.php(340): CodeIgniter\CodeIgniter->handleRequest(NULL, Object(Config\Cache), false)
#11 D:\xampp\htdocs\bp\public\index.php(67): CodeIgniter\CodeIgniter->run()
#12 D:\xampp\htdocs\bp\system\Commands\Server\rewrite.php(43): require_once('D:\\xampp\\htdocs...')
#13 {main}
CRITICAL - 2022-12-01 15:56:50 --> You have an error in your SQL syntax; check the manual that corresponds to your MariaDB server version for the right syntax to use near '>$kode' at line 1
in SYSTEMPATH\Database\MySQLi\Connection.php on line 292.
 1 SYSTEMPATH\Database\MySQLi\Connection.php(292): mysqli->query('SELECT * from rwtkeluargad where kode=>$kode', 0)
 2 SYSTEMPATH\Database\BaseConnection.php(693): CodeIgniter\Database\MySQLi\Connection->execute('SELECT * from rwtkeluargad where kode=>$kode')
 3 SYSTEMPATH\Database\BaseConnection.php(620): CodeIgniter\Database\BaseConnection->simpleQuery('SELECT * from rwtkeluargad where kode=>$kode')
 4 APPPATH\Views\wo\tambahestimasi.php(224): CodeIgniter\Database\BaseConnection->query('SELECT * from rwtkeluargad where kode=>$kode')
 5 SYSTEMPATH\View\View.php(213): include('APPPATH\\Views\\wo\\tambahestimasi.php')
 6 SYSTEMPATH\View\View.php(216): CodeIgniter\View\View->CodeIgniter\View\{closure}()
 7 SYSTEMPATH\Common.php(1142): CodeIgniter\View\View->render('wo/tambahestimasi', [], true)
 8 APPPATH\Controllers\Wo.php(137): view('wo/tambahestimasi', [...])
 9 SYSTEMPATH\CodeIgniter.php(904): App\Controllers\Wo->tambahestimasi()
10 SYSTEMPATH\CodeIgniter.php(457): CodeIgniter\CodeIgniter->runController(Object(App\Controllers\Wo))
11 SYSTEMPATH\CodeIgniter.php(340): CodeIgniter\CodeIgniter->handleRequest(null, Object(Config\Cache), false)
12 FCPATH\index.php(67): CodeIgniter\CodeIgniter->run()
13 SYSTEMPATH\Commands\Server\rewrite.php(43): require_once('FCPATH\\index.php')
CRITICAL - 2022-12-01 15:58:36 --> Call to a member function getResultArray() on bool
in APPPATH\Views\wo\tambahestimasi.php on line 218.
 1 SYSTEMPATH\View\View.php(213): include()
 2 SYSTEMPATH\View\View.php(216): CodeIgniter\View\View->CodeIgniter\View\{closure}()
 3 SYSTEMPATH\Common.php(1142): CodeIgniter\View\View->render('wo/tambahestimasi', [], true)
 4 APPPATH\Controllers\Wo.php(137): view('wo/tambahestimasi', [...])
 5 SYSTEMPATH\CodeIgniter.php(904): App\Controllers\Wo->tambahestimasi()
 6 SYSTEMPATH\CodeIgniter.php(457): CodeIgniter\CodeIgniter->runController(Object(App\Controllers\Wo))
 7 SYSTEMPATH\CodeIgniter.php(340): CodeIgniter\CodeIgniter->handleRequest(null, Object(Config\Cache), false)
 8 FCPATH\index.php(67): CodeIgniter\CodeIgniter->run()
 9 SYSTEMPATH\Commands\Server\rewrite.php(43): require_once('FCPATH\\index.php')
CRITICAL - 2022-12-01 16:28:16 --> Undefined variable $nowo
in APPPATH\Views\wo\tambahestimasi.php on line 231.
 1 APPPATH\Views\wo\tambahestimasi.php(231): CodeIgniter\Debug\Exceptions->errorHandler(2, 'Undefined variable $nowo', 'APPPATH\\Views\\wo\\tambahestimasi.php', 231)
 2 SYSTEMPATH\View\View.php(213): include('APPPATH\\Views\\wo\\tambahestimasi.php')
 3 SYSTEMPATH\View\View.php(216): CodeIgniter\View\View->CodeIgniter\View\{closure}()
 4 SYSTEMPATH\Common.php(1142): CodeIgniter\View\View->render('wo/tambahestimasi', [], true)
 5 APPPATH\Controllers\Wo.php(137): view('wo/tambahestimasi', [...])
 6 SYSTEMPATH\CodeIgniter.php(904): App\Controllers\Wo->tambahestimasi()
 7 SYSTEMPATH\CodeIgniter.php(457): CodeIgniter\CodeIgniter->runController(Object(App\Controllers\Wo))
 8 SYSTEMPATH\CodeIgniter.php(340): CodeIgniter\CodeIgniter->handleRequest(null, Object(Config\Cache), false)
 9 FCPATH\index.php(67): CodeIgniter\CodeIgniter->run()
10 SYSTEMPATH\Commands\Server\rewrite.php(43): require_once('FCPATH\\index.php')
