CRITICAL - 2022-09-22 01:14:31 --> syntax error, unexpected namespaced name "App\Controllers"
in APPPATH\Controllers\Register.php on line 3.
 1 SYSTEMPATH\Autoloader\Autoloader.php(259): CodeIgniter\Autoloader\Autoloader->includeFile('APPPATH\\Controllers\\Register.php')
 2 SYSTEMPATH\Autoloader\Autoloader.php(237): CodeIgniter\Autoloader\Autoloader->loadInNamespace('App\\Controllers\\Register')
 3 [internal function]: CodeIgniter\Autoloader\Autoloader->loadClass('App\\Controllers\\Register')
 4 SYSTEMPATH\CodeIgniter.php(854): class_exists('\\App\\Controllers\\Register', true)
 5 SYSTEMPATH\CodeIgniter.php(444): CodeIgniter\CodeIgniter->startController()
 6 SYSTEMPATH\CodeIgniter.php(340): CodeIgniter\CodeIgniter->handleRequest(null, Object(Config\Cache), false)
 7 FCPATH\index.php(67): CodeIgniter\CodeIgniter->run()
 8 SYSTEMPATH\Commands\Server\rewrite.php(43): require_once('FCPATH\\index.php')
CRITICAL - 2022-09-22 01:18:46 --> syntax error, unexpected token ","
in APPPATH\Controllers\Rubah_password.php on line 33.
 1 SYSTEMPATH\Autoloader\Autoloader.php(259): CodeIgniter\Autoloader\Autoloader->includeFile('APPPATH\\Controllers\\Rubah_password.php')
 2 SYSTEMPATH\Autoloader\Autoloader.php(237): CodeIgniter\Autoloader\Autoloader->loadInNamespace('App\\Controllers\\rubah_password')
 3 [internal function]: CodeIgniter\Autoloader\Autoloader->loadClass('App\\Controllers\\rubah_password')
 4 SYSTEMPATH\CodeIgniter.php(854): class_exists('\\App\\Controllers\\rubah_password', true)
 5 SYSTEMPATH\CodeIgniter.php(444): CodeIgniter\CodeIgniter->startController()
 6 SYSTEMPATH\CodeIgniter.php(340): CodeIgniter\CodeIgniter->handleRequest(null, Object(Config\Cache), false)
 7 FCPATH\index.php(67): CodeIgniter\CodeIgniter->run()
 8 SYSTEMPATH\Commands\Server\rewrite.php(43): require_once('FCPATH\\index.php')
CRITICAL - 2022-09-22 01:19:06 --> syntax error, unexpected token ","
in APPPATH\Controllers\Rubah_password.php on line 33.
 1 SYSTEMPATH\Autoloader\Autoloader.php(259): CodeIgniter\Autoloader\Autoloader->includeFile('APPPATH\\Controllers\\Rubah_password.php')
 2 SYSTEMPATH\Autoloader\Autoloader.php(237): CodeIgniter\Autoloader\Autoloader->loadInNamespace('App\\Controllers\\rubah_password')
 3 [internal function]: CodeIgniter\Autoloader\Autoloader->loadClass('App\\Controllers\\rubah_password')
 4 SYSTEMPATH\CodeIgniter.php(854): class_exists('\\App\\Controllers\\rubah_password', true)
 5 SYSTEMPATH\CodeIgniter.php(444): CodeIgniter\CodeIgniter->startController()
 6 SYSTEMPATH\CodeIgniter.php(340): CodeIgniter\CodeIgniter->handleRequest(null, Object(Config\Cache), false)
 7 FCPATH\index.php(67): CodeIgniter\CodeIgniter->run()
 8 SYSTEMPATH\Commands\Server\rewrite.php(43): require_once('FCPATH\\index.php')
CRITICAL - 2022-09-22 01:34:05 --> syntax error, unexpected token ","
in APPPATH\Controllers\Rubah_password.php on line 35.
 1 SYSTEMPATH\Autoloader\Autoloader.php(259): CodeIgniter\Autoloader\Autoloader->includeFile('APPPATH\\Controllers\\Rubah_password.php')
 2 SYSTEMPATH\Autoloader\Autoloader.php(237): CodeIgniter\Autoloader\Autoloader->loadInNamespace('App\\Controllers\\rubah_password')
 3 [internal function]: CodeIgniter\Autoloader\Autoloader->loadClass('App\\Controllers\\rubah_password')
 4 SYSTEMPATH\CodeIgniter.php(854): class_exists('\\App\\Controllers\\rubah_password', true)
 5 SYSTEMPATH\CodeIgniter.php(444): CodeIgniter\CodeIgniter->startController()
 6 SYSTEMPATH\CodeIgniter.php(340): CodeIgniter\CodeIgniter->handleRequest(null, Object(Config\Cache), false)
 7 FCPATH\index.php(67): CodeIgniter\CodeIgniter->run()
 8 SYSTEMPATH\Commands\Server\rewrite.php(43): require_once('FCPATH\\index.php')
CRITICAL - 2022-09-22 01:36:46 --> Undefined variable $session
in APPPATH\Controllers\Rubah_password.php on line 38.
 1 APPPATH\Controllers\Rubah_password.php(38): CodeIgniter\Debug\Exceptions->errorHandler(2, 'Undefined variable $session', 'APPPATH\\Controllers\\Rubah_password.php', 38)
 2 SYSTEMPATH\CodeIgniter.php(904): App\Controllers\Rubah_password->update()
 3 SYSTEMPATH\CodeIgniter.php(457): CodeIgniter\CodeIgniter->runController(Object(App\Controllers\Rubah_password))
 4 SYSTEMPATH\CodeIgniter.php(340): CodeIgniter\CodeIgniter->handleRequest(null, Object(Config\Cache), false)
 5 FCPATH\index.php(67): CodeIgniter\CodeIgniter->run()
 6 SYSTEMPATH\Commands\Server\rewrite.php(43): require_once('FCPATH\\index.php')
CRITICAL - 2022-09-22 01:38:05 --> Undefined variable $session
in APPPATH\Controllers\Rubah_password.php on line 38.
 1 APPPATH\Controllers\Rubah_password.php(38): CodeIgniter\Debug\Exceptions->errorHandler(2, 'Undefined variable $session', 'APPPATH\\Controllers\\Rubah_password.php', 38)
 2 SYSTEMPATH\CodeIgniter.php(904): App\Controllers\Rubah_password->update()
 3 SYSTEMPATH\CodeIgniter.php(457): CodeIgniter\CodeIgniter->runController(Object(App\Controllers\Rubah_password))
 4 SYSTEMPATH\CodeIgniter.php(340): CodeIgniter\CodeIgniter->handleRequest(null, Object(Config\Cache), false)
 5 FCPATH\index.php(67): CodeIgniter\CodeIgniter->run()
 6 SYSTEMPATH\Commands\Server\rewrite.php(43): require_once('FCPATH\\index.php')
CRITICAL - 2022-09-22 01:38:11 --> Undefined variable $session
in APPPATH\Controllers\Rubah_password.php on line 38.
 1 APPPATH\Controllers\Rubah_password.php(38): CodeIgniter\Debug\Exceptions->errorHandler(2, 'Undefined variable $session', 'APPPATH\\Controllers\\Rubah_password.php', 38)
 2 SYSTEMPATH\CodeIgniter.php(904): App\Controllers\Rubah_password->update()
 3 SYSTEMPATH\CodeIgniter.php(457): CodeIgniter\CodeIgniter->runController(Object(App\Controllers\Rubah_password))
 4 SYSTEMPATH\CodeIgniter.php(340): CodeIgniter\CodeIgniter->handleRequest(null, Object(Config\Cache), false)
 5 FCPATH\index.php(67): CodeIgniter\CodeIgniter->run()
 6 SYSTEMPATH\Commands\Server\rewrite.php(43): require_once('FCPATH\\index.php')
CRITICAL - 2022-09-22 01:41:51 --> Invalid file: rubah_password.php
in SYSTEMPATH\Exceptions\FrameworkException.php on line 33.
 1 SYSTEMPATH\View\View.php(201): CodeIgniter\Exceptions\FrameworkException::forInvalidFile('rubah_password.php')
 2 SYSTEMPATH\Common.php(1142): CodeIgniter\View\View->render('rubah_password', [], true)
 3 APPPATH\Controllers\Rubah_password.php(72): view('rubah_password', [...])
 4 SYSTEMPATH\CodeIgniter.php(904): App\Controllers\Rubah_password->update()
 5 SYSTEMPATH\CodeIgniter.php(457): CodeIgniter\CodeIgniter->runController(Object(App\Controllers\Rubah_password))
 6 SYSTEMPATH\CodeIgniter.php(340): CodeIgniter\CodeIgniter->handleRequest(null, Object(Config\Cache), false)
 7 FCPATH\index.php(67): CodeIgniter\CodeIgniter->run()
 8 SYSTEMPATH\Commands\Server\rewrite.php(43): require_once('FCPATH\\index.php')
CRITICAL - 2022-09-22 01:42:08 --> Undefined variable $user
in APPPATH\Views\user\rubah_password.php on line 39.
 1 APPPATH\Views\user\rubah_password.php(39): CodeIgniter\Debug\Exceptions->errorHandler(2, 'Undefined variable $user', 'APPPATH\\Views\\user\\rubah_password.php', 39)
 2 SYSTEMPATH\View\View.php(213): include('APPPATH\\Views\\user\\rubah_password.php')
 3 SYSTEMPATH\View\View.php(216): CodeIgniter\View\View->CodeIgniter\View\{closure}()
 4 SYSTEMPATH\Common.php(1142): CodeIgniter\View\View->render('/user/rubah_password', [], true)
 5 APPPATH\Controllers\Rubah_password.php(72): view('/user/rubah_password', [...])
 6 SYSTEMPATH\CodeIgniter.php(904): App\Controllers\Rubah_password->update()
 7 SYSTEMPATH\CodeIgniter.php(457): CodeIgniter\CodeIgniter->runController(Object(App\Controllers\Rubah_password))
 8 SYSTEMPATH\CodeIgniter.php(340): CodeIgniter\CodeIgniter->handleRequest(null, Object(Config\Cache), false)
 9 FCPATH\index.php(67): CodeIgniter\CodeIgniter->run()
10 SYSTEMPATH\Commands\Server\rewrite.php(43): require_once('FCPATH\\index.php')
CRITICAL - 2022-09-22 01:52:39 --> password_hash(): Passing null to parameter #1 ($password) of type string is deprecated
in APPPATH\Controllers\Rubah_password.php on line 56.
 1 [internal function]: CodeIgniter\Debug\Exceptions->errorHandler(8192, 'password_hash(): Passing null to parameter #1 ($password) of type string is deprecated', 'APPPATH\\Controllers\\Rubah_password.php', 56)
 2 APPPATH\Controllers\Rubah_password.php(56): password_hash(null, '2y')
 3 SYSTEMPATH\CodeIgniter.php(904): App\Controllers\Rubah_password->update()
 4 SYSTEMPATH\CodeIgniter.php(457): CodeIgniter\CodeIgniter->runController(Object(App\Controllers\Rubah_password))
 5 SYSTEMPATH\CodeIgniter.php(340): CodeIgniter\CodeIgniter->handleRequest(null, Object(Config\Cache), false)
 6 FCPATH\index.php(67): CodeIgniter\CodeIgniter->run()
 7 SYSTEMPATH\Commands\Server\rewrite.php(43): require_once('FCPATH\\index.php')
CRITICAL - 2022-09-22 02:21:50 --> Undefined variable $id
in APPPATH\Controllers\Rubah_password.php on line 58.
 1 APPPATH\Controllers\Rubah_password.php(58): CodeIgniter\Debug\Exceptions->errorHandler(2, 'Undefined variable $id', 'APPPATH\\Controllers\\Rubah_password.php', 58)
 2 SYSTEMPATH\CodeIgniter.php(904): App\Controllers\Rubah_password->update('16')
 3 SYSTEMPATH\CodeIgniter.php(457): CodeIgniter\CodeIgniter->runController(Object(App\Controllers\Rubah_password))
 4 SYSTEMPATH\CodeIgniter.php(340): CodeIgniter\CodeIgniter->handleRequest(null, Object(Config\Cache), false)
 5 FCPATH\index.php(67): CodeIgniter\CodeIgniter->run()
 6 SYSTEMPATH\Commands\Server\rewrite.php(43): require_once('FCPATH\\index.php')
CRITICAL - 2022-09-22 02:26:05 --> CodeIgniter\BaseModel::transformDataToArray(): Return value must be of type array, string returned
in SYSTEMPATH\BaseModel.php on line 1599.
 1 SYSTEMPATH\BaseModel.php(704): CodeIgniter\BaseModel->transformDataToArray('16', 'insert')
 2 SYSTEMPATH\Model.php(667): CodeIgniter\BaseModel->insert('16', false)
 3 SYSTEMPATH\BaseModel.php(658): CodeIgniter\Model->insert('16', false)
 4 APPPATH\Controllers\Rubah_password.php(59): CodeIgniter\BaseModel->save('16')
 5 SYSTEMPATH\CodeIgniter.php(904): App\Controllers\Rubah_password->update('16')
 6 SYSTEMPATH\CodeIgniter.php(457): CodeIgniter\CodeIgniter->runController(Object(App\Controllers\Rubah_password))
 7 SYSTEMPATH\CodeIgniter.php(340): CodeIgniter\CodeIgniter->handleRequest(null, Object(Config\Cache), false)
 8 FCPATH\index.php(67): CodeIgniter\CodeIgniter->run()
 9 SYSTEMPATH\Commands\Server\rewrite.php(43): require_once('FCPATH\\index.php')
CRITICAL - 2022-09-22 02:28:09 --> CodeIgniter\BaseModel::transformDataToArray(): Return value must be of type array, string returned
in SYSTEMPATH\BaseModel.php on line 1599.
 1 SYSTEMPATH\BaseModel.php(704): CodeIgniter\BaseModel->transformDataToArray('16', 'insert')
 2 SYSTEMPATH\Model.php(667): CodeIgniter\BaseModel->insert('16', false)
 3 SYSTEMPATH\BaseModel.php(658): CodeIgniter\Model->insert('16', false)
 4 APPPATH\Controllers\Rubah_password.php(60): CodeIgniter\BaseModel->save('16')
 5 SYSTEMPATH\CodeIgniter.php(904): App\Controllers\Rubah_password->update('16')
 6 SYSTEMPATH\CodeIgniter.php(457): CodeIgniter\CodeIgniter->runController(Object(App\Controllers\Rubah_password))
 7 SYSTEMPATH\CodeIgniter.php(340): CodeIgniter\CodeIgniter->handleRequest(null, Object(Config\Cache), false)
 8 FCPATH\index.php(67): CodeIgniter\CodeIgniter->run()
 9 SYSTEMPATH\Commands\Server\rewrite.php(43): require_once('FCPATH\\index.php')
CRITICAL - 2022-09-22 02:30:49 --> CodeIgniter\BaseModel::transformDataToArray(): Return value must be of type array, string returned
in SYSTEMPATH\BaseModel.php on line 1599.
 1 SYSTEMPATH\BaseModel.php(704): CodeIgniter\BaseModel->transformDataToArray('16', 'insert')
 2 SYSTEMPATH\Model.php(667): CodeIgniter\BaseModel->insert('16', false)
 3 SYSTEMPATH\BaseModel.php(658): CodeIgniter\Model->insert('16', false)
 4 APPPATH\Controllers\Rubah_password.php(60): CodeIgniter\BaseModel->save('16')
 5 SYSTEMPATH\CodeIgniter.php(904): App\Controllers\Rubah_password->update('16')
 6 SYSTEMPATH\CodeIgniter.php(457): CodeIgniter\CodeIgniter->runController(Object(App\Controllers\Rubah_password))
 7 SYSTEMPATH\CodeIgniter.php(340): CodeIgniter\CodeIgniter->handleRequest(null, Object(Config\Cache), false)
 8 FCPATH\index.php(67): CodeIgniter\CodeIgniter->run()
 9 SYSTEMPATH\Commands\Server\rewrite.php(43): require_once('FCPATH\\index.php')
CRITICAL - 2022-09-22 02:33:45 --> CodeIgniter\BaseModel::transformDataToArray(): Return value must be of type array, string returned
in SYSTEMPATH\BaseModel.php on line 1599.
 1 SYSTEMPATH\BaseModel.php(704): CodeIgniter\BaseModel->transformDataToArray('16', 'insert')
 2 SYSTEMPATH\Model.php(667): CodeIgniter\BaseModel->insert('16', false)
 3 SYSTEMPATH\BaseModel.php(658): CodeIgniter\Model->insert('16', false)
 4 APPPATH\Controllers\Rubah_password.php(59): CodeIgniter\BaseModel->save('16')
 5 SYSTEMPATH\CodeIgniter.php(904): App\Controllers\Rubah_password->update()
 6 SYSTEMPATH\CodeIgniter.php(457): CodeIgniter\CodeIgniter->runController(Object(App\Controllers\Rubah_password))
 7 SYSTEMPATH\CodeIgniter.php(340): CodeIgniter\CodeIgniter->handleRequest(null, Object(Config\Cache), false)
 8 FCPATH\index.php(67): CodeIgniter\CodeIgniter->run()
 9 SYSTEMPATH\Commands\Server\rewrite.php(43): require_once('FCPATH\\index.php')
CRITICAL - 2022-09-22 02:36:19 --> CodeIgniter\BaseModel::transformDataToArray(): Return value must be of type array, string returned
in SYSTEMPATH\BaseModel.php on line 1599.
 1 SYSTEMPATH\BaseModel.php(704): CodeIgniter\BaseModel->transformDataToArray('16', 'insert')
 2 SYSTEMPATH\Model.php(667): CodeIgniter\BaseModel->insert('16', false)
 3 SYSTEMPATH\BaseModel.php(658): CodeIgniter\Model->insert('16', false)
 4 APPPATH\Controllers\Rubah_password.php(59): CodeIgniter\BaseModel->save('16')
 5 SYSTEMPATH\CodeIgniter.php(904): App\Controllers\Rubah_password->update('ROOTPATH\\public')
 6 SYSTEMPATH\CodeIgniter.php(457): CodeIgniter\CodeIgniter->runController(Object(App\Controllers\Rubah_password))
 7 SYSTEMPATH\CodeIgniter.php(340): CodeIgniter\CodeIgniter->handleRequest(null, Object(Config\Cache), false)
 8 FCPATH\index.php(67): CodeIgniter\CodeIgniter->run()
 9 SYSTEMPATH\Commands\Server\rewrite.php(43): require_once('FCPATH\\index.php')
CRITICAL - 2022-09-22 02:37:19 --> Too few arguments to function CodeIgniter\BaseModel::save(), 0 passed in D:\xampp\htdocs\ci4sbadmin704\app\Controllers\Rubah_password.php on line 59 and exactly 1 expected
in SYSTEMPATH\BaseModel.php on line 649.
 1 APPPATH\Controllers\Rubah_password.php(59): CodeIgniter\BaseModel->save()
 2 SYSTEMPATH\CodeIgniter.php(904): App\Controllers\Rubah_password->update('16')
 3 SYSTEMPATH\CodeIgniter.php(457): CodeIgniter\CodeIgniter->runController(Object(App\Controllers\Rubah_password))
 4 SYSTEMPATH\CodeIgniter.php(340): CodeIgniter\CodeIgniter->handleRequest(null, Object(Config\Cache), false)
 5 FCPATH\index.php(67): CodeIgniter\CodeIgniter->run()
 6 SYSTEMPATH\Commands\Server\rewrite.php(43): require_once('FCPATH\\index.php')
CRITICAL - 2022-09-22 03:18:34 --> Undefined variable $user
in APPPATH\Views\user\rubah_password.php on line 32.
 1 APPPATH\Views\user\rubah_password.php(32): CodeIgniter\Debug\Exceptions->errorHandler(2, 'Undefined variable $user', 'APPPATH\\Views\\user\\rubah_password.php', 32)
 2 SYSTEMPATH\View\View.php(213): include('APPPATH\\Views\\user\\rubah_password.php')
 3 SYSTEMPATH\View\View.php(216): CodeIgniter\View\View->CodeIgniter\View\{closure}()
 4 SYSTEMPATH\Common.php(1142): CodeIgniter\View\View->render('/user/rubah_password', [], true)
 5 APPPATH\Controllers\Rubah_password.php(74): view('/user/rubah_password', [...])
 6 SYSTEMPATH\CodeIgniter.php(904): App\Controllers\Rubah_password->update('16')
 7 SYSTEMPATH\CodeIgniter.php(457): CodeIgniter\CodeIgniter->runController(Object(App\Controllers\Rubah_password))
 8 SYSTEMPATH\CodeIgniter.php(340): CodeIgniter\CodeIgniter->handleRequest(null, Object(Config\Cache), false)
 9 FCPATH\index.php(67): CodeIgniter\CodeIgniter->run()
10 SYSTEMPATH\Commands\Server\rewrite.php(43): require_once('FCPATH\\index.php')
CRITICAL - 2022-09-22 03:19:15 --> Undefined variable $user
in APPPATH\Views\user\rubah_password.php on line 32.
 1 APPPATH\Views\user\rubah_password.php(32): CodeIgniter\Debug\Exceptions->errorHandler(2, 'Undefined variable $user', 'APPPATH\\Views\\user\\rubah_password.php', 32)
 2 SYSTEMPATH\View\View.php(213): include('APPPATH\\Views\\user\\rubah_password.php')
 3 SYSTEMPATH\View\View.php(216): CodeIgniter\View\View->CodeIgniter\View\{closure}()
 4 SYSTEMPATH\Common.php(1142): CodeIgniter\View\View->render('/user/rubah_password', [], true)
 5 APPPATH\Controllers\Rubah_password.php(74): view('/user/rubah_password', [...])
 6 SYSTEMPATH\CodeIgniter.php(904): App\Controllers\Rubah_password->update('16')
 7 SYSTEMPATH\CodeIgniter.php(457): CodeIgniter\CodeIgniter->runController(Object(App\Controllers\Rubah_password))
 8 SYSTEMPATH\CodeIgniter.php(340): CodeIgniter\CodeIgniter->handleRequest(null, Object(Config\Cache), false)
 9 FCPATH\index.php(67): CodeIgniter\CodeIgniter->run()
10 SYSTEMPATH\Commands\Server\rewrite.php(43): require_once('FCPATH\\index.php')
CRITICAL - 2022-09-22 03:20:26 --> Undefined variable $data
in APPPATH\Views\user\rubah_password.php on line 32.
 1 APPPATH\Views\user\rubah_password.php(32): CodeIgniter\Debug\Exceptions->errorHandler(2, 'Undefined variable $data', 'APPPATH\\Views\\user\\rubah_password.php', 32)
 2 SYSTEMPATH\View\View.php(213): include('APPPATH\\Views\\user\\rubah_password.php')
 3 SYSTEMPATH\View\View.php(216): CodeIgniter\View\View->CodeIgniter\View\{closure}()
 4 SYSTEMPATH\Common.php(1142): CodeIgniter\View\View->render('/user/rubah_password', [], true)
 5 APPPATH\Controllers\Rubah_password.php(28): view('/user/rubah_password', [...])
 6 SYSTEMPATH\CodeIgniter.php(904): App\Controllers\Rubah_password->index()
 7 SYSTEMPATH\CodeIgniter.php(457): CodeIgniter\CodeIgniter->runController(Object(App\Controllers\Rubah_password))
 8 SYSTEMPATH\CodeIgniter.php(340): CodeIgniter\CodeIgniter->handleRequest(null, Object(Config\Cache), false)
 9 FCPATH\index.php(67): CodeIgniter\CodeIgniter->run()
10 SYSTEMPATH\Commands\Server\rewrite.php(43): require_once('FCPATH\\index.php')
CRITICAL - 2022-09-22 03:20:46 --> Undefined variable $data
in APPPATH\Views\user\rubah_password.php on line 32.
 1 APPPATH\Views\user\rubah_password.php(32): CodeIgniter\Debug\Exceptions->errorHandler(2, 'Undefined variable $data', 'APPPATH\\Views\\user\\rubah_password.php', 32)
 2 SYSTEMPATH\View\View.php(213): include('APPPATH\\Views\\user\\rubah_password.php')
 3 SYSTEMPATH\View\View.php(216): CodeIgniter\View\View->CodeIgniter\View\{closure}()
 4 SYSTEMPATH\Common.php(1142): CodeIgniter\View\View->render('/user/rubah_password', [], true)
 5 APPPATH\Controllers\Rubah_password.php(28): view('/user/rubah_password', [...])
 6 SYSTEMPATH\CodeIgniter.php(904): App\Controllers\Rubah_password->index()
 7 SYSTEMPATH\CodeIgniter.php(457): CodeIgniter\CodeIgniter->runController(Object(App\Controllers\Rubah_password))
 8 SYSTEMPATH\CodeIgniter.php(340): CodeIgniter\CodeIgniter->handleRequest(null, Object(Config\Cache), false)
 9 FCPATH\index.php(67): CodeIgniter\CodeIgniter->run()
10 SYSTEMPATH\Commands\Server\rewrite.php(43): require_once('FCPATH\\index.php')
CRITICAL - 2022-09-22 03:24:51 --> Undefined variable $user
in APPPATH\Views\user\rubah_password.php on line 32.
 1 APPPATH\Views\user\rubah_password.php(32): CodeIgniter\Debug\Exceptions->errorHandler(2, 'Undefined variable $user', 'APPPATH\\Views\\user\\rubah_password.php', 32)
 2 SYSTEMPATH\View\View.php(213): include('APPPATH\\Views\\user\\rubah_password.php')
 3 SYSTEMPATH\View\View.php(216): CodeIgniter\View\View->CodeIgniter\View\{closure}()
 4 SYSTEMPATH\Common.php(1142): CodeIgniter\View\View->render('/user/rubah_password', [], true)
 5 APPPATH\Controllers\Rubah_password.php(74): view('/user/rubah_password', [...])
 6 SYSTEMPATH\CodeIgniter.php(904): App\Controllers\Rubah_password->update('16')
 7 SYSTEMPATH\CodeIgniter.php(457): CodeIgniter\CodeIgniter->runController(Object(App\Controllers\Rubah_password))
 8 SYSTEMPATH\CodeIgniter.php(340): CodeIgniter\CodeIgniter->handleRequest(null, Object(Config\Cache), false)
 9 FCPATH\index.php(67): CodeIgniter\CodeIgniter->run()
10 SYSTEMPATH\Commands\Server\rewrite.php(43): require_once('FCPATH\\index.php')
CRITICAL - 2022-09-22 03:25:10 --> Undefined variable $user
in APPPATH\Views\user\rubah_password.php on line 32.
 1 APPPATH\Views\user\rubah_password.php(32): CodeIgniter\Debug\Exceptions->errorHandler(2, 'Undefined variable $user', 'APPPATH\\Views\\user\\rubah_password.php', 32)
 2 SYSTEMPATH\View\View.php(213): include('APPPATH\\Views\\user\\rubah_password.php')
 3 SYSTEMPATH\View\View.php(216): CodeIgniter\View\View->CodeIgniter\View\{closure}()
 4 SYSTEMPATH\Common.php(1142): CodeIgniter\View\View->render('/user/rubah_password', [], true)
 5 APPPATH\Controllers\Rubah_password.php(74): view('/user/rubah_password', [...])
 6 SYSTEMPATH\CodeIgniter.php(904): App\Controllers\Rubah_password->update('16')
 7 SYSTEMPATH\CodeIgniter.php(457): CodeIgniter\CodeIgniter->runController(Object(App\Controllers\Rubah_password))
 8 SYSTEMPATH\CodeIgniter.php(340): CodeIgniter\CodeIgniter->handleRequest(null, Object(Config\Cache), false)
 9 FCPATH\index.php(67): CodeIgniter\CodeIgniter->run()
10 SYSTEMPATH\Commands\Server\rewrite.php(43): require_once('FCPATH\\index.php')
CRITICAL - 2022-09-22 03:25:39 --> Undefined variable $user
in APPPATH\Views\user\rubah_password.php on line 32.
 1 APPPATH\Views\user\rubah_password.php(32): CodeIgniter\Debug\Exceptions->errorHandler(2, 'Undefined variable $user', 'APPPATH\\Views\\user\\rubah_password.php', 32)
 2 SYSTEMPATH\View\View.php(213): include('APPPATH\\Views\\user\\rubah_password.php')
 3 SYSTEMPATH\View\View.php(216): CodeIgniter\View\View->CodeIgniter\View\{closure}()
 4 SYSTEMPATH\Common.php(1142): CodeIgniter\View\View->render('/user/rubah_password', [], true)
 5 APPPATH\Controllers\Rubah_password.php(74): view('/user/rubah_password', [...])
 6 SYSTEMPATH\CodeIgniter.php(904): App\Controllers\Rubah_password->update('16')
 7 SYSTEMPATH\CodeIgniter.php(457): CodeIgniter\CodeIgniter->runController(Object(App\Controllers\Rubah_password))
 8 SYSTEMPATH\CodeIgniter.php(340): CodeIgniter\CodeIgniter->handleRequest(null, Object(Config\Cache), false)
 9 FCPATH\index.php(67): CodeIgniter\CodeIgniter->run()
10 SYSTEMPATH\Commands\Server\rewrite.php(43): require_once('FCPATH\\index.php')
CRITICAL - 2022-09-22 03:26:09 --> Undefined variable $user
in APPPATH\Views\user\rubah_password.php on line 32.
 1 APPPATH\Views\user\rubah_password.php(32): CodeIgniter\Debug\Exceptions->errorHandler(2, 'Undefined variable $user', 'APPPATH\\Views\\user\\rubah_password.php', 32)
 2 SYSTEMPATH\View\View.php(213): include('APPPATH\\Views\\user\\rubah_password.php')
 3 SYSTEMPATH\View\View.php(216): CodeIgniter\View\View->CodeIgniter\View\{closure}()
 4 SYSTEMPATH\Common.php(1142): CodeIgniter\View\View->render('/user/rubah_password', [], true)
 5 APPPATH\Controllers\Rubah_password.php(74): view('/user/rubah_password', [...])
 6 SYSTEMPATH\CodeIgniter.php(904): App\Controllers\Rubah_password->update('16')
 7 SYSTEMPATH\CodeIgniter.php(457): CodeIgniter\CodeIgniter->runController(Object(App\Controllers\Rubah_password))
 8 SYSTEMPATH\CodeIgniter.php(340): CodeIgniter\CodeIgniter->handleRequest(null, Object(Config\Cache), false)
 9 FCPATH\index.php(67): CodeIgniter\CodeIgniter->run()
10 SYSTEMPATH\Commands\Server\rewrite.php(43): require_once('FCPATH\\index.php')
CRITICAL - 2022-09-22 03:30:22 --> Undefined variable $user
in APPPATH\Views\user\rubah_password.php on line 32.
 1 APPPATH\Views\user\rubah_password.php(32): CodeIgniter\Debug\Exceptions->errorHandler(2, 'Undefined variable $user', 'APPPATH\\Views\\user\\rubah_password.php', 32)
 2 SYSTEMPATH\View\View.php(213): include('APPPATH\\Views\\user\\rubah_password.php')
 3 SYSTEMPATH\View\View.php(216): CodeIgniter\View\View->CodeIgniter\View\{closure}()
 4 SYSTEMPATH\Common.php(1142): CodeIgniter\View\View->render('/user/rubah_password', [], true)
 5 APPPATH\Controllers\Rubah_password.php(74): view('/user/rubah_password', [...])
 6 SYSTEMPATH\CodeIgniter.php(904): App\Controllers\Rubah_password->update('16')
 7 SYSTEMPATH\CodeIgniter.php(457): CodeIgniter\CodeIgniter->runController(Object(App\Controllers\Rubah_password))
 8 SYSTEMPATH\CodeIgniter.php(340): CodeIgniter\CodeIgniter->handleRequest(null, Object(Config\Cache), false)
 9 FCPATH\index.php(67): CodeIgniter\CodeIgniter->run()
10 SYSTEMPATH\Commands\Server\rewrite.php(43): require_once('FCPATH\\index.php')
CRITICAL - 2022-09-22 03:30:48 --> Undefined variable $user
in APPPATH\Views\user\rubah_password.php on line 37.
 1 APPPATH\Views\user\rubah_password.php(37): CodeIgniter\Debug\Exceptions->errorHandler(2, 'Undefined variable $user', 'APPPATH\\Views\\user\\rubah_password.php', 37)
 2 SYSTEMPATH\View\View.php(213): include('APPPATH\\Views\\user\\rubah_password.php')
 3 SYSTEMPATH\View\View.php(216): CodeIgniter\View\View->CodeIgniter\View\{closure}()
 4 SYSTEMPATH\Common.php(1142): CodeIgniter\View\View->render('/user/rubah_password', [], true)
 5 APPPATH\Controllers\Rubah_password.php(74): view('/user/rubah_password', [...])
 6 SYSTEMPATH\CodeIgniter.php(904): App\Controllers\Rubah_password->update('16')
 7 SYSTEMPATH\CodeIgniter.php(457): CodeIgniter\CodeIgniter->runController(Object(App\Controllers\Rubah_password))
 8 SYSTEMPATH\CodeIgniter.php(340): CodeIgniter\CodeIgniter->handleRequest(null, Object(Config\Cache), false)
 9 FCPATH\index.php(67): CodeIgniter\CodeIgniter->run()
10 SYSTEMPATH\Commands\Server\rewrite.php(43): require_once('FCPATH\\index.php')
CRITICAL - 2022-09-22 03:31:21 --> Undefined variable $user
in APPPATH\Views\user\rubah_password.php on line 37.
 1 APPPATH\Views\user\rubah_password.php(37): CodeIgniter\Debug\Exceptions->errorHandler(2, 'Undefined variable $user', 'APPPATH\\Views\\user\\rubah_password.php', 37)
 2 SYSTEMPATH\View\View.php(213): include('APPPATH\\Views\\user\\rubah_password.php')
 3 SYSTEMPATH\View\View.php(216): CodeIgniter\View\View->CodeIgniter\View\{closure}()
 4 SYSTEMPATH\Common.php(1142): CodeIgniter\View\View->render('/user/rubah_password', [], true)
 5 APPPATH\Controllers\Rubah_password.php(74): view('/user/rubah_password', [...])
 6 SYSTEMPATH\CodeIgniter.php(904): App\Controllers\Rubah_password->update('16')
 7 SYSTEMPATH\CodeIgniter.php(457): CodeIgniter\CodeIgniter->runController(Object(App\Controllers\Rubah_password))
 8 SYSTEMPATH\CodeIgniter.php(340): CodeIgniter\CodeIgniter->handleRequest(null, Object(Config\Cache), false)
 9 FCPATH\index.php(67): CodeIgniter\CodeIgniter->run()
10 SYSTEMPATH\Commands\Server\rewrite.php(43): require_once('FCPATH\\index.php')
CRITICAL - 2022-09-22 03:31:38 --> Undefined variable $user
in APPPATH\Views\user\rubah_password.php on line 32.
 1 APPPATH\Views\user\rubah_password.php(32): CodeIgniter\Debug\Exceptions->errorHandler(2, 'Undefined variable $user', 'APPPATH\\Views\\user\\rubah_password.php', 32)
 2 SYSTEMPATH\View\View.php(213): include('APPPATH\\Views\\user\\rubah_password.php')
 3 SYSTEMPATH\View\View.php(216): CodeIgniter\View\View->CodeIgniter\View\{closure}()
 4 SYSTEMPATH\Common.php(1142): CodeIgniter\View\View->render('/user/rubah_password', [], true)
 5 APPPATH\Controllers\Rubah_password.php(74): view('/user/rubah_password', [...])
 6 SYSTEMPATH\CodeIgniter.php(904): App\Controllers\Rubah_password->update('16')
 7 SYSTEMPATH\CodeIgniter.php(457): CodeIgniter\CodeIgniter->runController(Object(App\Controllers\Rubah_password))
 8 SYSTEMPATH\CodeIgniter.php(340): CodeIgniter\CodeIgniter->handleRequest(null, Object(Config\Cache), false)
 9 FCPATH\index.php(67): CodeIgniter\CodeIgniter->run()
10 SYSTEMPATH\Commands\Server\rewrite.php(43): require_once('FCPATH\\index.php')
CRITICAL - 2022-09-22 03:32:23 --> Undefined variable $user
in APPPATH\Views\user\rubah_password.php on line 32.
 1 APPPATH\Views\user\rubah_password.php(32): CodeIgniter\Debug\Exceptions->errorHandler(2, 'Undefined variable $user', 'APPPATH\\Views\\user\\rubah_password.php', 32)
 2 SYSTEMPATH\View\View.php(213): include('APPPATH\\Views\\user\\rubah_password.php')
 3 SYSTEMPATH\View\View.php(216): CodeIgniter\View\View->CodeIgniter\View\{closure}()
 4 SYSTEMPATH\Common.php(1142): CodeIgniter\View\View->render('/user/rubah_password', [], true)
 5 APPPATH\Controllers\Rubah_password.php(74): view('/user/rubah_password', [...])
 6 SYSTEMPATH\CodeIgniter.php(904): App\Controllers\Rubah_password->update('16')
 7 SYSTEMPATH\CodeIgniter.php(457): CodeIgniter\CodeIgniter->runController(Object(App\Controllers\Rubah_password))
 8 SYSTEMPATH\CodeIgniter.php(340): CodeIgniter\CodeIgniter->handleRequest(null, Object(Config\Cache), false)
 9 FCPATH\index.php(67): CodeIgniter\CodeIgniter->run()
10 SYSTEMPATH\Commands\Server\rewrite.php(43): require_once('FCPATH\\index.php')
CRITICAL - 2022-09-22 03:34:22 --> Undefined variable $user
in APPPATH\Views\user\rubah_password.php on line 32.
 1 APPPATH\Views\user\rubah_password.php(32): CodeIgniter\Debug\Exceptions->errorHandler(2, 'Undefined variable $user', 'APPPATH\\Views\\user\\rubah_password.php', 32)
 2 SYSTEMPATH\View\View.php(213): include('APPPATH\\Views\\user\\rubah_password.php')
 3 SYSTEMPATH\View\View.php(216): CodeIgniter\View\View->CodeIgniter\View\{closure}()
 4 SYSTEMPATH\Common.php(1142): CodeIgniter\View\View->render('/user/rubah_password', [], true)
 5 APPPATH\Controllers\Rubah_password.php(75): view('/user/rubah_password', [...])
 6 SYSTEMPATH\CodeIgniter.php(904): App\Controllers\Rubah_password->update('16')
 7 SYSTEMPATH\CodeIgniter.php(457): CodeIgniter\CodeIgniter->runController(Object(App\Controllers\Rubah_password))
 8 SYSTEMPATH\CodeIgniter.php(340): CodeIgniter\CodeIgniter->handleRequest(null, Object(Config\Cache), false)
 9 FCPATH\index.php(67): CodeIgniter\CodeIgniter->run()
10 SYSTEMPATH\Commands\Server\rewrite.php(43): require_once('FCPATH\\index.php')
CRITICAL - 2022-09-22 04:12:57 --> syntax error, unexpected identifier "helper", expecting "function" or "const"
in APPPATH\Controllers\Rubah_password.php on line 78.
 1 SYSTEMPATH\Autoloader\Autoloader.php(259): CodeIgniter\Autoloader\Autoloader->includeFile('APPPATH\\Controllers\\Rubah_password.php')
 2 SYSTEMPATH\Autoloader\Autoloader.php(237): CodeIgniter\Autoloader\Autoloader->loadInNamespace('App\\Controllers\\rubah_password')
 3 [internal function]: CodeIgniter\Autoloader\Autoloader->loadClass('App\\Controllers\\rubah_password')
 4 SYSTEMPATH\CodeIgniter.php(854): class_exists('\\App\\Controllers\\rubah_password', true)
 5 SYSTEMPATH\CodeIgniter.php(444): CodeIgniter\CodeIgniter->startController()
 6 SYSTEMPATH\CodeIgniter.php(340): CodeIgniter\CodeIgniter->handleRequest(null, Object(Config\Cache), false)
 7 FCPATH\index.php(67): CodeIgniter\CodeIgniter->run()
 8 SYSTEMPATH\Commands\Server\rewrite.php(43): require_once('FCPATH\\index.php')
CRITICAL - 2022-09-22 04:14:59 --> Invalid file: rubah_password.php
in SYSTEMPATH\Exceptions\FrameworkException.php on line 33.
 1 SYSTEMPATH\View\View.php(201): CodeIgniter\Exceptions\FrameworkException::forInvalidFile('rubah_password.php')
 2 SYSTEMPATH\Common.php(1142): CodeIgniter\View\View->render('rubah_password', [], true)
 3 APPPATH\Controllers\Rubah_password.php(110): view('rubah_password', [...])
 4 SYSTEMPATH\CodeIgniter.php(904): App\Controllers\Rubah_password->update('16')
 5 SYSTEMPATH\CodeIgniter.php(457): CodeIgniter\CodeIgniter->runController(Object(App\Controllers\Rubah_password))
 6 SYSTEMPATH\CodeIgniter.php(340): CodeIgniter\CodeIgniter->handleRequest(null, Object(Config\Cache), false)
 7 FCPATH\index.php(67): CodeIgniter\CodeIgniter->run()
 8 SYSTEMPATH\Commands\Server\rewrite.php(43): require_once('FCPATH\\index.php')
CRITICAL - 2022-09-22 04:15:17 --> Undefined variable $user
in APPPATH\Views\user\rubah_password.php on line 32.
 1 APPPATH\Views\user\rubah_password.php(32): CodeIgniter\Debug\Exceptions->errorHandler(2, 'Undefined variable $user', 'APPPATH\\Views\\user\\rubah_password.php', 32)
 2 SYSTEMPATH\View\View.php(213): include('APPPATH\\Views\\user\\rubah_password.php')
 3 SYSTEMPATH\View\View.php(216): CodeIgniter\View\View->CodeIgniter\View\{closure}()
 4 SYSTEMPATH\Common.php(1142): CodeIgniter\View\View->render('user/rubah_password', [], true)
 5 APPPATH\Controllers\Rubah_password.php(110): view('user/rubah_password', [...])
 6 SYSTEMPATH\CodeIgniter.php(904): App\Controllers\Rubah_password->update('16')
 7 SYSTEMPATH\CodeIgniter.php(457): CodeIgniter\CodeIgniter->runController(Object(App\Controllers\Rubah_password))
 8 SYSTEMPATH\CodeIgniter.php(340): CodeIgniter\CodeIgniter->handleRequest(null, Object(Config\Cache), false)
 9 FCPATH\index.php(67): CodeIgniter\CodeIgniter->run()
10 SYSTEMPATH\Commands\Server\rewrite.php(43): require_once('FCPATH\\index.php')
CRITICAL - 2022-09-22 04:16:48 --> Undefined variable $user
in APPPATH\Views\user\rubah_password.php on line 32.
 1 APPPATH\Views\user\rubah_password.php(32): CodeIgniter\Debug\Exceptions->errorHandler(2, 'Undefined variable $user', 'APPPATH\\Views\\user\\rubah_password.php', 32)
 2 SYSTEMPATH\View\View.php(213): include('APPPATH\\Views\\user\\rubah_password.php')
 3 SYSTEMPATH\View\View.php(216): CodeIgniter\View\View->CodeIgniter\View\{closure}()
 4 SYSTEMPATH\Common.php(1142): CodeIgniter\View\View->render('user/rubah_password', [], true)
 5 APPPATH\Controllers\Rubah_password.php(110): view('user/rubah_password', [...])
 6 SYSTEMPATH\CodeIgniter.php(904): App\Controllers\Rubah_password->update('16')
 7 SYSTEMPATH\CodeIgniter.php(457): CodeIgniter\CodeIgniter->runController(Object(App\Controllers\Rubah_password))
 8 SYSTEMPATH\CodeIgniter.php(340): CodeIgniter\CodeIgniter->handleRequest(null, Object(Config\Cache), false)
 9 FCPATH\index.php(67): CodeIgniter\CodeIgniter->run()
10 SYSTEMPATH\Commands\Server\rewrite.php(43): require_once('FCPATH\\index.php')
CRITICAL - 2022-09-22 04:17:03 --> Undefined variable $user
in APPPATH\Views\user\rubah_password.php on line 32.
 1 APPPATH\Views\user\rubah_password.php(32): CodeIgniter\Debug\Exceptions->errorHandler(2, 'Undefined variable $user', 'APPPATH\\Views\\user\\rubah_password.php', 32)
 2 SYSTEMPATH\View\View.php(213): include('APPPATH\\Views\\user\\rubah_password.php')
 3 SYSTEMPATH\View\View.php(216): CodeIgniter\View\View->CodeIgniter\View\{closure}()
 4 SYSTEMPATH\Common.php(1142): CodeIgniter\View\View->render('user/rubah_password', [], true)
 5 APPPATH\Controllers\Rubah_password.php(110): view('user/rubah_password', [...])
 6 SYSTEMPATH\CodeIgniter.php(904): App\Controllers\Rubah_password->update('16')
 7 SYSTEMPATH\CodeIgniter.php(457): CodeIgniter\CodeIgniter->runController(Object(App\Controllers\Rubah_password))
 8 SYSTEMPATH\CodeIgniter.php(340): CodeIgniter\CodeIgniter->handleRequest(null, Object(Config\Cache), false)
 9 FCPATH\index.php(67): CodeIgniter\CodeIgniter->run()
10 SYSTEMPATH\Commands\Server\rewrite.php(43): require_once('FCPATH\\index.php')
CRITICAL - 2022-09-22 04:17:32 --> Undefined variable $user
in APPPATH\Views\user\rubah_password.php on line 32.
 1 APPPATH\Views\user\rubah_password.php(32): CodeIgniter\Debug\Exceptions->errorHandler(2, 'Undefined variable $user', 'APPPATH\\Views\\user\\rubah_password.php', 32)
 2 SYSTEMPATH\View\View.php(213): include('APPPATH\\Views\\user\\rubah_password.php')
 3 SYSTEMPATH\View\View.php(216): CodeIgniter\View\View->CodeIgniter\View\{closure}()
 4 SYSTEMPATH\Common.php(1142): CodeIgniter\View\View->render('user/rubah_password', [], true)
 5 APPPATH\Controllers\Rubah_password.php(110): view('user/rubah_password')
 6 SYSTEMPATH\CodeIgniter.php(904): App\Controllers\Rubah_password->update('16')
 7 SYSTEMPATH\CodeIgniter.php(457): CodeIgniter\CodeIgniter->runController(Object(App\Controllers\Rubah_password))
 8 SYSTEMPATH\CodeIgniter.php(340): CodeIgniter\CodeIgniter->handleRequest(null, Object(Config\Cache), false)
 9 FCPATH\index.php(67): CodeIgniter\CodeIgniter->run()
10 SYSTEMPATH\Commands\Server\rewrite.php(43): require_once('FCPATH\\index.php')
CRITICAL - 2022-09-22 04:18:46 --> CodeIgniter\HTTP\RedirectResponse::to(): Argument #2 ($code) must be of type ?int, array given, called in D:\xampp\htdocs\ci4sbadmin704\app\Controllers\Rubah_password.php on line 74
in SYSTEMPATH\HTTP\RedirectResponse.php on line 32.
 1 APPPATH\Controllers\Rubah_password.php(74): CodeIgniter\HTTP\RedirectResponse->to('/rubah_password', [...])
 2 SYSTEMPATH\CodeIgniter.php(904): App\Controllers\Rubah_password->update('16')
 3 SYSTEMPATH\CodeIgniter.php(457): CodeIgniter\CodeIgniter->runController(Object(App\Controllers\Rubah_password))
 4 SYSTEMPATH\CodeIgniter.php(340): CodeIgniter\CodeIgniter->handleRequest(null, Object(Config\Cache), false)
 5 FCPATH\index.php(67): CodeIgniter\CodeIgniter->run()
 6 SYSTEMPATH\Commands\Server\rewrite.php(43): require_once('FCPATH\\index.php')
CRITICAL - 2022-09-22 04:20:29 --> Undefined variable $user
in APPPATH\Views\user\rubah_password.php on line 32.
 1 APPPATH\Views\user\rubah_password.php(32): CodeIgniter\Debug\Exceptions->errorHandler(2, 'Undefined variable $user', 'APPPATH\\Views\\user\\rubah_password.php', 32)
 2 SYSTEMPATH\View\View.php(213): include('APPPATH\\Views\\user\\rubah_password.php')
 3 SYSTEMPATH\View\View.php(216): CodeIgniter\View\View->CodeIgniter\View\{closure}()
 4 SYSTEMPATH\Common.php(1142): CodeIgniter\View\View->render('user/rubah_password', [], true)
 5 APPPATH\Controllers\Rubah_password.php(75): view('user/rubah_password', [...])
 6 SYSTEMPATH\CodeIgniter.php(904): App\Controllers\Rubah_password->update('16')
 7 SYSTEMPATH\CodeIgniter.php(457): CodeIgniter\CodeIgniter->runController(Object(App\Controllers\Rubah_password))
 8 SYSTEMPATH\CodeIgniter.php(340): CodeIgniter\CodeIgniter->handleRequest(null, Object(Config\Cache), false)
 9 FCPATH\index.php(67): CodeIgniter\CodeIgniter->run()
10 SYSTEMPATH\Commands\Server\rewrite.php(43): require_once('FCPATH\\index.php')
CRITICAL - 2022-09-22 04:20:45 --> Undefined variable $user
in APPPATH\Views\user\rubah_password.php on line 32.
 1 APPPATH\Views\user\rubah_password.php(32): CodeIgniter\Debug\Exceptions->errorHandler(2, 'Undefined variable $user', 'APPPATH\\Views\\user\\rubah_password.php', 32)
 2 SYSTEMPATH\View\View.php(213): include('APPPATH\\Views\\user\\rubah_password.php')
 3 SYSTEMPATH\View\View.php(216): CodeIgniter\View\View->CodeIgniter\View\{closure}()
 4 SYSTEMPATH\Common.php(1142): CodeIgniter\View\View->render('user/rubah_password', [], true)
 5 APPPATH\Controllers\Rubah_password.php(75): view('user/rubah_password', [...])
 6 SYSTEMPATH\CodeIgniter.php(904): App\Controllers\Rubah_password->update('16')
 7 SYSTEMPATH\CodeIgniter.php(457): CodeIgniter\CodeIgniter->runController(Object(App\Controllers\Rubah_password))
 8 SYSTEMPATH\CodeIgniter.php(340): CodeIgniter\CodeIgniter->handleRequest(null, Object(Config\Cache), false)
 9 FCPATH\index.php(67): CodeIgniter\CodeIgniter->run()
10 SYSTEMPATH\Commands\Server\rewrite.php(43): require_once('FCPATH\\index.php')
CRITICAL - 2022-09-22 04:21:36 --> Undefined variable $user
in APPPATH\Views\user\rubah_password.php on line 32.
 1 APPPATH\Views\user\rubah_password.php(32): CodeIgniter\Debug\Exceptions->errorHandler(2, 'Undefined variable $user', 'APPPATH\\Views\\user\\rubah_password.php', 32)
 2 SYSTEMPATH\View\View.php(213): include('APPPATH\\Views\\user\\rubah_password.php')
 3 SYSTEMPATH\View\View.php(216): CodeIgniter\View\View->CodeIgniter\View\{closure}()
 4 SYSTEMPATH\Common.php(1142): CodeIgniter\View\View->render('user/rubah_password', [], true)
 5 APPPATH\Controllers\Rubah_password.php(75): view('user/rubah_password')
 6 SYSTEMPATH\CodeIgniter.php(904): App\Controllers\Rubah_password->update('16')
 7 SYSTEMPATH\CodeIgniter.php(457): CodeIgniter\CodeIgniter->runController(Object(App\Controllers\Rubah_password))
 8 SYSTEMPATH\CodeIgniter.php(340): CodeIgniter\CodeIgniter->handleRequest(null, Object(Config\Cache), false)
 9 FCPATH\index.php(67): CodeIgniter\CodeIgniter->run()
10 SYSTEMPATH\Commands\Server\rewrite.php(43): require_once('FCPATH\\index.php')
CRITICAL - 2022-09-22 04:21:42 --> Undefined variable $user
in APPPATH\Views\user\rubah_password.php on line 32.
 1 APPPATH\Views\user\rubah_password.php(32): CodeIgniter\Debug\Exceptions->errorHandler(2, 'Undefined variable $user', 'APPPATH\\Views\\user\\rubah_password.php', 32)
 2 SYSTEMPATH\View\View.php(213): include('APPPATH\\Views\\user\\rubah_password.php')
 3 SYSTEMPATH\View\View.php(216): CodeIgniter\View\View->CodeIgniter\View\{closure}()
 4 SYSTEMPATH\Common.php(1142): CodeIgniter\View\View->render('user/rubah_password', [], true)
 5 APPPATH\Controllers\Rubah_password.php(75): view('user/rubah_password')
 6 SYSTEMPATH\CodeIgniter.php(904): App\Controllers\Rubah_password->update('16')
 7 SYSTEMPATH\CodeIgniter.php(457): CodeIgniter\CodeIgniter->runController(Object(App\Controllers\Rubah_password))
 8 SYSTEMPATH\CodeIgniter.php(340): CodeIgniter\CodeIgniter->handleRequest(null, Object(Config\Cache), false)
 9 FCPATH\index.php(67): CodeIgniter\CodeIgniter->run()
10 SYSTEMPATH\Commands\Server\rewrite.php(43): require_once('FCPATH\\index.php')
CRITICAL - 2022-09-22 04:23:48 --> Undefined variable $user
in APPPATH\Views\user\rubah_password.php on line 32.
 1 APPPATH\Views\user\rubah_password.php(32): CodeIgniter\Debug\Exceptions->errorHandler(2, 'Undefined variable $user', 'APPPATH\\Views\\user\\rubah_password.php', 32)
 2 SYSTEMPATH\View\View.php(213): include('APPPATH\\Views\\user\\rubah_password.php')
 3 SYSTEMPATH\View\View.php(216): CodeIgniter\View\View->CodeIgniter\View\{closure}()
 4 SYSTEMPATH\Common.php(1142): CodeIgniter\View\View->render('user/rubah_password', [], true)
 5 APPPATH\Controllers\Rubah_password.php(75): view('user/rubah_password', [...])
 6 SYSTEMPATH\CodeIgniter.php(904): App\Controllers\Rubah_password->update('16')
 7 SYSTEMPATH\CodeIgniter.php(457): CodeIgniter\CodeIgniter->runController(Object(App\Controllers\Rubah_password))
 8 SYSTEMPATH\CodeIgniter.php(340): CodeIgniter\CodeIgniter->handleRequest(null, Object(Config\Cache), false)
 9 FCPATH\index.php(67): CodeIgniter\CodeIgniter->run()
10 SYSTEMPATH\Commands\Server\rewrite.php(43): require_once('FCPATH\\index.php')
CRITICAL - 2022-09-22 04:24:06 --> Undefined variable $data
in APPPATH\Views\user\rubah_password.php on line 32.
 1 APPPATH\Views\user\rubah_password.php(32): CodeIgniter\Debug\Exceptions->errorHandler(2, 'Undefined variable $data', 'APPPATH\\Views\\user\\rubah_password.php', 32)
 2 SYSTEMPATH\View\View.php(213): include('APPPATH\\Views\\user\\rubah_password.php')
 3 SYSTEMPATH\View\View.php(216): CodeIgniter\View\View->CodeIgniter\View\{closure}()
 4 SYSTEMPATH\Common.php(1142): CodeIgniter\View\View->render('user/rubah_password', [], true)
 5 APPPATH\Controllers\Rubah_password.php(75): view('user/rubah_password', [...])
 6 SYSTEMPATH\CodeIgniter.php(904): App\Controllers\Rubah_password->update('16')
 7 SYSTEMPATH\CodeIgniter.php(457): CodeIgniter\CodeIgniter->runController(Object(App\Controllers\Rubah_password))
 8 SYSTEMPATH\CodeIgniter.php(340): CodeIgniter\CodeIgniter->handleRequest(null, Object(Config\Cache), false)
 9 FCPATH\index.php(67): CodeIgniter\CodeIgniter->run()
10 SYSTEMPATH\Commands\Server\rewrite.php(43): require_once('FCPATH\\index.php')
CRITICAL - 2022-09-22 04:27:14 --> Undefined variable $validation
in APPPATH\Controllers\Rubah_password.php on line 74.
 1 APPPATH\Controllers\Rubah_password.php(74): CodeIgniter\Debug\Exceptions->errorHandler(2, 'Undefined variable $validation', 'APPPATH\\Controllers\\Rubah_password.php', 74)
 2 SYSTEMPATH\CodeIgniter.php(904): App\Controllers\Rubah_password->update('16')
 3 SYSTEMPATH\CodeIgniter.php(457): CodeIgniter\CodeIgniter->runController(Object(App\Controllers\Rubah_password))
 4 SYSTEMPATH\CodeIgniter.php(340): CodeIgniter\CodeIgniter->handleRequest(null, Object(Config\Cache), false)
 5 FCPATH\index.php(67): CodeIgniter\CodeIgniter->run()
 6 SYSTEMPATH\Commands\Server\rewrite.php(43): require_once('FCPATH\\index.php')
CRITICAL - 2022-09-22 04:29:02 --> Undefined variable $validation
in APPPATH\Views\user\rubah_password.php on line 26.
 1 APPPATH\Views\user\rubah_password.php(26): CodeIgniter\Debug\Exceptions->errorHandler(2, 'Undefined variable $validation', 'APPPATH\\Views\\user\\rubah_password.php', 26)
 2 SYSTEMPATH\View\View.php(213): include('APPPATH\\Views\\user\\rubah_password.php')
 3 SYSTEMPATH\View\View.php(216): CodeIgniter\View\View->CodeIgniter\View\{closure}()
 4 SYSTEMPATH\Common.php(1142): CodeIgniter\View\View->render('/user/rubah_password', [], true)
 5 APPPATH\Controllers\Rubah_password.php(28): view('/user/rubah_password', [...])
 6 SYSTEMPATH\CodeIgniter.php(904): App\Controllers\Rubah_password->index()
 7 SYSTEMPATH\CodeIgniter.php(457): CodeIgniter\CodeIgniter->runController(Object(App\Controllers\Rubah_password))
 8 SYSTEMPATH\CodeIgniter.php(340): CodeIgniter\CodeIgniter->handleRequest(null, Object(Config\Cache), false)
 9 FCPATH\index.php(67): CodeIgniter\CodeIgniter->run()
10 SYSTEMPATH\Commands\Server\rewrite.php(43): require_once('FCPATH\\index.php')
CRITICAL - 2022-09-22 04:53:21 --> syntax error, unexpected token ";", expecting "]"
in APPPATH\Controllers\Rubah_password.php on line 55.
 1 SYSTEMPATH\Autoloader\Autoloader.php(259): CodeIgniter\Autoloader\Autoloader->includeFile('APPPATH\\Controllers\\Rubah_password.php')
 2 SYSTEMPATH\Autoloader\Autoloader.php(237): CodeIgniter\Autoloader\Autoloader->loadInNamespace('App\\Controllers\\rubah_password')
 3 [internal function]: CodeIgniter\Autoloader\Autoloader->loadClass('App\\Controllers\\rubah_password')
 4 SYSTEMPATH\CodeIgniter.php(854): class_exists('\\App\\Controllers\\rubah_password', true)
 5 SYSTEMPATH\CodeIgniter.php(444): CodeIgniter\CodeIgniter->startController()
 6 SYSTEMPATH\CodeIgniter.php(340): CodeIgniter\CodeIgniter->handleRequest(null, Object(Config\Cache), false)
 7 FCPATH\index.php(67): CodeIgniter\CodeIgniter->run()
 8 SYSTEMPATH\Commands\Server\rewrite.php(43): require_once('FCPATH\\index.php')
CRITICAL - 2022-09-22 04:54:17 --> syntax error, unexpected token ";", expecting "]"
in APPPATH\Controllers\Rubah_password.php on line 55.
 1 SYSTEMPATH\Autoloader\Autoloader.php(259): CodeIgniter\Autoloader\Autoloader->includeFile('APPPATH\\Controllers\\Rubah_password.php')
 2 SYSTEMPATH\Autoloader\Autoloader.php(237): CodeIgniter\Autoloader\Autoloader->loadInNamespace('App\\Controllers\\rubah_password')
 3 [internal function]: CodeIgniter\Autoloader\Autoloader->loadClass('App\\Controllers\\rubah_password')
 4 SYSTEMPATH\CodeIgniter.php(854): class_exists('\\App\\Controllers\\rubah_password', true)
 5 SYSTEMPATH\CodeIgniter.php(444): CodeIgniter\CodeIgniter->startController()
 6 SYSTEMPATH\CodeIgniter.php(340): CodeIgniter\CodeIgniter->handleRequest(null, Object(Config\Cache), false)
 7 FCPATH\index.php(67): CodeIgniter\CodeIgniter->run()
 8 SYSTEMPATH\Commands\Server\rewrite.php(43): require_once('FCPATH\\index.php')
CRITICAL - 2022-09-22 04:55:20 --> syntax error, unexpected token ";", expecting "]"
in APPPATH\Controllers\Rubah_password.php on line 55.
 1 SYSTEMPATH\Autoloader\Autoloader.php(259): CodeIgniter\Autoloader\Autoloader->includeFile('APPPATH\\Controllers\\Rubah_password.php')
 2 SYSTEMPATH\Autoloader\Autoloader.php(237): CodeIgniter\Autoloader\Autoloader->loadInNamespace('App\\Controllers\\rubah_password')
 3 [internal function]: CodeIgniter\Autoloader\Autoloader->loadClass('App\\Controllers\\rubah_password')
 4 SYSTEMPATH\CodeIgniter.php(854): class_exists('\\App\\Controllers\\rubah_password', true)
 5 SYSTEMPATH\CodeIgniter.php(444): CodeIgniter\CodeIgniter->startController()
 6 SYSTEMPATH\CodeIgniter.php(340): CodeIgniter\CodeIgniter->handleRequest(null, Object(Config\Cache), false)
 7 FCPATH\index.php(67): CodeIgniter\CodeIgniter->run()
 8 SYSTEMPATH\Commands\Server\rewrite.php(43): require_once('FCPATH\\index.php')
CRITICAL - 2022-09-22 04:55:43 --> Unmatched '}'
in APPPATH\Controllers\Rubah_password.php on line 131.
 1 SYSTEMPATH\Autoloader\Autoloader.php(259): CodeIgniter\Autoloader\Autoloader->includeFile('APPPATH\\Controllers\\Rubah_password.php')
 2 SYSTEMPATH\Autoloader\Autoloader.php(237): CodeIgniter\Autoloader\Autoloader->loadInNamespace('App\\Controllers\\rubah_password')
 3 [internal function]: CodeIgniter\Autoloader\Autoloader->loadClass('App\\Controllers\\rubah_password')
 4 SYSTEMPATH\CodeIgniter.php(854): class_exists('\\App\\Controllers\\rubah_password', true)
 5 SYSTEMPATH\CodeIgniter.php(444): CodeIgniter\CodeIgniter->startController()
 6 SYSTEMPATH\CodeIgniter.php(340): CodeIgniter\CodeIgniter->handleRequest(null, Object(Config\Cache), false)
 7 FCPATH\index.php(67): CodeIgniter\CodeIgniter->run()
 8 SYSTEMPATH\Commands\Server\rewrite.php(43): require_once('FCPATH\\index.php')
CRITICAL - 2022-09-22 04:57:57 --> required|min_length is not a valid rule.
in SYSTEMPATH\Validation\Validation.php on line 323.
 1 SYSTEMPATH\Validation\Validation.php(323): CodeIgniter\Validation\Exceptions\ValidationException::forRuleNotFound('required|min_length')
 2 SYSTEMPATH\Validation\Validation.php(175): CodeIgniter\Validation\Validation->processRules('0', '0', null, [...], [...])
 3 SYSTEMPATH\Controller.php(140): CodeIgniter\Validation\Validation->run()
 4 APPPATH\Controllers\Rubah_password.php(52): CodeIgniter\Controller->validate([...])
 5 SYSTEMPATH\CodeIgniter.php(904): App\Controllers\Rubah_password->update('16')
 6 SYSTEMPATH\CodeIgniter.php(457): CodeIgniter\CodeIgniter->runController(Object(App\Controllers\Rubah_password))
 7 SYSTEMPATH\CodeIgniter.php(340): CodeIgniter\CodeIgniter->handleRequest(null, Object(Config\Cache), false)
 8 FCPATH\index.php(67): CodeIgniter\CodeIgniter->run()
 9 SYSTEMPATH\Commands\Server\rewrite.php(43): require_once('FCPATH\\index.php')
CRITICAL - 2022-09-22 04:59:00 --> required|min_length is not a valid rule.
in SYSTEMPATH\Validation\Validation.php on line 323.
 1 SYSTEMPATH\Validation\Validation.php(323): CodeIgniter\Validation\Exceptions\ValidationException::forRuleNotFound('required|min_length')
 2 SYSTEMPATH\Validation\Validation.php(175): CodeIgniter\Validation\Validation->processRules('0', '0', null, [...], [...])
 3 SYSTEMPATH\Controller.php(140): CodeIgniter\Validation\Validation->run()
 4 APPPATH\Controllers\Rubah_password.php(52): CodeIgniter\Controller->validate([...])
 5 SYSTEMPATH\CodeIgniter.php(904): App\Controllers\Rubah_password->update('16')
 6 SYSTEMPATH\CodeIgniter.php(457): CodeIgniter\CodeIgniter->runController(Object(App\Controllers\Rubah_password))
 7 SYSTEMPATH\CodeIgniter.php(340): CodeIgniter\CodeIgniter->handleRequest(null, Object(Config\Cache), false)
 8 FCPATH\index.php(67): CodeIgniter\CodeIgniter->run()
 9 SYSTEMPATH\Commands\Server\rewrite.php(43): require_once('FCPATH\\index.php')
CRITICAL - 2022-09-22 04:59:21 --> required|min_length is not a valid rule.
in SYSTEMPATH\Validation\Validation.php on line 323.
 1 SYSTEMPATH\Validation\Validation.php(323): CodeIgniter\Validation\Exceptions\ValidationException::forRuleNotFound('required|min_length')
 2 SYSTEMPATH\Validation\Validation.php(175): CodeIgniter\Validation\Validation->processRules('0', '0', null, [...], [...])
 3 SYSTEMPATH\Controller.php(140): CodeIgniter\Validation\Validation->run()
 4 APPPATH\Controllers\Rubah_password.php(52): CodeIgniter\Controller->validate([...])
 5 SYSTEMPATH\CodeIgniter.php(904): App\Controllers\Rubah_password->update('16')
 6 SYSTEMPATH\CodeIgniter.php(457): CodeIgniter\CodeIgniter->runController(Object(App\Controllers\Rubah_password))
 7 SYSTEMPATH\CodeIgniter.php(340): CodeIgniter\CodeIgniter->handleRequest(null, Object(Config\Cache), false)
 8 FCPATH\index.php(67): CodeIgniter\CodeIgniter->run()
 9 SYSTEMPATH\Commands\Server\rewrite.php(43): require_once('FCPATH\\index.php')
CRITICAL - 2022-09-22 05:02:05 --> Unclosed '{' on line 9
in APPPATH\Controllers\Rubah_password.php on line 117.
 1 SYSTEMPATH\Autoloader\Autoloader.php(259): CodeIgniter\Autoloader\Autoloader->includeFile('APPPATH\\Controllers\\Rubah_password.php')
 2 SYSTEMPATH\Autoloader\Autoloader.php(237): CodeIgniter\Autoloader\Autoloader->loadInNamespace('App\\Controllers\\Rubah_password')
 3 [internal function]: CodeIgniter\Autoloader\Autoloader->loadClass('App\\Controllers\\Rubah_password')
 4 SYSTEMPATH\CodeIgniter.php(854): class_exists('\\App\\Controllers\\Rubah_password', true)
 5 SYSTEMPATH\CodeIgniter.php(444): CodeIgniter\CodeIgniter->startController()
 6 SYSTEMPATH\CodeIgniter.php(340): CodeIgniter\CodeIgniter->handleRequest(null, Object(Config\Cache), false)
 7 FCPATH\index.php(67): CodeIgniter\CodeIgniter->run()
 8 SYSTEMPATH\Commands\Server\rewrite.php(43): require_once('FCPATH\\index.php')
CRITICAL - 2022-09-22 05:02:46 --> Undefined variable $user
in APPPATH\Views\user\rubah_password.php on line 32.
 1 APPPATH\Views\user\rubah_password.php(32): CodeIgniter\Debug\Exceptions->errorHandler(2, 'Undefined variable $user', 'APPPATH\\Views\\user\\rubah_password.php', 32)
 2 SYSTEMPATH\View\View.php(213): include('APPPATH\\Views\\user\\rubah_password.php')
 3 SYSTEMPATH\View\View.php(216): CodeIgniter\View\View->CodeIgniter\View\{closure}()
 4 SYSTEMPATH\Common.php(1142): CodeIgniter\View\View->render('user/rubah_password', [], true)
 5 APPPATH\Controllers\Rubah_password.php(113): view('user/rubah_password', [...])
 6 SYSTEMPATH\CodeIgniter.php(904): App\Controllers\Rubah_password->update('16')
 7 SYSTEMPATH\CodeIgniter.php(457): CodeIgniter\CodeIgniter->runController(Object(App\Controllers\Rubah_password))
 8 SYSTEMPATH\CodeIgniter.php(340): CodeIgniter\CodeIgniter->handleRequest(null, Object(Config\Cache), false)
 9 FCPATH\index.php(67): CodeIgniter\CodeIgniter->run()
10 SYSTEMPATH\Commands\Server\rewrite.php(43): require_once('FCPATH\\index.php')
CRITICAL - 2022-09-22 05:02:56 --> Undefined variable $user
in APPPATH\Views\user\rubah_password.php on line 32.
 1 APPPATH\Views\user\rubah_password.php(32): CodeIgniter\Debug\Exceptions->errorHandler(2, 'Undefined variable $user', 'APPPATH\\Views\\user\\rubah_password.php', 32)
 2 SYSTEMPATH\View\View.php(213): include('APPPATH\\Views\\user\\rubah_password.php')
 3 SYSTEMPATH\View\View.php(216): CodeIgniter\View\View->CodeIgniter\View\{closure}()
 4 SYSTEMPATH\Common.php(1142): CodeIgniter\View\View->render('user/rubah_password', [], true)
 5 APPPATH\Controllers\Rubah_password.php(113): view('user/rubah_password', [...])
 6 SYSTEMPATH\CodeIgniter.php(904): App\Controllers\Rubah_password->update('16')
 7 SYSTEMPATH\CodeIgniter.php(457): CodeIgniter\CodeIgniter->runController(Object(App\Controllers\Rubah_password))
 8 SYSTEMPATH\CodeIgniter.php(340): CodeIgniter\CodeIgniter->handleRequest(null, Object(Config\Cache), false)
 9 FCPATH\index.php(67): CodeIgniter\CodeIgniter->run()
10 SYSTEMPATH\Commands\Server\rewrite.php(43): require_once('FCPATH\\index.php')
CRITICAL - 2022-09-22 05:03:10 --> Undefined variable $user
in APPPATH\Views\user\rubah_password.php on line 32.
 1 APPPATH\Views\user\rubah_password.php(32): CodeIgniter\Debug\Exceptions->errorHandler(2, 'Undefined variable $user', 'APPPATH\\Views\\user\\rubah_password.php', 32)
 2 SYSTEMPATH\View\View.php(213): include('APPPATH\\Views\\user\\rubah_password.php')
 3 SYSTEMPATH\View\View.php(216): CodeIgniter\View\View->CodeIgniter\View\{closure}()
 4 SYSTEMPATH\Common.php(1142): CodeIgniter\View\View->render('user/rubah_password', [], true)
 5 APPPATH\Controllers\Rubah_password.php(113): view('user/rubah_password', [...])
 6 SYSTEMPATH\CodeIgniter.php(904): App\Controllers\Rubah_password->update('16')
 7 SYSTEMPATH\CodeIgniter.php(457): CodeIgniter\CodeIgniter->runController(Object(App\Controllers\Rubah_password))
 8 SYSTEMPATH\CodeIgniter.php(340): CodeIgniter\CodeIgniter->handleRequest(null, Object(Config\Cache), false)
 9 FCPATH\index.php(67): CodeIgniter\CodeIgniter->run()
10 SYSTEMPATH\Commands\Server\rewrite.php(43): require_once('FCPATH\\index.php')
CRITICAL - 2022-09-22 05:15:53 --> Unclosed '{' on line 9
in APPPATH\Controllers\Rubah_password.php on line 121.
 1 SYSTEMPATH\Autoloader\Autoloader.php(259): CodeIgniter\Autoloader\Autoloader->includeFile('APPPATH\\Controllers\\Rubah_password.php')
 2 SYSTEMPATH\Autoloader\Autoloader.php(237): CodeIgniter\Autoloader\Autoloader->loadInNamespace('App\\Controllers\\rubah_password')
 3 [internal function]: CodeIgniter\Autoloader\Autoloader->loadClass('App\\Controllers\\rubah_password')
 4 SYSTEMPATH\CodeIgniter.php(854): class_exists('\\App\\Controllers\\rubah_password', true)
 5 SYSTEMPATH\CodeIgniter.php(444): CodeIgniter\CodeIgniter->startController()
 6 SYSTEMPATH\CodeIgniter.php(340): CodeIgniter\CodeIgniter->handleRequest(null, Object(Config\Cache), false)
 7 FCPATH\index.php(67): CodeIgniter\CodeIgniter->run()
 8 SYSTEMPATH\Commands\Server\rewrite.php(43): require_once('FCPATH\\index.php')
CRITICAL - 2022-09-22 05:22:18 --> Undefined array key "[password"
in APPPATH\Controllers\Rubah_password.php on line 61.
 1 APPPATH\Controllers\Rubah_password.php(61): CodeIgniter\Debug\Exceptions->errorHandler(2, 'Undefined array key "[password"', 'APPPATH\\Controllers\\Rubah_password.php', 61)
 2 SYSTEMPATH\CodeIgniter.php(904): App\Controllers\Rubah_password->update('16')
 3 SYSTEMPATH\CodeIgniter.php(457): CodeIgniter\CodeIgniter->runController(Object(App\Controllers\Rubah_password))
 4 SYSTEMPATH\CodeIgniter.php(340): CodeIgniter\CodeIgniter->handleRequest(null, Object(Config\Cache), false)
 5 FCPATH\index.php(67): CodeIgniter\CodeIgniter->run()
 6 SYSTEMPATH\Commands\Server\rewrite.php(43): require_once('FCPATH\\index.php')
CRITICAL - 2022-09-22 05:29:51 --> Invalid file: rubah_password.php
in SYSTEMPATH\Exceptions\FrameworkException.php on line 33.
 1 SYSTEMPATH\View\View.php(201): CodeIgniter\Exceptions\FrameworkException::forInvalidFile('rubah_password.php')
 2 SYSTEMPATH\Common.php(1142): CodeIgniter\View\View->render('rubah_password', [], true)
 3 APPPATH\Controllers\Rubah_password.php(69): view('rubah_password', [...])
 4 SYSTEMPATH\CodeIgniter.php(904): App\Controllers\Rubah_password->update('16')
 5 SYSTEMPATH\CodeIgniter.php(457): CodeIgniter\CodeIgniter->runController(Object(App\Controllers\Rubah_password))
 6 SYSTEMPATH\CodeIgniter.php(340): CodeIgniter\CodeIgniter->handleRequest(null, Object(Config\Cache), false)
 7 FCPATH\index.php(67): CodeIgniter\CodeIgniter->run()
 8 SYSTEMPATH\Commands\Server\rewrite.php(43): require_once('FCPATH\\index.php')
CRITICAL - 2022-09-22 05:30:04 --> Undefined variable $user
in APPPATH\Views\user\rubah_password.php on line 32.
 1 APPPATH\Views\user\rubah_password.php(32): CodeIgniter\Debug\Exceptions->errorHandler(2, 'Undefined variable $user', 'APPPATH\\Views\\user\\rubah_password.php', 32)
 2 SYSTEMPATH\View\View.php(213): include('APPPATH\\Views\\user\\rubah_password.php')
 3 SYSTEMPATH\View\View.php(216): CodeIgniter\View\View->CodeIgniter\View\{closure}()
 4 SYSTEMPATH\Common.php(1142): CodeIgniter\View\View->render('user/rubah_password', [], true)
 5 APPPATH\Controllers\Rubah_password.php(69): view('user/rubah_password', [...])
 6 SYSTEMPATH\CodeIgniter.php(904): App\Controllers\Rubah_password->update('16')
 7 SYSTEMPATH\CodeIgniter.php(457): CodeIgniter\CodeIgniter->runController(Object(App\Controllers\Rubah_password))
 8 SYSTEMPATH\CodeIgniter.php(340): CodeIgniter\CodeIgniter->handleRequest(null, Object(Config\Cache), false)
 9 FCPATH\index.php(67): CodeIgniter\CodeIgniter->run()
10 SYSTEMPATH\Commands\Server\rewrite.php(43): require_once('FCPATH\\index.php')
CRITICAL - 2022-09-22 05:31:30 --> Invalid file: /rubah_password.php
in SYSTEMPATH\Exceptions\FrameworkException.php on line 33.
 1 SYSTEMPATH\View\View.php(201): CodeIgniter\Exceptions\FrameworkException::forInvalidFile('/rubah_password.php')
 2 SYSTEMPATH\Common.php(1142): CodeIgniter\View\View->render('/rubah_password', [], true)
 3 APPPATH\Controllers\Rubah_password.php(69): view('/rubah_password', [...])
 4 SYSTEMPATH\CodeIgniter.php(904): App\Controllers\Rubah_password->update('16')
 5 SYSTEMPATH\CodeIgniter.php(457): CodeIgniter\CodeIgniter->runController(Object(App\Controllers\Rubah_password))
 6 SYSTEMPATH\CodeIgniter.php(340): CodeIgniter\CodeIgniter->handleRequest(null, Object(Config\Cache), false)
 7 FCPATH\index.php(67): CodeIgniter\CodeIgniter->run()
 8 SYSTEMPATH\Commands\Server\rewrite.php(43): require_once('FCPATH\\index.php')
CRITICAL - 2022-09-22 05:32:07 --> syntax error, unexpected token "(", expecting identifier or variable or "{" or "$"
in APPPATH\Controllers\Rubah_password.php on line 69.
 1 SYSTEMPATH\Autoloader\Autoloader.php(259): CodeIgniter\Autoloader\Autoloader->includeFile('APPPATH\\Controllers\\Rubah_password.php')
 2 SYSTEMPATH\Autoloader\Autoloader.php(237): CodeIgniter\Autoloader\Autoloader->loadInNamespace('App\\Controllers\\Rubah_password')
 3 [internal function]: CodeIgniter\Autoloader\Autoloader->loadClass('App\\Controllers\\Rubah_password')
 4 SYSTEMPATH\CodeIgniter.php(854): class_exists('\\App\\Controllers\\Rubah_password', true)
 5 SYSTEMPATH\CodeIgniter.php(444): CodeIgniter\CodeIgniter->startController()
 6 SYSTEMPATH\CodeIgniter.php(340): CodeIgniter\CodeIgniter->handleRequest(null, Object(Config\Cache), false)
 7 FCPATH\index.php(67): CodeIgniter\CodeIgniter->run()
 8 SYSTEMPATH\Commands\Server\rewrite.php(43): require_once('FCPATH\\index.php')
CRITICAL - 2022-09-22 05:42:25 --> Array to string conversion
in APPPATH\Controllers\Rubah_password.php on line 62.
 1 APPPATH\Controllers\Rubah_password.php(62): CodeIgniter\Debug\Exceptions->errorHandler(2, 'Array to string conversion', 'APPPATH\\Controllers\\Rubah_password.php', 62)
 2 SYSTEMPATH\CodeIgniter.php(904): App\Controllers\Rubah_password->update('16')
 3 SYSTEMPATH\CodeIgniter.php(457): CodeIgniter\CodeIgniter->runController(Object(App\Controllers\Rubah_password))
 4 SYSTEMPATH\CodeIgniter.php(340): CodeIgniter\CodeIgniter->handleRequest(null, Object(Config\Cache), false)
 5 FCPATH\index.php(67): CodeIgniter\CodeIgniter->run()
 6 SYSTEMPATH\Commands\Server\rewrite.php(43): require_once('FCPATH\\index.php')
CRITICAL - 2022-09-22 05:43:41 --> Call to undefined function App\Controllers\len()
in APPPATH\Controllers\Rubah_password.php on line 62.
 1 SYSTEMPATH\CodeIgniter.php(904): App\Controllers\Rubah_password->update('16')
 2 SYSTEMPATH\CodeIgniter.php(457): CodeIgniter\CodeIgniter->runController(Object(App\Controllers\Rubah_password))
 3 SYSTEMPATH\CodeIgniter.php(340): CodeIgniter\CodeIgniter->handleRequest(null, Object(Config\Cache), false)
 4 FCPATH\index.php(67): CodeIgniter\CodeIgniter->run()
 5 SYSTEMPATH\Commands\Server\rewrite.php(43): require_once('FCPATH\\index.php')
CRITICAL - 2022-09-22 23:24:38 --> Call to undefined function old_value()
in APPPATH\Views\login.php on line 36.
 1 SYSTEMPATH\View\View.php(213): include()
 2 SYSTEMPATH\View\View.php(216): CodeIgniter\View\View->CodeIgniter\View\{closure}()
 3 SYSTEMPATH\Common.php(1142): CodeIgniter\View\View->render('login', [], true)
 4 APPPATH\Controllers\Login.php(13): view('login')
 5 SYSTEMPATH\CodeIgniter.php(904): App\Controllers\Login->index()
 6 SYSTEMPATH\CodeIgniter.php(457): CodeIgniter\CodeIgniter->runController(Object(App\Controllers\Login))
 7 SYSTEMPATH\CodeIgniter.php(340): CodeIgniter\CodeIgniter->handleRequest(null, Object(Config\Cache), false)
 8 FCPATH\index.php(67): CodeIgniter\CodeIgniter->run()
 9 SYSTEMPATH\Commands\Server\rewrite.php(43): require_once('FCPATH\\index.php')
