CRITICAL - 2022-11-23 11:54:39 --> Unmatched '}'
in APPPATH\Views\wo\tambahestimasi.php on line 282.
 1 SYSTEMPATH\View\View.php(216): CodeIgniter\View\View->CodeIgniter\View\{closure}()
 2 SYSTEMPATH\Common.php(1142): CodeIgniter\View\View->render('wo/tambahestimasi', [], true)
 3 APPPATH\Controllers\Wo.php(137): view('wo/tambahestimasi', [...])
 4 SYSTEMPATH\CodeIgniter.php(904): App\Controllers\Wo->tambahestimasi()
 5 SYSTEMPATH\CodeIgniter.php(457): CodeIgniter\CodeIgniter->runController(Object(App\Controllers\Wo))
 6 SYSTEMPATH\CodeIgniter.php(340): CodeIgniter\CodeIgniter->handleRequest(null, Object(Config\Cache), false)
 7 FCPATH\index.php(67): CodeIgniter\CodeIgniter->run()
 8 SYSTEMPATH\Commands\Server\rewrite.php(43): require_once('FCPATH\\index.php')
CRITICAL - 2022-11-23 11:54:40 --> Unmatched '}'
in APPPATH\Views\wo\tambahestimasi.php on line 282.
 1 SYSTEMPATH\View\View.php(216): CodeIgniter\View\View->CodeIgniter\View\{closure}()
 2 SYSTEMPATH\Common.php(1142): CodeIgniter\View\View->render('wo/tambahestimasi', [], true)
 3 APPPATH\Controllers\Wo.php(137): view('wo/tambahestimasi', [...])
 4 SYSTEMPATH\CodeIgniter.php(904): App\Controllers\Wo->tambahestimasi()
 5 SYSTEMPATH\CodeIgniter.php(457): CodeIgniter\CodeIgniter->runController(Object(App\Controllers\Wo))
 6 SYSTEMPATH\CodeIgniter.php(340): CodeIgniter\CodeIgniter->handleRequest(null, Object(Config\Cache), false)
 7 FCPATH\index.php(67): CodeIgniter\CodeIgniter->run()
 8 SYSTEMPATH\Commands\Server\rewrite.php(43): require_once('FCPATH\\index.php')
CRITICAL - 2022-11-23 11:54:45 --> Unmatched '}'
in APPPATH\Views\wo\tambahestimasi.php on line 282.
 1 SYSTEMPATH\View\View.php(216): CodeIgniter\View\View->CodeIgniter\View\{closure}()
 2 SYSTEMPATH\Common.php(1142): CodeIgniter\View\View->render('wo/tambahestimasi', [], true)
 3 APPPATH\Controllers\Wo.php(155): view('wo/tambahestimasi', [...])
 4 SYSTEMPATH\CodeIgniter.php(904): App\Controllers\Wo->tambahwo()
 5 SYSTEMPATH\CodeIgniter.php(457): CodeIgniter\CodeIgniter->runController(Object(App\Controllers\Wo))
 6 SYSTEMPATH\CodeIgniter.php(340): CodeIgniter\CodeIgniter->handleRequest(null, Object(Config\Cache), false)
 7 FCPATH\index.php(67): CodeIgniter\CodeIgniter->run()
 8 SYSTEMPATH\Commands\Server\rewrite.php(43): require_once('FCPATH\\index.php')
CRITICAL - 2022-11-23 16:27:49 --> Undefined variable $kode
in APPPATH\Controllers\Rwtkeluarga.php on line 394.
 1 APPPATH\Controllers\Rwtkeluarga.php(394): CodeIgniter\Debug\Exceptions->errorHandler(2, 'Undefined variable $kode', 'APPPATH\\Controllers\\Rwtkeluarga.php', 394)
 2 SYSTEMPATH\CodeIgniter.php(904): App\Controllers\Rwtkeluarga->simpandatabanyak()
 3 SYSTEMPATH\CodeIgniter.php(457): CodeIgniter\CodeIgniter->runController(Object(App\Controllers\Rwtkeluarga))
 4 SYSTEMPATH\CodeIgniter.php(340): CodeIgniter\CodeIgniter->handleRequest(null, Object(Config\Cache), false)
 5 FCPATH\index.php(67): CodeIgniter\CodeIgniter->run()
 6 SYSTEMPATH\Commands\Server\rewrite.php(43): require_once('FCPATH\\index.php')
CRITICAL - 2022-11-23 16:34:33 --> count(): Argument #1 ($value) must be of type Countable|array, null given
in APPPATH\Controllers\Rwtkeluarga.php on line 394.
 1 APPPATH\Controllers\Rwtkeluarga.php(394): count(null)
 2 SYSTEMPATH\CodeIgniter.php(904): App\Controllers\Rwtkeluarga->simpandatabanyak()
 3 SYSTEMPATH\CodeIgniter.php(457): CodeIgniter\CodeIgniter->runController(Object(App\Controllers\Rwtkeluarga))
 4 SYSTEMPATH\CodeIgniter.php(340): CodeIgniter\CodeIgniter->handleRequest(null, Object(Config\Cache), false)
 5 FCPATH\index.php(67): CodeIgniter\CodeIgniter->run()
 6 SYSTEMPATH\Commands\Server\rewrite.php(43): require_once('FCPATH\\index.php')
